id freq nodes cores pkg-clamp-0 pkg-clamp-1 dram-clamp-0 dram-clamp-1 avg-time avg-pkg-0 avg-pp0-0 avg-dram-0 avg-pkg-1 avg-pp0-1 avg-dram-1 tot-pkg-0 tot-pp0-0 tot-dram-0 tot-pkg-1 tot-pp0-1 tot-dram-1
2012_04_20_23_00_14_231826894  2600.000 32 128 51.000000 51.000000 0.000000 0.000000 83.54039 49.362154375 34.7148315 12.46261225 17.246896 4.075203 2.766208625 394.897235 277.718652 99.700898 137.975168 32.601624 22.129669
2012_04_20_23_01_45_968648234  2600.000 32 256 51.000000 51.000000 0.000000 0.000000 69.0090468125 50.79303675 35.5606316875 14.843567125 17.3052209375 4.133430875 4.571727 812.688588 568.970107 237.497074 276.883535 66.134894 73.147632
2012_04_20_23_03_02_417625800  2600.000 32 512 51.000000 51.000000 0.000000 0.000000 43.24346678125 50.7426533125 35.6170355625 13.68333496875 50.74101815625 35.5989754375 13.69102271875 1623.764906 1139.745138 437.866719 1623.712581 1139.167214 438.112727
2012_04_20_23_03_53_324603861  2600.000 32 128 65.000000 65.000000 0.000000 0.000000 82.854875625 49.771268 35.102079375 12.598083625 17.45994975 4.284431375 2.48757975 398.170144 280.816635 100.784669 139.679598 34.275451 19.900638
2012_04_20_23_05_22_609790685  2600.000 32 256 65.000000 65.000000 0.000000 0.000000 62.578220625 64.6471595 49.179297375 15.581262125 17.408531875 4.2335329375 4.624128875 1034.354552 786.868758 249.300194 278.53651 67.736527 73.986062
2012_04_20_23_06_31_514531109  2600.000 32 512 65.000000 65.000000 0.000000 0.000000 38.9443115 64.54420665625 49.1779855 14.33460296875 64.53589575 49.16972909375 14.33627228125 2065.414613 1573.695536 458.707295 2065.148664 1573.431331 458.760713
2012_04_20_23_07_21_217026389  2600.000 32 128 80.000000 80.000000 0.000000 0.000000 82.734626375 49.798094375 35.1192285 12.643284375 17.39139175 4.21461175 2.454283375 398.384755 280.953828 101.146275 139.131134 33.716894 19.634267
2012_04_20_23_08_51_296511924  2600.000 32 256 80.000000 80.000000 0.000000 0.000000 59.0156669375 75.1063705 59.4872113125 16.1183213125 17.40464625 4.2274561875 4.592719875 1201.701928 951.795381 257.893141 278.47434 67.639299 73.483518
2012_04_20_23_09_57_711709316  2600.000 32 512 80.000000 80.000000 0.000000 0.000000 36.77985503125 73.80060878125 58.2901179375 14.68917709375 73.02303778125 57.52213871875 14.730500375 2361.619481 1865.283774 470.053667 2336.737209 1840.708439 471.376012
2012_04_20_23_10_42_688179908  2600.000 32 128 95.000000 95.000000 0.000000 0.000000 82.79080275 49.863785875 35.1782565 12.627946 17.34092675 4.16274825 2.528069875 398.910287 281.426052 101.023568 138.727414 33.301986 20.224559
2012_04_20_23_12_12_236231021  2600.000 32 256 95.000000 95.000000 0.000000 0.000000 59.147511375 75.1591886875 59.539682 16.11602975 17.3561775 4.1775565625 4.58999975 1202.547019 952.634912 257.856476 277.69884 66.840905 73.439996
2012_04_20_23_13_18_028082343  2600.000 32 512 95.000000 95.000000 0.000000 0.000000 36.806117 73.85818684375 58.34772684375 14.69401046875 73.07965946875 57.5786276875 14.7304956875 2363.461979 1867.127259 470.208335 2338.549103 1842.516086 471.375862
2012_04_24_18_00_45_637434980  2600.000 16 64 51.000000 51.000000 0.000000 0.000000 161.899707 49.6790225 34.92661525 11.88875775 17.07433525 3.90965175 2.7017765 198.71609 139.706461 47.555031 68.297341 15.638607 10.807106
2012_04_24_18_03_35_897380308  2600.000 16 128 51.000000 51.000000 0.000000 0.000000 114.29952175 50.8202595 35.274659875 15.530722375 17.20058725 4.024430375 4.527262625 406.562076 282.197279 124.245779 137.604698 32.195443 36.218101
2012_04_24_18_05_37_371168211  2600.000 16 256 51.000000 51.000000 0.000000 0.000000 71.33570825 50.79198325 35.4166524375 14.5619394375 50.7921603125 35.4558574375 14.6824575625 812.671732 566.666439 232.991031 812.674565 567.293719 234.919321
2012_04_24_18_06_55_686208324  2600.000 16 64 65.000000 65.000000 0.000000 0.000000 161.63297275 49.88577475 35.1291365 11.900465 17.09036225 3.91941675 2.41344275 199.543099 140.516546 47.60186 68.361449 15.677667 9.653771
2012_04_24_18_09_43_373217998  2600.000 16 128 65.000000 65.000000 0.000000 0.000000 102.5491135 64.672667 48.847361125 16.54340425 17.201971125 4.022075625 4.518034125 517.381336 390.778889 132.347234 137.615769 32.176605 36.144273
2012_04_24_18_11_33_250118226  2600.000 16 256 65.000000 65.000000 0.000000 0.000000 63.6551368125 64.6263445 48.9669070625 15.4264869375 64.6241746875 49.006770375 15.522380625 1034.021512 783.470513 246.823791 1033.986795 784.108326 248.35809
2012_04_24_18_12_43_699182385  2600.000 16 64 80.000000 80.000000 0.000000 0.000000 161.75358525 49.99347825 35.229577 11.8645515 17.1995975 4.02395475 2.2902725 199.973913 140.918308 47.458206 68.79839 16.095819 9.16109
2012_04_24_18_15_31_208036414  2600.000 16 128 80.000000 80.000000 0.000000 0.000000 96.13085025 75.428244375 59.40705975 17.130109 17.173373875 3.98959275 4.430291375 603.425955 475.256478 137.040872 137.386991 31.916742 35.442331
2012_04_24_18_17_14_018502538  2600.000 16 256 80.000000 80.000000 0.000000 0.000000 59.605828875 74.9171203125 59.0638428125 16.0211523125 74.50239975 58.713082875 16.107200375 1198.673925 945.021485 256.338437 1192.038396 939.409326 257.715206
2012_04_24_18_18_20_707524790  2600.000 16 64 95.000000 95.000000 0.000000 0.000000 161.6658735 50.06519475 35.294718 11.9808405 17.28559675 4.10834875 2.404992 200.260779 141.178872 47.923362 69.142387 16.433395 9.619968
2012_04_24_18_21_08_797740620  2600.000 16 128 95.000000 95.000000 0.000000 0.000000 96.00878 75.448889125 59.42637225 17.116992375 17.177048 3.98979375 4.424065 603.591113 475.410978 136.935939 137.416384 31.91835 35.39252
2012_04_24_18_22_52_179784763  2600.000 16 256 95.000000 95.000000 0.000000 0.000000 59.42353475 74.9261201875 59.067358875 16.04887775 74.5086428125 58.71085975 16.1487914375 1198.817923 945.077742 256.782044 1192.138285 939.373756 258.380663
2012_04_24_18_37_18_349312888  2600.000 8 32 51.000000 51.000000 0.000000 0.000000 297.3040495 49.570175 34.81248 12.15221 17.2776775 4.040269 2.1805565 99.14035 69.62496 24.30442 34.555355 8.080538 4.361113
2012_04_24_18_42_22_617503078  2600.000 8 64 51.000000 51.000000 0.000000 0.000000 242.39341275 50.84001325 34.977204 16.939997 17.204835 4.0215725 4.879232 203.360053 139.908816 67.759988 68.81934 16.08629 19.516928
2012_04_24_18_46_30_906466333  2600.000 8 128 51.000000 51.000000 0.000000 0.000000 116.75826 50.821823625 35.22069725 15.213691875 50.822659 35.28453625 15.544733 406.574589 281.765578 121.709535 406.581272 282.27629 124.357864
2012_04_24_18_48_34_384547646  2600.000 8 32 65.000000 65.000000 0.000000 0.000000 295.952814 49.709389 34.9365565 12.2407735 17.264428 4.0296725 2.2700545 99.418778 69.873113 24.481547 34.528856 8.059345 4.540109
2012_04_24_18_53_36_265559726  2600.000 8 64 65.000000 65.000000 0.000000 0.000000 216.673599 64.687065 48.49203225 17.70079275 17.34054975 4.15526225 4.85658075 258.74826 193.968129 70.803171 69.362199 16.621049 19.426323
2012_04_24_18_57_15_362719060  2600.000 4 16 51.000000 51.000000 0.000000 0.000000 627.681424 49.526118 34.60441 11.501222 17.033947 3.766933 3.926779 49.526118 34.60441 11.501222 17.033947 3.766933 3.926779
2012_04_24_18_57_17_884465814  2600.000 8 128 65.000000 65.000000 0.000000 0.000000 102.751354125 64.669935125 48.718987375 16.286301 64.6669645 48.796111625 16.647245625 517.359481 389.751899 130.290408 517.335716 390.368893 133.177965
2012_04_24_18_59_07_291965437  2600.000 8 32 80.000000 80.000000 0.000000 0.000000 296.071576 49.74072 34.9722625 12.2513105 17.276784 4.0431645 2.191148 99.48144 69.944525 24.502621 34.553568 8.086329 4.382296
2012_04_24_19_04_09_913495908  2600.000 8 64 80.000000 80.000000 0.000000 0.000000 204.6333205 75.261215 58.86669475 18.757332 17.254324 4.0693665 4.87505525 301.04486 235.466779 75.029328 69.017296 16.277466 19.500221
2012_04_24_19_07_39_668178897  2600.000 8 128 80.000000 80.000000 0.000000 0.000000 95.201785375 75.939887875 59.74641125 17.135287375 75.533676875 59.429753375 17.44753375 607.519103 477.97129 137.082299 604.269415 475.438027 139.58027
2012_04_24_19_07_50_276369566  2600.000 4 32 51.000000 51.000000 0.000000 0.000000 442.996957 50.8531015 34.956209 16.405326 17.0163705 3.745849 4.3348065 101.706203 69.912418 32.810652 34.032741 7.491698 8.669613
2012_04_24_19_09_21_837868214  2600.000 8 32 95.000000 95.000000 0.000000 0.000000 296.526019 49.752198 34.984604 12.295737 17.195637 3.9621545 2.2091335 99.504396 69.969208 24.591474 34.391274 7.924309 4.418267
2012_04_24_19_14_24_403431055  2600.000 8 64 95.000000 95.000000 0.000000 0.000000 205.025655 75.210453 58.8429965 18.73593 17.204086 4.023101 4.88157525 300.841812 235.371986 74.94372 68.816344 16.092404 19.526301
2012_04_24_19_15_19_285732360  2600.000 4 64 51.000000 51.000000 0.000000 0.000000 254.78397325 50.845931 34.984502 16.23725275 50.845943 35.03103175 15.99932075 203.383724 139.938008 64.949011 203.383772 140.124127 63.997283
2012_04_24_19_17_54_285175184  2600.000 8 128 95.000000 95.000000 0.000000 0.000000 95.411229375 75.966652375 59.780384125 17.112792375 75.52746075 59.43245425 17.416765375 607.733219 478.243073 136.902339 604.219686 475.459634 139.334123
2012_04_24_19_19_40_826047580  2600.000 4 16 65.000000 65.000000 0.000000 0.000000 627.379451 49.649518 34.712124 11.544762 17.124039 3.851273 4.445277 49.649518 34.712124 11.544762 17.124039 3.851273 4.445277
2012_04_24_19_30_13_697317223  2600.000 4 32 65.000000 65.000000 0.000000 0.000000 390.563392 64.7030285 48.446256 17.960151 16.9761095 3.7111605 4.3200555 129.406057 96.892512 35.920302 33.952219 7.422321 8.640111
2012_04_24_19_36_49_150075578  2600.000 4 64 65.000000 65.000000 0.000000 0.000000 223.9299225 64.696269 48.45375075 17.3695025 64.694393 48.47326275 17.557845 258.785076 193.815003 69.47801 258.777572 193.893051 70.23138
2012_04_24_19_41_38_975048866  2600.000 4 16 80.000000 80.000000 0.000000 0.000000 628.926559 49.610887 34.670641 11.724061 17.053696 3.782488 4.067541 49.610887 34.670641 11.724061 17.053696 3.782488 4.067541
2012_04_24_19_52_13_442919383  2600.000 4 32 80.000000 80.000000 0.000000 0.000000 364.0625215 76.4985255 60.0518065 18.4832585 17.03931 3.7591105 4.356254 152.997051 120.103613 36.966517 34.07862 7.518221 8.712508
2012_04_24_19_58_22_825723460  2600.000 4 64 80.000000 80.000000 0.000000 0.000000 206.80821825 77.2969075 60.7930165 18.22563925 76.22021525 59.745373 18.20629625 309.18763 243.172066 72.902557 304.880861 238.981492 72.825185
2012_04_24_20_01_55_365568466  2600.000 4 16 95.000000 95.000000 0.000000 0.000000 627.480964 49.637073 34.700709 11.655828 17.171413 3.902111 3.90757 49.637073 34.700709 11.655828 17.171413 3.902111 3.90757
2012_04_24_20_12_28_324870466  2600.000 4 32 95.000000 95.000000 0.000000 0.000000 367.193784 76.4538705 60.0046555 18.336028 17.079633 3.801743 4.34702 152.907741 120.009311 36.672056 34.159266 7.603486 8.69404
2012_04_24_20_18_40_834534126  2600.000 4 64 95.000000 95.000000 0.000000 0.000000 212.28169525 76.9869385 60.569125 17.9267195 75.98361925 59.55771 18.08245325 307.947754 242.2765 71.706878 303.934477 238.23084 72.329813
