id freq nodes cores pkg-clamp-0 pkg-clamp-1 dram-clamp-0 dram-clamp-1 avg-time avg-pkg-0 avg-pp0-0 avg-dram-0 avg-pkg-1 avg-pp0-1 avg-dram-1 tot-pkg-0 tot-pp0-0 tot-dram-0 tot-pkg-1 tot-pp0-1 tot-dram-1
2012_04_20_22_07_03_186264563  2600.000 16 64 51.000000 51.000000 0.000000 0.000000 170.7264635 49.95583225 35.64959575 10.2495045 17.57872075 4.41938275 3.0693115 199.823329 142.598383 40.998018 70.314883 17.677531 12.277246
2012_04_20_22_10_00_237328797  2600.000 16 128 51.000000 51.000000 0.000000 0.000000 130.017369125 50.84410775 36.212506 11.5273755 17.295068375 4.1354855 3.325016 406.752862 289.700048 92.219004 138.360547 33.083884 26.600128
2012_04_20_22_12_16_768190999  2600.000 16 256 51.000000 51.000000 0.000000 0.000000 76.794925875 50.808255 36.312940875 10.4866019375 50.8065528125 36.3776641875 10.0092818125 812.93208 581.007054 167.785631 812.904845 582.042627 160.148509
2012_04_20_22_13_40_512752131  2600.000 16 64 65.000000 65.000000 0.000000 0.000000 164.36064575 52.50747775 38.146534 10.33486925 17.511465 4.34910925 3.098303 210.029911 152.586136 41.339477 70.04586 17.396437 12.393212
2012_04_20_22_16_30_612223513  2600.000 16 128 65.000000 65.000000 0.000000 0.000000 113.5485065 64.677129125 49.813887625 12.333435 17.290226 4.12857 3.32347025 517.417033 398.511101 98.66748 138.321808 33.02856 26.587762
2012_04_20_22_18_30_597193971  2600.000 16 256 65.000000 65.000000 0.000000 0.000000 67.9399185 64.614726125 49.9251629375 10.9875419375 64.575129 49.9825966875 10.4738155 1033.835618 798.802607 175.800671 1033.202064 799.721547 167.581048
2012_04_20_22_19_45_603380168  2600.000 16 64 80.000000 80.000000 0.000000 0.000000 164.150888 52.53426025 38.166147 10.33033925 17.48857325 4.32528225 3.08340725 210.137041 152.664588 41.321357 69.954293 17.301129 12.333629
2012_04_20_22_22_35_467739376  2600.000 16 128 80.000000 80.000000 0.000000 0.000000 103.627386875 76.681477375 61.644939125 12.79840525 17.3855755 4.221894875 3.371211875 613.451819 493.159513 102.387242 139.084604 33.775159 26.969695
2012_04_20_22_24_25_584220673  2600.000 16 256 80.000000 80.000000 0.000000 0.000000 62.3815041875 75.105541 60.27246975 11.3958198125 74.382826625 59.6539926875 10.8175548125 1201.688656 964.359516 182.333117 1190.125226 954.463883 173.080877
2012_04_20_22_25_34_759203782  2600.000 16 64 95.000000 95.000000 0.000000 0.000000 164.48566325 52.5546305 38.18346025 10.31278675 17.48626775 4.3223405 3.0812615 210.218522 152.733841 41.251147 69.945071 17.289362 12.325046
2012_04_20_22_28_24_922892098  2600.000 16 128 95.000000 95.000000 0.000000 0.000000 100.70617125 79.6503075 64.55897825 12.88319225 17.411280875 4.246982875 3.555022125 637.20246 516.471826 103.065538 139.290247 33.975863 28.440177
2012_04_20_22_30_12_115911631  2600.000 16 256 95.000000 95.000000 0.000000 0.000000 60.727900375 77.458386625 62.5775086875 11.5222053125 76.4089036875 61.6402809375 10.9551105 1239.334186 1001.240139 184.355285 1222.542459 986.244495 175.281768
2012_04_21_00_21_19_122149253  2600.000 32 128 51.000000 51.000000 0.000000 0.000000 86.70116475 49.944249875 35.675453625 9.320732125 17.163859 4.003344125 2.637113 399.553999 285.403629 74.565857 137.310872 32.026753 21.096904
2012_04_21_00_22_53_715483157  2600.000 32 256 51.000000 51.000000 0.000000 0.000000 67.05728675 50.8032664375 36.16844875 10.6533245 17.201731125 4.037438375 2.8820949375 812.852263 578.69518 170.453192 275.227698 64.599014 46.113519
2012_04_21_00_24_07_777033352  2600.000 32 512 51.000000 51.000000 0.000000 0.000000 40.46337328125 50.74508815625 36.3218204375 9.83316571875 50.74356278125 36.406162875 9.51977709375 1623.842821 1162.298254 314.661303 1623.794009 1164.997212 304.632867
2012_04_21_00_24_56_195111136  2600.000 32 128 65.000000 65.000000 0.000000 0.000000 83.7410035 52.413762125 38.09263525 9.450666 17.217964375 4.0566135 2.59394775 419.310097 304.741082 75.605328 137.743715 32.452908 20.751582
2012_04_21_00_26_26_776710809  2600.000 32 256 65.000000 65.000000 0.000000 0.000000 58.90793025 64.6304351875 49.7892395 11.259757625 17.2588903125 4.092316875 2.924835375 1034.086963 796.627832 180.156122 276.142245 65.47707 46.797366
2012_04_21_00_27_33_516706306  2600.000 32 512 65.000000 65.000000 0.000000 0.000000 35.84798240625 64.56617028125 49.96336171875 10.2959091875 64.55742565625 50.06518575 9.87782203125 2066.117449 1598.827575 329.469094 2065.837621 1602.085944 316.090305
2012_04_21_00_28_18_052814425  2600.000 32 128 80.000000 80.000000 0.000000 0.000000 83.699214125 52.517489 38.187996125 9.442252875 17.221248375 4.0585825 2.572790625 420.139912 305.503969 75.538023 137.769987 32.46866 20.582325
2012_04_21_00_29_48_805011999  2600.000 32 256 80.000000 80.000000 0.000000 0.000000 53.5488366875 76.7202620625 61.70520175 11.7569715 17.2755399375 4.1064915 2.931903875 1227.524193 987.283228 188.111544 276.408639 65.703864 46.910462
2012_04_21_00_30_49_814349144  2600.000 32 512 80.000000 80.000000 0.000000 0.000000 32.825955375 75.51616659375 60.77104390625 10.63528459375 74.6922103125 60.071163 10.1884939375 2416.517331 1944.673405 340.329107 2390.15073 1922.277216 326.031806
2012_04_21_00_31_30_621708532  2600.000 32 128 95.000000 95.000000 0.000000 0.000000 83.88464025 52.554171375 38.22038925 9.42390075 17.21809175 4.054500875 2.6017795 420.433371 305.763114 75.391206 137.744734 32.436007 20.814236
2012_04_21_00_33_01_275584718  2600.000 32 256 95.000000 95.000000 0.000000 0.000000 52.04426575 79.4481115625 64.383573375 11.8960361875 17.3449333125 4.1768466875 2.9823900625 1271.169785 1030.137174 190.336579 277.518933 66.829547 47.718241
2012_04_21_00_34_00_977289632  2600.000 32 512 95.000000 95.000000 0.000000 0.000000 32.0211908125 77.1427626875 62.362125 10.75738471875 75.9080839375 61.253058125 10.34261128125 2468.568406 1995.588 344.236311 2429.058686 1960.09786 330.963561
