id freq nodes cores pkg-clamp-0 pkg-clamp-1 dram-clamp-0 dram-clamp-1 avg-time avg-pkg-0 avg-pp0-0 avg-dram-0 avg-pkg-1 avg-pp0-1 avg-dram-1 tot-pkg-0 tot-pp0-0 tot-dram-0 tot-pkg-1 tot-pp0-1 tot-dram-1
2012_04_20_22_19_30_217456865  2600.000 16 64 51.000000 51.000000 0.000000 0.000000 19.19002175 48.918076 34.9703885 8.222124 16.9824135 3.81950175 2.424628 195.672304 139.881554 32.888496 67.929654 15.278007 9.698512
2012_04_20_22_19_55_671149555  2600.000 16 128 51.000000 51.000000 0.000000 0.000000 13.40359475 50.526316625 35.960533875 10.7225985 17.1233015 3.960973875 2.9465485 404.210533 287.684271 85.780788 136.986412 31.687791 23.572388
2012_04_20_22_20_16_618964082  2600.000 16 256 51.000000 51.000000 0.000000 0.000000 7.7730173125 50.2614660625 36.1707381875 9.12525375 50.2637455 36.308642625 8.829125125 804.183457 578.731811 146.00406 804.219928 580.938282 141.266002
2012_04_20_22_20_31_582009259  2600.000 16 64 65.000000 65.000000 0.000000 0.000000 19.5350635 49.29599275 35.36234025 8.1546605 17.41524725 4.24935425 2.29962475 197.183971 141.449361 32.618642 69.660989 16.997417 9.198499
2012_04_20_22_20_57_229010610  2600.000 16 128 65.000000 65.000000 0.000000 0.000000 12.152867375 64.311879875 49.594102375 11.043684375 16.998120375 3.83288875 2.88032475 514.495039 396.752819 88.349475 135.984963 30.66311 23.042598
2012_04_20_22_21_15_685655403  2600.000 16 256 65.000000 65.000000 0.000000 0.000000 6.384843875 63.92580425 49.6352630625 9.736044625 63.9304475 49.763592625 9.4480643125 1022.812868 794.164209 155.776714 1022.88716 796.217482 151.169029
2012_04_20_22_21_28_865631503  2600.000 16 64 80.000000 80.000000 0.000000 0.000000 18.92131325 49.27870975 35.32243925 8.26062075 17.24847325 4.082121 2.2868815 197.114839 141.289757 33.042483 68.993893 16.328484 9.147526
2012_04_20_22_21_53_720402649  2600.000 16 128 80.000000 80.000000 0.000000 0.000000 11.12545875 74.607640625 59.7468545 11.52747725 17.57977325 4.411659125 2.938506625 596.861125 477.974836 92.219818 140.638186 35.293273 23.508053
2012_04_20_22_22_11_237724173  2600.000 16 256 80.000000 80.000000 0.000000 0.000000 5.6727884375 73.1514145625 58.7281714375 10.1600505 72.470432375 58.17439 9.86737975 1170.422633 939.650743 162.560808 1159.526918 930.79024 157.878076
2012_04_20_22_22_24_414963869  2600.000 16 64 95.000000 95.000000 0.000000 0.000000 18.8463185 49.270348 35.3081665 8.2855465 17.1436915 3.97819275 2.40124525 197.081392 141.232666 33.142186 68.574766 15.912771 9.604981
2012_04_20_22_22_49_431052760  2600.000 16 128 95.000000 95.000000 0.000000 0.000000 11.11084675 74.67660675 59.812717 11.541860625 17.062788625 3.8970155 2.92677075 597.412854 478.501736 92.334885 136.502309 31.176124 23.414166
2012_04_20_22_23_07_227015638  2600.000 16 256 95.000000 95.000000 0.000000 0.000000 5.8902441875 73.149539375 58.7726208125 9.9761739375 72.444954625 58.188537 9.589487875 1170.39263 940.361933 159.618783 1159.119274 931.016592 153.431806
2012_04_21_00_21_19_138853257  2600.000 32 128 51.000000 51.000000 0.000000 0.000000 10.277037625 47.895726 34.174965875 7.559344625 17.156929375 3.99470525 2.65360675 383.165808 273.399727 60.474757 137.255435 31.957642 21.228854
2012_04_21_00_21_37_857566020  2600.000 32 256 51.000000 51.000000 0.000000 0.000000 6.9088086875 50.1947640625 36.047403125 9.046499625 17.43426425 4.262421875 2.5903939375 803.116225 576.75845 144.743994 278.948228 68.19875 41.446303
2012_04_21_00_21_52_249512102  2600.000 32 512 51.000000 51.000000 0.000000 0.000000 4.265323375 49.71829975 35.97876734375 7.51714940625 49.71816590625 36.0385623125 7.3915336875 1590.985592 1151.320555 240.548781 1590.981309 1153.233994 236.529078
2012_04_21_00_22_04_918723505  2600.000 32 128 65.000000 65.000000 0.000000 0.000000 9.8894425 48.332325625 34.589494875 7.711470625 17.236978 4.071924125 2.627537 386.658605 276.715959 61.691765 137.895824 32.575393 21.020296
2012_04_21_00_22_21_822620555  2600.000 32 256 65.000000 65.000000 0.000000 0.000000 6.072218375 63.844240625 49.5415255 9.5030910625 17.6625974375 4.4899368125 2.628385375 1021.50785 792.664408 152.049457 282.601559 71.838989 42.054166
2012_04_21_00_22_35_281826466  2600.000 32 512 65.000000 65.000000 0.000000 0.000000 3.40742946875 63.18861965625 49.3054081875 8.003185 63.19724621875 49.37580871875 7.84766878125 2022.035829 1577.773062 256.10192 2022.311879 1580.025879 251.125401
2012_04_21_00_22_46_885517812  2600.000 32 128 80.000000 80.000000 0.000000 0.000000 9.836281625 48.42912475 34.6805605 7.738690625 17.328351125 4.163040875 2.597567875 387.432998 277.444484 61.909525 138.626809 33.304327 20.780543
2012_04_21_00_23_03_742548315  2600.000 32 256 80.000000 80.000000 0.000000 0.000000 5.5667290625 73.254540625 58.8473506875 9.7993088125 17.257586875 4.0839566875 2.709094875 1172.07265 941.557611 156.788941 276.12139 65.343307 43.345518
2012_04_21_00_23_16_749806519  2600.000 32 512 80.000000 80.000000 0.000000 0.000000 3.0505711875 72.86910290625 58.9108375 8.238053 72.21642046875 58.3100915625 8.136969125 2331.811293 1885.1468 263.617696 2310.925455 1865.92293 260.383012
2012_04_21_00_23_28_094726672  2600.000 32 128 95.000000 95.000000 0.000000 0.000000 9.843157875 48.467876375 34.72145 7.719652125 17.97604975 4.81242875 2.52448125 387.743011 277.7716 61.757217 143.808398 38.49943 20.19585
2012_04_21_00_23_44_938187219  2600.000 32 256 95.000000 95.000000 0.000000 0.000000 5.549478 73.4481800625 59.036500875 9.8140878125 17.2323065625 4.0577179375 2.6785066875 1175.170881 944.584014 157.025405 275.716905 64.923487 42.856107
2012_04_21_00_23_57_699874794  2600.000 32 512 95.000000 95.000000 0.000000 0.000000 3.04899878125 73.1811036875 59.21281946875 8.32191696875 72.51385746875 58.60608003125 8.1470149375 2341.795318 1894.810223 266.301343 2320.443439 1875.394561 260.704478
