id freq nodes cores pkg-clamp-0 pkg-clamp-1 dram-clamp-0 dram-clamp-1 avg-time avg-pkg-0 avg-pp0-0 avg-dram-0 avg-pkg-1 avg-pp0-1 avg-dram-1 tot-pkg-0 tot-pp0-0 tot-dram-0 tot-pkg-1 tot-pp0-1 tot-dram-1
2012_04_20_22_23_54_160273129  2600.000 16 64 51.000000 51.000000 0.000000 0.000000 24.33325325 50.5985435 34.45567075 16.40624975 17.19673575 4.0065735 3.71439225 202.394174 137.822683 65.624999 68.786943 16.026294 14.857569
2012_04_20_22_24_25_092853143  2600.000 16 128 51.000000 51.000000 0.000000 0.000000 21.287871625 50.694325375 33.19485225 21.741437625 17.497004875 4.305059125 4.959326 405.554603 265.558818 173.931501 139.976039 34.440473 39.674608
2012_04_20_22_24_52_890472661  2600.000 16 256 51.000000 51.000000 0.000000 0.000000 12.7041159375 50.5355225625 33.897555 18.5020818125 50.5372239375 33.96299925 18.4271465625 808.568361 542.36088 296.033309 808.595583 543.407988 294.834345
2012_04_20_22_25_12_714225637  2600.000 16 64 65.000000 65.000000 0.000000 0.000000 21.92532275 57.24916 40.78926875 17.151822 17.26472825 4.06962475 3.7655915 228.99664 163.157075 68.607288 69.058913 16.278499 15.062366
2012_04_20_22_25_40_614617242  2600.000 16 128 65.000000 65.000000 0.000000 0.000000 18.785772375 64.496305 46.471102375 22.804488125 17.3256685 4.126935125 4.996532125 515.97044 371.768819 182.435905 138.605348 33.015481 39.972257
2012_04_20_22_26_05_821429312  2600.000 16 256 65.000000 65.000000 0.000000 0.000000 10.45513975 64.275912375 46.8479715 20.3117675625 64.2766921875 46.969845875 20.0263924375 1028.414598 749.567544 324.988281 1028.427075 751.517534 320.422279
2012_04_20_22_26_23_473913154  2600.000 16 64 80.000000 80.000000 0.000000 0.000000 21.90286125 57.390706 40.91953525 17.177282 17.21877725 4.02392975 3.790316 229.562824 163.678141 68.709128 68.875109 16.095719 15.161264
2012_04_20_22_26_51_722837522  2600.000 16 128 80.000000 80.000000 0.000000 0.000000 17.58634375 79.255420875 60.91451 23.299754125 17.52627225 4.32402 5.007326 634.043367 487.31608 186.398033 140.210178 34.59216 40.058608
2012_04_20_22_27_15_964748032  2600.000 16 256 80.000000 80.000000 0.000000 0.000000 9.340518125 78.9692755625 61.0679246875 21.13204075 78.9486505625 61.076066125 21.24717875 1263.508409 977.086795 338.112652 1263.178409 977.217058 339.95486
2012_04_20_22_27_32_647349825  2600.000 16 64 95.000000 95.000000 0.000000 0.000000 21.92646425 57.39918675 40.918797 17.1648485 17.3311355 4.1351325 3.742305 229.596747 163.675188 68.659394 69.324542 16.54053 14.96922
2012_04_20_22_28_00_529790142  2600.000 16 128 95.000000 95.000000 0.000000 0.000000 17.29600775 84.493023125 66.07515325 23.43967325 17.304499375 4.102222875 5.0086025 675.944185 528.601226 187.517386 138.435995 32.817783 40.06882
2012_04_20_22_28_24_335535083  2600.000 16 256 95.000000 95.000000 0.000000 0.000000 9.2442699375 83.24153275 65.2824045625 21.14304875 82.438364875 64.5562265625 21.0657273125 1331.864524 1044.518473 338.28878 1319.013838 1032.899625 337.051637
2012_04_21_00_24_44_219311441  2600.000 32 128 51.000000 51.000000 0.000000 0.000000 12.83374875 50.335797875 34.279790875 16.34743525 17.31440325 4.12639925 4.056760875 402.686383 274.238327 130.779482 138.515226 33.011194 32.454087
2012_04_21_00_25_05_229154407  2600.000 32 256 51.000000 51.000000 0.000000 0.000000 10.94625775 50.4689965625 33.3119205 20.25397375 17.4115283125 4.212072 4.810328875 807.503945 532.990728 324.06358 278.584453 67.393152 76.965262
2012_04_21_00_25_23_288039294  2600.000 32 512 51.000000 51.000000 0.000000 0.000000 7.40256478125 50.24367665625 34.375638 15.528576 50.246265 34.41479296875 15.52943240625 1607.797653 1100.020416 496.914432 1607.88048 1101.273375 496.941837
2012_04_21_00_25_39_376754413  2600.000 32 128 65.000000 65.000000 0.000000 0.000000 11.565767375 56.955352875 40.59512825 17.143835875 17.805374125 4.614463625 4.096930875 455.642823 324.761026 137.150687 142.442993 36.915709 32.775447
2012_04_21_00_25_57_647680368  2600.000 32 256 65.000000 65.000000 0.000000 0.000000 9.4923788125 64.2376365 46.531890375 21.1929105625 17.7536665 4.549795 4.9145335625 1027.802184 744.510246 339.086569 284.058664 72.79672 78.632537
2012_04_21_00_26_14_605977016  2600.000 32 512 65.000000 65.000000 0.000000 0.000000 6.3649369375 63.91528940625 47.62139203125 16.3440795625 63.92212965625 47.66165584375 16.26506575 2045.289261 1523.884545 523.010546 2045.508149 1525.172987 520.482104
2012_04_21_00_26_28_818374748  2600.000 32 128 80.000000 80.000000 0.000000 0.000000 11.531878625 57.0173785 40.6438775 17.165053 17.780792625 4.587620125 4.093338375 456.139028 325.15102 137.320424 142.246341 36.700961 32.746707
2012_04_21_00_26_47_156443809  2600.000 32 256 80.000000 80.000000 0.000000 0.000000 9.1058025625 78.7910208125 60.8884339375 21.218103875 17.41190225 4.2072839375 4.818468125 1260.656333 974.214943 339.489662 278.590436 67.316543 77.09549
2012_04_21_00_27_03_374687962  2600.000 32 512 80.000000 80.000000 0.000000 0.000000 5.6975785 77.88838565625 61.2299970625 16.96165109375 77.814762 61.1897363125 16.84364265625 2492.428341 1959.359906 542.772835 2490.072384 1958.071562 538.996565
2012_04_21_00_27_17_027966995  2600.000 32 128 95.000000 95.000000 0.000000 0.000000 11.485768625 57.108408 40.718750625 17.233340125 17.437871375 4.241690125 4.198833625 456.867264 325.750005 137.866721 139.502971 33.933521 33.590669
2012_04_21_00_27_34_957195044  2600.000 32 256 95.000000 95.000000 0.000000 0.000000 8.598585375 83.8916573125 65.76963425 21.8518390625 17.7134969375 4.5077445625 4.9598381875 1342.266517 1052.314148 349.629425 283.415951 72.123913 79.357411
2012_04_21_00_27_50_393973904  2600.000 32 512 95.000000 95.000000 0.000000 0.000000 5.4728190625 79.77786440625 62.9793746875 17.3653591875 79.22370359375 62.45846375 17.38075575 2552.891661 2015.33999 555.691494 2535.158515 1998.67084 556.184184
2012_04_24_18_37_18_345750238  2600.000 8 32 51.000000 51.000000 0.000000 0.000000 57.163919 50.7089005 34.0026325 18.3438685 17.1719565 3.9755085 4.008505 101.417801 68.005265 36.687737 34.343913 7.951017 8.01701
2012_04_24_18_38_22_494097432  2600.000 8 64 51.000000 51.000000 0.000000 0.000000 39.973414 50.791873 33.0955015 21.69070425 17.031801 3.826427 4.40269325 203.167492 132.382006 86.762817 68.127204 15.305708 17.610773
2012_04_24_18_39_08_600249842  2600.000 8 128 51.000000 51.000000 0.000000 0.000000 23.246631125 50.701039 33.4547135 19.63936 50.702736875 33.539386625 19.560082875 405.608312 267.637708 157.11488 405.621895 268.315093 156.480663
2012_04_24_18_39_38_633946239  2600.000 8 32 65.000000 65.000000 0.000000 0.000000 51.7851195 59.2075315 42.1222025 19.174072 17.1001225 3.8884455 4.273963 118.415063 84.244405 38.348144 34.200245 7.776891 8.547926
2012_04_24_18_40_36_575355699  2600.000 8 64 65.000000 65.000000 0.000000 0.000000 35.170504 64.61756725 46.36109 22.63699925 17.23810325 4.02131075 4.61910675 258.470269 185.44436 90.547997 68.952413 16.085243 18.476427
2012_04_24_18_41_18_086060054  2600.000 8 128 65.000000 65.000000 0.000000 0.000000 19.92030825 64.505488875 46.5512285 21.1899165 64.507806125 46.644792 21.160472125 516.043911 372.409828 169.519332 516.062449 373.158336 169.283777
2012_04_24_18_41_44_973094612  2600.000 8 32 80.000000 80.000000 0.000000 0.000000 51.5943635 59.428071 42.324271 19.1927805 17.300873 4.09018 4.4653985 118.856142 84.648542 38.385561 34.601746 8.18036 8.930797
2012_04_24_18_42_42_841413652  2600.000 8 64 80.000000 80.000000 0.000000 0.000000 33.3417465 79.37068175 60.8539975 22.92828975 17.02153825 3.801978 4.5900095 317.482727 243.41599 91.713159 68.086153 15.207912 18.360038
2012_04_24_18_43_22_995692985  2600.000 8 128 80.000000 80.000000 0.000000 0.000000 18.598193375 79.214568 60.859423125 21.698855625 79.198314125 60.9490875 21.68757375 633.716544 486.875385 173.590845 633.586513 487.5927 173.50059
2012_04_24_18_43_48_972632689  2600.000 8 32 95.000000 95.000000 0.000000 0.000000 51.6870295 59.4187475 42.319241 19.1858765 17.223771 4.010582 4.4617005 118.837495 84.638482 38.371753 34.447542 8.021164 8.923401
2012_04_24_18_44_47_398265910  2600.000 8 64 95.000000 95.000000 0.000000 0.000000 32.606657 84.32407625 65.68688825 23.2268615 17.22483275 4.0024 4.61263675 337.296305 262.747553 92.907446 68.899331 16.0096 18.450547
2012_04_24_18_45_26_852785062  2600.000 8 128 95.000000 95.000000 0.000000 0.000000 18.40890525 83.35880025 64.85999325 21.76699275 82.602587 64.22602725 21.697767375 666.870402 518.879946 174.135942 660.820696 513.808218 173.582139
2012_04_24_18_57_15_361281096  2600.000 4 16 51.000000 51.000000 0.000000 0.000000 108.810781 50.737997 33.5564 18.832826 17.344684 4.108013 3.317769 50.737997 33.5564 18.832826 17.344684 4.108013 3.317769
2012_04_24_18_59_10_685971766  2600.000 4 32 51.000000 51.000000 0.000000 0.000000 99.556716 50.85396 32.8257895 23.147085 18.2456045 5.0655055 4.8388835 101.70792 65.651579 46.29417 36.491209 10.131011 9.677767
2012_04_24_19_00_55_121915569  2600.000 4 64 51.000000 51.000000 0.000000 0.000000 42.27876625 50.78727975 33.20912075 21.48027225 50.78963225 33.32881525 21.953296 203.149119 132.836483 85.921089 203.158529 133.315261 87.813184
2012_04_24_19_01_42_585143009  2600.000 4 16 65.000000 65.000000 0.000000 0.000000 99.339236 58.118791 40.570053 19.859404 17.546161 4.323631 3.707506 58.118791 40.570053 19.859404 17.546161 4.323631 3.707506
2012_04_24_19_03_27_347832493  2600.000 4 32 65.000000 65.000000 0.000000 0.000000 89.902122 64.689106 46.147312 23.898462 17.6104715 4.417844 4.8517605 129.378212 92.294624 47.796924 35.220943 8.835688 9.703521
2012_04_24_19_05_03_866731873  2600.000 4 64 65.000000 65.000000 0.000000 0.000000 36.50856675 64.62092075 46.27830275 22.927942 64.6243385 46.433585 23.17524125 258.483683 185.113211 91.711768 258.497354 185.73434 92.700965
2012_04_24_19_05_47_400817552  2600.000 4 16 80.000000 80.000000 0.000000 0.000000 99.363741 58.157022 40.603438 19.809958 17.295784 4.073917 3.683123 58.157022 40.603438 19.809958 17.295784 4.073917 3.683123
2012_04_24_19_07_33_253071530  2600.000 4 32 80.000000 80.000000 0.000000 0.000000 86.4060785 79.138303 60.386146 24.1004985 17.589225 4.406834 4.922792 158.276606 120.772292 48.200997 35.17845 8.813668 9.845584
2012_04_24_19_09_04_829116730  2600.000 4 64 80.000000 80.000000 0.000000 0.000000 34.35516575 79.45572725 60.69739625 23.33582725 79.4215125 60.829632 23.60958325 317.822909 242.789585 93.343309 317.68605 243.318528 94.438333
2012_04_24_19_09_44_334441423  2600.000 4 16 95.000000 95.000000 0.000000 0.000000 99.417708 58.302074 40.735171 19.823687 17.438949 4.215639 3.685155 58.302074 40.735171 19.823687 17.438949 4.215639 3.685155
2012_04_24_19_11_29_156826644  2600.000 4 32 95.000000 95.000000 0.000000 0.000000 85.229359 82.9972475 64.170884 24.2168015 17.942301 4.757214 4.9362505 165.994495 128.341768 48.433603 35.884602 9.514428 9.872501
2012_04_24_19_12_59_042195005  2600.000 4 64 95.000000 95.000000 0.000000 0.000000 33.376826 84.750697 65.74746 23.74340425 84.58798275 65.75477575 24.0715675 339.002788 262.98984 94.973617 338.351931 263.019103 96.28627
