id freq nodes cores pkg-clamp-0 pkg-clamp-1 dram-clamp-0 dram-clamp-1 avg-time avg-pkg-0 avg-pp0-0 avg-dram-0 avg-pkg-1 avg-pp0-1 avg-dram-1 tot-pkg-0 tot-pp0-0 tot-dram-0 tot-pkg-1 tot-pp0-1 tot-dram-1
2012_04_20_22_33_06_144594065  2600.000 16 64 51.000000 51.000000 0.000000 0.000000 421.1255095 46.82898425 33.57980825 2.72037225 17.2638065 4.09264975 1.65852575 187.315937 134.319233 10.881489 69.055226 16.370599 6.634103
2012_04_20_22_41_13_824721807  2600.000 16 128 51.000000 51.000000 0.000000 0.000000 274.807827875 50.820160875 37.53420675 2.499611 17.178182375 3.998922375 1.680963375 406.561287 300.273654 19.996888 137.425459 31.991379 13.447707
2012_04_20_22_45_55_056890311  2600.000 16 256 51.000000 51.000000 0.000000 0.000000 137.8486816875 50.800478875 37.53253075 4.7632311875 50.7977749375 37.579895 1.7085006875 812.807662 600.520492 76.211699 812.764399 601.27832 27.336011
2012_04_20_22_48_19_956769392  2600.000 16 64 65.000000 65.000000 0.000000 0.000000 420.954222 46.96785125 33.7148585 2.689628 17.27466875 4.10463725 1.7391245 187.871405 134.859434 10.758512 69.098675 16.418549 6.956498
2012_04_20_22_55_27_001653821  2600.000 16 128 65.000000 65.000000 0.000000 0.000000 230.30756175 64.668941 51.3683595 2.644743125 17.24631175 4.066966875 1.866299125 517.351528 410.946876 21.157945 137.970494 32.535735 14.930393
2012_04_20_23_00_23_664791930  2600.000 16 256 65.000000 65.000000 0.000000 0.000000 115.710650125 64.647907875 51.3434645 4.5112058125 64.64302825 51.4171089375 1.991860375 1034.366526 821.495432 72.179293 1034.288452 822.673743 31.869766
2012_04_20_23_02_26_284714472  2600.000 16 64 80.000000 80.000000 0.000000 0.000000 421.127683 46.956904 33.70055175 2.66061975 17.28591825 4.114885 1.91558675 187.827616 134.802207 10.642479 69.143673 16.45954 7.662347
2012_04_20_23_09_33_101811835  2600.000 16 128 80.000000 80.000000 0.000000 0.000000 210.481039375 71.30552325 57.98498875 2.416265 17.3457985 4.165081875 1.86162625 570.444186 463.87991 19.33012 138.766388 33.320655 14.89301
2012_04_20_23_13_10_004259078  2600.000 16 256 80.000000 80.000000 0.000000 0.000000 105.2580766875 71.6144205625 58.2881580625 4.5333815 70.2363604375 56.99843375 1.944802 1145.830729 932.610529 72.534104 1123.781767 911.97494 31.116832
2012_04_20_23_15_02_259822380  2600.000 16 64 95.000000 95.000000 0.000000 0.000000 420.92985 47.01382975 33.7524605 2.63141425 17.27082975 4.0996825 1.6504545 188.055319 135.009842 10.525657 69.083319 16.39873 6.601818
2012_04_20_23_22_09_375000674  2600.000 16 128 95.000000 95.000000 0.000000 0.000000 210.456736375 71.332548 58.01056675 2.587644125 17.312015375 4.13337975 1.614412875 570.660384 464.084534 20.701153 138.496123 33.067038 12.915303
2012_04_20_23_25_46_562587670  2600.000 16 256 95.000000 95.000000 0.000000 0.000000 105.6057151875 71.6126331875 58.2850904375 4.6961753125 70.237631 56.999324375 1.7265328125 1145.802131 932.561447 75.138805 1123.802096 911.98919 27.624525
2012_04_21_00_40_22_108883711  2600.000 32 128 51.000000 51.000000 0.000000 0.000000 209.96713825 46.47821475 33.240264625 2.799476375 17.062600375 3.911453875 2.036919625 371.825718 265.922117 22.395811 136.500803 31.291631 16.295357
2012_04_21_00_44_00_058816592  2600.000 32 256 51.000000 51.000000 0.000000 0.000000 136.5636299375 50.80132725 37.5462304375 2.7462455625 17.178517 4.0255005 1.8844705625 812.821236 600.739687 43.939929 274.856272 64.408008 30.151529
2012_04_21_00_46_24_195143296  2600.000 32 512 51.000000 51.000000 0.000000 0.000000 70.0484860625 50.764080125 37.52020165625 4.9701620625 50.76308203125 37.573073375 2.05870925 1624.450564 1200.646453 159.045186 1624.418625 1202.338348 65.878696
2012_04_21_00_47_43_514860482  2600.000 32 128 65.000000 65.000000 0.000000 0.000000 210.049955375 46.549893625 33.308726125 2.8430535 17.1007975 3.95019725 2.048157625 372.399149 266.469809 22.744428 136.80638 31.601578 16.385261
2012_04_21_00_51_20_811753032  2600.000 32 512 65.000000 65.000000 0.000000 0.000000 115.0162354375 64.645661625 51.3620823125 2.7709980625 17.250644375 4.0985206875 1.9097216875 1034.330586 821.793317 44.335969 276.01031 65.576331 30.555547
2012_04_21_00_53_23_294499668  2600.000 32 128 65.000000 65.000000 0.000000 0.000000 57.7199931875 64.58544084375 51.31126978125 5.09927590625 64.58166496875 51.37828353125 2.067266 2066.734107 1641.960633 163.176829 2066.613279 1644.105073 66.152512
2012_04_21_00_54_29_709618398  2600.000 32 256 80.000000 80.000000 0.000000 0.000000 209.816147125 46.594048625 33.348789375 2.803383875 17.08697975 3.93655275 2.03932375 372.752389 266.790315 22.427071 136.695838 31.492422 16.31459
2012_04_21_00_58_06_612887588  2600.000 32 512 80.000000 80.000000 0.000000 0.000000 105.149245875 71.049331375 57.7576835 2.7450115 17.207478375 4.05569775 1.91072775 1136.789302 924.122936 43.920184 275.319654 64.891164 30.571644
2012_04_21_00_59_59_039632187  2600.000 32 128 80.000000 80.000000 0.000000 0.000000 52.7824173125 71.04673934375 57.7600214375 5.09849921875 70.01345896875 56.80464290625 2.075444875 2273.495659 1848.320686 163.151975 2240.430687 1817.748573 66.414236
2012_04_21_01_01_00_234834089  2600.000 32 256 95.000000 95.000000 0.000000 0.000000 209.812387875 46.609591625 33.36281 2.86743875 17.1080695 3.95831175 1.9909085 372.876733 266.90248 22.93951 136.864556 31.666494 15.927268
2012_04_21_01_04_37_139101276  2600.000 32 512 95.000000 95.000000 0.000000 0.000000 105.206769875 71.0544530625 57.7634045625 2.803168125 17.365145 4.21367 1.9470963125 1136.871249 924.214473 44.85069 277.84232 67.41872 31.153541
