

 NAS Parallel Benchmarks 3.3 -- MG Benchmark

 No input file. Using compiled defaults 
 Size: 1024x1024x1024  (class U)
 Iterations:   25
 Number of processes:     64

 Initialization time:           1.652 seconds

  iter    1
  iter    5
  iter   10
  iter   15
  iter   20
  iter   25

 Benchmark completed 
 Problem size unknown
 NO VERIFICATION PERFORMED
 L2 Norm is  0.6427407966783E-07


 MG Benchmark Completed.
 Class           =                        U
 Size            =           1024x1024x1024
 Iterations      =                       25
 Time in seconds =                    17.51
 Total processes =                       64
 Compiled procs  =                       64
 Mop/s total     =                 88913.55
 Mop/s/process   =                  1389.27
 Operation type  =           floating point
 Verification    =             UNSUCCESSFUL
 Version         =                      3.3
 Compile date    =              13 Apr 2012

 Compile options:
    MPIF77       = mpif77
    FLINK        = $(MPIF77)
    FMPI_LIB     = -Xlinker -rpath=$(HOME)/local/src/power/rap...
    FMPI_INC     = (none)
    FFLAGS       = -O3 -fPIC
    FLINKFLAGS   = -O3 -fPIC  -Wl,--build-id=none
    RAND         = randi8


 Please send the results of this run to:

 NPB Development Team 
 Internet: npb@nas.nasa.gov
 
 If email is not available, send this to:

 MS T27A-1
 NASA Ames Research Center
 Moffett Field, CA  94035-1000

 Fax: 650-604-3957


