filename=rzmerl27_rapl_ep.D.256_0000__XXXXXX
filename=rzmerl67_rapl_ep.D.256_0224__XXXXXX
filename=rzmerl31_rapl_ep.D.256_0032__XXXXXX
filename=rzmerl33_rapl_ep.D.256_0048__XXXXXX
filename=rzmerl29_rapl_ep.D.256_0016__XXXXXX
filename=rzmerl37_rapl_ep.D.256_0080__XXXXXX
filename=rzmerl69_rapl_ep.D.256_0240__XXXXXX
filename=rzmerl53_rapl_ep.D.256_0144__XXXXXX
filename=rzmerl35_rapl_ep.D.256_0064__XXXXXX
filename=rzmerl57_rapl_ep.D.256_0176__XXXXXX
filename=rzmerl41_rapl_ep.D.256_0112__XXXXXX
filename=rzmerl39_rapl_ep.D.256_0096__XXXXXX
filename=rzmerl61_rapl_ep.D.256_0208__XXXXXX
filename=rzmerl51_rapl_ep.D.256_0128__XXXXXX
filename=rzmerl59_rapl_ep.D.256_0192__XXXXXX
filename=rzmerl55_rapl_ep.D.256_0160__XXXXXX
msr_opt.c::54 c=-1
msr_opt.c::78 setting MSR_PKG_POWER_LIMIT to 0x382f8 on cpu 0
msr_opt.c::83 setting MSR_PP0_POWER_LIMIT to 0x0 on cpu 0
msr_opt.c::88 setting MSR_DRAM_POWER_LIMIT to 0x380c8 on cpu 0
msr_core.c::64  pwrite returned -1.  fd[0]=18, cpu=0, msr=1560 (618), val=229576 (0x380c8).  errno=5
: Input/output error
msr_opt.c::78 setting MSR_PKG_POWER_LIMIT to 0x382f8 on cpu 1
msr_opt.c::83 setting MSR_PP0_POWER_LIMIT to 0x0 on cpu 1
msr_opt.c::88 setting MSR_DRAM_POWER_LIMIT to 0x380c8 on cpu 1
msr_core.c::64  pwrite returned -1.  fd[1]=19, cpu=1, msr=1560 (618), val=229576 (0x380c8).  errno=5
: Input/output error
msr_opt.c::54 c=-1
msr_opt.c::78 setting MSR_PKG_POWER_LIMIT to 0x382f8 on cpu 0
msr_opt.c::83 setting MSR_PP0_POWER_LIMIT to 0x0 on cpu 0
msr_opt.c::88 setting MSR_DRAM_POWER_LIMIT to 0x380c8 on cpu 0
msr_core.c::64  pwrite returned -1.  fd[0]=15, cpu=0, msr=1560 (618), val=229576 (0x380c8).  errno=5
: Input/output error
msr_opt.c::78 setting MSR_PKG_POWER_LIMIT to 0x382f8 on cpu 1
msr_opt.c::83 setting MSR_PP0_POWER_LIMIT to 0x0 on cpu 1
msr_opt.c::88 setting MSR_DRAM_POWER_LIMIT to 0x380c8 on cpu 1
msr_opt.c::54 c=-1
msr_opt.c::78 setting MSR_PKG_POWER_LIMIT to 0x382f8 on cpu 0
msr_opt.c::83 setting MSR_PP0_POWER_LIMIT to 0x0 on cpu 0
msr_opt.c::88 setting MSR_DRAM_POWER_LIMIT to 0x380c8 on cpu 0
msr_opt.c::54 c=-1
msr_opt.c::78 setting MSR_PKG_POWER_LIMIT to 0x382f8 on cpu 0
msr_opt.c::83 setting MSR_PP0_POWER_LIMIT to 0x0 on cpu 0
msr_opt.c::88 setting MSR_DRAM_POWER_LIMIT to 0x380c8 on cpu 0
msr_core.c::64  pwrite returned -1.  fd[0]=14, cpu=0, msr=1560 (618), val=229576 (0x380c8).  errno=5
: Input/output error
msr_opt.c::78 setting MSR_PKG_POWER_LIMIT to 0x382f8 on cpu 1
msr_opt.c::83 setting MSR_PP0_POWER_LIMIT to 0x0 on cpu 1
msr_opt.c::88 setting MSR_DRAM_POWER_LIMIT to 0x380c8 on cpu 1
msr_core.c::64  pwrite returned -1.  fd[1]=15, cpu=1, msr=1560 (618), val=229576 (0x380c8).  errno=5
: Input/output error
msr_opt.c::54 c=-1
msr_opt.c::78 setting MSR_PKG_POWER_LIMIT to 0x382f8 on cpu 0
msr_opt.c::83 setting MSR_PP0_POWER_LIMIT to 0x0 on cpu 0
msr_opt.c::88 setting MSR_DRAM_POWER_LIMIT to 0x380c8 on cpu 0
msr_core.c::64  pwrite returned -1.  fd[0]=16, cpu=0, msr=1560 (618), val=229576 (0x380c8).  errno=5
: Input/output error
msr_opt.c::78 setting MSR_PKG_POWER_LIMIT to 0x382f8 on cpu 1
msr_opt.c::83 setting MSR_PP0_POWER_LIMIT to 0x0 on cpu 1
msr_opt.c::88 setting MSR_DRAM_POWER_LIMIT to 0x380c8 on cpu 1
msr_opt.c::54 c=-1
msr_opt.c::78 setting MSR_PKG_POWER_LIMIT to 0x382f8 on cpu 0
msr_opt.c::83 setting MSR_PP0_POWER_LIMIT to 0x0 on cpu 0
msr_opt.c::88 setting MSR_DRAM_POWER_LIMIT to 0x380c8 on cpu 0
msr_core.c::64  pwrite returned -1.  fd[0]=14, cpu=0, msr=1560 (618), val=229576 (0x380c8).  errno=5
: Input/output error
msr_opt.c::78 setting MSR_PKG_POWER_LIMIT to 0x382f8 on cpu 1
msr_opt.c::83 setting MSR_PP0_POWER_LIMIT to 0x0 on cpu 1
msr_opt.c::88 setting MSR_DRAM_POWER_LIMIT to 0x380c8 on cpu 1
msr_opt.c::54 c=-1
msr_opt.c::78 setting MSR_PKG_POWER_LIMIT to 0x382f8 on cpu 0
msr_opt.c::83 setting MSR_PP0_POWER_LIMIT to 0x0 on cpu 0
msr_opt.c::88 setting MSR_DRAM_POWER_LIMIT to 0x380c8 on cpu 0
msr_core.c::64  pwrite returned -1.  fd[0]=15, cpu=0, msr=1560 (618), val=229576 (0x380c8).  errno=5
: Input/output error
msr_opt.c::78 setting MSR_PKG_POWER_LIMIT to 0x382f8 on cpu 1
msr_opt.c::83 setting MSR_PP0_POWER_LIMIT to 0x0 on cpu 1
msr_opt.c::88 setting MSR_DRAM_POWER_LIMIT to 0x380c8 on cpu 1
msr_core.c::64  pwrite returned -1.  fd[1]=16, cpu=1, msr=1560 (618), val=229576 (0x380c8).  errno=5
: Input/output error
msr_opt.c::54 c=-1
msr_opt.c::78 setting MSR_PKG_POWER_LIMIT to 0x382f8 on cpu 0
msr_opt.c::83 setting MSR_PP0_POWER_LIMIT to 0x0 on cpu 0
msr_opt.c::88 setting MSR_DRAM_POWER_LIMIT to 0x380c8 on cpu 0
msr_core.c::64  pwrite returned -1.  fd[0]=16, cpu=0, msr=1560 (618), val=229576 (0x380c8).  errno=5
: Input/output error
msr_opt.c::78 setting MSR_PKG_POWER_LIMIT to 0x382f8 on cpu 1
msr_opt.c::83 setting MSR_PP0_POWER_LIMIT to 0x0 on cpu 1
msr_opt.c::88 setting MSR_DRAM_POWER_LIMIT to 0x380c8 on cpu 1
msr_opt.c::54 c=-1
msr_opt.c::78 setting MSR_PKG_POWER_LIMIT to 0x382f8 on cpu 0
msr_opt.c::83 setting MSR_PP0_POWER_LIMIT to 0x0 on cpu 0
msr_opt.c::88 setting MSR_DRAM_POWER_LIMIT to 0x380c8 on cpu 0
msr_core.c::64  pwrite returned -1.  fd[0]=15, cpu=0, msr=1560 (618), val=229576 (0x380c8).  errno=5
: Input/output error
msr_opt.c::78 setting MSR_PKG_POWER_LIMIT to 0x382f8 on cpu 1
msr_opt.c::83 setting MSR_PP0_POWER_LIMIT to 0x0 on cpu 1
msr_opt.c::88 setting MSR_DRAM_POWER_LIMIT to 0x380c8 on cpu 1
msr_rapl.c::399 returned from parse_opts
msr_core.c::64  pwrite returned -1.  fd[1]=16, cpu=1, msr=1560 (618), val=229576 (0x380c8).  errno=5
: Input/output error
msr_rapl.c::399 returned from parse_opts
msr_opt.c::54 c=-1
msr_opt.c::78 setting MSR_PKG_POWER_LIMIT to 0x382f8 on cpu 0
msr_opt.c::83 setting MSR_PP0_POWER_LIMIT to 0x0 on cpu 0
msr_opt.c::88 setting MSR_DRAM_POWER_LIMIT to 0x380c8 on cpu 0
msr_core.c::64  pwrite returned -1.  fd[0]=14, cpu=0, msr=1560 (618), val=229576 (0x380c8).  errno=5
: Input/output error
msr_opt.c::78 setting MSR_PKG_POWER_LIMIT to 0x382f8 on cpu 1
msr_opt.c::83 setting MSR_PP0_POWER_LIMIT to 0x0 on cpu 1
msr_opt.c::88 setting MSR_DRAM_POWER_LIMIT to 0x380c8 on cpu 1
msr_opt.c::54 c=-1
msr_opt.c::78 setting MSR_PKG_POWER_LIMIT to 0x382f8 on cpu 0
msr_opt.c::83 setting MSR_PP0_POWER_LIMIT to 0x0 on cpu 0
msr_opt.c::88 setting MSR_DRAM_POWER_LIMIT to 0x380c8 on cpu 0
msr_core.c::64  pwrite returned -1.  fd[0]=14, cpu=0, msr=1560 (618), val=229576 (0x380c8).  errno=5
: Input/output error
msr_opt.c::78 setting MSR_PKG_POWER_LIMIT to 0x382f8 on cpu 1
msr_opt.c::83 setting MSR_PP0_POWER_LIMIT to 0x0 on cpu 1
msr_opt.c::88 setting MSR_DRAM_POWER_LIMIT to 0x380c8 on cpu 1
msr_opt.c::54 c=-1
msr_opt.c::78 setting MSR_PKG_POWER_LIMIT to 0x382f8 on cpu 0
msr_opt.c::83 setting MSR_PP0_POWER_LIMIT to 0x0 on cpu 0
msr_opt.c::88 setting MSR_DRAM_POWER_LIMIT to 0x380c8 on cpu 0
msr_core.c::64  pwrite returned -1.  fd[0]=14, cpu=0, msr=1560 (618), val=229576 (0x380c8).  errno=5
: Input/output error
msr_opt.c::78 setting MSR_PKG_POWER_LIMIT to 0x382f8 on cpu 1
msr_opt.c::83 setting MSR_PP0_POWER_LIMIT to 0x0 on cpu 1
msr_opt.c::88 setting MSR_DRAM_POWER_LIMIT to 0x380c8 on cpu 1
msr_core.c::64  pwrite returned -1.  fd[0]=14, cpu=0, msr=1560 (618), val=229576 (0x380c8).  errno=5
: Input/output error
msr_opt.c::78 setting MSR_PKG_POWER_LIMIT to 0x382f8 on cpu 1
msr_opt.c::83 setting MSR_PP0_POWER_LIMIT to 0x0 on cpu 1
msr_opt.c::88 setting MSR_DRAM_POWER_LIMIT to 0x380c8 on cpu 1
msr_rapl.c::399 returned from parse_opts
msr_core.c::64  pwrite returned -1.  fd[1]=17, cpu=1, msr=1560 (618), val=229576 (0x380c8).  errno=5
: Input/output error
msr_rapl.c::399 returned from parse_opts
msr_opt.c::54 c=-1
msr_opt.c::78 setting MSR_PKG_POWER_LIMIT to 0x382f8 on cpu 0
msr_opt.c::83 setting MSR_PP0_POWER_LIMIT to 0x0 on cpu 0
msr_opt.c::88 setting MSR_DRAM_POWER_LIMIT to 0x380c8 on cpu 0
msr_core.c::64  pwrite returned -1.  fd[0]=14, cpu=0, msr=1560 (618), val=229576 (0x380c8).  errno=5
: Input/output error
msr_opt.c::78 setting MSR_PKG_POWER_LIMIT to 0x382f8 on cpu 1
msr_opt.c::83 setting MSR_PP0_POWER_LIMIT to 0x0 on cpu 1
msr_opt.c::88 setting MSR_DRAM_POWER_LIMIT to 0x380c8 on cpu 1
msr_core.c::64  pwrite returned -1.  fd[1]=15, cpu=1, msr=1560 (618), val=229576 (0x380c8).  errno=5
: Input/output error
msr_rapl.c::399 returned from parse_opts
msr_rapl.c::399 returned from parse_opts
msr_opt.c::54 c=-1
msr_opt.c::78 setting MSR_PKG_POWER_LIMIT to 0x382f8 on cpu 0
msr_opt.c::83 setting MSR_PP0_POWER_LIMIT to 0x0 on cpu 0
msr_opt.c::88 setting MSR_DRAM_POWER_LIMIT to 0x380c8 on cpu 0
msr_core.c::64  pwrite returned -1.  fd[0]=14, cpu=0, msr=1560 (618), val=229576 (0x380c8).  errno=5
: Input/output error
msr_opt.c::78 setting MSR_PKG_POWER_LIMIT to 0x382f8 on cpu 1
msr_opt.c::83 setting MSR_PP0_POWER_LIMIT to 0x0 on cpu 1
msr_opt.c::88 setting MSR_DRAM_POWER_LIMIT to 0x380c8 on cpu 1
msr_core.c::64  pwrite returned -1.  fd[1]=15, cpu=1, msr=1560 (618), val=229576 (0x380c8).  errno=5
: Input/output error
msr_opt.c::54 c=-1
msr_opt.c::78 setting MSR_PKG_POWER_LIMIT to 0x382f8 on cpu 0
msr_opt.c::83 setting MSR_PP0_POWER_LIMIT to 0x0 on cpu 0
msr_opt.c::88 setting MSR_DRAM_POWER_LIMIT to 0x380c8 on cpu 0
msr_core.c::64  pwrite returned -1.  fd[0]=17, cpu=0, msr=1560 (618), val=229576 (0x380c8).  errno=5
: Input/output error
msr_opt.c::78 setting MSR_PKG_POWER_LIMIT to 0x382f8 on cpu 1
msr_opt.c::83 setting MSR_PP0_POWER_LIMIT to 0x0 on cpu 1
msr_opt.c::88 setting MSR_DRAM_POWER_LIMIT to 0x380c8 on cpu 1
msr_opt.c::54 c=-1
msr_opt.c::78 setting MSR_PKG_POWER_LIMIT to 0x382f8 on cpu 0
msr_opt.c::83 setting MSR_PP0_POWER_LIMIT to 0x0 on cpu 0
msr_opt.c::88 setting MSR_DRAM_POWER_LIMIT to 0x380c8 on cpu 0
msr_core.c::64  pwrite returned -1.  fd[0]=15, cpu=0, msr=1560 (618), val=229576 (0x380c8).  errno=5
: Input/output error
msr_opt.c::78 setting MSR_PKG_POWER_LIMIT to 0x382f8 on cpu 1
msr_opt.c::83 setting MSR_PP0_POWER_LIMIT to 0x0 on cpu 1
msr_opt.c::88 setting MSR_DRAM_POWER_LIMIT to 0x380c8 on cpu 1
msr_core.c::64  pwrite returned -1.  fd[1]=17, cpu=1, msr=1560 (618), val=229576 (0x380c8).  errno=5
: Input/output error
msr_rapl.c::399 returned from parse_opts
msr_core.c::64  pwrite returned -1.  fd[1]=16, cpu=1, msr=1560 (618), val=229576 (0x380c8).  errno=5
: Input/output error
msr_rapl.c::399 returned from parse_opts
msr_core.c::64  pwrite returned -1.  fd[1]=15, cpu=1, msr=1560 (618), val=229576 (0x380c8).  errno=5
: Input/output error
msr_rapl.c::399 returned from parse_opts
msr_core.c::64  pwrite returned -1.  fd[1]=15, cpu=1, msr=1560 (618), val=229576 (0x380c8).  errno=5
: Input/output error
msr_rapl.c::399 returned from parse_opts
msr_core.c::64  pwrite returned -1.  fd[1]=15, cpu=1, msr=1560 (618), val=229576 (0x380c8).  errno=5
: Input/output error
msr_rapl.c::399 returned from parse_opts
msr_core.c::64  pwrite returned -1.  fd[1]=15, cpu=1, msr=1560 (618), val=229576 (0x380c8).  errno=5
: Input/output error
msr_rapl.c::399 returned from parse_opts
msr_core.c::64  pwrite returned -1.  fd[1]=15, cpu=1, msr=1560 (618), val=229576 (0x380c8).  errno=5
: Input/output error
msr_rapl.c::399 returned from parse_opts
msr_rapl.c::399 returned from parse_opts
msr_core.c::64  pwrite returned -1.  fd[1]=18, cpu=1, msr=1560 (618), val=229576 (0x380c8).  errno=5
: Input/output error
msr_rapl.c::399 returned from parse_opts
msr_core.c::64  pwrite returned -1.  fd[1]=16, cpu=1, msr=1560 (618), val=229576 (0x380c8).  errno=5
: Input/output error
msr_rapl.c::399 returned from parse_opts
