/g/g24/rountree/local/src/power
nodes=64 ntasks=256
+ export BMARK_STRING=cg.D.256
+ BMARK_STRING=cg.D.256
++ date +%Y_%m_%d_%H_%M_%S_%N
+ name=2012_04_14_09_08_46_245140013
+ mkdir 2012_04_14_09_08_46_245140013
+ cd 2012_04_14_09_08_46_245140013
+ touch out.dat
+ env
+ hostname
+ echo 2012_04_14_09_08_46_245140013
+ uname -a
+ srun --nodes=1 --ntasks=1 -ppbatch cat /proc/cpuinfo
+ grep MHz
+ echo 'cores: 256'
+ echo 'nodes: 64'
+ srun --nodes=64 --ntasks=256 -ppbatch -e cg.err -o out.dat --cpu_bind=sockets ../cgCL.sh 256
nodes=64 ntasks=512
+ export BMARK_STRING=cg.D.512
+ BMARK_STRING=cg.D.512
++ date +%Y_%m_%d_%H_%M_%S_%N
+ name=2012_04_14_09_09_43_202448415
+ mkdir 2012_04_14_09_09_43_202448415
+ cd 2012_04_14_09_09_43_202448415
+ touch out.dat
+ env
+ hostname
+ echo 2012_04_14_09_09_43_202448415
+ uname -a
+ srun --nodes=1 --ntasks=1 -ppbatch cat /proc/cpuinfo
+ grep MHz
+ echo 'cores: 512'
+ echo 'nodes: 64'
+ srun --nodes=64 --ntasks=512 -ppbatch -e cg.err -o out.dat --cpu_bind=sockets ../cgCL.sh 512
nodes=64 ntasks=1024
+ export BMARK_STRING=cg.D.1024
+ BMARK_STRING=cg.D.1024
++ date +%Y_%m_%d_%H_%M_%S_%N
+ name=2012_04_14_09_10_21_333002856
+ mkdir 2012_04_14_09_10_21_333002856
+ cd 2012_04_14_09_10_21_333002856
+ touch out.dat
+ env
+ hostname
+ echo 2012_04_14_09_10_21_333002856
+ uname -a
+ srun --nodes=1 --ntasks=1 -ppbatch cat /proc/cpuinfo
+ grep MHz
+ echo 'cores: 1024'
+ echo 'nodes: 64'
+ srun --nodes=64 --ntasks=1024 -ppbatch -e cg.err -o out.dat --cpu_bind=sockets ../cgCL.sh 1024
nodes=64 ntasks=256
+ export BMARK_STRING=cg.D.256
+ BMARK_STRING=cg.D.256
++ date +%Y_%m_%d_%H_%M_%S_%N
+ name=2012_04_14_09_11_05_932844329
+ mkdir 2012_04_14_09_11_05_932844329
+ cd 2012_04_14_09_11_05_932844329
+ touch out.dat
+ env
+ hostname
+ echo 2012_04_14_09_11_05_932844329
+ uname -a
+ srun --nodes=1 --ntasks=1 -ppbatch cat /proc/cpuinfo
+ grep MHz
+ echo 'cores: 256'
+ echo 'nodes: 64'
+ srun --nodes=64 --ntasks=256 -ppbatch -e cg.err -o out.dat --cpu_bind=sockets ../cgCL.sh 256
nodes=64 ntasks=512
+ export BMARK_STRING=cg.D.512
+ BMARK_STRING=cg.D.512
++ date +%Y_%m_%d_%H_%M_%S_%N
+ name=2012_04_14_09_11_59_978296839
+ mkdir 2012_04_14_09_11_59_978296839
+ cd 2012_04_14_09_11_59_978296839
+ touch out.dat
+ env
+ hostname
+ echo 2012_04_14_09_11_59_978296839
+ uname -a
+ srun --nodes=1 --ntasks=1 -ppbatch cat /proc/cpuinfo
+ grep MHz
+ echo 'cores: 512'
+ echo 'nodes: 64'
+ srun --nodes=64 --ntasks=512 -ppbatch -e cg.err -o out.dat --cpu_bind=sockets ../cgCL.sh 512
nodes=64 ntasks=1024
+ export BMARK_STRING=cg.D.1024
+ BMARK_STRING=cg.D.1024
++ date +%Y_%m_%d_%H_%M_%S_%N
+ name=2012_04_14_09_12_37_677993942
+ mkdir 2012_04_14_09_12_37_677993942
+ cd 2012_04_14_09_12_37_677993942
+ touch out.dat
+ env
+ hostname
+ echo 2012_04_14_09_12_37_677993942
+ uname -a
+ srun --nodes=1 --ntasks=1 -ppbatch cat /proc/cpuinfo
+ grep MHz
+ echo 'cores: 1024'
+ echo 'nodes: 64'
+ srun --nodes=64 --ntasks=1024 -ppbatch -e cg.err -o out.dat --cpu_bind=sockets ../cgCL.sh 1024
nodes=64 ntasks=256
+ export BMARK_STRING=cg.D.256
+ BMARK_STRING=cg.D.256
++ date +%Y_%m_%d_%H_%M_%S_%N
+ name=2012_04_14_09_13_21_388240903
+ mkdir 2012_04_14_09_13_21_388240903
+ cd 2012_04_14_09_13_21_388240903
+ touch out.dat
+ env
+ hostname
+ echo 2012_04_14_09_13_21_388240903
+ uname -a
+ srun --nodes=1 --ntasks=1 -ppbatch cat /proc/cpuinfo
+ grep MHz
+ echo 'cores: 256'
+ echo 'nodes: 64'
+ srun --nodes=64 --ntasks=256 -ppbatch -e cg.err -o out.dat --cpu_bind=sockets ../cgCL.sh 256
nodes=64 ntasks=512
+ export BMARK_STRING=cg.D.512
+ BMARK_STRING=cg.D.512
++ date +%Y_%m_%d_%H_%M_%S_%N
+ name=2012_04_14_09_14_15_700669982
+ mkdir 2012_04_14_09_14_15_700669982
+ cd 2012_04_14_09_14_15_700669982
+ touch out.dat
+ env
+ hostname
+ echo 2012_04_14_09_14_15_700669982
+ uname -a
+ srun --nodes=1 --ntasks=1 -ppbatch cat /proc/cpuinfo
+ grep MHz
+ echo 'cores: 512'
+ echo 'nodes: 64'
+ srun --nodes=64 --ntasks=512 -ppbatch -e cg.err -o out.dat --cpu_bind=sockets ../cgCL.sh 512
nodes=64 ntasks=1024
+ export BMARK_STRING=cg.D.1024
+ BMARK_STRING=cg.D.1024
++ date +%Y_%m_%d_%H_%M_%S_%N
+ name=2012_04_14_09_14_53_382797955
+ mkdir 2012_04_14_09_14_53_382797955
+ cd 2012_04_14_09_14_53_382797955
+ touch out.dat
+ env
+ hostname
+ echo 2012_04_14_09_14_53_382797955
+ uname -a
+ srun --nodes=1 --ntasks=1 -ppbatch cat /proc/cpuinfo
+ grep MHz
+ echo 'cores: 1024'
+ echo 'nodes: 64'
+ srun --nodes=64 --ntasks=1024 -ppbatch -e cg.err -o out.dat --cpu_bind=sockets ../cgCL.sh 1024
nodes=64 ntasks=256
+ export BMARK_STRING=cg.D.256
+ BMARK_STRING=cg.D.256
++ date +%Y_%m_%d_%H_%M_%S_%N
+ name=2012_04_14_09_15_36_790090453
+ mkdir 2012_04_14_09_15_36_790090453
+ cd 2012_04_14_09_15_36_790090453
+ touch out.dat
+ env
+ hostname
+ echo 2012_04_14_09_15_36_790090453
+ uname -a
+ srun --nodes=1 --ntasks=1 -ppbatch cat /proc/cpuinfo
+ grep MHz
+ echo 'cores: 256'
+ echo 'nodes: 64'
+ srun --nodes=64 --ntasks=256 -ppbatch -e cg.err -o out.dat --cpu_bind=sockets ../cgCL.sh 256
nodes=64 ntasks=512
+ export BMARK_STRING=cg.D.512
+ BMARK_STRING=cg.D.512
++ date +%Y_%m_%d_%H_%M_%S_%N
+ name=2012_04_14_09_16_31_348374388
+ mkdir 2012_04_14_09_16_31_348374388
+ cd 2012_04_14_09_16_31_348374388
+ touch out.dat
+ env
+ hostname
+ echo 2012_04_14_09_16_31_348374388
+ uname -a
+ srun --nodes=1 --ntasks=1 -ppbatch cat /proc/cpuinfo
+ grep MHz
+ echo 'cores: 512'
+ echo 'nodes: 64'
+ srun --nodes=64 --ntasks=512 -ppbatch -e cg.err -o out.dat --cpu_bind=sockets ../cgCL.sh 512
nodes=64 ntasks=1024
+ export BMARK_STRING=cg.D.1024
+ BMARK_STRING=cg.D.1024
++ date +%Y_%m_%d_%H_%M_%S_%N
+ name=2012_04_14_09_17_09_145735333
+ mkdir 2012_04_14_09_17_09_145735333
+ cd 2012_04_14_09_17_09_145735333
+ touch out.dat
+ env
+ hostname
+ echo 2012_04_14_09_17_09_145735333
+ uname -a
+ srun --nodes=1 --ntasks=1 -ppbatch cat /proc/cpuinfo
+ grep MHz
+ echo 'cores: 1024'
+ echo 'nodes: 64'
+ srun --nodes=64 --ntasks=1024 -ppbatch -e cg.err -o out.dat --cpu_bind=sockets ../cgCL.sh 1024
nodes=64 ntasks=256
+ export BMARK_STRING=cg.D.256
+ BMARK_STRING=cg.D.256
++ date +%Y_%m_%d_%H_%M_%S_%N
+ name=2012_04_14_09_17_53_166449758
+ mkdir 2012_04_14_09_17_53_166449758
+ cd 2012_04_14_09_17_53_166449758
+ touch out.dat
+ env
+ hostname
+ echo 2012_04_14_09_17_53_166449758
+ uname -a
+ srun --nodes=1 --ntasks=1 -ppbatch cat /proc/cpuinfo
+ grep MHz
+ echo 'cores: 256'
+ echo 'nodes: 64'
+ srun --nodes=64 --ntasks=256 -ppbatch -e cg.err -o out.dat --cpu_bind=sockets ../cgCL.sh 256
nodes=64 ntasks=512
+ export BMARK_STRING=cg.D.512
+ BMARK_STRING=cg.D.512
++ date +%Y_%m_%d_%H_%M_%S_%N
+ name=2012_04_14_09_18_48_726595221
+ mkdir 2012_04_14_09_18_48_726595221
+ cd 2012_04_14_09_18_48_726595221
+ touch out.dat
+ env
+ hostname
+ echo 2012_04_14_09_18_48_726595221
+ uname -a
+ srun --nodes=1 --ntasks=1 -ppbatch cat /proc/cpuinfo
+ grep MHz
+ echo 'cores: 512'
+ echo 'nodes: 64'
+ srun --nodes=64 --ntasks=512 -ppbatch -e cg.err -o out.dat --cpu_bind=sockets ../cgCL.sh 512
nodes=64 ntasks=1024
+ export BMARK_STRING=cg.D.1024
+ BMARK_STRING=cg.D.1024
++ date +%Y_%m_%d_%H_%M_%S_%N
+ name=2012_04_14_09_19_26_980906084
+ mkdir 2012_04_14_09_19_26_980906084
+ cd 2012_04_14_09_19_26_980906084
+ touch out.dat
+ env
+ hostname
+ echo 2012_04_14_09_19_26_980906084
+ uname -a
+ srun --nodes=1 --ntasks=1 -ppbatch cat /proc/cpuinfo
+ grep MHz
+ echo 'cores: 1024'
+ echo 'nodes: 64'
+ srun --nodes=64 --ntasks=1024 -ppbatch -e cg.err -o out.dat --cpu_bind=sockets ../cgCL.sh 1024
nodes=64 ntasks=256
+ export BMARK_STRING=cg.D.256
+ BMARK_STRING=cg.D.256
++ date +%Y_%m_%d_%H_%M_%S_%N
+ name=2012_04_14_09_20_08_894309293
+ mkdir 2012_04_14_09_20_08_894309293
+ cd 2012_04_14_09_20_08_894309293
+ touch out.dat
+ env
+ hostname
+ echo 2012_04_14_09_20_08_894309293
+ uname -a
+ srun --nodes=1 --ntasks=1 -ppbatch cat /proc/cpuinfo
+ grep MHz
+ echo 'cores: 256'
+ echo 'nodes: 64'
+ srun --nodes=64 --ntasks=256 -ppbatch -e cg.err -o out.dat --cpu_bind=sockets ../cgCL.sh 256
nodes=64 ntasks=512
+ export BMARK_STRING=cg.D.512
+ BMARK_STRING=cg.D.512
++ date +%Y_%m_%d_%H_%M_%S_%N
+ name=2012_04_14_09_21_04_205708215
+ mkdir 2012_04_14_09_21_04_205708215
+ cd 2012_04_14_09_21_04_205708215
+ touch out.dat
+ env
+ hostname
+ echo 2012_04_14_09_21_04_205708215
+ uname -a
+ srun --nodes=1 --ntasks=1 -ppbatch cat /proc/cpuinfo
+ grep MHz
+ echo 'cores: 512'
+ echo 'nodes: 64'
+ srun --nodes=64 --ntasks=512 -ppbatch -e cg.err -o out.dat --cpu_bind=sockets ../cgCL.sh 512
nodes=64 ntasks=1024
+ export BMARK_STRING=cg.D.1024
+ BMARK_STRING=cg.D.1024
++ date +%Y_%m_%d_%H_%M_%S_%N
+ name=2012_04_14_09_21_42_591322221
+ mkdir 2012_04_14_09_21_42_591322221
+ cd 2012_04_14_09_21_42_591322221
+ touch out.dat
+ env
+ hostname
+ echo 2012_04_14_09_21_42_591322221
+ uname -a
+ srun --nodes=1 --ntasks=1 -ppbatch cat /proc/cpuinfo
+ grep MHz
+ echo 'cores: 1024'
+ echo 'nodes: 64'
+ srun --nodes=64 --ntasks=1024 -ppbatch -e cg.err -o out.dat --cpu_bind=sockets ../cgCL.sh 1024
nodes=64 ntasks=256
+ export BMARK_STRING=cg.D.256
+ BMARK_STRING=cg.D.256
++ date +%Y_%m_%d_%H_%M_%S_%N
+ name=2012_04_14_09_22_23_693370801
+ mkdir 2012_04_14_09_22_23_693370801
+ cd 2012_04_14_09_22_23_693370801
+ touch out.dat
+ env
+ hostname
+ echo 2012_04_14_09_22_23_693370801
+ uname -a
+ srun --nodes=1 --ntasks=1 -ppbatch cat /proc/cpuinfo
+ grep MHz
+ echo 'cores: 256'
+ echo 'nodes: 64'
+ srun --nodes=64 --ntasks=256 -ppbatch -e cg.err -o out.dat --cpu_bind=sockets ../cgCL.sh 256
nodes=64 ntasks=512
+ export BMARK_STRING=cg.D.512
+ BMARK_STRING=cg.D.512
++ date +%Y_%m_%d_%H_%M_%S_%N
+ name=2012_04_14_09_23_18_936212033
+ mkdir 2012_04_14_09_23_18_936212033
+ cd 2012_04_14_09_23_18_936212033
+ touch out.dat
+ env
+ hostname
+ echo 2012_04_14_09_23_18_936212033
+ uname -a
+ srun --nodes=1 --ntasks=1 -ppbatch cat /proc/cpuinfo
+ grep MHz
+ echo 'cores: 512'
+ echo 'nodes: 64'
+ srun --nodes=64 --ntasks=512 -ppbatch -e cg.err -o out.dat --cpu_bind=sockets ../cgCL.sh 512
nodes=64 ntasks=1024
+ export BMARK_STRING=cg.D.1024
+ BMARK_STRING=cg.D.1024
++ date +%Y_%m_%d_%H_%M_%S_%N
+ name=2012_04_14_09_23_57_382390201
+ mkdir 2012_04_14_09_23_57_382390201
+ cd 2012_04_14_09_23_57_382390201
+ touch out.dat
+ env
+ hostname
+ echo 2012_04_14_09_23_57_382390201
+ uname -a
+ srun --nodes=1 --ntasks=1 -ppbatch cat /proc/cpuinfo
+ grep MHz
+ echo 'cores: 1024'
+ echo 'nodes: 64'
+ srun --nodes=64 --ntasks=1024 -ppbatch -e cg.err -o out.dat --cpu_bind=sockets ../cgCL.sh 1024
nodes=64 ntasks=256
+ export BMARK_STRING=cg.D.256
+ BMARK_STRING=cg.D.256
++ date +%Y_%m_%d_%H_%M_%S_%N
+ name=2012_04_14_09_24_39_234031609
+ mkdir 2012_04_14_09_24_39_234031609
+ cd 2012_04_14_09_24_39_234031609
+ touch out.dat
+ env
+ hostname
+ echo 2012_04_14_09_24_39_234031609
+ uname -a
+ srun --nodes=1 --ntasks=1 -ppbatch cat /proc/cpuinfo
+ grep MHz
+ echo 'cores: 256'
+ echo 'nodes: 64'
+ srun --nodes=64 --ntasks=256 -ppbatch -e cg.err -o out.dat --cpu_bind=sockets ../cgCL.sh 256
nodes=64 ntasks=512
+ export BMARK_STRING=cg.D.512
+ BMARK_STRING=cg.D.512
++ date +%Y_%m_%d_%H_%M_%S_%N
+ name=2012_04_14_09_25_34_755371208
+ mkdir 2012_04_14_09_25_34_755371208
+ cd 2012_04_14_09_25_34_755371208
+ touch out.dat
+ env
+ hostname
+ echo 2012_04_14_09_25_34_755371208
+ uname -a
+ srun --nodes=1 --ntasks=1 -ppbatch cat /proc/cpuinfo
+ grep MHz
+ echo 'cores: 512'
+ echo 'nodes: 64'
+ srun --nodes=64 --ntasks=512 -ppbatch -e cg.err -o out.dat --cpu_bind=sockets ../cgCL.sh 512
nodes=64 ntasks=1024
+ export BMARK_STRING=cg.D.1024
+ BMARK_STRING=cg.D.1024
++ date +%Y_%m_%d_%H_%M_%S_%N
+ name=2012_04_14_09_26_13_457616859
+ mkdir 2012_04_14_09_26_13_457616859
+ cd 2012_04_14_09_26_13_457616859
+ touch out.dat
+ env
+ hostname
+ echo 2012_04_14_09_26_13_457616859
+ uname -a
+ srun --nodes=1 --ntasks=1 -ppbatch cat /proc/cpuinfo
+ grep MHz
+ echo 'cores: 1024'
+ echo 'nodes: 64'
+ srun --nodes=64 --ntasks=1024 -ppbatch -e cg.err -o out.dat --cpu_bind=sockets ../cgCL.sh 1024
nodes=64 ntasks=256
+ export BMARK_STRING=cg.D.256
+ BMARK_STRING=cg.D.256
++ date +%Y_%m_%d_%H_%M_%S_%N
+ name=2012_04_14_09_26_55_011378792
+ mkdir 2012_04_14_09_26_55_011378792
+ cd 2012_04_14_09_26_55_011378792
+ touch out.dat
+ env
+ hostname
+ echo 2012_04_14_09_26_55_011378792
+ uname -a
+ srun --nodes=1 --ntasks=1 -ppbatch cat /proc/cpuinfo
+ grep MHz
+ echo 'cores: 256'
+ echo 'nodes: 64'
+ srun --nodes=64 --ntasks=256 -ppbatch -e cg.err -o out.dat --cpu_bind=sockets ../cgCL.sh 256
nodes=64 ntasks=512
+ export BMARK_STRING=cg.D.512
+ BMARK_STRING=cg.D.512
++ date +%Y_%m_%d_%H_%M_%S_%N
+ name=2012_04_14_09_27_50_131410292
+ mkdir 2012_04_14_09_27_50_131410292
+ cd 2012_04_14_09_27_50_131410292
+ touch out.dat
+ env
+ hostname
+ echo 2012_04_14_09_27_50_131410292
+ uname -a
+ srun --nodes=1 --ntasks=1 -ppbatch cat /proc/cpuinfo
+ grep MHz
+ echo 'cores: 512'
+ echo 'nodes: 64'
+ srun --nodes=64 --ntasks=512 -ppbatch -e cg.err -o out.dat --cpu_bind=sockets ../cgCL.sh 512
nodes=64 ntasks=1024
+ export BMARK_STRING=cg.D.1024
+ BMARK_STRING=cg.D.1024
++ date +%Y_%m_%d_%H_%M_%S_%N
+ name=2012_04_14_09_28_28_349446629
+ mkdir 2012_04_14_09_28_28_349446629
+ cd 2012_04_14_09_28_28_349446629
+ touch out.dat
+ env
+ hostname
+ echo 2012_04_14_09_28_28_349446629
+ uname -a
+ srun --nodes=1 --ntasks=1 -ppbatch cat /proc/cpuinfo
+ grep MHz
+ echo 'cores: 1024'
+ echo 'nodes: 64'
+ srun --nodes=64 --ntasks=1024 -ppbatch -e cg.err -o out.dat --cpu_bind=sockets ../cgCL.sh 1024
nodes=64 ntasks=256
+ export BMARK_STRING=cg.D.256
+ BMARK_STRING=cg.D.256
++ date +%Y_%m_%d_%H_%M_%S_%N
+ name=2012_04_14_09_29_07_588196840
+ mkdir 2012_04_14_09_29_07_588196840
+ cd 2012_04_14_09_29_07_588196840
+ touch out.dat
+ env
+ hostname
+ echo 2012_04_14_09_29_07_588196840
+ uname -a
+ srun --nodes=1 --ntasks=1 -ppbatch cat /proc/cpuinfo
+ grep MHz
+ echo 'cores: 256'
+ echo 'nodes: 64'
+ srun --nodes=64 --ntasks=256 -ppbatch -e cg.err -o out.dat --cpu_bind=sockets ../cgCL.sh 256
nodes=64 ntasks=512
+ export BMARK_STRING=cg.D.512
+ BMARK_STRING=cg.D.512
++ date +%Y_%m_%d_%H_%M_%S_%N
+ name=2012_04_14_09_30_05_514494075
+ mkdir 2012_04_14_09_30_05_514494075
+ cd 2012_04_14_09_30_05_514494075
+ touch out.dat
+ env
+ hostname
+ echo 2012_04_14_09_30_05_514494075
+ uname -a
+ srun --nodes=1 --ntasks=1 -ppbatch cat /proc/cpuinfo
+ grep MHz
+ echo 'cores: 512'
+ echo 'nodes: 64'
+ srun --nodes=64 --ntasks=512 -ppbatch -e cg.err -o out.dat --cpu_bind=sockets ../cgCL.sh 512
nodes=64 ntasks=1024
+ export BMARK_STRING=cg.D.1024
+ BMARK_STRING=cg.D.1024
++ date +%Y_%m_%d_%H_%M_%S_%N
+ name=2012_04_14_09_30_43_347572787
+ mkdir 2012_04_14_09_30_43_347572787
+ cd 2012_04_14_09_30_43_347572787
+ touch out.dat
+ env
+ hostname
+ echo 2012_04_14_09_30_43_347572787
+ uname -a
+ srun --nodes=1 --ntasks=1 -ppbatch cat /proc/cpuinfo
+ grep MHz
+ echo 'cores: 1024'
+ echo 'nodes: 64'
+ srun --nodes=64 --ntasks=1024 -ppbatch -e cg.err -o out.dat --cpu_bind=sockets ../cgCL.sh 1024
nodes=64 ntasks=256
+ export BMARK_STRING=cg.D.256
+ BMARK_STRING=cg.D.256
++ date +%Y_%m_%d_%H_%M_%S_%N
+ name=2012_04_14_09_31_24_134674474
+ mkdir 2012_04_14_09_31_24_134674474
+ cd 2012_04_14_09_31_24_134674474
+ touch out.dat
+ env
+ hostname
+ echo 2012_04_14_09_31_24_134674474
+ uname -a
+ srun --nodes=1 --ntasks=1 -ppbatch cat /proc/cpuinfo
+ grep MHz
+ echo 'cores: 256'
+ echo 'nodes: 64'
+ srun --nodes=64 --ntasks=256 -ppbatch -e cg.err -o out.dat --cpu_bind=sockets ../cgCL.sh 256
nodes=64 ntasks=512
+ export BMARK_STRING=cg.D.512
+ BMARK_STRING=cg.D.512
++ date +%Y_%m_%d_%H_%M_%S_%N
+ name=2012_04_14_09_32_19_153325014
+ mkdir 2012_04_14_09_32_19_153325014
+ cd 2012_04_14_09_32_19_153325014
+ touch out.dat
+ env
+ hostname
+ echo 2012_04_14_09_32_19_153325014
+ uname -a
+ srun --nodes=1 --ntasks=1 -ppbatch cat /proc/cpuinfo
+ grep MHz
+ echo 'cores: 512'
+ echo 'nodes: 64'
+ srun --nodes=64 --ntasks=512 -ppbatch -e cg.err -o out.dat --cpu_bind=sockets ../cgCL.sh 512
nodes=64 ntasks=1024
+ export BMARK_STRING=cg.D.1024
+ BMARK_STRING=cg.D.1024
++ date +%Y_%m_%d_%H_%M_%S_%N
+ name=2012_04_14_09_32_57_385624226
+ mkdir 2012_04_14_09_32_57_385624226
+ cd 2012_04_14_09_32_57_385624226
+ touch out.dat
+ env
+ hostname
+ echo 2012_04_14_09_32_57_385624226
+ uname -a
+ srun --nodes=1 --ntasks=1 -ppbatch cat /proc/cpuinfo
+ grep MHz
+ echo 'cores: 1024'
+ echo 'nodes: 64'
+ srun --nodes=64 --ntasks=1024 -ppbatch -e cg.err -o out.dat --cpu_bind=sockets ../cgCL.sh 1024
nodes=64 ntasks=256
+ export BMARK_STRING=cg.D.256
+ BMARK_STRING=cg.D.256
++ date +%Y_%m_%d_%H_%M_%S_%N
+ name=2012_04_14_09_33_36_670182778
+ mkdir 2012_04_14_09_33_36_670182778
+ cd 2012_04_14_09_33_36_670182778
+ touch out.dat
+ env
+ hostname
+ echo 2012_04_14_09_33_36_670182778
+ uname -a
+ grep MHz
+ srun --nodes=1 --ntasks=1 -ppbatch cat /proc/cpuinfo
+ echo 'cores: 256'
+ echo 'nodes: 64'
+ srun --nodes=64 --ntasks=256 -ppbatch -e cg.err -o out.dat --cpu_bind=sockets ../cgCL.sh 256
nodes=64 ntasks=512
+ export BMARK_STRING=cg.D.512
+ BMARK_STRING=cg.D.512
++ date +%Y_%m_%d_%H_%M_%S_%N
+ name=2012_04_14_09_34_32_347928525
+ mkdir 2012_04_14_09_34_32_347928525
+ cd 2012_04_14_09_34_32_347928525
+ touch out.dat
+ env
+ hostname
+ echo 2012_04_14_09_34_32_347928525
+ uname -a
+ srun --nodes=1 --ntasks=1 -ppbatch cat /proc/cpuinfo
+ grep MHz
+ echo 'cores: 512'
+ echo 'nodes: 64'
+ srun --nodes=64 --ntasks=512 -ppbatch -e cg.err -o out.dat --cpu_bind=sockets ../cgCL.sh 512
nodes=64 ntasks=1024
+ export BMARK_STRING=cg.D.1024
+ BMARK_STRING=cg.D.1024
++ date +%Y_%m_%d_%H_%M_%S_%N
+ name=2012_04_14_09_35_10_348684511
+ mkdir 2012_04_14_09_35_10_348684511
+ cd 2012_04_14_09_35_10_348684511
+ touch out.dat
+ env
+ hostname
+ echo 2012_04_14_09_35_10_348684511
+ uname -a
+ srun --nodes=1 --ntasks=1 -ppbatch cat /proc/cpuinfo
+ grep MHz
+ echo 'cores: 1024'
+ echo 'nodes: 64'
+ srun --nodes=64 --ntasks=1024 -ppbatch -e cg.err -o out.dat --cpu_bind=sockets ../cgCL.sh 1024
nodes=64 ntasks=256
+ export BMARK_STRING=cg.D.256
+ BMARK_STRING=cg.D.256
++ date +%Y_%m_%d_%H_%M_%S_%N
+ name=2012_04_14_09_35_49_860957142
+ mkdir 2012_04_14_09_35_49_860957142
+ cd 2012_04_14_09_35_49_860957142
+ touch out.dat
+ env
+ hostname
+ echo 2012_04_14_09_35_49_860957142
+ uname -a
+ srun --nodes=1 --ntasks=1 -ppbatch cat /proc/cpuinfo
+ grep MHz
+ echo 'cores: 256'
+ echo 'nodes: 64'
+ srun --nodes=64 --ntasks=256 -ppbatch -e cg.err -o out.dat --cpu_bind=sockets ../cgCL.sh 256
nodes=64 ntasks=512
+ export BMARK_STRING=cg.D.512
+ BMARK_STRING=cg.D.512
++ date +%Y_%m_%d_%H_%M_%S_%N
+ name=2012_04_14_09_36_45_145673604
+ mkdir 2012_04_14_09_36_45_145673604
+ cd 2012_04_14_09_36_45_145673604
+ touch out.dat
+ env
+ hostname
+ echo 2012_04_14_09_36_45_145673604
+ uname -a
+ srun --nodes=1 --ntasks=1 -ppbatch cat /proc/cpuinfo
+ grep MHz
+ echo 'cores: 512'
+ echo 'nodes: 64'
+ srun --nodes=64 --ntasks=512 -ppbatch -e cg.err -o out.dat --cpu_bind=sockets ../cgCL.sh 512
nodes=64 ntasks=1024
+ export BMARK_STRING=cg.D.1024
+ BMARK_STRING=cg.D.1024
++ date +%Y_%m_%d_%H_%M_%S_%N
+ name=2012_04_14_09_37_22_861343941
+ mkdir 2012_04_14_09_37_22_861343941
+ cd 2012_04_14_09_37_22_861343941
+ touch out.dat
+ env
+ hostname
+ echo 2012_04_14_09_37_22_861343941
+ uname -a
+ srun --nodes=1 --ntasks=1 -ppbatch cat /proc/cpuinfo
+ grep MHz
+ echo 'cores: 1024'
+ echo 'nodes: 64'
+ srun --nodes=64 --ntasks=1024 -ppbatch -e cg.err -o out.dat --cpu_bind=sockets ../cgCL.sh 1024
nodes=64 ntasks=256
+ export BMARK_STRING=cg.D.256
+ BMARK_STRING=cg.D.256
++ date +%Y_%m_%d_%H_%M_%S_%N
+ name=2012_04_14_09_38_02_782232284
+ mkdir 2012_04_14_09_38_02_782232284
+ cd 2012_04_14_09_38_02_782232284
+ touch out.dat
+ env
+ hostname
+ echo 2012_04_14_09_38_02_782232284
+ uname -a
+ srun --nodes=1 --ntasks=1 -ppbatch cat /proc/cpuinfo
+ grep MHz
+ echo 'cores: 256'
+ echo 'nodes: 64'
+ srun --nodes=64 --ntasks=256 -ppbatch -e cg.err -o out.dat --cpu_bind=sockets ../cgCL.sh 256
nodes=64 ntasks=512
+ export BMARK_STRING=cg.D.512
+ BMARK_STRING=cg.D.512
++ date +%Y_%m_%d_%H_%M_%S_%N
+ name=2012_04_14_09_38_58_189495701
+ mkdir 2012_04_14_09_38_58_189495701
+ cd 2012_04_14_09_38_58_189495701
+ touch out.dat
+ env
+ hostname
+ echo 2012_04_14_09_38_58_189495701
+ uname -a
+ srun --nodes=1 --ntasks=1 -ppbatch cat /proc/cpuinfo
+ grep MHz
+ echo 'cores: 512'
+ echo 'nodes: 64'
+ srun --nodes=64 --ntasks=512 -ppbatch -e cg.err -o out.dat --cpu_bind=sockets ../cgCL.sh 512
nodes=64 ntasks=1024
+ export BMARK_STRING=cg.D.1024
+ BMARK_STRING=cg.D.1024
++ date +%Y_%m_%d_%H_%M_%S_%N
+ name=2012_04_14_09_39_36_810275996
+ mkdir 2012_04_14_09_39_36_810275996
+ cd 2012_04_14_09_39_36_810275996
+ touch out.dat
+ env
+ hostname
+ echo 2012_04_14_09_39_36_810275996
+ uname -a
+ srun --nodes=1 --ntasks=1 -ppbatch cat /proc/cpuinfo
+ grep MHz
+ echo 'cores: 1024'
+ echo 'nodes: 64'
+ srun --nodes=64 --ntasks=1024 -ppbatch -e cg.err -o out.dat --cpu_bind=sockets ../cgCL.sh 1024
nodes=64 ntasks=256
+ export BMARK_STRING=cg.D.256
+ BMARK_STRING=cg.D.256
++ date +%Y_%m_%d_%H_%M_%S_%N
+ name=2012_04_14_09_40_16_904293756
+ mkdir 2012_04_14_09_40_16_904293756
+ cd 2012_04_14_09_40_16_904293756
+ touch out.dat
+ env
+ hostname
+ echo 2012_04_14_09_40_16_904293756
+ uname -a
+ srun --nodes=1 --ntasks=1 -ppbatch cat /proc/cpuinfo
+ grep MHz
+ echo 'cores: 256'
+ echo 'nodes: 64'
+ srun --nodes=64 --ntasks=256 -ppbatch -e cg.err -o out.dat --cpu_bind=sockets ../cgCL.sh 256
nodes=64 ntasks=512
+ export BMARK_STRING=cg.D.512
+ BMARK_STRING=cg.D.512
++ date +%Y_%m_%d_%H_%M_%S_%N
+ name=2012_04_14_09_41_12_356382185
+ mkdir 2012_04_14_09_41_12_356382185
+ cd 2012_04_14_09_41_12_356382185
+ touch out.dat
+ env
+ hostname
+ echo 2012_04_14_09_41_12_356382185
+ uname -a
+ srun --nodes=1 --ntasks=1 -ppbatch cat /proc/cpuinfo
+ grep MHz
+ echo 'cores: 512'
+ echo 'nodes: 64'
+ srun --nodes=64 --ntasks=512 -ppbatch -e cg.err -o out.dat --cpu_bind=sockets ../cgCL.sh 512
nodes=64 ntasks=1024
+ export BMARK_STRING=cg.D.1024
+ BMARK_STRING=cg.D.1024
++ date +%Y_%m_%d_%H_%M_%S_%N
+ name=2012_04_14_09_41_50_149316358
+ mkdir 2012_04_14_09_41_50_149316358
+ cd 2012_04_14_09_41_50_149316358
+ touch out.dat
+ env
+ hostname
+ echo 2012_04_14_09_41_50_149316358
+ uname -a
+ srun --nodes=1 --ntasks=1 -ppbatch cat /proc/cpuinfo
+ grep MHz
+ echo 'cores: 1024'
+ echo 'nodes: 64'
+ srun --nodes=64 --ntasks=1024 -ppbatch -e cg.err -o out.dat --cpu_bind=sockets ../cgCL.sh 1024
nodes=64 ntasks=256
+ export BMARK_STRING=cg.D.256
+ BMARK_STRING=cg.D.256
++ date +%Y_%m_%d_%H_%M_%S_%N
+ name=2012_04_14_09_42_29_531339212
+ mkdir 2012_04_14_09_42_29_531339212
+ cd 2012_04_14_09_42_29_531339212
+ touch out.dat
+ env
+ hostname
+ echo 2012_04_14_09_42_29_531339212
+ uname -a
+ grep MHz
+ srun --nodes=1 --ntasks=1 -ppbatch cat /proc/cpuinfo
+ echo 'cores: 256'
+ echo 'nodes: 64'
+ srun --nodes=64 --ntasks=256 -ppbatch -e cg.err -o out.dat --cpu_bind=sockets ../cgCL.sh 256
nodes=64 ntasks=512
+ export BMARK_STRING=cg.D.512
+ BMARK_STRING=cg.D.512
++ date +%Y_%m_%d_%H_%M_%S_%N
+ name=2012_04_14_09_43_23_995661760
+ mkdir 2012_04_14_09_43_23_995661760
+ cd 2012_04_14_09_43_23_995661760
+ touch out.dat
+ env
+ hostname
+ echo 2012_04_14_09_43_23_995661760
+ uname -a
+ srun --nodes=1 --ntasks=1 -ppbatch cat /proc/cpuinfo
+ grep MHz
+ echo 'cores: 512'
+ echo 'nodes: 64'
+ srun --nodes=64 --ntasks=512 -ppbatch -e cg.err -o out.dat --cpu_bind=sockets ../cgCL.sh 512
nodes=64 ntasks=1024
+ export BMARK_STRING=cg.D.1024
+ BMARK_STRING=cg.D.1024
++ date +%Y_%m_%d_%H_%M_%S_%N
+ name=2012_04_14_09_44_02_019021943
+ mkdir 2012_04_14_09_44_02_019021943
+ cd 2012_04_14_09_44_02_019021943
+ touch out.dat
+ env
+ hostname
+ echo 2012_04_14_09_44_02_019021943
+ uname -a
+ srun --nodes=1 --ntasks=1 -ppbatch cat /proc/cpuinfo
+ grep MHz
+ echo 'cores: 1024'
+ echo 'nodes: 64'
+ srun --nodes=64 --ntasks=1024 -ppbatch -e cg.err -o out.dat --cpu_bind=sockets ../cgCL.sh 1024
Resetting now...
