/g/g24/rountree/local/src/power
nodes=64 ntasks=256
+ export BMARK_STRING=ft.D.256
+ BMARK_STRING=ft.D.256
++ date +%Y_%m_%d_%H_%M_%S_%N
+ name=2012_04_14_10_01_18_416869081
+ mkdir 2012_04_14_10_01_18_416869081
+ cd 2012_04_14_10_01_18_416869081
+ touch out.dat
+ env
+ hostname
+ echo 2012_04_14_10_01_18_416869081
+ uname -a
+ srun --nodes=1 --ntasks=1 -ppbatch cat /proc/cpuinfo
+ grep MHz
+ echo 'cores: 256'
+ echo 'nodes: 64'
+ srun --nodes=64 --ntasks=256 -ppbatch -e ft.err -o out.dat --cpu_bind=sockets ../ftCL.sh 256
nodes=64 ntasks=512
+ export BMARK_STRING=ft.D.512
+ BMARK_STRING=ft.D.512
++ date +%Y_%m_%d_%H_%M_%S_%N
+ name=2012_04_14_10_02_08_485966836
+ mkdir 2012_04_14_10_02_08_485966836
+ cd 2012_04_14_10_02_08_485966836
+ touch out.dat
+ env
+ hostname
+ echo 2012_04_14_10_02_08_485966836
+ uname -a
+ srun --nodes=1 --ntasks=1 -ppbatch cat /proc/cpuinfo
+ grep MHz
+ echo 'cores: 512'
+ echo 'nodes: 64'
+ srun --nodes=64 --ntasks=512 -ppbatch -e ft.err -o out.dat --cpu_bind=sockets ../ftCL.sh 512
nodes=64 ntasks=1024
+ export BMARK_STRING=ft.D.1024
+ BMARK_STRING=ft.D.1024
++ date +%Y_%m_%d_%H_%M_%S_%N
+ name=2012_04_14_10_02_41_977961664
+ mkdir 2012_04_14_10_02_41_977961664
+ cd 2012_04_14_10_02_41_977961664
+ touch out.dat
+ env
+ hostname
+ echo 2012_04_14_10_02_41_977961664
+ uname -a
+ srun --nodes=1 --ntasks=1 -ppbatch cat /proc/cpuinfo
+ grep MHz
+ echo 'cores: 1024'
+ echo 'nodes: 64'
+ srun --nodes=64 --ntasks=1024 -ppbatch -e ft.err -o out.dat --cpu_bind=sockets ../ftCL.sh 1024
nodes=64 ntasks=256
+ export BMARK_STRING=ft.D.256
+ BMARK_STRING=ft.D.256
++ date +%Y_%m_%d_%H_%M_%S_%N
+ name=2012_04_14_10_03_16_953730542
+ mkdir 2012_04_14_10_03_16_953730542
+ cd 2012_04_14_10_03_16_953730542
+ touch out.dat
+ env
+ hostname
+ echo 2012_04_14_10_03_16_953730542
+ uname -a
+ srun --nodes=1 --ntasks=1 -ppbatch cat /proc/cpuinfo
+ grep MHz
+ echo 'cores: 256'
+ echo 'nodes: 64'
+ srun --nodes=64 --ntasks=256 -ppbatch -e ft.err -o out.dat --cpu_bind=sockets ../ftCL.sh 256
nodes=64 ntasks=512
+ export BMARK_STRING=ft.D.512
+ BMARK_STRING=ft.D.512
++ date +%Y_%m_%d_%H_%M_%S_%N
+ name=2012_04_14_10_04_04_919035392
+ mkdir 2012_04_14_10_04_04_919035392
+ cd 2012_04_14_10_04_04_919035392
+ touch out.dat
+ env
+ hostname
+ echo 2012_04_14_10_04_04_919035392
+ uname -a
+ srun --nodes=1 --ntasks=1 -ppbatch cat /proc/cpuinfo
+ grep MHz
+ echo 'cores: 512'
+ echo 'nodes: 64'
+ srun --nodes=64 --ntasks=512 -ppbatch -e ft.err -o out.dat --cpu_bind=sockets ../ftCL.sh 512
nodes=64 ntasks=1024
+ export BMARK_STRING=ft.D.1024
+ BMARK_STRING=ft.D.1024
++ date +%Y_%m_%d_%H_%M_%S_%N
+ name=2012_04_14_10_04_38_254128538
+ mkdir 2012_04_14_10_04_38_254128538
+ cd 2012_04_14_10_04_38_254128538
+ touch out.dat
+ env
+ hostname
+ echo 2012_04_14_10_04_38_254128538
+ uname -a
+ srun --nodes=1 --ntasks=1 -ppbatch cat /proc/cpuinfo
+ grep MHz
+ echo 'cores: 1024'
+ echo 'nodes: 64'
+ srun --nodes=64 --ntasks=1024 -ppbatch -e ft.err -o out.dat --cpu_bind=sockets ../ftCL.sh 1024
nodes=64 ntasks=256
+ export BMARK_STRING=ft.D.256
+ BMARK_STRING=ft.D.256
++ date +%Y_%m_%d_%H_%M_%S_%N
+ name=2012_04_14_10_05_12_773640040
+ mkdir 2012_04_14_10_05_12_773640040
+ cd 2012_04_14_10_05_12_773640040
+ touch out.dat
+ env
+ hostname
+ echo 2012_04_14_10_05_12_773640040
+ uname -a
+ srun --nodes=1 --ntasks=1 -ppbatch cat /proc/cpuinfo
+ grep MHz
+ echo 'cores: 256'
+ echo 'nodes: 64'
+ srun --nodes=64 --ntasks=256 -ppbatch -e ft.err -o out.dat --cpu_bind=sockets ../ftCL.sh 256
nodes=64 ntasks=512
+ export BMARK_STRING=ft.D.512
+ BMARK_STRING=ft.D.512
++ date +%Y_%m_%d_%H_%M_%S_%N
+ name=2012_04_14_10_06_00_716835179
+ mkdir 2012_04_14_10_06_00_716835179
+ cd 2012_04_14_10_06_00_716835179
+ touch out.dat
+ env
+ hostname
+ echo 2012_04_14_10_06_00_716835179
+ uname -a
+ srun --nodes=1 --ntasks=1 -ppbatch cat /proc/cpuinfo
+ grep MHz
+ echo 'cores: 512'
+ echo 'nodes: 64'
+ srun --nodes=64 --ntasks=512 -ppbatch -e ft.err -o out.dat --cpu_bind=sockets ../ftCL.sh 512
nodes=64 ntasks=1024
+ export BMARK_STRING=ft.D.1024
+ BMARK_STRING=ft.D.1024
++ date +%Y_%m_%d_%H_%M_%S_%N
+ name=2012_04_14_10_06_34_299007756
+ mkdir 2012_04_14_10_06_34_299007756
+ cd 2012_04_14_10_06_34_299007756
+ touch out.dat
+ env
+ hostname
+ echo 2012_04_14_10_06_34_299007756
+ uname -a
+ srun --nodes=1 --ntasks=1 -ppbatch cat /proc/cpuinfo
+ grep MHz
+ echo 'cores: 1024'
+ echo 'nodes: 64'
+ srun --nodes=64 --ntasks=1024 -ppbatch -e ft.err -o out.dat --cpu_bind=sockets ../ftCL.sh 1024
nodes=64 ntasks=256
+ export BMARK_STRING=ft.D.256
+ BMARK_STRING=ft.D.256
++ date +%Y_%m_%d_%H_%M_%S_%N
+ name=2012_04_14_10_07_09_079402457
+ mkdir 2012_04_14_10_07_09_079402457
+ cd 2012_04_14_10_07_09_079402457
+ touch out.dat
+ env
+ hostname
+ echo 2012_04_14_10_07_09_079402457
+ uname -a
+ srun --nodes=1 --ntasks=1 -ppbatch cat /proc/cpuinfo
+ grep MHz
+ echo 'cores: 256'
+ echo 'nodes: 64'
+ srun --nodes=64 --ntasks=256 -ppbatch -e ft.err -o out.dat --cpu_bind=sockets ../ftCL.sh 256
nodes=64 ntasks=512
+ export BMARK_STRING=ft.D.512
+ BMARK_STRING=ft.D.512
++ date +%Y_%m_%d_%H_%M_%S_%N
+ name=2012_04_14_10_07_57_369293612
+ mkdir 2012_04_14_10_07_57_369293612
+ cd 2012_04_14_10_07_57_369293612
+ touch out.dat
+ env
+ hostname
+ echo 2012_04_14_10_07_57_369293612
+ uname -a
+ srun --nodes=1 --ntasks=1 -ppbatch cat /proc/cpuinfo
+ grep MHz
+ echo 'cores: 512'
+ echo 'nodes: 64'
+ srun --nodes=64 --ntasks=512 -ppbatch -e ft.err -o out.dat --cpu_bind=sockets ../ftCL.sh 512
nodes=64 ntasks=1024
+ export BMARK_STRING=ft.D.1024
+ BMARK_STRING=ft.D.1024
++ date +%Y_%m_%d_%H_%M_%S_%N
+ name=2012_04_14_10_08_33_561296776
+ mkdir 2012_04_14_10_08_33_561296776
+ cd 2012_04_14_10_08_33_561296776
+ touch out.dat
+ env
+ hostname
+ echo 2012_04_14_10_08_33_561296776
+ uname -a
+ srun --nodes=1 --ntasks=1 -ppbatch cat /proc/cpuinfo
+ grep MHz
+ echo 'cores: 1024'
+ echo 'nodes: 64'
+ srun --nodes=64 --ntasks=1024 -ppbatch -e ft.err -o out.dat --cpu_bind=sockets ../ftCL.sh 1024
nodes=64 ntasks=256
+ export BMARK_STRING=ft.D.256
+ BMARK_STRING=ft.D.256
++ date +%Y_%m_%d_%H_%M_%S_%N
+ name=2012_04_14_10_09_08_782665653
+ mkdir 2012_04_14_10_09_08_782665653
+ cd 2012_04_14_10_09_08_782665653
+ touch out.dat
+ env
+ hostname
+ echo 2012_04_14_10_09_08_782665653
+ uname -a
+ srun --nodes=1 --ntasks=1 -ppbatch cat /proc/cpuinfo
+ grep MHz
+ echo 'cores: 256'
+ echo 'nodes: 64'
+ srun --nodes=64 --ntasks=256 -ppbatch -e ft.err -o out.dat --cpu_bind=sockets ../ftCL.sh 256
nodes=64 ntasks=512
+ export BMARK_STRING=ft.D.512
+ BMARK_STRING=ft.D.512
++ date +%Y_%m_%d_%H_%M_%S_%N
+ name=2012_04_14_10_09_56_992814362
+ mkdir 2012_04_14_10_09_56_992814362
+ cd 2012_04_14_10_09_56_992814362
+ touch out.dat
+ env
+ hostname
+ echo 2012_04_14_10_09_56_992814362
+ uname -a
+ srun --nodes=1 --ntasks=1 -ppbatch cat /proc/cpuinfo
+ grep MHz
+ echo 'cores: 512'
+ echo 'nodes: 64'
+ srun --nodes=64 --ntasks=512 -ppbatch -e ft.err -o out.dat --cpu_bind=sockets ../ftCL.sh 512
nodes=64 ntasks=1024
+ export BMARK_STRING=ft.D.1024
+ BMARK_STRING=ft.D.1024
++ date +%Y_%m_%d_%H_%M_%S_%N
+ name=2012_04_14_10_10_29_819664557
+ mkdir 2012_04_14_10_10_29_819664557
+ cd 2012_04_14_10_10_29_819664557
+ touch out.dat
+ env
+ hostname
+ echo 2012_04_14_10_10_29_819664557
+ uname -a
+ srun --nodes=1 --ntasks=1 -ppbatch cat /proc/cpuinfo
+ grep MHz
+ echo 'cores: 1024'
+ echo 'nodes: 64'
+ srun --nodes=64 --ntasks=1024 -ppbatch -e ft.err -o out.dat --cpu_bind=sockets ../ftCL.sh 1024
nodes=64 ntasks=256
+ export BMARK_STRING=ft.D.256
+ BMARK_STRING=ft.D.256
++ date +%Y_%m_%d_%H_%M_%S_%N
+ name=2012_04_14_10_11_02_452885532
+ mkdir 2012_04_14_10_11_02_452885532
+ cd 2012_04_14_10_11_02_452885532
+ touch out.dat
+ env
+ hostname
+ echo 2012_04_14_10_11_02_452885532
+ uname -a
+ srun --nodes=1 --ntasks=1 -ppbatch cat /proc/cpuinfo
+ grep MHz
+ echo 'cores: 256'
+ echo 'nodes: 64'
+ srun --nodes=64 --ntasks=256 -ppbatch -e ft.err -o out.dat --cpu_bind=sockets ../ftCL.sh 256
nodes=64 ntasks=512
+ export BMARK_STRING=ft.D.512
+ BMARK_STRING=ft.D.512
++ date +%Y_%m_%d_%H_%M_%S_%N
+ name=2012_04_14_10_11_50_317352397
+ mkdir 2012_04_14_10_11_50_317352397
+ cd 2012_04_14_10_11_50_317352397
+ touch out.dat
+ env
+ hostname
+ echo 2012_04_14_10_11_50_317352397
+ uname -a
+ srun --nodes=1 --ntasks=1 -ppbatch cat /proc/cpuinfo
+ grep MHz
+ echo 'cores: 512'
+ echo 'nodes: 64'
+ srun --nodes=64 --ntasks=512 -ppbatch -e ft.err -o out.dat --cpu_bind=sockets ../ftCL.sh 512
nodes=64 ntasks=1024
+ export BMARK_STRING=ft.D.1024
+ BMARK_STRING=ft.D.1024
++ date +%Y_%m_%d_%H_%M_%S_%N
+ name=2012_04_14_10_12_23_162829770
+ mkdir 2012_04_14_10_12_23_162829770
+ cd 2012_04_14_10_12_23_162829770
+ touch out.dat
+ env
+ hostname
+ echo 2012_04_14_10_12_23_162829770
+ uname -a
+ srun --nodes=1 --ntasks=1 -ppbatch cat /proc/cpuinfo
+ grep MHz
+ echo 'cores: 1024'
+ echo 'nodes: 64'
+ srun --nodes=64 --ntasks=1024 -ppbatch -e ft.err -o out.dat --cpu_bind=sockets ../ftCL.sh 1024
nodes=64 ntasks=256
+ export BMARK_STRING=ft.D.256
+ BMARK_STRING=ft.D.256
++ date +%Y_%m_%d_%H_%M_%S_%N
+ name=2012_04_14_10_12_54_919552191
+ mkdir 2012_04_14_10_12_54_919552191
+ cd 2012_04_14_10_12_54_919552191
+ touch out.dat
+ env
+ hostname
+ echo 2012_04_14_10_12_54_919552191
+ uname -a
+ grep MHz
+ srun --nodes=1 --ntasks=1 -ppbatch cat /proc/cpuinfo
+ echo 'cores: 256'
+ echo 'nodes: 64'
+ srun --nodes=64 --ntasks=256 -ppbatch -e ft.err -o out.dat --cpu_bind=sockets ../ftCL.sh 256
nodes=64 ntasks=512
+ export BMARK_STRING=ft.D.512
+ BMARK_STRING=ft.D.512
++ date +%Y_%m_%d_%H_%M_%S_%N
+ name=2012_04_14_10_13_42_920009758
+ mkdir 2012_04_14_10_13_42_920009758
+ cd 2012_04_14_10_13_42_920009758
+ touch out.dat
+ env
+ hostname
+ echo 2012_04_14_10_13_42_920009758
+ uname -a
+ srun --nodes=1 --ntasks=1 -ppbatch cat /proc/cpuinfo
+ grep MHz
+ echo 'cores: 512'
+ echo 'nodes: 64'
+ srun --nodes=64 --ntasks=512 -ppbatch -e ft.err -o out.dat --cpu_bind=sockets ../ftCL.sh 512
nodes=64 ntasks=1024
+ export BMARK_STRING=ft.D.1024
+ BMARK_STRING=ft.D.1024
++ date +%Y_%m_%d_%H_%M_%S_%N
+ name=2012_04_14_10_14_15_566027330
+ mkdir 2012_04_14_10_14_15_566027330
+ cd 2012_04_14_10_14_15_566027330
+ touch out.dat
+ env
+ hostname
+ echo 2012_04_14_10_14_15_566027330
+ uname -a
+ srun --nodes=1 --ntasks=1 -ppbatch cat /proc/cpuinfo
+ grep MHz
+ echo 'cores: 1024'
+ echo 'nodes: 64'
+ srun --nodes=64 --ntasks=1024 -ppbatch -e ft.err -o out.dat --cpu_bind=sockets ../ftCL.sh 1024
nodes=64 ntasks=256
+ export BMARK_STRING=ft.D.256
+ BMARK_STRING=ft.D.256
++ date +%Y_%m_%d_%H_%M_%S_%N
+ name=2012_04_14_10_14_47_624921417
+ mkdir 2012_04_14_10_14_47_624921417
+ cd 2012_04_14_10_14_47_624921417
+ touch out.dat
+ env
+ hostname
+ echo 2012_04_14_10_14_47_624921417
+ uname -a
+ srun --nodes=1 --ntasks=1 -ppbatch cat /proc/cpuinfo
+ grep MHz
+ echo 'cores: 256'
+ echo 'nodes: 64'
+ srun --nodes=64 --ntasks=256 -ppbatch -e ft.err -o out.dat --cpu_bind=sockets ../ftCL.sh 256
nodes=64 ntasks=512
+ export BMARK_STRING=ft.D.512
+ BMARK_STRING=ft.D.512
++ date +%Y_%m_%d_%H_%M_%S_%N
+ name=2012_04_14_10_15_35_811837710
+ mkdir 2012_04_14_10_15_35_811837710
+ cd 2012_04_14_10_15_35_811837710
+ touch out.dat
+ env
+ hostname
+ echo 2012_04_14_10_15_35_811837710
+ uname -a
+ srun --nodes=1 --ntasks=1 -ppbatch cat /proc/cpuinfo
+ grep MHz
+ echo 'cores: 512'
+ echo 'nodes: 64'
+ srun --nodes=64 --ntasks=512 -ppbatch -e ft.err -o out.dat --cpu_bind=sockets ../ftCL.sh 512
nodes=64 ntasks=1024
+ export BMARK_STRING=ft.D.1024
+ BMARK_STRING=ft.D.1024
++ date +%Y_%m_%d_%H_%M_%S_%N
+ name=2012_04_14_10_16_08_631949745
+ mkdir 2012_04_14_10_16_08_631949745
+ cd 2012_04_14_10_16_08_631949745
+ touch out.dat
+ env
+ hostname
+ echo 2012_04_14_10_16_08_631949745
+ uname -a
+ srun --nodes=1 --ntasks=1 -ppbatch cat /proc/cpuinfo
+ grep MHz
+ echo 'cores: 1024'
+ echo 'nodes: 64'
+ srun --nodes=64 --ntasks=1024 -ppbatch -e ft.err -o out.dat --cpu_bind=sockets ../ftCL.sh 1024
nodes=64 ntasks=256
+ export BMARK_STRING=ft.D.256
+ BMARK_STRING=ft.D.256
++ date +%Y_%m_%d_%H_%M_%S_%N
+ name=2012_04_14_10_16_41_358545450
+ mkdir 2012_04_14_10_16_41_358545450
+ cd 2012_04_14_10_16_41_358545450
+ touch out.dat
+ env
+ hostname
+ echo 2012_04_14_10_16_41_358545450
+ uname -a
+ grep MHz
+ srun --nodes=1 --ntasks=1 -ppbatch cat /proc/cpuinfo
+ echo 'cores: 256'
+ echo 'nodes: 64'
+ srun --nodes=64 --ntasks=256 -ppbatch -e ft.err -o out.dat --cpu_bind=sockets ../ftCL.sh 256
nodes=64 ntasks=512
+ export BMARK_STRING=ft.D.512
+ BMARK_STRING=ft.D.512
++ date +%Y_%m_%d_%H_%M_%S_%N
+ name=2012_04_14_10_17_29_285148483
+ mkdir 2012_04_14_10_17_29_285148483
+ cd 2012_04_14_10_17_29_285148483
+ touch out.dat
+ env
+ hostname
+ echo 2012_04_14_10_17_29_285148483
+ uname -a
+ srun --nodes=1 --ntasks=1 -ppbatch cat /proc/cpuinfo
+ grep MHz
+ echo 'cores: 512'
+ echo 'nodes: 64'
+ srun --nodes=64 --ntasks=512 -ppbatch -e ft.err -o out.dat --cpu_bind=sockets ../ftCL.sh 512
nodes=64 ntasks=1024
+ export BMARK_STRING=ft.D.1024
+ BMARK_STRING=ft.D.1024
++ date +%Y_%m_%d_%H_%M_%S_%N
+ name=2012_04_14_10_18_01_924753815
+ mkdir 2012_04_14_10_18_01_924753815
+ cd 2012_04_14_10_18_01_924753815
+ touch out.dat
+ env
+ hostname
+ echo 2012_04_14_10_18_01_924753815
+ uname -a
+ srun --nodes=1 --ntasks=1 -ppbatch cat /proc/cpuinfo
+ grep MHz
+ echo 'cores: 1024'
+ echo 'nodes: 64'
+ srun --nodes=64 --ntasks=1024 -ppbatch -e ft.err -o out.dat --cpu_bind=sockets ../ftCL.sh 1024
nodes=64 ntasks=256
+ export BMARK_STRING=ft.D.256
+ BMARK_STRING=ft.D.256
++ date +%Y_%m_%d_%H_%M_%S_%N
+ name=2012_04_14_10_18_32_991478075
+ mkdir 2012_04_14_10_18_32_991478075
+ cd 2012_04_14_10_18_32_991478075
+ touch out.dat
+ env
+ hostname
+ echo 2012_04_14_10_18_32_991478075
+ uname -a
+ srun --nodes=1 --ntasks=1 -ppbatch cat /proc/cpuinfo
+ grep MHz
+ echo 'cores: 256'
+ echo 'nodes: 64'
+ srun --nodes=64 --ntasks=256 -ppbatch -e ft.err -o out.dat --cpu_bind=sockets ../ftCL.sh 256
nodes=64 ntasks=512
+ export BMARK_STRING=ft.D.512
+ BMARK_STRING=ft.D.512
++ date +%Y_%m_%d_%H_%M_%S_%N
+ name=2012_04_14_10_19_20_975803720
+ mkdir 2012_04_14_10_19_20_975803720
+ cd 2012_04_14_10_19_20_975803720
+ touch out.dat
+ env
+ hostname
+ echo 2012_04_14_10_19_20_975803720
+ uname -a
+ srun --nodes=1 --ntasks=1 -ppbatch cat /proc/cpuinfo
+ grep MHz
+ echo 'cores: 512'
+ echo 'nodes: 64'
+ srun --nodes=64 --ntasks=512 -ppbatch -e ft.err -o out.dat --cpu_bind=sockets ../ftCL.sh 512
nodes=64 ntasks=1024
+ export BMARK_STRING=ft.D.1024
+ BMARK_STRING=ft.D.1024
++ date +%Y_%m_%d_%H_%M_%S_%N
+ name=2012_04_14_10_19_54_529218560
+ mkdir 2012_04_14_10_19_54_529218560
+ cd 2012_04_14_10_19_54_529218560
+ touch out.dat
+ env
+ hostname
+ echo 2012_04_14_10_19_54_529218560
+ uname -a
+ srun --nodes=1 --ntasks=1 -ppbatch cat /proc/cpuinfo
+ grep MHz
+ echo 'cores: 1024'
+ echo 'nodes: 64'
+ srun --nodes=64 --ntasks=1024 -ppbatch -e ft.err -o out.dat --cpu_bind=sockets ../ftCL.sh 1024
nodes=64 ntasks=256
+ export BMARK_STRING=ft.D.256
+ BMARK_STRING=ft.D.256
++ date +%Y_%m_%d_%H_%M_%S_%N
+ name=2012_04_14_10_20_25_371995360
+ mkdir 2012_04_14_10_20_25_371995360
+ cd 2012_04_14_10_20_25_371995360
+ touch out.dat
+ env
+ hostname
+ echo 2012_04_14_10_20_25_371995360
+ uname -a
+ grep MHz
+ srun --nodes=1 --ntasks=1 -ppbatch cat /proc/cpuinfo
+ echo 'cores: 256'
+ echo 'nodes: 64'
+ srun --nodes=64 --ntasks=256 -ppbatch -e ft.err -o out.dat --cpu_bind=sockets ../ftCL.sh 256
nodes=64 ntasks=512
+ export BMARK_STRING=ft.D.512
+ BMARK_STRING=ft.D.512
++ date +%Y_%m_%d_%H_%M_%S_%N
+ name=2012_04_14_10_21_13_898093591
+ mkdir 2012_04_14_10_21_13_898093591
+ cd 2012_04_14_10_21_13_898093591
+ touch out.dat
+ env
+ hostname
+ echo 2012_04_14_10_21_13_898093591
+ uname -a
+ srun --nodes=1 --ntasks=1 -ppbatch cat /proc/cpuinfo
+ grep MHz
+ echo 'cores: 512'
+ echo 'nodes: 64'
+ srun --nodes=64 --ntasks=512 -ppbatch -e ft.err -o out.dat --cpu_bind=sockets ../ftCL.sh 512
nodes=64 ntasks=1024
+ export BMARK_STRING=ft.D.1024
+ BMARK_STRING=ft.D.1024
++ date +%Y_%m_%d_%H_%M_%S_%N
+ name=2012_04_14_10_21_46_719863109
+ mkdir 2012_04_14_10_21_46_719863109
+ cd 2012_04_14_10_21_46_719863109
+ touch out.dat
+ env
+ hostname
+ echo 2012_04_14_10_21_46_719863109
+ uname -a
+ srun --nodes=1 --ntasks=1 -ppbatch cat /proc/cpuinfo
+ grep MHz
+ echo 'cores: 1024'
+ echo 'nodes: 64'
+ srun --nodes=64 --ntasks=1024 -ppbatch -e ft.err -o out.dat --cpu_bind=sockets ../ftCL.sh 1024
nodes=64 ntasks=256
+ export BMARK_STRING=ft.D.256
+ BMARK_STRING=ft.D.256
++ date +%Y_%m_%d_%H_%M_%S_%N
+ name=2012_04_14_10_22_16_772974681
+ mkdir 2012_04_14_10_22_16_772974681
+ cd 2012_04_14_10_22_16_772974681
+ touch out.dat
+ env
+ hostname
+ echo 2012_04_14_10_22_16_772974681
+ uname -a
+ srun --nodes=1 --ntasks=1 -ppbatch cat /proc/cpuinfo
+ grep MHz
+ echo 'cores: 256'
+ echo 'nodes: 64'
+ srun --nodes=64 --ntasks=256 -ppbatch -e ft.err -o out.dat --cpu_bind=sockets ../ftCL.sh 256
nodes=64 ntasks=512
+ export BMARK_STRING=ft.D.512
+ BMARK_STRING=ft.D.512
++ date +%Y_%m_%d_%H_%M_%S_%N
+ name=2012_04_14_10_23_04_745720434
+ mkdir 2012_04_14_10_23_04_745720434
+ cd 2012_04_14_10_23_04_745720434
+ touch out.dat
+ env
+ hostname
+ echo 2012_04_14_10_23_04_745720434
+ uname -a
+ srun --nodes=1 --ntasks=1 -ppbatch cat /proc/cpuinfo
+ grep MHz
+ echo 'cores: 512'
+ echo 'nodes: 64'
+ srun --nodes=64 --ntasks=512 -ppbatch -e ft.err -o out.dat --cpu_bind=sockets ../ftCL.sh 512
nodes=64 ntasks=1024
+ export BMARK_STRING=ft.D.1024
+ BMARK_STRING=ft.D.1024
++ date +%Y_%m_%d_%H_%M_%S_%N
+ name=2012_04_14_10_23_36_997701234
+ mkdir 2012_04_14_10_23_36_997701234
+ cd 2012_04_14_10_23_36_997701234
+ touch out.dat
+ env
+ hostname
+ echo 2012_04_14_10_23_36_997701234
+ uname -a
+ srun --nodes=1 --ntasks=1 -ppbatch cat /proc/cpuinfo
+ grep MHz
+ echo 'cores: 1024'
+ echo 'nodes: 64'
+ srun --nodes=64 --ntasks=1024 -ppbatch -e ft.err -o out.dat --cpu_bind=sockets ../ftCL.sh 1024
nodes=64 ntasks=256
+ export BMARK_STRING=ft.D.256
+ BMARK_STRING=ft.D.256
++ date +%Y_%m_%d_%H_%M_%S_%N
+ name=2012_04_14_10_24_08_141945570
+ mkdir 2012_04_14_10_24_08_141945570
+ cd 2012_04_14_10_24_08_141945570
+ touch out.dat
+ env
+ hostname
+ echo 2012_04_14_10_24_08_141945570
+ uname -a
+ srun --nodes=1 --ntasks=1 -ppbatch cat /proc/cpuinfo
+ grep MHz
+ echo 'cores: 256'
+ echo 'nodes: 64'
+ srun --nodes=64 --ntasks=256 -ppbatch -e ft.err -o out.dat --cpu_bind=sockets ../ftCL.sh 256
nodes=64 ntasks=512
+ export BMARK_STRING=ft.D.512
+ BMARK_STRING=ft.D.512
++ date +%Y_%m_%d_%H_%M_%S_%N
+ name=2012_04_14_10_24_55_984737799
+ mkdir 2012_04_14_10_24_55_984737799
+ cd 2012_04_14_10_24_55_984737799
+ touch out.dat
+ env
+ hostname
+ echo 2012_04_14_10_24_55_984737799
+ uname -a
+ srun --nodes=1 --ntasks=1 -ppbatch cat /proc/cpuinfo
+ grep MHz
+ echo 'cores: 512'
+ echo 'nodes: 64'
+ srun --nodes=64 --ntasks=512 -ppbatch -e ft.err -o out.dat --cpu_bind=sockets ../ftCL.sh 512
nodes=64 ntasks=1024
+ export BMARK_STRING=ft.D.1024
+ BMARK_STRING=ft.D.1024
++ date +%Y_%m_%d_%H_%M_%S_%N
+ name=2012_04_14_10_25_29_153626747
+ mkdir 2012_04_14_10_25_29_153626747
+ cd 2012_04_14_10_25_29_153626747
+ touch out.dat
+ env
+ hostname
+ echo 2012_04_14_10_25_29_153626747
+ uname -a
+ srun --nodes=1 --ntasks=1 -ppbatch cat /proc/cpuinfo
+ grep MHz
+ echo 'cores: 1024'
+ echo 'nodes: 64'
+ srun --nodes=64 --ntasks=1024 -ppbatch -e ft.err -o out.dat --cpu_bind=sockets ../ftCL.sh 1024
nodes=64 ntasks=256
+ export BMARK_STRING=ft.D.256
+ BMARK_STRING=ft.D.256
++ date +%Y_%m_%d_%H_%M_%S_%N
+ name=2012_04_14_10_25_59_162683359
+ mkdir 2012_04_14_10_25_59_162683359
+ cd 2012_04_14_10_25_59_162683359
+ touch out.dat
+ env
+ hostname
+ echo 2012_04_14_10_25_59_162683359
+ uname -a
+ srun --nodes=1 --ntasks=1 -ppbatch cat /proc/cpuinfo
+ grep MHz
+ echo 'cores: 256'
+ echo 'nodes: 64'
+ srun --nodes=64 --ntasks=256 -ppbatch -e ft.err -o out.dat --cpu_bind=sockets ../ftCL.sh 256
nodes=64 ntasks=512
+ export BMARK_STRING=ft.D.512
+ BMARK_STRING=ft.D.512
++ date +%Y_%m_%d_%H_%M_%S_%N
+ name=2012_04_14_10_26_47_488745097
+ mkdir 2012_04_14_10_26_47_488745097
+ cd 2012_04_14_10_26_47_488745097
+ touch out.dat
+ env
+ hostname
+ echo 2012_04_14_10_26_47_488745097
+ uname -a
+ srun --nodes=1 --ntasks=1 -ppbatch cat /proc/cpuinfo
+ grep MHz
+ echo 'cores: 512'
+ echo 'nodes: 64'
+ srun --nodes=64 --ntasks=512 -ppbatch -e ft.err -o out.dat --cpu_bind=sockets ../ftCL.sh 512
nodes=64 ntasks=1024
+ export BMARK_STRING=ft.D.1024
+ BMARK_STRING=ft.D.1024
++ date +%Y_%m_%d_%H_%M_%S_%N
+ name=2012_04_14_10_27_20_802273694
+ mkdir 2012_04_14_10_27_20_802273694
+ cd 2012_04_14_10_27_20_802273694
+ touch out.dat
+ env
+ hostname
+ echo 2012_04_14_10_27_20_802273694
+ uname -a
+ srun --nodes=1 --ntasks=1 -ppbatch cat /proc/cpuinfo
+ grep MHz
+ echo 'cores: 1024'
+ echo 'nodes: 64'
+ srun --nodes=64 --ntasks=1024 -ppbatch -e ft.err -o out.dat --cpu_bind=sockets ../ftCL.sh 1024
nodes=64 ntasks=256
+ export BMARK_STRING=ft.D.256
+ BMARK_STRING=ft.D.256
++ date +%Y_%m_%d_%H_%M_%S_%N
+ name=2012_04_14_10_27_51_975062690
+ mkdir 2012_04_14_10_27_51_975062690
+ cd 2012_04_14_10_27_51_975062690
+ touch out.dat
+ env
+ hostname
+ echo 2012_04_14_10_27_51_975062690
+ uname -a
+ srun --nodes=1 --ntasks=1 -ppbatch cat /proc/cpuinfo
+ grep MHz
+ echo 'cores: 256'
+ echo 'nodes: 64'
+ srun --nodes=64 --ntasks=256 -ppbatch -e ft.err -o out.dat --cpu_bind=sockets ../ftCL.sh 256
nodes=64 ntasks=512
+ export BMARK_STRING=ft.D.512
+ BMARK_STRING=ft.D.512
++ date +%Y_%m_%d_%H_%M_%S_%N
+ name=2012_04_14_10_28_40_380135528
+ mkdir 2012_04_14_10_28_40_380135528
+ cd 2012_04_14_10_28_40_380135528
+ touch out.dat
+ env
+ hostname
+ echo 2012_04_14_10_28_40_380135528
+ uname -a
+ srun --nodes=1 --ntasks=1 -ppbatch cat /proc/cpuinfo
+ grep MHz
+ echo 'cores: 512'
+ echo 'nodes: 64'
+ srun --nodes=64 --ntasks=512 -ppbatch -e ft.err -o out.dat --cpu_bind=sockets ../ftCL.sh 512
nodes=64 ntasks=1024
+ export BMARK_STRING=ft.D.1024
+ BMARK_STRING=ft.D.1024
++ date +%Y_%m_%d_%H_%M_%S_%N
+ name=2012_04_14_10_29_12_951465628
+ mkdir 2012_04_14_10_29_12_951465628
+ cd 2012_04_14_10_29_12_951465628
+ touch out.dat
+ env
+ hostname
+ echo 2012_04_14_10_29_12_951465628
+ uname -a
+ srun --nodes=1 --ntasks=1 -ppbatch cat /proc/cpuinfo
+ grep MHz
+ echo 'cores: 1024'
+ echo 'nodes: 64'
+ srun --nodes=64 --ntasks=1024 -ppbatch -e ft.err -o out.dat --cpu_bind=sockets ../ftCL.sh 1024
nodes=64 ntasks=256
+ export BMARK_STRING=ft.D.256
+ BMARK_STRING=ft.D.256
++ date +%Y_%m_%d_%H_%M_%S_%N
+ name=2012_04_14_10_29_43_268707430
+ mkdir 2012_04_14_10_29_43_268707430
+ cd 2012_04_14_10_29_43_268707430
+ touch out.dat
+ env
+ hostname
+ echo 2012_04_14_10_29_43_268707430
+ uname -a
+ srun --nodes=1 --ntasks=1 -ppbatch cat /proc/cpuinfo
+ grep MHz
+ echo 'cores: 256'
+ echo 'nodes: 64'
+ srun --nodes=64 --ntasks=256 -ppbatch -e ft.err -o out.dat --cpu_bind=sockets ../ftCL.sh 256
nodes=64 ntasks=512
+ export BMARK_STRING=ft.D.512
+ BMARK_STRING=ft.D.512
++ date +%Y_%m_%d_%H_%M_%S_%N
+ name=2012_04_14_10_30_31_352906393
+ mkdir 2012_04_14_10_30_31_352906393
+ cd 2012_04_14_10_30_31_352906393
+ touch out.dat
+ env
+ hostname
+ echo 2012_04_14_10_30_31_352906393
+ uname -a
+ srun --nodes=1 --ntasks=1 -ppbatch cat /proc/cpuinfo
+ grep MHz
+ echo 'cores: 512'
+ echo 'nodes: 64'
+ srun --nodes=64 --ntasks=512 -ppbatch -e ft.err -o out.dat --cpu_bind=sockets ../ftCL.sh 512
nodes=64 ntasks=1024
+ export BMARK_STRING=ft.D.1024
+ BMARK_STRING=ft.D.1024
++ date +%Y_%m_%d_%H_%M_%S_%N
+ name=2012_04_14_10_31_04_085123257
+ mkdir 2012_04_14_10_31_04_085123257
+ cd 2012_04_14_10_31_04_085123257
+ touch out.dat
+ env
+ hostname
+ echo 2012_04_14_10_31_04_085123257
+ uname -a
+ srun --nodes=1 --ntasks=1 -ppbatch cat /proc/cpuinfo
+ grep MHz
+ echo 'cores: 1024'
+ echo 'nodes: 64'
+ srun --nodes=64 --ntasks=1024 -ppbatch -e ft.err -o out.dat --cpu_bind=sockets ../ftCL.sh 1024
Resetting now...
