/g/g24/rountree/local/src/power
nodes=64 ntasks=256
+ export BMARK_STRING=lu.C.256
+ BMARK_STRING=lu.C.256
++ date +%Y_%m_%d_%H_%M_%S_%N
+ name=2012_04_14_10_39_13_176437125
+ mkdir 2012_04_14_10_39_13_176437125
+ cd 2012_04_14_10_39_13_176437125
+ touch out.dat
+ env
+ hostname
+ echo 2012_04_14_10_39_13_176437125
+ uname -a
+ srun --nodes=1 --ntasks=1 -ppbatch cat /proc/cpuinfo
+ grep MHz
+ echo 'cores: 256'
+ echo 'nodes: 64'
+ srun --nodes=64 --ntasks=256 -ppbatch -e lu.err -o out.dat --cpu_bind=sockets ../luCL.sh 256
nodes=64 ntasks=512
+ export BMARK_STRING=lu.C.512
+ BMARK_STRING=lu.C.512
++ date +%Y_%m_%d_%H_%M_%S_%N
+ name=2012_04_14_10_39_27_853179344
+ mkdir 2012_04_14_10_39_27_853179344
+ cd 2012_04_14_10_39_27_853179344
+ touch out.dat
+ env
+ hostname
+ echo 2012_04_14_10_39_27_853179344
+ uname -a
+ srun --nodes=1 --ntasks=1 -ppbatch cat /proc/cpuinfo
+ grep MHz
+ echo 'cores: 512'
+ echo 'nodes: 64'
+ srun --nodes=64 --ntasks=512 -ppbatch -e lu.err -o out.dat --cpu_bind=sockets ../luCL.sh 512
nodes=64 ntasks=1024
+ export BMARK_STRING=lu.C.1024
+ BMARK_STRING=lu.C.1024
++ date +%Y_%m_%d_%H_%M_%S_%N
+ name=2012_04_14_10_39_38_306993109
+ mkdir 2012_04_14_10_39_38_306993109
+ cd 2012_04_14_10_39_38_306993109
+ touch out.dat
+ env
+ hostname
+ echo 2012_04_14_10_39_38_306993109
+ uname -a
+ srun --nodes=1 --ntasks=1 -ppbatch cat /proc/cpuinfo
+ grep MHz
+ echo 'cores: 1024'
+ echo 'nodes: 64'
+ srun --nodes=64 --ntasks=1024 -ppbatch -e lu.err -o out.dat --cpu_bind=sockets ../luCL.sh 1024
nodes=64 ntasks=256
+ export BMARK_STRING=lu.C.256
+ BMARK_STRING=lu.C.256
++ date +%Y_%m_%d_%H_%M_%S_%N
+ name=2012_04_14_10_39_50_865150147
+ mkdir 2012_04_14_10_39_50_865150147
+ cd 2012_04_14_10_39_50_865150147
+ touch out.dat
+ env
+ hostname
+ echo 2012_04_14_10_39_50_865150147
+ uname -a
+ srun --nodes=1 --ntasks=1 -ppbatch cat /proc/cpuinfo
+ grep MHz
+ echo 'cores: 256'
+ echo 'nodes: 64'
+ srun --nodes=64 --ntasks=256 -ppbatch -e lu.err -o out.dat --cpu_bind=sockets ../luCL.sh 256
nodes=64 ntasks=512
+ export BMARK_STRING=lu.C.512
+ BMARK_STRING=lu.C.512
++ date +%Y_%m_%d_%H_%M_%S_%N
+ name=2012_04_14_10_40_02_591984754
+ mkdir 2012_04_14_10_40_02_591984754
+ cd 2012_04_14_10_40_02_591984754
+ touch out.dat
+ env
+ hostname
+ echo 2012_04_14_10_40_02_591984754
+ uname -a
+ srun --nodes=1 --ntasks=1 -ppbatch cat /proc/cpuinfo
+ grep MHz
+ echo 'cores: 512'
+ echo 'nodes: 64'
+ srun --nodes=64 --ntasks=512 -ppbatch -e lu.err -o out.dat --cpu_bind=sockets ../luCL.sh 512
nodes=64 ntasks=1024
+ export BMARK_STRING=lu.C.1024
+ BMARK_STRING=lu.C.1024
++ date +%Y_%m_%d_%H_%M_%S_%N
+ name=2012_04_14_10_40_12_698805042
+ mkdir 2012_04_14_10_40_12_698805042
+ cd 2012_04_14_10_40_12_698805042
+ touch out.dat
+ env
+ hostname
+ echo 2012_04_14_10_40_12_698805042
+ uname -a
+ srun --nodes=1 --ntasks=1 -ppbatch cat /proc/cpuinfo
+ grep MHz
+ echo 'cores: 1024'
+ echo 'nodes: 64'
+ srun --nodes=64 --ntasks=1024 -ppbatch -e lu.err -o out.dat --cpu_bind=sockets ../luCL.sh 1024
nodes=64 ntasks=256
+ export BMARK_STRING=lu.C.256
+ BMARK_STRING=lu.C.256
++ date +%Y_%m_%d_%H_%M_%S_%N
+ name=2012_04_14_10_40_25_243264522
+ mkdir 2012_04_14_10_40_25_243264522
+ cd 2012_04_14_10_40_25_243264522
+ touch out.dat
+ env
+ hostname
+ echo 2012_04_14_10_40_25_243264522
+ uname -a
+ srun --nodes=1 --ntasks=1 -ppbatch cat /proc/cpuinfo
+ grep MHz
+ echo 'cores: 256'
+ echo 'nodes: 64'
+ srun --nodes=64 --ntasks=256 -ppbatch -e lu.err -o out.dat --cpu_bind=sockets ../luCL.sh 256
nodes=64 ntasks=512
+ export BMARK_STRING=lu.C.512
+ BMARK_STRING=lu.C.512
++ date +%Y_%m_%d_%H_%M_%S_%N
+ name=2012_04_14_10_40_36_535096441
+ mkdir 2012_04_14_10_40_36_535096441
+ cd 2012_04_14_10_40_36_535096441
+ touch out.dat
+ env
+ hostname
+ echo 2012_04_14_10_40_36_535096441
+ uname -a
+ srun --nodes=1 --ntasks=1 -ppbatch cat /proc/cpuinfo
+ grep MHz
+ echo 'cores: 512'
+ echo 'nodes: 64'
+ srun --nodes=64 --ntasks=512 -ppbatch -e lu.err -o out.dat --cpu_bind=sockets ../luCL.sh 512
nodes=64 ntasks=1024
+ export BMARK_STRING=lu.C.1024
+ BMARK_STRING=lu.C.1024
++ date +%Y_%m_%d_%H_%M_%S_%N
+ name=2012_04_14_10_40_46_727093480
+ mkdir 2012_04_14_10_40_46_727093480
+ cd 2012_04_14_10_40_46_727093480
+ touch out.dat
+ env
+ hostname
+ echo 2012_04_14_10_40_46_727093480
+ uname -a
+ srun --nodes=1 --ntasks=1 -ppbatch cat /proc/cpuinfo
+ grep MHz
+ echo 'cores: 1024'
+ echo 'nodes: 64'
+ srun --nodes=64 --ntasks=1024 -ppbatch -e lu.err -o out.dat --cpu_bind=sockets ../luCL.sh 1024
nodes=64 ntasks=256
+ export BMARK_STRING=lu.C.256
+ BMARK_STRING=lu.C.256
++ date +%Y_%m_%d_%H_%M_%S_%N
+ name=2012_04_14_10_40_59_323801489
+ mkdir 2012_04_14_10_40_59_323801489
+ cd 2012_04_14_10_40_59_323801489
+ touch out.dat
+ env
+ hostname
+ echo 2012_04_14_10_40_59_323801489
+ uname -a
+ srun --nodes=1 --ntasks=1 -ppbatch cat /proc/cpuinfo
+ grep MHz
+ echo 'cores: 256'
+ echo 'nodes: 64'
+ srun --nodes=64 --ntasks=256 -ppbatch -e lu.err -o out.dat --cpu_bind=sockets ../luCL.sh 256
nodes=64 ntasks=512
+ export BMARK_STRING=lu.C.512
+ BMARK_STRING=lu.C.512
++ date +%Y_%m_%d_%H_%M_%S_%N
+ name=2012_04_14_10_41_11_535636689
+ mkdir 2012_04_14_10_41_11_535636689
+ cd 2012_04_14_10_41_11_535636689
+ touch out.dat
+ env
+ hostname
+ echo 2012_04_14_10_41_11_535636689
+ uname -a
+ srun --nodes=1 --ntasks=1 -ppbatch cat /proc/cpuinfo
+ grep MHz
+ echo 'cores: 512'
+ echo 'nodes: 64'
+ srun --nodes=64 --ntasks=512 -ppbatch -e lu.err -o out.dat --cpu_bind=sockets ../luCL.sh 512
nodes=64 ntasks=1024
+ export BMARK_STRING=lu.C.1024
+ BMARK_STRING=lu.C.1024
++ date +%Y_%m_%d_%H_%M_%S_%N
+ name=2012_04_14_10_41_22_439588939
+ mkdir 2012_04_14_10_41_22_439588939
+ cd 2012_04_14_10_41_22_439588939
+ touch out.dat
+ env
+ hostname
+ echo 2012_04_14_10_41_22_439588939
+ uname -a
+ srun --nodes=1 --ntasks=1 -ppbatch cat /proc/cpuinfo
+ grep MHz
+ echo 'cores: 1024'
+ echo 'nodes: 64'
+ srun --nodes=64 --ntasks=1024 -ppbatch -e lu.err -o out.dat --cpu_bind=sockets ../luCL.sh 1024
nodes=64 ntasks=256
+ export BMARK_STRING=lu.C.256
+ BMARK_STRING=lu.C.256
++ date +%Y_%m_%d_%H_%M_%S_%N
+ name=2012_04_14_10_41_34_874867154
+ mkdir 2012_04_14_10_41_34_874867154
+ cd 2012_04_14_10_41_34_874867154
+ touch out.dat
+ env
+ hostname
+ echo 2012_04_14_10_41_34_874867154
+ uname -a
+ srun --nodes=1 --ntasks=1 -ppbatch cat /proc/cpuinfo
+ grep MHz
+ echo 'cores: 256'
+ echo 'nodes: 64'
+ srun --nodes=64 --ntasks=256 -ppbatch -e lu.err -o out.dat --cpu_bind=sockets ../luCL.sh 256
nodes=64 ntasks=512
+ export BMARK_STRING=lu.C.512
+ BMARK_STRING=lu.C.512
++ date +%Y_%m_%d_%H_%M_%S_%N
+ name=2012_04_14_10_41_47_033301782
+ mkdir 2012_04_14_10_41_47_033301782
+ cd 2012_04_14_10_41_47_033301782
+ touch out.dat
+ env
+ hostname
+ echo 2012_04_14_10_41_47_033301782
+ uname -a
+ srun --nodes=1 --ntasks=1 -ppbatch cat /proc/cpuinfo
+ grep MHz
+ echo 'cores: 512'
+ echo 'nodes: 64'
+ srun --nodes=64 --ntasks=512 -ppbatch -e lu.err -o out.dat --cpu_bind=sockets ../luCL.sh 512
nodes=64 ntasks=1024
+ export BMARK_STRING=lu.C.1024
+ BMARK_STRING=lu.C.1024
++ date +%Y_%m_%d_%H_%M_%S_%N
+ name=2012_04_14_10_41_57_883782644
+ mkdir 2012_04_14_10_41_57_883782644
+ cd 2012_04_14_10_41_57_883782644
+ touch out.dat
+ env
+ hostname
+ echo 2012_04_14_10_41_57_883782644
+ uname -a
+ srun --nodes=1 --ntasks=1 -ppbatch cat /proc/cpuinfo
+ grep MHz
+ echo 'cores: 1024'
+ echo 'nodes: 64'
+ srun --nodes=64 --ntasks=1024 -ppbatch -e lu.err -o out.dat --cpu_bind=sockets ../luCL.sh 1024
nodes=64 ntasks=256
+ export BMARK_STRING=lu.C.256
+ BMARK_STRING=lu.C.256
++ date +%Y_%m_%d_%H_%M_%S_%N
+ name=2012_04_14_10_42_09_853859753
+ mkdir 2012_04_14_10_42_09_853859753
+ cd 2012_04_14_10_42_09_853859753
+ touch out.dat
+ env
+ hostname
+ echo 2012_04_14_10_42_09_853859753
+ uname -a
+ srun --nodes=1 --ntasks=1 -ppbatch cat /proc/cpuinfo
+ grep MHz
+ echo 'cores: 256'
+ echo 'nodes: 64'
+ srun --nodes=64 --ntasks=256 -ppbatch -e lu.err -o out.dat --cpu_bind=sockets ../luCL.sh 256
nodes=64 ntasks=512
+ export BMARK_STRING=lu.C.512
+ BMARK_STRING=lu.C.512
++ date +%Y_%m_%d_%H_%M_%S_%N
+ name=2012_04_14_10_42_21_899058133
+ mkdir 2012_04_14_10_42_21_899058133
+ cd 2012_04_14_10_42_21_899058133
+ touch out.dat
+ env
+ hostname
+ echo 2012_04_14_10_42_21_899058133
+ uname -a
+ srun --nodes=1 --ntasks=1 -ppbatch cat /proc/cpuinfo
+ grep MHz
+ echo 'cores: 512'
+ echo 'nodes: 64'
+ srun --nodes=64 --ntasks=512 -ppbatch -e lu.err -o out.dat --cpu_bind=sockets ../luCL.sh 512
nodes=64 ntasks=1024
+ export BMARK_STRING=lu.C.1024
+ BMARK_STRING=lu.C.1024
++ date +%Y_%m_%d_%H_%M_%S_%N
+ name=2012_04_14_10_42_33_020565471
+ mkdir 2012_04_14_10_42_33_020565471
+ cd 2012_04_14_10_42_33_020565471
+ touch out.dat
+ env
+ hostname
+ echo 2012_04_14_10_42_33_020565471
+ uname -a
+ srun --nodes=1 --ntasks=1 -ppbatch cat /proc/cpuinfo
+ grep MHz
+ echo 'cores: 1024'
+ echo 'nodes: 64'
+ srun --nodes=64 --ntasks=1024 -ppbatch -e lu.err -o out.dat --cpu_bind=sockets ../luCL.sh 1024
nodes=64 ntasks=256
+ export BMARK_STRING=lu.C.256
+ BMARK_STRING=lu.C.256
++ date +%Y_%m_%d_%H_%M_%S_%N
+ name=2012_04_14_10_42_44_751920195
+ mkdir 2012_04_14_10_42_44_751920195
+ cd 2012_04_14_10_42_44_751920195
+ touch out.dat
+ env
+ hostname
+ echo 2012_04_14_10_42_44_751920195
+ uname -a
+ srun --nodes=1 --ntasks=1 -ppbatch cat /proc/cpuinfo
+ grep MHz
+ echo 'cores: 256'
+ echo 'nodes: 64'
+ srun --nodes=64 --ntasks=256 -ppbatch -e lu.err -o out.dat --cpu_bind=sockets ../luCL.sh 256
nodes=64 ntasks=512
+ export BMARK_STRING=lu.C.512
+ BMARK_STRING=lu.C.512
++ date +%Y_%m_%d_%H_%M_%S_%N
+ name=2012_04_14_10_42_57_416466114
+ mkdir 2012_04_14_10_42_57_416466114
+ cd 2012_04_14_10_42_57_416466114
+ touch out.dat
+ env
+ hostname
+ echo 2012_04_14_10_42_57_416466114
+ uname -a
+ srun --nodes=1 --ntasks=1 -ppbatch cat /proc/cpuinfo
+ grep MHz
+ echo 'cores: 512'
+ echo 'nodes: 64'
+ srun --nodes=64 --ntasks=512 -ppbatch -e lu.err -o out.dat --cpu_bind=sockets ../luCL.sh 512
nodes=64 ntasks=1024
+ export BMARK_STRING=lu.C.1024
+ BMARK_STRING=lu.C.1024
++ date +%Y_%m_%d_%H_%M_%S_%N
+ name=2012_04_14_10_43_07_551981905
+ mkdir 2012_04_14_10_43_07_551981905
+ cd 2012_04_14_10_43_07_551981905
+ touch out.dat
+ env
+ hostname
+ echo 2012_04_14_10_43_07_551981905
+ uname -a
+ srun --nodes=1 --ntasks=1 -ppbatch cat /proc/cpuinfo
+ grep MHz
+ echo 'cores: 1024'
+ echo 'nodes: 64'
+ srun --nodes=64 --ntasks=1024 -ppbatch -e lu.err -o out.dat --cpu_bind=sockets ../luCL.sh 1024
nodes=64 ntasks=256
+ export BMARK_STRING=lu.C.256
+ BMARK_STRING=lu.C.256
++ date +%Y_%m_%d_%H_%M_%S_%N
+ name=2012_04_14_10_43_20_193336566
+ mkdir 2012_04_14_10_43_20_193336566
+ cd 2012_04_14_10_43_20_193336566
+ touch out.dat
+ env
+ hostname
+ echo 2012_04_14_10_43_20_193336566
+ uname -a
+ srun --nodes=1 --ntasks=1 -ppbatch cat /proc/cpuinfo
+ grep MHz
+ echo 'cores: 256'
+ echo 'nodes: 64'
+ srun --nodes=64 --ntasks=256 -ppbatch -e lu.err -o out.dat --cpu_bind=sockets ../luCL.sh 256
nodes=64 ntasks=512
+ export BMARK_STRING=lu.C.512
+ BMARK_STRING=lu.C.512
++ date +%Y_%m_%d_%H_%M_%S_%N
+ name=2012_04_14_10_43_32_418931746
+ mkdir 2012_04_14_10_43_32_418931746
+ cd 2012_04_14_10_43_32_418931746
+ touch out.dat
+ env
+ hostname
+ echo 2012_04_14_10_43_32_418931746
+ uname -a
+ grep MHz
+ srun --nodes=1 --ntasks=1 -ppbatch cat /proc/cpuinfo
+ echo 'cores: 512'
+ echo 'nodes: 64'
+ srun --nodes=64 --ntasks=512 -ppbatch -e lu.err -o out.dat --cpu_bind=sockets ../luCL.sh 512
nodes=64 ntasks=1024
+ export BMARK_STRING=lu.C.1024
+ BMARK_STRING=lu.C.1024
++ date +%Y_%m_%d_%H_%M_%S_%N
+ name=2012_04_14_10_43_42_688444477
+ mkdir 2012_04_14_10_43_42_688444477
+ cd 2012_04_14_10_43_42_688444477
+ touch out.dat
+ env
+ hostname
+ echo 2012_04_14_10_43_42_688444477
+ uname -a
+ srun --nodes=1 --ntasks=1 -ppbatch cat /proc/cpuinfo
+ grep MHz
+ echo 'cores: 1024'
+ echo 'nodes: 64'
+ srun --nodes=64 --ntasks=1024 -ppbatch -e lu.err -o out.dat --cpu_bind=sockets ../luCL.sh 1024
nodes=64 ntasks=256
+ export BMARK_STRING=lu.C.256
+ BMARK_STRING=lu.C.256
++ date +%Y_%m_%d_%H_%M_%S_%N
+ name=2012_04_14_10_43_54_986950672
+ mkdir 2012_04_14_10_43_54_986950672
+ cd 2012_04_14_10_43_54_986950672
+ touch out.dat
+ env
+ hostname
+ echo 2012_04_14_10_43_54_986950672
+ uname -a
+ srun --nodes=1 --ntasks=1 -ppbatch cat /proc/cpuinfo
+ grep MHz
+ echo 'cores: 256'
+ echo 'nodes: 64'
+ srun --nodes=64 --ntasks=256 -ppbatch -e lu.err -o out.dat --cpu_bind=sockets ../luCL.sh 256
nodes=64 ntasks=512
+ export BMARK_STRING=lu.C.512
+ BMARK_STRING=lu.C.512
++ date +%Y_%m_%d_%H_%M_%S_%N
+ name=2012_04_14_10_44_06_651786655
+ mkdir 2012_04_14_10_44_06_651786655
+ cd 2012_04_14_10_44_06_651786655
+ touch out.dat
+ env
+ hostname
+ echo 2012_04_14_10_44_06_651786655
+ uname -a
+ srun --nodes=1 --ntasks=1 -ppbatch cat /proc/cpuinfo
+ grep MHz
+ echo 'cores: 512'
+ echo 'nodes: 64'
+ srun --nodes=64 --ntasks=512 -ppbatch -e lu.err -o out.dat --cpu_bind=sockets ../luCL.sh 512
nodes=64 ntasks=1024
+ export BMARK_STRING=lu.C.1024
+ BMARK_STRING=lu.C.1024
++ date +%Y_%m_%d_%H_%M_%S_%N
+ name=2012_04_14_10_44_16_780401228
+ mkdir 2012_04_14_10_44_16_780401228
+ cd 2012_04_14_10_44_16_780401228
+ touch out.dat
+ env
+ hostname
+ echo 2012_04_14_10_44_16_780401228
+ uname -a
+ srun --nodes=1 --ntasks=1 -ppbatch cat /proc/cpuinfo
+ grep MHz
+ echo 'cores: 1024'
+ echo 'nodes: 64'
+ srun --nodes=64 --ntasks=1024 -ppbatch -e lu.err -o out.dat --cpu_bind=sockets ../luCL.sh 1024
nodes=64 ntasks=256
+ export BMARK_STRING=lu.C.256
+ BMARK_STRING=lu.C.256
++ date +%Y_%m_%d_%H_%M_%S_%N
+ name=2012_04_14_10_44_29_016859393
+ mkdir 2012_04_14_10_44_29_016859393
+ cd 2012_04_14_10_44_29_016859393
+ touch out.dat
+ env
+ hostname
+ echo 2012_04_14_10_44_29_016859393
+ uname -a
+ srun --nodes=1 --ntasks=1 -ppbatch cat /proc/cpuinfo
+ grep MHz
+ echo 'cores: 256'
+ echo 'nodes: 64'
+ srun --nodes=64 --ntasks=256 -ppbatch -e lu.err -o out.dat --cpu_bind=sockets ../luCL.sh 256
nodes=64 ntasks=512
+ export BMARK_STRING=lu.C.512
+ BMARK_STRING=lu.C.512
++ date +%Y_%m_%d_%H_%M_%S_%N
+ name=2012_04_14_10_44_41_231897184
+ mkdir 2012_04_14_10_44_41_231897184
+ cd 2012_04_14_10_44_41_231897184
+ touch out.dat
+ env
+ hostname
+ echo 2012_04_14_10_44_41_231897184
+ uname -a
+ srun --nodes=1 --ntasks=1 -ppbatch cat /proc/cpuinfo
+ grep MHz
+ echo 'cores: 512'
+ echo 'nodes: 64'
+ srun --nodes=64 --ntasks=512 -ppbatch -e lu.err -o out.dat --cpu_bind=sockets ../luCL.sh 512
nodes=64 ntasks=1024
+ export BMARK_STRING=lu.C.1024
+ BMARK_STRING=lu.C.1024
++ date +%Y_%m_%d_%H_%M_%S_%N
+ name=2012_04_14_10_44_51_580491083
+ mkdir 2012_04_14_10_44_51_580491083
+ cd 2012_04_14_10_44_51_580491083
+ touch out.dat
+ env
+ hostname
+ echo 2012_04_14_10_44_51_580491083
+ uname -a
+ srun --nodes=1 --ntasks=1 -ppbatch cat /proc/cpuinfo
+ grep MHz
+ echo 'cores: 1024'
+ echo 'nodes: 64'
+ srun --nodes=64 --ntasks=1024 -ppbatch -e lu.err -o out.dat --cpu_bind=sockets ../luCL.sh 1024
nodes=64 ntasks=256
+ export BMARK_STRING=lu.C.256
+ BMARK_STRING=lu.C.256
++ date +%Y_%m_%d_%H_%M_%S_%N
+ name=2012_04_14_10_45_03_982123584
+ mkdir 2012_04_14_10_45_03_982123584
+ cd 2012_04_14_10_45_03_982123584
+ touch out.dat
+ env
+ hostname
+ echo 2012_04_14_10_45_03_982123584
+ uname -a
+ grep MHz
+ srun --nodes=1 --ntasks=1 -ppbatch cat /proc/cpuinfo
+ echo 'cores: 256'
+ echo 'nodes: 64'
+ srun --nodes=64 --ntasks=256 -ppbatch -e lu.err -o out.dat --cpu_bind=sockets ../luCL.sh 256
nodes=64 ntasks=512
+ export BMARK_STRING=lu.C.512
+ BMARK_STRING=lu.C.512
++ date +%Y_%m_%d_%H_%M_%S_%N
+ name=2012_04_14_10_45_15_170995602
+ mkdir 2012_04_14_10_45_15_170995602
+ cd 2012_04_14_10_45_15_170995602
+ touch out.dat
+ env
+ hostname
+ echo 2012_04_14_10_45_15_170995602
+ uname -a
+ srun --nodes=1 --ntasks=1 -ppbatch cat /proc/cpuinfo
+ grep MHz
+ echo 'cores: 512'
+ echo 'nodes: 64'
+ srun --nodes=64 --ntasks=512 -ppbatch -e lu.err -o out.dat --cpu_bind=sockets ../luCL.sh 512
nodes=64 ntasks=1024
+ export BMARK_STRING=lu.C.1024
+ BMARK_STRING=lu.C.1024
++ date +%Y_%m_%d_%H_%M_%S_%N
+ name=2012_04_14_10_45_25_312705287
+ mkdir 2012_04_14_10_45_25_312705287
+ cd 2012_04_14_10_45_25_312705287
+ touch out.dat
+ env
+ hostname
+ echo 2012_04_14_10_45_25_312705287
+ uname -a
+ srun --nodes=1 --ntasks=1 -ppbatch cat /proc/cpuinfo
+ grep MHz
+ echo 'cores: 1024'
+ echo 'nodes: 64'
+ srun --nodes=64 --ntasks=1024 -ppbatch -e lu.err -o out.dat --cpu_bind=sockets ../luCL.sh 1024
nodes=64 ntasks=256
+ export BMARK_STRING=lu.C.256
+ BMARK_STRING=lu.C.256
++ date +%Y_%m_%d_%H_%M_%S_%N
+ name=2012_04_14_10_45_36_935423110
+ mkdir 2012_04_14_10_45_36_935423110
+ cd 2012_04_14_10_45_36_935423110
+ touch out.dat
+ env
+ hostname
+ echo 2012_04_14_10_45_36_935423110
+ uname -a
+ srun --nodes=1 --ntasks=1 -ppbatch cat /proc/cpuinfo
+ grep MHz
+ echo 'cores: 256'
+ echo 'nodes: 64'
+ srun --nodes=64 --ntasks=256 -ppbatch -e lu.err -o out.dat --cpu_bind=sockets ../luCL.sh 256
nodes=64 ntasks=512
+ export BMARK_STRING=lu.C.512
+ BMARK_STRING=lu.C.512
++ date +%Y_%m_%d_%H_%M_%S_%N
+ name=2012_04_14_10_45_48_878421744
+ mkdir 2012_04_14_10_45_48_878421744
+ cd 2012_04_14_10_45_48_878421744
+ touch out.dat
+ env
+ hostname
+ echo 2012_04_14_10_45_48_878421744
+ uname -a
+ srun --nodes=1 --ntasks=1 -ppbatch cat /proc/cpuinfo
+ grep MHz
+ echo 'cores: 512'
+ echo 'nodes: 64'
+ srun --nodes=64 --ntasks=512 -ppbatch -e lu.err -o out.dat --cpu_bind=sockets ../luCL.sh 512
nodes=64 ntasks=1024
+ export BMARK_STRING=lu.C.1024
+ BMARK_STRING=lu.C.1024
++ date +%Y_%m_%d_%H_%M_%S_%N
+ name=2012_04_14_10_45_58_899126692
+ mkdir 2012_04_14_10_45_58_899126692
+ cd 2012_04_14_10_45_58_899126692
+ touch out.dat
+ env
+ hostname
+ echo 2012_04_14_10_45_58_899126692
+ uname -a
+ srun --nodes=1 --ntasks=1 -ppbatch cat /proc/cpuinfo
+ grep MHz
+ echo 'cores: 1024'
+ echo 'nodes: 64'
+ srun --nodes=64 --ntasks=1024 -ppbatch -e lu.err -o out.dat --cpu_bind=sockets ../luCL.sh 1024
nodes=64 ntasks=256
+ export BMARK_STRING=lu.C.256
+ BMARK_STRING=lu.C.256
++ date +%Y_%m_%d_%H_%M_%S_%N
+ name=2012_04_14_10_46_10_956009310
+ mkdir 2012_04_14_10_46_10_956009310
+ cd 2012_04_14_10_46_10_956009310
+ touch out.dat
+ env
+ hostname
+ echo 2012_04_14_10_46_10_956009310
+ uname -a
+ srun --nodes=1 --ntasks=1 -ppbatch cat /proc/cpuinfo
+ grep MHz
+ echo 'cores: 256'
+ echo 'nodes: 64'
+ srun --nodes=64 --ntasks=256 -ppbatch -e lu.err -o out.dat --cpu_bind=sockets ../luCL.sh 256
nodes=64 ntasks=512
+ export BMARK_STRING=lu.C.512
+ BMARK_STRING=lu.C.512
++ date +%Y_%m_%d_%H_%M_%S_%N
+ name=2012_04_14_10_46_23_300842481
+ mkdir 2012_04_14_10_46_23_300842481
+ cd 2012_04_14_10_46_23_300842481
+ touch out.dat
+ env
+ hostname
+ echo 2012_04_14_10_46_23_300842481
+ uname -a
+ srun --nodes=1 --ntasks=1 -ppbatch cat /proc/cpuinfo
+ grep MHz
+ echo 'cores: 512'
+ echo 'nodes: 64'
+ srun --nodes=64 --ntasks=512 -ppbatch -e lu.err -o out.dat --cpu_bind=sockets ../luCL.sh 512
nodes=64 ntasks=1024
+ export BMARK_STRING=lu.C.1024
+ BMARK_STRING=lu.C.1024
++ date +%Y_%m_%d_%H_%M_%S_%N
+ name=2012_04_14_10_46_33_354289711
+ mkdir 2012_04_14_10_46_33_354289711
+ cd 2012_04_14_10_46_33_354289711
+ touch out.dat
+ env
+ hostname
+ echo 2012_04_14_10_46_33_354289711
+ uname -a
+ srun --nodes=1 --ntasks=1 -ppbatch cat /proc/cpuinfo
+ grep MHz
+ echo 'cores: 1024'
+ echo 'nodes: 64'
+ srun --nodes=64 --ntasks=1024 -ppbatch -e lu.err -o out.dat --cpu_bind=sockets ../luCL.sh 1024
nodes=64 ntasks=256
+ export BMARK_STRING=lu.C.256
+ BMARK_STRING=lu.C.256
++ date +%Y_%m_%d_%H_%M_%S_%N
+ name=2012_04_14_10_46_45_117395247
+ mkdir 2012_04_14_10_46_45_117395247
+ cd 2012_04_14_10_46_45_117395247
+ touch out.dat
+ env
+ hostname
+ echo 2012_04_14_10_46_45_117395247
+ uname -a
+ srun --nodes=1 --ntasks=1 -ppbatch cat /proc/cpuinfo
+ grep MHz
+ echo 'cores: 256'
+ echo 'nodes: 64'
+ srun --nodes=64 --ntasks=256 -ppbatch -e lu.err -o out.dat --cpu_bind=sockets ../luCL.sh 256
nodes=64 ntasks=512
+ export BMARK_STRING=lu.C.512
+ BMARK_STRING=lu.C.512
++ date +%Y_%m_%d_%H_%M_%S_%N
+ name=2012_04_14_10_46_57_253812655
+ mkdir 2012_04_14_10_46_57_253812655
+ cd 2012_04_14_10_46_57_253812655
+ touch out.dat
+ env
+ hostname
+ echo 2012_04_14_10_46_57_253812655
+ uname -a
+ srun --nodes=1 --ntasks=1 -ppbatch cat /proc/cpuinfo
+ grep MHz
+ echo 'cores: 512'
+ echo 'nodes: 64'
+ srun --nodes=64 --ntasks=512 -ppbatch -e lu.err -o out.dat --cpu_bind=sockets ../luCL.sh 512
nodes=64 ntasks=1024
+ export BMARK_STRING=lu.C.1024
+ BMARK_STRING=lu.C.1024
++ date +%Y_%m_%d_%H_%M_%S_%N
+ name=2012_04_14_10_47_07_922152715
+ mkdir 2012_04_14_10_47_07_922152715
+ cd 2012_04_14_10_47_07_922152715
+ touch out.dat
+ env
+ hostname
+ echo 2012_04_14_10_47_07_922152715
+ uname -a
+ srun --nodes=1 --ntasks=1 -ppbatch cat /proc/cpuinfo
+ grep MHz
+ echo 'cores: 1024'
+ echo 'nodes: 64'
+ srun --nodes=64 --ntasks=1024 -ppbatch -e lu.err -o out.dat --cpu_bind=sockets ../luCL.sh 1024
nodes=64 ntasks=256
+ export BMARK_STRING=lu.C.256
+ BMARK_STRING=lu.C.256
++ date +%Y_%m_%d_%H_%M_%S_%N
+ name=2012_04_14_10_47_19_740704969
+ mkdir 2012_04_14_10_47_19_740704969
+ cd 2012_04_14_10_47_19_740704969
+ touch out.dat
+ env
+ hostname
+ echo 2012_04_14_10_47_19_740704969
+ uname -a
+ srun --nodes=1 --ntasks=1 -ppbatch cat /proc/cpuinfo
+ grep MHz
+ echo 'cores: 256'
+ echo 'nodes: 64'
+ srun --nodes=64 --ntasks=256 -ppbatch -e lu.err -o out.dat --cpu_bind=sockets ../luCL.sh 256
nodes=64 ntasks=512
+ export BMARK_STRING=lu.C.512
+ BMARK_STRING=lu.C.512
++ date +%Y_%m_%d_%H_%M_%S_%N
+ name=2012_04_14_10_47_31_809261802
+ mkdir 2012_04_14_10_47_31_809261802
+ cd 2012_04_14_10_47_31_809261802
+ touch out.dat
+ env
+ hostname
+ echo 2012_04_14_10_47_31_809261802
+ uname -a
+ srun --nodes=1 --ntasks=1 -ppbatch cat /proc/cpuinfo
+ grep MHz
+ echo 'cores: 512'
+ echo 'nodes: 64'
+ srun --nodes=64 --ntasks=512 -ppbatch -e lu.err -o out.dat --cpu_bind=sockets ../luCL.sh 512
nodes=64 ntasks=1024
+ export BMARK_STRING=lu.C.1024
+ BMARK_STRING=lu.C.1024
++ date +%Y_%m_%d_%H_%M_%S_%N
+ name=2012_04_14_10_47_42_459646648
+ mkdir 2012_04_14_10_47_42_459646648
+ cd 2012_04_14_10_47_42_459646648
+ touch out.dat
+ env
+ hostname
+ echo 2012_04_14_10_47_42_459646648
+ uname -a
+ srun --nodes=1 --ntasks=1 -ppbatch cat /proc/cpuinfo
+ grep MHz
+ echo 'cores: 1024'
+ echo 'nodes: 64'
+ srun --nodes=64 --ntasks=1024 -ppbatch -e lu.err -o out.dat --cpu_bind=sockets ../luCL.sh 1024
nodes=64 ntasks=256
+ export BMARK_STRING=lu.C.256
+ BMARK_STRING=lu.C.256
++ date +%Y_%m_%d_%H_%M_%S_%N
+ name=2012_04_14_10_47_54_345783158
+ mkdir 2012_04_14_10_47_54_345783158
+ cd 2012_04_14_10_47_54_345783158
+ touch out.dat
+ env
+ hostname
+ echo 2012_04_14_10_47_54_345783158
+ uname -a
+ srun --nodes=1 --ntasks=1 -ppbatch cat /proc/cpuinfo
+ grep MHz
+ echo 'cores: 256'
+ echo 'nodes: 64'
+ srun --nodes=64 --ntasks=256 -ppbatch -e lu.err -o out.dat --cpu_bind=sockets ../luCL.sh 256
nodes=64 ntasks=512
+ export BMARK_STRING=lu.C.512
+ BMARK_STRING=lu.C.512
++ date +%Y_%m_%d_%H_%M_%S_%N
+ name=2012_04_14_10_48_06_372251949
+ mkdir 2012_04_14_10_48_06_372251949
+ cd 2012_04_14_10_48_06_372251949
+ touch out.dat
+ env
+ hostname
+ echo 2012_04_14_10_48_06_372251949
+ uname -a
+ srun --nodes=1 --ntasks=1 -ppbatch cat /proc/cpuinfo
+ grep MHz
+ echo 'cores: 512'
+ echo 'nodes: 64'
+ srun --nodes=64 --ntasks=512 -ppbatch -e lu.err -o out.dat --cpu_bind=sockets ../luCL.sh 512
nodes=64 ntasks=1024
+ export BMARK_STRING=lu.C.1024
+ BMARK_STRING=lu.C.1024
++ date +%Y_%m_%d_%H_%M_%S_%N
+ name=2012_04_14_10_48_16_466175199
+ mkdir 2012_04_14_10_48_16_466175199
+ cd 2012_04_14_10_48_16_466175199
+ touch out.dat
+ env
+ hostname
+ echo 2012_04_14_10_48_16_466175199
+ uname -a
+ srun --nodes=1 --ntasks=1 -ppbatch cat /proc/cpuinfo
+ grep MHz
+ echo 'cores: 1024'
+ echo 'nodes: 64'
+ srun --nodes=64 --ntasks=1024 -ppbatch -e lu.err -o out.dat --cpu_bind=sockets ../luCL.sh 1024
Resetting now...
