/g/g24/rountree/local/src/power
nodes=64 ntasks=256
+ export BMARK_STRING=ep.D.256
+ BMARK_STRING=ep.D.256
++ date +%Y_%m_%d_%H_%M_%S_%N
+ name=2012_04_14_09_45_00_254152327
+ mkdir 2012_04_14_09_45_00_254152327
+ cd 2012_04_14_09_45_00_254152327
+ touch out.dat
+ env
+ hostname
+ echo 2012_04_14_09_45_00_254152327
+ uname -a
+ srun --nodes=1 --ntasks=1 -ppbatch cat /proc/cpuinfo
+ grep MHz
+ echo 'cores: 256'
+ echo 'nodes: 64'
+ srun --nodes=64 --ntasks=256 -ppbatch -e ep.err -o out.dat --cpu_bind=sockets ../epCL.sh 256
nodes=64 ntasks=512
+ export BMARK_STRING=ep.D.512
+ BMARK_STRING=ep.D.512
++ date +%Y_%m_%d_%H_%M_%S_%N
+ name=2012_04_14_09_45_28_273824169
+ mkdir 2012_04_14_09_45_28_273824169
+ cd 2012_04_14_09_45_28_273824169
+ touch out.dat
+ env
+ hostname
+ echo 2012_04_14_09_45_28_273824169
+ uname -a
+ srun --nodes=1 --ntasks=1 -ppbatch cat /proc/cpuinfo
+ grep MHz
+ echo 'cores: 512'
+ echo 'nodes: 64'
+ srun --nodes=64 --ntasks=512 -ppbatch -e ep.err -o out.dat --cpu_bind=sockets ../epCL.sh 512
nodes=64 ntasks=1024
+ export BMARK_STRING=ep.D.1024
+ BMARK_STRING=ep.D.1024
++ date +%Y_%m_%d_%H_%M_%S_%N
+ name=2012_04_14_09_45_46_080663489
+ mkdir 2012_04_14_09_45_46_080663489
+ cd 2012_04_14_09_45_46_080663489
+ touch out.dat
+ env
+ hostname
+ echo 2012_04_14_09_45_46_080663489
+ uname -a
+ srun --nodes=1 --ntasks=1 -ppbatch cat /proc/cpuinfo
+ grep MHz
+ echo 'cores: 1024'
+ echo 'nodes: 64'
+ srun --nodes=64 --ntasks=1024 -ppbatch -e ep.err -o out.dat --cpu_bind=sockets ../epCL.sh 1024
nodes=64 ntasks=256
+ export BMARK_STRING=ep.D.256
+ BMARK_STRING=ep.D.256
++ date +%Y_%m_%d_%H_%M_%S_%N
+ name=2012_04_14_09_46_03_312347345
+ mkdir 2012_04_14_09_46_03_312347345
+ cd 2012_04_14_09_46_03_312347345
+ touch out.dat
+ env
+ hostname
+ echo 2012_04_14_09_46_03_312347345
+ uname -a
+ srun --nodes=1 --ntasks=1 -ppbatch cat /proc/cpuinfo
+ grep MHz
+ echo 'cores: 256'
+ echo 'nodes: 64'
+ srun --nodes=64 --ntasks=256 -ppbatch -e ep.err -o out.dat --cpu_bind=sockets ../epCL.sh 256
nodes=64 ntasks=512
+ export BMARK_STRING=ep.D.512
+ BMARK_STRING=ep.D.512
++ date +%Y_%m_%d_%H_%M_%S_%N
+ name=2012_04_14_09_46_29_891981691
+ mkdir 2012_04_14_09_46_29_891981691
+ cd 2012_04_14_09_46_29_891981691
+ touch out.dat
+ env
+ hostname
+ echo 2012_04_14_09_46_29_891981691
+ uname -a
+ srun --nodes=1 --ntasks=1 -ppbatch cat /proc/cpuinfo
+ grep MHz
+ echo 'cores: 512'
+ echo 'nodes: 64'
+ srun --nodes=64 --ntasks=512 -ppbatch -e ep.err -o out.dat --cpu_bind=sockets ../epCL.sh 512
nodes=64 ntasks=1024
+ export BMARK_STRING=ep.D.1024
+ BMARK_STRING=ep.D.1024
++ date +%Y_%m_%d_%H_%M_%S_%N
+ name=2012_04_14_09_46_47_589828100
+ mkdir 2012_04_14_09_46_47_589828100
+ cd 2012_04_14_09_46_47_589828100
+ touch out.dat
+ env
+ hostname
+ echo 2012_04_14_09_46_47_589828100
+ uname -a
+ srun --nodes=1 --ntasks=1 -ppbatch cat /proc/cpuinfo
+ grep MHz
+ echo 'cores: 1024'
+ echo 'nodes: 64'
+ srun --nodes=64 --ntasks=1024 -ppbatch -e ep.err -o out.dat --cpu_bind=sockets ../epCL.sh 1024
nodes=64 ntasks=256
+ export BMARK_STRING=ep.D.256
+ BMARK_STRING=ep.D.256
++ date +%Y_%m_%d_%H_%M_%S_%N
+ name=2012_04_14_09_47_04_103616247
+ mkdir 2012_04_14_09_47_04_103616247
+ cd 2012_04_14_09_47_04_103616247
+ touch out.dat
+ env
+ hostname
+ echo 2012_04_14_09_47_04_103616247
+ uname -a
+ srun --nodes=1 --ntasks=1 -ppbatch cat /proc/cpuinfo
+ grep MHz
+ echo 'cores: 256'
+ echo 'nodes: 64'
+ srun --nodes=64 --ntasks=256 -ppbatch -e ep.err -o out.dat --cpu_bind=sockets ../epCL.sh 256
nodes=64 ntasks=512
+ export BMARK_STRING=ep.D.512
+ BMARK_STRING=ep.D.512
++ date +%Y_%m_%d_%H_%M_%S_%N
+ name=2012_04_14_09_47_30_294012552
+ mkdir 2012_04_14_09_47_30_294012552
+ cd 2012_04_14_09_47_30_294012552
+ touch out.dat
+ env
+ hostname
+ echo 2012_04_14_09_47_30_294012552
+ uname -a
+ srun --nodes=1 --ntasks=1 -ppbatch cat /proc/cpuinfo
+ grep MHz
+ echo 'cores: 512'
+ echo 'nodes: 64'
+ srun --nodes=64 --ntasks=512 -ppbatch -e ep.err -o out.dat --cpu_bind=sockets ../epCL.sh 512
nodes=64 ntasks=1024
+ export BMARK_STRING=ep.D.1024
+ BMARK_STRING=ep.D.1024
++ date +%Y_%m_%d_%H_%M_%S_%N
+ name=2012_04_14_09_47_47_648614960
+ mkdir 2012_04_14_09_47_47_648614960
+ cd 2012_04_14_09_47_47_648614960
+ touch out.dat
+ env
+ hostname
+ echo 2012_04_14_09_47_47_648614960
+ uname -a
+ srun --nodes=1 --ntasks=1 -ppbatch cat /proc/cpuinfo
+ grep MHz
+ echo 'cores: 1024'
+ echo 'nodes: 64'
+ srun --nodes=64 --ntasks=1024 -ppbatch -e ep.err -o out.dat --cpu_bind=sockets ../epCL.sh 1024
nodes=64 ntasks=256
+ export BMARK_STRING=ep.D.256
+ BMARK_STRING=ep.D.256
++ date +%Y_%m_%d_%H_%M_%S_%N
+ name=2012_04_14_09_48_04_534063693
+ mkdir 2012_04_14_09_48_04_534063693
+ cd 2012_04_14_09_48_04_534063693
+ touch out.dat
+ env
+ hostname
+ echo 2012_04_14_09_48_04_534063693
+ uname -a
+ srun --nodes=1 --ntasks=1 -ppbatch cat /proc/cpuinfo
+ grep MHz
+ echo 'cores: 256'
+ echo 'nodes: 64'
+ srun --nodes=64 --ntasks=256 -ppbatch -e ep.err -o out.dat --cpu_bind=sockets ../epCL.sh 256
nodes=64 ntasks=512
+ export BMARK_STRING=ep.D.512
+ BMARK_STRING=ep.D.512
++ date +%Y_%m_%d_%H_%M_%S_%N
+ name=2012_04_14_09_48_30_758671188
+ mkdir 2012_04_14_09_48_30_758671188
+ cd 2012_04_14_09_48_30_758671188
+ touch out.dat
+ env
+ hostname
+ echo 2012_04_14_09_48_30_758671188
+ uname -a
+ srun --nodes=1 --ntasks=1 -ppbatch cat /proc/cpuinfo
+ grep MHz
+ echo 'cores: 512'
+ echo 'nodes: 64'
+ srun --nodes=64 --ntasks=512 -ppbatch -e ep.err -o out.dat --cpu_bind=sockets ../epCL.sh 512
nodes=64 ntasks=1024
+ export BMARK_STRING=ep.D.1024
+ BMARK_STRING=ep.D.1024
++ date +%Y_%m_%d_%H_%M_%S_%N
+ name=2012_04_14_09_48_48_724772276
+ mkdir 2012_04_14_09_48_48_724772276
+ cd 2012_04_14_09_48_48_724772276
+ touch out.dat
+ env
+ hostname
+ echo 2012_04_14_09_48_48_724772276
+ uname -a
+ srun --nodes=1 --ntasks=1 -ppbatch cat /proc/cpuinfo
+ grep MHz
+ echo 'cores: 1024'
+ echo 'nodes: 64'
+ srun --nodes=64 --ntasks=1024 -ppbatch -e ep.err -o out.dat --cpu_bind=sockets ../epCL.sh 1024
nodes=64 ntasks=256
+ export BMARK_STRING=ep.D.256
+ BMARK_STRING=ep.D.256
++ date +%Y_%m_%d_%H_%M_%S_%N
+ name=2012_04_14_09_49_05_826532415
+ mkdir 2012_04_14_09_49_05_826532415
+ cd 2012_04_14_09_49_05_826532415
+ touch out.dat
+ env
+ hostname
+ echo 2012_04_14_09_49_05_826532415
+ uname -a
+ srun --nodes=1 --ntasks=1 -ppbatch cat /proc/cpuinfo
+ grep MHz
+ echo 'cores: 256'
+ echo 'nodes: 64'
+ srun --nodes=64 --ntasks=256 -ppbatch -e ep.err -o out.dat --cpu_bind=sockets ../epCL.sh 256
nodes=64 ntasks=512
+ export BMARK_STRING=ep.D.512
+ BMARK_STRING=ep.D.512
++ date +%Y_%m_%d_%H_%M_%S_%N
+ name=2012_04_14_09_49_32_180925161
+ mkdir 2012_04_14_09_49_32_180925161
+ cd 2012_04_14_09_49_32_180925161
+ touch out.dat
+ env
+ hostname
+ echo 2012_04_14_09_49_32_180925161
+ uname -a
+ srun --nodes=1 --ntasks=1 -ppbatch cat /proc/cpuinfo
+ grep MHz
+ echo 'cores: 512'
+ echo 'nodes: 64'
+ srun --nodes=64 --ntasks=512 -ppbatch -e ep.err -o out.dat --cpu_bind=sockets ../epCL.sh 512
nodes=64 ntasks=1024
+ export BMARK_STRING=ep.D.1024
+ BMARK_STRING=ep.D.1024
++ date +%Y_%m_%d_%H_%M_%S_%N
+ name=2012_04_14_09_49_52_523543546
+ mkdir 2012_04_14_09_49_52_523543546
+ cd 2012_04_14_09_49_52_523543546
+ touch out.dat
+ env
+ hostname
+ echo 2012_04_14_09_49_52_523543546
+ uname -a
+ srun --nodes=1 --ntasks=1 -ppbatch cat /proc/cpuinfo
+ grep MHz
+ echo 'cores: 1024'
+ echo 'nodes: 64'
+ srun --nodes=64 --ntasks=1024 -ppbatch -e ep.err -o out.dat --cpu_bind=sockets ../epCL.sh 1024
nodes=64 ntasks=256
+ export BMARK_STRING=ep.D.256
+ BMARK_STRING=ep.D.256
++ date +%Y_%m_%d_%H_%M_%S_%N
+ name=2012_04_14_09_50_08_129270157
+ mkdir 2012_04_14_09_50_08_129270157
+ cd 2012_04_14_09_50_08_129270157
+ touch out.dat
+ env
+ hostname
+ echo 2012_04_14_09_50_08_129270157
+ uname -a
+ srun --nodes=1 --ntasks=1 -ppbatch cat /proc/cpuinfo
+ grep MHz
+ echo 'cores: 256'
+ echo 'nodes: 64'
+ srun --nodes=64 --ntasks=256 -ppbatch -e ep.err -o out.dat --cpu_bind=sockets ../epCL.sh 256
nodes=64 ntasks=512
+ export BMARK_STRING=ep.D.512
+ BMARK_STRING=ep.D.512
++ date +%Y_%m_%d_%H_%M_%S_%N
+ name=2012_04_14_09_50_35_569326954
+ mkdir 2012_04_14_09_50_35_569326954
+ cd 2012_04_14_09_50_35_569326954
+ touch out.dat
+ env
+ hostname
+ echo 2012_04_14_09_50_35_569326954
+ uname -a
+ srun --nodes=1 --ntasks=1 -ppbatch cat /proc/cpuinfo
+ grep MHz
+ echo 'cores: 512'
+ echo 'nodes: 64'
+ srun --nodes=64 --ntasks=512 -ppbatch -e ep.err -o out.dat --cpu_bind=sockets ../epCL.sh 512
nodes=64 ntasks=1024
+ export BMARK_STRING=ep.D.1024
+ BMARK_STRING=ep.D.1024
++ date +%Y_%m_%d_%H_%M_%S_%N
+ name=2012_04_14_09_50_52_983788356
+ mkdir 2012_04_14_09_50_52_983788356
+ cd 2012_04_14_09_50_52_983788356
+ touch out.dat
+ env
+ hostname
+ echo 2012_04_14_09_50_52_983788356
+ uname -a
+ srun --nodes=1 --ntasks=1 -ppbatch cat /proc/cpuinfo
+ grep MHz
+ echo 'cores: 1024'
+ echo 'nodes: 64'
+ srun --nodes=64 --ntasks=1024 -ppbatch -e ep.err -o out.dat --cpu_bind=sockets ../epCL.sh 1024
nodes=64 ntasks=256
+ export BMARK_STRING=ep.D.256
+ BMARK_STRING=ep.D.256
++ date +%Y_%m_%d_%H_%M_%S_%N
+ name=2012_04_14_09_51_08_520244418
+ mkdir 2012_04_14_09_51_08_520244418
+ cd 2012_04_14_09_51_08_520244418
+ touch out.dat
+ env
+ hostname
+ echo 2012_04_14_09_51_08_520244418
+ uname -a
+ srun --nodes=1 --ntasks=1 -ppbatch cat /proc/cpuinfo
+ grep MHz
+ echo 'cores: 256'
+ echo 'nodes: 64'
+ srun --nodes=64 --ntasks=256 -ppbatch -e ep.err -o out.dat --cpu_bind=sockets ../epCL.sh 256
nodes=64 ntasks=512
+ export BMARK_STRING=ep.D.512
+ BMARK_STRING=ep.D.512
++ date +%Y_%m_%d_%H_%M_%S_%N
+ name=2012_04_14_09_51_34_790426891
+ mkdir 2012_04_14_09_51_34_790426891
+ cd 2012_04_14_09_51_34_790426891
+ touch out.dat
+ env
+ hostname
+ echo 2012_04_14_09_51_34_790426891
+ uname -a
+ srun --nodes=1 --ntasks=1 -ppbatch cat /proc/cpuinfo
+ grep MHz
+ echo 'cores: 512'
+ echo 'nodes: 64'
+ srun --nodes=64 --ntasks=512 -ppbatch -e ep.err -o out.dat --cpu_bind=sockets ../epCL.sh 512
nodes=64 ntasks=1024
+ export BMARK_STRING=ep.D.1024
+ BMARK_STRING=ep.D.1024
++ date +%Y_%m_%d_%H_%M_%S_%N
+ name=2012_04_14_09_51_52_220973412
+ mkdir 2012_04_14_09_51_52_220973412
+ cd 2012_04_14_09_51_52_220973412
+ touch out.dat
+ env
+ hostname
+ echo 2012_04_14_09_51_52_220973412
+ uname -a
+ srun --nodes=1 --ntasks=1 -ppbatch cat /proc/cpuinfo
+ grep MHz
+ echo 'cores: 1024'
+ echo 'nodes: 64'
+ srun --nodes=64 --ntasks=1024 -ppbatch -e ep.err -o out.dat --cpu_bind=sockets ../epCL.sh 1024
nodes=64 ntasks=256
+ export BMARK_STRING=ep.D.256
+ BMARK_STRING=ep.D.256
++ date +%Y_%m_%d_%H_%M_%S_%N
+ name=2012_04_14_09_52_07_494992817
+ mkdir 2012_04_14_09_52_07_494992817
+ cd 2012_04_14_09_52_07_494992817
+ touch out.dat
+ env
+ hostname
+ echo 2012_04_14_09_52_07_494992817
+ uname -a
+ srun --nodes=1 --ntasks=1 -ppbatch cat /proc/cpuinfo
+ grep MHz
+ echo 'cores: 256'
+ echo 'nodes: 64'
+ srun --nodes=64 --ntasks=256 -ppbatch -e ep.err -o out.dat --cpu_bind=sockets ../epCL.sh 256
nodes=64 ntasks=512
+ export BMARK_STRING=ep.D.512
+ BMARK_STRING=ep.D.512
++ date +%Y_%m_%d_%H_%M_%S_%N
+ name=2012_04_14_09_52_33_891642778
+ mkdir 2012_04_14_09_52_33_891642778
+ cd 2012_04_14_09_52_33_891642778
+ touch out.dat
+ env
+ hostname
+ echo 2012_04_14_09_52_33_891642778
+ uname -a
+ srun --nodes=1 --ntasks=1 -ppbatch cat /proc/cpuinfo
+ grep MHz
+ echo 'cores: 512'
+ echo 'nodes: 64'
+ srun --nodes=64 --ntasks=512 -ppbatch -e ep.err -o out.dat --cpu_bind=sockets ../epCL.sh 512
nodes=64 ntasks=1024
+ export BMARK_STRING=ep.D.1024
+ BMARK_STRING=ep.D.1024
++ date +%Y_%m_%d_%H_%M_%S_%N
+ name=2012_04_14_09_52_51_417643125
+ mkdir 2012_04_14_09_52_51_417643125
+ cd 2012_04_14_09_52_51_417643125
+ touch out.dat
+ env
+ hostname
+ echo 2012_04_14_09_52_51_417643125
+ uname -a
+ srun --nodes=1 --ntasks=1 -ppbatch cat /proc/cpuinfo
+ grep MHz
+ echo 'cores: 1024'
+ echo 'nodes: 64'
+ srun --nodes=64 --ntasks=1024 -ppbatch -e ep.err -o out.dat --cpu_bind=sockets ../epCL.sh 1024
nodes=64 ntasks=256
+ export BMARK_STRING=ep.D.256
+ BMARK_STRING=ep.D.256
++ date +%Y_%m_%d_%H_%M_%S_%N
+ name=2012_04_14_09_53_07_104607793
+ mkdir 2012_04_14_09_53_07_104607793
+ cd 2012_04_14_09_53_07_104607793
+ touch out.dat
+ env
+ hostname
+ echo 2012_04_14_09_53_07_104607793
+ uname -a
+ srun --nodes=1 --ntasks=1 -ppbatch cat /proc/cpuinfo
+ grep MHz
+ echo 'cores: 256'
+ echo 'nodes: 64'
+ srun --nodes=64 --ntasks=256 -ppbatch -e ep.err -o out.dat --cpu_bind=sockets ../epCL.sh 256
nodes=64 ntasks=512
+ export BMARK_STRING=ep.D.512
+ BMARK_STRING=ep.D.512
++ date +%Y_%m_%d_%H_%M_%S_%N
+ name=2012_04_14_09_53_33_505016529
+ mkdir 2012_04_14_09_53_33_505016529
+ cd 2012_04_14_09_53_33_505016529
+ touch out.dat
+ env
+ hostname
+ echo 2012_04_14_09_53_33_505016529
+ uname -a
+ srun --nodes=1 --ntasks=1 -ppbatch cat /proc/cpuinfo
+ grep MHz
+ echo 'cores: 512'
+ echo 'nodes: 64'
+ srun --nodes=64 --ntasks=512 -ppbatch -e ep.err -o out.dat --cpu_bind=sockets ../epCL.sh 512
nodes=64 ntasks=1024
+ export BMARK_STRING=ep.D.1024
+ BMARK_STRING=ep.D.1024
++ date +%Y_%m_%d_%H_%M_%S_%N
+ name=2012_04_14_09_53_51_096624340
+ mkdir 2012_04_14_09_53_51_096624340
+ cd 2012_04_14_09_53_51_096624340
+ touch out.dat
+ env
+ hostname
+ echo 2012_04_14_09_53_51_096624340
+ uname -a
+ srun --nodes=1 --ntasks=1 -ppbatch cat /proc/cpuinfo
+ grep MHz
+ echo 'cores: 1024'
+ echo 'nodes: 64'
+ srun --nodes=64 --ntasks=1024 -ppbatch -e ep.err -o out.dat --cpu_bind=sockets ../epCL.sh 1024
nodes=64 ntasks=256
+ export BMARK_STRING=ep.D.256
+ BMARK_STRING=ep.D.256
++ date +%Y_%m_%d_%H_%M_%S_%N
+ name=2012_04_14_09_54_06_099907384
+ mkdir 2012_04_14_09_54_06_099907384
+ cd 2012_04_14_09_54_06_099907384
+ touch out.dat
+ env
+ hostname
+ echo 2012_04_14_09_54_06_099907384
+ uname -a
+ srun --nodes=1 --ntasks=1 -ppbatch cat /proc/cpuinfo
+ grep MHz
+ echo 'cores: 256'
+ echo 'nodes: 64'
+ srun --nodes=64 --ntasks=256 -ppbatch -e ep.err -o out.dat --cpu_bind=sockets ../epCL.sh 256
nodes=64 ntasks=512
+ export BMARK_STRING=ep.D.512
+ BMARK_STRING=ep.D.512
++ date +%Y_%m_%d_%H_%M_%S_%N
+ name=2012_04_14_09_54_32_550007685
+ mkdir 2012_04_14_09_54_32_550007685
+ cd 2012_04_14_09_54_32_550007685
+ touch out.dat
+ env
+ hostname
+ echo 2012_04_14_09_54_32_550007685
+ uname -a
+ srun --nodes=1 --ntasks=1 -ppbatch cat /proc/cpuinfo
+ grep MHz
+ echo 'cores: 512'
+ echo 'nodes: 64'
+ srun --nodes=64 --ntasks=512 -ppbatch -e ep.err -o out.dat --cpu_bind=sockets ../epCL.sh 512
nodes=64 ntasks=1024
+ export BMARK_STRING=ep.D.1024
+ BMARK_STRING=ep.D.1024
++ date +%Y_%m_%d_%H_%M_%S_%N
+ name=2012_04_14_09_54_49_847452471
+ mkdir 2012_04_14_09_54_49_847452471
+ cd 2012_04_14_09_54_49_847452471
+ touch out.dat
+ env
+ hostname
+ echo 2012_04_14_09_54_49_847452471
+ uname -a
+ srun --nodes=1 --ntasks=1 -ppbatch cat /proc/cpuinfo
+ grep MHz
+ echo 'cores: 1024'
+ echo 'nodes: 64'
+ srun --nodes=64 --ntasks=1024 -ppbatch -e ep.err -o out.dat --cpu_bind=sockets ../epCL.sh 1024
nodes=64 ntasks=256
+ export BMARK_STRING=ep.D.256
+ BMARK_STRING=ep.D.256
++ date +%Y_%m_%d_%H_%M_%S_%N
+ name=2012_04_14_09_55_05_692976027
+ mkdir 2012_04_14_09_55_05_692976027
+ cd 2012_04_14_09_55_05_692976027
+ touch out.dat
+ env
+ hostname
+ echo 2012_04_14_09_55_05_692976027
+ uname -a
+ grep MHz
+ srun --nodes=1 --ntasks=1 -ppbatch cat /proc/cpuinfo
+ echo 'cores: 256'
+ echo 'nodes: 64'
+ srun --nodes=64 --ntasks=256 -ppbatch -e ep.err -o out.dat --cpu_bind=sockets ../epCL.sh 256
nodes=64 ntasks=512
+ export BMARK_STRING=ep.D.512
+ BMARK_STRING=ep.D.512
++ date +%Y_%m_%d_%H_%M_%S_%N
+ name=2012_04_14_09_55_31_900766726
+ mkdir 2012_04_14_09_55_31_900766726
+ cd 2012_04_14_09_55_31_900766726
+ touch out.dat
+ env
+ hostname
+ echo 2012_04_14_09_55_31_900766726
+ uname -a
+ srun --nodes=1 --ntasks=1 -ppbatch cat /proc/cpuinfo
+ grep MHz
+ echo 'cores: 512'
+ echo 'nodes: 64'
+ srun --nodes=64 --ntasks=512 -ppbatch -e ep.err -o out.dat --cpu_bind=sockets ../epCL.sh 512
nodes=64 ntasks=1024
+ export BMARK_STRING=ep.D.1024
+ BMARK_STRING=ep.D.1024
++ date +%Y_%m_%d_%H_%M_%S_%N
+ name=2012_04_14_09_55_49_437109275
+ mkdir 2012_04_14_09_55_49_437109275
+ cd 2012_04_14_09_55_49_437109275
+ touch out.dat
+ env
+ hostname
+ echo 2012_04_14_09_55_49_437109275
+ uname -a
+ srun --nodes=1 --ntasks=1 -ppbatch cat /proc/cpuinfo
+ grep MHz
+ echo 'cores: 1024'
+ echo 'nodes: 64'
+ srun --nodes=64 --ntasks=1024 -ppbatch -e ep.err -o out.dat --cpu_bind=sockets ../epCL.sh 1024
nodes=64 ntasks=256
+ export BMARK_STRING=ep.D.256
+ BMARK_STRING=ep.D.256
++ date +%Y_%m_%d_%H_%M_%S_%N
+ name=2012_04_14_09_56_05_648795735
+ mkdir 2012_04_14_09_56_05_648795735
+ cd 2012_04_14_09_56_05_648795735
+ touch out.dat
+ env
+ hostname
+ echo 2012_04_14_09_56_05_648795735
+ uname -a
+ srun --nodes=1 --ntasks=1 -ppbatch cat /proc/cpuinfo
+ grep MHz
+ echo 'cores: 256'
+ echo 'nodes: 64'
+ srun --nodes=64 --ntasks=256 -ppbatch -e ep.err -o out.dat --cpu_bind=sockets ../epCL.sh 256
nodes=64 ntasks=512
+ export BMARK_STRING=ep.D.512
+ BMARK_STRING=ep.D.512
++ date +%Y_%m_%d_%H_%M_%S_%N
+ name=2012_04_14_09_56_31_705697668
+ mkdir 2012_04_14_09_56_31_705697668
+ cd 2012_04_14_09_56_31_705697668
+ touch out.dat
+ env
+ hostname
+ echo 2012_04_14_09_56_31_705697668
+ uname -a
+ grep MHz
+ srun --nodes=1 --ntasks=1 -ppbatch cat /proc/cpuinfo
+ echo 'cores: 512'
+ echo 'nodes: 64'
+ srun --nodes=64 --ntasks=512 -ppbatch -e ep.err -o out.dat --cpu_bind=sockets ../epCL.sh 512
nodes=64 ntasks=1024
+ export BMARK_STRING=ep.D.1024
+ BMARK_STRING=ep.D.1024
++ date +%Y_%m_%d_%H_%M_%S_%N
+ name=2012_04_14_09_56_49_034940830
+ mkdir 2012_04_14_09_56_49_034940830
+ cd 2012_04_14_09_56_49_034940830
+ touch out.dat
+ env
+ hostname
+ echo 2012_04_14_09_56_49_034940830
+ uname -a
+ srun --nodes=1 --ntasks=1 -ppbatch cat /proc/cpuinfo
+ grep MHz
+ echo 'cores: 1024'
+ echo 'nodes: 64'
+ srun --nodes=64 --ntasks=1024 -ppbatch -e ep.err -o out.dat --cpu_bind=sockets ../epCL.sh 1024
nodes=64 ntasks=256
+ export BMARK_STRING=ep.D.256
+ BMARK_STRING=ep.D.256
++ date +%Y_%m_%d_%H_%M_%S_%N
+ name=2012_04_14_09_57_04_135138690
+ mkdir 2012_04_14_09_57_04_135138690
+ cd 2012_04_14_09_57_04_135138690
+ touch out.dat
+ env
+ hostname
+ echo 2012_04_14_09_57_04_135138690
+ uname -a
+ srun --nodes=1 --ntasks=1 -ppbatch cat /proc/cpuinfo
+ grep MHz
+ echo 'cores: 256'
+ echo 'nodes: 64'
+ srun --nodes=64 --ntasks=256 -ppbatch -e ep.err -o out.dat --cpu_bind=sockets ../epCL.sh 256
nodes=64 ntasks=512
+ export BMARK_STRING=ep.D.512
+ BMARK_STRING=ep.D.512
++ date +%Y_%m_%d_%H_%M_%S_%N
+ name=2012_04_14_09_57_30_604515009
+ mkdir 2012_04_14_09_57_30_604515009
+ cd 2012_04_14_09_57_30_604515009
+ touch out.dat
+ env
+ hostname
+ echo 2012_04_14_09_57_30_604515009
+ uname -a
+ srun --nodes=1 --ntasks=1 -ppbatch cat /proc/cpuinfo
+ grep MHz
+ echo 'cores: 512'
+ echo 'nodes: 64'
+ srun --nodes=64 --ntasks=512 -ppbatch -e ep.err -o out.dat --cpu_bind=sockets ../epCL.sh 512
nodes=64 ntasks=1024
+ export BMARK_STRING=ep.D.1024
+ BMARK_STRING=ep.D.1024
++ date +%Y_%m_%d_%H_%M_%S_%N
+ name=2012_04_14_09_57_48_202978258
+ mkdir 2012_04_14_09_57_48_202978258
+ cd 2012_04_14_09_57_48_202978258
+ touch out.dat
+ env
+ hostname
+ echo 2012_04_14_09_57_48_202978258
+ uname -a
+ srun --nodes=1 --ntasks=1 -ppbatch cat /proc/cpuinfo
+ grep MHz
+ echo 'cores: 1024'
+ echo 'nodes: 64'
+ srun --nodes=64 --ntasks=1024 -ppbatch -e ep.err -o out.dat --cpu_bind=sockets ../epCL.sh 1024
nodes=64 ntasks=256
+ export BMARK_STRING=ep.D.256
+ BMARK_STRING=ep.D.256
++ date +%Y_%m_%d_%H_%M_%S_%N
+ name=2012_04_14_09_58_03_528459134
+ mkdir 2012_04_14_09_58_03_528459134
+ cd 2012_04_14_09_58_03_528459134
+ touch out.dat
+ env
+ hostname
+ echo 2012_04_14_09_58_03_528459134
+ uname -a
+ srun --nodes=1 --ntasks=1 -ppbatch cat /proc/cpuinfo
+ grep MHz
+ echo 'cores: 256'
+ echo 'nodes: 64'
+ srun --nodes=64 --ntasks=256 -ppbatch -e ep.err -o out.dat --cpu_bind=sockets ../epCL.sh 256
nodes=64 ntasks=512
+ export BMARK_STRING=ep.D.512
+ BMARK_STRING=ep.D.512
++ date +%Y_%m_%d_%H_%M_%S_%N
+ name=2012_04_14_09_58_29_569000071
+ mkdir 2012_04_14_09_58_29_569000071
+ cd 2012_04_14_09_58_29_569000071
+ touch out.dat
+ env
+ hostname
+ echo 2012_04_14_09_58_29_569000071
+ uname -a
+ srun --nodes=1 --ntasks=1 -ppbatch cat /proc/cpuinfo
+ grep MHz
+ echo 'cores: 512'
+ echo 'nodes: 64'
+ srun --nodes=64 --ntasks=512 -ppbatch -e ep.err -o out.dat --cpu_bind=sockets ../epCL.sh 512
nodes=64 ntasks=1024
+ export BMARK_STRING=ep.D.1024
+ BMARK_STRING=ep.D.1024
++ date +%Y_%m_%d_%H_%M_%S_%N
+ name=2012_04_14_09_58_46_892755157
+ mkdir 2012_04_14_09_58_46_892755157
+ cd 2012_04_14_09_58_46_892755157
+ touch out.dat
+ env
+ hostname
+ echo 2012_04_14_09_58_46_892755157
+ uname -a
+ srun --nodes=1 --ntasks=1 -ppbatch cat /proc/cpuinfo
+ grep MHz
+ echo 'cores: 1024'
+ echo 'nodes: 64'
+ srun --nodes=64 --ntasks=1024 -ppbatch -e ep.err -o out.dat --cpu_bind=sockets ../epCL.sh 1024
nodes=64 ntasks=256
+ export BMARK_STRING=ep.D.256
+ BMARK_STRING=ep.D.256
++ date +%Y_%m_%d_%H_%M_%S_%N
+ name=2012_04_14_09_59_02_194734751
+ mkdir 2012_04_14_09_59_02_194734751
+ cd 2012_04_14_09_59_02_194734751
+ touch out.dat
+ env
+ hostname
+ echo 2012_04_14_09_59_02_194734751
+ uname -a
+ srun --nodes=1 --ntasks=1 -ppbatch cat /proc/cpuinfo
+ grep MHz
+ echo 'cores: 256'
+ echo 'nodes: 64'
+ srun --nodes=64 --ntasks=256 -ppbatch -e ep.err -o out.dat --cpu_bind=sockets ../epCL.sh 256
nodes=64 ntasks=512
+ export BMARK_STRING=ep.D.512
+ BMARK_STRING=ep.D.512
++ date +%Y_%m_%d_%H_%M_%S_%N
+ name=2012_04_14_09_59_28_241092469
+ mkdir 2012_04_14_09_59_28_241092469
+ cd 2012_04_14_09_59_28_241092469
+ touch out.dat
+ env
+ hostname
+ echo 2012_04_14_09_59_28_241092469
+ uname -a
+ srun --nodes=1 --ntasks=1 -ppbatch cat /proc/cpuinfo
+ grep MHz
+ echo 'cores: 512'
+ echo 'nodes: 64'
+ srun --nodes=64 --ntasks=512 -ppbatch -e ep.err -o out.dat --cpu_bind=sockets ../epCL.sh 512
nodes=64 ntasks=1024
+ export BMARK_STRING=ep.D.1024
+ BMARK_STRING=ep.D.1024
++ date +%Y_%m_%d_%H_%M_%S_%N
+ name=2012_04_14_09_59_45_864838140
+ mkdir 2012_04_14_09_59_45_864838140
+ cd 2012_04_14_09_59_45_864838140
+ touch out.dat
+ env
+ hostname
+ echo 2012_04_14_09_59_45_864838140
+ uname -a
+ srun --nodes=1 --ntasks=1 -ppbatch cat /proc/cpuinfo
+ grep MHz
+ echo 'cores: 1024'
+ echo 'nodes: 64'
+ srun --nodes=64 --ntasks=1024 -ppbatch -e ep.err -o out.dat --cpu_bind=sockets ../epCL.sh 1024
nodes=64 ntasks=256
+ export BMARK_STRING=ep.D.256
+ BMARK_STRING=ep.D.256
++ date +%Y_%m_%d_%H_%M_%S_%N
+ name=2012_04_14_10_00_00_791981567
+ mkdir 2012_04_14_10_00_00_791981567
+ cd 2012_04_14_10_00_00_791981567
+ touch out.dat
+ env
+ hostname
+ echo 2012_04_14_10_00_00_791981567
+ uname -a
+ srun --nodes=1 --ntasks=1 -ppbatch cat /proc/cpuinfo
+ grep MHz
+ echo 'cores: 256'
+ echo 'nodes: 64'
+ srun --nodes=64 --ntasks=256 -ppbatch -e ep.err -o out.dat --cpu_bind=sockets ../epCL.sh 256
nodes=64 ntasks=512
+ export BMARK_STRING=ep.D.512
+ BMARK_STRING=ep.D.512
++ date +%Y_%m_%d_%H_%M_%S_%N
+ name=2012_04_14_10_00_27_146000541
+ mkdir 2012_04_14_10_00_27_146000541
+ cd 2012_04_14_10_00_27_146000541
+ touch out.dat
+ env
+ hostname
+ echo 2012_04_14_10_00_27_146000541
+ uname -a
+ srun --nodes=1 --ntasks=1 -ppbatch cat /proc/cpuinfo
+ grep MHz
+ echo 'cores: 512'
+ echo 'nodes: 64'
+ srun --nodes=64 --ntasks=512 -ppbatch -e ep.err -o out.dat --cpu_bind=sockets ../epCL.sh 512
nodes=64 ntasks=1024
+ export BMARK_STRING=ep.D.1024
+ BMARK_STRING=ep.D.1024
++ date +%Y_%m_%d_%H_%M_%S_%N
+ name=2012_04_14_10_00_44_319499667
+ mkdir 2012_04_14_10_00_44_319499667
+ cd 2012_04_14_10_00_44_319499667
+ touch out.dat
+ env
+ hostname
+ echo 2012_04_14_10_00_44_319499667
+ uname -a
+ srun --nodes=1 --ntasks=1 -ppbatch cat /proc/cpuinfo
+ grep MHz
+ echo 'cores: 1024'
+ echo 'nodes: 64'
+ srun --nodes=64 --ntasks=1024 -ppbatch -e ep.err -o out.dat --cpu_bind=sockets ../epCL.sh 1024
Resetting now...
