/g/g24/rountree/local/src/power
nodes=64 ntasks=256
+ export BMARK_STRING=mg.D.256
+ BMARK_STRING=mg.D.256
++ date +%Y_%m_%d_%H_%M_%S_%N
+ name=2012_04_14_10_48_47_260325425
+ mkdir 2012_04_14_10_48_47_260325425
+ cd 2012_04_14_10_48_47_260325425
+ touch out.dat
+ env
+ hostname
+ echo 2012_04_14_10_48_47_260325425
+ uname -a
+ srun --nodes=1 --ntasks=1 -ppbatch cat /proc/cpuinfo
+ grep MHz
+ echo 'cores: 256'
+ echo 'nodes: 64'
+ srun --nodes=64 --ntasks=256 -ppbatch -e mg.err -o out.dat --cpu_bind=sockets ../mgCL.sh 256
nodes=64 ntasks=512
+ export BMARK_STRING=mg.D.512
+ BMARK_STRING=mg.D.512
++ date +%Y_%m_%d_%H_%M_%S_%N
+ name=2012_04_14_10_49_01_782328583
+ mkdir 2012_04_14_10_49_01_782328583
+ cd 2012_04_14_10_49_01_782328583
+ touch out.dat
+ env
+ hostname
+ echo 2012_04_14_10_49_01_782328583
+ uname -a
+ srun --nodes=1 --ntasks=1 -ppbatch cat /proc/cpuinfo
+ grep MHz
+ echo 'cores: 512'
+ echo 'nodes: 64'
+ srun --nodes=64 --ntasks=512 -ppbatch -e mg.err -o out.dat --cpu_bind=sockets ../mgCL.sh 512
nodes=64 ntasks=1024
+ export BMARK_STRING=mg.D.1024
+ BMARK_STRING=mg.D.1024
++ date +%Y_%m_%d_%H_%M_%S_%N
+ name=2012_04_14_10_49_13_692386153
+ mkdir 2012_04_14_10_49_13_692386153
+ cd 2012_04_14_10_49_13_692386153
+ touch out.dat
+ env
+ hostname
+ echo 2012_04_14_10_49_13_692386153
+ uname -a
+ srun --nodes=1 --ntasks=1 -ppbatch cat /proc/cpuinfo
+ grep MHz
+ echo 'cores: 1024'
+ echo 'nodes: 64'
+ srun --nodes=64 --ntasks=1024 -ppbatch -e mg.err -o out.dat --cpu_bind=sockets ../mgCL.sh 1024
nodes=64 ntasks=256
+ export BMARK_STRING=mg.D.256
+ BMARK_STRING=mg.D.256
++ date +%Y_%m_%d_%H_%M_%S_%N
+ name=2012_04_14_10_49_28_339198703
+ mkdir 2012_04_14_10_49_28_339198703
+ cd 2012_04_14_10_49_28_339198703
+ touch out.dat
+ env
+ hostname
+ echo 2012_04_14_10_49_28_339198703
+ uname -a
+ srun --nodes=1 --ntasks=1 -ppbatch cat /proc/cpuinfo
+ grep MHz
+ echo 'cores: 256'
+ echo 'nodes: 64'
+ srun --nodes=64 --ntasks=256 -ppbatch -e mg.err -o out.dat --cpu_bind=sockets ../mgCL.sh 256
nodes=64 ntasks=512
+ export BMARK_STRING=mg.D.512
+ BMARK_STRING=mg.D.512
++ date +%Y_%m_%d_%H_%M_%S_%N
+ name=2012_04_14_10_49_41_573249280
+ mkdir 2012_04_14_10_49_41_573249280
+ cd 2012_04_14_10_49_41_573249280
+ touch out.dat
+ env
+ hostname
+ echo 2012_04_14_10_49_41_573249280
+ uname -a
+ srun --nodes=1 --ntasks=1 -ppbatch cat /proc/cpuinfo
+ grep MHz
+ echo 'cores: 512'
+ echo 'nodes: 64'
+ srun --nodes=64 --ntasks=512 -ppbatch -e mg.err -o out.dat --cpu_bind=sockets ../mgCL.sh 512
nodes=64 ntasks=1024
+ export BMARK_STRING=mg.D.1024
+ BMARK_STRING=mg.D.1024
++ date +%Y_%m_%d_%H_%M_%S_%N
+ name=2012_04_14_10_49_53_077948460
+ mkdir 2012_04_14_10_49_53_077948460
+ cd 2012_04_14_10_49_53_077948460
+ touch out.dat
+ env
+ hostname
+ echo 2012_04_14_10_49_53_077948460
+ uname -a
+ srun --nodes=1 --ntasks=1 -ppbatch cat /proc/cpuinfo
+ grep MHz
+ echo 'cores: 1024'
+ echo 'nodes: 64'
+ srun --nodes=64 --ntasks=1024 -ppbatch -e mg.err -o out.dat --cpu_bind=sockets ../mgCL.sh 1024
nodes=64 ntasks=256
+ export BMARK_STRING=mg.D.256
+ BMARK_STRING=mg.D.256
++ date +%Y_%m_%d_%H_%M_%S_%N
+ name=2012_04_14_10_50_07_697685685
+ mkdir 2012_04_14_10_50_07_697685685
+ cd 2012_04_14_10_50_07_697685685
+ touch out.dat
+ env
+ hostname
+ echo 2012_04_14_10_50_07_697685685
+ uname -a
+ srun --nodes=1 --ntasks=1 -ppbatch cat /proc/cpuinfo
+ grep MHz
+ echo 'cores: 256'
+ echo 'nodes: 64'
+ srun --nodes=64 --ntasks=256 -ppbatch -e mg.err -o out.dat --cpu_bind=sockets ../mgCL.sh 256
nodes=64 ntasks=512
+ export BMARK_STRING=mg.D.512
+ BMARK_STRING=mg.D.512
++ date +%Y_%m_%d_%H_%M_%S_%N
+ name=2012_04_14_10_50_20_293366084
+ mkdir 2012_04_14_10_50_20_293366084
+ cd 2012_04_14_10_50_20_293366084
+ touch out.dat
+ env
+ hostname
+ echo 2012_04_14_10_50_20_293366084
+ uname -a
+ srun --nodes=1 --ntasks=1 -ppbatch cat /proc/cpuinfo
+ grep MHz
+ echo 'cores: 512'
+ echo 'nodes: 64'
+ srun --nodes=64 --ntasks=512 -ppbatch -e mg.err -o out.dat --cpu_bind=sockets ../mgCL.sh 512
nodes=64 ntasks=1024
+ export BMARK_STRING=mg.D.1024
+ BMARK_STRING=mg.D.1024
++ date +%Y_%m_%d_%H_%M_%S_%N
+ name=2012_04_14_10_50_32_060690765
+ mkdir 2012_04_14_10_50_32_060690765
+ cd 2012_04_14_10_50_32_060690765
+ touch out.dat
+ env
+ hostname
+ echo 2012_04_14_10_50_32_060690765
+ uname -a
+ srun --nodes=1 --ntasks=1 -ppbatch cat /proc/cpuinfo
+ grep MHz
+ echo 'cores: 1024'
+ echo 'nodes: 64'
+ srun --nodes=64 --ntasks=1024 -ppbatch -e mg.err -o out.dat --cpu_bind=sockets ../mgCL.sh 1024
nodes=64 ntasks=256
+ export BMARK_STRING=mg.D.256
+ BMARK_STRING=mg.D.256
++ date +%Y_%m_%d_%H_%M_%S_%N
+ name=2012_04_14_10_50_46_663167642
+ mkdir 2012_04_14_10_50_46_663167642
+ cd 2012_04_14_10_50_46_663167642
+ touch out.dat
+ env
+ hostname
+ echo 2012_04_14_10_50_46_663167642
+ uname -a
+ srun --nodes=1 --ntasks=1 -ppbatch cat /proc/cpuinfo
+ grep MHz
+ echo 'cores: 256'
+ echo 'nodes: 64'
+ srun --nodes=64 --ntasks=256 -ppbatch -e mg.err -o out.dat --cpu_bind=sockets ../mgCL.sh 256
nodes=64 ntasks=512
+ export BMARK_STRING=mg.D.512
+ BMARK_STRING=mg.D.512
++ date +%Y_%m_%d_%H_%M_%S_%N
+ name=2012_04_14_10_50_59_388380774
+ mkdir 2012_04_14_10_50_59_388380774
+ cd 2012_04_14_10_50_59_388380774
+ touch out.dat
+ env
+ hostname
+ echo 2012_04_14_10_50_59_388380774
+ uname -a
+ srun --nodes=1 --ntasks=1 -ppbatch cat /proc/cpuinfo
+ grep MHz
+ echo 'cores: 512'
+ echo 'nodes: 64'
+ srun --nodes=64 --ntasks=512 -ppbatch -e mg.err -o out.dat --cpu_bind=sockets ../mgCL.sh 512
nodes=64 ntasks=1024
+ export BMARK_STRING=mg.D.1024
+ BMARK_STRING=mg.D.1024
++ date +%Y_%m_%d_%H_%M_%S_%N
+ name=2012_04_14_10_51_11_101231025
+ mkdir 2012_04_14_10_51_11_101231025
+ cd 2012_04_14_10_51_11_101231025
+ touch out.dat
+ env
+ hostname
+ echo 2012_04_14_10_51_11_101231025
+ uname -a
+ srun --nodes=1 --ntasks=1 -ppbatch cat /proc/cpuinfo
+ grep MHz
+ echo 'cores: 1024'
+ echo 'nodes: 64'
+ srun --nodes=64 --ntasks=1024 -ppbatch -e mg.err -o out.dat --cpu_bind=sockets ../mgCL.sh 1024
nodes=64 ntasks=256
+ export BMARK_STRING=mg.D.256
+ BMARK_STRING=mg.D.256
++ date +%Y_%m_%d_%H_%M_%S_%N
+ name=2012_04_14_10_51_26_405228229
+ mkdir 2012_04_14_10_51_26_405228229
+ cd 2012_04_14_10_51_26_405228229
+ touch out.dat
+ env
+ hostname
+ echo 2012_04_14_10_51_26_405228229
+ uname -a
+ srun --nodes=1 --ntasks=1 -ppbatch cat /proc/cpuinfo
+ grep MHz
+ echo 'cores: 256'
+ echo 'nodes: 64'
+ srun --nodes=64 --ntasks=256 -ppbatch -e mg.err -o out.dat --cpu_bind=sockets ../mgCL.sh 256
nodes=64 ntasks=512
+ export BMARK_STRING=mg.D.512
+ BMARK_STRING=mg.D.512
++ date +%Y_%m_%d_%H_%M_%S_%N
+ name=2012_04_14_10_51_39_108712495
+ mkdir 2012_04_14_10_51_39_108712495
+ cd 2012_04_14_10_51_39_108712495
+ touch out.dat
+ env
+ hostname
+ echo 2012_04_14_10_51_39_108712495
+ uname -a
+ srun --nodes=1 --ntasks=1 -ppbatch cat /proc/cpuinfo
+ grep MHz
+ echo 'cores: 512'
+ echo 'nodes: 64'
+ srun --nodes=64 --ntasks=512 -ppbatch -e mg.err -o out.dat --cpu_bind=sockets ../mgCL.sh 512
nodes=64 ntasks=1024
+ export BMARK_STRING=mg.D.1024
+ BMARK_STRING=mg.D.1024
++ date +%Y_%m_%d_%H_%M_%S_%N
+ name=2012_04_14_10_51_50_466943822
+ mkdir 2012_04_14_10_51_50_466943822
+ cd 2012_04_14_10_51_50_466943822
+ touch out.dat
+ env
+ hostname
+ echo 2012_04_14_10_51_50_466943822
+ uname -a
+ srun --nodes=1 --ntasks=1 -ppbatch cat /proc/cpuinfo
+ grep MHz
+ echo 'cores: 1024'
+ echo 'nodes: 64'
+ srun --nodes=64 --ntasks=1024 -ppbatch -e mg.err -o out.dat --cpu_bind=sockets ../mgCL.sh 1024
nodes=64 ntasks=256
+ export BMARK_STRING=mg.D.256
+ BMARK_STRING=mg.D.256
++ date +%Y_%m_%d_%H_%M_%S_%N
+ name=2012_04_14_10_52_03_848259533
+ mkdir 2012_04_14_10_52_03_848259533
+ cd 2012_04_14_10_52_03_848259533
+ touch out.dat
+ env
+ hostname
+ echo 2012_04_14_10_52_03_848259533
+ uname -a
+ srun --nodes=1 --ntasks=1 -ppbatch cat /proc/cpuinfo
+ grep MHz
+ echo 'cores: 256'
+ echo 'nodes: 64'
+ srun --nodes=64 --ntasks=256 -ppbatch -e mg.err -o out.dat --cpu_bind=sockets ../mgCL.sh 256
nodes=64 ntasks=512
+ export BMARK_STRING=mg.D.512
+ BMARK_STRING=mg.D.512
++ date +%Y_%m_%d_%H_%M_%S_%N
+ name=2012_04_14_10_52_16_753443451
+ mkdir 2012_04_14_10_52_16_753443451
+ cd 2012_04_14_10_52_16_753443451
+ touch out.dat
+ env
+ hostname
+ echo 2012_04_14_10_52_16_753443451
+ uname -a
+ srun --nodes=1 --ntasks=1 -ppbatch cat /proc/cpuinfo
+ grep MHz
+ echo 'cores: 512'
+ echo 'nodes: 64'
+ srun --nodes=64 --ntasks=512 -ppbatch -e mg.err -o out.dat --cpu_bind=sockets ../mgCL.sh 512
nodes=64 ntasks=1024
+ export BMARK_STRING=mg.D.1024
+ BMARK_STRING=mg.D.1024
++ date +%Y_%m_%d_%H_%M_%S_%N
+ name=2012_04_14_10_52_27_893302781
+ mkdir 2012_04_14_10_52_27_893302781
+ cd 2012_04_14_10_52_27_893302781
+ touch out.dat
+ env
+ hostname
+ echo 2012_04_14_10_52_27_893302781
+ uname -a
+ srun --nodes=1 --ntasks=1 -ppbatch cat /proc/cpuinfo
+ grep MHz
+ echo 'cores: 1024'
+ echo 'nodes: 64'
+ srun --nodes=64 --ntasks=1024 -ppbatch -e mg.err -o out.dat --cpu_bind=sockets ../mgCL.sh 1024
nodes=64 ntasks=256
+ export BMARK_STRING=mg.D.256
+ BMARK_STRING=mg.D.256
++ date +%Y_%m_%d_%H_%M_%S_%N
+ name=2012_04_14_10_52_42_240728480
+ mkdir 2012_04_14_10_52_42_240728480
+ cd 2012_04_14_10_52_42_240728480
+ touch out.dat
+ env
+ hostname
+ echo 2012_04_14_10_52_42_240728480
+ uname -a
+ srun --nodes=1 --ntasks=1 -ppbatch cat /proc/cpuinfo
+ grep MHz
+ echo 'cores: 256'
+ echo 'nodes: 64'
+ srun --nodes=64 --ntasks=256 -ppbatch -e mg.err -o out.dat --cpu_bind=sockets ../mgCL.sh 256
nodes=64 ntasks=512
+ export BMARK_STRING=mg.D.512
+ BMARK_STRING=mg.D.512
++ date +%Y_%m_%d_%H_%M_%S_%N
+ name=2012_04_14_10_52_55_119659232
+ mkdir 2012_04_14_10_52_55_119659232
+ cd 2012_04_14_10_52_55_119659232
+ touch out.dat
+ env
+ hostname
+ echo 2012_04_14_10_52_55_119659232
+ uname -a
+ srun --nodes=1 --ntasks=1 -ppbatch cat /proc/cpuinfo
+ grep MHz
+ echo 'cores: 512'
+ echo 'nodes: 64'
+ srun --nodes=64 --ntasks=512 -ppbatch -e mg.err -o out.dat --cpu_bind=sockets ../mgCL.sh 512
nodes=64 ntasks=1024
+ export BMARK_STRING=mg.D.1024
+ BMARK_STRING=mg.D.1024
++ date +%Y_%m_%d_%H_%M_%S_%N
+ name=2012_04_14_10_53_07_147231274
+ mkdir 2012_04_14_10_53_07_147231274
+ cd 2012_04_14_10_53_07_147231274
+ touch out.dat
+ env
+ hostname
+ echo 2012_04_14_10_53_07_147231274
+ uname -a
+ srun --nodes=1 --ntasks=1 -ppbatch cat /proc/cpuinfo
+ grep MHz
+ echo 'cores: 1024'
+ echo 'nodes: 64'
+ srun --nodes=64 --ntasks=1024 -ppbatch -e mg.err -o out.dat --cpu_bind=sockets ../mgCL.sh 1024
nodes=64 ntasks=256
+ export BMARK_STRING=mg.D.256
+ BMARK_STRING=mg.D.256
++ date +%Y_%m_%d_%H_%M_%S_%N
+ name=2012_04_14_10_53_20_800961995
+ mkdir 2012_04_14_10_53_20_800961995
+ cd 2012_04_14_10_53_20_800961995
+ touch out.dat
+ env
+ hostname
+ echo 2012_04_14_10_53_20_800961995
+ uname -a
+ srun --nodes=1 --ntasks=1 -ppbatch cat /proc/cpuinfo
+ grep MHz
+ echo 'cores: 256'
+ echo 'nodes: 64'
+ srun --nodes=64 --ntasks=256 -ppbatch -e mg.err -o out.dat --cpu_bind=sockets ../mgCL.sh 256
nodes=64 ntasks=512
+ export BMARK_STRING=mg.D.512
+ BMARK_STRING=mg.D.512
++ date +%Y_%m_%d_%H_%M_%S_%N
+ name=2012_04_14_10_53_33_679900237
+ mkdir 2012_04_14_10_53_33_679900237
+ cd 2012_04_14_10_53_33_679900237
+ touch out.dat
+ env
+ hostname
+ echo 2012_04_14_10_53_33_679900237
+ uname -a
+ srun --nodes=1 --ntasks=1 -ppbatch cat /proc/cpuinfo
+ grep MHz
+ echo 'cores: 512'
+ echo 'nodes: 64'
+ srun --nodes=64 --ntasks=512 -ppbatch -e mg.err -o out.dat --cpu_bind=sockets ../mgCL.sh 512
nodes=64 ntasks=1024
+ export BMARK_STRING=mg.D.1024
+ BMARK_STRING=mg.D.1024
++ date +%Y_%m_%d_%H_%M_%S_%N
+ name=2012_04_14_10_53_45_421970522
+ mkdir 2012_04_14_10_53_45_421970522
+ cd 2012_04_14_10_53_45_421970522
+ touch out.dat
+ env
+ hostname
+ echo 2012_04_14_10_53_45_421970522
+ uname -a
+ srun --nodes=1 --ntasks=1 -ppbatch cat /proc/cpuinfo
+ grep MHz
+ echo 'cores: 1024'
+ echo 'nodes: 64'
+ srun --nodes=64 --ntasks=1024 -ppbatch -e mg.err -o out.dat --cpu_bind=sockets ../mgCL.sh 1024
nodes=64 ntasks=256
+ export BMARK_STRING=mg.D.256
+ BMARK_STRING=mg.D.256
++ date +%Y_%m_%d_%H_%M_%S_%N
+ name=2012_04_14_10_53_59_804714715
+ mkdir 2012_04_14_10_53_59_804714715
+ cd 2012_04_14_10_53_59_804714715
+ touch out.dat
+ env
+ hostname
+ echo 2012_04_14_10_53_59_804714715
+ uname -a
+ srun --nodes=1 --ntasks=1 -ppbatch cat /proc/cpuinfo
+ grep MHz
+ echo 'cores: 256'
+ echo 'nodes: 64'
+ srun --nodes=64 --ntasks=256 -ppbatch -e mg.err -o out.dat --cpu_bind=sockets ../mgCL.sh 256
nodes=64 ntasks=512
+ export BMARK_STRING=mg.D.512
+ BMARK_STRING=mg.D.512
++ date +%Y_%m_%d_%H_%M_%S_%N
+ name=2012_04_14_10_54_12_373524334
+ mkdir 2012_04_14_10_54_12_373524334
+ cd 2012_04_14_10_54_12_373524334
+ touch out.dat
+ env
+ hostname
+ echo 2012_04_14_10_54_12_373524334
+ uname -a
+ srun --nodes=1 --ntasks=1 -ppbatch cat /proc/cpuinfo
+ grep MHz
+ echo 'cores: 512'
+ echo 'nodes: 64'
+ srun --nodes=64 --ntasks=512 -ppbatch -e mg.err -o out.dat --cpu_bind=sockets ../mgCL.sh 512
nodes=64 ntasks=1024
+ export BMARK_STRING=mg.D.1024
+ BMARK_STRING=mg.D.1024
++ date +%Y_%m_%d_%H_%M_%S_%N
+ name=2012_04_14_10_54_23_707007334
+ mkdir 2012_04_14_10_54_23_707007334
+ cd 2012_04_14_10_54_23_707007334
+ touch out.dat
+ env
+ hostname
+ echo 2012_04_14_10_54_23_707007334
+ uname -a
+ srun --nodes=1 --ntasks=1 -ppbatch cat /proc/cpuinfo
+ grep MHz
+ echo 'cores: 1024'
+ echo 'nodes: 64'
+ srun --nodes=64 --ntasks=1024 -ppbatch -e mg.err -o out.dat --cpu_bind=sockets ../mgCL.sh 1024
nodes=64 ntasks=256
+ export BMARK_STRING=mg.D.256
+ BMARK_STRING=mg.D.256
++ date +%Y_%m_%d_%H_%M_%S_%N
+ name=2012_04_14_10_54_37_444749492
+ mkdir 2012_04_14_10_54_37_444749492
+ cd 2012_04_14_10_54_37_444749492
+ touch out.dat
+ env
+ hostname
+ echo 2012_04_14_10_54_37_444749492
+ uname -a
+ srun --nodes=1 --ntasks=1 -ppbatch cat /proc/cpuinfo
+ grep MHz
+ echo 'cores: 256'
+ echo 'nodes: 64'
+ srun --nodes=64 --ntasks=256 -ppbatch -e mg.err -o out.dat --cpu_bind=sockets ../mgCL.sh 256
nodes=64 ntasks=512
+ export BMARK_STRING=mg.D.512
+ BMARK_STRING=mg.D.512
++ date +%Y_%m_%d_%H_%M_%S_%N
+ name=2012_04_14_10_54_51_156256313
+ mkdir 2012_04_14_10_54_51_156256313
+ cd 2012_04_14_10_54_51_156256313
+ touch out.dat
+ env
+ hostname
+ echo 2012_04_14_10_54_51_156256313
+ uname -a
+ srun --nodes=1 --ntasks=1 -ppbatch cat /proc/cpuinfo
+ grep MHz
+ echo 'cores: 512'
+ echo 'nodes: 64'
+ srun --nodes=64 --ntasks=512 -ppbatch -e mg.err -o out.dat --cpu_bind=sockets ../mgCL.sh 512
nodes=64 ntasks=1024
+ export BMARK_STRING=mg.D.1024
+ BMARK_STRING=mg.D.1024
++ date +%Y_%m_%d_%H_%M_%S_%N
+ name=2012_04_14_10_55_02_280033876
+ mkdir 2012_04_14_10_55_02_280033876
+ cd 2012_04_14_10_55_02_280033876
+ touch out.dat
+ env
+ hostname
+ echo 2012_04_14_10_55_02_280033876
+ uname -a
+ srun --nodes=1 --ntasks=1 -ppbatch cat /proc/cpuinfo
+ grep MHz
+ echo 'cores: 1024'
+ echo 'nodes: 64'
+ srun --nodes=64 --ntasks=1024 -ppbatch -e mg.err -o out.dat --cpu_bind=sockets ../mgCL.sh 1024
nodes=64 ntasks=256
+ export BMARK_STRING=mg.D.256
+ BMARK_STRING=mg.D.256
++ date +%Y_%m_%d_%H_%M_%S_%N
+ name=2012_04_14_10_55_16_020935931
+ mkdir 2012_04_14_10_55_16_020935931
+ cd 2012_04_14_10_55_16_020935931
+ touch out.dat
+ env
+ hostname
+ echo 2012_04_14_10_55_16_020935931
+ uname -a
+ srun --nodes=1 --ntasks=1 -ppbatch cat /proc/cpuinfo
+ grep MHz
+ echo 'cores: 256'
+ echo 'nodes: 64'
+ srun --nodes=64 --ntasks=256 -ppbatch -e mg.err -o out.dat --cpu_bind=sockets ../mgCL.sh 256
nodes=64 ntasks=512
+ export BMARK_STRING=mg.D.512
+ BMARK_STRING=mg.D.512
++ date +%Y_%m_%d_%H_%M_%S_%N
+ name=2012_04_14_10_55_29_158444855
+ mkdir 2012_04_14_10_55_29_158444855
+ cd 2012_04_14_10_55_29_158444855
+ touch out.dat
+ env
+ hostname
+ echo 2012_04_14_10_55_29_158444855
+ uname -a
+ srun --nodes=1 --ntasks=1 -ppbatch cat /proc/cpuinfo
+ grep MHz
+ echo 'cores: 512'
+ echo 'nodes: 64'
+ srun --nodes=64 --ntasks=512 -ppbatch -e mg.err -o out.dat --cpu_bind=sockets ../mgCL.sh 512
nodes=64 ntasks=1024
+ export BMARK_STRING=mg.D.1024
+ BMARK_STRING=mg.D.1024
++ date +%Y_%m_%d_%H_%M_%S_%N
+ name=2012_04_14_10_55_40_205831679
+ mkdir 2012_04_14_10_55_40_205831679
+ cd 2012_04_14_10_55_40_205831679
+ touch out.dat
+ env
+ hostname
+ echo 2012_04_14_10_55_40_205831679
+ uname -a
+ srun --nodes=1 --ntasks=1 -ppbatch cat /proc/cpuinfo
+ grep MHz
+ echo 'cores: 1024'
+ echo 'nodes: 64'
+ srun --nodes=64 --ntasks=1024 -ppbatch -e mg.err -o out.dat --cpu_bind=sockets ../mgCL.sh 1024
nodes=64 ntasks=256
+ export BMARK_STRING=mg.D.256
+ BMARK_STRING=mg.D.256
++ date +%Y_%m_%d_%H_%M_%S_%N
+ name=2012_04_14_10_55_54_052308829
+ mkdir 2012_04_14_10_55_54_052308829
+ cd 2012_04_14_10_55_54_052308829
+ touch out.dat
+ env
+ hostname
+ echo 2012_04_14_10_55_54_052308829
+ uname -a
+ srun --nodes=1 --ntasks=1 -ppbatch cat /proc/cpuinfo
+ grep MHz
+ echo 'cores: 256'
+ echo 'nodes: 64'
+ srun --nodes=64 --ntasks=256 -ppbatch -e mg.err -o out.dat --cpu_bind=sockets ../mgCL.sh 256
nodes=64 ntasks=512
+ export BMARK_STRING=mg.D.512
+ BMARK_STRING=mg.D.512
++ date +%Y_%m_%d_%H_%M_%S_%N
+ name=2012_04_14_10_56_06_663667102
+ mkdir 2012_04_14_10_56_06_663667102
+ cd 2012_04_14_10_56_06_663667102
+ touch out.dat
+ env
+ hostname
+ echo 2012_04_14_10_56_06_663667102
+ uname -a
+ srun --nodes=1 --ntasks=1 -ppbatch cat /proc/cpuinfo
+ grep MHz
+ echo 'cores: 512'
+ echo 'nodes: 64'
+ srun --nodes=64 --ntasks=512 -ppbatch -e mg.err -o out.dat --cpu_bind=sockets ../mgCL.sh 512
nodes=64 ntasks=1024
+ export BMARK_STRING=mg.D.1024
+ BMARK_STRING=mg.D.1024
++ date +%Y_%m_%d_%H_%M_%S_%N
+ name=2012_04_14_10_56_18_156315713
+ mkdir 2012_04_14_10_56_18_156315713
+ cd 2012_04_14_10_56_18_156315713
+ touch out.dat
+ env
+ hostname
+ echo 2012_04_14_10_56_18_156315713
+ uname -a
+ srun --nodes=1 --ntasks=1 -ppbatch cat /proc/cpuinfo
+ grep MHz
+ echo 'cores: 1024'
+ echo 'nodes: 64'
+ srun --nodes=64 --ntasks=1024 -ppbatch -e mg.err -o out.dat --cpu_bind=sockets ../mgCL.sh 1024
nodes=64 ntasks=256
+ export BMARK_STRING=mg.D.256
+ BMARK_STRING=mg.D.256
++ date +%Y_%m_%d_%H_%M_%S_%N
+ name=2012_04_14_10_56_30_946305789
+ mkdir 2012_04_14_10_56_30_946305789
+ cd 2012_04_14_10_56_30_946305789
+ touch out.dat
+ env
+ hostname
+ echo 2012_04_14_10_56_30_946305789
+ uname -a
+ srun --nodes=1 --ntasks=1 -ppbatch cat /proc/cpuinfo
+ grep MHz
+ echo 'cores: 256'
+ echo 'nodes: 64'
+ srun --nodes=64 --ntasks=256 -ppbatch -e mg.err -o out.dat --cpu_bind=sockets ../mgCL.sh 256
nodes=64 ntasks=512
+ export BMARK_STRING=mg.D.512
+ BMARK_STRING=mg.D.512
++ date +%Y_%m_%d_%H_%M_%S_%N
+ name=2012_04_14_10_56_43_996264442
+ mkdir 2012_04_14_10_56_43_996264442
+ cd 2012_04_14_10_56_43_996264442
+ touch out.dat
+ env
+ hostname
+ echo 2012_04_14_10_56_43_996264442
+ uname -a
+ srun --nodes=1 --ntasks=1 -ppbatch cat /proc/cpuinfo
+ grep MHz
+ echo 'cores: 512'
+ echo 'nodes: 64'
+ srun --nodes=64 --ntasks=512 -ppbatch -e mg.err -o out.dat --cpu_bind=sockets ../mgCL.sh 512
nodes=64 ntasks=1024
+ export BMARK_STRING=mg.D.1024
+ BMARK_STRING=mg.D.1024
++ date +%Y_%m_%d_%H_%M_%S_%N
+ name=2012_04_14_10_56_55_264181568
+ mkdir 2012_04_14_10_56_55_264181568
+ cd 2012_04_14_10_56_55_264181568
+ touch out.dat
+ env
+ hostname
+ echo 2012_04_14_10_56_55_264181568
+ uname -a
+ srun --nodes=1 --ntasks=1 -ppbatch cat /proc/cpuinfo
+ grep MHz
+ echo 'cores: 1024'
+ echo 'nodes: 64'
+ srun --nodes=64 --ntasks=1024 -ppbatch -e mg.err -o out.dat --cpu_bind=sockets ../mgCL.sh 1024
nodes=64 ntasks=256
+ export BMARK_STRING=mg.D.256
+ BMARK_STRING=mg.D.256
++ date +%Y_%m_%d_%H_%M_%S_%N
+ name=2012_04_14_10_57_08_847793460
+ mkdir 2012_04_14_10_57_08_847793460
+ cd 2012_04_14_10_57_08_847793460
+ touch out.dat
+ env
+ hostname
+ echo 2012_04_14_10_57_08_847793460
+ uname -a
+ srun --nodes=1 --ntasks=1 -ppbatch cat /proc/cpuinfo
+ grep MHz
+ echo 'cores: 256'
+ echo 'nodes: 64'
+ srun --nodes=64 --ntasks=256 -ppbatch -e mg.err -o out.dat --cpu_bind=sockets ../mgCL.sh 256
nodes=64 ntasks=512
+ export BMARK_STRING=mg.D.512
+ BMARK_STRING=mg.D.512
++ date +%Y_%m_%d_%H_%M_%S_%N
+ name=2012_04_14_10_57_21_735281468
+ mkdir 2012_04_14_10_57_21_735281468
+ cd 2012_04_14_10_57_21_735281468
+ touch out.dat
+ env
+ hostname
+ echo 2012_04_14_10_57_21_735281468
+ uname -a
+ grep MHz
+ srun --nodes=1 --ntasks=1 -ppbatch cat /proc/cpuinfo
+ echo 'cores: 512'
+ echo 'nodes: 64'
+ srun --nodes=64 --ntasks=512 -ppbatch -e mg.err -o out.dat --cpu_bind=sockets ../mgCL.sh 512
nodes=64 ntasks=1024
+ export BMARK_STRING=mg.D.1024
+ BMARK_STRING=mg.D.1024
++ date +%Y_%m_%d_%H_%M_%S_%N
+ name=2012_04_14_10_57_32_917068171
+ mkdir 2012_04_14_10_57_32_917068171
+ cd 2012_04_14_10_57_32_917068171
+ touch out.dat
+ env
+ hostname
+ echo 2012_04_14_10_57_32_917068171
+ uname -a
+ srun --nodes=1 --ntasks=1 -ppbatch cat /proc/cpuinfo
+ grep MHz
+ echo 'cores: 1024'
+ echo 'nodes: 64'
+ srun --nodes=64 --ntasks=1024 -ppbatch -e mg.err -o out.dat --cpu_bind=sockets ../mgCL.sh 1024
nodes=64 ntasks=256
+ export BMARK_STRING=mg.D.256
+ BMARK_STRING=mg.D.256
++ date +%Y_%m_%d_%H_%M_%S_%N
+ name=2012_04_14_10_57_46_408680751
+ mkdir 2012_04_14_10_57_46_408680751
+ cd 2012_04_14_10_57_46_408680751
+ touch out.dat
+ env
+ hostname
+ echo 2012_04_14_10_57_46_408680751
+ uname -a
+ srun --nodes=1 --ntasks=1 -ppbatch cat /proc/cpuinfo
+ grep MHz
+ echo 'cores: 256'
+ echo 'nodes: 64'
+ srun --nodes=64 --ntasks=256 -ppbatch -e mg.err -o out.dat --cpu_bind=sockets ../mgCL.sh 256
nodes=64 ntasks=512
+ export BMARK_STRING=mg.D.512
+ BMARK_STRING=mg.D.512
++ date +%Y_%m_%d_%H_%M_%S_%N
+ name=2012_04_14_10_57_59_489657540
+ mkdir 2012_04_14_10_57_59_489657540
+ cd 2012_04_14_10_57_59_489657540
+ touch out.dat
+ env
+ hostname
+ echo 2012_04_14_10_57_59_489657540
+ uname -a
+ srun --nodes=1 --ntasks=1 -ppbatch cat /proc/cpuinfo
+ grep MHz
+ echo 'cores: 512'
+ echo 'nodes: 64'
+ srun --nodes=64 --ntasks=512 -ppbatch -e mg.err -o out.dat --cpu_bind=sockets ../mgCL.sh 512
nodes=64 ntasks=1024
+ export BMARK_STRING=mg.D.1024
+ BMARK_STRING=mg.D.1024
++ date +%Y_%m_%d_%H_%M_%S_%N
+ name=2012_04_14_10_58_11_448036921
+ mkdir 2012_04_14_10_58_11_448036921
+ cd 2012_04_14_10_58_11_448036921
+ touch out.dat
+ env
+ hostname
+ echo 2012_04_14_10_58_11_448036921
+ uname -a
+ grep MHz
+ srun --nodes=1 --ntasks=1 -ppbatch cat /proc/cpuinfo
+ echo 'cores: 1024'
+ echo 'nodes: 64'
+ srun --nodes=64 --ntasks=1024 -ppbatch -e mg.err -o out.dat --cpu_bind=sockets ../mgCL.sh 1024
nodes=64 ntasks=256
+ export BMARK_STRING=mg.D.256
+ BMARK_STRING=mg.D.256
++ date +%Y_%m_%d_%H_%M_%S_%N
+ name=2012_04_14_10_58_24_455609323
+ mkdir 2012_04_14_10_58_24_455609323
+ cd 2012_04_14_10_58_24_455609323
+ touch out.dat
+ env
+ hostname
+ echo 2012_04_14_10_58_24_455609323
+ uname -a
+ srun --nodes=1 --ntasks=1 -ppbatch cat /proc/cpuinfo
+ grep MHz
+ echo 'cores: 256'
+ echo 'nodes: 64'
+ srun --nodes=64 --ntasks=256 -ppbatch -e mg.err -o out.dat --cpu_bind=sockets ../mgCL.sh 256
nodes=64 ntasks=512
+ export BMARK_STRING=mg.D.512
+ BMARK_STRING=mg.D.512
++ date +%Y_%m_%d_%H_%M_%S_%N
+ name=2012_04_14_10_58_37_293310103
+ mkdir 2012_04_14_10_58_37_293310103
+ cd 2012_04_14_10_58_37_293310103
+ touch out.dat
+ env
+ hostname
+ echo 2012_04_14_10_58_37_293310103
+ uname -a
+ srun --nodes=1 --ntasks=1 -ppbatch cat /proc/cpuinfo
+ grep MHz
+ echo 'cores: 512'
+ echo 'nodes: 64'
+ srun --nodes=64 --ntasks=512 -ppbatch -e mg.err -o out.dat --cpu_bind=sockets ../mgCL.sh 512
nodes=64 ntasks=1024
+ export BMARK_STRING=mg.D.1024
+ BMARK_STRING=mg.D.1024
++ date +%Y_%m_%d_%H_%M_%S_%N
+ name=2012_04_14_10_58_48_814298946
+ mkdir 2012_04_14_10_58_48_814298946
+ cd 2012_04_14_10_58_48_814298946
+ touch out.dat
+ env
+ hostname
+ echo 2012_04_14_10_58_48_814298946
+ uname -a
+ srun --nodes=1 --ntasks=1 -ppbatch cat /proc/cpuinfo
+ grep MHz
+ echo 'cores: 1024'
+ echo 'nodes: 64'
+ srun --nodes=64 --ntasks=1024 -ppbatch -e mg.err -o out.dat --cpu_bind=sockets ../mgCL.sh 1024
Resetting now...
