/g/g24/rountree/local/src/power
nodes=16 ntasks=64
+ export BLR_BENCHMARK=/g/g24/rountree/local/src/power/bmark/NAS/bin/cg.D.64
+ BLR_BENCHMARK=/g/g24/rountree/local/src/power/bmark/NAS/bin/cg.D.64
++ date +%Y_%m_%d_%H_%M_%S_%N
+ name=2012_04_12_18_50_51_368027098
+ mkdir 2012_04_12_18_50_51_368027098
+ cd 2012_04_12_18_50_51_368027098
+ touch out.dat
+ env
+ hostname
+ echo 2012_04_12_18_50_51_368027098
+ uname -a
+ srun --nodes=1 --ntasks=1 -ppbatch cat /proc/cpuinfo
+ grep MHz
+ echo 'cores: 64'
+ echo 'nodes: 16'
+ srun --nodes=16 --ntasks=64 -ppbatch -e cg.err -o out.dat --cpu_bind=sockets ../cgCL.sh 64
srun: error: rzmerl115: task 32: Exited with exit code 174
srun: error: rzmerl107: task 0: Exited with exit code 174
srun: error: rzmerl151: task 48: Exited with exit code 174
srun: error: rzmerl111: task 16: Exited with exit code 174
srun: First task exited 30s ago
srun: tasks 1-15,17-31,33-47,49-63: running
srun: tasks 0,16,32,48: exited abnormally
srun: Terminating job step 5665.1
srun: Job step aborted: Waiting up to 2 seconds for job step to finish.
nodes=16 ntasks=128
+ export BLR_BENCHMARK=/g/g24/rountree/local/src/power/bmark/NAS/bin/cg.D.128
+ BLR_BENCHMARK=/g/g24/rountree/local/src/power/bmark/NAS/bin/cg.D.128
++ date +%Y_%m_%d_%H_%M_%S_%N
+ name=2012_04_12_18_52_26_688115415
+ mkdir 2012_04_12_18_52_26_688115415
+ cd 2012_04_12_18_52_26_688115415
+ touch out.dat
+ env
+ hostname
+ echo 2012_04_12_18_52_26_688115415
+ uname -a
+ srun --nodes=1 --ntasks=1 -ppbatch cat /proc/cpuinfo
+ grep MHz
+ echo 'cores: 128'
+ echo 'nodes: 16'
+ srun --nodes=16 --ntasks=128 -ppbatch -e cg.err -o out.dat --cpu_bind=sockets ../cgCL.sh 128
srun: error: rzmerl107: task 0: Exited with exit code 174
srun: error: rzmerl117: task 80: Exited with exit code 174
srun: error: rzmerl151: task 96: Exited with exit code 174
srun: error: rzmerl153: task 112: Exited with exit code 174
srun: error: rzmerl111: task 32: Exited with exit code 174
srun: error: rzmerl113: task 48: Exited with exit code 174
srun: error: rzmerl109: task 16: Exited with exit code 174
srun: error: rzmerl115: task 64: Exited with exit code 174
srun: First task exited 30s ago
srun: tasks 1-15,17-31,33-47,49-63,65-79,81-95,97-111,113-127: running
srun: tasks 0,16,32,48,64,80,96,112: exited abnormally
srun: Terminating job step 5665.3
srun: Job step aborted: Waiting up to 2 seconds for job step to finish.
nodes=16 ntasks=256
+ export BLR_BENCHMARK=/g/g24/rountree/local/src/power/bmark/NAS/bin/cg.D.256
+ BLR_BENCHMARK=/g/g24/rountree/local/src/power/bmark/NAS/bin/cg.D.256
++ date +%Y_%m_%d_%H_%M_%S_%N
+ name=2012_04_12_18_53_01_475482829
+ mkdir 2012_04_12_18_53_01_475482829
+ cd 2012_04_12_18_53_01_475482829
+ touch out.dat
+ env
+ hostname
+ echo 2012_04_12_18_53_01_475482829
+ uname -a
+ srun --nodes=1 --ntasks=1 -ppbatch cat /proc/cpuinfo
+ grep MHz
+ echo 'cores: 256'
+ echo 'nodes: 16'
+ srun --nodes=16 --ntasks=256 -ppbatch -e cg.err -o out.dat --cpu_bind=sockets ../cgCL.sh 256
srun: error: rzmerl107: task 0: Exited with exit code 174
srun: error: rzmerl117: task 160: Exited with exit code 174
srun: error: rzmerl152: task 208: Exited with exit code 174
srun: error: rzmerl151: task 192: Exited with exit code 174
srun: error: rzmerl114: task 112: Exited with exit code 174
srun: error: rzmerl112: task 80: Exited with exit code 174
srun: error: rzmerl111: task 64: Exited with exit code 174
srun: error: rzmerl113: task 96: Exited with exit code 174
srun: error: rzmerl154: task 240: Exited with exit code 174
srun: error: rzmerl109: task 32: Exited with exit code 174
srun: error: rzmerl153: task 224: Exited with exit code 174
srun: error: rzmerl116: task 144: Exited with exit code 174
srun: error: rzmerl115: task 128: Exited with exit code 174
srun: error: rzmerl108: task 16: Exited with exit code 174
srun: error: rzmerl110: task 48: Exited with exit code 174
srun: error: rzmerl118: task 176: Exited with exit code 174
srun: First task exited 30s ago
srun: tasks 1-15,17-31,33-47,49-63,65-79,81-95,97-111,113-127,129-143,145-159,161-175,177-191,193-207,209-223,225-239,241-255: running
srun: tasks 0,16,32,48,64,80,96,112,128,144,160,176,192,208,224,240: exited abnormally
srun: Terminating job step 5665.5
srun: Job step aborted: Waiting up to 2 seconds for job step to finish.
nodes=16 ntasks=64
+ export BLR_BENCHMARK=/g/g24/rountree/local/src/power/bmark/NAS/bin/cg.D.64
+ BLR_BENCHMARK=/g/g24/rountree/local/src/power/bmark/NAS/bin/cg.D.64
++ date +%Y_%m_%d_%H_%M_%S_%N
+ name=2012_04_12_18_53_36_941122754
+ mkdir 2012_04_12_18_53_36_941122754
+ cd 2012_04_12_18_53_36_941122754
+ touch out.dat
+ env
+ hostname
+ echo 2012_04_12_18_53_36_941122754
+ uname -a
+ srun --nodes=1 --ntasks=1 -ppbatch cat /proc/cpuinfo
+ grep MHz
+ echo 'cores: 64'
+ echo 'nodes: 16'
+ srun --nodes=16 --ntasks=64 -ppbatch -e cg.err -o out.dat --cpu_bind=sockets ../cgCL.sh 64
srun: error: rzmerl107: task 0: Exited with exit code 174
srun: error: rzmerl151: task 48: Exited with exit code 174
srun: error: rzmerl111: task 16: Exited with exit code 174
srun: error: rzmerl115: task 32: Exited with exit code 174
srun: First task exited 30s ago
srun: tasks 1-15,17-31,33-47,49-63: running
srun: tasks 0,16,32,48: exited abnormally
srun: Terminating job step 5665.7
srun: Job step aborted: Waiting up to 2 seconds for job step to finish.
nodes=16 ntasks=128
+ export BLR_BENCHMARK=/g/g24/rountree/local/src/power/bmark/NAS/bin/cg.D.128
+ BLR_BENCHMARK=/g/g24/rountree/local/src/power/bmark/NAS/bin/cg.D.128
++ date +%Y_%m_%d_%H_%M_%S_%N
+ name=2012_04_12_18_54_11_044529006
+ mkdir 2012_04_12_18_54_11_044529006
+ cd 2012_04_12_18_54_11_044529006
+ touch out.dat
+ env
+ hostname
+ echo 2012_04_12_18_54_11_044529006
+ uname -a
+ srun --nodes=1 --ntasks=1 -ppbatch cat /proc/cpuinfo
+ grep MHz
+ echo 'cores: 128'
+ echo 'nodes: 16'
+ srun --nodes=16 --ntasks=128 -ppbatch -e cg.err -o out.dat --cpu_bind=sockets ../cgCL.sh 128
srun: error: rzmerl107: task 0: Exited with exit code 174
srun: error: rzmerl113: task 48: Exited with exit code 174
srun: error: rzmerl153: task 112: Exited with exit code 174
srun: error: rzmerl111: task 32: Exited with exit code 174
srun: error: rzmerl151: task 96: Exited with exit code 174
srun: error: rzmerl115: task 64: Exited with exit code 174
srun: error: rzmerl117: task 80: Exited with exit code 174
srun: error: rzmerl109: task 16: Exited with exit code 174
srun: Job step aborted: Waiting up to 2 seconds for job step to finish.
slurmd[rzmerl107]: *** JOB 5665 CANCELLED AT 2012-04-12T18:54:16 ***
