nodes=16 ntasks=64
+ export BLR_BENCHMARK=/g/g24/rountree/local/src/power/bmark/NAS/bin/cg.D.64
+ BLR_BENCHMARK=/g/g24/rountree/local/src/power/bmark/NAS/bin/cg.D.64
++ date +%Y_%m_%d_%H_%M_%S_%N
+ name=2012_04_11_12_38_43_420261299
+ mkdir 2012_04_11_12_38_43_420261299
+ cd 2012_04_11_12_38_43_420261299
+ touch out.dat
+ env
+ hostname
+ echo 2012_04_11_12_38_43_420261299
+ uname -a
+ srun --nodes=1 --ntasks=1 -ppbatch cat /proc/cpuinfo
+ grep MHz
+ echo 'cores: 64'
+ echo 'nodes: 16'
+ srun --nodes=16 --ntasks=64 -ppbatch -e cg.err -o out.dat --cpu_bind=sockets ../cgCL.sh 64
srun: error: rzmerl59: tasks 0-3: Exited with exit code 127
srun: error: rzmerl81: tasks 24-27: Exited with exit code 127
srun: error: rzmerl119: tasks 56-59: Exited with exit code 127
srun: error: rzmerl78: tasks 12-15: Exited with exit code 127
srun: error: rzmerl80: tasks 20-23: Exited with exit code 127
srun: error: rzmerl82: tasks 28-31: Exited with exit code 127
srun: error: rzmerl60: tasks 4-7: Exited with exit code 127
srun: error: rzmerl85: tasks 40-43: Exited with exit code 127
srun: error: rzmerl83: tasks 32-35: Exited with exit code 127
srun: error: rzmerl79: tasks 16-19: Exited with exit code 127
srun: error: rzmerl86: tasks 44-47: Exited with exit code 127
srun: error: rzmerl84: tasks 36,38-39: Exited with exit code 127
srun: error: rzmerl61: tasks 8-11: Exited with exit code 127
srun: error: rzmerl87: tasks 48-51: Exited with exit code 127
srun: error: rzmerl88: tasks 52-55: Exited with exit code 127
srun: error: rzmerl123: tasks 60-63: Exited with exit code 127
srun: First task exited 30s ago
srun: task 37: running
srun: tasks 0-36,38-63: exited abnormally
srun: Terminating job step 5423.1
srun: Job step aborted: Waiting up to 2 seconds for job step to finish.
nodes=16 ntasks=128
+ export BLR_BENCHMARK=/g/g24/rountree/local/src/power/bmark/NAS/bin/cg.D.128
+ BLR_BENCHMARK=/g/g24/rountree/local/src/power/bmark/NAS/bin/cg.D.128
++ date +%Y_%m_%d_%H_%M_%S_%N
+ name=2012_04_11_12_39_13_880166324
+ mkdir 2012_04_11_12_39_13_880166324
+ cd 2012_04_11_12_39_13_880166324
+ touch out.dat
+ env
+ hostname
+ echo 2012_04_11_12_39_13_880166324
+ uname -a
+ srun --nodes=1 --ntasks=1 -ppbatch cat /proc/cpuinfo
+ grep MHz
+ echo 'cores: 128'
+ echo 'nodes: 16'
+ srun --nodes=16 --ntasks=128 -ppbatch -e cg.err -o out.dat --cpu_bind=sockets ../cgCL.sh 128
srun: error: rzmerl85: tasks 80-87: Exited with exit code 127
srun: error: rzmerl60: tasks 8-15: Exited with exit code 127
srun: error: rzmerl61: tasks 16-23: Exited with exit code 127
srun: error: rzmerl59: tasks 0-7: Exited with exit code 127
srun: error: rzmerl86: tasks 88-95: Exited with exit code 127
srun: error: rzmerl82: tasks 56-63: Exited with exit code 127
srun: error: rzmerl119: tasks 112-119: Exited with exit code 127
srun: error: rzmerl84: tasks 72-79: Exited with exit code 127
srun: error: rzmerl88: tasks 104-111: Exited with exit code 127
srun: error: rzmerl78: tasks 24-31: Exited with exit code 127
srun: error: rzmerl123: tasks 120-127: Exited with exit code 127
srun: error: rzmerl87: tasks 96-103: Exited with exit code 127
srun: error: rzmerl79: tasks 32-39: Exited with exit code 127
srun: error: rzmerl80: tasks 40-47: Exited with exit code 127
srun: error: rzmerl83: tasks 64-71: Exited with exit code 127
srun: error: rzmerl81: tasks 48-55: Exited with exit code 127
nodes=16 ntasks=256
+ export BLR_BENCHMARK=/g/g24/rountree/local/src/power/bmark/NAS/bin/cg.D.256
+ BLR_BENCHMARK=/g/g24/rountree/local/src/power/bmark/NAS/bin/cg.D.256
++ date +%Y_%m_%d_%H_%M_%S_%N
+ name=2012_04_11_12_39_14_251859327
+ mkdir 2012_04_11_12_39_14_251859327
+ cd 2012_04_11_12_39_14_251859327
+ touch out.dat
+ env
+ hostname
+ echo 2012_04_11_12_39_14_251859327
+ uname -a
+ srun --nodes=1 --ntasks=1 -ppbatch cat /proc/cpuinfo
+ grep MHz
+ echo 'cores: 256'
+ echo 'nodes: 16'
+ srun --nodes=16 --ntasks=256 -ppbatch -e cg.err -o out.dat --cpu_bind=sockets ../cgCL.sh 256
srun: error: rzmerl78: tasks 48-63: Exited with exit code 127
srun: error: rzmerl59: tasks 0-15: Exited with exit code 127
srun: error: rzmerl123: tasks 240-255: Exited with exit code 127
srun: error: rzmerl80: tasks 80-95: Exited with exit code 127
srun: error: rzmerl85: tasks 160-175: Exited with exit code 127
srun: error: rzmerl119: tasks 224-239: Exited with exit code 127
srun: error: rzmerl88: tasks 208-223: Exited with exit code 127
srun: error: rzmerl81: tasks 96-111: Exited with exit code 127
srun: error: rzmerl83: tasks 128-143: Exited with exit code 127
srun: error: rzmerl84: tasks 144-159: Exited with exit code 127
srun: error: rzmerl87: tasks 192-207: Exited with exit code 127
srun: error: rzmerl86: tasks 176-191: Exited with exit code 127
srun: error: rzmerl60: tasks 16-31: Exited with exit code 127
srun: error: rzmerl61: tasks 32-47: Exited with exit code 127
srun: error: rzmerl79: tasks 64-79: Exited with exit code 127
srun: error: rzmerl82: tasks 112-127: Exited with exit code 127
nodes=16 ntasks=64
+ export BLR_BENCHMARK=/g/g24/rountree/local/src/power/bmark/NAS/bin/cg.D.64
+ BLR_BENCHMARK=/g/g24/rountree/local/src/power/bmark/NAS/bin/cg.D.64
++ date +%Y_%m_%d_%H_%M_%S_%N
+ name=2012_04_11_12_39_14_718875070
+ mkdir 2012_04_11_12_39_14_718875070
+ cd 2012_04_11_12_39_14_718875070
+ touch out.dat
+ env
+ hostname
+ echo 2012_04_11_12_39_14_718875070
+ uname -a
+ srun --nodes=1 --ntasks=1 -ppbatch cat /proc/cpuinfo
+ grep MHz
+ echo 'cores: 64'
+ echo 'nodes: 16'
+ srun --nodes=16 --ntasks=64 -ppbatch -e cg.err -o out.dat --cpu_bind=sockets ../cgCL.sh 64
srun: error: rzmerl78: tasks 12-15: Exited with exit code 127
srun: error: rzmerl81: tasks 24-27: Exited with exit code 127
srun: error: rzmerl61: tasks 8-11: Exited with exit code 127
srun: error: rzmerl84: tasks 36-39: Exited with exit code 127
srun: error: rzmerl85: tasks 40-43: Exited with exit code 127
srun: error: rzmerl82: tasks 28-31: Exited with exit code 127
srun: error: rzmerl123: tasks 60-63: Exited with exit code 127
srun: error: rzmerl87: tasks 48-51: Exited with exit code 127
srun: error: rzmerl59: tasks 0-3: Exited with exit code 127
srun: error: rzmerl80: tasks 20-23: Exited with exit code 127
srun: error: rzmerl83: tasks 32-35: Exited with exit code 127
srun: error: rzmerl79: tasks 16-19: Exited with exit code 127
srun: error: rzmerl88: tasks 52-55: Exited with exit code 127
srun: error: rzmerl60: tasks 4-7: Exited with exit code 127
srun: error: rzmerl86: tasks 44-47: Exited with exit code 127
srun: error: rzmerl119: tasks 56-59: Exited with exit code 127
nodes=16 ntasks=128
+ export BLR_BENCHMARK=/g/g24/rountree/local/src/power/bmark/NAS/bin/cg.D.128
+ BLR_BENCHMARK=/g/g24/rountree/local/src/power/bmark/NAS/bin/cg.D.128
++ date +%Y_%m_%d_%H_%M_%S_%N
+ name=2012_04_11_12_39_15_072301137
+ mkdir 2012_04_11_12_39_15_072301137
+ cd 2012_04_11_12_39_15_072301137
+ touch out.dat
+ env
+ hostname
+ echo 2012_04_11_12_39_15_072301137
+ uname -a
+ srun --nodes=1 --ntasks=1 -ppbatch cat /proc/cpuinfo
+ grep MHz
+ echo 'cores: 128'
+ echo 'nodes: 16'
+ srun --nodes=16 --ntasks=128 -ppbatch -e cg.err -o out.dat --cpu_bind=sockets ../cgCL.sh 128
srun: error: rzmerl60: tasks 8-15: Exited with exit code 127
srun: error: rzmerl61: tasks 16-23: Exited with exit code 127
srun: error: rzmerl82: tasks 56-63: Exited with exit code 127
srun: error: rzmerl81: tasks 48-55: Exited with exit code 127
srun: error: rzmerl84: tasks 72-79: Exited with exit code 127
srun: error: rzmerl59: tasks 0-7: Exited with exit code 127
srun: error: rzmerl119: tasks 112-119: Exited with exit code 127
srun: error: rzmerl87: tasks 96-103: Exited with exit code 127
srun: error: rzmerl86: tasks 88-95: Exited with exit code 127
srun: error: rzmerl78: tasks 24-31: Exited with exit code 127
srun: error: rzmerl123: tasks 120-127: Exited with exit code 127
srun: error: rzmerl83: tasks 64-71: Exited with exit code 127
srun: error: rzmerl79: tasks 32-39: Exited with exit code 127
srun: error: rzmerl85: tasks 80-87: Exited with exit code 127
srun: error: rzmerl88: tasks 104-111: Exited with exit code 127
srun: error: rzmerl80: tasks 40-47: Exited with exit code 127
nodes=16 ntasks=256
+ export BLR_BENCHMARK=/g/g24/rountree/local/src/power/bmark/NAS/bin/cg.D.256
+ BLR_BENCHMARK=/g/g24/rountree/local/src/power/bmark/NAS/bin/cg.D.256
++ date +%Y_%m_%d_%H_%M_%S_%N
+ name=2012_04_11_12_39_15_478002335
+ mkdir 2012_04_11_12_39_15_478002335
+ cd 2012_04_11_12_39_15_478002335
+ touch out.dat
+ env
+ hostname
+ echo 2012_04_11_12_39_15_478002335
+ uname -a
+ srun --nodes=1 --ntasks=1 -ppbatch cat /proc/cpuinfo
+ grep MHz
+ echo 'cores: 256'
+ echo 'nodes: 16'
+ srun --nodes=16 --ntasks=256 -ppbatch -e cg.err -o out.dat --cpu_bind=sockets ../cgCL.sh 256
srun: error: rzmerl61: tasks 32-47: Exited with exit code 127
srun: error: rzmerl123: tasks 240-255: Exited with exit code 127
srun: error: rzmerl60: tasks 16-31: Exited with exit code 127
srun: error: rzmerl84: tasks 144-159: Exited with exit code 127
srun: error: rzmerl87: tasks 192-207: Exited with exit code 127
srun: error: rzmerl86: tasks 176-191: Exited with exit code 127
srun: error: rzmerl82: tasks 112-127: Exited with exit code 127
srun: error: rzmerl78: tasks 48-63: Exited with exit code 127
srun: error: rzmerl80: tasks 80-95: Exited with exit code 127
srun: error: rzmerl81: tasks 96-111: Exited with exit code 127
srun: error: rzmerl83: tasks 128-143: Exited with exit code 127
srun: error: rzmerl88: tasks 208-223: Exited with exit code 127
srun: error: rzmerl85: tasks 160-175: Exited with exit code 127
srun: error: rzmerl59: tasks 0-15: Exited with exit code 127
srun: error: rzmerl119: tasks 224-239: Exited with exit code 127
srun: error: rzmerl79: tasks 64-79: Exited with exit code 127
nodes=16 ntasks=64
+ export BLR_BENCHMARK=/g/g24/rountree/local/src/power/bmark/NAS/bin/cg.D.64
+ BLR_BENCHMARK=/g/g24/rountree/local/src/power/bmark/NAS/bin/cg.D.64
++ date +%Y_%m_%d_%H_%M_%S_%N
+ name=2012_04_11_12_39_15_935027375
+ mkdir 2012_04_11_12_39_15_935027375
+ cd 2012_04_11_12_39_15_935027375
+ touch out.dat
+ env
+ hostname
+ echo 2012_04_11_12_39_15_935027375
+ uname -a
+ srun --nodes=1 --ntasks=1 -ppbatch cat /proc/cpuinfo
+ grep MHz
+ echo 'cores: 64'
+ echo 'nodes: 16'
+ srun --nodes=16 --ntasks=64 -ppbatch -e cg.err -o out.dat --cpu_bind=sockets ../cgCL.sh 64
srun: error: rzmerl59: tasks 0-3: Exited with exit code 127
srun: error: rzmerl84: tasks 36-39: Exited with exit code 127
srun: error: rzmerl82: tasks 28-31: Exited with exit code 127
srun: error: rzmerl86: tasks 44-47: Exited with exit code 127
srun: error: rzmerl61: tasks 8-11: Exited with exit code 127
srun: error: rzmerl78: tasks 12-15: Exited with exit code 127
srun: error: rzmerl60: tasks 4-7: Exited with exit code 127
srun: error: rzmerl80: tasks 20-23: Exited with exit code 127
srun: error: rzmerl123: tasks 60-63: Exited with exit code 127
srun: error: rzmerl83: tasks 32-35: Exited with exit code 127
srun: error: rzmerl87: tasks 48-51: Exited with exit code 127
srun: error: rzmerl88: tasks 52-55: Exited with exit code 127
srun: error: rzmerl79: tasks 16-19: Exited with exit code 127
srun: error: rzmerl81: tasks 24-27: Exited with exit code 127
srun: error: rzmerl85: tasks 40-43: Exited with exit code 127
srun: error: rzmerl119: tasks 56-59: Exited with exit code 127
nodes=16 ntasks=128
+ export BLR_BENCHMARK=/g/g24/rountree/local/src/power/bmark/NAS/bin/cg.D.128
+ BLR_BENCHMARK=/g/g24/rountree/local/src/power/bmark/NAS/bin/cg.D.128
++ date +%Y_%m_%d_%H_%M_%S_%N
+ name=2012_04_11_12_39_16_410282103
+ mkdir 2012_04_11_12_39_16_410282103
+ cd 2012_04_11_12_39_16_410282103
+ touch out.dat
+ env
+ hostname
+ echo 2012_04_11_12_39_16_410282103
+ uname -a
+ srun --nodes=1 --ntasks=1 -ppbatch cat /proc/cpuinfo
+ grep MHz
+ echo 'cores: 128'
+ echo 'nodes: 16'
+ srun --nodes=16 --ntasks=128 -ppbatch -e cg.err -o out.dat --cpu_bind=sockets ../cgCL.sh 128
srun: error: rzmerl78: tasks 24-31: Exited with exit code 127
srun: error: rzmerl60: tasks 8-15: Exited with exit code 127
srun: error: rzmerl61: tasks 16-23: Exited with exit code 127
srun: error: rzmerl119: tasks 112-119: Exited with exit code 127
srun: error: rzmerl59: tasks 0-7: Exited with exit code 127
srun: error: rzmerl80: tasks 40-47: Exited with exit code 127
srun: error: rzmerl79: tasks 32-39: Exited with exit code 127
srun: error: rzmerl82: tasks 56-63: Exited with exit code 127
srun: error: rzmerl84: tasks 72-79: Exited with exit code 127
srun: error: rzmerl81: tasks 48-55: Exited with exit code 127
srun: error: rzmerl85: tasks 80-87: Exited with exit code 127
srun: error: rzmerl87: tasks 96-103: Exited with exit code 127
srun: error: rzmerl123: tasks 120-127: Exited with exit code 127
srun: error: rzmerl86: tasks 88-95: Exited with exit code 127
srun: error: rzmerl88: tasks 104-111: Exited with exit code 127
srun: error: rzmerl83: tasks 64-71: Exited with exit code 127
nodes=16 ntasks=256
+ export BLR_BENCHMARK=/g/g24/rountree/local/src/power/bmark/NAS/bin/cg.D.256
+ BLR_BENCHMARK=/g/g24/rountree/local/src/power/bmark/NAS/bin/cg.D.256
++ date +%Y_%m_%d_%H_%M_%S_%N
+ name=2012_04_11_12_39_16_856116151
+ mkdir 2012_04_11_12_39_16_856116151
+ cd 2012_04_11_12_39_16_856116151
+ touch out.dat
+ env
+ hostname
+ echo 2012_04_11_12_39_16_856116151
+ uname -a
+ srun --nodes=1 --ntasks=1 -ppbatch cat /proc/cpuinfo
+ grep MHz
+ echo 'cores: 256'
+ echo 'nodes: 16'
+ srun --nodes=16 --ntasks=256 -ppbatch -e cg.err -o out.dat --cpu_bind=sockets ../cgCL.sh 256
srun: error: rzmerl82: tasks 112-127: Exited with exit code 127
srun: error: rzmerl119: tasks 224-239: Exited with exit code 127
srun: error: rzmerl60: tasks 16-31: Exited with exit code 127
srun: error: rzmerl87: tasks 192-207: Exited with exit code 127
srun: error: rzmerl88: tasks 208-223: Exited with exit code 127
srun: error: rzmerl84: tasks 144-159: Exited with exit code 127
srun: error: rzmerl78: tasks 48-63: Exited with exit code 127
srun: error: rzmerl61: tasks 32-47: Exited with exit code 127
srun: error: rzmerl79: tasks 64-79: Exited with exit code 127
srun: error: rzmerl80: tasks 80-95: Exited with exit code 127
srun: error: rzmerl85: tasks 160-175: Exited with exit code 127
srun: error: rzmerl59: tasks 0-15: Exited with exit code 127
srun: error: rzmerl123: tasks 240-255: Exited with exit code 127
srun: error: rzmerl81: tasks 96-111: Exited with exit code 127
srun: error: rzmerl83: tasks 128-143: Exited with exit code 127
srun: error: rzmerl86: tasks 176-191: Exited with exit code 127
nodes=16 ntasks=64
+ export BLR_BENCHMARK=/g/g24/rountree/local/src/power/bmark/NAS/bin/cg.D.64
+ BLR_BENCHMARK=/g/g24/rountree/local/src/power/bmark/NAS/bin/cg.D.64
++ date +%Y_%m_%d_%H_%M_%S_%N
+ name=2012_04_11_12_39_17_314504764
+ mkdir 2012_04_11_12_39_17_314504764
+ cd 2012_04_11_12_39_17_314504764
+ touch out.dat
+ env
+ hostname
+ echo 2012_04_11_12_39_17_314504764
+ uname -a
+ srun --nodes=1 --ntasks=1 -ppbatch cat /proc/cpuinfo
+ grep MHz
+ echo 'cores: 64'
+ echo 'nodes: 16'
+ srun --nodes=16 --ntasks=64 -ppbatch -e cg.err -o out.dat --cpu_bind=sockets ../cgCL.sh 64
srun: error: rzmerl84: tasks 36-39: Exited with exit code 127
srun: error: rzmerl60: tasks 4-7: Exited with exit code 127
srun: error: rzmerl86: tasks 44-47: Exited with exit code 127
srun: error: rzmerl59: tasks 0-3: Exited with exit code 127
srun: error: rzmerl80: tasks 20-23: Exited with exit code 127
srun: error: rzmerl78: tasks 12-15: Exited with exit code 127
srun: error: rzmerl81: tasks 24-27: Exited with exit code 127
srun: error: rzmerl87: tasks 48-51: Exited with exit code 127
srun: error: rzmerl119: tasks 56-59: Exited with exit code 127
srun: error: rzmerl85: tasks 40-43: Exited with exit code 127
srun: error: rzmerl79: tasks 16-19: Exited with exit code 127
srun: error: rzmerl83: tasks 32-35: Exited with exit code 127
srun: error: rzmerl82: tasks 28-31: Exited with exit code 127
srun: error: rzmerl123: tasks 60-63: Exited with exit code 127
srun: error: rzmerl88: tasks 52-55: Exited with exit code 127
srun: error: rzmerl61: tasks 8-11: Exited with exit code 127
nodes=16 ntasks=128
+ export BLR_BENCHMARK=/g/g24/rountree/local/src/power/bmark/NAS/bin/cg.D.128
+ BLR_BENCHMARK=/g/g24/rountree/local/src/power/bmark/NAS/bin/cg.D.128
++ date +%Y_%m_%d_%H_%M_%S_%N
+ name=2012_04_11_12_39_17_668788999
+ mkdir 2012_04_11_12_39_17_668788999
+ cd 2012_04_11_12_39_17_668788999
+ touch out.dat
+ env
+ hostname
+ echo 2012_04_11_12_39_17_668788999
+ uname -a
+ srun --nodes=1 --ntasks=1 -ppbatch cat /proc/cpuinfo
+ grep MHz
+ echo 'cores: 128'
+ echo 'nodes: 16'
+ srun --nodes=16 --ntasks=128 -ppbatch -e cg.err -o out.dat --cpu_bind=sockets ../cgCL.sh 128
srun: error: rzmerl79: tasks 32-39: Exited with exit code 127
srun: error: rzmerl61: tasks 16-23: Exited with exit code 127
srun: error: rzmerl78: tasks 24-31: Exited with exit code 127
srun: error: rzmerl85: tasks 80-87: Exited with exit code 127
srun: error: rzmerl60: tasks 8-15: Exited with exit code 127
srun: error: rzmerl84: tasks 72-79: Exited with exit code 127
srun: error: rzmerl81: tasks 48-55: Exited with exit code 127
srun: error: rzmerl59: tasks 0-7: Exited with exit code 127
srun: error: rzmerl87: tasks 96-103: Exited with exit code 127
srun: error: rzmerl119: tasks 112-119: Exited with exit code 127
srun: error: rzmerl88: tasks 104-111: Exited with exit code 127
srun: error: rzmerl83: tasks 64-71: Exited with exit code 127
srun: error: rzmerl82: tasks 56-63: Exited with exit code 127
srun: error: rzmerl80: tasks 40-47: Exited with exit code 127
srun: error: rzmerl123: tasks 120-127: Exited with exit code 127
srun: error: rzmerl86: tasks 88-95: Exited with exit code 127
nodes=16 ntasks=256
+ export BLR_BENCHMARK=/g/g24/rountree/local/src/power/bmark/NAS/bin/cg.D.256
+ BLR_BENCHMARK=/g/g24/rountree/local/src/power/bmark/NAS/bin/cg.D.256
++ date +%Y_%m_%d_%H_%M_%S_%N
+ name=2012_04_11_12_39_18_046435806
+ mkdir 2012_04_11_12_39_18_046435806
+ cd 2012_04_11_12_39_18_046435806
+ touch out.dat
+ env
+ hostname
+ echo 2012_04_11_12_39_18_046435806
+ uname -a
+ srun --nodes=1 --ntasks=1 -ppbatch cat /proc/cpuinfo
+ grep MHz
+ echo 'cores: 256'
+ echo 'nodes: 16'
+ srun --nodes=16 --ntasks=256 -ppbatch -e cg.err -o out.dat --cpu_bind=sockets ../cgCL.sh 256
srun: error: rzmerl119: tasks 224-239: Exited with exit code 127
srun: error: rzmerl60: tasks 16-31: Exited with exit code 127
srun: error: rzmerl81: tasks 96-111: Exited with exit code 127
srun: error: rzmerl61: tasks 32-47: Exited with exit code 127
srun: error: rzmerl123: tasks 240-255: Exited with exit code 127
srun: error: rzmerl78: tasks 48-63: Exited with exit code 127
srun: error: rzmerl80: tasks 80-95: Exited with exit code 127
srun: error: rzmerl82: tasks 112-127: Exited with exit code 127
srun: error: rzmerl83: tasks 128-143: Exited with exit code 127
srun: error: rzmerl86: tasks 176-191: Exited with exit code 127
srun: error: rzmerl85: tasks 160-175: Exited with exit code 127
srun: error: rzmerl88: tasks 208-223: Exited with exit code 127
srun: error: rzmerl59: tasks 0-15: Exited with exit code 127
srun: error: rzmerl87: tasks 192-207: Exited with exit code 127
srun: error: rzmerl79: tasks 64-79: Exited with exit code 127
srun: error: rzmerl84: tasks 144-159: Exited with exit code 127
nodes=16 ntasks=64
+ export BLR_BENCHMARK=/g/g24/rountree/local/src/power/bmark/NAS/bin/cg.D.64
+ BLR_BENCHMARK=/g/g24/rountree/local/src/power/bmark/NAS/bin/cg.D.64
++ date +%Y_%m_%d_%H_%M_%S_%N
+ name=2012_04_11_12_39_18_506802248
+ mkdir 2012_04_11_12_39_18_506802248
+ cd 2012_04_11_12_39_18_506802248
+ touch out.dat
+ env
+ hostname
+ echo 2012_04_11_12_39_18_506802248
+ uname -a
+ srun --nodes=1 --ntasks=1 -ppbatch cat /proc/cpuinfo
+ grep MHz
+ echo 'cores: 64'
+ echo 'nodes: 16'
+ srun --nodes=16 --ntasks=64 -ppbatch -e cg.err -o out.dat --cpu_bind=sockets ../cgCL.sh 64
srun: error: rzmerl59: tasks 0-3: Exited with exit code 127
srun: error: rzmerl79: tasks 16-19: Exited with exit code 127
srun: error: rzmerl83: tasks 32-35: Exited with exit code 127
srun: error: rzmerl81: tasks 24-27: Exited with exit code 127
srun: error: rzmerl61: tasks 8-11: Exited with exit code 127
srun: error: rzmerl60: tasks 4-7: Exited with exit code 127
srun: error: rzmerl84: tasks 36-39: Exited with exit code 127
srun: error: rzmerl82: tasks 28-31: Exited with exit code 127
srun: error: rzmerl85: tasks 40-43: Exited with exit code 127
srun: error: rzmerl87: tasks 48-51: Exited with exit code 127
srun: error: rzmerl80: tasks 20-23: Exited with exit code 127
srun: error: rzmerl86: tasks 44-47: Exited with exit code 127
srun: error: rzmerl119: tasks 56-59: Exited with exit code 127
srun: error: rzmerl78: tasks 12-15: Exited with exit code 127
srun: error: rzmerl123: tasks 60-63: Exited with exit code 127
srun: error: rzmerl88: tasks 52-55: Exited with exit code 127
nodes=16 ntasks=128
+ export BLR_BENCHMARK=/g/g24/rountree/local/src/power/bmark/NAS/bin/cg.D.128
+ BLR_BENCHMARK=/g/g24/rountree/local/src/power/bmark/NAS/bin/cg.D.128
++ date +%Y_%m_%d_%H_%M_%S_%N
+ name=2012_04_11_12_39_18_843056604
+ mkdir 2012_04_11_12_39_18_843056604
+ cd 2012_04_11_12_39_18_843056604
+ touch out.dat
+ env
+ hostname
+ echo 2012_04_11_12_39_18_843056604
+ uname -a
+ srun --nodes=1 --ntasks=1 -ppbatch cat /proc/cpuinfo
+ grep MHz
+ echo 'cores: 128'
+ echo 'nodes: 16'
+ srun --nodes=16 --ntasks=128 -ppbatch -e cg.err -o out.dat --cpu_bind=sockets ../cgCL.sh 128
srun: error: rzmerl59: tasks 0-7: Exited with exit code 127
srun: error: rzmerl78: tasks 24-31: Exited with exit code 127
srun: error: rzmerl60: tasks 8-15: Exited with exit code 127
srun: error: rzmerl61: tasks 16-23: Exited with exit code 127
srun: error: rzmerl80: tasks 40-47: Exited with exit code 127
srun: error: rzmerl84: tasks 72-79: Exited with exit code 127
srun: error: rzmerl82: tasks 56-63: Exited with exit code 127
srun: error: rzmerl119: tasks 112-119: Exited with exit code 127
srun: error: rzmerl87: tasks 96-103: Exited with exit code 127
srun: error: rzmerl123: tasks 120-127: Exited with exit code 127
srun: error: rzmerl81: tasks 48-55: Exited with exit code 127
srun: error: rzmerl86: tasks 88-95: Exited with exit code 127
srun: error: rzmerl88: tasks 104-111: Exited with exit code 127
srun: error: rzmerl79: tasks 32-39: Exited with exit code 127
srun: error: rzmerl83: tasks 64-71: Exited with exit code 127
srun: error: rzmerl85: tasks 80-87: Exited with exit code 127
nodes=16 ntasks=256
+ export BLR_BENCHMARK=/g/g24/rountree/local/src/power/bmark/NAS/bin/cg.D.256
+ BLR_BENCHMARK=/g/g24/rountree/local/src/power/bmark/NAS/bin/cg.D.256
++ date +%Y_%m_%d_%H_%M_%S_%N
+ name=2012_04_11_12_39_19_224150503
+ mkdir 2012_04_11_12_39_19_224150503
+ cd 2012_04_11_12_39_19_224150503
+ touch out.dat
+ env
+ hostname
+ echo 2012_04_11_12_39_19_224150503
+ uname -a
+ srun --nodes=1 --ntasks=1 -ppbatch cat /proc/cpuinfo
+ grep MHz
+ echo 'cores: 256'
+ echo 'nodes: 16'
+ srun --nodes=16 --ntasks=256 -ppbatch -e cg.err -o out.dat --cpu_bind=sockets ../cgCL.sh 256
srun: error: rzmerl78: tasks 48-63: Exited with exit code 127
srun: error: rzmerl80: tasks 80-95: Exited with exit code 127
srun: error: rzmerl83: tasks 128-143: Exited with exit code 127
srun: error: rzmerl87: tasks 192-207: Exited with exit code 127
srun: error: rzmerl86: tasks 176-191: Exited with exit code 127
srun: error: rzmerl123: tasks 240-255: Exited with exit code 127
srun: error: rzmerl85: tasks 160-175: Exited with exit code 127
srun: error: rzmerl119: tasks 224-239: Exited with exit code 127
srun: error: rzmerl79: tasks 64-79: Exited with exit code 127
srun: error: rzmerl82: tasks 112-127: Exited with exit code 127
srun: error: rzmerl84: tasks 144-159: Exited with exit code 127
srun: error: rzmerl81: tasks 96-111: Exited with exit code 127
srun: error: rzmerl61: tasks 32-47: Exited with exit code 127
srun: error: rzmerl88: tasks 208-223: Exited with exit code 127
srun: error: rzmerl59: tasks 0-15: Exited with exit code 127
srun: error: rzmerl60: tasks 16-31: Exited with exit code 127
nodes=16 ntasks=64
+ export BLR_BENCHMARK=/g/g24/rountree/local/src/power/bmark/NAS/bin/cg.D.64
+ BLR_BENCHMARK=/g/g24/rountree/local/src/power/bmark/NAS/bin/cg.D.64
++ date +%Y_%m_%d_%H_%M_%S_%N
+ name=2012_04_11_12_39_19_688877463
+ mkdir 2012_04_11_12_39_19_688877463
+ cd 2012_04_11_12_39_19_688877463
+ touch out.dat
+ env
+ hostname
+ echo 2012_04_11_12_39_19_688877463
+ uname -a
+ srun --nodes=1 --ntasks=1 -ppbatch cat /proc/cpuinfo
+ grep MHz
+ echo 'cores: 64'
+ echo 'nodes: 16'
+ srun --nodes=16 --ntasks=64 -ppbatch -e cg.err -o out.dat --cpu_bind=sockets ../cgCL.sh 64
srun: error: rzmerl85: tasks 40-43: Exited with exit code 127
srun: error: rzmerl123: tasks 60-63: Exited with exit code 127
srun: error: rzmerl78: tasks 12-15: Exited with exit code 127
srun: error: rzmerl87: tasks 48-51: Exited with exit code 127
srun: error: rzmerl80: tasks 20-23: Exited with exit code 127
srun: error: rzmerl60: tasks 4-7: Exited with exit code 127
srun: error: rzmerl61: tasks 8-11: Exited with exit code 127
srun: error: rzmerl81: tasks 24-27: Exited with exit code 127
srun: error: rzmerl79: tasks 16-19: Exited with exit code 127
srun: error: rzmerl84: tasks 36-39: Exited with exit code 127
srun: error: rzmerl119: tasks 56-59: Exited with exit code 127
srun: error: rzmerl88: tasks 52-55: Exited with exit code 127
srun: error: rzmerl86: tasks 44-47: Exited with exit code 127
srun: error: rzmerl82: tasks 28-31: Exited with exit code 127
srun: error: rzmerl83: tasks 32-35: Exited with exit code 127
srun: error: rzmerl59: tasks 0-3: Exited with exit code 127
nodes=16 ntasks=128
+ export BLR_BENCHMARK=/g/g24/rountree/local/src/power/bmark/NAS/bin/cg.D.128
+ BLR_BENCHMARK=/g/g24/rountree/local/src/power/bmark/NAS/bin/cg.D.128
++ date +%Y_%m_%d_%H_%M_%S_%N
+ name=2012_04_11_12_39_20_039798952
+ mkdir 2012_04_11_12_39_20_039798952
+ cd 2012_04_11_12_39_20_039798952
+ touch out.dat
+ env
+ hostname
+ echo 2012_04_11_12_39_20_039798952
+ uname -a
+ srun --nodes=1 --ntasks=1 -ppbatch cat /proc/cpuinfo
+ grep MHz
+ echo 'cores: 128'
+ echo 'nodes: 16'
+ srun --nodes=16 --ntasks=128 -ppbatch -e cg.err -o out.dat --cpu_bind=sockets ../cgCL.sh 128
srun: error: rzmerl85: tasks 80-87: Exited with exit code 127
srun: error: rzmerl61: tasks 16-23: Exited with exit code 127
srun: error: rzmerl59: tasks 0-7: Exited with exit code 127
srun: error: rzmerl82: tasks 56-63: Exited with exit code 127
srun: error: rzmerl80: tasks 40-47: Exited with exit code 127
srun: error: rzmerl86: tasks 88-95: Exited with exit code 127
srun: error: rzmerl81: tasks 48-55: Exited with exit code 127
srun: error: rzmerl119: tasks 112-119: Exited with exit code 127
srun: error: rzmerl87: tasks 96-103: Exited with exit code 127
srun: error: rzmerl78: tasks 24-31: Exited with exit code 127
srun: error: rzmerl123: tasks 120-127: Exited with exit code 127
srun: error: rzmerl88: tasks 104-111: Exited with exit code 127
srun: error: rzmerl83: tasks 64-71: Exited with exit code 127
srun: error: rzmerl60: tasks 8-15: Exited with exit code 127
srun: error: rzmerl84: tasks 72-79: Exited with exit code 127
srun: error: rzmerl79: tasks 32-39: Exited with exit code 127
nodes=16 ntasks=256
+ export BLR_BENCHMARK=/g/g24/rountree/local/src/power/bmark/NAS/bin/cg.D.256
+ BLR_BENCHMARK=/g/g24/rountree/local/src/power/bmark/NAS/bin/cg.D.256
++ date +%Y_%m_%d_%H_%M_%S_%N
+ name=2012_04_11_12_39_20_406995373
+ mkdir 2012_04_11_12_39_20_406995373
+ cd 2012_04_11_12_39_20_406995373
+ touch out.dat
+ env
+ hostname
+ echo 2012_04_11_12_39_20_406995373
+ uname -a
+ srun --nodes=1 --ntasks=1 -ppbatch cat /proc/cpuinfo
+ grep MHz
+ echo 'cores: 256'
+ echo 'nodes: 16'
+ srun --nodes=16 --ntasks=256 -ppbatch -e cg.err -o out.dat --cpu_bind=sockets ../cgCL.sh 256
srun: error: rzmerl78: tasks 48-63: Exited with exit code 127
srun: error: rzmerl119: tasks 224-239: Exited with exit code 127
srun: error: rzmerl80: tasks 80-95: Exited with exit code 127
srun: error: rzmerl59: tasks 0-15: Exited with exit code 127
srun: error: rzmerl60: tasks 16-31: Exited with exit code 127
srun: error: rzmerl86: tasks 176-191: Exited with exit code 127
srun: error: rzmerl84: tasks 144-159: Exited with exit code 127
srun: error: rzmerl61: tasks 32-47: Exited with exit code 127
srun: error: rzmerl79: tasks 64-79: Exited with exit code 127
srun: error: rzmerl88: tasks 208-223: Exited with exit code 127
srun: error: rzmerl82: tasks 112-127: Exited with exit code 127
srun: error: rzmerl81: tasks 96-111: Exited with exit code 127
srun: error: rzmerl123: tasks 240-255: Exited with exit code 127
srun: error: rzmerl85: tasks 160-175: Exited with exit code 127
srun: error: rzmerl83: tasks 128-143: Exited with exit code 127
srun: error: rzmerl87: tasks 192-207: Exited with exit code 127
nodes=16 ntasks=64
+ export BLR_BENCHMARK=/g/g24/rountree/local/src/power/bmark/NAS/bin/cg.D.64
+ BLR_BENCHMARK=/g/g24/rountree/local/src/power/bmark/NAS/bin/cg.D.64
++ date +%Y_%m_%d_%H_%M_%S_%N
+ name=2012_04_11_12_39_20_852256254
+ mkdir 2012_04_11_12_39_20_852256254
+ cd 2012_04_11_12_39_20_852256254
+ touch out.dat
+ env
+ hostname
+ echo 2012_04_11_12_39_20_852256254
+ uname -a
+ srun --nodes=1 --ntasks=1 -ppbatch cat /proc/cpuinfo
+ grep MHz
+ echo 'cores: 64'
+ echo 'nodes: 16'
+ srun --nodes=16 --ntasks=64 -ppbatch -e cg.err -o out.dat --cpu_bind=sockets ../cgCL.sh 64
srun: error: rzmerl80: tasks 20-23: Exited with exit code 127
srun: error: rzmerl85: tasks 40-43: Exited with exit code 127
srun: error: rzmerl119: tasks 56-59: Exited with exit code 127
srun: error: rzmerl123: tasks 60-63: Exited with exit code 127
srun: error: rzmerl61: tasks 8-11: Exited with exit code 127
srun: error: rzmerl60: tasks 4-7: Exited with exit code 127
srun: error: rzmerl86: tasks 44-47: Exited with exit code 127
srun: error: rzmerl87: tasks 48-51: Exited with exit code 127
srun: error: rzmerl59: tasks 0-3: Exited with exit code 127
srun: error: rzmerl78: tasks 12-15: Exited with exit code 127
srun: error: rzmerl84: tasks 36-39: Exited with exit code 127
srun: error: rzmerl82: tasks 28-31: Exited with exit code 127
srun: error: rzmerl79: tasks 16-19: Exited with exit code 127
srun: error: rzmerl83: tasks 32-35: Exited with exit code 127
srun: error: rzmerl88: tasks 52-55: Exited with exit code 127
srun: error: rzmerl81: tasks 24-27: Exited with exit code 127
nodes=16 ntasks=128
+ export BLR_BENCHMARK=/g/g24/rountree/local/src/power/bmark/NAS/bin/cg.D.128
+ BLR_BENCHMARK=/g/g24/rountree/local/src/power/bmark/NAS/bin/cg.D.128
++ date +%Y_%m_%d_%H_%M_%S_%N
+ name=2012_04_11_12_39_21_206868913
+ mkdir 2012_04_11_12_39_21_206868913
+ cd 2012_04_11_12_39_21_206868913
+ touch out.dat
+ env
+ hostname
+ echo 2012_04_11_12_39_21_206868913
+ uname -a
+ srun --nodes=1 --ntasks=1 -ppbatch cat /proc/cpuinfo
+ grep MHz
+ echo 'cores: 128'
+ echo 'nodes: 16'
+ srun --nodes=16 --ntasks=128 -ppbatch -e cg.err -o out.dat --cpu_bind=sockets ../cgCL.sh 128
srun: error: rzmerl60: tasks 8-15: Exited with exit code 127
srun: error: rzmerl78: tasks 24-31: Exited with exit code 127
srun: error: rzmerl61: tasks 16-23: Exited with exit code 127
srun: error: rzmerl119: tasks 112-119: Exited with exit code 127
srun: error: rzmerl81: tasks 48-55: Exited with exit code 127
srun: error: rzmerl85: tasks 80-87: Exited with exit code 127
srun: error: rzmerl84: tasks 72-79: Exited with exit code 127
srun: error: rzmerl88: tasks 104-111: Exited with exit code 127
srun: error: rzmerl87: tasks 96-103: Exited with exit code 127
srun: error: rzmerl123: tasks 120-127: Exited with exit code 127
srun: error: rzmerl82: tasks 56-63: Exited with exit code 127
srun: error: rzmerl79: tasks 32-39: Exited with exit code 127
srun: error: rzmerl83: tasks 64-71: Exited with exit code 127
srun: error: rzmerl80: tasks 40-47: Exited with exit code 127
srun: error: rzmerl86: tasks 88-95: Exited with exit code 127
srun: error: rzmerl59: tasks 0-7: Exited with exit code 127
nodes=16 ntasks=256
+ export BLR_BENCHMARK=/g/g24/rountree/local/src/power/bmark/NAS/bin/cg.D.256
+ BLR_BENCHMARK=/g/g24/rountree/local/src/power/bmark/NAS/bin/cg.D.256
++ date +%Y_%m_%d_%H_%M_%S_%N
+ name=2012_04_11_12_39_21_590723188
+ mkdir 2012_04_11_12_39_21_590723188
+ cd 2012_04_11_12_39_21_590723188
+ touch out.dat
+ env
+ hostname
+ echo 2012_04_11_12_39_21_590723188
+ uname -a
+ srun --nodes=1 --ntasks=1 -ppbatch cat /proc/cpuinfo
+ grep MHz
+ echo 'cores: 256'
+ echo 'nodes: 16'
+ srun --nodes=16 --ntasks=256 -ppbatch -e cg.err -o out.dat --cpu_bind=sockets ../cgCL.sh 256
srun: error: rzmerl78: tasks 48-63: Exited with exit code 127
srun: error: rzmerl60: tasks 16-31: Exited with exit code 127
srun: error: rzmerl80: tasks 80-95: Exited with exit code 127
srun: error: rzmerl82: tasks 112-127: Exited with exit code 127
srun: error: rzmerl119: tasks 224-239: Exited with exit code 127
srun: error: rzmerl87: tasks 192-207: Exited with exit code 127
srun: error: rzmerl123: tasks 240-255: Exited with exit code 127
srun: error: rzmerl61: tasks 32-47: Exited with exit code 127
srun: error: rzmerl79: tasks 64-79: Exited with exit code 127
srun: error: rzmerl81: tasks 96-111: Exited with exit code 127
srun: error: rzmerl85: tasks 160-175: Exited with exit code 127
srun: error: rzmerl84: tasks 144-159: Exited with exit code 127
srun: error: rzmerl59: tasks 0-15: Exited with exit code 127
srun: error: rzmerl88: tasks 208-223: Exited with exit code 127
srun: error: rzmerl83: tasks 128-143: Exited with exit code 127
srun: error: rzmerl86: tasks 176-191: Exited with exit code 127
nodes=16 ntasks=64
+ export BLR_BENCHMARK=/g/g24/rountree/local/src/power/bmark/NAS/bin/cg.D.64
+ BLR_BENCHMARK=/g/g24/rountree/local/src/power/bmark/NAS/bin/cg.D.64
++ date +%Y_%m_%d_%H_%M_%S_%N
+ name=2012_04_11_12_39_22_044336873
+ mkdir 2012_04_11_12_39_22_044336873
+ cd 2012_04_11_12_39_22_044336873
+ touch out.dat
+ env
+ hostname
+ echo 2012_04_11_12_39_22_044336873
+ uname -a
+ srun --nodes=1 --ntasks=1 -ppbatch cat /proc/cpuinfo
+ grep MHz
+ echo 'cores: 64'
+ echo 'nodes: 16'
+ srun --nodes=16 --ntasks=64 -ppbatch -e cg.err -o out.dat --cpu_bind=sockets ../cgCL.sh 64
srun: error: rzmerl60: tasks 4-7: Exited with exit code 127
srun: error: rzmerl59: tasks 0-3: Exited with exit code 127
srun: error: rzmerl82: tasks 28-31: Exited with exit code 127
srun: error: rzmerl86: tasks 44-47: Exited with exit code 127
srun: error: rzmerl123: tasks 60-63: Exited with exit code 127
srun: error: rzmerl61: tasks 8-11: Exited with exit code 127
srun: error: rzmerl78: tasks 12-15: Exited with exit code 127
srun: error: rzmerl80: tasks 20-23: Exited with exit code 127
srun: error: rzmerl81: tasks 24-27: Exited with exit code 127
srun: error: rzmerl85: tasks 40-43: Exited with exit code 127
srun: error: rzmerl87: tasks 48-51: Exited with exit code 127
srun: error: rzmerl83: tasks 32-35: Exited with exit code 127
srun: error: rzmerl119: tasks 56-59: Exited with exit code 127
srun: error: rzmerl88: tasks 52-55: Exited with exit code 127
srun: error: rzmerl79: tasks 16-19: Exited with exit code 127
srun: error: rzmerl84: tasks 36-39: Exited with exit code 127
nodes=16 ntasks=128
+ export BLR_BENCHMARK=/g/g24/rountree/local/src/power/bmark/NAS/bin/cg.D.128
+ BLR_BENCHMARK=/g/g24/rountree/local/src/power/bmark/NAS/bin/cg.D.128
++ date +%Y_%m_%d_%H_%M_%S_%N
+ name=2012_04_11_12_39_22_390128984
+ mkdir 2012_04_11_12_39_22_390128984
+ cd 2012_04_11_12_39_22_390128984
+ touch out.dat
+ env
+ hostname
+ echo 2012_04_11_12_39_22_390128984
+ uname -a
+ srun --nodes=1 --ntasks=1 -ppbatch cat /proc/cpuinfo
+ grep MHz
+ echo 'cores: 128'
+ echo 'nodes: 16'
+ srun --nodes=16 --ntasks=128 -ppbatch -e cg.err -o out.dat --cpu_bind=sockets ../cgCL.sh 128
srun: error: rzmerl60: tasks 8-15: Exited with exit code 127
srun: error: rzmerl78: tasks 24-31: Exited with exit code 127
srun: error: rzmerl80: tasks 40-47: Exited with exit code 127
srun: error: rzmerl79: tasks 32-39: Exited with exit code 127
srun: error: rzmerl81: tasks 48-55: Exited with exit code 127
srun: error: rzmerl85: tasks 80-87: Exited with exit code 127
srun: error: rzmerl84: tasks 72-79: Exited with exit code 127
srun: error: rzmerl86: tasks 88-95: Exited with exit code 127
srun: error: rzmerl119: tasks 112-119: Exited with exit code 127
srun: error: rzmerl123: tasks 120-127: Exited with exit code 127
srun: error: rzmerl61: tasks 16-23: Exited with exit code 127
srun: error: rzmerl82: tasks 56-63: Exited with exit code 127
srun: error: rzmerl83: tasks 64-71: Exited with exit code 127
srun: error: rzmerl87: tasks 96-103: Exited with exit code 127
srun: error: rzmerl88: tasks 104-111: Exited with exit code 127
srun: error: rzmerl59: tasks 0-7: Exited with exit code 127
nodes=16 ntasks=256
+ export BLR_BENCHMARK=/g/g24/rountree/local/src/power/bmark/NAS/bin/cg.D.256
+ BLR_BENCHMARK=/g/g24/rountree/local/src/power/bmark/NAS/bin/cg.D.256
++ date +%Y_%m_%d_%H_%M_%S_%N
+ name=2012_04_11_12_39_22_768194499
+ mkdir 2012_04_11_12_39_22_768194499
+ cd 2012_04_11_12_39_22_768194499
+ touch out.dat
+ env
+ hostname
+ echo 2012_04_11_12_39_22_768194499
+ uname -a
+ srun --nodes=1 --ntasks=1 -ppbatch cat /proc/cpuinfo
+ grep MHz
+ echo 'cores: 256'
+ echo 'nodes: 16'
+ srun --nodes=16 --ntasks=256 -ppbatch -e cg.err -o out.dat --cpu_bind=sockets ../cgCL.sh 256
srun: error: rzmerl59: tasks 0-15: Exited with exit code 127
srun: error: rzmerl61: tasks 32-47: Exited with exit code 127
srun: error: rzmerl78: tasks 48-63: Exited with exit code 127
srun: error: rzmerl80: tasks 80-95: Exited with exit code 127
srun: error: rzmerl83: tasks 128-143: Exited with exit code 127
srun: error: rzmerl119: tasks 224-239: Exited with exit code 127
srun: error: rzmerl87: tasks 192-207: Exited with exit code 127
srun: error: rzmerl85: tasks 160-175: Exited with exit code 127
srun: error: rzmerl84: tasks 144-159: Exited with exit code 127
srun: error: rzmerl60: tasks 16-31: Exited with exit code 127
srun: error: rzmerl86: tasks 176-191: Exited with exit code 127
srun: error: rzmerl88: tasks 208-223: Exited with exit code 127
srun: error: rzmerl79: tasks 64-79: Exited with exit code 127
srun: error: rzmerl82: tasks 112-127: Exited with exit code 127
srun: error: rzmerl123: tasks 240-255: Exited with exit code 127
srun: error: rzmerl81: tasks 96-111: Exited with exit code 127
nodes=16 ntasks=64
+ export BLR_BENCHMARK=/g/g24/rountree/local/src/power/bmark/NAS/bin/cg.D.64
+ BLR_BENCHMARK=/g/g24/rountree/local/src/power/bmark/NAS/bin/cg.D.64
++ date +%Y_%m_%d_%H_%M_%S_%N
+ name=2012_04_11_12_39_23_230711004
+ mkdir 2012_04_11_12_39_23_230711004
+ cd 2012_04_11_12_39_23_230711004
+ touch out.dat
+ env
+ hostname
+ echo 2012_04_11_12_39_23_230711004
+ uname -a
+ srun --nodes=1 --ntasks=1 -ppbatch cat /proc/cpuinfo
+ grep MHz
+ echo 'cores: 64'
+ echo 'nodes: 16'
+ srun --nodes=16 --ntasks=64 -ppbatch -e cg.err -o out.dat --cpu_bind=sockets ../cgCL.sh 64
srun: error: rzmerl60: tasks 4-7: Exited with exit code 127
srun: error: rzmerl79: tasks 16-19: Exited with exit code 127
srun: error: rzmerl82: tasks 28-31: Exited with exit code 127
srun: error: rzmerl88: tasks 52-55: Exited with exit code 127
srun: error: rzmerl84: tasks 36-39: Exited with exit code 127
srun: error: rzmerl78: tasks 12-15: Exited with exit code 127
srun: error: rzmerl80: tasks 20-23: Exited with exit code 127
srun: error: rzmerl85: tasks 40-43: Exited with exit code 127
srun: error: rzmerl81: tasks 24-27: Exited with exit code 127
srun: error: rzmerl86: tasks 44-47: Exited with exit code 127
srun: error: rzmerl83: tasks 32-35: Exited with exit code 127
srun: error: rzmerl87: tasks 48-51: Exited with exit code 127
srun: error: rzmerl119: tasks 56-59: Exited with exit code 127
srun: error: rzmerl123: tasks 60-63: Exited with exit code 127
srun: error: rzmerl61: tasks 8-11: Exited with exit code 127
srun: error: rzmerl59: tasks 0-3: Exited with exit code 127
nodes=16 ntasks=128
+ export BLR_BENCHMARK=/g/g24/rountree/local/src/power/bmark/NAS/bin/cg.D.128
+ BLR_BENCHMARK=/g/g24/rountree/local/src/power/bmark/NAS/bin/cg.D.128
++ date +%Y_%m_%d_%H_%M_%S_%N
+ name=2012_04_11_12_39_23_590734021
+ mkdir 2012_04_11_12_39_23_590734021
+ cd 2012_04_11_12_39_23_590734021
+ touch out.dat
+ env
+ hostname
+ echo 2012_04_11_12_39_23_590734021
+ uname -a
+ srun --nodes=1 --ntasks=1 -ppbatch cat /proc/cpuinfo
+ grep MHz
+ echo 'cores: 128'
+ echo 'nodes: 16'
+ srun --nodes=16 --ntasks=128 -ppbatch -e cg.err -o out.dat --cpu_bind=sockets ../cgCL.sh 128
srun: error: rzmerl59: tasks 0-7: Exited with exit code 127
srun: error: rzmerl61: tasks 16-23: Exited with exit code 127
srun: error: rzmerl119: tasks 112-119: Exited with exit code 127
srun: error: rzmerl78: tasks 24-31: Exited with exit code 127
srun: error: rzmerl87: tasks 96-103: Exited with exit code 127
srun: error: rzmerl60: tasks 8-15: Exited with exit code 127
srun: error: rzmerl85: tasks 80-87: Exited with exit code 127
srun: error: rzmerl88: tasks 104-111: Exited with exit code 127
srun: error: rzmerl82: tasks 56-63: Exited with exit code 127
srun: error: rzmerl81: tasks 48-55: Exited with exit code 127
srun: error: rzmerl123: tasks 120-127: Exited with exit code 127
srun: error: rzmerl79: tasks 32-39: Exited with exit code 127
srun: error: rzmerl80: tasks 40-47: Exited with exit code 127
srun: error: rzmerl84: tasks 72-79: Exited with exit code 127
srun: error: rzmerl83: tasks 64-71: Exited with exit code 127
srun: error: rzmerl86: tasks 88-95: Exited with exit code 127
nodes=16 ntasks=256
+ export BLR_BENCHMARK=/g/g24/rountree/local/src/power/bmark/NAS/bin/cg.D.256
+ BLR_BENCHMARK=/g/g24/rountree/local/src/power/bmark/NAS/bin/cg.D.256
++ date +%Y_%m_%d_%H_%M_%S_%N
+ name=2012_04_11_12_39_23_983125753
+ mkdir 2012_04_11_12_39_23_983125753
+ cd 2012_04_11_12_39_23_983125753
+ touch out.dat
+ env
+ hostname
+ echo 2012_04_11_12_39_23_983125753
+ uname -a
+ srun --nodes=1 --ntasks=1 -ppbatch cat /proc/cpuinfo
+ grep MHz
+ echo 'cores: 256'
+ echo 'nodes: 16'
+ srun --nodes=16 --ntasks=256 -ppbatch -e cg.err -o out.dat --cpu_bind=sockets ../cgCL.sh 256
srun: error: rzmerl59: tasks 0-15: Exited with exit code 127
srun: error: rzmerl119: tasks 224-239: Exited with exit code 127
srun: error: rzmerl61: tasks 32-47: Exited with exit code 127
srun: error: rzmerl80: tasks 80-95: Exited with exit code 127
srun: error: rzmerl79: tasks 64-79: Exited with exit code 127
srun: error: rzmerl86: tasks 176-191: Exited with exit code 127
srun: error: rzmerl88: tasks 208-223: Exited with exit code 127
srun: error: rzmerl60: tasks 16-31: Exited with exit code 127
srun: error: rzmerl78: tasks 48-63: Exited with exit code 127
srun: error: rzmerl84: tasks 144-159: Exited with exit code 127
srun: error: rzmerl82: tasks 112-127: Exited with exit code 127
srun: error: rzmerl81: tasks 96-111: Exited with exit code 127
srun: error: rzmerl123: tasks 240-255: Exited with exit code 127
srun: error: rzmerl85: tasks 160-175: Exited with exit code 127
srun: error: rzmerl87: tasks 192-207: Exited with exit code 127
srun: error: rzmerl83: tasks 128-143: Exited with exit code 127
nodes=16 ntasks=64
+ export BLR_BENCHMARK=/g/g24/rountree/local/src/power/bmark/NAS/bin/cg.D.64
+ BLR_BENCHMARK=/g/g24/rountree/local/src/power/bmark/NAS/bin/cg.D.64
++ date +%Y_%m_%d_%H_%M_%S_%N
+ name=2012_04_11_12_39_24_429469282
+ mkdir 2012_04_11_12_39_24_429469282
+ cd 2012_04_11_12_39_24_429469282
+ touch out.dat
+ env
+ hostname
+ echo 2012_04_11_12_39_24_429469282
+ uname -a
+ srun --nodes=1 --ntasks=1 -ppbatch cat /proc/cpuinfo
+ grep MHz
+ echo 'cores: 64'
+ echo 'nodes: 16'
+ srun --nodes=16 --ntasks=64 -ppbatch -e cg.err -o out.dat --cpu_bind=sockets ../cgCL.sh 64
srun: error: rzmerl59: tasks 0-3: Exited with exit code 127
srun: error: rzmerl78: tasks 12-15: Exited with exit code 127
srun: error: rzmerl61: tasks 8-11: Exited with exit code 127
srun: error: rzmerl60: tasks 4-7: Exited with exit code 127
srun: error: rzmerl84: tasks 36-39: Exited with exit code 127
srun: error: rzmerl80: tasks 20-23: Exited with exit code 127
srun: error: rzmerl82: tasks 28-31: Exited with exit code 127
srun: error: rzmerl85: tasks 40-43: Exited with exit code 127
srun: error: rzmerl81: tasks 24-27: Exited with exit code 127
srun: error: rzmerl87: tasks 48-51: Exited with exit code 127
srun: error: rzmerl86: tasks 44-47: Exited with exit code 127
srun: error: rzmerl123: tasks 60-63: Exited with exit code 127
srun: error: rzmerl79: tasks 16-19: Exited with exit code 127
srun: error: rzmerl83: tasks 32-35: Exited with exit code 127
srun: error: rzmerl88: tasks 52-55: Exited with exit code 127
srun: error: rzmerl119: tasks 56-59: Exited with exit code 127
nodes=16 ntasks=128
+ export BLR_BENCHMARK=/g/g24/rountree/local/src/power/bmark/NAS/bin/cg.D.128
+ BLR_BENCHMARK=/g/g24/rountree/local/src/power/bmark/NAS/bin/cg.D.128
++ date +%Y_%m_%d_%H_%M_%S_%N
+ name=2012_04_11_12_39_24_773016320
+ mkdir 2012_04_11_12_39_24_773016320
+ cd 2012_04_11_12_39_24_773016320
+ touch out.dat
+ env
+ hostname
+ echo 2012_04_11_12_39_24_773016320
+ uname -a
+ srun --nodes=1 --ntasks=1 -ppbatch cat /proc/cpuinfo
+ grep MHz
+ echo 'cores: 128'
+ echo 'nodes: 16'
+ srun --nodes=16 --ntasks=128 -ppbatch -e cg.err -o out.dat --cpu_bind=sockets ../cgCL.sh 128
srun: error: rzmerl85: tasks 80-87: Exited with exit code 127
srun: error: rzmerl59: tasks 0-7: Exited with exit code 127
srun: error: rzmerl61: tasks 16-23: Exited with exit code 127
srun: error: rzmerl78: tasks 24-31: Exited with exit code 127
srun: error: rzmerl82: tasks 56-63: Exited with exit code 127
srun: error: rzmerl86: tasks 88-95: Exited with exit code 127
srun: error: rzmerl123: tasks 120-127: Exited with exit code 127
srun: error: rzmerl87: tasks 96-103: Exited with exit code 127
srun: error: rzmerl60: tasks 8-15: Exited with exit code 127
srun: error: rzmerl88: tasks 104-111: Exited with exit code 127
srun: error: rzmerl119: tasks 112-119: Exited with exit code 127
srun: error: rzmerl83: tasks 64-71: Exited with exit code 127
srun: error: rzmerl80: tasks 40-47: Exited with exit code 127
srun: error: rzmerl79: tasks 32-39: Exited with exit code 127
srun: error: rzmerl84: tasks 72-79: Exited with exit code 127
srun: error: rzmerl81: tasks 48-55: Exited with exit code 127
nodes=16 ntasks=256
+ export BLR_BENCHMARK=/g/g24/rountree/local/src/power/bmark/NAS/bin/cg.D.256
+ BLR_BENCHMARK=/g/g24/rountree/local/src/power/bmark/NAS/bin/cg.D.256
++ date +%Y_%m_%d_%H_%M_%S_%N
+ name=2012_04_11_12_39_25_220290154
+ mkdir 2012_04_11_12_39_25_220290154
+ cd 2012_04_11_12_39_25_220290154
+ touch out.dat
+ env
+ hostname
+ echo 2012_04_11_12_39_25_220290154
+ uname -a
+ srun --nodes=1 --ntasks=1 -ppbatch cat /proc/cpuinfo
+ grep MHz
+ echo 'cores: 256'
+ echo 'nodes: 16'
+ srun --nodes=16 --ntasks=256 -ppbatch -e cg.err -o out.dat --cpu_bind=sockets ../cgCL.sh 256
srun: error: rzmerl123: tasks 240-255: Exited with exit code 127
srun: error: rzmerl78: tasks 48-63: Exited with exit code 127
srun: error: rzmerl84: tasks 144-159: Exited with exit code 127
srun: error: rzmerl80: tasks 80-95: Exited with exit code 127
srun: error: rzmerl119: tasks 224-239: Exited with exit code 127
srun: error: rzmerl79: tasks 64-79: Exited with exit code 127
srun: error: rzmerl83: tasks 128-143: Exited with exit code 127
srun: error: rzmerl81: tasks 96-111: Exited with exit code 127
srun: error: rzmerl85: tasks 160-175: Exited with exit code 127
srun: error: rzmerl86: tasks 176-191: Exited with exit code 127
srun: error: rzmerl61: tasks 32-47: Exited with exit code 127
srun: error: rzmerl87: tasks 192-207: Exited with exit code 127
srun: error: rzmerl88: tasks 208-223: Exited with exit code 127
srun: error: rzmerl82: tasks 112-127: Exited with exit code 127
srun: error: rzmerl59: tasks 0-15: Exited with exit code 127
srun: error: rzmerl60: tasks 16-31: Exited with exit code 127
nodes=16 ntasks=64
+ export BLR_BENCHMARK=/g/g24/rountree/local/src/power/bmark/NAS/bin/cg.D.64
+ BLR_BENCHMARK=/g/g24/rountree/local/src/power/bmark/NAS/bin/cg.D.64
++ date +%Y_%m_%d_%H_%M_%S_%N
+ name=2012_04_11_12_39_25_690814126
+ mkdir 2012_04_11_12_39_25_690814126
+ cd 2012_04_11_12_39_25_690814126
+ touch out.dat
+ env
+ hostname
+ echo 2012_04_11_12_39_25_690814126
+ uname -a
+ srun --nodes=1 --ntasks=1 -ppbatch cat /proc/cpuinfo
+ grep MHz
+ echo 'cores: 64'
+ echo 'nodes: 16'
+ srun --nodes=16 --ntasks=64 -ppbatch -e cg.err -o out.dat --cpu_bind=sockets ../cgCL.sh 64
srun: error: rzmerl61: tasks 8-11: Exited with exit code 127
srun: error: rzmerl59: tasks 0-3: Exited with exit code 127
srun: error: rzmerl82: tasks 28-31: Exited with exit code 127
srun: error: rzmerl80: tasks 20-23: Exited with exit code 127
srun: error: rzmerl78: tasks 12-15: Exited with exit code 127
srun: error: rzmerl81: tasks 24-27: Exited with exit code 127
srun: error: rzmerl60: tasks 4-7: Exited with exit code 127
srun: error: rzmerl79: tasks 16-19: Exited with exit code 127
srun: error: rzmerl84: tasks 36-39: Exited with exit code 127
srun: error: rzmerl86: tasks 44-47: Exited with exit code 127
srun: error: rzmerl85: tasks 40-43: Exited with exit code 127
srun: error: rzmerl119: tasks 56-59: Exited with exit code 127
srun: error: rzmerl123: tasks 60-63: Exited with exit code 127
srun: error: rzmerl87: tasks 48-51: Exited with exit code 127
srun: error: rzmerl83: tasks 32-35: Exited with exit code 127
srun: error: rzmerl88: tasks 52-55: Exited with exit code 127
nodes=16 ntasks=128
+ export BLR_BENCHMARK=/g/g24/rountree/local/src/power/bmark/NAS/bin/cg.D.128
+ BLR_BENCHMARK=/g/g24/rountree/local/src/power/bmark/NAS/bin/cg.D.128
++ date +%Y_%m_%d_%H_%M_%S_%N
+ name=2012_04_11_12_39_26_037492294
+ mkdir 2012_04_11_12_39_26_037492294
+ cd 2012_04_11_12_39_26_037492294
+ touch out.dat
+ env
+ hostname
+ echo 2012_04_11_12_39_26_037492294
+ uname -a
+ srun --nodes=1 --ntasks=1 -ppbatch cat /proc/cpuinfo
+ grep MHz
+ echo 'cores: 128'
+ echo 'nodes: 16'
+ srun --nodes=16 --ntasks=128 -ppbatch -e cg.err -o out.dat --cpu_bind=sockets ../cgCL.sh 128
srun: error: rzmerl78: tasks 24-31: Exited with exit code 127
srun: error: rzmerl85: tasks 80-87: Exited with exit code 127
srun: error: rzmerl60: tasks 8-15: Exited with exit code 127
srun: error: rzmerl59: tasks 0-7: Exited with exit code 127
srun: error: rzmerl81: tasks 48-55: Exited with exit code 127
srun: error: rzmerl83: tasks 64-71: Exited with exit code 127
srun: error: rzmerl82: tasks 56-63: Exited with exit code 127
srun: error: rzmerl80: tasks 40-47: Exited with exit code 127
srun: error: rzmerl86: tasks 88-95: Exited with exit code 127
srun: error: rzmerl119: tasks 112-119: Exited with exit code 127
srun: error: rzmerl61: tasks 16-23: Exited with exit code 127
srun: error: rzmerl123: tasks 120-127: Exited with exit code 127
srun: error: rzmerl79: tasks 32-39: Exited with exit code 127
srun: error: rzmerl87: tasks 96-103: Exited with exit code 127
srun: error: rzmerl84: tasks 72-79: Exited with exit code 127
srun: error: rzmerl88: tasks 104-111: Exited with exit code 127
nodes=16 ntasks=256
+ export BLR_BENCHMARK=/g/g24/rountree/local/src/power/bmark/NAS/bin/cg.D.256
+ BLR_BENCHMARK=/g/g24/rountree/local/src/power/bmark/NAS/bin/cg.D.256
++ date +%Y_%m_%d_%H_%M_%S_%N
+ name=2012_04_11_12_39_26_539220740
+ mkdir 2012_04_11_12_39_26_539220740
+ cd 2012_04_11_12_39_26_539220740
+ touch out.dat
+ env
+ hostname
+ echo 2012_04_11_12_39_26_539220740
+ uname -a
+ srun --nodes=1 --ntasks=1 -ppbatch cat /proc/cpuinfo
+ grep MHz
+ echo 'cores: 256'
+ echo 'nodes: 16'
+ srun --nodes=16 --ntasks=256 -ppbatch -e cg.err -o out.dat --cpu_bind=sockets ../cgCL.sh 256
srun: error: rzmerl59: tasks 0-15: Exited with exit code 127
srun: error: rzmerl82: tasks 112-127: Exited with exit code 127
srun: error: rzmerl85: tasks 160-175: Exited with exit code 127
srun: error: rzmerl119: tasks 224-239: Exited with exit code 127
srun: error: rzmerl60: tasks 16-31: Exited with exit code 127
srun: error: rzmerl61: tasks 32-47: Exited with exit code 127
srun: error: rzmerl80: tasks 80-95: Exited with exit code 127
srun: error: rzmerl81: tasks 96-111: Exited with exit code 127
srun: error: rzmerl83: tasks 128-143: Exited with exit code 127
srun: error: rzmerl123: tasks 240-255: Exited with exit code 127
srun: error: rzmerl87: tasks 192-207: Exited with exit code 127
srun: error: rzmerl79: tasks 64-79: Exited with exit code 127
srun: error: rzmerl84: tasks 144-159: Exited with exit code 127
srun: error: rzmerl88: tasks 208-223: Exited with exit code 127
srun: error: rzmerl78: tasks 48-63: Exited with exit code 127
srun: error: rzmerl86: tasks 176-191: Exited with exit code 127
nodes=16 ntasks=64
+ export BLR_BENCHMARK=/g/g24/rountree/local/src/power/bmark/NAS/bin/cg.D.64
+ BLR_BENCHMARK=/g/g24/rountree/local/src/power/bmark/NAS/bin/cg.D.64
++ date +%Y_%m_%d_%H_%M_%S_%N
+ name=2012_04_11_12_39_27_000919455
+ mkdir 2012_04_11_12_39_27_000919455
+ cd 2012_04_11_12_39_27_000919455
+ touch out.dat
+ env
+ hostname
+ echo 2012_04_11_12_39_27_000919455
+ uname -a
+ srun --nodes=1 --ntasks=1 -ppbatch cat /proc/cpuinfo
+ grep MHz
+ echo 'cores: 64'
+ echo 'nodes: 16'
+ srun --nodes=16 --ntasks=64 -ppbatch -e cg.err -o out.dat --cpu_bind=sockets ../cgCL.sh 64
srun: error: rzmerl59: tasks 0-3: Exited with exit code 127
srun: error: rzmerl83: tasks 32-35: Exited with exit code 127
srun: error: rzmerl119: tasks 56-59: Exited with exit code 127
srun: error: rzmerl60: tasks 4-7: Exited with exit code 127
srun: error: rzmerl123: tasks 60-63: Exited with exit code 127
srun: error: rzmerl81: tasks 24-27: Exited with exit code 127
srun: error: rzmerl82: tasks 28-31: Exited with exit code 127
srun: error: rzmerl85: tasks 40-43: Exited with exit code 127
srun: error: rzmerl84: tasks 36-39: Exited with exit code 127
srun: error: rzmerl87: tasks 48-51: Exited with exit code 127
srun: error: rzmerl86: tasks 44-47: Exited with exit code 127
srun: error: rzmerl78: tasks 12-15: Exited with exit code 127
srun: error: rzmerl61: tasks 8-11: Exited with exit code 127
srun: error: rzmerl79: tasks 16-19: Exited with exit code 127
srun: error: rzmerl88: tasks 52-55: Exited with exit code 127
srun: error: rzmerl80: tasks 20-23: Exited with exit code 127
nodes=16 ntasks=128
+ export BLR_BENCHMARK=/g/g24/rountree/local/src/power/bmark/NAS/bin/cg.D.128
+ BLR_BENCHMARK=/g/g24/rountree/local/src/power/bmark/NAS/bin/cg.D.128
++ date +%Y_%m_%d_%H_%M_%S_%N
+ name=2012_04_11_12_39_27_371859478
+ mkdir 2012_04_11_12_39_27_371859478
+ cd 2012_04_11_12_39_27_371859478
+ touch out.dat
+ env
+ hostname
+ echo 2012_04_11_12_39_27_371859478
+ uname -a
+ srun --nodes=1 --ntasks=1 -ppbatch cat /proc/cpuinfo
+ grep MHz
+ echo 'cores: 128'
+ echo 'nodes: 16'
+ srun --nodes=16 --ntasks=128 -ppbatch -e cg.err -o out.dat --cpu_bind=sockets ../cgCL.sh 128
srun: error: rzmerl60: tasks 8-15: Exited with exit code 127
srun: error: rzmerl123: tasks 120-127: Exited with exit code 127
srun: error: rzmerl79: tasks 32-39: Exited with exit code 127
srun: error: rzmerl80: tasks 40-47: Exited with exit code 127
srun: error: rzmerl86: tasks 88-95: Exited with exit code 127
srun: error: rzmerl59: tasks 0-7: Exited with exit code 127
srun: error: rzmerl84: tasks 72-79: Exited with exit code 127
srun: error: rzmerl81: tasks 48-55: Exited with exit code 127
srun: error: rzmerl119: tasks 112-119: Exited with exit code 127
srun: error: rzmerl82: tasks 56-63: Exited with exit code 127
srun: error: rzmerl88: tasks 104-111: Exited with exit code 127
srun: error: rzmerl61: tasks 16-23: Exited with exit code 127
srun: error: rzmerl83: tasks 64-71: Exited with exit code 127
srun: error: rzmerl85: tasks 80-87: Exited with exit code 127
srun: error: rzmerl87: tasks 96-103: Exited with exit code 127
srun: error: rzmerl78: tasks 24-31: Exited with exit code 127
nodes=16 ntasks=256
+ export BLR_BENCHMARK=/g/g24/rountree/local/src/power/bmark/NAS/bin/cg.D.256
+ BLR_BENCHMARK=/g/g24/rountree/local/src/power/bmark/NAS/bin/cg.D.256
++ date +%Y_%m_%d_%H_%M_%S_%N
+ name=2012_04_11_12_39_27_766791465
+ mkdir 2012_04_11_12_39_27_766791465
+ cd 2012_04_11_12_39_27_766791465
+ touch out.dat
+ env
+ hostname
+ echo 2012_04_11_12_39_27_766791465
+ uname -a
+ srun --nodes=1 --ntasks=1 -ppbatch cat /proc/cpuinfo
+ grep MHz
+ echo 'cores: 256'
+ echo 'nodes: 16'
+ srun --nodes=16 --ntasks=256 -ppbatch -e cg.err -o out.dat --cpu_bind=sockets ../cgCL.sh 256
srun: error: rzmerl61: tasks 32-47: Exited with exit code 127
srun: error: rzmerl82: tasks 112-127: Exited with exit code 127
srun: error: rzmerl81: tasks 96-111: Exited with exit code 127
srun: error: rzmerl59: tasks 0-15: Exited with exit code 127
srun: error: rzmerl87: tasks 192-207: Exited with exit code 127
srun: error: rzmerl60: tasks 16-31: Exited with exit code 127
srun: error: rzmerl80: tasks 80-95: Exited with exit code 127
srun: error: rzmerl85: tasks 160-175: Exited with exit code 127
srun: error: rzmerl84: tasks 144-159: Exited with exit code 127
srun: error: rzmerl83: tasks 128-143: Exited with exit code 127
srun: error: rzmerl78: tasks 48-63: Exited with exit code 127
srun: error: rzmerl79: tasks 64-79: Exited with exit code 127
srun: error: rzmerl86: tasks 176-191: Exited with exit code 127
srun: error: rzmerl88: tasks 208-223: Exited with exit code 127
srun: error: rzmerl119: tasks 224-239: Exited with exit code 127
srun: error: rzmerl123: tasks 240-255: Exited with exit code 127
nodes=16 ntasks=64
+ export BLR_BENCHMARK=/g/g24/rountree/local/src/power/bmark/NAS/bin/cg.D.64
+ BLR_BENCHMARK=/g/g24/rountree/local/src/power/bmark/NAS/bin/cg.D.64
++ date +%Y_%m_%d_%H_%M_%S_%N
+ name=2012_04_11_12_39_28_311953243
+ mkdir 2012_04_11_12_39_28_311953243
+ cd 2012_04_11_12_39_28_311953243
+ touch out.dat
+ env
+ hostname
+ echo 2012_04_11_12_39_28_311953243
+ uname -a
+ srun --nodes=1 --ntasks=1 -ppbatch cat /proc/cpuinfo
+ grep MHz
+ echo 'cores: 64'
+ echo 'nodes: 16'
+ srun --nodes=16 --ntasks=64 -ppbatch -e cg.err -o out.dat --cpu_bind=sockets ../cgCL.sh 64
srun: error: rzmerl61: tasks 8-11: Exited with exit code 127
srun: error: rzmerl78: tasks 12-15: Exited with exit code 127
srun: error: rzmerl83: tasks 32-35: Exited with exit code 127
srun: error: rzmerl81: tasks 24-27: Exited with exit code 127
srun: error: rzmerl60: tasks 4-7: Exited with exit code 127
srun: error: rzmerl79: tasks 16-19: Exited with exit code 127
srun: error: rzmerl80: tasks 20-23: Exited with exit code 127
srun: error: rzmerl84: tasks 36-39: Exited with exit code 127
srun: error: rzmerl86: tasks 44-47: Exited with exit code 127
srun: error: rzmerl85: tasks 40-43: Exited with exit code 127
srun: error: rzmerl119: tasks 56-59: Exited with exit code 127
srun: error: rzmerl123: tasks 60-63: Exited with exit code 127
srun: error: rzmerl82: tasks 28-31: Exited with exit code 127
srun: error: rzmerl87: tasks 48-51: Exited with exit code 127
srun: error: rzmerl88: tasks 52-55: Exited with exit code 127
srun: error: rzmerl59: tasks 0-3: Exited with exit code 127
nodes=16 ntasks=128
+ export BLR_BENCHMARK=/g/g24/rountree/local/src/power/bmark/NAS/bin/cg.D.128
+ BLR_BENCHMARK=/g/g24/rountree/local/src/power/bmark/NAS/bin/cg.D.128
++ date +%Y_%m_%d_%H_%M_%S_%N
+ name=2012_04_11_12_39_28_659619364
+ mkdir 2012_04_11_12_39_28_659619364
+ cd 2012_04_11_12_39_28_659619364
+ touch out.dat
+ env
+ hostname
+ echo 2012_04_11_12_39_28_659619364
+ uname -a
+ srun --nodes=1 --ntasks=1 -ppbatch cat /proc/cpuinfo
+ grep MHz
+ echo 'cores: 128'
+ echo 'nodes: 16'
+ srun --nodes=16 --ntasks=128 -ppbatch -e cg.err -o out.dat --cpu_bind=sockets ../cgCL.sh 128
srun: error: rzmerl59: tasks 0-7: Exited with exit code 127
srun: error: rzmerl60: tasks 8-15: Exited with exit code 127
srun: error: rzmerl85: tasks 80-87: Exited with exit code 127
srun: error: rzmerl81: tasks 48-55: Exited with exit code 127
srun: error: rzmerl84: tasks 72-79: Exited with exit code 127
srun: error: rzmerl86: tasks 88-95: Exited with exit code 127
srun: error: rzmerl87: tasks 96-103: Exited with exit code 127
srun: error: rzmerl83: tasks 64-71: Exited with exit code 127
srun: error: rzmerl79: tasks 32-39: Exited with exit code 127
srun: error: rzmerl78: tasks 24-31: Exited with exit code 127
srun: error: rzmerl82: tasks 56-63: Exited with exit code 127
srun: error: rzmerl119: tasks 112-119: Exited with exit code 127
srun: error: rzmerl88: tasks 104-111: Exited with exit code 127
srun: error: rzmerl123: tasks 120-127: Exited with exit code 127
srun: error: rzmerl61: tasks 16-23: Exited with exit code 127
srun: error: rzmerl80: tasks 40-47: Exited with exit code 127
nodes=16 ntasks=256
+ export BLR_BENCHMARK=/g/g24/rountree/local/src/power/bmark/NAS/bin/cg.D.256
+ BLR_BENCHMARK=/g/g24/rountree/local/src/power/bmark/NAS/bin/cg.D.256
++ date +%Y_%m_%d_%H_%M_%S_%N
+ name=2012_04_11_12_39_29_055082063
+ mkdir 2012_04_11_12_39_29_055082063
+ cd 2012_04_11_12_39_29_055082063
+ touch out.dat
+ env
+ hostname
+ echo 2012_04_11_12_39_29_055082063
+ uname -a
+ srun --nodes=1 --ntasks=1 -ppbatch cat /proc/cpuinfo
+ grep MHz
+ echo 'cores: 256'
+ echo 'nodes: 16'
+ srun --nodes=16 --ntasks=256 -ppbatch -e cg.err -o out.dat --cpu_bind=sockets ../cgCL.sh 256
srun: error: rzmerl82: tasks 112-127: Exited with exit code 127
srun: error: rzmerl79: tasks 64-79: Exited with exit code 127
srun: error: rzmerl80: tasks 80-95: Exited with exit code 127
srun: error: rzmerl86: tasks 176-191: Exited with exit code 127
srun: error: rzmerl85: tasks 160-175: Exited with exit code 127
srun: error: rzmerl88: tasks 208-223: Exited with exit code 127
srun: error: rzmerl119: tasks 224-239: Exited with exit code 127
srun: error: rzmerl87: tasks 192-207: Exited with exit code 127
srun: error: rzmerl60: tasks 16-31: Exited with exit code 127
srun: error: rzmerl78: tasks 48-63: Exited with exit code 127
srun: error: rzmerl83: tasks 128-143: Exited with exit code 127
srun: error: rzmerl81: tasks 96-111: Exited with exit code 127
srun: error: rzmerl84: tasks 144-159: Exited with exit code 127
srun: error: rzmerl61: tasks 32-47: Exited with exit code 127
srun: error: rzmerl123: tasks 240-255: Exited with exit code 127
srun: error: rzmerl59: tasks 0-15: Exited with exit code 127
nodes=16 ntasks=64
+ export BLR_BENCHMARK=/g/g24/rountree/local/src/power/bmark/NAS/bin/cg.D.64
+ BLR_BENCHMARK=/g/g24/rountree/local/src/power/bmark/NAS/bin/cg.D.64
++ date +%Y_%m_%d_%H_%M_%S_%N
+ name=2012_04_11_12_39_29_520330706
+ mkdir 2012_04_11_12_39_29_520330706
+ cd 2012_04_11_12_39_29_520330706
+ touch out.dat
+ env
+ hostname
+ echo 2012_04_11_12_39_29_520330706
+ uname -a
+ srun --nodes=1 --ntasks=1 -ppbatch cat /proc/cpuinfo
+ grep MHz
+ echo 'cores: 64'
+ echo 'nodes: 16'
+ srun --nodes=16 --ntasks=64 -ppbatch -e cg.err -o out.dat --cpu_bind=sockets ../cgCL.sh 64
srun: error: rzmerl119: tasks 56-59: Exited with exit code 127
srun: error: rzmerl60: tasks 4-7: Exited with exit code 127
srun: error: rzmerl85: tasks 40-43: Exited with exit code 127
srun: error: rzmerl61: tasks 8-11: Exited with exit code 127
srun: error: rzmerl86: tasks 44-47: Exited with exit code 127
srun: error: rzmerl84: tasks 36-39: Exited with exit code 127
srun: error: rzmerl79: tasks 16-19: Exited with exit code 127
srun: error: rzmerl81: tasks 24-27: Exited with exit code 127
srun: error: rzmerl87: tasks 48-51: Exited with exit code 127
srun: error: rzmerl80: tasks 20-23: Exited with exit code 127
srun: error: rzmerl83: tasks 32-35: Exited with exit code 127
srun: error: rzmerl78: tasks 12-15: Exited with exit code 127
srun: error: rzmerl88: tasks 52-55: Exited with exit code 127
srun: error: rzmerl59: tasks 0-3: Exited with exit code 127
srun: error: rzmerl82: tasks 28-31: Exited with exit code 127
srun: error: rzmerl123: tasks 60-63: Exited with exit code 127
nodes=16 ntasks=128
+ export BLR_BENCHMARK=/g/g24/rountree/local/src/power/bmark/NAS/bin/cg.D.128
+ BLR_BENCHMARK=/g/g24/rountree/local/src/power/bmark/NAS/bin/cg.D.128
++ date +%Y_%m_%d_%H_%M_%S_%N
+ name=2012_04_11_12_39_29_893188092
+ mkdir 2012_04_11_12_39_29_893188092
+ cd 2012_04_11_12_39_29_893188092
+ touch out.dat
+ env
+ hostname
+ echo 2012_04_11_12_39_29_893188092
+ uname -a
+ srun --nodes=1 --ntasks=1 -ppbatch cat /proc/cpuinfo
+ grep MHz
+ echo 'cores: 128'
+ echo 'nodes: 16'
+ srun --nodes=16 --ntasks=128 -ppbatch -e cg.err -o out.dat --cpu_bind=sockets ../cgCL.sh 128
srun: error: rzmerl59: tasks 0-7: Exited with exit code 127
srun: error: rzmerl61: tasks 16-23: Exited with exit code 127
srun: error: rzmerl82: tasks 56-63: Exited with exit code 127
srun: error: rzmerl86: tasks 88-95: Exited with exit code 127
srun: error: rzmerl81: tasks 48-55: Exited with exit code 127
srun: error: rzmerl83: tasks 64-71: Exited with exit code 127
srun: error: rzmerl60: tasks 8-15: Exited with exit code 127
srun: error: rzmerl85: tasks 80-87: Exited with exit code 127
srun: error: rzmerl123: tasks 120-127: Exited with exit code 127
srun: error: rzmerl80: tasks 40-47: Exited with exit code 127
srun: error: rzmerl119: tasks 112-119: Exited with exit code 127
srun: error: rzmerl79: tasks 32-39: Exited with exit code 127
srun: error: rzmerl84: tasks 72-79: Exited with exit code 127
srun: error: rzmerl87: tasks 96-103: Exited with exit code 127
srun: error: rzmerl78: tasks 24-31: Exited with exit code 127
srun: error: rzmerl88: tasks 104-111: Exited with exit code 127
nodes=16 ntasks=256
+ export BLR_BENCHMARK=/g/g24/rountree/local/src/power/bmark/NAS/bin/cg.D.256
+ BLR_BENCHMARK=/g/g24/rountree/local/src/power/bmark/NAS/bin/cg.D.256
++ date +%Y_%m_%d_%H_%M_%S_%N
+ name=2012_04_11_12_39_30_275518630
+ mkdir 2012_04_11_12_39_30_275518630
+ cd 2012_04_11_12_39_30_275518630
+ touch out.dat
+ env
+ hostname
+ echo 2012_04_11_12_39_30_275518630
+ uname -a
+ srun --nodes=1 --ntasks=1 -ppbatch cat /proc/cpuinfo
+ grep MHz
+ echo 'cores: 256'
+ echo 'nodes: 16'
+ srun --nodes=16 --ntasks=256 -ppbatch -e cg.err -o out.dat --cpu_bind=sockets ../cgCL.sh 256
srun: error: rzmerl61: tasks 32-47: Exited with exit code 127
srun: error: rzmerl60: tasks 16-31: Exited with exit code 127
srun: error: rzmerl79: tasks 64-79: Exited with exit code 127
srun: error: rzmerl83: tasks 128-143: Exited with exit code 127
srun: error: rzmerl85: tasks 160-175: Exited with exit code 127
srun: error: rzmerl88: tasks 208-223: Exited with exit code 127
srun: error: rzmerl123: tasks 240-255: Exited with exit code 127
srun: error: rzmerl78: tasks 48-63: Exited with exit code 127
srun: error: rzmerl86: tasks 176-191: Exited with exit code 127
srun: error: rzmerl81: tasks 96-111: Exited with exit code 127
srun: error: rzmerl82: tasks 112-127: Exited with exit code 127
srun: error: rzmerl84: tasks 144-159: Exited with exit code 127
srun: error: rzmerl80: tasks 80-95: Exited with exit code 127
srun: error: rzmerl119: tasks 224-239: Exited with exit code 127
srun: error: rzmerl59: tasks 0-15: Exited with exit code 127
srun: error: rzmerl87: tasks 192-207: Exited with exit code 127
nodes=16 ntasks=64
+ export BLR_BENCHMARK=/g/g24/rountree/local/src/power/bmark/NAS/bin/cg.D.64
+ BLR_BENCHMARK=/g/g24/rountree/local/src/power/bmark/NAS/bin/cg.D.64
++ date +%Y_%m_%d_%H_%M_%S_%N
+ name=2012_04_11_12_39_30_730607699
+ mkdir 2012_04_11_12_39_30_730607699
+ cd 2012_04_11_12_39_30_730607699
+ touch out.dat
+ env
+ hostname
+ echo 2012_04_11_12_39_30_730607699
+ uname -a
+ srun --nodes=1 --ntasks=1 -ppbatch cat /proc/cpuinfo
+ grep MHz
+ echo 'cores: 64'
+ echo 'nodes: 16'
+ srun --nodes=16 --ntasks=64 -ppbatch -e cg.err -o out.dat --cpu_bind=sockets ../cgCL.sh 64
srun: error: rzmerl78: tasks 12-15: Exited with exit code 127
srun: error: rzmerl60: tasks 4-7: Exited with exit code 127
srun: error: rzmerl87: tasks 48-51: Exited with exit code 127
srun: error: rzmerl59: tasks 0-3: Exited with exit code 127
srun: error: rzmerl80: tasks 20-23: Exited with exit code 127
srun: error: rzmerl88: tasks 52-55: Exited with exit code 127
srun: error: rzmerl81: tasks 24-27: Exited with exit code 127
srun: error: rzmerl82: tasks 28-31: Exited with exit code 127
srun: error: rzmerl84: tasks 36-39: Exited with exit code 127
srun: error: rzmerl61: tasks 8-11: Exited with exit code 127
srun: error: rzmerl85: tasks 40-43: Exited with exit code 127
srun: error: rzmerl123: tasks 60-63: Exited with exit code 127
srun: error: rzmerl79: tasks 16-19: Exited with exit code 127
srun: error: rzmerl83: tasks 32-35: Exited with exit code 127
srun: error: rzmerl119: tasks 56-59: Exited with exit code 127
srun: error: rzmerl86: tasks 44-47: Exited with exit code 127
nodes=16 ntasks=128
+ export BLR_BENCHMARK=/g/g24/rountree/local/src/power/bmark/NAS/bin/cg.D.128
+ BLR_BENCHMARK=/g/g24/rountree/local/src/power/bmark/NAS/bin/cg.D.128
++ date +%Y_%m_%d_%H_%M_%S_%N
+ name=2012_04_11_12_39_31_068127476
+ mkdir 2012_04_11_12_39_31_068127476
+ cd 2012_04_11_12_39_31_068127476
+ touch out.dat
+ env
+ hostname
+ echo 2012_04_11_12_39_31_068127476
+ uname -a
+ srun --nodes=1 --ntasks=1 -ppbatch cat /proc/cpuinfo
+ grep MHz
+ echo 'cores: 128'
+ echo 'nodes: 16'
+ srun --nodes=16 --ntasks=128 -ppbatch -e cg.err -o out.dat --cpu_bind=sockets ../cgCL.sh 128
srun: error: rzmerl60: tasks 8-15: Exited with exit code 127
srun: error: rzmerl85: tasks 80-87: Exited with exit code 127
srun: error: rzmerl61: tasks 16-23: Exited with exit code 127
srun: error: rzmerl79: tasks 32-39: Exited with exit code 127
srun: error: rzmerl82: tasks 56-63: Exited with exit code 127
srun: error: rzmerl119: tasks 112-119: Exited with exit code 127
srun: error: rzmerl81: tasks 48-55: Exited with exit code 127
srun: error: rzmerl78: tasks 24-31: Exited with exit code 127
srun: error: rzmerl80: tasks 40-47: Exited with exit code 127
srun: error: rzmerl87: tasks 96-103: Exited with exit code 127
srun: error: rzmerl86: tasks 88-95: Exited with exit code 127
srun: error: rzmerl83: tasks 64-71: Exited with exit code 127
srun: error: rzmerl88: tasks 104-111: Exited with exit code 127
srun: error: rzmerl123: tasks 120-127: Exited with exit code 127
srun: error: rzmerl84: tasks 72-79: Exited with exit code 127
srun: error: rzmerl59: tasks 0-7: Exited with exit code 127
nodes=16 ntasks=256
+ export BLR_BENCHMARK=/g/g24/rountree/local/src/power/bmark/NAS/bin/cg.D.256
+ BLR_BENCHMARK=/g/g24/rountree/local/src/power/bmark/NAS/bin/cg.D.256
++ date +%Y_%m_%d_%H_%M_%S_%N
+ name=2012_04_11_12_39_31_468878943
+ mkdir 2012_04_11_12_39_31_468878943
+ cd 2012_04_11_12_39_31_468878943
+ touch out.dat
+ env
+ hostname
+ echo 2012_04_11_12_39_31_468878943
+ uname -a
+ srun --nodes=1 --ntasks=1 -ppbatch cat /proc/cpuinfo
+ grep MHz
+ echo 'cores: 256'
+ echo 'nodes: 16'
+ srun --nodes=16 --ntasks=256 -ppbatch -e cg.err -o out.dat --cpu_bind=sockets ../cgCL.sh 256
srun: error: rzmerl123: tasks 240-255: Exited with exit code 127
srun: error: rzmerl61: tasks 32-47: Exited with exit code 127
srun: error: rzmerl87: tasks 192-207: Exited with exit code 127
srun: error: rzmerl83: tasks 128-143: Exited with exit code 127
srun: error: rzmerl119: tasks 224-239: Exited with exit code 127
srun: error: rzmerl59: tasks 0-15: Exited with exit code 127
srun: error: rzmerl88: tasks 208-223: Exited with exit code 127
srun: error: rzmerl60: tasks 16-31: Exited with exit code 127
srun: error: rzmerl78: tasks 48-63: Exited with exit code 127
srun: error: rzmerl81: tasks 96-111: Exited with exit code 127
srun: error: rzmerl84: tasks 144-159: Exited with exit code 127
srun: error: rzmerl80: tasks 80-95: Exited with exit code 127
srun: error: rzmerl79: tasks 64-79: Exited with exit code 127
srun: error: rzmerl85: tasks 160-175: Exited with exit code 127
srun: error: rzmerl86: tasks 176-191: Exited with exit code 127
srun: error: rzmerl82: tasks 112-127: Exited with exit code 127
nodes=16 ntasks=64
+ export BLR_BENCHMARK=/g/g24/rountree/local/src/power/bmark/NAS/bin/cg.D.64
+ BLR_BENCHMARK=/g/g24/rountree/local/src/power/bmark/NAS/bin/cg.D.64
++ date +%Y_%m_%d_%H_%M_%S_%N
+ name=2012_04_11_12_39_31_908261063
+ mkdir 2012_04_11_12_39_31_908261063
+ cd 2012_04_11_12_39_31_908261063
+ touch out.dat
+ env
+ hostname
+ echo 2012_04_11_12_39_31_908261063
+ uname -a
+ srun --nodes=1 --ntasks=1 -ppbatch cat /proc/cpuinfo
+ grep MHz
+ echo 'cores: 64'
+ echo 'nodes: 16'
+ srun --nodes=16 --ntasks=64 -ppbatch -e cg.err -o out.dat --cpu_bind=sockets ../cgCL.sh 64
srun: error: rzmerl82: tasks 28-31: Exited with exit code 127
srun: error: rzmerl88: tasks 52-55: Exited with exit code 127
srun: error: rzmerl60: tasks 4-7: Exited with exit code 127
srun: error: rzmerl78: tasks 12-15: Exited with exit code 127
srun: error: rzmerl59: tasks 0-3: Exited with exit code 127
srun: error: rzmerl84: tasks 36-39: Exited with exit code 127
srun: error: rzmerl79: tasks 16-19: Exited with exit code 127
srun: error: rzmerl81: tasks 24-27: Exited with exit code 127
srun: error: rzmerl80: tasks 20-23: Exited with exit code 127
srun: error: rzmerl86: tasks 44-47: Exited with exit code 127
srun: error: rzmerl85: tasks 40-43: Exited with exit code 127
srun: error: rzmerl119: tasks 56-59: Exited with exit code 127
srun: error: rzmerl123: tasks 60-63: Exited with exit code 127
srun: error: rzmerl61: tasks 8-11: Exited with exit code 127
srun: error: rzmerl83: tasks 32-35: Exited with exit code 127
srun: error: rzmerl87: tasks 48-51: Exited with exit code 127
nodes=16 ntasks=128
+ export BLR_BENCHMARK=/g/g24/rountree/local/src/power/bmark/NAS/bin/cg.D.128
+ BLR_BENCHMARK=/g/g24/rountree/local/src/power/bmark/NAS/bin/cg.D.128
++ date +%Y_%m_%d_%H_%M_%S_%N
+ name=2012_04_11_12_39_32_274478887
+ mkdir 2012_04_11_12_39_32_274478887
+ cd 2012_04_11_12_39_32_274478887
+ touch out.dat
+ env
+ hostname
+ echo 2012_04_11_12_39_32_274478887
+ uname -a
+ srun --nodes=1 --ntasks=1 -ppbatch cat /proc/cpuinfo
+ grep MHz
+ echo 'cores: 128'
+ echo 'nodes: 16'
+ srun --nodes=16 --ntasks=128 -ppbatch -e cg.err -o out.dat --cpu_bind=sockets ../cgCL.sh 128
srun: error: rzmerl60: tasks 8-15: Exited with exit code 127
srun: error: rzmerl61: tasks 16-23: Exited with exit code 127
srun: error: rzmerl78: tasks 24-31: Exited with exit code 127
srun: error: rzmerl80: tasks 40-47: Exited with exit code 127
srun: error: rzmerl82: tasks 56-63: Exited with exit code 127
srun: error: rzmerl81: tasks 48-55: Exited with exit code 127
srun: error: rzmerl85: tasks 80-87: Exited with exit code 127
srun: error: rzmerl83: tasks 64-71: Exited with exit code 127
srun: error: rzmerl86: tasks 88-95: Exited with exit code 127
srun: error: rzmerl123: tasks 120-127: Exited with exit code 127
srun: error: rzmerl88: tasks 104-111: Exited with exit code 127
srun: error: rzmerl119: tasks 112-119: Exited with exit code 127
srun: error: rzmerl59: tasks 0-7: Exited with exit code 127
srun: error: rzmerl79: tasks 32-39: Exited with exit code 127
srun: error: rzmerl84: tasks 72-79: Exited with exit code 127
srun: error: rzmerl87: tasks 96-103: Exited with exit code 127
nodes=16 ntasks=256
+ export BLR_BENCHMARK=/g/g24/rountree/local/src/power/bmark/NAS/bin/cg.D.256
+ BLR_BENCHMARK=/g/g24/rountree/local/src/power/bmark/NAS/bin/cg.D.256
++ date +%Y_%m_%d_%H_%M_%S_%N
+ name=2012_04_11_12_39_32_674080363
+ mkdir 2012_04_11_12_39_32_674080363
+ cd 2012_04_11_12_39_32_674080363
+ touch out.dat
+ env
+ hostname
+ echo 2012_04_11_12_39_32_674080363
+ uname -a
+ srun --nodes=1 --ntasks=1 -ppbatch cat /proc/cpuinfo
+ grep MHz
+ echo 'cores: 256'
+ echo 'nodes: 16'
+ srun --nodes=16 --ntasks=256 -ppbatch -e cg.err -o out.dat --cpu_bind=sockets ../cgCL.sh 256
srun: error: rzmerl80: tasks 80-95: Exited with exit code 127
srun: error: rzmerl59: tasks 0-15: Exited with exit code 127
srun: error: rzmerl81: tasks 96-111: Exited with exit code 127
srun: error: rzmerl85: tasks 160-175: Exited with exit code 127
srun: error: rzmerl86: tasks 176-191: Exited with exit code 127
srun: error: rzmerl79: tasks 64-79: Exited with exit code 127
srun: error: rzmerl61: tasks 32-47: Exited with exit code 127
srun: error: rzmerl78: tasks 48-63: Exited with exit code 127
srun: error: rzmerl84: tasks 144-159: Exited with exit code 127
srun: error: rzmerl87: tasks 192-207: Exited with exit code 127
srun: error: rzmerl83: tasks 128-143: Exited with exit code 127
srun: error: rzmerl88: tasks 208-223: Exited with exit code 127
srun: error: rzmerl60: tasks 16-31: Exited with exit code 127
srun: error: rzmerl123: tasks 240-255: Exited with exit code 127
srun: error: rzmerl82: tasks 112-127: Exited with exit code 127
srun: error: rzmerl119: tasks 224-239: Exited with exit code 127
Resetting now...
