(c) Copyright 1996-2007 Regents of University of California
MPI ID:PID MAPPING          0:     22681
MPI ID:PID MAPPING          0:     22681

IRS Sequoia Benchmark Version 1.0

NCPUS not specified, assuming NCPUS is equal to NDOMS.  Setting NCPUS to 64


NZONES_PER_DOM_SIDE not specified, defaulting to 25 zones per domain side


User Specified NDOMS = 64
User Specified NCPUS = 64
User Specified NZONES_PER_DOM_SIDE = 25

Deck Calculated NDOMS_PER_SIDE = 4
Deck Calculated ZONES_PER_SIDE = 100

Ratio of real zones to total zones - 0.640658

Total number of domains is   64.
Largest  domain is    0 with      15625 zones.
Smallest domain is    0 with      15625 zones.
Average domain has      15625 zones.

Total number of zones     1000000.

 
generation completed
 
 
INITIAL Setup NCPUS                  = 64
INITIAL Setup NZONES PER DOMAIN SIDE = 25
INITIAL Setup ZONES PER DOMAIN       = 15625
INITIAL Setup TOTAL NDOMS            = 64
INITIAL Setup TOTAL ZONECOUNT        = 1000000
INITIAL Setup TOTAL NDOMS PER SIDE   = 4
INITIAL Setup TOTAL ZONES PER SIDE   = 100
 
-----------------------------
rdifit - 0
time = 0.000000e+00 cycle = 0 subcycle = 0 dtc:0(-1,-1,-1) = 1.000000e-04
-----------------------------
xmain max wall sec = 0.000000000e+00
-----------------------------
rdifit - 373
time = 1.000000e-04 cycle = 1 subcycle = 1 dtr:0(1,1,1) = 1.504934e-05
-----------------------------
-----------------------------
rdifit - 194
time = 1.150493e-04 cycle = 2 subcycle = 2 dt0:0(2,18,83) = 1.805921e-05
-----------------------------
Stop cycle reached
time = 1.331086e-04 cycle = 3 subcycle = 3 dt0:0(24,100,100) = 2.167106e-05
-----------------------------
rdifit - 204
time = 1.331086e-04 cycle = 3 subcycle = 3 dt0:0(24,100,100) = 2.167106e-05
-----------------------------
 
 
BENCHMARK microseconds per zone-iteration = 2.9302204928664e-05
BENCHMARK FOM = 2184135977337.1
BENCHMARK CORRECTNESS : PASSED

wall        time used: 8.330000e-04 seconds
total   cpu time used: 4.060000e+00 seconds
physics cpu time used: 3.520000e+00 seconds
Total zones 1.000000e+06.
Average physics time 3.523693e+00 +/- 1.872509e-06 seconds.
Timer resolution 1.000000e-06 seconds.
Min physics time 3.523670e+00 seconds.
Max physics time 3.523720e+00 seconds.
Overall Microseconds/zone/cycle 1.174573e+00.
Average Microseconds/zone/cycle 1.174564e+00 +/- 6.241697e-07.
MSR_RANK_MOD is 16
MSR_RANK_MOD is 16
MSR_PKG_POWER_LIMIT is 229896
MSR_PP0_POWER_LIMIT is 0
MSR_DRAM_POWER_LIMIT is 229536
MSR_RANK_MOD is 16
MSR_PKG_POWER_LIMIT is 229896
MSR_PP0_POWER_LIMIT is 0
MSR_DRAM_POWER_LIMIT is 229536
MSR_RANK_MOD is 16
MSR_RANK_MOD is 16
MSR_PKG_POWER_LIMIT is 229896
MSR_PP0_POWER_LIMIT is 0
MSR_DRAM_POWER_LIMIT is 229536
MSR_RANK_MOD is 16
MSR_PKG_POWER_LIMIT is 229896
MSR_PP0_POWER_LIMIT is 0
MSR_DRAM_POWER_LIMIT is 229536
MSR_RANK_MOD is 16
MSR_PKG_POWER_LIMIT is 229896
MSR_PP0_POWER_LIMIT is 0
MSR_DRAM_POWER_LIMIT is 229536
MSR_RANK_MOD is 16
MSR_RANK_MOD is 16
MSR_PKG_POWER_LIMIT is 229896
MSR_PP0_POWER_LIMIT is 0
MSR_DRAM_POWER_LIMIT is 229536
MSR_RANK_MOD is 16
MSR_PKG_POWER_LIMIT is 229896
MSR_PP0_POWER_LIMIT is 0
MSR_DRAM_POWER_LIMIT is 229536
MSR_RANK_MOD is 16
MSR_PKG_POWER_LIMIT is 229896
MSR_PP0_POWER_LIMIT is 0
MSR_DRAM_POWER_LIMIT is 229536
MSR_RANK_MOD is 16
MSR_PKG_POWER_LIMIT is 229896
MSR_PP0_POWER_LIMIT is 0
MSR_DRAM_POWER_LIMIT is 229536
MSR_RANK_MOD is 16
MSR_PKG_POWER_LIMIT is 229896
MSR_PP0_POWER_LIMIT is 0
MSR_DRAM_POWER_LIMIT is 229536
MSR_RANK_MOD is 16
MSR_PKG_POWER_LIMIT is 229896
MSR_PP0_POWER_LIMIT is 0
MSR_DRAM_POWER_LIMIT is 229536
MSR_RANK_MOD is 16
MSR_PKG_POWER_LIMIT is 229896
MSR_PP0_POWER_LIMIT is 0
MSR_DRAM_POWER_LIMIT is 229536
MSR_RANK_MOD is 16
MSR_PKG_POWER_LIMIT is 229896
MSR_PP0_POWER_LIMIT is 0
MSR_DRAM_POWER_LIMIT is 229536
MSR_RANK_MOD is 16
MSR_PKG_POWER_LIMIT is 229896
MSR_PP0_POWER_LIMIT is 0
MSR_DRAM_POWER_LIMIT is 229536
MSR_RANK_MOD is 16
MSR_PKG_POWER_LIMIT is 229896
MSR_PP0_POWER_LIMIT is 0
MSR_DRAM_POWER_LIMIT is 229536
MSR_RANK_MOD is 16
MSR_PKG_POWER_LIMIT is 229896
MSR_PP0_POWER_LIMIT is 0
MSR_DRAM_POWER_LIMIT is 229536
MSR_RANK_MOD is 16
MSR_PKG_POWER_LIMIT is 229896
MSR_PP0_POWER_LIMIT is 0
MSR_DRAM_POWER_LIMIT is 229536
MSR_RANK_MOD is 16
MSR_PKG_POWER_LIMIT is 229896
MSR_PP0_POWER_LIMIT is 0
MSR_DRAM_POWER_LIMIT is 229536
MSR_RANK_MOD is 16
MSR_PKG_POWER_LIMIT is 229896
MSR_PP0_POWER_LIMIT is 0
MSR_DRAM_POWER_LIMIT is 229536
MSR_RANK_MOD is 16
MSR_PKG_POWER_LIMIT is 229896
MSR_PP0_POWER_LIMIT is 0
MSR_DRAM_POWER_LIMIT is 229536
MSR_RANK_MOD is 16
MSR_PKG_POWER_LIMIT is 229896
MSR_PP0_POWER_LIMIT is 0
MSR_DRAM_POWER_LIMIT is 229536
MSR_RANK_MOD is 16
MSR_PKG_POWER_LIMIT is 229896
MSR_PP0_POWER_LIMIT is 0
MSR_DRAM_POWER_LIMIT is 229536
MSR_RANK_MOD is 16
MSR_PKG_POWER_LIMIT is 229896
MSR_PP0_POWER_LIMIT is 0
MSR_DRAM_POWER_LIMIT is 229536
MSR_RANK_MOD is 16
MSR_PKG_POWER_LIMIT is 229896
MSR_PP0_POWER_LIMIT is 0
MSR_DRAM_POWER_LIMIT is 229536
MSR_RANK_MOD is 16
MSR_PKG_POWER_LIMIT is 229896
MSR_PP0_POWER_LIMIT is 0
MSR_DRAM_POWER_LIMIT is 229536
MSR_RANK_MOD is 16
MSR_PKG_POWER_LIMIT is 229896
MSR_PP0_POWER_LIMIT is 0
MSR_DRAM_POWER_LIMIT is 229536
MSR_RANK_MOD is 16
MSR_PKG_POWER_LIMIT is 229896
MSR_PP0_POWER_LIMIT is 0
MSR_DRAM_POWER_LIMIT is 229536
MSR_RANK_MOD is 16
MSR_PKG_POWER_LIMIT is 229896
MSR_PP0_POWER_LIMIT is 0
MSR_DRAM_POWER_LIMIT is 229536
MSR_RANK_MOD is 16
MSR_PKG_POWER_LIMIT is 229896
MSR_PP0_POWER_LIMIT is 0
MSR_DRAM_POWER_LIMIT is 229536
MSR_RANK_MOD is 16
MSR_PKG_POWER_LIMIT is 229896
MSR_PP0_POWER_LIMIT is 0
MSR_DRAM_POWER_LIMIT is 229536
MSR_RANK_MOD is 16
MSR_PKG_POWER_LIMIT is 229896
MSR_PP0_POWER_LIMIT is 0
MSR_DRAM_POWER_LIMIT is 229536
MSR_RANK_MOD is 16
MSR_PKG_POWER_LIMIT is 229896
MSR_PP0_POWER_LIMIT is 0
MSR_DRAM_POWER_LIMIT is 229536
MSR_RANK_MOD is 16
MSR_PKG_POWER_LIMIT is 229896
MSR_PP0_POWER_LIMIT is 0
MSR_DRAM_POWER_LIMIT is 229536
MSR_RANK_MOD is 16
MSR_PKG_POWER_LIMIT is 229896
MSR_PP0_POWER_LIMIT is 0
MSR_DRAM_POWER_LIMIT is 229536
MSR_RANK_MOD is 16
MSR_PKG_POWER_LIMIT is 229896
MSR_PP0_POWER_LIMIT is 0
MSR_DRAM_POWER_LIMIT is 229536
MSR_RANK_MOD is 16
MSR_PKG_POWER_LIMIT is 229896
MSR_PP0_POWER_LIMIT is 0
MSR_DRAM_POWER_LIMIT is 229536
MSR_RANK_MOD is 16
MSR_PKG_POWER_LIMIT is 229896
MSR_PP0_POWER_LIMIT is 0
MSR_DRAM_POWER_LIMIT is 229536
MSR_RANK_MOD is 16
MSR_PKG_POWER_LIMIT is 229896
MSR_PP0_POWER_LIMIT is 0
MSR_DRAM_POWER_LIMIT is 229536
MSR_RANK_MOD is 16
MSR_PKG_POWER_LIMIT is 229896
MSR_PP0_POWER_LIMIT is 0
MSR_DRAM_POWER_LIMIT is 229536
MSR_RANK_MOD is 16
MSR_PKG_POWER_LIMIT is 229896
MSR_PP0_POWER_LIMIT is 0
MSR_DRAM_POWER_LIMIT is 229536
MSR_RANK_MOD is 16
MSR_PKG_POWER_LIMIT is 229896
MSR_PP0_POWER_LIMIT is 0
MSR_DRAM_POWER_LIMIT is 229536
MSR_RANK_MOD is 16
MSR_PKG_POWER_LIMIT is 229896
MSR_PP0_POWER_LIMIT is 0
MSR_DRAM_POWER_LIMIT is 229536
MSR_RANK_MOD is 16
MSR_PKG_POWER_LIMIT is 229896
MSR_PP0_POWER_LIMIT is 0
MSR_DRAM_POWER_LIMIT is 229536
MSR_RANK_MOD is 16
MSR_PKG_POWER_LIMIT is 229896
MSR_PP0_POWER_LIMIT is 0
MSR_DRAM_POWER_LIMIT is 229536
MSR_RANK_MOD is 16
MSR_PKG_POWER_LIMIT is 229896
MSR_PP0_POWER_LIMIT is 0
MSR_DRAM_POWER_LIMIT is 229536
MSR_RANK_MOD is 16
MSR_PKG_POWER_LIMIT is 229896
MSR_PP0_POWER_LIMIT is 0
MSR_DRAM_POWER_LIMIT is 229536
MSR_RANK_MOD is 16
MSR_PKG_POWER_LIMIT is 229896
MSR_PP0_POWER_LIMIT is 0
MSR_DRAM_POWER_LIMIT is 229536
MSR_RANK_MOD is 16
MSR_PKG_POWER_LIMIT is 229896
MSR_PP0_POWER_LIMIT is 0
MSR_DRAM_POWER_LIMIT is 229536
MSR_RANK_MOD is 16
MSR_PKG_POWER_LIMIT is 229896
MSR_PP0_POWER_LIMIT is 0
MSR_DRAM_POWER_LIMIT is 229536
MSR_RANK_MOD is 16
MSR_PKG_POWER_LIMIT is 229896
MSR_PP0_POWER_LIMIT is 0
MSR_DRAM_POWER_LIMIT is 229536
MSR_RANK_MOD is 16
MSR_PKG_POWER_LIMIT is 229896
MSR_PP0_POWER_LIMIT is 0
MSR_DRAM_POWER_LIMIT is 229536
MSR_RANK_MOD is 16
MSR_PKG_POWER_LIMIT is 229896
MSR_PP0_POWER_LIMIT is 0
MSR_DRAM_POWER_LIMIT is 229536
MSR_RANK_MOD is 16
MSR_PKG_POWER_LIMIT is 229896
MSR_PP0_POWER_LIMIT is 0
MSR_DRAM_POWER_LIMIT is 229536
MSR_RANK_MOD is 16
MSR_PKG_POWER_LIMIT is 229896
MSR_PP0_POWER_LIMIT is 0
MSR_DRAM_POWER_LIMIT is 229536
MSR_RANK_MOD is 16
MSR_PKG_POWER_LIMIT is 229896
MSR_PP0_POWER_LIMIT is 0
MSR_DRAM_POWER_LIMIT is 229536
MSR_PKG_POWER_LIMIT is 229896
MSR_PP0_POWER_LIMIT is 0
MSR_DRAM_POWER_LIMIT is 229536
MSR_RANK_MOD is 16
MSR_PKG_POWER_LIMIT is 229896
MSR_PP0_POWER_LIMIT is 0
MSR_DRAM_POWER_LIMIT is 229536
MSR_RANK_MOD is 16
MSR_PKG_POWER_LIMIT is 229896
MSR_PP0_POWER_LIMIT is 0
MSR_DRAM_POWER_LIMIT is 229536
MSR_RANK_MOD is 16
MSR_PKG_POWER_LIMIT is 229896
MSR_PP0_POWER_LIMIT is 0
MSR_DRAM_POWER_LIMIT is 229536
MSR_RANK_MOD is 16
MSR_PKG_POWER_LIMIT is 229896
MSR_PP0_POWER_LIMIT is 0
MSR_DRAM_POWER_LIMIT is 229536
MSR_PKG_POWER_LIMIT is 229896
MSR_PP0_POWER_LIMIT is 0
MSR_DRAM_POWER_LIMIT is 229536
MSR_RANK_MOD is 16
MSR_PKG_POWER_LIMIT is 229896
MSR_PP0_POWER_LIMIT is 0
MSR_DRAM_POWER_LIMIT is 229536
MSR_RANK_MOD is 16
MSR_PKG_POWER_LIMIT is 229896
MSR_PP0_POWER_LIMIT is 0
MSR_DRAM_POWER_LIMIT is 229536
MSR_PKG_POWER_LIMIT is 229896
MSR_PP0_POWER_LIMIT is 0
MSR_DRAM_POWER_LIMIT is 229536
(c) Copyright 1996-2007 Regents of University of California
MPI ID:PID MAPPING          0:     25284
MPI ID:PID MAPPING          0:     25284

IRS Sequoia Benchmark Version 1.0

NCPUS not specified, assuming NCPUS is equal to NDOMS.  Setting NCPUS to 64


NZONES_PER_DOM_SIDE not specified, defaulting to 25 zones per domain side


User Specified NDOMS = 64
User Specified NCPUS = 64
User Specified NZONES_PER_DOM_SIDE = 25

Deck Calculated NDOMS_PER_SIDE = 4
Deck Calculated ZONES_PER_SIDE = 100

Ratio of real zones to total zones - 0.640658

Total number of domains is   64.
Largest  domain is    0 with      15625 zones.
Smallest domain is    0 with      15625 zones.
Average domain has      15625 zones.

Total number of zones     1000000.

 
generation completed
 
 
INITIAL Setup NCPUS                  = 64
INITIAL Setup NZONES PER DOMAIN SIDE = 25
INITIAL Setup ZONES PER DOMAIN       = 15625
INITIAL Setup TOTAL NDOMS            = 64
INITIAL Setup TOTAL ZONECOUNT        = 1000000
INITIAL Setup TOTAL NDOMS PER SIDE   = 4
INITIAL Setup TOTAL ZONES PER SIDE   = 100
 
-----------------------------
rdifit - 0
time = 0.000000e+00 cycle = 0 subcycle = 0 dtc:0(-1,-1,-1) = 1.000000e-04
-----------------------------
xmain max wall sec = 0.000000000e+00
-----------------------------
rdifit - 373
time = 1.000000e-04 cycle = 1 subcycle = 1 dtr:0(1,1,1) = 1.504934e-05
-----------------------------
-----------------------------
rdifit - 194
time = 1.150493e-04 cycle = 2 subcycle = 2 dt0:0(2,18,83) = 1.805921e-05
-----------------------------
Stop cycle reached
time = 1.331086e-04 cycle = 3 subcycle = 3 dt0:0(24,100,100) = 2.167106e-05
-----------------------------
rdifit - 204
time = 1.331086e-04 cycle = 3 subcycle = 3 dt0:0(24,100,100) = 2.167106e-05
-----------------------------
 
 
BENCHMARK microseconds per zone-iteration = 2.9385214007782e-05
BENCHMARK FOM = 2177966101694.9
BENCHMARK CORRECTNESS : PASSED

wall        time used: 7.730000e-04 seconds
total   cpu time used: 4.090000e+00 seconds
physics cpu time used: 3.530000e+00 seconds
Total zones 1.000000e+06.
Average physics time 3.533068e+00 +/- 1.505295e-06 seconds.
Timer resolution 1.000000e-06 seconds.
Min physics time 3.533050e+00 seconds.
Max physics time 3.533101e+00 seconds.
Overall Microseconds/zone/cycle 1.177700e+00.
Average Microseconds/zone/cycle 1.177689e+00 +/- 5.017649e-07.
MSR_RANK_MOD is 16
MSR_PKG_POWER_LIMIT is 229896
MSR_PP0_POWER_LIMIT is 0
MSR_DRAM_POWER_LIMIT is 229536
MSR_RANK_MOD is 16
MSR_RANK_MOD is 16
MSR_PKG_POWER_LIMIT is 229896
MSR_PP0_POWER_LIMIT is 0
MSR_DRAM_POWER_LIMIT is 229536
MSR_RANK_MOD is 16
MSR_PKG_POWER_LIMIT is 229896
MSR_PP0_POWER_LIMIT is 0
MSR_DRAM_POWER_LIMIT is 229536
MSR_RANK_MOD is 16
MSR_PKG_POWER_LIMIT is 229896
MSR_PP0_POWER_LIMIT is 0
MSR_DRAM_POWER_LIMIT is 229536
MSR_RANK_MOD is 16
MSR_PKG_POWER_LIMIT is 229896
MSR_PP0_POWER_LIMIT is 0
MSR_DRAM_POWER_LIMIT is 229536
MSR_RANK_MOD is 16
MSR_PKG_POWER_LIMIT is 229896
MSR_PP0_POWER_LIMIT is 0
MSR_DRAM_POWER_LIMIT is 229536
MSR_RANK_MOD is 16
MSR_PKG_POWER_LIMIT is 229896
MSR_PP0_POWER_LIMIT is 0
MSR_DRAM_POWER_LIMIT is 229536
MSR_RANK_MOD is 16
MSR_PKG_POWER_LIMIT is 229896
MSR_PP0_POWER_LIMIT is 0
MSR_DRAM_POWER_LIMIT is 229536
MSR_RANK_MOD is 16
MSR_PKG_POWER_LIMIT is 229896
MSR_PP0_POWER_LIMIT is 0
MSR_DRAM_POWER_LIMIT is 229536
MSR_RANK_MOD is 16
MSR_PKG_POWER_LIMIT is 229896
MSR_PP0_POWER_LIMIT is 0
MSR_DRAM_POWER_LIMIT is 229536
MSR_RANK_MOD is 16
MSR_PKG_POWER_LIMIT is 229896
MSR_PP0_POWER_LIMIT is 0
MSR_DRAM_POWER_LIMIT is 229536
MSR_RANK_MOD is 16
MSR_PKG_POWER_LIMIT is 229896
MSR_PP0_POWER_LIMIT is 0
MSR_DRAM_POWER_LIMIT is 229536
MSR_RANK_MOD is 16
MSR_PKG_POWER_LIMIT is 229896
MSR_PP0_POWER_LIMIT is 0
MSR_DRAM_POWER_LIMIT is 229536
MSR_RANK_MOD is 16
MSR_PKG_POWER_LIMIT is 229896
MSR_PP0_POWER_LIMIT is 0
MSR_DRAM_POWER_LIMIT is 229536
MSR_RANK_MOD is 16
MSR_PKG_POWER_LIMIT is 229896
MSR_PP0_POWER_LIMIT is 0
MSR_DRAM_POWER_LIMIT is 229536
MSR_RANK_MOD is 16
MSR_PKG_POWER_LIMIT is 229896
MSR_PP0_POWER_LIMIT is 0
MSR_DRAM_POWER_LIMIT is 229536
MSR_RANK_MOD is 16
MSR_PKG_POWER_LIMIT is 229896
MSR_PP0_POWER_LIMIT is 0
MSR_DRAM_POWER_LIMIT is 229536
MSR_RANK_MOD is 16
MSR_PKG_POWER_LIMIT is 229896
MSR_PP0_POWER_LIMIT is 0
MSR_DRAM_POWER_LIMIT is 229536
MSR_RANK_MOD is 16
MSR_PKG_POWER_LIMIT is 229896
MSR_PP0_POWER_LIMIT is 0
MSR_DRAM_POWER_LIMIT is 229536
MSR_RANK_MOD is 16
MSR_PKG_POWER_LIMIT is 229896
MSR_PP0_POWER_LIMIT is 0
MSR_DRAM_POWER_LIMIT is 229536
MSR_RANK_MOD is 16
MSR_PKG_POWER_LIMIT is 229896
MSR_PP0_POWER_LIMIT is 0
MSR_DRAM_POWER_LIMIT is 229536
MSR_RANK_MOD is 16
MSR_PKG_POWER_LIMIT is 229896
MSR_PP0_POWER_LIMIT is 0
MSR_DRAM_POWER_LIMIT is 229536
MSR_RANK_MOD is 16
MSR_PKG_POWER_LIMIT is 229896
MSR_PP0_POWER_LIMIT is 0
MSR_DRAM_POWER_LIMIT is 229536
MSR_RANK_MOD is 16
MSR_PKG_POWER_LIMIT is 229896
MSR_PP0_POWER_LIMIT is 0
MSR_DRAM_POWER_LIMIT is 229536
MSR_RANK_MOD is 16
MSR_PKG_POWER_LIMIT is 229896
MSR_PP0_POWER_LIMIT is 0
MSR_DRAM_POWER_LIMIT is 229536
MSR_RANK_MOD is 16
MSR_PKG_POWER_LIMIT is 229896
MSR_PP0_POWER_LIMIT is 0
MSR_DRAM_POWER_LIMIT is 229536
MSR_RANK_MOD is 16
MSR_PKG_POWER_LIMIT is 229896
MSR_PP0_POWER_LIMIT is 0
MSR_DRAM_POWER_LIMIT is 229536
MSR_RANK_MOD is 16
MSR_PKG_POWER_LIMIT is 229896
MSR_PP0_POWER_LIMIT is 0
MSR_DRAM_POWER_LIMIT is 229536
MSR_RANK_MOD is 16
MSR_PKG_POWER_LIMIT is 229896
MSR_PP0_POWER_LIMIT is 0
MSR_DRAM_POWER_LIMIT is 229536
MSR_RANK_MOD is 16
MSR_PKG_POWER_LIMIT is 229896
MSR_PP0_POWER_LIMIT is 0
MSR_DRAM_POWER_LIMIT is 229536
MSR_RANK_MOD is 16
MSR_PKG_POWER_LIMIT is 229896
MSR_PP0_POWER_LIMIT is 0
MSR_DRAM_POWER_LIMIT is 229536
MSR_RANK_MOD is 16
MSR_PKG_POWER_LIMIT is 229896
MSR_PP0_POWER_LIMIT is 0
MSR_DRAM_POWER_LIMIT is 229536
MSR_RANK_MOD is 16
MSR_PKG_POWER_LIMIT is 229896
MSR_PP0_POWER_LIMIT is 0
MSR_DRAM_POWER_LIMIT is 229536
MSR_RANK_MOD is 16
MSR_PKG_POWER_LIMIT is 229896
MSR_PP0_POWER_LIMIT is 0
MSR_DRAM_POWER_LIMIT is 229536
MSR_RANK_MOD is 16
MSR_PKG_POWER_LIMIT is 229896
MSR_PP0_POWER_LIMIT is 0
MSR_DRAM_POWER_LIMIT is 229536
MSR_RANK_MOD is 16
MSR_PKG_POWER_LIMIT is 229896
MSR_PP0_POWER_LIMIT is 0
MSR_DRAM_POWER_LIMIT is 229536
MSR_RANK_MOD is 16
MSR_PKG_POWER_LIMIT is 229896
MSR_PP0_POWER_LIMIT is 0
MSR_DRAM_POWER_LIMIT is 229536
MSR_RANK_MOD is 16
MSR_PKG_POWER_LIMIT is 229896
MSR_PP0_POWER_LIMIT is 0
MSR_DRAM_POWER_LIMIT is 229536
MSR_RANK_MOD is 16
MSR_PKG_POWER_LIMIT is 229896
MSR_PP0_POWER_LIMIT is 0
MSR_DRAM_POWER_LIMIT is 229536
MSR_RANK_MOD is 16
MSR_PKG_POWER_LIMIT is 229896
MSR_PP0_POWER_LIMIT is 0
MSR_DRAM_POWER_LIMIT is 229536
MSR_RANK_MOD is 16
MSR_PKG_POWER_LIMIT is 229896
MSR_PP0_POWER_LIMIT is 0
MSR_DRAM_POWER_LIMIT is 229536
MSR_RANK_MOD is 16
MSR_PKG_POWER_LIMIT is 229896
MSR_PP0_POWER_LIMIT is 0
MSR_DRAM_POWER_LIMIT is 229536
MSR_RANK_MOD is 16
MSR_PKG_POWER_LIMIT is 229896
MSR_PP0_POWER_LIMIT is 0
MSR_DRAM_POWER_LIMIT is 229536
MSR_RANK_MOD is 16
MSR_PKG_POWER_LIMIT is 229896
MSR_PP0_POWER_LIMIT is 0
MSR_DRAM_POWER_LIMIT is 229536
MSR_RANK_MOD is 16
MSR_PKG_POWER_LIMIT is 229896
MSR_PP0_POWER_LIMIT is 0
MSR_DRAM_POWER_LIMIT is 229536
MSR_RANK_MOD is 16
MSR_PKG_POWER_LIMIT is 229896
MSR_PP0_POWER_LIMIT is 0
MSR_DRAM_POWER_LIMIT is 229536
MSR_RANK_MOD is 16
MSR_PKG_POWER_LIMIT is 229896
MSR_PP0_POWER_LIMIT is 0
MSR_DRAM_POWER_LIMIT is 229536
MSR_RANK_MOD is 16
MSR_PKG_POWER_LIMIT is 229896
MSR_PP0_POWER_LIMIT is 0
MSR_DRAM_POWER_LIMIT is 229536
MSR_RANK_MOD is 16
MSR_PKG_POWER_LIMIT is 229896
MSR_PP0_POWER_LIMIT is 0
MSR_DRAM_POWER_LIMIT is 229536
MSR_RANK_MOD is 16
MSR_PKG_POWER_LIMIT is 229896
MSR_PP0_POWER_LIMIT is 0
MSR_DRAM_POWER_LIMIT is 229536
MSR_RANK_MOD is 16
MSR_PKG_POWER_LIMIT is 229896
MSR_PP0_POWER_LIMIT is 0
MSR_DRAM_POWER_LIMIT is 229536
MSR_RANK_MOD is 16
MSR_PKG_POWER_LIMIT is 229896
MSR_PP0_POWER_LIMIT is 0
MSR_DRAM_POWER_LIMIT is 229536
MSR_RANK_MOD is 16
MSR_PKG_POWER_LIMIT is 229896
MSR_PP0_POWER_LIMIT is 0
MSR_DRAM_POWER_LIMIT is 229536
MSR_RANK_MOD is 16
MSR_PKG_POWER_LIMIT is 229896
MSR_PP0_POWER_LIMIT is 0
MSR_DRAM_POWER_LIMIT is 229536
MSR_RANK_MOD is 16
MSR_PKG_POWER_LIMIT is 229896
MSR_PP0_POWER_LIMIT is 0
MSR_DRAM_POWER_LIMIT is 229536
MSR_RANK_MOD is 16
MSR_PKG_POWER_LIMIT is 229896
MSR_PP0_POWER_LIMIT is 0
MSR_DRAM_POWER_LIMIT is 229536
MSR_RANK_MOD is 16
MSR_PKG_POWER_LIMIT is 229896
MSR_PP0_POWER_LIMIT is 0
MSR_DRAM_POWER_LIMIT is 229536
MSR_RANK_MOD is 16
MSR_PKG_POWER_LIMIT is 229896
MSR_PP0_POWER_LIMIT is 0
MSR_DRAM_POWER_LIMIT is 229536
MSR_RANK_MOD is 16
MSR_PKG_POWER_LIMIT is 229896
MSR_PP0_POWER_LIMIT is 0
MSR_DRAM_POWER_LIMIT is 229536
MSR_RANK_MOD is 16
MSR_PKG_POWER_LIMIT is 229896
MSR_PP0_POWER_LIMIT is 0
MSR_DRAM_POWER_LIMIT is 229536
MSR_RANK_MOD is 16
MSR_PKG_POWER_LIMIT is 229896
MSR_PP0_POWER_LIMIT is 0
MSR_DRAM_POWER_LIMIT is 229536
MSR_RANK_MOD is 16
MSR_PKG_POWER_LIMIT is 229896
MSR_PP0_POWER_LIMIT is 0
MSR_DRAM_POWER_LIMIT is 229536
(c) Copyright 1996-2007 Regents of University of California
MPI ID:PID MAPPING          0:     98526
MPI ID:PID MAPPING          0:     98526

IRS Sequoia Benchmark Version 1.0

NCPUS not specified, assuming NCPUS is equal to NDOMS.  Setting NCPUS to 64


NZONES_PER_DOM_SIDE not specified, defaulting to 25 zones per domain side


User Specified NDOMS = 64
User Specified NCPUS = 64
User Specified NZONES_PER_DOM_SIDE = 25

Deck Calculated NDOMS_PER_SIDE = 4
Deck Calculated ZONES_PER_SIDE = 100
MSR_PKG_POWER_LIMIT is 229896
MSR_PP0_POWER_LIMIT is 0
MSR_DRAM_POWER_LIMIT is 229536
MSR_RANK_MOD is 16
MSR_PKG_POWER_LIMIT is 229896
MSR_PP0_POWER_LIMIT is 0
MSR_DRAM_POWER_LIMIT is 229536

Ratio of real zones to total zones - 0.640658

Total number of domains is   64.
Largest  domain is    0 with      15625 zones.
Smallest domain is    0 with      15625 zones.
Average domain has      15625 zones.

Total number of zones     1000000.

 
generation completed
 
 
INITIAL Setup NCPUS                  = 64
INITIAL Setup NZONES PER DOMAIN SIDE = 25
INITIAL Setup ZONES PER DOMAIN       = 15625
INITIAL Setup TOTAL NDOMS            = 64
INITIAL Setup TOTAL ZONECOUNT        = 1000000
INITIAL Setup TOTAL NDOMS PER SIDE   = 4
INITIAL Setup TOTAL ZONES PER SIDE   = 100
 
-----------------------------
rdifit - 0
time = 0.000000e+00 cycle = 0 subcycle = 0 dtc:0(-1,-1,-1) = 1.000000e-04
-----------------------------
xmain max wall sec = 0.000000000e+00
-----------------------------
rdifit - 373
time = 1.000000e-04 cycle = 1 subcycle = 1 dtr:0(1,1,1) = 1.504934e-05
-----------------------------
-----------------------------
rdifit - 194
time = 1.150493e-04 cycle = 2 subcycle = 2 dt0:0(2,18,83) = 1.805921e-05
-----------------------------
Stop cycle reached
time = 1.331086e-04 cycle = 3 subcycle = 3 dt0:0(24,100,100) = 2.167106e-05
-----------------------------
rdifit - 204
time = 1.331086e-04 cycle = 3 subcycle = 3 dt0:0(24,100,100) = 2.167106e-05
-----------------------------
 
 
BENCHMARK microseconds per zone-iteration = 2.2910505836576e-05
BENCHMARK FOM = 2793478260869.5
BENCHMARK CORRECTNESS : PASSED

wall        time used: 7.990000e-04 seconds
total   cpu time used: 3.300000e+00 seconds
physics cpu time used: 2.740000e+00 seconds
Total zones 1.000000e+06.
Average physics time 2.735156e+00 +/- 1.874158e-06 seconds.
Timer resolution 1.000000e-06 seconds.
Min physics time 2.735117e+00 seconds.
Max physics time 2.735187e+00 seconds.
Overall Microseconds/zone/cycle 9.117289e-01.
Average Microseconds/zone/cycle 9.117186e-01 +/- 6.247192e-07.
MSR_RANK_MOD is 16
MSR_PKG_POWER_LIMIT is 229896
MSR_PP0_POWER_LIMIT is 0
MSR_DRAM_POWER_LIMIT is 229536
MSR_RANK_MOD is 16
MSR_RANK_MOD is 16
MSR_PKG_POWER_LIMIT is 229896
MSR_PP0_POWER_LIMIT is 0
MSR_DRAM_POWER_LIMIT is 229536
MSR_RANK_MOD is 16
MSR_PKG_POWER_LIMIT is 229896
MSR_PP0_POWER_LIMIT is 0
MSR_DRAM_POWER_LIMIT is 229536
MSR_RANK_MOD is 16
MSR_PKG_POWER_LIMIT is 229896
MSR_PP0_POWER_LIMIT is 0
MSR_DRAM_POWER_LIMIT is 229536
MSR_RANK_MOD is 16
MSR_PKG_POWER_LIMIT is 229896
MSR_PP0_POWER_LIMIT is 0
MSR_DRAM_POWER_LIMIT is 229536
MSR_RANK_MOD is 16
MSR_PKG_POWER_LIMIT is 229896
MSR_PP0_POWER_LIMIT is 0
MSR_DRAM_POWER_LIMIT is 229536
MSR_RANK_MOD is 16
MSR_RANK_MOD is 16
MSR_PKG_POWER_LIMIT is 229896
MSR_PP0_POWER_LIMIT is 0
MSR_DRAM_POWER_LIMIT is 229536
MSR_RANK_MOD is 16
MSR_PKG_POWER_LIMIT is 229896
MSR_PP0_POWER_LIMIT is 0
MSR_DRAM_POWER_LIMIT is 229536
MSR_RANK_MOD is 16
MSR_PKG_POWER_LIMIT is 229896
MSR_PP0_POWER_LIMIT is 0
MSR_DRAM_POWER_LIMIT is 229536
MSR_RANK_MOD is 16
MSR_PKG_POWER_LIMIT is 229896
MSR_PP0_POWER_LIMIT is 0
MSR_DRAM_POWER_LIMIT is 229536
MSR_RANK_MOD is 16
MSR_PKG_POWER_LIMIT is 229896
MSR_PP0_POWER_LIMIT is 0
MSR_DRAM_POWER_LIMIT is 229536
MSR_RANK_MOD is 16
MSR_PKG_POWER_LIMIT is 229896
MSR_PP0_POWER_LIMIT is 0
MSR_DRAM_POWER_LIMIT is 229536
MSR_RANK_MOD is 16
MSR_PKG_POWER_LIMIT is 229896
MSR_PP0_POWER_LIMIT is 0
MSR_DRAM_POWER_LIMIT is 229536
MSR_RANK_MOD is 16
MSR_PKG_POWER_LIMIT is 229896
MSR_PP0_POWER_LIMIT is 0
MSR_DRAM_POWER_LIMIT is 229536
MSR_RANK_MOD is 16
MSR_PKG_POWER_LIMIT is 229896
MSR_PP0_POWER_LIMIT is 0
MSR_DRAM_POWER_LIMIT is 229536
MSR_RANK_MOD is 16
MSR_PKG_POWER_LIMIT is 229896
MSR_PP0_POWER_LIMIT is 0
MSR_DRAM_POWER_LIMIT is 229536
MSR_RANK_MOD is 16
MSR_PKG_POWER_LIMIT is 229896
MSR_PP0_POWER_LIMIT is 0
MSR_DRAM_POWER_LIMIT is 229536
MSR_RANK_MOD is 16
MSR_PKG_POWER_LIMIT is 229896
MSR_PP0_POWER_LIMIT is 0
MSR_DRAM_POWER_LIMIT is 229536
MSR_RANK_MOD is 16
MSR_PKG_POWER_LIMIT is 229896
MSR_PP0_POWER_LIMIT is 0
MSR_DRAM_POWER_LIMIT is 229536
MSR_RANK_MOD is 16
MSR_PKG_POWER_LIMIT is 229896
MSR_PP0_POWER_LIMIT is 0
MSR_DRAM_POWER_LIMIT is 229536
MSR_RANK_MOD is 16
MSR_PKG_POWER_LIMIT is 229896
MSR_PP0_POWER_LIMIT is 0
MSR_DRAM_POWER_LIMIT is 229536
MSR_RANK_MOD is 16
MSR_PKG_POWER_LIMIT is 229896
MSR_PP0_POWER_LIMIT is 0
MSR_DRAM_POWER_LIMIT is 229536
MSR_RANK_MOD is 16
MSR_PKG_POWER_LIMIT is 229896
MSR_PP0_POWER_LIMIT is 0
MSR_DRAM_POWER_LIMIT is 229536
MSR_RANK_MOD is 16
MSR_PKG_POWER_LIMIT is 229896
MSR_PP0_POWER_LIMIT is 0
MSR_DRAM_POWER_LIMIT is 229536
MSR_RANK_MOD is 16
MSR_PKG_POWER_LIMIT is 229896
MSR_PP0_POWER_LIMIT is 0
MSR_DRAM_POWER_LIMIT is 229536
MSR_RANK_MOD is 16
MSR_PKG_POWER_LIMIT is 229896
MSR_PP0_POWER_LIMIT is 0
MSR_DRAM_POWER_LIMIT is 229536
MSR_RANK_MOD is 16
MSR_PKG_POWER_LIMIT is 229896
MSR_PP0_POWER_LIMIT is 0
MSR_DRAM_POWER_LIMIT is 229536
MSR_RANK_MOD is 16
MSR_PKG_POWER_LIMIT is 229896
MSR_PP0_POWER_LIMIT is 0
MSR_DRAM_POWER_LIMIT is 229536
MSR_RANK_MOD is 16
MSR_PKG_POWER_LIMIT is 229896
MSR_PP0_POWER_LIMIT is 0
MSR_DRAM_POWER_LIMIT is 229536
MSR_RANK_MOD is 16
MSR_PKG_POWER_LIMIT is 229896
MSR_PP0_POWER_LIMIT is 0
MSR_DRAM_POWER_LIMIT is 229536
MSR_RANK_MOD is 16
MSR_PKG_POWER_LIMIT is 229896
MSR_PP0_POWER_LIMIT is 0
MSR_DRAM_POWER_LIMIT is 229536
MSR_RANK_MOD is 16
MSR_PKG_POWER_LIMIT is 229896
MSR_PP0_POWER_LIMIT is 0
MSR_DRAM_POWER_LIMIT is 229536
MSR_RANK_MOD is 16
MSR_PKG_POWER_LIMIT is 229896
MSR_PP0_POWER_LIMIT is 0
MSR_DRAM_POWER_LIMIT is 229536
MSR_RANK_MOD is 16
MSR_PKG_POWER_LIMIT is 229896
MSR_PP0_POWER_LIMIT is 0
MSR_DRAM_POWER_LIMIT is 229536
MSR_RANK_MOD is 16
MSR_PKG_POWER_LIMIT is 229896
MSR_PP0_POWER_LIMIT is 0
MSR_DRAM_POWER_LIMIT is 229536
MSR_RANK_MOD is 16
MSR_PKG_POWER_LIMIT is 229896
MSR_PP0_POWER_LIMIT is 0
MSR_DRAM_POWER_LIMIT is 229536
MSR_RANK_MOD is 16
MSR_PKG_POWER_LIMIT is 229896
MSR_PP0_POWER_LIMIT is 0
MSR_DRAM_POWER_LIMIT is 229536
MSR_RANK_MOD is 16
MSR_PKG_POWER_LIMIT is 229896
MSR_PP0_POWER_LIMIT is 0
MSR_DRAM_POWER_LIMIT is 229536
MSR_RANK_MOD is 16
MSR_PKG_POWER_LIMIT is 229896
MSR_PP0_POWER_LIMIT is 0
MSR_DRAM_POWER_LIMIT is 229536
MSR_RANK_MOD is 16
MSR_PKG_POWER_LIMIT is 229896
MSR_PP0_POWER_LIMIT is 0
MSR_DRAM_POWER_LIMIT is 229536
MSR_RANK_MOD is 16
MSR_PKG_POWER_LIMIT is 229896
MSR_PP0_POWER_LIMIT is 0
MSR_DRAM_POWER_LIMIT is 229536
MSR_RANK_MOD is 16
MSR_PKG_POWER_LIMIT is 229896
MSR_PP0_POWER_LIMIT is 0
MSR_DRAM_POWER_LIMIT is 229536
MSR_RANK_MOD is 16
MSR_PKG_POWER_LIMIT is 229896
MSR_PP0_POWER_LIMIT is 0
MSR_DRAM_POWER_LIMIT is 229536
MSR_RANK_MOD is 16
MSR_PKG_POWER_LIMIT is 229896
MSR_PP0_POWER_LIMIT is 0
MSR_DRAM_POWER_LIMIT is 229536
MSR_RANK_MOD is 16
MSR_PKG_POWER_LIMIT is 229896
MSR_PP0_POWER_LIMIT is 0
MSR_DRAM_POWER_LIMIT is 229536
MSR_RANK_MOD is 16
MSR_PKG_POWER_LIMIT is 229896
MSR_PP0_POWER_LIMIT is 0
MSR_DRAM_POWER_LIMIT is 229536
MSR_RANK_MOD is 16
MSR_PKG_POWER_LIMIT is 229896
MSR_PP0_POWER_LIMIT is 0
MSR_DRAM_POWER_LIMIT is 229536
MSR_RANK_MOD is 16
MSR_PKG_POWER_LIMIT is 229896
MSR_PP0_POWER_LIMIT is 0
MSR_DRAM_POWER_LIMIT is 229536
MSR_RANK_MOD is 16
MSR_PKG_POWER_LIMIT is 229896
MSR_PP0_POWER_LIMIT is 0
MSR_DRAM_POWER_LIMIT is 229536
MSR_RANK_MOD is 16
MSR_PKG_POWER_LIMIT is 229896
MSR_PP0_POWER_LIMIT is 0
MSR_DRAM_POWER_LIMIT is 229536
MSR_RANK_MOD is 16
MSR_PKG_POWER_LIMIT is 229896
MSR_PP0_POWER_LIMIT is 0
MSR_DRAM_POWER_LIMIT is 229536
MSR_RANK_MOD is 16
MSR_PKG_POWER_LIMIT is 229896
MSR_PP0_POWER_LIMIT is 0
MSR_DRAM_POWER_LIMIT is 229536
MSR_RANK_MOD is 16
MSR_PKG_POWER_LIMIT is 229896
MSR_PP0_POWER_LIMIT is 0
MSR_DRAM_POWER_LIMIT is 229536
MSR_RANK_MOD is 16
MSR_PKG_POWER_LIMIT is 229896
MSR_PP0_POWER_LIMIT is 0
MSR_DRAM_POWER_LIMIT is 229536
MSR_RANK_MOD is 16
MSR_PKG_POWER_LIMIT is 229896
MSR_PP0_POWER_LIMIT is 0
MSR_DRAM_POWER_LIMIT is 229536
MSR_RANK_MOD is 16
MSR_PKG_POWER_LIMIT is 229896
MSR_PP0_POWER_LIMIT is 0
MSR_DRAM_POWER_LIMIT is 229536
MSR_RANK_MOD is 16
MSR_PKG_POWER_LIMIT is 229896
MSR_PP0_POWER_LIMIT is 0
MSR_DRAM_POWER_LIMIT is 229536
MSR_RANK_MOD is 16
MSR_PKG_POWER_LIMIT is 229896
MSR_PP0_POWER_LIMIT is 0
MSR_DRAM_POWER_LIMIT is 229536
MSR_RANK_MOD is 16
MSR_PKG_POWER_LIMIT is 229896
MSR_PP0_POWER_LIMIT is 0
MSR_DRAM_POWER_LIMIT is 229536
MSR_RANK_MOD is 16
MSR_PKG_POWER_LIMIT is 229896
MSR_PP0_POWER_LIMIT is 0
MSR_DRAM_POWER_LIMIT is 229536
MSR_RANK_MOD is 16
MSR_PKG_POWER_LIMIT is 229896
MSR_PP0_POWER_LIMIT is 0
MSR_DRAM_POWER_LIMIT is 229536
MSR_RANK_MOD is 16
MSR_PKG_POWER_LIMIT is 229896
MSR_PP0_POWER_LIMIT is 0
MSR_DRAM_POWER_LIMIT is 229536
MSR_PKG_POWER_LIMIT is 229896
MSR_PP0_POWER_LIMIT is 0
MSR_DRAM_POWER_LIMIT is 229536
(c) Copyright 1996-2007 Regents of University of California
MPI ID:PID MAPPING          0:    101031
MPI ID:PID MAPPING          0:    101031

IRS Sequoia Benchmark Version 1.0

NCPUS not specified, assuming NCPUS is equal to NDOMS.  Setting NCPUS to 64


NZONES_PER_DOM_SIDE not specified, defaulting to 25 zones per domain side


User Specified NDOMS = 64
User Specified NCPUS = 64
User Specified NZONES_PER_DOM_SIDE = 25

Deck Calculated NDOMS_PER_SIDE = 4
Deck Calculated ZONES_PER_SIDE = 100
MSR_PKG_POWER_LIMIT is 229896
MSR_PP0_POWER_LIMIT is 0
MSR_DRAM_POWER_LIMIT is 229536

Ratio of real zones to total zones - 0.640658

Total number of domains is   64.
Largest  domain is    0 with      15625 zones.
Smallest domain is    0 with      15625 zones.
Average domain has      15625 zones.

Total number of zones     1000000.

 
generation completed
 
 
INITIAL Setup NCPUS                  = 64
INITIAL Setup NZONES PER DOMAIN SIDE = 25
INITIAL Setup ZONES PER DOMAIN       = 15625
INITIAL Setup TOTAL NDOMS            = 64
INITIAL Setup TOTAL ZONECOUNT        = 1000000
INITIAL Setup TOTAL NDOMS PER SIDE   = 4
INITIAL Setup TOTAL ZONES PER SIDE   = 100
 
-----------------------------
rdifit - 0
time = 0.000000e+00 cycle = 0 subcycle = 0 dtc:0(-1,-1,-1) = 1.000000e-04
-----------------------------
xmain max wall sec = 0.000000000e+00
-----------------------------
rdifit - 373
time = 1.000000e-04 cycle = 1 subcycle = 1 dtr:0(1,1,1) = 1.504934e-05
-----------------------------
-----------------------------
rdifit - 194
time = 1.150493e-04 cycle = 2 subcycle = 2 dt0:0(2,18,83) = 1.805921e-05
-----------------------------
Stop cycle reached
time = 1.331086e-04 cycle = 3 subcycle = 3 dt0:0(24,100,100) = 2.167106e-05
-----------------------------
rdifit - 204
time = 1.331086e-04 cycle = 3 subcycle = 3 dt0:0(24,100,100) = 2.167106e-05
-----------------------------
 
 
BENCHMARK microseconds per zone-iteration = 2.2827496757458e-05
BENCHMARK FOM = 2803636363636.3
BENCHMARK CORRECTNESS : PASSED

wall        time used: 7.480000e-04 seconds
total   cpu time used: 3.290000e+00 seconds
physics cpu time used: 2.740000e+00 seconds
Total zones 1.000000e+06.
Average physics time 2.733505e+00 +/- 2.621883e-06 seconds.
Timer resolution 1.000000e-06 seconds.
Min physics time 2.733416e+00 seconds.
Max physics time 2.733545e+00 seconds.
Overall Microseconds/zone/cycle 9.111818e-01.
Average Microseconds/zone/cycle 9.111684e-01 +/- 8.739611e-07.
MSR_RANK_MOD is 16
MSR_RANK_MOD is 16
MSR_PKG_POWER_LIMIT is 229896
MSR_PP0_POWER_LIMIT is 0
MSR_DRAM_POWER_LIMIT is 229536
MSR_RANK_MOD is 16
MSR_RANK_MOD is 16
MSR_PKG_POWER_LIMIT is 229896
MSR_PP0_POWER_LIMIT is 0
MSR_DRAM_POWER_LIMIT is 229536
MSR_RANK_MOD is 16
MSR_PKG_POWER_LIMIT is 229896
MSR_PP0_POWER_LIMIT is 0
MSR_DRAM_POWER_LIMIT is 229536
MSR_RANK_MOD is 16
MSR_PKG_POWER_LIMIT is 229896
MSR_PP0_POWER_LIMIT is 0
MSR_DRAM_POWER_LIMIT is 229536
MSR_RANK_MOD is 16
MSR_RANK_MOD is 16
MSR_PKG_POWER_LIMIT is 229896
MSR_PP0_POWER_LIMIT is 0
MSR_DRAM_POWER_LIMIT is 229536
MSR_RANK_MOD is 16
MSR_PKG_POWER_LIMIT is 229896
MSR_PP0_POWER_LIMIT is 0
MSR_DRAM_POWER_LIMIT is 229536
MSR_RANK_MOD is 16
MSR_PKG_POWER_LIMIT is 229896
MSR_PP0_POWER_LIMIT is 0
MSR_DRAM_POWER_LIMIT is 229536
MSR_RANK_MOD is 16
MSR_PKG_POWER_LIMIT is 229896
MSR_PP0_POWER_LIMIT is 0
MSR_DRAM_POWER_LIMIT is 229536
MSR_RANK_MOD is 16
MSR_PKG_POWER_LIMIT is 229896
MSR_PP0_POWER_LIMIT is 0
MSR_DRAM_POWER_LIMIT is 229536
MSR_RANK_MOD is 16
MSR_PKG_POWER_LIMIT is 229896
MSR_PP0_POWER_LIMIT is 0
MSR_DRAM_POWER_LIMIT is 229536
MSR_RANK_MOD is 16
MSR_PKG_POWER_LIMIT is 229896
MSR_PP0_POWER_LIMIT is 0
MSR_DRAM_POWER_LIMIT is 229536
MSR_RANK_MOD is 16
MSR_PKG_POWER_LIMIT is 229896
MSR_PP0_POWER_LIMIT is 0
MSR_DRAM_POWER_LIMIT is 229536
MSR_RANK_MOD is 16
MSR_PKG_POWER_LIMIT is 229896
MSR_PP0_POWER_LIMIT is 0
MSR_DRAM_POWER_LIMIT is 229536
MSR_RANK_MOD is 16
MSR_PKG_POWER_LIMIT is 229896
MSR_PP0_POWER_LIMIT is 0
MSR_DRAM_POWER_LIMIT is 229536
MSR_RANK_MOD is 16
MSR_PKG_POWER_LIMIT is 229896
MSR_PP0_POWER_LIMIT is 0
MSR_DRAM_POWER_LIMIT is 229536
MSR_RANK_MOD is 16
MSR_PKG_POWER_LIMIT is 229896
MSR_PP0_POWER_LIMIT is 0
MSR_DRAM_POWER_LIMIT is 229536
MSR_RANK_MOD is 16
MSR_PKG_POWER_LIMIT is 229896
MSR_PP0_POWER_LIMIT is 0
MSR_DRAM_POWER_LIMIT is 229536
MSR_RANK_MOD is 16
MSR_PKG_POWER_LIMIT is 229896
MSR_PP0_POWER_LIMIT is 0
MSR_DRAM_POWER_LIMIT is 229536
MSR_RANK_MOD is 16
MSR_PKG_POWER_LIMIT is 229896
MSR_PP0_POWER_LIMIT is 0
MSR_DRAM_POWER_LIMIT is 229536
MSR_RANK_MOD is 16
MSR_PKG_POWER_LIMIT is 229896
MSR_PP0_POWER_LIMIT is 0
MSR_DRAM_POWER_LIMIT is 229536
MSR_RANK_MOD is 16
MSR_PKG_POWER_LIMIT is 229896
MSR_PP0_POWER_LIMIT is 0
MSR_DRAM_POWER_LIMIT is 229536
MSR_RANK_MOD is 16
MSR_PKG_POWER_LIMIT is 229896
MSR_PP0_POWER_LIMIT is 0
MSR_DRAM_POWER_LIMIT is 229536
MSR_RANK_MOD is 16
MSR_PKG_POWER_LIMIT is 229896
MSR_PP0_POWER_LIMIT is 0
MSR_DRAM_POWER_LIMIT is 229536
MSR_RANK_MOD is 16
MSR_PKG_POWER_LIMIT is 229896
MSR_PP0_POWER_LIMIT is 0
MSR_DRAM_POWER_LIMIT is 229536
MSR_RANK_MOD is 16
MSR_PKG_POWER_LIMIT is 229896
MSR_PP0_POWER_LIMIT is 0
MSR_DRAM_POWER_LIMIT is 229536
MSR_RANK_MOD is 16
MSR_PKG_POWER_LIMIT is 229896
MSR_PP0_POWER_LIMIT is 0
MSR_DRAM_POWER_LIMIT is 229536
MSR_RANK_MOD is 16
MSR_PKG_POWER_LIMIT is 229896
MSR_PP0_POWER_LIMIT is 0
MSR_DRAM_POWER_LIMIT is 229536
MSR_RANK_MOD is 16
MSR_PKG_POWER_LIMIT is 229896
MSR_PP0_POWER_LIMIT is 0
MSR_DRAM_POWER_LIMIT is 229536
MSR_RANK_MOD is 16
MSR_PKG_POWER_LIMIT is 229896
MSR_PP0_POWER_LIMIT is 0
MSR_DRAM_POWER_LIMIT is 229536
MSR_RANK_MOD is 16
MSR_PKG_POWER_LIMIT is 229896
MSR_PP0_POWER_LIMIT is 0
MSR_DRAM_POWER_LIMIT is 229536
MSR_RANK_MOD is 16
MSR_PKG_POWER_LIMIT is 229896
MSR_PP0_POWER_LIMIT is 0
MSR_DRAM_POWER_LIMIT is 229536
MSR_RANK_MOD is 16
MSR_PKG_POWER_LIMIT is 229896
MSR_PP0_POWER_LIMIT is 0
MSR_DRAM_POWER_LIMIT is 229536
MSR_RANK_MOD is 16
MSR_PKG_POWER_LIMIT is 229896
MSR_PP0_POWER_LIMIT is 0
MSR_DRAM_POWER_LIMIT is 229536
MSR_RANK_MOD is 16
MSR_PKG_POWER_LIMIT is 229896
MSR_PP0_POWER_LIMIT is 0
MSR_DRAM_POWER_LIMIT is 229536
MSR_RANK_MOD is 16
MSR_PKG_POWER_LIMIT is 229896
MSR_PP0_POWER_LIMIT is 0
MSR_DRAM_POWER_LIMIT is 229536
MSR_RANK_MOD is 16
MSR_PKG_POWER_LIMIT is 229896
MSR_PP0_POWER_LIMIT is 0
MSR_DRAM_POWER_LIMIT is 229536
MSR_RANK_MOD is 16
MSR_PKG_POWER_LIMIT is 229896
MSR_PP0_POWER_LIMIT is 0
MSR_DRAM_POWER_LIMIT is 229536
MSR_RANK_MOD is 16
MSR_PKG_POWER_LIMIT is 229896
MSR_PP0_POWER_LIMIT is 0
MSR_DRAM_POWER_LIMIT is 229536
MSR_RANK_MOD is 16
MSR_PKG_POWER_LIMIT is 229896
MSR_PP0_POWER_LIMIT is 0
MSR_DRAM_POWER_LIMIT is 229536
MSR_RANK_MOD is 16
MSR_PKG_POWER_LIMIT is 229896
MSR_PP0_POWER_LIMIT is 0
MSR_DRAM_POWER_LIMIT is 229536
MSR_RANK_MOD is 16
MSR_PKG_POWER_LIMIT is 229896
MSR_PP0_POWER_LIMIT is 0
MSR_DRAM_POWER_LIMIT is 229536
MSR_RANK_MOD is 16
MSR_PKG_POWER_LIMIT is 229896
MSR_PP0_POWER_LIMIT is 0
MSR_DRAM_POWER_LIMIT is 229536
MSR_RANK_MOD is 16
MSR_PKG_POWER_LIMIT is 229896
MSR_PP0_POWER_LIMIT is 0
MSR_DRAM_POWER_LIMIT is 229536
MSR_RANK_MOD is 16
MSR_PKG_POWER_LIMIT is 229896
MSR_PP0_POWER_LIMIT is 0
MSR_DRAM_POWER_LIMIT is 229536
MSR_RANK_MOD is 16
MSR_PKG_POWER_LIMIT is 229896
MSR_PP0_POWER_LIMIT is 0
MSR_DRAM_POWER_LIMIT is 229536
MSR_RANK_MOD is 16
MSR_PKG_POWER_LIMIT is 229896
MSR_PP0_POWER_LIMIT is 0
MSR_DRAM_POWER_LIMIT is 229536
MSR_RANK_MOD is 16
MSR_PKG_POWER_LIMIT is 229896
MSR_PP0_POWER_LIMIT is 0
MSR_DRAM_POWER_LIMIT is 229536
MSR_RANK_MOD is 16
MSR_PKG_POWER_LIMIT is 229896
MSR_PP0_POWER_LIMIT is 0
MSR_DRAM_POWER_LIMIT is 229536
MSR_RANK_MOD is 16
MSR_PKG_POWER_LIMIT is 229896
MSR_PP0_POWER_LIMIT is 0
MSR_DRAM_POWER_LIMIT is 229536
MSR_RANK_MOD is 16
MSR_PKG_POWER_LIMIT is 229896
MSR_PP0_POWER_LIMIT is 0
MSR_DRAM_POWER_LIMIT is 229536
MSR_RANK_MOD is 16
MSR_RANK_MOD is 16
MSR_PKG_POWER_LIMIT is 229896
MSR_PP0_POWER_LIMIT is 0
MSR_DRAM_POWER_LIMIT is 229536
MSR_RANK_MOD is 16
MSR_PKG_POWER_LIMIT is 229896
MSR_PP0_POWER_LIMIT is 0
MSR_DRAM_POWER_LIMIT is 229536
MSR_RANK_MOD is 16
MSR_PKG_POWER_LIMIT is 229896
MSR_PP0_POWER_LIMIT is 0
MSR_DRAM_POWER_LIMIT is 229536
MSR_RANK_MOD is 16
MSR_PKG_POWER_LIMIT is 229896
MSR_PP0_POWER_LIMIT is 0
MSR_DRAM_POWER_LIMIT is 229536
MSR_RANK_MOD is 16
MSR_PKG_POWER_LIMIT is 229896
MSR_PP0_POWER_LIMIT is 0
MSR_DRAM_POWER_LIMIT is 229536
MSR_RANK_MOD is 16
MSR_PKG_POWER_LIMIT is 229896
MSR_PP0_POWER_LIMIT is 0
MSR_DRAM_POWER_LIMIT is 229536
MSR_RANK_MOD is 16
MSR_PKG_POWER_LIMIT is 229896
MSR_PP0_POWER_LIMIT is 0
MSR_DRAM_POWER_LIMIT is 229536
MSR_RANK_MOD is 16
MSR_PKG_POWER_LIMIT is 229896
MSR_PP0_POWER_LIMIT is 0
MSR_DRAM_POWER_LIMIT is 229536
MSR_PKG_POWER_LIMIT is 229896
MSR_PP0_POWER_LIMIT is 0
MSR_DRAM_POWER_LIMIT is 229536
MSR_RANK_MOD is 16
MSR_PKG_POWER_LIMIT is 229896
MSR_PP0_POWER_LIMIT is 0
MSR_DRAM_POWER_LIMIT is 229536
MSR_RANK_MOD is 16
MSR_PKG_POWER_LIMIT is 229896
MSR_PP0_POWER_LIMIT is 0
MSR_DRAM_POWER_LIMIT is 229536
MSR_PKG_POWER_LIMIT is 229896
MSR_PP0_POWER_LIMIT is 0
MSR_DRAM_POWER_LIMIT is 229536
MSR_PKG_POWER_LIMIT is 229896
MSR_PP0_POWER_LIMIT is 0
MSR_DRAM_POWER_LIMIT is 229536
(c) Copyright 1996-2007 Regents of University of California
MPI ID:PID MAPPING          0:    103430
MPI ID:PID MAPPING          0:    103430

IRS Sequoia Benchmark Version 1.0

NCPUS not specified, assuming NCPUS is equal to NDOMS.  Setting NCPUS to 64


NZONES_PER_DOM_SIDE not specified, defaulting to 25 zones per domain side


User Specified NDOMS = 64
User Specified NCPUS = 64
User Specified NZONES_PER_DOM_SIDE = 25

Deck Calculated NDOMS_PER_SIDE = 4
Deck Calculated ZONES_PER_SIDE = 100
MSR_PKG_POWER_LIMIT is 229896
MSR_PP0_POWER_LIMIT is 0
MSR_DRAM_POWER_LIMIT is 229536

Ratio of real zones to total zones - 0.640658

Total number of domains is   64.
Largest  domain is    0 with      15625 zones.
Smallest domain is    0 with      15625 zones.
Average domain has      15625 zones.

Total number of zones     1000000.

 
generation completed
 
 
INITIAL Setup NCPUS                  = 64
INITIAL Setup NZONES PER DOMAIN SIDE = 25
INITIAL Setup ZONES PER DOMAIN       = 15625
INITIAL Setup TOTAL NDOMS            = 64
INITIAL Setup TOTAL ZONECOUNT        = 1000000
INITIAL Setup TOTAL NDOMS PER SIDE   = 4
INITIAL Setup TOTAL ZONES PER SIDE   = 100
 
-----------------------------
rdifit - 0
time = 0.000000e+00 cycle = 0 subcycle = 0 dtc:0(-1,-1,-1) = 1.000000e-04
-----------------------------
xmain max wall sec = 0.000000000e+00
-----------------------------
rdifit - 373
time = 1.000000e-04 cycle = 1 subcycle = 1 dtr:0(1,1,1) = 1.504934e-05
-----------------------------
-----------------------------
rdifit - 194
time = 1.150493e-04 cycle = 2 subcycle = 2 dt0:0(2,18,83) = 1.805921e-05
-----------------------------
Stop cycle reached
time = 1.331086e-04 cycle = 3 subcycle = 3 dt0:0(24,100,100) = 2.167106e-05
-----------------------------
rdifit - 204
time = 1.331086e-04 cycle = 3 subcycle = 3 dt0:0(24,100,100) = 2.167106e-05
-----------------------------
 
 
BENCHMARK microseconds per zone-iteration = 2.274448767834e-05
BENCHMARK FOM = 2813868613138.7
BENCHMARK CORRECTNESS : PASSED

wall        time used: 7.220000e-04 seconds
total   cpu time used: 3.280000e+00 seconds
physics cpu time used: 2.740000e+00 seconds
Total zones 1.000000e+06.
Average physics time 2.732124e+00 +/- 1.635131e-06 seconds.
Timer resolution 1.000000e-06 seconds.
Min physics time 2.732101e+00 seconds.
Max physics time 2.732151e+00 seconds.
Overall Microseconds/zone/cycle 9.107169e-01.
Average Microseconds/zone/cycle 9.107080e-01 +/- 5.450438e-07.
MSR_RANK_MOD is 16
MSR_PKG_POWER_LIMIT is 229896
MSR_PP0_POWER_LIMIT is 0
MSR_DRAM_POWER_LIMIT is 229536
MSR_RANK_MOD is 16
MSR_PKG_POWER_LIMIT is 229896
MSR_PP0_POWER_LIMIT is 0
MSR_DRAM_POWER_LIMIT is 229536
MSR_RANK_MOD is 16
MSR_PKG_POWER_LIMIT is 229896
MSR_PP0_POWER_LIMIT is 0
MSR_DRAM_POWER_LIMIT is 229536
MSR_RANK_MOD is 16
MSR_PKG_POWER_LIMIT is 229896
MSR_PP0_POWER_LIMIT is 0
MSR_DRAM_POWER_LIMIT is 229536
MSR_RANK_MOD is 16
MSR_PKG_POWER_LIMIT is 229896
MSR_PP0_POWER_LIMIT is 0
MSR_DRAM_POWER_LIMIT is 229536
MSR_RANK_MOD is 16
MSR_PKG_POWER_LIMIT is 229896
MSR_PP0_POWER_LIMIT is 0
MSR_DRAM_POWER_LIMIT is 229536
MSR_RANK_MOD is 16
MSR_PKG_POWER_LIMIT is 229896
MSR_PP0_POWER_LIMIT is 0
MSR_DRAM_POWER_LIMIT is 229536
MSR_RANK_MOD is 16
MSR_PKG_POWER_LIMIT is 229896
MSR_PP0_POWER_LIMIT is 0
MSR_DRAM_POWER_LIMIT is 229536
MSR_RANK_MOD is 16
MSR_PKG_POWER_LIMIT is 229896
MSR_PP0_POWER_LIMIT is 0
MSR_DRAM_POWER_LIMIT is 229536
MSR_RANK_MOD is 16
MSR_PKG_POWER_LIMIT is 229896
MSR_PP0_POWER_LIMIT is 0
MSR_DRAM_POWER_LIMIT is 229536
MSR_RANK_MOD is 16
MSR_PKG_POWER_LIMIT is 229896
MSR_PP0_POWER_LIMIT is 0
MSR_DRAM_POWER_LIMIT is 229536
MSR_RANK_MOD is 16
MSR_PKG_POWER_LIMIT is 229896
MSR_PP0_POWER_LIMIT is 0
MSR_DRAM_POWER_LIMIT is 229536
MSR_RANK_MOD is 16
MSR_PKG_POWER_LIMIT is 229896
MSR_PP0_POWER_LIMIT is 0
MSR_DRAM_POWER_LIMIT is 229536
MSR_RANK_MOD is 16
MSR_PKG_POWER_LIMIT is 229896
MSR_PP0_POWER_LIMIT is 0
MSR_DRAM_POWER_LIMIT is 229536
MSR_RANK_MOD is 16
MSR_PKG_POWER_LIMIT is 229896
MSR_PP0_POWER_LIMIT is 0
MSR_DRAM_POWER_LIMIT is 229536
MSR_RANK_MOD is 16
MSR_PKG_POWER_LIMIT is 229896
MSR_PP0_POWER_LIMIT is 0
MSR_DRAM_POWER_LIMIT is 229536
MSR_RANK_MOD is 16
MSR_PKG_POWER_LIMIT is 229896
MSR_PP0_POWER_LIMIT is 0
MSR_DRAM_POWER_LIMIT is 229536
MSR_RANK_MOD is 16
MSR_RANK_MOD is 16
MSR_PKG_POWER_LIMIT is 229896
MSR_PP0_POWER_LIMIT is 0
MSR_DRAM_POWER_LIMIT is 229536
MSR_RANK_MOD is 16
MSR_PKG_POWER_LIMIT is 229896
MSR_PP0_POWER_LIMIT is 0
MSR_DRAM_POWER_LIMIT is 229536
MSR_RANK_MOD is 16
MSR_PKG_POWER_LIMIT is 229896
MSR_PP0_POWER_LIMIT is 0
MSR_DRAM_POWER_LIMIT is 229536
MSR_RANK_MOD is 16
MSR_PKG_POWER_LIMIT is 229896
MSR_PP0_POWER_LIMIT is 0
MSR_DRAM_POWER_LIMIT is 229536
MSR_RANK_MOD is 16
MSR_PKG_POWER_LIMIT is 229896
MSR_PP0_POWER_LIMIT is 0
MSR_DRAM_POWER_LIMIT is 229536
MSR_RANK_MOD is 16
MSR_PKG_POWER_LIMIT is 229896
MSR_PP0_POWER_LIMIT is 0
MSR_DRAM_POWER_LIMIT is 229536
MSR_RANK_MOD is 16
MSR_PKG_POWER_LIMIT is 229896
MSR_PP0_POWER_LIMIT is 0
MSR_DRAM_POWER_LIMIT is 229536
MSR_RANK_MOD is 16
MSR_PKG_POWER_LIMIT is 229896
MSR_PP0_POWER_LIMIT is 0
MSR_DRAM_POWER_LIMIT is 229536
MSR_RANK_MOD is 16
MSR_PKG_POWER_LIMIT is 229896
MSR_PP0_POWER_LIMIT is 0
MSR_DRAM_POWER_LIMIT is 229536
MSR_RANK_MOD is 16
MSR_PKG_POWER_LIMIT is 229896
MSR_PP0_POWER_LIMIT is 0
MSR_DRAM_POWER_LIMIT is 229536
MSR_RANK_MOD is 16
MSR_PKG_POWER_LIMIT is 229896
MSR_PP0_POWER_LIMIT is 0
MSR_DRAM_POWER_LIMIT is 229536
MSR_RANK_MOD is 16
MSR_PKG_POWER_LIMIT is 229896
MSR_PP0_POWER_LIMIT is 0
MSR_DRAM_POWER_LIMIT is 229536
MSR_RANK_MOD is 16
MSR_PKG_POWER_LIMIT is 229896
MSR_PP0_POWER_LIMIT is 0
MSR_DRAM_POWER_LIMIT is 229536
MSR_RANK_MOD is 16
MSR_PKG_POWER_LIMIT is 229896
MSR_PP0_POWER_LIMIT is 0
MSR_DRAM_POWER_LIMIT is 229536
MSR_RANK_MOD is 16
MSR_PKG_POWER_LIMIT is 229896
MSR_PP0_POWER_LIMIT is 0
MSR_DRAM_POWER_LIMIT is 229536
MSR_RANK_MOD is 16
MSR_PKG_POWER_LIMIT is 229896
MSR_PP0_POWER_LIMIT is 0
MSR_DRAM_POWER_LIMIT is 229536
MSR_RANK_MOD is 16
MSR_PKG_POWER_LIMIT is 229896
MSR_PP0_POWER_LIMIT is 0
MSR_DRAM_POWER_LIMIT is 229536
MSR_RANK_MOD is 16
MSR_PKG_POWER_LIMIT is 229896
MSR_PP0_POWER_LIMIT is 0
MSR_DRAM_POWER_LIMIT is 229536
MSR_RANK_MOD is 16
MSR_PKG_POWER_LIMIT is 229896
MSR_PP0_POWER_LIMIT is 0
MSR_DRAM_POWER_LIMIT is 229536
MSR_RANK_MOD is 16
MSR_PKG_POWER_LIMIT is 229896
MSR_PP0_POWER_LIMIT is 0
MSR_DRAM_POWER_LIMIT is 229536
MSR_RANK_MOD is 16
MSR_PKG_POWER_LIMIT is 229896
MSR_PP0_POWER_LIMIT is 0
MSR_DRAM_POWER_LIMIT is 229536
MSR_RANK_MOD is 16
MSR_RANK_MOD is 16
MSR_PKG_POWER_LIMIT is 229896
MSR_PP0_POWER_LIMIT is 0
MSR_DRAM_POWER_LIMIT is 229536
MSR_RANK_MOD is 16
MSR_PKG_POWER_LIMIT is 229896
MSR_PP0_POWER_LIMIT is 0
MSR_DRAM_POWER_LIMIT is 229536
MSR_RANK_MOD is 16
MSR_PKG_POWER_LIMIT is 229896
MSR_PP0_POWER_LIMIT is 0
MSR_DRAM_POWER_LIMIT is 229536
MSR_RANK_MOD is 16
MSR_PKG_POWER_LIMIT is 229896
MSR_PP0_POWER_LIMIT is 0
MSR_DRAM_POWER_LIMIT is 229536
MSR_RANK_MOD is 16
MSR_PKG_POWER_LIMIT is 229896
MSR_PP0_POWER_LIMIT is 0
MSR_DRAM_POWER_LIMIT is 229536
MSR_RANK_MOD is 16
MSR_PKG_POWER_LIMIT is 229896
MSR_PP0_POWER_LIMIT is 0
MSR_DRAM_POWER_LIMIT is 229536
MSR_RANK_MOD is 16
MSR_PKG_POWER_LIMIT is 229896
MSR_PP0_POWER_LIMIT is 0
MSR_DRAM_POWER_LIMIT is 229536
MSR_RANK_MOD is 16
MSR_PKG_POWER_LIMIT is 229896
MSR_PP0_POWER_LIMIT is 0
MSR_DRAM_POWER_LIMIT is 229536
MSR_RANK_MOD is 16
MSR_PKG_POWER_LIMIT is 229896
MSR_PP0_POWER_LIMIT is 0
MSR_DRAM_POWER_LIMIT is 229536
MSR_RANK_MOD is 16
MSR_PKG_POWER_LIMIT is 229896
MSR_PP0_POWER_LIMIT is 0
MSR_DRAM_POWER_LIMIT is 229536
MSR_RANK_MOD is 16
MSR_PKG_POWER_LIMIT is 229896
MSR_PP0_POWER_LIMIT is 0
MSR_DRAM_POWER_LIMIT is 229536
MSR_RANK_MOD is 16
MSR_PKG_POWER_LIMIT is 229896
MSR_PP0_POWER_LIMIT is 0
MSR_DRAM_POWER_LIMIT is 229536
MSR_RANK_MOD is 16
MSR_PKG_POWER_LIMIT is 229896
MSR_PP0_POWER_LIMIT is 0
MSR_DRAM_POWER_LIMIT is 229536
MSR_RANK_MOD is 16
MSR_PKG_POWER_LIMIT is 229896
MSR_PP0_POWER_LIMIT is 0
MSR_DRAM_POWER_LIMIT is 229536
MSR_RANK_MOD is 16
MSR_PKG_POWER_LIMIT is 229896
MSR_PP0_POWER_LIMIT is 0
MSR_DRAM_POWER_LIMIT is 229536
MSR_RANK_MOD is 16
MSR_PKG_POWER_LIMIT is 229896
MSR_PP0_POWER_LIMIT is 0
MSR_DRAM_POWER_LIMIT is 229536
MSR_RANK_MOD is 16
MSR_PKG_POWER_LIMIT is 229896
MSR_PP0_POWER_LIMIT is 0
MSR_DRAM_POWER_LIMIT is 229536
MSR_RANK_MOD is 16
MSR_PKG_POWER_LIMIT is 229896
MSR_PP0_POWER_LIMIT is 0
MSR_DRAM_POWER_LIMIT is 229536
MSR_RANK_MOD is 16
MSR_PKG_POWER_LIMIT is 229896
MSR_PP0_POWER_LIMIT is 0
MSR_DRAM_POWER_LIMIT is 229536
MSR_RANK_MOD is 16
MSR_PKG_POWER_LIMIT is 229896
MSR_PP0_POWER_LIMIT is 0
MSR_DRAM_POWER_LIMIT is 229536
MSR_RANK_MOD is 16
MSR_PKG_POWER_LIMIT is 229896
MSR_PP0_POWER_LIMIT is 0
MSR_DRAM_POWER_LIMIT is 229536
MSR_PKG_POWER_LIMIT is 229896
MSR_PP0_POWER_LIMIT is 0
MSR_DRAM_POWER_LIMIT is 229536
MSR_RANK_MOD is 16
MSR_PKG_POWER_LIMIT is 229896
MSR_PP0_POWER_LIMIT is 0
MSR_DRAM_POWER_LIMIT is 229536
MSR_RANK_MOD is 16
MSR_PKG_POWER_LIMIT is 229896
MSR_PP0_POWER_LIMIT is 0
MSR_DRAM_POWER_LIMIT is 229536
MSR_RANK_MOD is 16
MSR_PKG_POWER_LIMIT is 229896
MSR_PP0_POWER_LIMIT is 0
MSR_DRAM_POWER_LIMIT is 229536
MSR_PKG_POWER_LIMIT is 229896
MSR_PP0_POWER_LIMIT is 0
MSR_DRAM_POWER_LIMIT is 229536
(c) Copyright 1996-2007 Regents of University of California
MPI ID:PID MAPPING          0:    105796
MPI ID:PID MAPPING          0:    105796

IRS Sequoia Benchmark Version 1.0

NCPUS not specified, assuming NCPUS is equal to NDOMS.  Setting NCPUS to 64


NZONES_PER_DOM_SIDE not specified, defaulting to 25 zones per domain side


User Specified NDOMS = 64
User Specified NCPUS = 64
User Specified NZONES_PER_DOM_SIDE = 25

Deck Calculated NDOMS_PER_SIDE = 4
Deck Calculated ZONES_PER_SIDE = 100

Ratio of real zones to total zones - 0.640658

Total number of domains is   64.
Largest  domain is    0 with      15625 zones.
Smallest domain is    0 with      15625 zones.
Average domain has      15625 zones.

Total number of zones     1000000.

 
generation completed
 
 
INITIAL Setup NCPUS                  = 64
INITIAL Setup NZONES PER DOMAIN SIDE = 25
INITIAL Setup ZONES PER DOMAIN       = 15625
INITIAL Setup TOTAL NDOMS            = 64
INITIAL Setup TOTAL ZONECOUNT        = 1000000
INITIAL Setup TOTAL NDOMS PER SIDE   = 4
INITIAL Setup TOTAL ZONES PER SIDE   = 100
 
-----------------------------
rdifit - 0
time = 0.000000e+00 cycle = 0 subcycle = 0 dtc:0(-1,-1,-1) = 1.000000e-04
-----------------------------
xmain max wall sec = 0.000000000e+00
-----------------------------
rdifit - 373
time = 1.000000e-04 cycle = 1 subcycle = 1 dtr:0(1,1,1) = 1.504934e-05
-----------------------------
-----------------------------
rdifit - 194
time = 1.150493e-04 cycle = 2 subcycle = 2 dt0:0(2,18,83) = 1.805921e-05
-----------------------------
Stop cycle reached
time = 1.331086e-04 cycle = 3 subcycle = 3 dt0:0(24,100,100) = 2.167106e-05
-----------------------------
rdifit - 204
time = 1.331086e-04 cycle = 3 subcycle = 3 dt0:0(24,100,100) = 2.167106e-05
-----------------------------
 
 
BENCHMARK microseconds per zone-iteration = 2.2827496757458e-05
BENCHMARK FOM = 2803636363636.3
BENCHMARK CORRECTNESS : PASSED

wall        time used: 7.720000e-04 seconds
total   cpu time used: 3.290000e+00 seconds
physics cpu time used: 2.720000e+00 seconds
Total zones 1.000000e+06.
Average physics time 2.736389e+00 +/- 2.095723e-06 seconds.
Timer resolution 1.000000e-06 seconds.
Min physics time 2.736343e+00 seconds.
Max physics time 2.736428e+00 seconds.
Overall Microseconds/zone/cycle 9.121426e-01.
Average Microseconds/zone/cycle 9.121297e-01 +/- 6.985742e-07.
