auto-affinity: local task 1: CPUs: 1
auto-affinity: local task 1: CPUs: 1
auto-affinity: local task 0: CPUs: 0
auto-affinity: local task 1: CPUs: 1
auto-affinity: local task 7: CPUs: 7
auto-affinity: local task 7: CPUs: 7
auto-affinity: local task 1: CPUs: 1
auto-affinity: local task 1: CPUs: 1
auto-affinity: local task 1: CPUs: 1
auto-affinity: local task 1: CPUs: 1
auto-affinity: local task 1: CPUs: 1
auto-affinity: local task 1: CPUs: 1
auto-affinity: local task 1: CPUs: 1
auto-affinity: local task 1: CPUs: 1
auto-affinity: local task 7: CPUs: 7
auto-affinity: local task 1: CPUs: 1
auto-affinity: local task 7: CPUs: 7
auto-affinity: local task 1: CPUs: 1
auto-affinity: local task 1: CPUs: 1
auto-affinity: local task 1: CPUs: 1
auto-affinity: local task 7: CPUs: 7
auto-affinity: local task 7: CPUs: 7
auto-affinity: local task 1: CPUs: 1
auto-affinity: local task 1: CPUs: 1
auto-affinity: local task 1: CPUs: 1
auto-affinity: local task 1: CPUs: 1
auto-affinity: local task 1: CPUs: 1
auto-affinity: local task 1: CPUs: 1
auto-affinity: local task 1: CPUs: 1
auto-affinity: local task 1: CPUs: 1
auto-affinity: local task 1: CPUs: 1
auto-affinity: local task 1: CPUs: 1
auto-affinity: local task 1: CPUs: 1
auto-affinity: local task 1: CPUs: 1
auto-affinity: local task 1: CPUs: 1
auto-affinity: local task 1: CPUs: 1
auto-affinity: local task 7: CPUs: 7
auto-affinity: local task 1: CPUs: 1
auto-affinity: local task 1: CPUs: 1
auto-affinity: local task 1: CPUs: 1
auto-affinity: local task 1: CPUs: 1
auto-affinity: local task 1: CPUs: 1
auto-affinity: local task 1: CPUs: 1
auto-affinity: local task 1: CPUs: 1
auto-affinity: local task 1: CPUs: 1
auto-affinity: local task 1: CPUs: 1
auto-affinity: local task 1: CPUs: 1
auto-affinity: local task 1: CPUs: 1
auto-affinity: local task 1: CPUs: 1
auto-affinity: local task 1: CPUs: 1
auto-affinity: local task 1: CPUs: 1
auto-affinity: local task 7: CPUs: 7
auto-affinity: local task 1: CPUs: 1
auto-affinity: local task 1: CPUs: 1
auto-affinity: local task 1: CPUs: 1
auto-affinity: local task 1: CPUs: 1
auto-affinity: local task 1: CPUs: 1
auto-affinity: local task 1: CPUs: 1
auto-affinity: local task 1: CPUs: 1
auto-affinity: local task 1: CPUs: 1
auto-affinity: local task 0: CPUs: 0
auto-affinity: local task 1: CPUs: 1
auto-affinity: local task 1: CPUs: 1
auto-affinity: local task 1: CPUs: 1
auto-affinity: local task 7: CPUs: 7
auto-affinity: local task 0: CPUs: 0
auto-affinity: local task 5: CPUs: 5
auto-affinity: local task 4: CPUs: 4
auto-affinity: local task 3: CPUs: 3
auto-affinity: local task 6: CPUs: 6
auto-affinity: local task 2: CPUs: 2
auto-affinity: local task 7: CPUs: 7
auto-affinity: local task 6: CPUs: 6
auto-affinity: local task 4: CPUs: 4
auto-affinity: local task 3: CPUs: 3
auto-affinity: local task 1: CPUs: 1
auto-affinity: local task 0: CPUs: 0
auto-affinity: local task 2: CPUs: 2
auto-affinity: local task 7: CPUs: 7
auto-affinity: local task 5: CPUs: 5
auto-affinity: local task 6: CPUs: 6
auto-affinity: local task 5: CPUs: 5
auto-affinity: local task 4: CPUs: 4
auto-affinity: local task 3: CPUs: 3
auto-affinity: local task 2: CPUs: 2
auto-affinity: local task 0: CPUs: 0
auto-affinity: local task 0: CPUs: 0
auto-affinity: local task 1: CPUs: 1
auto-affinity: local task 7: CPUs: 7
auto-affinity: local task 1: CPUs: 1
auto-affinity: local task 7: CPUs: 7
auto-affinity: local task 0: CPUs: 0
auto-affinity: local task 4: CPUs: 4
auto-affinity: local task 6: CPUs: 6
auto-affinity: local task 0: CPUs: 0
auto-affinity: local task 4: CPUs: 4
auto-affinity: local task 2: CPUs: 2
auto-affinity: local task 5: CPUs: 5
auto-affinity: local task 4: CPUs: 4
auto-affinity: local task 2: CPUs: 2
auto-affinity: local task 3: CPUs: 3
auto-affinity: local task 4: CPUs: 4
auto-affinity: local task 2: CPUs: 2
auto-affinity: local task 3: CPUs: 3
auto-affinity: local task 5: CPUs: 5
auto-affinity: local task 3: CPUs: 3
auto-affinity: local task 3: CPUs: 3
auto-affinity: local task 5: CPUs: 5
auto-affinity: local task 6: CPUs: 6
auto-affinity: local task 2: CPUs: 2
auto-affinity: local task 5: CPUs: 5
auto-affinity: local task 6: CPUs: 6
auto-affinity: local task 6: CPUs: 6
auto-affinity: local task 7: CPUs: 7
auto-affinity: local task 0: CPUs: 0
auto-affinity: local task 7: CPUs: 7
auto-affinity: local task 0: CPUs: 0
auto-affinity: local task 6: CPUs: 6
auto-affinity: local task 0: CPUs: 0
auto-affinity: local task 7: CPUs: 7
auto-affinity: local task 5: CPUs: 5
auto-affinity: local task 5: CPUs: 5
auto-affinity: local task 4: CPUs: 4
auto-affinity: local task 4: CPUs: 4
auto-affinity: local task 6: CPUs: 6
auto-affinity: local task 2: CPUs: 2
auto-affinity: local task 3: CPUs: 3
auto-affinity: local task 4: CPUs: 4
auto-affinity: local task 3: CPUs: 3
auto-affinity: local task 2: CPUs: 2
auto-affinity: local task 3: CPUs: 3
auto-affinity: local task 5: CPUs: 5
auto-affinity: local task 2: CPUs: 2
auto-affinity: local task 6: CPUs: 6
auto-affinity: local task 7: CPUs: 7
auto-affinity: local task 0: CPUs: 0
auto-affinity: local task 0: CPUs: 0
auto-affinity: local task 2: CPUs: 2
auto-affinity: local task 7: CPUs: 7
auto-affinity: local task 5: CPUs: 5
auto-affinity: local task 2: CPUs: 2
auto-affinity: local task 6: CPUs: 6
auto-affinity: local task 4: CPUs: 4
auto-affinity: local task 4: CPUs: 4
auto-affinity: local task 3: CPUs: 3
auto-affinity: local task 3: CPUs: 3
auto-affinity: local task 6: CPUs: 6
auto-affinity: local task 5: CPUs: 5
auto-affinity: local task 0: CPUs: 0
auto-affinity: local task 0: CPUs: 0
auto-affinity: local task 0: CPUs: 0
auto-affinity: local task 7: CPUs: 7
auto-affinity: local task 7: CPUs: 7
auto-affinity: local task 0: CPUs: 0
auto-affinity: local task 1: CPUs: 1
auto-affinity: local task 1: CPUs: 1
auto-affinity: local task 6: CPUs: 6
auto-affinity: local task 4: CPUs: 4
auto-affinity: local task 7: CPUs: 7
auto-affinity: local task 4: CPUs: 4
auto-affinity: local task 0: CPUs: 0
auto-affinity: local task 5: CPUs: 5
auto-affinity: local task 2: CPUs: 2
auto-affinity: local task 2: CPUs: 2
auto-affinity: local task 2: CPUs: 2
auto-affinity: local task 6: CPUs: 6
auto-affinity: local task 4: CPUs: 4
auto-affinity: local task 3: CPUs: 3
auto-affinity: local task 3: CPUs: 3
auto-affinity: local task 3: CPUs: 3
auto-affinity: local task 5: CPUs: 5
auto-affinity: local task 3: CPUs: 3
auto-affinity: local task 5: CPUs: 5
auto-affinity: local task 4: CPUs: 4
auto-affinity: local task 5: CPUs: 5
auto-affinity: local task 4: CPUs: 4
auto-affinity: local task 2: CPUs: 2
auto-affinity: local task 6: CPUs: 6
auto-affinity: local task 5: CPUs: 5
auto-affinity: local task 6: CPUs: 6
auto-affinity: local task 3: CPUs: 3
auto-affinity: local task 6: CPUs: 6
auto-affinity: local task 2: CPUs: 2
auto-affinity: local task 0: CPUs: 0
auto-affinity: local task 3: CPUs: 3
auto-affinity: local task 0: CPUs: 0
auto-affinity: local task 7: CPUs: 7
auto-affinity: local task 4: CPUs: 4
auto-affinity: local task 0: CPUs: 0
auto-affinity: local task 7: CPUs: 7
auto-affinity: local task 6: CPUs: 6
auto-affinity: local task 0: CPUs: 0
auto-affinity: local task 1: CPUs: 1
auto-affinity: local task 4: CPUs: 4
auto-affinity: local task 5: CPUs: 5
auto-affinity: local task 2: CPUs: 2
auto-affinity: local task 6: CPUs: 6
auto-affinity: local task 2: CPUs: 2
auto-affinity: local task 4: CPUs: 4
auto-affinity: local task 7: CPUs: 7
auto-affinity: local task 5: CPUs: 5
auto-affinity: local task 3: CPUs: 3
auto-affinity: local task 3: CPUs: 3
auto-affinity: local task 5: CPUs: 5
auto-affinity: local task 4: CPUs: 4
auto-affinity: local task 5: CPUs: 5
auto-affinity: local task 2: CPUs: 2
auto-affinity: local task 6: CPUs: 6
auto-affinity: local task 3: CPUs: 3
auto-affinity: local task 6: CPUs: 6
auto-affinity: local task 2: CPUs: 2
auto-affinity: local task 0: CPUs: 0
auto-affinity: local task 1: CPUs: 1
auto-affinity: local task 7: CPUs: 7
auto-affinity: local task 0: CPUs: 0
auto-affinity: local task 0: CPUs: 0
auto-affinity: local task 4: CPUs: 4
auto-affinity: local task 0: CPUs: 0
auto-affinity: local task 7: CPUs: 7
auto-affinity: local task 7: CPUs: 7
auto-affinity: local task 2: CPUs: 2
auto-affinity: local task 2: CPUs: 2
auto-affinity: local task 4: CPUs: 4
auto-affinity: local task 4: CPUs: 4
auto-affinity: local task 3: CPUs: 3
auto-affinity: local task 4: CPUs: 4
auto-affinity: local task 2: CPUs: 2
auto-affinity: local task 2: CPUs: 2
auto-affinity: local task 5: CPUs: 5
auto-affinity: local task 5: CPUs: 5
auto-affinity: local task 3: CPUs: 3
auto-affinity: local task 3: CPUs: 3
auto-affinity: local task 6: CPUs: 6
auto-affinity: local task 6: CPUs: 6
auto-affinity: local task 5: CPUs: 5
auto-affinity: local task 5: CPUs: 5
auto-affinity: local task 3: CPUs: 3
auto-affinity: local task 6: CPUs: 6
auto-affinity: local task 6: CPUs: 6
auto-affinity: local task 0: CPUs: 0
auto-affinity: local task 0: CPUs: 0
auto-affinity: local task 7: CPUs: 7
auto-affinity: local task 0: CPUs: 0
auto-affinity: local task 7: CPUs: 7
auto-affinity: local task 7: CPUs: 7
auto-affinity: local task 0: CPUs: 0
auto-affinity: local task 7: CPUs: 7
auto-affinity: local task 4: CPUs: 4
auto-affinity: local task 4: CPUs: 4
auto-affinity: local task 2: CPUs: 2
auto-affinity: local task 4: CPUs: 4
auto-affinity: local task 2: CPUs: 2
auto-affinity: local task 2: CPUs: 2
auto-affinity: local task 4: CPUs: 4
auto-affinity: local task 2: CPUs: 2
auto-affinity: local task 3: CPUs: 3
auto-affinity: local task 3: CPUs: 3
auto-affinity: local task 5: CPUs: 5
auto-affinity: local task 3: CPUs: 3
auto-affinity: local task 5: CPUs: 5
auto-affinity: local task 5: CPUs: 5
auto-affinity: local task 3: CPUs: 3
auto-affinity: local task 5: CPUs: 5
auto-affinity: local task 6: CPUs: 6
auto-affinity: local task 6: CPUs: 6
auto-affinity: local task 6: CPUs: 6
auto-affinity: local task 6: CPUs: 6
auto-affinity: local task 7: CPUs: 7
auto-affinity: local task 0: CPUs: 0
auto-affinity: local task 7: CPUs: 7
auto-affinity: local task 0: CPUs: 0
auto-affinity: local task 7: CPUs: 7
auto-affinity: local task 0: CPUs: 0
auto-affinity: local task 7: CPUs: 7
auto-affinity: local task 7: CPUs: 7
auto-affinity: local task 0: CPUs: 0
auto-affinity: local task 7: CPUs: 7
auto-affinity: local task 0: CPUs: 0
auto-affinity: local task 2: CPUs: 2
auto-affinity: local task 0: CPUs: 0
auto-affinity: local task 6: CPUs: 6
auto-affinity: local task 2: CPUs: 2
auto-affinity: local task 4: CPUs: 4
auto-affinity: local task 2: CPUs: 2
auto-affinity: local task 4: CPUs: 4
auto-affinity: local task 4: CPUs: 4
auto-affinity: local task 5: CPUs: 5
auto-affinity: local task 5: CPUs: 5
auto-affinity: local task 2: CPUs: 2
auto-affinity: local task 6: CPUs: 6
auto-affinity: local task 3: CPUs: 3
auto-affinity: local task 2: CPUs: 2
auto-affinity: local task 4: CPUs: 4
auto-affinity: local task 4: CPUs: 4
auto-affinity: local task 3: CPUs: 3
auto-affinity: local task 5: CPUs: 5
auto-affinity: local task 5: CPUs: 5
auto-affinity: local task 3: CPUs: 3
auto-affinity: local task 3: CPUs: 3
auto-affinity: local task 3: CPUs: 3
auto-affinity: local task 5: CPUs: 5
auto-affinity: local task 4: CPUs: 4
auto-affinity: local task 6: CPUs: 6
auto-affinity: local task 6: CPUs: 6
auto-affinity: local task 2: CPUs: 2
auto-affinity: local task 6: CPUs: 6
auto-affinity: local task 6: CPUs: 6
auto-affinity: local task 3: CPUs: 3
auto-affinity: local task 5: CPUs: 5
auto-affinity: local task 0: CPUs: 0
auto-affinity: local task 7: CPUs: 7
auto-affinity: local task 0: CPUs: 0
auto-affinity: local task 4: CPUs: 4
auto-affinity: local task 1: CPUs: 1
auto-affinity: local task 2: CPUs: 2
auto-affinity: local task 6: CPUs: 6
auto-affinity: local task 3: CPUs: 3
auto-affinity: local task 4: CPUs: 4
auto-affinity: local task 5: CPUs: 5
auto-affinity: local task 5: CPUs: 5
auto-affinity: local task 6: CPUs: 6
auto-affinity: local task 3: CPUs: 3
auto-affinity: local task 2: CPUs: 2
auto-affinity: local task 0: CPUs: 0
auto-affinity: local task 0: CPUs: 0
auto-affinity: local task 7: CPUs: 7
auto-affinity: local task 0: CPUs: 0
auto-affinity: local task 7: CPUs: 7
auto-affinity: local task 7: CPUs: 7
auto-affinity: local task 0: CPUs: 0
auto-affinity: local task 7: CPUs: 7
auto-affinity: local task 6: CPUs: 6
auto-affinity: local task 6: CPUs: 6
auto-affinity: local task 2: CPUs: 2
auto-affinity: local task 4: CPUs: 4
auto-affinity: local task 5: CPUs: 5
auto-affinity: local task 5: CPUs: 5
auto-affinity: local task 4: CPUs: 4
auto-affinity: local task 2: CPUs: 2
auto-affinity: local task 4: CPUs: 4
auto-affinity: local task 4: CPUs: 4
auto-affinity: local task 6: CPUs: 6
auto-affinity: local task 3: CPUs: 3
auto-affinity: local task 2: CPUs: 2
auto-affinity: local task 3: CPUs: 3
auto-affinity: local task 5: CPUs: 5
auto-affinity: local task 5: CPUs: 5
auto-affinity: local task 3: CPUs: 3
auto-affinity: local task 2: CPUs: 2
auto-affinity: local task 3: CPUs: 3
auto-affinity: local task 6: CPUs: 6
auto-affinity: local task 0: CPUs: 0
auto-affinity: local task 7: CPUs: 7
auto-affinity: local task 7: CPUs: 7
auto-affinity: local task 0: CPUs: 0
auto-affinity: local task 7: CPUs: 7
auto-affinity: local task 7: CPUs: 7
auto-affinity: local task 4: CPUs: 4
auto-affinity: local task 7: CPUs: 7
auto-affinity: local task 0: CPUs: 0
auto-affinity: local task 7: CPUs: 7
auto-affinity: local task 0: CPUs: 0
auto-affinity: local task 7: CPUs: 7
auto-affinity: local task 7: CPUs: 7
auto-affinity: local task 0: CPUs: 0
auto-affinity: local task 0: CPUs: 0
auto-affinity: local task 2: CPUs: 2
auto-affinity: local task 0: CPUs: 0
auto-affinity: local task 2: CPUs: 2
auto-affinity: local task 4: CPUs: 4
auto-affinity: local task 2: CPUs: 2
auto-affinity: local task 0: CPUs: 0
auto-affinity: local task 0: CPUs: 0
auto-affinity: local task 4: CPUs: 4
auto-affinity: local task 7: CPUs: 7
auto-affinity: local task 3: CPUs: 3
auto-affinity: local task 2: CPUs: 2
auto-affinity: local task 5: CPUs: 5
auto-affinity: local task 2: CPUs: 2
auto-affinity: local task 5: CPUs: 5
auto-affinity: local task 2: CPUs: 2
auto-affinity: local task 4: CPUs: 4
auto-affinity: local task 2: CPUs: 2
auto-affinity: local task 4: CPUs: 4
auto-affinity: local task 5: CPUs: 5
auto-affinity: local task 4: CPUs: 4
auto-affinity: local task 4: CPUs: 4
auto-affinity: local task 3: CPUs: 3
auto-affinity: local task 6: CPUs: 6
auto-affinity: local task 4: CPUs: 4
auto-affinity: local task 3: CPUs: 3
auto-affinity: local task 3: CPUs: 3
auto-affinity: local task 2: CPUs: 2
auto-affinity: local task 6: CPUs: 6
auto-affinity: local task 3: CPUs: 3
auto-affinity: local task 3: CPUs: 3
auto-affinity: local task 5: CPUs: 5
auto-affinity: local task 4: CPUs: 4
auto-affinity: local task 6: CPUs: 6
auto-affinity: local task 2: CPUs: 2
auto-affinity: local task 5: CPUs: 5
auto-affinity: local task 3: CPUs: 3
auto-affinity: local task 5: CPUs: 5
auto-affinity: local task 6: CPUs: 6
auto-affinity: local task 6: CPUs: 6
auto-affinity: local task 3: CPUs: 3
auto-affinity: local task 5: CPUs: 5
auto-affinity: local task 5: CPUs: 5
auto-affinity: local task 6: CPUs: 6
auto-affinity: local task 5: CPUs: 5
auto-affinity: local task 6: CPUs: 6
auto-affinity: local task 3: CPUs: 3
auto-affinity: local task 6: CPUs: 6
auto-affinity: local task 6: CPUs: 6
auto-affinity: local task 1: CPUs: 1
auto-affinity: local task 7: CPUs: 7
auto-affinity: local task 0: CPUs: 0
auto-affinity: local task 7: CPUs: 7
auto-affinity: local task 0: CPUs: 0
auto-affinity: local task 0: CPUs: 0
auto-affinity: local task 7: CPUs: 7
auto-affinity: local task 0: CPUs: 0
auto-affinity: local task 0: CPUs: 0
auto-affinity: local task 4: CPUs: 4
auto-affinity: local task 6: CPUs: 6
auto-affinity: local task 7: CPUs: 7
auto-affinity: local task 7: CPUs: 7
auto-affinity: local task 0: CPUs: 0
auto-affinity: local task 2: CPUs: 2
auto-affinity: local task 7: CPUs: 7
auto-affinity: local task 2: CPUs: 2
auto-affinity: local task 0: CPUs: 0
auto-affinity: local task 4: CPUs: 4
auto-affinity: local task 2: CPUs: 2
auto-affinity: local task 2: CPUs: 2
auto-affinity: local task 4: CPUs: 4
auto-affinity: local task 4: CPUs: 4
auto-affinity: local task 3: CPUs: 3
auto-affinity: local task 4: CPUs: 4
auto-affinity: local task 2: CPUs: 2
auto-affinity: local task 4: CPUs: 4
auto-affinity: local task 5: CPUs: 5
auto-affinity: local task 6: CPUs: 6
auto-affinity: local task 2: CPUs: 2
auto-affinity: local task 5: CPUs: 5
auto-affinity: local task 3: CPUs: 3
auto-affinity: local task 3: CPUs: 3
auto-affinity: local task 3: CPUs: 3
auto-affinity: local task 4: CPUs: 4
auto-affinity: local task 3: CPUs: 3
auto-affinity: local task 3: CPUs: 3
auto-affinity: local task 6: CPUs: 6
auto-affinity: local task 2: CPUs: 2
auto-affinity: local task 5: CPUs: 5
auto-affinity: local task 5: CPUs: 5
auto-affinity: local task 3: CPUs: 3
auto-affinity: local task 5: CPUs: 5
auto-affinity: local task 5: CPUs: 5
auto-affinity: local task 5: CPUs: 5
auto-affinity: local task 6: CPUs: 6
auto-affinity: local task 6: CPUs: 6
auto-affinity: local task 6: CPUs: 6
auto-affinity: local task 6: CPUs: 6
auto-affinity: local task 7: CPUs: 7
auto-affinity: local task 0: CPUs: 0
auto-affinity: local task 7: CPUs: 7
auto-affinity: local task 7: CPUs: 7
auto-affinity: local task 4: CPUs: 4
auto-affinity: local task 4: CPUs: 4
auto-affinity: local task 0: CPUs: 0
auto-affinity: local task 2: CPUs: 2
auto-affinity: local task 0: CPUs: 0
auto-affinity: local task 2: CPUs: 2
auto-affinity: local task 3: CPUs: 3
auto-affinity: local task 3: CPUs: 3
auto-affinity: local task 4: CPUs: 4
auto-affinity: local task 5: CPUs: 5
auto-affinity: local task 2: CPUs: 2
auto-affinity: local task 3: CPUs: 3
auto-affinity: local task 6: CPUs: 6
auto-affinity: local task 5: CPUs: 5
auto-affinity: local task 6: CPUs: 6
auto-affinity: local task 6: CPUs: 6
auto-affinity: local task 5: CPUs: 5
auto-affinity: local task 1: CPUs: 1
auto-affinity: local task 7: CPUs: 7
auto-affinity: local task 2: CPUs: 2
auto-affinity: local task 6: CPUs: 6
auto-affinity: local task 5: CPUs: 5
auto-affinity: local task 4: CPUs: 4
auto-affinity: local task 3: CPUs: 3
auto-affinity: local task 0: CPUs: 0
auto-affinity: local task 0: CPUs: 0
auto-affinity: local task 7: CPUs: 7
auto-affinity: local task 7: CPUs: 7
auto-affinity: local task 4: CPUs: 4
auto-affinity: local task 6: CPUs: 6
auto-affinity: local task 2: CPUs: 2
auto-affinity: local task 5: CPUs: 5
auto-affinity: local task 3: CPUs: 3
auto-affinity: local task 4: CPUs: 4
auto-affinity: local task 5: CPUs: 5
auto-affinity: local task 3: CPUs: 3
auto-affinity: local task 6: CPUs: 6
auto-affinity: local task 2: CPUs: 2
auto-affinity: local task 7: CPUs: 7
auto-affinity: local task 0: CPUs: 0
auto-affinity: local task 2: CPUs: 2
auto-affinity: local task 4: CPUs: 4
auto-affinity: local task 3: CPUs: 3
auto-affinity: local task 5: CPUs: 5
auto-affinity: local task 6: CPUs: 6
filename=rzmerl37_rapl_sphot.512_0112__XXXXXX
filename=rzmerl17_rapl_sphot.512_0000__XXXXXX
filename=rzmerl129_rapl_sphot.512_0304__XXXXXX
filename=rzmerl23_rapl_sphot.512_0048__XXXXXX
filename=rzmerl53_rapl_sphot.512_0240__XXXXXX
filename=rzmerl127_rapl_sphot.512_0288__XXXXXX
filename=rzmerl145_rapl_sphot.512_0432__XXXXXX
filename=rzmerl125_rapl_sphot.512_0272__XXXXXX
filename=rzmerl137_rapl_sphot.512_0368__XXXXXX
filename=rzmerl151_rapl_sphot.512_0480__XXXXXX
filename=rzmerl143_rapl_sphot.512_0416__XXXXXX
filename=rzmerl33_rapl_sphot.512_0080__XXXXXX
filename=rzmerl149_rapl_sphot.512_0464__XXXXXX
filename=rzmerl43_rapl_sphot.512_0160__XXXXXX
filename=rzmerl19_rapl_sphot.512_0016__XXXXXX
filename=rzmerl49_rapl_sphot.512_0208__XXXXXX
filename=rzmerl41_rapl_sphot.512_0144__XXXXXX
filename=rzmerl51_rapl_sphot.512_0224__XXXXXX
filename=rzmerl133_rapl_sphot.512_0336__XXXXXX
filename=rzmerl135_rapl_sphot.512_0352__XXXXXX
filename=rzmerl55_rapl_sphot.512_0256__XXXXXX
filename=rzmerl147_rapl_sphot.512_0448__XXXXXX
filename=rzmerl139_rapl_sphot.512_0384__XXXXXX
filename=rzmerl131_rapl_sphot.512_0320__XXXXXX
filename=rzmerl141_rapl_sphot.512_0400__XXXXXX
filename=rzmerl21_rapl_sphot.512_0032__XXXXXX
filename=rzmerl35_rapl_sphot.512_0096__XXXXXX
filename=rzmerl39_rapl_sphot.512_0128__XXXXXX
filename=rzmerl153_rapl_sphot.512_0496__XXXXXX
filename=rzmerl45_rapl_sphot.512_0176__XXXXXX
filename=rzmerl31_rapl_sphot.512_0064__XXXXXX
filename=rzmerl47_rapl_sphot.512_0192__XXXXXX
msr_opt.c::79 setting MSR_PKG_POWER_LIMIT to 0x38280 on cpu 0
msr_opt.c::85 setting MSR_PP0_POWER_LIMIT to 0x0 on cpu 0
msr_opt.c::90 setting MSR_DRAM_POWER_LIMIT to 0x0 on cpu 0
msr_opt.c::79 setting MSR_PKG_POWER_LIMIT to 0x38280 on cpu 1
msr_opt.c::85 setting MSR_PP0_POWER_LIMIT to 0x0 on cpu 1
msr_opt.c::90 setting MSR_DRAM_POWER_LIMIT to 0x0 on cpu 1
msr_rapl.c::399 returned from parse_opts
msr_opt.c::79 setting MSR_PKG_POWER_LIMIT to 0x38280 on cpu 0
msr_opt.c::85 setting MSR_PP0_POWER_LIMIT to 0x0 on cpu 0
msr_opt.c::90 setting MSR_DRAM_POWER_LIMIT to 0x0 on cpu 0
msr_opt.c::79 setting MSR_PKG_POWER_LIMIT to 0x38280 on cpu 0
msr_opt.c::79 setting MSR_PKG_POWER_LIMIT to 0x38280 on cpu 1
msr_opt.c::79 setting MSR_PKG_POWER_LIMIT to 0x38280 on cpu 0
msr_opt.c::85 setting MSR_PP0_POWER_LIMIT to 0x0 on cpu 1
msr_opt.c::90 setting MSR_DRAM_POWER_LIMIT to 0x0 on cpu 1
msr_opt.c::85 setting MSR_PP0_POWER_LIMIT to 0x0 on cpu 0
msr_opt.c::85 setting MSR_PP0_POWER_LIMIT to 0x0 on cpu 0
msr_opt.c::90 setting MSR_DRAM_POWER_LIMIT to 0x0 on cpu 0
msr_opt.c::90 setting MSR_DRAM_POWER_LIMIT to 0x0 on cpu 0
msr_opt.c::79 setting MSR_PKG_POWER_LIMIT to 0x38280 on cpu 1
msr_opt.c::79 setting MSR_PKG_POWER_LIMIT to 0x38280 on cpu 1
msr_opt.c::79 setting MSR_PKG_POWER_LIMIT to 0x38280 on cpu 0
msr_opt.c::85 setting MSR_PP0_POWER_LIMIT to 0x0 on cpu 1
msr_opt.c::79 setting MSR_PKG_POWER_LIMIT to 0x38280 on cpu 0
msr_rapl.c::399 returned from parse_opts
msr_opt.c::85 setting MSR_PP0_POWER_LIMIT to 0x0 on cpu 0
msr_opt.c::85 setting MSR_PP0_POWER_LIMIT to 0x0 on cpu 1
msr_opt.c::79 setting MSR_PKG_POWER_LIMIT to 0x38280 on cpu 0
msr_opt.c::79 setting MSR_PKG_POWER_LIMIT to 0x38280 on cpu 0
msr_opt.c::90 setting MSR_DRAM_POWER_LIMIT to 0x0 on cpu 0
msr_opt.c::90 setting MSR_DRAM_POWER_LIMIT to 0x0 on cpu 1
msr_opt.c::90 setting MSR_DRAM_POWER_LIMIT to 0x0 on cpu 1
msr_opt.c::85 setting MSR_PP0_POWER_LIMIT to 0x0 on cpu 0
msr_opt.c::79 setting MSR_PKG_POWER_LIMIT to 0x38280 on cpu 1
msr_rapl.c::399 returned from parse_opts
msr_rapl.c::399 returned from parse_opts
msr_opt.c::90 setting MSR_DRAM_POWER_LIMIT to 0x0 on cpu 0
msr_opt.c::85 setting MSR_PP0_POWER_LIMIT to 0x0 on cpu 1
msr_opt.c::79 setting MSR_PKG_POWER_LIMIT to 0x38280 on cpu 0
msr_opt.c::90 setting MSR_DRAM_POWER_LIMIT to 0x0 on cpu 1
msr_opt.c::79 setting MSR_PKG_POWER_LIMIT to 0x38280 on cpu 0
msr_opt.c::85 setting MSR_PP0_POWER_LIMIT to 0x0 on cpu 0
msr_opt.c::85 setting MSR_PP0_POWER_LIMIT to 0x0 on cpu 0
msr_rapl.c::399 returned from parse_opts
msr_opt.c::90 setting MSR_DRAM_POWER_LIMIT to 0x0 on cpu 0
msr_opt.c::79 setting MSR_PKG_POWER_LIMIT to 0x38280 on cpu 1
msr_opt.c::90 setting MSR_DRAM_POWER_LIMIT to 0x0 on cpu 0
msr_opt.c::79 setting MSR_PKG_POWER_LIMIT to 0x38280 on cpu 1
msr_opt.c::85 setting MSR_PP0_POWER_LIMIT to 0x0 on cpu 1
msr_opt.c::79 setting MSR_PKG_POWER_LIMIT to 0x38280 on cpu 1
msr_opt.c::85 setting MSR_PP0_POWER_LIMIT to 0x0 on cpu 1
msr_opt.c::90 setting MSR_DRAM_POWER_LIMIT to 0x0 on cpu 1
msr_opt.c::85 setting MSR_PP0_POWER_LIMIT to 0x0 on cpu 1
msr_rapl.c::399 returned from parse_opts
msr_opt.c::85 setting MSR_PP0_POWER_LIMIT to 0x0 on cpu 0
msr_opt.c::85 setting MSR_PP0_POWER_LIMIT to 0x0 on cpu 0
msr_opt.c::90 setting MSR_DRAM_POWER_LIMIT to 0x0 on cpu 1
msr_opt.c::90 setting MSR_DRAM_POWER_LIMIT to 0x0 on cpu 1
msr_opt.c::90 setting MSR_DRAM_POWER_LIMIT to 0x0 on cpu 0
msr_opt.c::90 setting MSR_DRAM_POWER_LIMIT to 0x0 on cpu 0
msr_rapl.c::399 returned from parse_opts
msr_rapl.c::399 returned from parse_opts
msr_opt.c::79 setting MSR_PKG_POWER_LIMIT to 0x38280 on cpu 1
msr_opt.c::79 setting MSR_PKG_POWER_LIMIT to 0x38280 on cpu 1
msr_opt.c::85 setting MSR_PP0_POWER_LIMIT to 0x0 on cpu 1
msr_opt.c::85 setting MSR_PP0_POWER_LIMIT to 0x0 on cpu 1
msr_opt.c::90 setting MSR_DRAM_POWER_LIMIT to 0x0 on cpu 1
msr_rapl.c::399 returned from parse_opts
msr_opt.c::90 setting MSR_DRAM_POWER_LIMIT to 0x0 on cpu 1
msr_rapl.c::399 returned from parse_opts
msr_opt.c::79 setting MSR_PKG_POWER_LIMIT to 0x38280 on cpu 0
msr_opt.c::85 setting MSR_PP0_POWER_LIMIT to 0x0 on cpu 0
msr_opt.c::90 setting MSR_DRAM_POWER_LIMIT to 0x0 on cpu 0
msr_opt.c::79 setting MSR_PKG_POWER_LIMIT to 0x38280 on cpu 1
msr_opt.c::85 setting MSR_PP0_POWER_LIMIT to 0x0 on cpu 1
msr_opt.c::90 setting MSR_DRAM_POWER_LIMIT to 0x0 on cpu 1
msr_rapl.c::399 returned from parse_opts
msr_opt.c::79 setting MSR_PKG_POWER_LIMIT to 0x38280 on cpu 0
msr_opt.c::85 setting MSR_PP0_POWER_LIMIT to 0x0 on cpu 0
msr_opt.c::90 setting MSR_DRAM_POWER_LIMIT to 0x0 on cpu 0
msr_opt.c::79 setting MSR_PKG_POWER_LIMIT to 0x38280 on cpu 1
msr_opt.c::85 setting MSR_PP0_POWER_LIMIT to 0x0 on cpu 1
msr_opt.c::90 setting MSR_DRAM_POWER_LIMIT to 0x0 on cpu 1
msr_rapl.c::399 returned from parse_opts
msr_opt.c::79 setting MSR_PKG_POWER_LIMIT to 0x38280 on cpu 0
msr_opt.c::85 setting MSR_PP0_POWER_LIMIT to 0x0 on cpu 0
msr_opt.c::90 setting MSR_DRAM_POWER_LIMIT to 0x0 on cpu 0
msr_opt.c::79 setting MSR_PKG_POWER_LIMIT to 0x38280 on cpu 1
msr_opt.c::85 setting MSR_PP0_POWER_LIMIT to 0x0 on cpu 1
msr_opt.c::90 setting MSR_DRAM_POWER_LIMIT to 0x0 on cpu 1
msr_rapl.c::399 returned from parse_opts
msr_opt.c::79 setting MSR_PKG_POWER_LIMIT to 0x38280 on cpu 0
msr_opt.c::85 setting MSR_PP0_POWER_LIMIT to 0x0 on cpu 0
msr_opt.c::90 setting MSR_DRAM_POWER_LIMIT to 0x0 on cpu 0
msr_opt.c::79 setting MSR_PKG_POWER_LIMIT to 0x38280 on cpu 1
msr_opt.c::85 setting MSR_PP0_POWER_LIMIT to 0x0 on cpu 1
msr_opt.c::90 setting MSR_DRAM_POWER_LIMIT to 0x0 on cpu 1
msr_rapl.c::399 returned from parse_opts
msr_opt.c::79 setting MSR_PKG_POWER_LIMIT to 0x38280 on cpu 0
msr_opt.c::79 setting MSR_PKG_POWER_LIMIT to 0x38280 on cpu 0
msr_opt.c::79 setting MSR_PKG_POWER_LIMIT to 0x38280 on cpu 0
msr_opt.c::79 setting MSR_PKG_POWER_LIMIT to 0x38280 on cpu 0
msr_opt.c::79 setting MSR_PKG_POWER_LIMIT to 0x38280 on cpu 0
msr_opt.c::79 setting MSR_PKG_POWER_LIMIT to 0x38280 on cpu 0
msr_opt.c::79 setting MSR_PKG_POWER_LIMIT to 0x38280 on cpu 0
msr_opt.c::79 setting MSR_PKG_POWER_LIMIT to 0x38280 on cpu 0
msr_opt.c::79 setting MSR_PKG_POWER_LIMIT to 0x38280 on cpu 0
msr_opt.c::79 setting MSR_PKG_POWER_LIMIT to 0x38280 on cpu 0
msr_opt.c::79 setting MSR_PKG_POWER_LIMIT to 0x38280 on cpu 0
msr_opt.c::79 setting MSR_PKG_POWER_LIMIT to 0x38280 on cpu 0
msr_opt.c::79 setting MSR_PKG_POWER_LIMIT to 0x38280 on cpu 0
msr_opt.c::79 setting MSR_PKG_POWER_LIMIT to 0x38280 on cpu 0
msr_opt.c::79 setting MSR_PKG_POWER_LIMIT to 0x38280 on cpu 0
msr_opt.c::85 setting MSR_PP0_POWER_LIMIT to 0x0 on cpu 0
msr_opt.c::85 setting MSR_PP0_POWER_LIMIT to 0x0 on cpu 0
msr_opt.c::85 setting MSR_PP0_POWER_LIMIT to 0x0 on cpu 0
msr_opt.c::85 setting MSR_PP0_POWER_LIMIT to 0x0 on cpu 0
msr_opt.c::85 setting MSR_PP0_POWER_LIMIT to 0x0 on cpu 0
msr_opt.c::85 setting MSR_PP0_POWER_LIMIT to 0x0 on cpu 0
msr_opt.c::85 setting MSR_PP0_POWER_LIMIT to 0x0 on cpu 0
msr_opt.c::85 setting MSR_PP0_POWER_LIMIT to 0x0 on cpu 0
msr_opt.c::85 setting MSR_PP0_POWER_LIMIT to 0x0 on cpu 0
msr_opt.c::85 setting MSR_PP0_POWER_LIMIT to 0x0 on cpu 0
msr_opt.c::85 setting MSR_PP0_POWER_LIMIT to 0x0 on cpu 0
msr_opt.c::85 setting MSR_PP0_POWER_LIMIT to 0x0 on cpu 0
msr_opt.c::85 setting MSR_PP0_POWER_LIMIT to 0x0 on cpu 0
msr_opt.c::85 setting MSR_PP0_POWER_LIMIT to 0x0 on cpu 0
msr_opt.c::85 setting MSR_PP0_POWER_LIMIT to 0x0 on cpu 0
msr_opt.c::90 setting MSR_DRAM_POWER_LIMIT to 0x0 on cpu 0
msr_opt.c::90 setting MSR_DRAM_POWER_LIMIT to 0x0 on cpu 0
msr_opt.c::90 setting MSR_DRAM_POWER_LIMIT to 0x0 on cpu 0
msr_opt.c::90 setting MSR_DRAM_POWER_LIMIT to 0x0 on cpu 0
msr_opt.c::90 setting MSR_DRAM_POWER_LIMIT to 0x0 on cpu 0
msr_opt.c::79 setting MSR_PKG_POWER_LIMIT to 0x38280 on cpu 0
msr_opt.c::85 setting MSR_PP0_POWER_LIMIT to 0x0 on cpu 0
msr_opt.c::90 setting MSR_DRAM_POWER_LIMIT to 0x0 on cpu 0
msr_opt.c::79 setting MSR_PKG_POWER_LIMIT to 0x38280 on cpu 1
msr_opt.c::85 setting MSR_PP0_POWER_LIMIT to 0x0 on cpu 1
msr_opt.c::90 setting MSR_DRAM_POWER_LIMIT to 0x0 on cpu 1
msr_rapl.c::399 returned from parse_opts
msr_opt.c::90 setting MSR_DRAM_POWER_LIMIT to 0x0 on cpu 0
msr_opt.c::90 setting MSR_DRAM_POWER_LIMIT to 0x0 on cpu 0
msr_opt.c::90 setting MSR_DRAM_POWER_LIMIT to 0x0 on cpu 0
msr_opt.c::90 setting MSR_DRAM_POWER_LIMIT to 0x0 on cpu 0
msr_opt.c::90 setting MSR_DRAM_POWER_LIMIT to 0x0 on cpu 0
msr_opt.c::90 setting MSR_DRAM_POWER_LIMIT to 0x0 on cpu 0
msr_opt.c::90 setting MSR_DRAM_POWER_LIMIT to 0x0 on cpu 0
msr_opt.c::90 setting MSR_DRAM_POWER_LIMIT to 0x0 on cpu 0
msr_opt.c::90 setting MSR_DRAM_POWER_LIMIT to 0x0 on cpu 0
msr_opt.c::90 setting MSR_DRAM_POWER_LIMIT to 0x0 on cpu 0
msr_opt.c::79 setting MSR_PKG_POWER_LIMIT to 0x38280 on cpu 1
msr_opt.c::79 setting MSR_PKG_POWER_LIMIT to 0x38280 on cpu 1
msr_opt.c::79 setting MSR_PKG_POWER_LIMIT to 0x38280 on cpu 1
msr_opt.c::79 setting MSR_PKG_POWER_LIMIT to 0x38280 on cpu 1
msr_opt.c::79 setting MSR_PKG_POWER_LIMIT to 0x38280 on cpu 1
msr_opt.c::79 setting MSR_PKG_POWER_LIMIT to 0x38280 on cpu 1
msr_opt.c::79 setting MSR_PKG_POWER_LIMIT to 0x38280 on cpu 1
msr_opt.c::79 setting MSR_PKG_POWER_LIMIT to 0x38280 on cpu 1
msr_opt.c::79 setting MSR_PKG_POWER_LIMIT to 0x38280 on cpu 1
msr_opt.c::79 setting MSR_PKG_POWER_LIMIT to 0x38280 on cpu 1
msr_opt.c::79 setting MSR_PKG_POWER_LIMIT to 0x38280 on cpu 1
msr_opt.c::79 setting MSR_PKG_POWER_LIMIT to 0x38280 on cpu 1
msr_opt.c::79 setting MSR_PKG_POWER_LIMIT to 0x38280 on cpu 1
msr_opt.c::79 setting MSR_PKG_POWER_LIMIT to 0x38280 on cpu 1
msr_opt.c::79 setting MSR_PKG_POWER_LIMIT to 0x38280 on cpu 1
msr_opt.c::85 setting MSR_PP0_POWER_LIMIT to 0x0 on cpu 1
msr_opt.c::85 setting MSR_PP0_POWER_LIMIT to 0x0 on cpu 1
msr_opt.c::85 setting MSR_PP0_POWER_LIMIT to 0x0 on cpu 1
msr_opt.c::85 setting MSR_PP0_POWER_LIMIT to 0x0 on cpu 1
msr_opt.c::85 setting MSR_PP0_POWER_LIMIT to 0x0 on cpu 1
msr_opt.c::85 setting MSR_PP0_POWER_LIMIT to 0x0 on cpu 1
msr_opt.c::85 setting MSR_PP0_POWER_LIMIT to 0x0 on cpu 1
msr_opt.c::85 setting MSR_PP0_POWER_LIMIT to 0x0 on cpu 1
msr_opt.c::85 setting MSR_PP0_POWER_LIMIT to 0x0 on cpu 1
msr_opt.c::85 setting MSR_PP0_POWER_LIMIT to 0x0 on cpu 1
msr_opt.c::85 setting MSR_PP0_POWER_LIMIT to 0x0 on cpu 1
msr_opt.c::85 setting MSR_PP0_POWER_LIMIT to 0x0 on cpu 1
msr_opt.c::85 setting MSR_PP0_POWER_LIMIT to 0x0 on cpu 1
msr_opt.c::85 setting MSR_PP0_POWER_LIMIT to 0x0 on cpu 1
msr_opt.c::85 setting MSR_PP0_POWER_LIMIT to 0x0 on cpu 1
msr_opt.c::90 setting MSR_DRAM_POWER_LIMIT to 0x0 on cpu 1
msr_opt.c::90 setting MSR_DRAM_POWER_LIMIT to 0x0 on cpu 1
msr_opt.c::90 setting MSR_DRAM_POWER_LIMIT to 0x0 on cpu 1
msr_opt.c::90 setting MSR_DRAM_POWER_LIMIT to 0x0 on cpu 1
msr_opt.c::90 setting MSR_DRAM_POWER_LIMIT to 0x0 on cpu 1
msr_opt.c::90 setting MSR_DRAM_POWER_LIMIT to 0x0 on cpu 1
msr_opt.c::90 setting MSR_DRAM_POWER_LIMIT to 0x0 on cpu 1
msr_opt.c::90 setting MSR_DRAM_POWER_LIMIT to 0x0 on cpu 1
msr_opt.c::90 setting MSR_DRAM_POWER_LIMIT to 0x0 on cpu 1
msr_opt.c::90 setting MSR_DRAM_POWER_LIMIT to 0x0 on cpu 1
msr_opt.c::90 setting MSR_DRAM_POWER_LIMIT to 0x0 on cpu 1
msr_opt.c::90 setting MSR_DRAM_POWER_LIMIT to 0x0 on cpu 1
msr_opt.c::90 setting MSR_DRAM_POWER_LIMIT to 0x0 on cpu 1
msr_opt.c::90 setting MSR_DRAM_POWER_LIMIT to 0x0 on cpu 1
msr_opt.c::90 setting MSR_DRAM_POWER_LIMIT to 0x0 on cpu 1
msr_rapl.c::399 returned from parse_opts
msr_rapl.c::399 returned from parse_opts
msr_rapl.c::399 returned from parse_opts
msr_rapl.c::399 returned from parse_opts
msr_rapl.c::399 returned from parse_opts
msr_rapl.c::399 returned from parse_opts
msr_rapl.c::399 returned from parse_opts
msr_rapl.c::399 returned from parse_opts
msr_rapl.c::399 returned from parse_opts
msr_rapl.c::399 returned from parse_opts
msr_rapl.c::399 returned from parse_opts
msr_rapl.c::399 returned from parse_opts
msr_rapl.c::399 returned from parse_opts
msr_rapl.c::399 returned from parse_opts
msr_rapl.c::399 returned from parse_opts
msr_opt.c::79 setting MSR_PKG_POWER_LIMIT to 0x38280 on cpu 0
msr_opt.c::85 setting MSR_PP0_POWER_LIMIT to 0x0 on cpu 0
msr_opt.c::90 setting MSR_DRAM_POWER_LIMIT to 0x0 on cpu 0
msr_opt.c::79 setting MSR_PKG_POWER_LIMIT to 0x38280 on cpu 1
msr_opt.c::85 setting MSR_PP0_POWER_LIMIT to 0x0 on cpu 1
msr_opt.c::90 setting MSR_DRAM_POWER_LIMIT to 0x0 on cpu 1
msr_rapl.c::399 returned from parse_opts
msr_opt.c::79 setting MSR_PKG_POWER_LIMIT to 0x38280 on cpu 0
msr_opt.c::85 setting MSR_PP0_POWER_LIMIT to 0x0 on cpu 0
msr_opt.c::90 setting MSR_DRAM_POWER_LIMIT to 0x0 on cpu 0
msr_opt.c::79 setting MSR_PKG_POWER_LIMIT to 0x38280 on cpu 1
msr_opt.c::85 setting MSR_PP0_POWER_LIMIT to 0x0 on cpu 1
msr_opt.c::90 setting MSR_DRAM_POWER_LIMIT to 0x0 on cpu 1
msr_rapl.c::399 returned from parse_opts
