filename=rzmerl60_rapl_(null)_0016__XXXXXX
filename=rzmerl86_rapl_(null)_0176__XXXXXX
filename=rzmerl61_rapl_(null)_0032__XXXXXX
filename=rzmerl88_rapl_(null)_0208__XXXXXX
filename=rzmerl59_rapl_(null)_0000__XXXXXX
filename=rzmerl87_rapl_(null)_0192__XXXXXX
filename=rzmerl123_rapl_(null)_0240__XXXXXX
filename=rzmerl85_rapl_(null)_0160__XXXXXX
filename=rzmerl119_rapl_(null)_0224__XXXXXX
filename=rzmerl79_rapl_(null)_0064__XXXXXX
filename=rzmerl80_rapl_(null)_0080__XXXXXX
filename=rzmerl81_rapl_(null)_0096__XXXXXX
filename=rzmerl82_rapl_(null)_0112__XXXXXX
filename=rzmerl84_rapl_(null)_0144__XXXXXX
filename=rzmerl83_rapl_(null)_0128__XXXXXX
filename=rzmerl78_rapl_(null)_0048__XXXXXX
msr_core.c::79  pread returned -1.  cpu=1, msr=416 (0x1a0), val=274886623369 (0x4000850089).
: Illegal seek
msr_core.c::67  pwrite returned -1.  fd[1]=0, cpu=1, msr=416 (1a0), val=274886623369 (0x4000850089).  errno=29
: Illegal seek
msr_core.c::79  pread returned -1.  cpu=1, msr=416 (0x1a0), val=274886623369 (0x4000850089).
: Illegal seek
msr_core.c::67  pwrite returned -1.  fd[1]=0, cpu=1, msr=416 (1a0), val=274886623369 (0x4000850089).  errno=29
: Illegal seek
msr_core.c::79  pread returned -1.  cpu=1, msr=416 (0x1a0), val=274886623369 (0x4000850089).
: Illegal seek
msr_core.c::79  pread returned -1.  cpu=1, msr=416 (0x1a0), val=274886623369 (0x4000850089).
: Illegal seek
msr_core.c::79  pread returned -1.  cpu=1, msr=416 (0x1a0), val=274886623369 (0x4000850089).
: Illegal seek
msr_core.c::79  pread returned -1.  cpu=1, msr=416 (0x1a0), val=274886623369 (0x4000850089).
: Illegal seek
msr_core.c::79  pread returned -1.  cpu=1, msr=416 (0x1a0), val=274886623369 (0x4000850089).
: Illegal seek
msr_core.c::67  pwrite returned -1.  fd[1]=0, cpu=1, msr=416 (1a0), val=274886623369 (0x4000850089).  errno=29
: Illegal seek
msr_core.c::79  pread returned -1.  cpu=1, msr=416 (0x1a0), val=274886623369 (0x4000850089).
: Illegal seek
msr_core.c::79  pread returned -1.  cpu=1, msr=416 (0x1a0), val=274886623369 (0x4000850089).
: Illegal seek
msr_core.c::79  pread returned -1.  cpu=1, msr=416 (0x1a0), val=274886623369 (0x4000850089).
: Illegal seek
msr_core.c::67  pwrite returned -1.  fd[1]=0, cpu=1, msr=416 (1a0), val=274886623369 (0x4000850089).  errno=29
: Illegal seek
msr_core.c::67  pwrite returned -1.  fd[1]=0, cpu=1, msr=416 (1a0), val=274886623369 (0x4000850089).  errno=29
: Illegal seek
msr_core.c::79  pread returned -1.  cpu=1, msr=416 (0x1a0), val=274886623369 (0x4000850089).
: Illegal seek
msr_core.c::79  pread returned -1.  cpu=1, msr=416 (0x1a0), val=274886623369 (0x4000850089).
: Illegal seek
msr_core.c::67  pwrite returned -1.  fd[1]=0, cpu=1, msr=416 (1a0), val=274886623369 (0x4000850089).  errno=29
: Illegal seek
msr_core.c::67  pwrite returned -1.  fd[1]=0, cpu=1, msr=416 (1a0), val=274886623369 (0x4000850089).  errno=29
: Illegal seek
msr_core.c::67  pwrite returned -1.  fd[1]=0, cpu=1, msr=416 (1a0), val=274886623369 (0x4000850089).  errno=29
: Illegal seek
msr_core.c::67  pwrite returned -1.  fd[1]=0, cpu=1, msr=416 (1a0), val=274886623369 (0x4000850089).  errno=29
: Illegal seek
msr_core.c::79  pread returned -1.  cpu=1, msr=416 (0x1a0), val=274886623369 (0x4000850089).
: Illegal seek
msr_core.c::67  pwrite returned -1.  fd[1]=0, cpu=1, msr=416 (1a0), val=274886623369 (0x4000850089).  errno=29
: Illegal seek
msr_core.c::67  pwrite returned -1.  fd[1]=0, cpu=1, msr=416 (1a0), val=274886623369 (0x4000850089).  errno=29
: Illegal seek
msr_core.c::79  pread returned -1.  cpu=1, msr=416 (0x1a0), val=274886623369 (0x4000850089).
: Illegal seek
msr_core.c::67  pwrite returned -1.  fd[1]=0, cpu=1, msr=416 (1a0), val=274886623369 (0x4000850089).  errno=29
: Illegal seek
msr_core.c::79  pread returned -1.  cpu=1, msr=416 (0x1a0), val=274886623369 (0x4000850089).
: Illegal seek
msr_core.c::79  pread returned -1.  cpu=1, msr=416 (0x1a0), val=274886623369 (0x4000850089).
: Illegal seek
msr_core.c::67  pwrite returned -1.  fd[1]=0, cpu=1, msr=416 (1a0), val=274886623369 (0x4000850089).  errno=29
: Illegal seek
msr_core.c::67  pwrite returned -1.  fd[1]=0, cpu=1, msr=416 (1a0), val=274886623369 (0x4000850089).  errno=29
: Illegal seek
msr_core.c::67  pwrite returned -1.  fd[1]=0, cpu=1, msr=416 (1a0), val=274886623369 (0x4000850089).  errno=29
: Illegal seek
msr_core.c::67  pwrite returned -1.  fd[1]=0, cpu=1, msr=416 (1a0), val=274886623369 (0x4000850089).  errno=29
: Illegal seek
filename=rzmerl107_rapl_(null)_0064__XXXXXX
filename=rzmerl106_rapl_(null)_0048__XXXXXX
filename=rzmerl104_rapl_(null)_0016__XXXXXX
filename=rzmerl118_rapl_(null)_0240__XXXXXX
filename=rzmerl113_rapl_(null)_0160__XXXXXX
filename=rzmerl108_rapl_(null)_0080__XXXXXX
filename=rzmerl117_rapl_(null)_0224__XXXXXX
filename=rzmerl109_rapl_(null)_0096__XXXXXX
filename=rzmerl111_rapl_(null)_0128__XXXXXX
filename=rzmerl112_rapl_(null)_0144__XXXXXX
filename=rzmerl116_rapl_(null)_0208__XXXXXX
filename=rzmerl110_rapl_(null)_0112__XXXXXX
filename=rzmerl105_rapl_(null)_0032__XXXXXX
filename=rzmerl103_rapl_(null)_0000__XXXXXX
filename=rzmerl114_rapl_(null)_0176__XXXXXX
filename=rzmerl115_rapl_(null)_0192__XXXXXX
msr_core.c::79  pread returned -1.  cpu=1, msr=416 (0x1a0), val=274886623369 (0x4000850089).
: Illegal seek
msr_core.c::67  pwrite returned -1.  fd[1]=0, cpu=1, msr=416 (1a0), val=274886623369 (0x4000850089).  errno=29
: Illegal seek
msr_core.c::79  pread returned -1.  cpu=1, msr=416 (0x1a0), val=274886623369 (0x4000850089).
: Illegal seek
msr_core.c::79  pread returned -1.  cpu=1, msr=416 (0x1a0), val=274886623369 (0x4000850089).
: Illegal seek
msr_core.c::67  pwrite returned -1.  fd[1]=0, cpu=1, msr=416 (1a0), val=274886623369 (0x4000850089).  errno=29
: Illegal seek
msr_core.c::67  pwrite returned -1.  fd[1]=0, cpu=1, msr=416 (1a0), val=274886623369 (0x4000850089).  errno=29
: Illegal seek
msr_core.c::79  pread returned -1.  cpu=1, msr=416 (0x1a0), val=274886623369 (0x4000850089).
: Illegal seek
msr_core.c::79  pread returned -1.  cpu=1, msr=416 (0x1a0), val=274886623369 (0x4000850089).
: Illegal seek
msr_core.c::79  pread returned -1.  cpu=1, msr=416 (0x1a0), val=274886623369 (0x4000850089).
: Illegal seek
msr_core.c::79  pread returned -1.  cpu=1, msr=416 (0x1a0), val=274886623369 (0x4000850089).
: Illegal seek
msr_core.c::79  pread returned -1.  cpu=1, msr=416 (0x1a0), val=274886623369 (0x4000850089).
: Illegal seek
msr_core.c::67  pwrite returned -1.  fd[1]=0, cpu=1, msr=416 (1a0), val=274886623369 (0x4000850089).  errno=29
: Illegal seek
msr_core.c::67  pwrite returned -1.  fd[1]=0, cpu=1, msr=416 (1a0), val=274886623369 (0x4000850089).  errno=29
: Illegal seek
msr_core.c::67  pwrite returned -1.  fd[1]=0, cpu=1, msr=416 (1a0), val=274886623369 (0x4000850089).  errno=29
: Illegal seek
msr_core.c::67  pwrite returned -1.  fd[1]=0, cpu=1, msr=416 (1a0), val=274886623369 (0x4000850089).  errno=29
: Illegal seek
msr_core.c::67  pwrite returned -1.  fd[1]=0, cpu=1, msr=416 (1a0), val=274886623369 (0x4000850089).  errno=29
: Illegal seek
msr_core.c::79  pread returned -1.  cpu=1, msr=416 (0x1a0), val=274886623369 (0x4000850089).
: Illegal seek
msr_core.c::79  pread returned -1.  cpu=1, msr=416 (0x1a0), val=274886623369 (0x4000850089).
: Illegal seek
msr_core.c::79  pread returned -1.  cpu=1, msr=416 (0x1a0), val=274886623369 (0x4000850089).
: Illegal seek
msr_core.c::67  pwrite returned -1.  fd[1]=0, cpu=1, msr=416 (1a0), val=274886623369 (0x4000850089).  errno=29
: Illegal seek
msr_core.c::67  pwrite returned -1.  fd[1]=0, cpu=1, msr=416 (1a0), val=274886623369 (0x4000850089).  errno=29
: Illegal seek
msr_core.c::79  pread returned -1.  cpu=1, msr=416 (0x1a0), val=274886623369 (0x4000850089).
: Illegal seek
msr_core.c::67  pwrite returned -1.  fd[1]=0, cpu=1, msr=416 (1a0), val=274886623369 (0x4000850089).  errno=29
: Illegal seek
msr_core.c::67  pwrite returned -1.  fd[1]=0, cpu=1, msr=416 (1a0), val=274886623369 (0x4000850089).  errno=29
: Illegal seek
msr_core.c::79  pread returned -1.  cpu=1, msr=416 (0x1a0), val=274886623369 (0x4000850089).
: Illegal seek
msr_core.c::79  pread returned -1.  cpu=1, msr=416 (0x1a0), val=274886623369 (0x4000850089).
: Illegal seek
msr_core.c::67  pwrite returned -1.  fd[1]=0, cpu=1, msr=416 (1a0), val=274886623369 (0x4000850089).  errno=29
: Illegal seek
msr_core.c::67  pwrite returned -1.  fd[1]=0, cpu=1, msr=416 (1a0), val=274886623369 (0x4000850089).  errno=29
: Illegal seek
msr_core.c::79  pread returned -1.  cpu=1, msr=416 (0x1a0), val=274886623369 (0x4000850089).
: Illegal seek
msr_core.c::67  pwrite returned -1.  fd[1]=0, cpu=1, msr=416 (1a0), val=274886623369 (0x4000850089).  errno=29
: Illegal seek
msr_core.c::79  pread returned -1.  cpu=1, msr=416 (0x1a0), val=274886623369 (0x4000850089).
: Illegal seek
msr_core.c::67  pwrite returned -1.  fd[1]=0, cpu=1, msr=416 (1a0), val=274886623369 (0x4000850089).  errno=29
: Illegal seek
filename=rzmerl107_rapl_(null)_0000__XXXXXX
filename=rzmerl153_rapl_(null)_0224__XXXXXX
filename=rzmerl110_rapl_(null)_0048__XXXXXX
filename=rzmerl151_rapl_(null)_0192__XXXXXX
filename=rzmerl111_rapl_(null)_0064__XXXXXX
filename=rzmerl118_rapl_(null)_0176__XXXXXX
filename=rzmerl117_rapl_(null)_0160__XXXXXX
filename=rzmerl108_rapl_(null)_0016__XXXXXX
filename=rzmerl112_rapl_(null)_0080__XXXXXX
filename=rzmerl152_rapl_(null)_0208__XXXXXX
filename=rzmerl109_rapl_(null)_0032__XXXXXX
filename=rzmerl154_rapl_(null)_0240__XXXXXX
filename=rzmerl115_rapl_(null)_0128__XXXXXX
filename=rzmerl116_rapl_(null)_0144__XXXXXX
filename=rzmerl113_rapl_(null)_0096__XXXXXX
filename=rzmerl114_rapl_(null)_0112__XXXXXX
msr_core.c::79  pread returned -1.  cpu=1, msr=416 (0x1a0), val=274886623369 (0x4000850089).
: Illegal seek
msr_core.c::67  pwrite returned -1.  fd[1]=0, cpu=1, msr=416 (1a0), val=274886623369 (0x4000850089).  errno=29
: Illegal seek
msr_core.c::79  pread returned -1.  cpu=1, msr=416 (0x1a0), val=274886623369 (0x4000850089).
: Illegal seek
msr_core.c::79  pread returned -1.  cpu=1, msr=416 (0x1a0), val=274886623369 (0x4000850089).
: Illegal seek
msr_core.c::79  pread returned -1.  cpu=1, msr=416 (0x1a0), val=274886623369 (0x4000850089).
: Illegal seek
msr_core.c::79  pread returned -1.  cpu=1, msr=416 (0x1a0), val=274886623369 (0x4000850089).
: Illegal seek
msr_core.c::79  pread returned -1.  cpu=1, msr=416 (0x1a0), val=274886623369 (0x4000850089).
: Illegal seek
msr_core.c::67  pwrite returned -1.  fd[1]=0, cpu=1, msr=416 (1a0), val=274886623369 (0x4000850089).  errno=29
: Illegal seek
msr_core.c::67  pwrite returned -1.  fd[1]=0, cpu=1, msr=416 (1a0), val=274886623369 (0x4000850089).  errno=29
: Illegal seek
msr_core.c::67  pwrite returned -1.  fd[1]=0, cpu=1, msr=416 (1a0), val=274886623369 (0x4000850089).  errno=29
: Illegal seek
msr_core.c::67  pwrite returned -1.  fd[1]=0, cpu=1, msr=416 (1a0), val=274886623369 (0x4000850089).  errno=29
: Illegal seek
msr_core.c::67  pwrite returned -1.  fd[1]=0, cpu=1, msr=416 (1a0), val=274886623369 (0x4000850089).  errno=29
: Illegal seek
msr_core.c::79  pread returned -1.  cpu=1, msr=416 (0x1a0), val=274886623369 (0x4000850089).
: Illegal seek
msr_core.c::79  pread returned -1.  cpu=1, msr=416 (0x1a0), val=274886623369 (0x4000850089).
: Illegal seek
msr_core.c::79  pread returned -1.  cpu=1, msr=416 (0x1a0), val=274886623369 (0x4000850089).
: Illegal seek
msr_core.c::79  pread returned -1.  cpu=1, msr=416 (0x1a0), val=274886623369 (0x4000850089).
: Illegal seek
msr_core.c::79  pread returned -1.  cpu=1, msr=416 (0x1a0), val=274886623369 (0x4000850089).
: Illegal seek
msr_core.c::79  pread returned -1.  cpu=1, msr=416 (0x1a0), val=274886623369 (0x4000850089).
: Illegal seek
msr_core.c::79  pread returned -1.  cpu=1, msr=416 (0x1a0), val=274886623369 (0x4000850089).
: Illegal seek
msr_core.c::79  pread returned -1.  cpu=1, msr=416 (0x1a0), val=274886623369 (0x4000850089).
: Illegal seek
msr_core.c::79  pread returned -1.  cpu=1, msr=416 (0x1a0), val=274886623369 (0x4000850089).
: Illegal seek
msr_core.c::79  pread returned -1.  cpu=1, msr=416 (0x1a0), val=274886623369 (0x4000850089).
: Illegal seek
msr_core.c::67  pwrite returned -1.  fd[1]=0, cpu=1, msr=416 (1a0), val=274886623369 (0x4000850089).  errno=29
: Illegal seek
msr_core.c::67  pwrite returned -1.  fd[1]=0, cpu=1, msr=416 (1a0), val=274886623369 (0x4000850089).  errno=29
: Illegal seek
msr_core.c::67  pwrite returned -1.  fd[1]=0, cpu=1, msr=416 (1a0), val=274886623369 (0x4000850089).  errno=29
: Illegal seek
msr_core.c::67  pwrite returned -1.  fd[1]=0, cpu=1, msr=416 (1a0), val=274886623369 (0x4000850089).  errno=29
: Illegal seek
msr_core.c::67  pwrite returned -1.  fd[1]=0, cpu=1, msr=416 (1a0), val=274886623369 (0x4000850089).  errno=29
: Illegal seek
msr_core.c::67  pwrite returned -1.  fd[1]=0, cpu=1, msr=416 (1a0), val=274886623369 (0x4000850089).  errno=29
: Illegal seek
msr_core.c::67  pwrite returned -1.  fd[1]=0, cpu=1, msr=416 (1a0), val=274886623369 (0x4000850089).  errno=29
: Illegal seek
msr_core.c::67  pwrite returned -1.  fd[1]=0, cpu=1, msr=416 (1a0), val=274886623369 (0x4000850089).  errno=29
: Illegal seek
msr_core.c::67  pwrite returned -1.  fd[1]=0, cpu=1, msr=416 (1a0), val=274886623369 (0x4000850089).  errno=29
: Illegal seek
msr_core.c::67  pwrite returned -1.  fd[1]=0, cpu=1, msr=416 (1a0), val=274886623369 (0x4000850089).  errno=29
: Illegal seek
msr_core.c::79  pread returned -1.  cpu=1, msr=416 (0x1a0), val=274886623369 (0x4000850089).
: Illegal seek
msr_core.c::67  pwrite returned -1.  fd[1]=0, cpu=1, msr=416 (1a0), val=274886623369 (0x4000850089).  errno=29
: Illegal seek
msr_core.c::79  pread returned -1.  cpu=1, msr=416 (0x1a0), val=274886623369 (0x4000850089).
: Illegal seek
msr_core.c::67  pwrite returned -1.  fd[1]=0, cpu=1, msr=416 (1a0), val=274886623369 (0x4000850089).  errno=29
: Illegal seek
msr_core.c::79  pread returned -1.  cpu=1, msr=416 (0x1a0), val=274886623369 (0x4000850089).
: Illegal seek
msr_core.c::67  pwrite returned -1.  fd[1]=0, cpu=1, msr=416 (1a0), val=274886623369 (0x4000850089).  errno=29
: Illegal seek
msr_core.c::79  pread returned -1.  cpu=1, msr=416 (0x1a0), val=274886623369 (0x4000850089).
: Illegal seek
msr_core.c::67  pwrite returned -1.  fd[1]=0, cpu=1, msr=416 (1a0), val=274886623369 (0x4000850089).  errno=29
: Illegal seek
msr_core.c::79  pread returned -1.  cpu=1, msr=416 (0x1a0), val=274886623369 (0x4000850089).
: Illegal seek
msr_core.c::67  pwrite returned -1.  fd[1]=0, cpu=1, msr=416 (1a0), val=274886623369 (0x4000850089).  errno=29
: Illegal seek
msr_core.c::79  pread returned -1.  cpu=1, msr=416 (0x1a0), val=274886623369 (0x4000850089).
: Illegal seek
msr_core.c::67  pwrite returned -1.  fd[1]=0, cpu=1, msr=416 (1a0), val=274886623369 (0x4000850089).  errno=29
: Illegal seek
msr_core.c::79  pread returned -1.  cpu=1, msr=416 (0x1a0), val=274886623369 (0x4000850089).
: Illegal seek
msr_core.c::67  pwrite returned -1.  fd[1]=0, cpu=1, msr=416 (1a0), val=274886623369 (0x4000850089).  errno=29
: Illegal seek
msr_core.c::67  pwrite returned -1.  fd[0]=11, socket=0, msr=409 (199), val=4294973952 (0x100001a00).  errno=5
: Input/output error
msr_core.c::79  pread returned -1.  socket=1, msr=409 (0x199), val=4294973952 (0x100001a00).
: Illegal seek
msr_core.c::67  pwrite returned -1.  fd[1]=0, socket=1, msr=409 (199), val=4294973952 (0x100001a00).  errno=29
: Illegal seek
