filename=rzmerl53_rapl_cg.D.512_0208__XXXXXX
filename=rzmerl46_rapl_cg.D.512_0096__XXXXXX
filename=rzmerl82_rapl_cg.D.512_0448__XXXXXX
filename=rzmerl41_rapl_cg.D.512_0016__XXXXXX
filename=rzmerl45_rapl_cg.D.512_0080__XXXXXX
filename=rzmerl57_rapl_cg.D.512_0272__XXXXXX
filename=rzmerl47_rapl_cg.D.512_0112__XXXXXX
filename=rzmerl75_rapl_cg.D.512_0336__XXXXXX
filename=rzmerl56_rapl_cg.D.512_0256__XXXXXX
filename=rzmerl50_rapl_cg.D.512_0160__XXXXXX
filename=rzmerl42_rapl_cg.D.512_0032__XXXXXX
filename=rzmerl43_rapl_cg.D.512_0048__XXXXXX
filename=rzmerl51_rapl_cg.D.512_0176__XXXXXX
filename=rzmerl80_rapl_cg.D.512_0416__XXXXXX
filename=rzmerl79_rapl_cg.D.512_0400__XXXXXX
filename=rzmerl44_rapl_cg.D.512_0064__XXXXXX
filename=rzmerl81_rapl_cg.D.512_0432__XXXXXX
filename=rzmerl85_rapl_cg.D.512_0496__XXXXXX
filename=rzmerl48_rapl_cg.D.512_0128__XXXXXX
filename=rzmerl78_rapl_cg.D.512_0384__XXXXXX
filename=rzmerl77_rapl_cg.D.512_0368__XXXXXX
filename=rzmerl49_rapl_cg.D.512_0144__XXXXXX
filename=rzmerl52_rapl_cg.D.512_0192__XXXXXX
filename=rzmerl59_rapl_cg.D.512_0304__XXXXXX
filename=rzmerl54_rapl_cg.D.512_0224__XXXXXX
filename=rzmerl55_rapl_cg.D.512_0240__XXXXXX
filename=rzmerl76_rapl_cg.D.512_0352__XXXXXX
filename=rzmerl60_rapl_cg.D.512_0320__XXXXXX
filename=rzmerl58_rapl_cg.D.512_0288__XXXXXX
filename=rzmerl83_rapl_cg.D.512_0464__XXXXXX
filename=rzmerl84_rapl_cg.D.512_0480__XXXXXX
msr_opt.c::79 setting MSR_PKG_POWER_LIMIT to 0x38280 on cpu 0
msr_opt.c::79 setting MSR_PKG_POWER_LIMIT to 0x38280 on cpu 0
msr_opt.c::79 setting MSR_PKG_POWER_LIMIT to 0x38280 on cpu 0
msr_opt.c::79 setting MSR_PKG_POWER_LIMIT to 0x38280 on cpu 0
msr_opt.c::79 setting MSR_PKG_POWER_LIMIT to 0x38280 on cpu 0
msr_opt.c::79 setting MSR_PKG_POWER_LIMIT to 0x38280 on cpu 0
msr_opt.c::79 setting MSR_PKG_POWER_LIMIT to 0x38280 on cpu 0
msr_opt.c::79 setting MSR_PKG_POWER_LIMIT to 0x38280 on cpu 0
msr_opt.c::79 setting MSR_PKG_POWER_LIMIT to 0x38280 on cpu 0
msr_opt.c::79 setting MSR_PKG_POWER_LIMIT to 0x38280 on cpu 0
msr_opt.c::79 setting MSR_PKG_POWER_LIMIT to 0x38280 on cpu 0
msr_opt.c::79 setting MSR_PKG_POWER_LIMIT to 0x38280 on cpu 0
msr_opt.c::79 setting MSR_PKG_POWER_LIMIT to 0x38280 on cpu 0
msr_opt.c::79 setting MSR_PKG_POWER_LIMIT to 0x38280 on cpu 0
msr_opt.c::79 setting MSR_PKG_POWER_LIMIT to 0x38280 on cpu 0
msr_opt.c::79 setting MSR_PKG_POWER_LIMIT to 0x38280 on cpu 0
msr_opt.c::79 setting MSR_PKG_POWER_LIMIT to 0x38280 on cpu 0
msr_opt.c::79 setting MSR_PKG_POWER_LIMIT to 0x38280 on cpu 0
msr_opt.c::79 setting MSR_PKG_POWER_LIMIT to 0x38280 on cpu 0
msr_opt.c::79 setting MSR_PKG_POWER_LIMIT to 0x38280 on cpu 0
msr_opt.c::79 setting MSR_PKG_POWER_LIMIT to 0x38280 on cpu 0
msr_opt.c::79 setting MSR_PKG_POWER_LIMIT to 0x38280 on cpu 0
msr_opt.c::79 setting MSR_PKG_POWER_LIMIT to 0x38280 on cpu 0
msr_opt.c::79 setting MSR_PKG_POWER_LIMIT to 0x38280 on cpu 0
msr_opt.c::79 setting MSR_PKG_POWER_LIMIT to 0x38280 on cpu 0
msr_opt.c::85 setting MSR_PP0_POWER_LIMIT to 0x0 on cpu 0
msr_opt.c::85 setting MSR_PP0_POWER_LIMIT to 0x0 on cpu 0
msr_opt.c::85 setting MSR_PP0_POWER_LIMIT to 0x0 on cpu 0
msr_opt.c::85 setting MSR_PP0_POWER_LIMIT to 0x0 on cpu 0
msr_opt.c::79 setting MSR_PKG_POWER_LIMIT to 0x38280 on cpu 0
msr_opt.c::85 setting MSR_PP0_POWER_LIMIT to 0x0 on cpu 0
msr_opt.c::85 setting MSR_PP0_POWER_LIMIT to 0x0 on cpu 0
msr_opt.c::85 setting MSR_PP0_POWER_LIMIT to 0x0 on cpu 0
msr_opt.c::85 setting MSR_PP0_POWER_LIMIT to 0x0 on cpu 0
msr_opt.c::85 setting MSR_PP0_POWER_LIMIT to 0x0 on cpu 0
msr_opt.c::85 setting MSR_PP0_POWER_LIMIT to 0x0 on cpu 0
msr_opt.c::85 setting MSR_PP0_POWER_LIMIT to 0x0 on cpu 0
msr_opt.c::85 setting MSR_PP0_POWER_LIMIT to 0x0 on cpu 0
msr_opt.c::85 setting MSR_PP0_POWER_LIMIT to 0x0 on cpu 0
msr_opt.c::79 setting MSR_PKG_POWER_LIMIT to 0x38280 on cpu 0
msr_opt.c::85 setting MSR_PP0_POWER_LIMIT to 0x0 on cpu 0
msr_opt.c::85 setting MSR_PP0_POWER_LIMIT to 0x0 on cpu 0
msr_opt.c::85 setting MSR_PP0_POWER_LIMIT to 0x0 on cpu 0
msr_opt.c::85 setting MSR_PP0_POWER_LIMIT to 0x0 on cpu 0
msr_opt.c::85 setting MSR_PP0_POWER_LIMIT to 0x0 on cpu 0
msr_opt.c::85 setting MSR_PP0_POWER_LIMIT to 0x0 on cpu 0
msr_opt.c::85 setting MSR_PP0_POWER_LIMIT to 0x0 on cpu 0
msr_opt.c::79 setting MSR_PKG_POWER_LIMIT to 0x38280 on cpu 0
msr_opt.c::85 setting MSR_PP0_POWER_LIMIT to 0x0 on cpu 0
msr_opt.c::85 setting MSR_PP0_POWER_LIMIT to 0x0 on cpu 0
msr_opt.c::85 setting MSR_PP0_POWER_LIMIT to 0x0 on cpu 0
msr_opt.c::85 setting MSR_PP0_POWER_LIMIT to 0x0 on cpu 0
msr_opt.c::85 setting MSR_PP0_POWER_LIMIT to 0x0 on cpu 0
msr_opt.c::90 setting MSR_DRAM_POWER_LIMIT to 0x0 on cpu 0
msr_opt.c::90 setting MSR_DRAM_POWER_LIMIT to 0x0 on cpu 0
msr_opt.c::90 setting MSR_DRAM_POWER_LIMIT to 0x0 on cpu 0
msr_opt.c::90 setting MSR_DRAM_POWER_LIMIT to 0x0 on cpu 0
msr_opt.c::85 setting MSR_PP0_POWER_LIMIT to 0x0 on cpu 0
msr_opt.c::90 setting MSR_DRAM_POWER_LIMIT to 0x0 on cpu 0
msr_opt.c::90 setting MSR_DRAM_POWER_LIMIT to 0x0 on cpu 0
msr_opt.c::90 setting MSR_DRAM_POWER_LIMIT to 0x0 on cpu 0
msr_opt.c::90 setting MSR_DRAM_POWER_LIMIT to 0x0 on cpu 0
msr_opt.c::90 setting MSR_DRAM_POWER_LIMIT to 0x0 on cpu 0
msr_opt.c::90 setting MSR_DRAM_POWER_LIMIT to 0x0 on cpu 0
msr_opt.c::90 setting MSR_DRAM_POWER_LIMIT to 0x0 on cpu 0
msr_opt.c::90 setting MSR_DRAM_POWER_LIMIT to 0x0 on cpu 0
msr_opt.c::90 setting MSR_DRAM_POWER_LIMIT to 0x0 on cpu 0
msr_opt.c::85 setting MSR_PP0_POWER_LIMIT to 0x0 on cpu 0
msr_opt.c::90 setting MSR_DRAM_POWER_LIMIT to 0x0 on cpu 0
msr_opt.c::90 setting MSR_DRAM_POWER_LIMIT to 0x0 on cpu 0
msr_opt.c::90 setting MSR_DRAM_POWER_LIMIT to 0x0 on cpu 0
msr_opt.c::90 setting MSR_DRAM_POWER_LIMIT to 0x0 on cpu 0
msr_opt.c::90 setting MSR_DRAM_POWER_LIMIT to 0x0 on cpu 0
msr_opt.c::90 setting MSR_DRAM_POWER_LIMIT to 0x0 on cpu 0
msr_opt.c::90 setting MSR_DRAM_POWER_LIMIT to 0x0 on cpu 0
msr_opt.c::85 setting MSR_PP0_POWER_LIMIT to 0x0 on cpu 0
msr_opt.c::90 setting MSR_DRAM_POWER_LIMIT to 0x0 on cpu 0
msr_opt.c::90 setting MSR_DRAM_POWER_LIMIT to 0x0 on cpu 0
msr_opt.c::90 setting MSR_DRAM_POWER_LIMIT to 0x0 on cpu 0
msr_opt.c::90 setting MSR_DRAM_POWER_LIMIT to 0x0 on cpu 0
msr_opt.c::90 setting MSR_DRAM_POWER_LIMIT to 0x0 on cpu 0
msr_opt.c::79 setting MSR_PKG_POWER_LIMIT to 0x38280 on cpu 1
msr_opt.c::79 setting MSR_PKG_POWER_LIMIT to 0x38280 on cpu 1
msr_opt.c::79 setting MSR_PKG_POWER_LIMIT to 0x38280 on cpu 1
msr_opt.c::79 setting MSR_PKG_POWER_LIMIT to 0x38280 on cpu 1
msr_opt.c::90 setting MSR_DRAM_POWER_LIMIT to 0x0 on cpu 0
msr_opt.c::79 setting MSR_PKG_POWER_LIMIT to 0x38280 on cpu 1
msr_opt.c::79 setting MSR_PKG_POWER_LIMIT to 0x38280 on cpu 1
msr_opt.c::79 setting MSR_PKG_POWER_LIMIT to 0x38280 on cpu 1
msr_opt.c::79 setting MSR_PKG_POWER_LIMIT to 0x38280 on cpu 1
msr_opt.c::79 setting MSR_PKG_POWER_LIMIT to 0x38280 on cpu 1
msr_opt.c::79 setting MSR_PKG_POWER_LIMIT to 0x38280 on cpu 1
msr_opt.c::79 setting MSR_PKG_POWER_LIMIT to 0x38280 on cpu 1
msr_opt.c::79 setting MSR_PKG_POWER_LIMIT to 0x38280 on cpu 1
msr_opt.c::79 setting MSR_PKG_POWER_LIMIT to 0x38280 on cpu 1
msr_opt.c::90 setting MSR_DRAM_POWER_LIMIT to 0x0 on cpu 0
msr_opt.c::79 setting MSR_PKG_POWER_LIMIT to 0x38280 on cpu 1
msr_opt.c::79 setting MSR_PKG_POWER_LIMIT to 0x38280 on cpu 1
msr_opt.c::79 setting MSR_PKG_POWER_LIMIT to 0x38280 on cpu 1
msr_opt.c::79 setting MSR_PKG_POWER_LIMIT to 0x38280 on cpu 1
msr_opt.c::79 setting MSR_PKG_POWER_LIMIT to 0x38280 on cpu 1
msr_opt.c::79 setting MSR_PKG_POWER_LIMIT to 0x38280 on cpu 1
msr_opt.c::79 setting MSR_PKG_POWER_LIMIT to 0x38280 on cpu 1
msr_opt.c::90 setting MSR_DRAM_POWER_LIMIT to 0x0 on cpu 0
msr_opt.c::79 setting MSR_PKG_POWER_LIMIT to 0x38280 on cpu 1
msr_opt.c::79 setting MSR_PKG_POWER_LIMIT to 0x38280 on cpu 1
msr_opt.c::79 setting MSR_PKG_POWER_LIMIT to 0x38280 on cpu 1
msr_opt.c::79 setting MSR_PKG_POWER_LIMIT to 0x38280 on cpu 1
msr_opt.c::79 setting MSR_PKG_POWER_LIMIT to 0x38280 on cpu 1
msr_opt.c::85 setting MSR_PP0_POWER_LIMIT to 0x0 on cpu 1
msr_opt.c::85 setting MSR_PP0_POWER_LIMIT to 0x0 on cpu 1
msr_opt.c::85 setting MSR_PP0_POWER_LIMIT to 0x0 on cpu 1
msr_opt.c::85 setting MSR_PP0_POWER_LIMIT to 0x0 on cpu 1
msr_opt.c::79 setting MSR_PKG_POWER_LIMIT to 0x38280 on cpu 1
msr_opt.c::85 setting MSR_PP0_POWER_LIMIT to 0x0 on cpu 1
msr_opt.c::85 setting MSR_PP0_POWER_LIMIT to 0x0 on cpu 1
msr_opt.c::85 setting MSR_PP0_POWER_LIMIT to 0x0 on cpu 1
msr_opt.c::85 setting MSR_PP0_POWER_LIMIT to 0x0 on cpu 1
msr_opt.c::85 setting MSR_PP0_POWER_LIMIT to 0x0 on cpu 1
msr_opt.c::85 setting MSR_PP0_POWER_LIMIT to 0x0 on cpu 1
msr_opt.c::85 setting MSR_PP0_POWER_LIMIT to 0x0 on cpu 1
msr_opt.c::85 setting MSR_PP0_POWER_LIMIT to 0x0 on cpu 1
msr_opt.c::85 setting MSR_PP0_POWER_LIMIT to 0x0 on cpu 1
msr_opt.c::79 setting MSR_PKG_POWER_LIMIT to 0x38280 on cpu 1
msr_opt.c::85 setting MSR_PP0_POWER_LIMIT to 0x0 on cpu 1
msr_opt.c::85 setting MSR_PP0_POWER_LIMIT to 0x0 on cpu 1
msr_opt.c::85 setting MSR_PP0_POWER_LIMIT to 0x0 on cpu 1
msr_opt.c::85 setting MSR_PP0_POWER_LIMIT to 0x0 on cpu 1
msr_opt.c::85 setting MSR_PP0_POWER_LIMIT to 0x0 on cpu 1
msr_opt.c::85 setting MSR_PP0_POWER_LIMIT to 0x0 on cpu 1
msr_opt.c::85 setting MSR_PP0_POWER_LIMIT to 0x0 on cpu 1
msr_opt.c::79 setting MSR_PKG_POWER_LIMIT to 0x38280 on cpu 1
msr_opt.c::85 setting MSR_PP0_POWER_LIMIT to 0x0 on cpu 1
msr_opt.c::85 setting MSR_PP0_POWER_LIMIT to 0x0 on cpu 1
msr_opt.c::85 setting MSR_PP0_POWER_LIMIT to 0x0 on cpu 1
msr_opt.c::85 setting MSR_PP0_POWER_LIMIT to 0x0 on cpu 1
msr_opt.c::85 setting MSR_PP0_POWER_LIMIT to 0x0 on cpu 1
msr_opt.c::90 setting MSR_DRAM_POWER_LIMIT to 0x0 on cpu 1
msr_opt.c::90 setting MSR_DRAM_POWER_LIMIT to 0x0 on cpu 1
msr_opt.c::90 setting MSR_DRAM_POWER_LIMIT to 0x0 on cpu 1
msr_opt.c::90 setting MSR_DRAM_POWER_LIMIT to 0x0 on cpu 1
msr_opt.c::85 setting MSR_PP0_POWER_LIMIT to 0x0 on cpu 1
msr_opt.c::90 setting MSR_DRAM_POWER_LIMIT to 0x0 on cpu 1
msr_opt.c::90 setting MSR_DRAM_POWER_LIMIT to 0x0 on cpu 1
msr_opt.c::90 setting MSR_DRAM_POWER_LIMIT to 0x0 on cpu 1
msr_opt.c::90 setting MSR_DRAM_POWER_LIMIT to 0x0 on cpu 1
msr_opt.c::90 setting MSR_DRAM_POWER_LIMIT to 0x0 on cpu 1
msr_opt.c::90 setting MSR_DRAM_POWER_LIMIT to 0x0 on cpu 1
msr_opt.c::90 setting MSR_DRAM_POWER_LIMIT to 0x0 on cpu 1
msr_opt.c::90 setting MSR_DRAM_POWER_LIMIT to 0x0 on cpu 1
msr_opt.c::90 setting MSR_DRAM_POWER_LIMIT to 0x0 on cpu 1
msr_opt.c::85 setting MSR_PP0_POWER_LIMIT to 0x0 on cpu 1
msr_opt.c::90 setting MSR_DRAM_POWER_LIMIT to 0x0 on cpu 1
msr_opt.c::90 setting MSR_DRAM_POWER_LIMIT to 0x0 on cpu 1
msr_opt.c::90 setting MSR_DRAM_POWER_LIMIT to 0x0 on cpu 1
msr_opt.c::90 setting MSR_DRAM_POWER_LIMIT to 0x0 on cpu 1
msr_opt.c::90 setting MSR_DRAM_POWER_LIMIT to 0x0 on cpu 1
msr_opt.c::90 setting MSR_DRAM_POWER_LIMIT to 0x0 on cpu 1
msr_opt.c::90 setting MSR_DRAM_POWER_LIMIT to 0x0 on cpu 1
msr_opt.c::85 setting MSR_PP0_POWER_LIMIT to 0x0 on cpu 1
msr_opt.c::90 setting MSR_DRAM_POWER_LIMIT to 0x0 on cpu 1
msr_opt.c::90 setting MSR_DRAM_POWER_LIMIT to 0x0 on cpu 1
msr_opt.c::90 setting MSR_DRAM_POWER_LIMIT to 0x0 on cpu 1
msr_opt.c::90 setting MSR_DRAM_POWER_LIMIT to 0x0 on cpu 1
msr_opt.c::90 setting MSR_DRAM_POWER_LIMIT to 0x0 on cpu 1
msr_rapl.c::399 returned from parse_opts
msr_rapl.c::399 returned from parse_opts
msr_rapl.c::399 returned from parse_opts
msr_rapl.c::399 returned from parse_opts
msr_opt.c::90 setting MSR_DRAM_POWER_LIMIT to 0x0 on cpu 1
msr_rapl.c::399 returned from parse_opts
msr_rapl.c::399 returned from parse_opts
msr_rapl.c::399 returned from parse_opts
msr_rapl.c::399 returned from parse_opts
msr_rapl.c::399 returned from parse_opts
msr_rapl.c::399 returned from parse_opts
msr_rapl.c::399 returned from parse_opts
msr_rapl.c::399 returned from parse_opts
msr_rapl.c::399 returned from parse_opts
msr_opt.c::90 setting MSR_DRAM_POWER_LIMIT to 0x0 on cpu 1
msr_rapl.c::399 returned from parse_opts
msr_rapl.c::399 returned from parse_opts
msr_rapl.c::399 returned from parse_opts
msr_rapl.c::399 returned from parse_opts
msr_rapl.c::399 returned from parse_opts
msr_rapl.c::399 returned from parse_opts
msr_rapl.c::399 returned from parse_opts
msr_opt.c::90 setting MSR_DRAM_POWER_LIMIT to 0x0 on cpu 1
msr_rapl.c::399 returned from parse_opts
msr_rapl.c::399 returned from parse_opts
msr_rapl.c::399 returned from parse_opts
msr_rapl.c::399 returned from parse_opts
msr_rapl.c::399 returned from parse_opts
msr_rapl.c::399 returned from parse_opts
msr_rapl.c::399 returned from parse_opts
msr_rapl.c::399 returned from parse_opts
filename=rzmerl40_rapl_cg.D.512_0000__XXXXXX
msr_opt.c::79 setting MSR_PKG_POWER_LIMIT to 0x38280 on cpu 0
msr_opt.c::85 setting MSR_PP0_POWER_LIMIT to 0x0 on cpu 0
msr_opt.c::90 setting MSR_DRAM_POWER_LIMIT to 0x0 on cpu 0
msr_opt.c::79 setting MSR_PKG_POWER_LIMIT to 0x38280 on cpu 1
msr_opt.c::85 setting MSR_PP0_POWER_LIMIT to 0x0 on cpu 1
msr_opt.c::90 setting MSR_DRAM_POWER_LIMIT to 0x0 on cpu 1
msr_rapl.c::399 returned from parse_opts
msr_opt.c::79 setting MSR_PKG_POWER_LIMIT to 0x38280 on cpu 0
msr_opt.c::85 setting MSR_PP0_POWER_LIMIT to 0x0 on cpu 0
msr_opt.c::90 setting MSR_DRAM_POWER_LIMIT to 0x0 on cpu 0
msr_opt.c::79 setting MSR_PKG_POWER_LIMIT to 0x38280 on cpu 1
msr_opt.c::85 setting MSR_PP0_POWER_LIMIT to 0x0 on cpu 1
msr_opt.c::90 setting MSR_DRAM_POWER_LIMIT to 0x0 on cpu 1
msr_rapl.c::399 returned from parse_opts
msr_opt.c::79 setting MSR_PKG_POWER_LIMIT to 0x38280 on cpu 0
msr_opt.c::85 setting MSR_PP0_POWER_LIMIT to 0x0 on cpu 0
msr_opt.c::90 setting MSR_DRAM_POWER_LIMIT to 0x0 on cpu 0
msr_opt.c::79 setting MSR_PKG_POWER_LIMIT to 0x38280 on cpu 1
msr_opt.c::85 setting MSR_PP0_POWER_LIMIT to 0x0 on cpu 1
msr_opt.c::90 setting MSR_DRAM_POWER_LIMIT to 0x0 on cpu 1
msr_rapl.c::399 returned from parse_opts
msr_opt.c::79 setting MSR_PKG_POWER_LIMIT to 0x38280 on cpu 0
msr_opt.c::85 setting MSR_PP0_POWER_LIMIT to 0x0 on cpu 0
msr_opt.c::90 setting MSR_DRAM_POWER_LIMIT to 0x0 on cpu 0
msr_opt.c::79 setting MSR_PKG_POWER_LIMIT to 0x38280 on cpu 1
msr_opt.c::85 setting MSR_PP0_POWER_LIMIT to 0x0 on cpu 1
msr_opt.c::90 setting MSR_DRAM_POWER_LIMIT to 0x0 on cpu 1
msr_rapl.c::399 returned from parse_opts
