/g/g24/rountree/local/src/power
nodes=4 ntasks=64
+ export BMARK_STRING=sweep.64
+ BMARK_STRING=sweep.64
++ date +%Y_%m_%d_%H_%M_%S_%N
+ name=2012_04_14_16_20_50_303653837
+ mkdir 2012_04_14_16_20_50_303653837
+ cd 2012_04_14_16_20_50_303653837
+ env
+ hostname
+ echo 2012_04_14_16_20_50_303653837
+ uname -a
+ srun --nodes=1 --ntasks=1 -ppbatch cat /proc/cpuinfo
+ grep MHz
+ echo 'cores: 64'
+ echo 'nodes: 4'
+ echo 4
4
+ echo 2012_04_14_16_20_50_303653837
2012_04_14_16_20_50_303653837
+ cp ../../../input/input-64 ./input
+ srun --nodes=4 --ntasks=64 -ppbatch -e sweep.err -o sweep.dat --cpu_bind=sockets sh ../sweepCL.sh
Resetting now...
