id freq nodes cores pkg-clamp-0 pkg-clamp-1 dram-clamp-0 dram-clamp-1 avg-time avg-pkg-0 avg-pp0-0 avg-dram-0 avg-pkg-1 avg-pp0-1 avg-dram-1 tot-pkg-0 tot-pp0-0 tot-dram-0 tot-pkg-1 tot-pp0-1 tot-dram-1
2012_04_20_22_31_54_177502911  2600.000 16 64 51.000000 51.000000 0.000000 0.000000 24.99453475 45.943658 32.58527825 5.42000975 17.83243375 4.67656675 2.638238 183.774632 130.341113 21.680039 71.329735 18.706267 10.552952
2012_04_20_22_32_25_680152432  2600.000 16 128 51.000000 51.000000 0.000000 0.000000 21.779301375 50.6226265 37.3145465 5.565621125 17.66150625 4.511772125 2.653237125 404.981012 298.516372 44.524969 141.29205 36.094177 21.225897
2012_04_20_22_32_53_839094557  2600.000 16 256 51.000000 51.000000 0.000000 0.000000 17.0342384375 50.559113375 37.2847986875 5.641289625 50.56031825 37.311479375 4.1294983125 808.945814 596.556779 90.260634 808.965092 596.98367 66.071973
2012_04_20_22_33_17_678652570  2600.000 16 64 65.000000 65.000000 0.000000 0.000000 24.91005525 46.238097 32.8779815 5.36460275 17.652002 4.492149 2.63575675 184.952388 131.511926 21.458411 70.608008 17.968596 10.543027
2012_04_20_22_33_48_209791652  2600.000 16 128 65.000000 65.000000 0.000000 0.000000 19.334543125 64.43379625 51.08772125 5.61210125 17.3107455 4.160004375 2.66098325 515.47037 408.70177 44.89681 138.485964 33.280035 21.287866
2012_04_20_22_34_13_905065668  2600.000 16 256 65.000000 65.000000 0.000000 0.000000 14.36768725 64.33786375 51.0284028125 5.65125375 64.3380511875 51.067734625 4.2342145625 1029.40582 816.454445 90.42006 1029.408819 817.083754 67.747433
2012_04_20_22_34_35_119277292  2600.000 16 64 80.000000 80.000000 0.000000 0.000000 24.89671875 46.34465425 32.974413 5.387389 17.59833875 4.43908875 2.6590545 185.378617 131.897652 21.549556 70.393355 17.756355 10.636218
2012_04_20_22_35_05_633718383  2600.000 16 128 80.000000 80.000000 0.000000 0.000000 18.36486575 69.08438425 55.719489625 5.654792625 17.851163 4.70126875 2.701799375 552.675074 445.755917 45.238341 142.809304 37.61015 21.614395
2012_04_20_22_35_30_355778628  2600.000 16 256 80.000000 80.000000 0.000000 0.000000 13.656045875 69.11623275 55.7931706875 5.6679110625 68.288105875 55.013139 4.21888175 1105.859724 892.690731 90.686577 1092.609694 880.210224 67.502108
2012_04_20_22_35_50_615781184  2600.000 16 64 95.000000 95.000000 0.000000 0.000000 24.89261325 46.31841575 32.9460445 5.35327475 17.70042525 4.5382105 2.63183475 185.273663 131.784178 21.413099 70.801701 18.152842 10.527339
2012_04_20_22_36_21_146172658  2600.000 16 128 95.000000 95.000000 0.000000 0.000000 18.3591845 69.146192875 55.779748125 5.710103375 17.272937 4.123244125 2.684314625 553.169543 446.237985 45.680827 138.183496 32.985953 21.474517
2012_04_20_22_36_45_865324914  2600.000 16 256 95.000000 95.000000 0.000000 0.000000 13.4030878125 69.159918125 55.8359975625 5.671287 68.3649409375 55.0884771875 4.2189709375 1106.55869 893.375961 90.740592 1093.839055 881.415635 67.503535
2012_04_21_00_35_17_154358209  2600.000 32 128 51.000000 51.000000 0.000000 0.000000 18.330096375 45.5515045 32.254000375 4.21030825 17.22520425 4.07127425 2.187072875 364.412036 258.032003 33.682466 137.801634 32.570194 17.496583
2012_04_21_00_35_43_892260469  2600.000 32 256 51.000000 51.000000 0.000000 0.000000 16.4435369375 50.5551641875 37.246980875 4.3118219375 17.45800625 4.3052779375 2.1682749375 808.882627 595.951694 68.989151 279.3281 68.884447 34.692399
2012_04_21_00_36_07_809081796  2600.000 32 512 51.000000 51.000000 0.000000 0.000000 11.99271753125 50.44598475 37.18282 5.182458875 50.44605959375 37.24035040625 3.53112603125 1614.271512 1189.85024 165.838684 1614.273907 1191.691213 112.996033
2012_04_21_00_36_31_163854667  2600.000 32 128 65.000000 65.000000 0.000000 0.000000 18.494404 45.74427175 32.4428625 4.228765125 17.24397725 4.091039375 2.186104125 365.954174 259.5429 33.830121 137.951818 32.728315 17.488833
2012_04_21_00_36_56_510391432  2600.000 32 256 65.000000 65.000000 0.000000 0.000000 14.2044725 64.3412465 51.0101431875 4.344468625 17.153021625 3.999321625 2.150710125 1029.459944 816.162291 69.511498 274.448346 63.989146 34.411362
2012_04_21_00_37_18_145716499  2600.000 32 512 65.000000 65.000000 0.000000 0.000000 10.0195836875 64.16762953125 50.8848780625 5.18458865625 64.17008021875 50.94727234375 3.6702031875 2053.364145 1628.316098 165.906837 2053.442567 1630.312715 117.446502
2012_04_21_00_37_36_504557030  2600.000 32 128 80.000000 80.000000 0.000000 0.000000 18.29556725 45.79099975 32.485158 4.250228375 17.05919375 3.903735625 2.19110425 366.327998 259.881264 34.001827 136.47355 31.229885 17.528834
2012_04_21_00_38_01_816569820  2600.000 32 256 80.000000 80.000000 0.000000 0.000000 13.765589625 68.838336375 55.49649225 4.3055634375 17.22024225 4.06549175 2.1577430625 1101.413382 887.943876 68.889015 275.523876 65.047868 34.523889
2012_04_21_00_38_23_019900987  2600.000 32 512 80.000000 80.000000 0.000000 0.000000 9.4467663125 68.52125015625 55.2291295 5.19129578125 67.700117625 54.4716545625 3.67128190625 2192.680005 1767.332144 166.121465 2166.403764 1743.092946 117.481021
2012_04_21_00_38_41_141798945  2600.000 32 128 95.000000 95.000000 0.000000 0.000000 18.28268025 45.892858 32.583948375 4.241079875 17.26015175 4.104366 2.190192 367.142864 260.671587 33.928639 138.081214 32.834928 17.521536
2012_04_21_00_39_06_279470826  2600.000 32 256 95.000000 95.000000 0.000000 0.000000 13.655508375 68.9705239375 55.6168785625 4.323437125 17.7352038125 4.580131125 2.1742160625 1103.528383 889.870057 69.174994 283.763261 73.282098 34.787457
2012_04_21_00_39_27_400643821  2600.000 32 512 95.000000 95.000000 0.000000 0.000000 9.37267065625 68.60930865625 55.316679 5.188180375 67.78438828125 54.55541646875 3.64865065625 2195.497877 1770.133728 166.021772 2169.100425 1745.773327 116.756821
