auto-affinity: local task 0: CPUs: 0
auto-affinity: local task 1: CPUs: 1
auto-affinity: local task 1: CPUs: 1
auto-affinity: local task 7: CPUs: 7
auto-affinity: local task 1: CPUs: 1
auto-affinity: local task 7: CPUs: 7
auto-affinity: local task 1: CPUs: 1
auto-affinity: local task 7: CPUs: 7
auto-affinity: local task 1: CPUs: 1
auto-affinity: local task 1: CPUs: 1
auto-affinity: local task 1: CPUs: 1
auto-affinity: local task 1: CPUs: 1
auto-affinity: local task 1: CPUs: 1
auto-affinity: local task 1: CPUs: 1
auto-affinity: local task 1: CPUs: 1
auto-affinity: local task 1: CPUs: 1
auto-affinity: local task 1: CPUs: 1
auto-affinity: local task 1: CPUs: 1
auto-affinity: local task 1: CPUs: 1
auto-affinity: local task 1: CPUs: 1
auto-affinity: local task 1: CPUs: 1
auto-affinity: local task 1: CPUs: 1
auto-affinity: local task 1: CPUs: 1
auto-affinity: local task 1: CPUs: 1
auto-affinity: local task 1: CPUs: 1
auto-affinity: local task 1: CPUs: 1
auto-affinity: local task 1: CPUs: 1
auto-affinity: local task 1: CPUs: 1
auto-affinity: local task 1: CPUs: 1
auto-affinity: local task 1: CPUs: 1
auto-affinity: local task 1: CPUs: 1
auto-affinity: local task 1: CPUs: 1
auto-affinity: local task 7: CPUs: 7
auto-affinity: local task 6: CPUs: 6
auto-affinity: local task 5: CPUs: 5
auto-affinity: local task 2: CPUs: 2
auto-affinity: local task 4: CPUs: 4
auto-affinity: local task 3: CPUs: 3
auto-affinity: local task 1: CPUs: 1
auto-affinity: local task 7: CPUs: 7
auto-affinity: local task 0: CPUs: 0
auto-affinity: local task 6: CPUs: 6
auto-affinity: local task 5: CPUs: 5
auto-affinity: local task 0: CPUs: 0
auto-affinity: local task 4: CPUs: 4
auto-affinity: local task 7: CPUs: 7
auto-affinity: local task 3: CPUs: 3
auto-affinity: local task 4: CPUs: 4
auto-affinity: local task 2: CPUs: 2
auto-affinity: local task 2: CPUs: 2
auto-affinity: local task 3: CPUs: 3
auto-affinity: local task 5: CPUs: 5
auto-affinity: local task 6: CPUs: 6
auto-affinity: local task 1: CPUs: 1
auto-affinity: local task 0: CPUs: 0
auto-affinity: local task 6: CPUs: 6
auto-affinity: local task 5: CPUs: 5
auto-affinity: local task 4: CPUs: 4
auto-affinity: local task 3: CPUs: 3
auto-affinity: local task 2: CPUs: 2
auto-affinity: local task 7: CPUs: 7
auto-affinity: local task 0: CPUs: 0
auto-affinity: local task 6: CPUs: 6
auto-affinity: local task 5: CPUs: 5
auto-affinity: local task 4: CPUs: 4
auto-affinity: local task 3: CPUs: 3
auto-affinity: local task 2: CPUs: 2
auto-affinity: local task 7: CPUs: 7
auto-affinity: local task 6: CPUs: 6
auto-affinity: local task 1: CPUs: 1
auto-affinity: local task 0: CPUs: 0
auto-affinity: local task 0: CPUs: 0
auto-affinity: local task 5: CPUs: 5
auto-affinity: local task 6: CPUs: 6
auto-affinity: local task 4: CPUs: 4
auto-affinity: local task 5: CPUs: 5
auto-affinity: local task 3: CPUs: 3
auto-affinity: local task 4: CPUs: 4
auto-affinity: local task 2: CPUs: 2
auto-affinity: local task 3: CPUs: 3
auto-affinity: local task 2: CPUs: 2
auto-affinity: local task 0: CPUs: 0
auto-affinity: local task 0: CPUs: 0
auto-affinity: local task 7: CPUs: 7
auto-affinity: local task 7: CPUs: 7
auto-affinity: local task 1: CPUs: 1
auto-affinity: local task 7: CPUs: 7
auto-affinity: local task 4: CPUs: 4
auto-affinity: local task 0: CPUs: 0
auto-affinity: local task 4: CPUs: 4
auto-affinity: local task 6: CPUs: 6
auto-affinity: local task 2: CPUs: 2
auto-affinity: local task 2: CPUs: 2
auto-affinity: local task 2: CPUs: 2
auto-affinity: local task 0: CPUs: 0
auto-affinity: local task 3: CPUs: 3
auto-affinity: local task 4: CPUs: 4
auto-affinity: local task 3: CPUs: 3
auto-affinity: local task 4: CPUs: 4
auto-affinity: local task 5: CPUs: 5
auto-affinity: local task 5: CPUs: 5
auto-affinity: local task 5: CPUs: 5
auto-affinity: local task 5: CPUs: 5
auto-affinity: local task 6: CPUs: 6
auto-affinity: local task 6: CPUs: 6
auto-affinity: local task 6: CPUs: 6
auto-affinity: local task 3: CPUs: 3
auto-affinity: local task 3: CPUs: 3
auto-affinity: local task 2: CPUs: 2
auto-affinity: local task 7: CPUs: 7
auto-affinity: local task 0: CPUs: 0
auto-affinity: local task 2: CPUs: 2
auto-affinity: local task 3: CPUs: 3
auto-affinity: local task 4: CPUs: 4
auto-affinity: local task 6: CPUs: 6
auto-affinity: local task 5: CPUs: 5
auto-affinity: local task 0: CPUs: 0
auto-affinity: local task 2: CPUs: 2
auto-affinity: local task 3: CPUs: 3
auto-affinity: local task 0: CPUs: 0
auto-affinity: local task 4: CPUs: 4
auto-affinity: local task 7: CPUs: 7
auto-affinity: local task 5: CPUs: 5
auto-affinity: local task 6: CPUs: 6
auto-affinity: local task 7: CPUs: 7
auto-affinity: local task 5: CPUs: 5
auto-affinity: local task 6: CPUs: 6
auto-affinity: local task 4: CPUs: 4
auto-affinity: local task 3: CPUs: 3
auto-affinity: local task 2: CPUs: 2
auto-affinity: local task 7: CPUs: 7
auto-affinity: local task 7: CPUs: 7
auto-affinity: local task 0: CPUs: 0
auto-affinity: local task 0: CPUs: 0
auto-affinity: local task 2: CPUs: 2
auto-affinity: local task 2: CPUs: 2
auto-affinity: local task 5: CPUs: 5
auto-affinity: local task 6: CPUs: 6
auto-affinity: local task 6: CPUs: 6
auto-affinity: local task 3: CPUs: 3
auto-affinity: local task 4: CPUs: 4
auto-affinity: local task 4: CPUs: 4
auto-affinity: local task 3: CPUs: 3
auto-affinity: local task 5: CPUs: 5
auto-affinity: local task 0: CPUs: 0
auto-affinity: local task 0: CPUs: 0
auto-affinity: local task 0: CPUs: 0
auto-affinity: local task 7: CPUs: 7
auto-affinity: local task 7: CPUs: 7
auto-affinity: local task 7: CPUs: 7
auto-affinity: local task 2: CPUs: 2
auto-affinity: local task 4: CPUs: 4
auto-affinity: local task 4: CPUs: 4
auto-affinity: local task 4: CPUs: 4
auto-affinity: local task 2: CPUs: 2
auto-affinity: local task 2: CPUs: 2
auto-affinity: local task 3: CPUs: 3
auto-affinity: local task 3: CPUs: 3
auto-affinity: local task 3: CPUs: 3
auto-affinity: local task 6: CPUs: 6
auto-affinity: local task 5: CPUs: 5
auto-affinity: local task 5: CPUs: 5
auto-affinity: local task 5: CPUs: 5
auto-affinity: local task 6: CPUs: 6
auto-affinity: local task 6: CPUs: 6
auto-affinity: local task 7: CPUs: 7
auto-affinity: local task 0: CPUs: 0
auto-affinity: local task 4: CPUs: 4
auto-affinity: local task 0: CPUs: 0
auto-affinity: local task 2: CPUs: 2
auto-affinity: local task 7: CPUs: 7
auto-affinity: local task 3: CPUs: 3
auto-affinity: local task 4: CPUs: 4
auto-affinity: local task 5: CPUs: 5
auto-affinity: local task 2: CPUs: 2
auto-affinity: local task 6: CPUs: 6
auto-affinity: local task 0: CPUs: 0
auto-affinity: local task 3: CPUs: 3
auto-affinity: local task 7: CPUs: 7
auto-affinity: local task 5: CPUs: 5
auto-affinity: local task 6: CPUs: 6
auto-affinity: local task 6: CPUs: 6
auto-affinity: local task 5: CPUs: 5
auto-affinity: local task 4: CPUs: 4
auto-affinity: local task 3: CPUs: 3
auto-affinity: local task 2: CPUs: 2
auto-affinity: local task 0: CPUs: 0
auto-affinity: local task 7: CPUs: 7
auto-affinity: local task 7: CPUs: 7
auto-affinity: local task 4: CPUs: 4
auto-affinity: local task 0: CPUs: 0
auto-affinity: local task 0: CPUs: 0
auto-affinity: local task 2: CPUs: 2
auto-affinity: local task 2: CPUs: 2
auto-affinity: local task 4: CPUs: 4
auto-affinity: local task 3: CPUs: 3
auto-affinity: local task 5: CPUs: 5
auto-affinity: local task 7: CPUs: 7
auto-affinity: local task 5: CPUs: 5
auto-affinity: local task 6: CPUs: 6
auto-affinity: local task 2: CPUs: 2
auto-affinity: local task 6: CPUs: 6
auto-affinity: local task 3: CPUs: 3
auto-affinity: local task 3: CPUs: 3
auto-affinity: local task 4: CPUs: 4
auto-affinity: local task 5: CPUs: 5
auto-affinity: local task 6: CPUs: 6
auto-affinity: local task 7: CPUs: 7
auto-affinity: local task 0: CPUs: 0
auto-affinity: local task 0: CPUs: 0
auto-affinity: local task 7: CPUs: 7
auto-affinity: local task 0: CPUs: 0
auto-affinity: local task 2: CPUs: 2
auto-affinity: local task 2: CPUs: 2
auto-affinity: local task 7: CPUs: 7
auto-affinity: local task 6: CPUs: 6
auto-affinity: local task 4: CPUs: 4
auto-affinity: local task 4: CPUs: 4
auto-affinity: local task 4: CPUs: 4
auto-affinity: local task 3: CPUs: 3
auto-affinity: local task 2: CPUs: 2
auto-affinity: local task 5: CPUs: 5
auto-affinity: local task 5: CPUs: 5
auto-affinity: local task 3: CPUs: 3
auto-affinity: local task 3: CPUs: 3
auto-affinity: local task 6: CPUs: 6
auto-affinity: local task 5: CPUs: 5
auto-affinity: local task 6: CPUs: 6
auto-affinity: local task 0: CPUs: 0
auto-affinity: local task 7: CPUs: 7
auto-affinity: local task 4: CPUs: 4
auto-affinity: local task 2: CPUs: 2
auto-affinity: local task 5: CPUs: 5
auto-affinity: local task 3: CPUs: 3
auto-affinity: local task 6: CPUs: 6
auto-affinity: local task 0: CPUs: 0
auto-affinity: local task 7: CPUs: 7
auto-affinity: local task 2: CPUs: 2
auto-affinity: local task 3: CPUs: 3
auto-affinity: local task 4: CPUs: 4
auto-affinity: local task 5: CPUs: 5
auto-affinity: local task 6: CPUs: 6
auto-affinity: local task 0: CPUs: 0
auto-affinity: local task 0: CPUs: 0
auto-affinity: local task 4: CPUs: 4
auto-affinity: local task 7: CPUs: 7
auto-affinity: local task 7: CPUs: 7
auto-affinity: local task 2: CPUs: 2
auto-affinity: local task 2: CPUs: 2
auto-affinity: local task 3: CPUs: 3
auto-affinity: local task 3: CPUs: 3
auto-affinity: local task 4: CPUs: 4
auto-affinity: local task 5: CPUs: 5
auto-affinity: local task 5: CPUs: 5
auto-affinity: local task 6: CPUs: 6
auto-affinity: local task 6: CPUs: 6
filename=rzmerl62_rapl_sphot.256_0000__XXXXXX
filename=rzmerl69_rapl_sphot.256_0048__XXXXXX
filename=rzmerl81_rapl_sphot.256_0144__XXXXXX
filename=rzmerl71_rapl_sphot.256_0064__XXXXXX
filename=rzmerl79_rapl_sphot.256_0128__XXXXXX
filename=rzmerl85_rapl_sphot.256_0176__XXXXXX
filename=rzmerl87_rapl_sphot.256_0192__XXXXXX
filename=rzmerl73_rapl_sphot.256_0080__XXXXXX
filename=rzmerl77_rapl_sphot.256_0112__XXXXXX
filename=rzmerl75_rapl_sphot.256_0096__XXXXXX
filename=rzmerl65_rapl_sphot.256_0016__XXXXXX
filename=rzmerl67_rapl_sphot.256_0032__XXXXXX
filename=rzmerl83_rapl_sphot.256_0160__XXXXXX
filename=rzmerl91_rapl_sphot.256_0224__XXXXXX
filename=rzmerl93_rapl_sphot.256_0240__XXXXXX
filename=rzmerl89_rapl_sphot.256_0208__XXXXXX
msr_opt.c::79 setting MSR_PKG_POWER_LIMIT to 0x38198 on cpu 0
msr_opt.c::79 setting MSR_PKG_POWER_LIMIT to 0x38198 on cpu 0
msr_opt.c::85 setting MSR_PP0_POWER_LIMIT to 0x0 on cpu 0
msr_opt.c::90 setting MSR_DRAM_POWER_LIMIT to 0x0 on cpu 0
msr_opt.c::79 setting MSR_PKG_POWER_LIMIT to 0x38198 on cpu 1
msr_opt.c::85 setting MSR_PP0_POWER_LIMIT to 0x0 on cpu 1
msr_opt.c::90 setting MSR_DRAM_POWER_LIMIT to 0x0 on cpu 1
msr_rapl.c::399 returned from parse_opts
msr_opt.c::79 setting MSR_PKG_POWER_LIMIT to 0x38198 on cpu 0
msr_opt.c::85 setting MSR_PP0_POWER_LIMIT to 0x0 on cpu 0
msr_opt.c::79 setting MSR_PKG_POWER_LIMIT to 0x38198 on cpu 0
msr_opt.c::90 setting MSR_DRAM_POWER_LIMIT to 0x0 on cpu 0
msr_opt.c::85 setting MSR_PP0_POWER_LIMIT to 0x0 on cpu 0
msr_opt.c::90 setting MSR_DRAM_POWER_LIMIT to 0x0 on cpu 0
msr_opt.c::79 setting MSR_PKG_POWER_LIMIT to 0x38198 on cpu 1
msr_opt.c::79 setting MSR_PKG_POWER_LIMIT to 0x38198 on cpu 0
msr_opt.c::79 setting MSR_PKG_POWER_LIMIT to 0x38198 on cpu 1
msr_opt.c::85 setting MSR_PP0_POWER_LIMIT to 0x0 on cpu 1
msr_opt.c::85 setting MSR_PP0_POWER_LIMIT to 0x0 on cpu 0
msr_opt.c::79 setting MSR_PKG_POWER_LIMIT to 0x38198 on cpu 0
msr_opt.c::85 setting MSR_PP0_POWER_LIMIT to 0x0 on cpu 0
msr_opt.c::85 setting MSR_PP0_POWER_LIMIT to 0x0 on cpu 1
msr_opt.c::79 setting MSR_PKG_POWER_LIMIT to 0x38198 on cpu 0
msr_opt.c::90 setting MSR_DRAM_POWER_LIMIT to 0x0 on cpu 1
msr_opt.c::90 setting MSR_DRAM_POWER_LIMIT to 0x0 on cpu 0
msr_opt.c::79 setting MSR_PKG_POWER_LIMIT to 0x38198 on cpu 0
msr_opt.c::90 setting MSR_DRAM_POWER_LIMIT to 0x0 on cpu 1
msr_opt.c::85 setting MSR_PP0_POWER_LIMIT to 0x0 on cpu 0
msr_opt.c::79 setting MSR_PKG_POWER_LIMIT to 0x38198 on cpu 1
msr_opt.c::85 setting MSR_PP0_POWER_LIMIT to 0x0 on cpu 1
msr_opt.c::90 setting MSR_DRAM_POWER_LIMIT to 0x0 on cpu 0
msr_opt.c::85 setting MSR_PP0_POWER_LIMIT to 0x0 on cpu 0
msr_opt.c::79 setting MSR_PKG_POWER_LIMIT to 0x38198 on cpu 0
msr_rapl.c::399 returned from parse_opts
msr_opt.c::85 setting MSR_PP0_POWER_LIMIT to 0x0 on cpu 0
msr_opt.c::79 setting MSR_PKG_POWER_LIMIT to 0x38198 on cpu 0
msr_opt.c::79 setting MSR_PKG_POWER_LIMIT to 0x38198 on cpu 0
msr_opt.c::90 setting MSR_DRAM_POWER_LIMIT to 0x0 on cpu 0
msr_opt.c::79 setting MSR_PKG_POWER_LIMIT to 0x38198 on cpu 1
msr_opt.c::90 setting MSR_DRAM_POWER_LIMIT to 0x0 on cpu 0
msr_opt.c::90 setting MSR_DRAM_POWER_LIMIT to 0x0 on cpu 1
msr_opt.c::85 setting MSR_PP0_POWER_LIMIT to 0x0 on cpu 1
msr_opt.c::79 setting MSR_PKG_POWER_LIMIT to 0x38198 on cpu 1
msr_opt.c::85 setting MSR_PP0_POWER_LIMIT to 0x0 on cpu 1
msr_opt.c::85 setting MSR_PP0_POWER_LIMIT to 0x0 on cpu 0
msr_opt.c::85 setting MSR_PP0_POWER_LIMIT to 0x0 on cpu 0
msr_opt.c::90 setting MSR_DRAM_POWER_LIMIT to 0x0 on cpu 1
msr_opt.c::90 setting MSR_DRAM_POWER_LIMIT to 0x0 on cpu 0
msr_opt.c::85 setting MSR_PP0_POWER_LIMIT to 0x0 on cpu 0
msr_opt.c::79 setting MSR_PKG_POWER_LIMIT to 0x38198 on cpu 1
msr_opt.c::90 setting MSR_DRAM_POWER_LIMIT to 0x0 on cpu 0
msr_opt.c::79 setting MSR_PKG_POWER_LIMIT to 0x38198 on cpu 1
msr_opt.c::90 setting MSR_DRAM_POWER_LIMIT to 0x0 on cpu 0
msr_opt.c::85 setting MSR_PP0_POWER_LIMIT to 0x0 on cpu 1
msr_opt.c::79 setting MSR_PKG_POWER_LIMIT to 0x38198 on cpu 1
msr_opt.c::90 setting MSR_DRAM_POWER_LIMIT to 0x0 on cpu 1
msr_rapl.c::399 returned from parse_opts
msr_opt.c::79 setting MSR_PKG_POWER_LIMIT to 0x38198 on cpu 1
msr_opt.c::90 setting MSR_DRAM_POWER_LIMIT to 0x0 on cpu 1
msr_opt.c::85 setting MSR_PP0_POWER_LIMIT to 0x0 on cpu 1
msr_rapl.c::399 returned from parse_opts
msr_opt.c::85 setting MSR_PP0_POWER_LIMIT to 0x0 on cpu 1
msr_rapl.c::399 returned from parse_opts
msr_rapl.c::399 returned from parse_opts
msr_opt.c::85 setting MSR_PP0_POWER_LIMIT to 0x0 on cpu 1
msr_opt.c::90 setting MSR_DRAM_POWER_LIMIT to 0x0 on cpu 1
msr_opt.c::90 setting MSR_DRAM_POWER_LIMIT to 0x0 on cpu 1
msr_rapl.c::399 returned from parse_opts
msr_opt.c::90 setting MSR_DRAM_POWER_LIMIT to 0x0 on cpu 0
msr_opt.c::79 setting MSR_PKG_POWER_LIMIT to 0x38198 on cpu 0
msr_opt.c::90 setting MSR_DRAM_POWER_LIMIT to 0x0 on cpu 1
msr_rapl.c::399 returned from parse_opts
msr_rapl.c::399 returned from parse_opts
msr_opt.c::79 setting MSR_PKG_POWER_LIMIT to 0x38198 on cpu 1
msr_opt.c::85 setting MSR_PP0_POWER_LIMIT to 0x0 on cpu 0
msr_rapl.c::399 returned from parse_opts
msr_opt.c::79 setting MSR_PKG_POWER_LIMIT to 0x38198 on cpu 0
msr_opt.c::85 setting MSR_PP0_POWER_LIMIT to 0x0 on cpu 1
msr_opt.c::90 setting MSR_DRAM_POWER_LIMIT to 0x0 on cpu 0
msr_opt.c::85 setting MSR_PP0_POWER_LIMIT to 0x0 on cpu 0
msr_opt.c::90 setting MSR_DRAM_POWER_LIMIT to 0x0 on cpu 1
msr_opt.c::79 setting MSR_PKG_POWER_LIMIT to 0x38198 on cpu 1
msr_opt.c::90 setting MSR_DRAM_POWER_LIMIT to 0x0 on cpu 0
msr_rapl.c::399 returned from parse_opts
msr_opt.c::85 setting MSR_PP0_POWER_LIMIT to 0x0 on cpu 1
msr_opt.c::79 setting MSR_PKG_POWER_LIMIT to 0x38198 on cpu 1
msr_opt.c::90 setting MSR_DRAM_POWER_LIMIT to 0x0 on cpu 1
msr_opt.c::85 setting MSR_PP0_POWER_LIMIT to 0x0 on cpu 1
msr_rapl.c::399 returned from parse_opts
msr_opt.c::90 setting MSR_DRAM_POWER_LIMIT to 0x0 on cpu 1
msr_rapl.c::399 returned from parse_opts
msr_opt.c::79 setting MSR_PKG_POWER_LIMIT to 0x38198 on cpu 0
msr_opt.c::85 setting MSR_PP0_POWER_LIMIT to 0x0 on cpu 0
msr_opt.c::90 setting MSR_DRAM_POWER_LIMIT to 0x0 on cpu 0
msr_opt.c::79 setting MSR_PKG_POWER_LIMIT to 0x38198 on cpu 1
msr_opt.c::85 setting MSR_PP0_POWER_LIMIT to 0x0 on cpu 1
msr_opt.c::90 setting MSR_DRAM_POWER_LIMIT to 0x0 on cpu 1
msr_rapl.c::399 returned from parse_opts
msr_opt.c::79 setting MSR_PKG_POWER_LIMIT to 0x38198 on cpu 0
msr_opt.c::79 setting MSR_PKG_POWER_LIMIT to 0x38198 on cpu 0
msr_opt.c::85 setting MSR_PP0_POWER_LIMIT to 0x0 on cpu 0
msr_opt.c::85 setting MSR_PP0_POWER_LIMIT to 0x0 on cpu 0
msr_opt.c::90 setting MSR_DRAM_POWER_LIMIT to 0x0 on cpu 0
msr_opt.c::90 setting MSR_DRAM_POWER_LIMIT to 0x0 on cpu 0
msr_opt.c::79 setting MSR_PKG_POWER_LIMIT to 0x38198 on cpu 1
msr_opt.c::79 setting MSR_PKG_POWER_LIMIT to 0x38198 on cpu 1
msr_opt.c::85 setting MSR_PP0_POWER_LIMIT to 0x0 on cpu 1
msr_opt.c::85 setting MSR_PP0_POWER_LIMIT to 0x0 on cpu 1
msr_opt.c::90 setting MSR_DRAM_POWER_LIMIT to 0x0 on cpu 1
msr_opt.c::90 setting MSR_DRAM_POWER_LIMIT to 0x0 on cpu 1
msr_rapl.c::399 returned from parse_opts
msr_rapl.c::399 returned from parse_opts
