msr_core.c::79  pread returned -1.  cpu=1, msr=416 (0x1a0), val=274886623369 (0x4000850089).
: Illegal seek
msr_core.c::67  pwrite returned -1.  fd[1]=0, cpu=1, msr=416 (1a0), val=274886623369 (0x4000850089).  errno=29
: Illegal seek
msr_core.c::79  pread returned -1.  cpu=1, msr=416 (0x1a0), val=274886623369 (0x4000850089).
: Illegal seek
msr_core.c::67  pwrite returned -1.  fd[1]=0, cpu=1, msr=416 (1a0), val=274886623369 (0x4000850089).  errno=29
: Illegal seek
msr_core.c::79  pread returned -1.  cpu=1, msr=416 (0x1a0), val=274886623369 (0x4000850089).
: Illegal seek
msr_core.c::67  pwrite returned -1.  fd[1]=0, cpu=1, msr=416 (1a0), val=274886623369 (0x4000850089).  errno=29
: Illegal seek
msr_core.c::79  pread returned -1.  cpu=1, msr=416 (0x1a0), val=274886623369 (0x4000850089).
: Illegal seek
msr_core.c::67  pwrite returned -1.  fd[1]=0, cpu=1, msr=416 (1a0), val=274886623369 (0x4000850089).  errno=29
: Illegal seek
forrtl: severe (174): SIGSEGV, segmentation fault occurred
Image              PC                Routine            Line        Source             
libc.so.6          00002AAAAC0FCD29  Unknown               Unknown  Unknown
libc.so.6          00002AAAAC107988  Unknown               Unknown  Unknown
librapl.so         00002AAAAAF21BE0  Unknown               Unknown  Unknown
librapl.so         00002AAAAAF22E67  Unknown               Unknown  Unknown
librapl.so         00002AAAAAF22C51  Unknown               Unknown  Unknown
cg.D.64            00000000004099CC  Unknown               Unknown  Unknown
cg.D.64            0000000000404E90  Unknown               Unknown  Unknown
cg.D.64            0000000000404E2C  Unknown               Unknown  Unknown
libc.so.6          00002AAAAC0D7CDD  Unknown               Unknown  Unknown
cg.D.64            0000000000404D29  Unknown               Unknown  Unknown
forrtl: severe (174): SIGSEGV, segmentation fault occurred
Image              PC                Routine            Line        Source             
libc.so.6          00002AAAAC0FCD29  Unknown               Unknown  Unknown
libc.so.6          00002AAAAC107988  Unknown               Unknown  Unknown
librapl.so         00002AAAAAF21BE0  Unknown               Unknown  Unknown
librapl.so         00002AAAAAF22E67  Unknown               Unknown  Unknown
librapl.so         00002AAAAAF22C51  Unknown               Unknown  Unknown
cg.D.64            00000000004099CC  Unknown               Unknown  Unknown
cg.D.64            0000000000404E90  Unknown               Unknown  Unknown
cg.D.64            0000000000404E2C  Unknown               Unknown  Unknown
libc.so.6          00002AAAAC0D7CDD  Unknown               Unknown  Unknown
cg.D.64            0000000000404D29  Unknown               Unknown  Unknown
forrtl: severe (174): SIGSEGV, segmentation fault occurred
Image              PC                Routine            Line        Source             
libc.so.6          00002AAAAC0FCD29  Unknown               Unknown  Unknown
libc.so.6          00002AAAAC107988  Unknown               Unknown  Unknown
librapl.so         00002AAAAAF21BE0  Unknown               Unknown  Unknown
librapl.so         00002AAAAAF22E67  Unknown               Unknown  Unknown
librapl.so         00002AAAAAF22C51  Unknown               Unknown  Unknown
cg.D.64            00000000004099CC  Unknown               Unknown  Unknown
cg.D.64            0000000000404E90  Unknown               Unknown  Unknown
cg.D.64            0000000000404E2C  Unknown               Unknown  Unknown
libc.so.6          00002AAAAC0D7CDD  Unknown               Unknown  Unknown
cg.D.64            0000000000404D29  Unknown               Unknown  Unknown
forrtl: severe (174): SIGSEGV, segmentation fault occurred
Image              PC                Routine            Line        Source             
libc.so.6          00002AAAAC0FCD29  Unknown               Unknown  Unknown
libc.so.6          00002AAAAC107988  Unknown               Unknown  Unknown
librapl.so         00002AAAAAF21BE0  Unknown               Unknown  Unknown
librapl.so         00002AAAAAF22E67  Unknown               Unknown  Unknown
librapl.so         00002AAAAAF22C51  Unknown               Unknown  Unknown
cg.D.64            00000000004099CC  Unknown               Unknown  Unknown
cg.D.64            0000000000404E90  Unknown               Unknown  Unknown
cg.D.64            0000000000404E2C  Unknown               Unknown  Unknown
libc.so.6          00002AAAAC0D7CDD  Unknown               Unknown  Unknown
cg.D.64            0000000000404D29  Unknown               Unknown  Unknown
slurmd[rzmerl107]: *** STEP 5665.7 KILLED AT 2012-04-12T18:54:10 WITH SIGNAL 9 ***
slurmd[rzmerl153]: *** STEP 5665.7 KILLED AT 2012-04-12T18:54:10 WITH SIGNAL 9 ***
slurmd[rzmerl112]: *** STEP 5665.7 KILLED AT 2012-04-12T18:54:10 WITH SIGNAL 9 ***
slurmd[rzmerl115]: *** STEP 5665.7 KILLED AT 2012-04-12T18:54:10 WITH SIGNAL 9 ***
slurmd[rzmerl114]: *** STEP 5665.7 KILLED AT 2012-04-12T18:54:10 WITH SIGNAL 9 ***
slurmd[rzmerl154]: *** STEP 5665.7 KILLED AT 2012-04-12T18:54:10 WITH SIGNAL 9 ***
slurmd[rzmerl117]: *** STEP 5665.7 KILLED AT 2012-04-12T18:54:10 WITH SIGNAL 9 ***
slurmd[rzmerl151]: *** STEP 5665.7 KILLED AT 2012-04-12T18:54:10 WITH SIGNAL 9 ***
slurmd[rzmerl108]: *** STEP 5665.7 KILLED AT 2012-04-12T18:54:10 WITH SIGNAL 9 ***
slurmd[rzmerl109]: *** STEP 5665.7 KILLED AT 2012-04-12T18:54:10 WITH SIGNAL 9 ***
slurmd[rzmerl110]: *** STEP 5665.7 KILLED AT 2012-04-12T18:54:10 WITH SIGNAL 9 ***
slurmd[rzmerl118]: *** STEP 5665.7 KILLED AT 2012-04-12T18:54:10 WITH SIGNAL 9 ***
slurmd[rzmerl113]: *** STEP 5665.7 KILLED AT 2012-04-12T18:54:10 WITH SIGNAL 9 ***
slurmd[rzmerl116]: *** STEP 5665.7 KILLED AT 2012-04-12T18:54:10 WITH SIGNAL 9 ***
slurmd[rzmerl152]: *** STEP 5665.7 KILLED AT 2012-04-12T18:54:10 WITH SIGNAL 9 ***
slurmd[rzmerl111]: *** STEP 5665.7 KILLED AT 2012-04-12T18:54:10 WITH SIGNAL 9 ***
slurmd[rzmerl107]: *** STEP 5665.7 KILLED AT 2012-04-12T18:54:10 WITH SIGNAL 9 ***
slurmd[rzmerl111]: *** STEP 5665.7 KILLED AT 2012-04-12T18:54:10 WITH SIGNAL 9 ***
slurmd[rzmerl115]: *** STEP 5665.7 KILLED AT 2012-04-12T18:54:10 WITH SIGNAL 9 ***
slurmd[rzmerl151]: *** STEP 5665.7 KILLED AT 2012-04-12T18:54:10 WITH SIGNAL 9 ***
slurmd[rzmerl153]: *** STEP 5665.7 KILLED AT 2012-04-12T18:54:10 WITH SIGNAL 9 ***
slurmd[rzmerl154]: *** STEP 5665.7 KILLED AT 2012-04-12T18:54:10 WITH SIGNAL 9 ***
slurmd[rzmerl117]: *** STEP 5665.7 KILLED AT 2012-04-12T18:54:10 WITH SIGNAL 9 ***
slurmd[rzmerl108]: *** STEP 5665.7 KILLED AT 2012-04-12T18:54:10 WITH SIGNAL 9 ***
slurmd[rzmerl109]: *** STEP 5665.7 KILLED AT 2012-04-12T18:54:10 WITH SIGNAL 9 ***
slurmd[rzmerl110]: *** STEP 5665.7 KILLED AT 2012-04-12T18:54:10 WITH SIGNAL 9 ***
slurmd[rzmerl118]: *** STEP 5665.7 KILLED AT 2012-04-12T18:54:10 WITH SIGNAL 9 ***
slurmd[rzmerl116]: *** STEP 5665.7 KILLED AT 2012-04-12T18:54:10 WITH SIGNAL 9 ***
slurmd[rzmerl152]: *** STEP 5665.7 KILLED AT 2012-04-12T18:54:10 WITH SIGNAL 9 ***
slurmd[rzmerl112]: *** STEP 5665.7 KILLED AT 2012-04-12T18:54:10 WITH SIGNAL 9 ***
slurmd[rzmerl114]: *** STEP 5665.7 KILLED AT 2012-04-12T18:54:10 WITH SIGNAL 9 ***
slurmd[rzmerl113]: *** STEP 5665.7 KILLED AT 2012-04-12T18:54:10 WITH SIGNAL 9 ***
