/g/g24/rountree/local/src/power
nodes=32 ntasks=128
+ export BMARK_STRING=sphot.128
+ BMARK_STRING=sphot.128
++ date +%Y_%m_%d_%H_%M_%S_%N
+ name=2012_04_25_23_57_29_344514835
+ mkdir 2012_04_25_23_57_29_344514835
+ cd 2012_04_25_23_57_29_344514835
+ env
+ hostname
+ echo 2012_04_25_23_57_29_344514835
+ uname -a
+ srun --nodes=1 --ntasks=1 -ppbatch cat /proc/cpuinfo
+ grep MHz
+ echo 'cores: 128'
+ echo 'nodes: 32'
+ echo 32
32
+ echo 2012_04_25_23_57_29_344514835
2012_04_25_23_57_29_344514835
+ cp ../../input.dat ./input.dat
+ cp ../../opac.txt ./opac.txt
+ '[' 128 -le 8 ']'
+ srun --nodes=32 --ntasks=128 -ppbatch -e sphot.err -o out.dat --auto-affinity=start=0,verbose,cpt=1 ../sphotCL.sh 128
+ sh /g/g24/rountree/local/src/power/setcpufreq.sh 2600000 0 15
setting frequency to 2600000 KHz on cores 0 through 15
nodes=32 ntasks=256
+ export BMARK_STRING=sphot.256
+ BMARK_STRING=sphot.256
++ date +%Y_%m_%d_%H_%M_%S_%N
+ name=2012_04_25_23_59_22_996883531
+ mkdir 2012_04_25_23_59_22_996883531
+ cd 2012_04_25_23_59_22_996883531
+ env
+ hostname
+ echo 2012_04_25_23_59_22_996883531
+ uname -a
+ srun --nodes=1 --ntasks=1 -ppbatch cat /proc/cpuinfo
+ grep MHz
+ echo 'cores: 256'
+ echo 'nodes: 32'
+ echo 32
32
+ echo 2012_04_25_23_59_22_996883531
2012_04_25_23_59_22_996883531
+ cp ../../input.dat ./input.dat
+ cp ../../opac.txt ./opac.txt
+ '[' 256 -le 8 ']'
+ srun --nodes=32 --ntasks=256 -ppbatch -e sphot.err -o out.dat --auto-affinity=start=0,verbose,cpt=1 ../sphotCL.sh 256
+ sh /g/g24/rountree/local/src/power/setcpufreq.sh 2600000 0 15
setting frequency to 2600000 KHz on cores 0 through 15
nodes=32 ntasks=512
+ export BMARK_STRING=sphot.512
+ BMARK_STRING=sphot.512
++ date +%Y_%m_%d_%H_%M_%S_%N
+ name=2012_04_26_00_00_39_142732252
+ mkdir 2012_04_26_00_00_39_142732252
+ cd 2012_04_26_00_00_39_142732252
+ env
+ hostname
+ echo 2012_04_26_00_00_39_142732252
+ uname -a
+ srun --nodes=1 --ntasks=1 -ppbatch cat /proc/cpuinfo
+ grep MHz
+ echo 'cores: 512'
+ echo 'nodes: 32'
+ echo 32
32
+ echo 2012_04_26_00_00_39_142732252
2012_04_26_00_00_39_142732252
+ cp ../../input.dat ./input.dat
+ cp ../../opac.txt ./opac.txt
+ '[' 512 -le 8 ']'
+ srun --nodes=32 --ntasks=512 -ppbatch -e sphot.err -o out.dat --auto-affinity=start=0,verbose,cpt=1 ../sphotCL.sh 512
+ sh /g/g24/rountree/local/src/power/setcpufreq.sh 2600000 0 15
setting frequency to 2600000 KHz on cores 0 through 15
nodes=32 ntasks=128
+ export BMARK_STRING=sphot.128
+ BMARK_STRING=sphot.128
++ date +%Y_%m_%d_%H_%M_%S_%N
+ name=2012_04_26_00_01_22_646277354
+ mkdir 2012_04_26_00_01_22_646277354
+ cd 2012_04_26_00_01_22_646277354
+ env
+ hostname
+ echo 2012_04_26_00_01_22_646277354
+ uname -a
+ srun --nodes=1 --ntasks=1 -ppbatch cat /proc/cpuinfo
+ grep MHz
+ echo 'cores: 128'
+ echo 'nodes: 32'
+ echo 32
32
+ echo 2012_04_26_00_01_22_646277354
2012_04_26_00_01_22_646277354
+ cp ../../input.dat ./input.dat
+ cp ../../opac.txt ./opac.txt
+ '[' 128 -le 8 ']'
+ srun --nodes=32 --ntasks=128 -ppbatch -e sphot.err -o out.dat --auto-affinity=start=0,verbose,cpt=1 ../sphotCL.sh 128
+ sh /g/g24/rountree/local/src/power/setcpufreq.sh 2600000 0 15
setting frequency to 2600000 KHz on cores 0 through 15
nodes=32 ntasks=256
+ export BMARK_STRING=sphot.256
+ BMARK_STRING=sphot.256
++ date +%Y_%m_%d_%H_%M_%S_%N
+ name=2012_04_26_00_03_14_838641157
+ mkdir 2012_04_26_00_03_14_838641157
+ cd 2012_04_26_00_03_14_838641157
+ env
+ hostname
+ echo 2012_04_26_00_03_14_838641157
+ uname -a
+ srun --nodes=1 --ntasks=1 -ppbatch cat /proc/cpuinfo
+ grep MHz
+ echo 'cores: 256'
+ echo 'nodes: 32'
+ echo 32
32
+ echo 2012_04_26_00_03_14_838641157
2012_04_26_00_03_14_838641157
+ cp ../../input.dat ./input.dat
+ cp ../../opac.txt ./opac.txt
+ '[' 256 -le 8 ']'
+ srun --nodes=32 --ntasks=256 -ppbatch -e sphot.err -o out.dat --auto-affinity=start=0,verbose,cpt=1 ../sphotCL.sh 256
+ sh /g/g24/rountree/local/src/power/setcpufreq.sh 2600000 0 15
setting frequency to 2600000 KHz on cores 0 through 15
nodes=32 ntasks=512
+ export BMARK_STRING=sphot.512
+ BMARK_STRING=sphot.512
++ date +%Y_%m_%d_%H_%M_%S_%N
+ name=2012_04_26_00_04_19_702525572
+ mkdir 2012_04_26_00_04_19_702525572
+ cd 2012_04_26_00_04_19_702525572
+ env
+ hostname
+ echo 2012_04_26_00_04_19_702525572
+ uname -a
+ srun --nodes=1 --ntasks=1 -ppbatch cat /proc/cpuinfo
+ grep MHz
+ echo 'cores: 512'
+ echo 'nodes: 32'
+ echo 32
32
+ echo 2012_04_26_00_04_19_702525572
2012_04_26_00_04_19_702525572
+ cp ../../input.dat ./input.dat
+ cp ../../opac.txt ./opac.txt
+ '[' 512 -le 8 ']'
+ srun --nodes=32 --ntasks=512 -ppbatch -e sphot.err -o out.dat --auto-affinity=start=0,verbose,cpt=1 ../sphotCL.sh 512
+ sh /g/g24/rountree/local/src/power/setcpufreq.sh 2600000 0 15
setting frequency to 2600000 KHz on cores 0 through 15
nodes=32 ntasks=128
+ export BMARK_STRING=sphot.128
+ BMARK_STRING=sphot.128
++ date +%Y_%m_%d_%H_%M_%S_%N
+ name=2012_04_26_00_04_56_989843064
+ mkdir 2012_04_26_00_04_56_989843064
+ cd 2012_04_26_00_04_56_989843064
+ env
+ hostname
+ echo 2012_04_26_00_04_56_989843064
+ uname -a
+ srun --nodes=1 --ntasks=1 -ppbatch cat /proc/cpuinfo
+ grep MHz
+ echo 'cores: 128'
+ echo 'nodes: 32'
+ echo 32
32
+ echo 2012_04_26_00_04_56_989843064
2012_04_26_00_04_56_989843064
+ cp ../../input.dat ./input.dat
+ cp ../../opac.txt ./opac.txt
+ '[' 128 -le 8 ']'
+ srun --nodes=32 --ntasks=128 -ppbatch -e sphot.err -o out.dat --auto-affinity=start=0,verbose,cpt=1 ../sphotCL.sh 128
+ sh /g/g24/rountree/local/src/power/setcpufreq.sh 2600000 0 15
setting frequency to 2600000 KHz on cores 0 through 15
nodes=32 ntasks=256
+ export BMARK_STRING=sphot.256
+ BMARK_STRING=sphot.256
++ date +%Y_%m_%d_%H_%M_%S_%N
+ name=2012_04_26_00_06_49_118992383
+ mkdir 2012_04_26_00_06_49_118992383
+ cd 2012_04_26_00_06_49_118992383
+ env
+ hostname
+ echo 2012_04_26_00_06_49_118992383
+ uname -a
+ srun --nodes=1 --ntasks=1 -ppbatch cat /proc/cpuinfo
+ grep MHz
+ echo 'cores: 256'
+ echo 'nodes: 32'
+ echo 32
32
+ echo 2012_04_26_00_06_49_118992383
2012_04_26_00_06_49_118992383
+ cp ../../input.dat ./input.dat
+ cp ../../opac.txt ./opac.txt
+ '[' 256 -le 8 ']'
+ srun --nodes=32 --ntasks=256 -ppbatch -e sphot.err -o out.dat --auto-affinity=start=0,verbose,cpt=1 ../sphotCL.sh 256
+ sh /g/g24/rountree/local/src/power/setcpufreq.sh 2600000 0 15
setting frequency to 2600000 KHz on cores 0 through 15
nodes=32 ntasks=512
+ export BMARK_STRING=sphot.512
+ BMARK_STRING=sphot.512
++ date +%Y_%m_%d_%H_%M_%S_%N
+ name=2012_04_26_00_07_48_738385396
+ mkdir 2012_04_26_00_07_48_738385396
+ cd 2012_04_26_00_07_48_738385396
+ env
+ hostname
+ echo 2012_04_26_00_07_48_738385396
+ uname -a
+ srun --nodes=1 --ntasks=1 -ppbatch cat /proc/cpuinfo
+ grep MHz
+ echo 'cores: 512'
+ echo 'nodes: 32'
+ echo 32
32
+ echo 2012_04_26_00_07_48_738385396
2012_04_26_00_07_48_738385396
+ cp ../../input.dat ./input.dat
+ cp ../../opac.txt ./opac.txt
+ '[' 512 -le 8 ']'
+ srun --nodes=32 --ntasks=512 -ppbatch -e sphot.err -o out.dat --auto-affinity=start=0,verbose,cpt=1 ../sphotCL.sh 512
+ sh /g/g24/rountree/local/src/power/setcpufreq.sh 2600000 0 15
setting frequency to 2600000 KHz on cores 0 through 15
nodes=32 ntasks=128
+ export BMARK_STRING=sphot.128
+ BMARK_STRING=sphot.128
++ date +%Y_%m_%d_%H_%M_%S_%N
+ name=2012_04_26_00_08_23_452171128
+ mkdir 2012_04_26_00_08_23_452171128
+ cd 2012_04_26_00_08_23_452171128
+ env
+ hostname
+ echo 2012_04_26_00_08_23_452171128
+ uname -a
+ srun --nodes=1 --ntasks=1 -ppbatch cat /proc/cpuinfo
+ grep MHz
+ echo 'cores: 128'
+ echo 'nodes: 32'
+ echo 32
32
+ echo 2012_04_26_00_08_23_452171128
2012_04_26_00_08_23_452171128
+ cp ../../input.dat ./input.dat
+ cp ../../opac.txt ./opac.txt
+ '[' 128 -le 8 ']'
+ srun --nodes=32 --ntasks=128 -ppbatch -e sphot.err -o out.dat --auto-affinity=start=0,verbose,cpt=1 ../sphotCL.sh 128
+ sh /g/g24/rountree/local/src/power/setcpufreq.sh 2600000 0 15
setting frequency to 2600000 KHz on cores 0 through 15
nodes=32 ntasks=256
+ export BMARK_STRING=sphot.256
+ BMARK_STRING=sphot.256
++ date +%Y_%m_%d_%H_%M_%S_%N
+ name=2012_04_26_00_10_15_576113805
+ mkdir 2012_04_26_00_10_15_576113805
+ cd 2012_04_26_00_10_15_576113805
+ env
+ hostname
+ echo 2012_04_26_00_10_15_576113805
+ uname -a
+ srun --nodes=1 --ntasks=1 -ppbatch cat /proc/cpuinfo
+ grep MHz
+ echo 'cores: 256'
+ echo 'nodes: 32'
+ echo 32
32
+ echo 2012_04_26_00_10_15_576113805
2012_04_26_00_10_15_576113805
+ cp ../../input.dat ./input.dat
+ cp ../../opac.txt ./opac.txt
+ '[' 256 -le 8 ']'
+ srun --nodes=32 --ntasks=256 -ppbatch -e sphot.err -o out.dat --auto-affinity=start=0,verbose,cpt=1 ../sphotCL.sh 256
+ sh /g/g24/rountree/local/src/power/setcpufreq.sh 2600000 0 15
setting frequency to 2600000 KHz on cores 0 through 15
nodes=32 ntasks=512
+ export BMARK_STRING=sphot.512
+ BMARK_STRING=sphot.512
++ date +%Y_%m_%d_%H_%M_%S_%N
+ name=2012_04_26_00_11_14_685259588
+ mkdir 2012_04_26_00_11_14_685259588
+ cd 2012_04_26_00_11_14_685259588
+ env
+ hostname
+ echo 2012_04_26_00_11_14_685259588
+ uname -a
+ srun --nodes=1 --ntasks=1 -ppbatch cat /proc/cpuinfo
+ grep MHz
+ echo 'cores: 512'
+ echo 'nodes: 32'
+ echo 32
32
+ echo 2012_04_26_00_11_14_685259588
2012_04_26_00_11_14_685259588
+ cp ../../input.dat ./input.dat
+ cp ../../opac.txt ./opac.txt
+ '[' 512 -le 8 ']'
+ srun --nodes=32 --ntasks=512 -ppbatch -e sphot.err -o out.dat --auto-affinity=start=0,verbose,cpt=1 ../sphotCL.sh 512
+ sh /g/g24/rountree/local/src/power/setcpufreq.sh 2600000 0 15
setting frequency to 2600000 KHz on cores 0 through 15
Resetting now...
