msr_opt.c::54 c=-1
msr_opt.c::78 setting MSR_PKG_POWER_LIMIT to 0x382f8 on cpu 0
msr_opt.c::83 setting MSR_PP0_POWER_LIMIT to 0x0 on cpu 0
msr_opt.c::88 setting MSR_DRAM_POWER_LIMIT to 0x380a0 on cpu 0
msr_core.c::64  pwrite returned -1.  fd[0]=15, cpu=0, msr=1560 (618), val=229536 (0x380a0).  errno=5
: Input/output error
msr_opt.c::78 setting MSR_PKG_POWER_LIMIT to 0x382f8 on cpu 1
msr_opt.c::83 setting MSR_PP0_POWER_LIMIT to 0x0 on cpu 1
msr_opt.c::88 setting MSR_DRAM_POWER_LIMIT to 0x380a0 on cpu 1
msr_core.c::64  pwrite returned -1.  fd[1]=16, cpu=1, msr=1560 (618), val=229536 (0x380a0).  errno=5
: Input/output error
msr_rapl.c::399 returned from parse_opts
msr_opt.c::54 c=-1
msr_opt.c::78 setting MSR_PKG_POWER_LIMIT to 0x382f8 on cpu 0
msr_opt.c::83 setting MSR_PP0_POWER_LIMIT to 0x0 on cpu 0
msr_opt.c::88 setting MSR_DRAM_POWER_LIMIT to 0x380a0 on cpu 0
msr_core.c::64  pwrite returned -1.  fd[0]=13, cpu=0, msr=1560 (618), val=229536 (0x380a0).  errno=5
: Input/output error
msr_opt.c::78 setting MSR_PKG_POWER_LIMIT to 0x382f8 on cpu 1
msr_opt.c::83 setting MSR_PP0_POWER_LIMIT to 0x0 on cpu 1
msr_opt.c::88 setting MSR_DRAM_POWER_LIMIT to 0x380a0 on cpu 1
msr_core.c::64  pwrite returned -1.  fd[1]=14, cpu=1, msr=1560 (618), val=229536 (0x380a0).  errno=5
: Input/output error
msr_rapl.c::399 returned from parse_opts
msr_opt.c::54 c=-1
msr_opt.c::78 setting MSR_PKG_POWER_LIMIT to 0x382f8 on cpu 0
msr_opt.c::83 setting MSR_PP0_POWER_LIMIT to 0x0 on cpu 0
msr_opt.c::88 setting MSR_DRAM_POWER_LIMIT to 0x380a0 on cpu 0
msr_core.c::64  pwrite returned -1.  fd[0]=13, cpu=0, msr=1560 (618), val=229536 (0x380a0).  errno=5
: Input/output error
msr_opt.c::78 setting MSR_PKG_POWER_LIMIT to 0x382f8 on cpu 1
msr_opt.c::83 setting MSR_PP0_POWER_LIMIT to 0x0 on cpu 1
msr_opt.c::54 c=-1
msr_opt.c::78 setting MSR_PKG_POWER_LIMIT to 0x382f8 on cpu 0
msr_opt.c::83 setting MSR_PP0_POWER_LIMIT to 0x0 on cpu 0
msr_opt.c::88 setting MSR_DRAM_POWER_LIMIT to 0x380a0 on cpu 0
msr_core.c::64  pwrite returned -1.  fd[0]=14, cpu=0, msr=1560 (618), val=229536 (0x380a0).  errno=5
: Input/output error
msr_opt.c::78 setting MSR_PKG_POWER_LIMIT to 0x382f8 on cpu 1
msr_opt.c::83 setting MSR_PP0_POWER_LIMIT to 0x0 on cpu 1
msr_opt.c::88 setting MSR_DRAM_POWER_LIMIT to 0x380a0 on cpu 1
msr_core.c::64  pwrite returned -1.  fd[1]=15, cpu=1, msr=1560 (618), val=229536 (0x380a0).  errno=5
: Input/output error
msr_rapl.c::399 returned from parse_opts
msr_opt.c::88 setting MSR_DRAM_POWER_LIMIT to 0x380a0 on cpu 1
msr_core.c::64  pwrite returned -1.  fd[1]=14, cpu=1, msr=1560 (618), val=229536 (0x380a0).  errno=5
: Input/output error
msr_rapl.c::399 returned from parse_opts
# QQQ elapsed PKG_Watts_0 PP0_Watts_0 DRAM_Watts_0 PKG_Info_Max_Window_Sec_0 PKG_Info_Max_Window_Bits_0 PKG_Info_Max_Power_Watts_0 PKG_Info_Max_Power_Bits_0 PKG_Info_Min_Power_Watts_0 PKG_Info_Min_Power_Bits_0 PKG_Info_Thermal_Spec_Watts_0 PKG_Info_Thermal_Spec_Bits_0 DRAM_Info_Max_Window_Sec_0 DRAM_Info_Max_Window_Bits_0 DRAM_Info_Max_Power_Watts_0 DRAM_Info_Max_Power_Bits_0 DRAM_Info_Min_Power_Watts_0 DRAM_Info_Min_Power_Bits_0 DRAM_Info_Thermal_Spec_Watts_0 DRAM_Info_Thermal_Spec_Bits_0 Units_Power_Bits_0 Units_Energy_Bits_0 Units_Time_Bits_0 Units_Power_Watts_0 Units_Energy_Joules_0 Units_Time_Seconds_0 PKG_Limit2_Enable_0 PKG_Limit2_Clamp_0 PKG_Limit2_Time_Bits_0 PKG_Limit2_Power_Bits_0 PKG_Limit2_Mult_Bits_0 PKG_Limit2_Mult_Float_0 PKG_Limit2_Time_Seconds_0 PKG_Limit2_Power_Watts_0 PKG_Limit1_Enable_0 PKG_Limit1_Clamp_0 PKG_Limit1_Time_Bits_0 PKG_Limit1_Power_Bits_0 PKG_Limit1_Mult_Bits_0 PKG_Limit1_Mult_Float_0 PKG_Limit1_Time_Seconds_0 PKG_Limit1_Power_Watts_0 PP0_Limit1_Enable_0 PP0_Limit1_Clamp_0 PP# QQQ elapsed PKG_Watts_0 PP0_Watts_0 DRAM_Watts_0 PKG_Info_Max_Window_Sec_0 PKG_Info_Max_Window_Bits_0 PKG_Info_Max_Power_Watts_0 PKG_Info_Max_Power_Bits_0 PKG_Info_Min_Power_Watts_0 PKG_Info_Min_Power_Bits_0 PKG_Info_Thermal_Spec_Watts_0 PKG_Info_Thermal_Spec_Bits_0 DRAM_Info_Max_Window_Sec_0 DRAM_Info_Max_Window_Bits_0 DRAM_Info_Max_Power_Watts_0 DRAM_Info_Max_Power_Bits_0 DRAM_Info_Min_Power_Watts_0 DRAM_Info_Min_Power_Bits_0 DRAM_Info_Thermal_Spec_Watts_0 DRAM_Info_Thermal_Spec_Bits_0 Units_Power_Bits_0 Units_Energy_Bits_0 Units_Time_Bits_0 Units_Power_Watts_0 Units_Energy_Joules_0 Units_Time_Seconds_0 PKG_Limit2_Enable_0 PKG_Limit2_Clamp_0 PKG_Limit2_Time_Bits_0 PKG_Limit2_Power_Bits_0 PKG_Limit2_Mult_Bits_0 PKG_Limit2_Mult_Float_0 PKG_Limit2_Time_Seconds_0 PKG_Limit2_Power_Watts_0 PKG_Limit1_Enable_0 PKG_Limit1_Clamp_0 PKG_Limit1_Time_Bits_0 PKG_Limit1_Power_Bits_0 PKG_Limit1_Mult_Bits_0 PKG_Limit1_Mult_Float_0 PKG_Limit1_Time_Seconds_0 PKG_Limit1_Power_Watts_0 PP0_Limit1_Enable_0 PP0_Limit1_Clamp_0 PP# QQQ elapsed PKG_Watts_0 PP0_Watts_0 DRAM_Watts_0 PKG_Info_Max_Window_Sec_0 PKG_Info_Max_Window_Bits_0 PKG_Info_Max_Power_Watts_0 PKG_Info_Max_Power_Bits_0 PKG_Info_Min_Power_Watts_0 PKG_Info_Min_Power_Bits_0 PKG_Info_Thermal_Spec_Watts_0 PKG_Info_Thermal_Spec_Bits_0 DRAM_Info_Max_Window_Sec_0 DRAM_Info_Max_Window_Bits_0 DRAM_Info_Max_Power_Watts_0 DRAM_Info_Max_Power_Bits_0 DRAM_Info_Min_Power_Watts_0 DRAM_Info_Min_Power_Bits_0 DRAM_Info_Thermal_Spec_Watts_0 DRAM_Info_Thermal_Spec_Bits_0 Units_Power_Bits_0 Units_Energy_Bits_0 Units_Time_Bits_0 Units_Power_Watts_0 Units_Energy_Joules_0 Units_Time_Seconds_0 PKG_Limit2_Enable_0 PKG_Limit2_Clamp_0 PKG_Limit2_Time_Bits_0 PKG_Limit2_Power_Bits_0 PKG_Limit2_Mult_Bits_0 PKG_Limit2_Mult_Float_0 PKG_Limit2_Time_Seconds_0 PKG_Limit2_Power_Watts_0 PKG_Limit1_Enable_0 PKG_Limit1_Clamp_0 PKG_Limit1_Time_Bits_0 PKG_Limit1_Power_Bits_0 PKG_Limit1_Mult_Bits_0 PKG_Limit1_Mult_Float_0 PKG_Limit1_Time_Seconds_0 PKG_Limit1_Power_Watts_0 PP0_Limit1_Enable_0 PP0_Limit1_Clamp_0 PP# QQQ elapsed PKG_Watts_0 PP0_Watts_0 DRAM_Watts_0 PKG_Info_Max_Window_Sec_0 PKG_Info_Max_Window_Bits_0 PKG_Info_Max_Power_Watts_0 PKG_Info_Max_Power_Bits_0 PKG_Info_Min_Power_Watts_0 PKG_Info_Min_Power_Bits_0 PKG_Info_Thermal_Spec_Watts_0 PKG_Info_Thermal_Spec_Bits_0 DRAM_Info_Max_Window_Sec_0 DRAM_Info_Max_Window_Bits_0 DRAM_Info_Max_Power_Watts_0 DRAM_Info_Max_Power_Bits_0 DRAM_Info_Min_Power_Watts_0 DRAM_Info_Min_Power_Bits_0 DRAM_Info_Thermal_Spec_Watts_0 DRAM_Info_Thermal_Spec_Bits_0 Units_Power_Bits_0 Units_Energy_Bits_0 Units_Time_Bits_0 Units_Power_Watts_0 Units_Energy_Joules_0 Units_Time_Seconds_0 PKG_Limit2_Enable_0 PKG_Limit2_Clamp_0 PKG_Limit2_Time_Bits_0 PKG_Limit2_Power_Bits_0 PKG_Limit2_Mult_Bits_0 PKG_Limit2_Mult_Float_0 PKG_Limit2_Time_Seconds_0 PKG_Limit2_Power_Watts_0 PKG_Limit1_Enable_0 PKG_Limit1_Clamp_0 PKG_Limit1_Time_Bits_0 PKG_Limit1_Power_Bits_0 PKG_Limit1_Mult_Bits_0 PKG_Limit1_Mult_Float_0 PKG_Limit1_Time_Seconds_0 PKG_Limit1_Power_Watts_0 PP0_Limit1_Enable_0 PP0_Limit1_Clamp_0 PP0_Limit1_Time_Bits_0 PP0_Limit1_Power_Bits_0 PP0_Limit1_Mult_Bits_0 PP0_Limit1_Mult_Float_0 PP0_Limit1_Time_Seconds_0 PP0_Limit1_Power_Watts_0 DRAM_Limit1_Enable_0 DRAM_Limit1_Clamp_0 DRAM_Limit1_Time_Bits_0 DRAM_Limit1_Power_Bits_0 DRAM_Limit1_Mult_Bits_0 DRAM_Limit1_Mult_Float_0 DRAM_Limit1_Time_Seconds_0 DRAM_Limit1_Power_Watts_0 PKG_Watts_1 PP0_Watts_1 DRAM_Watts_1 PKG_Info_Max_Window_Sec_1 PKG_Info_Max_Window_Bits_1 PKG_Info_Max_Power_Watts_1 PKG_Info_Max_Power_Bits_1 PKG_Info_Min_Power_Watts_1 PKG_Info_Min_Power_Bits_1 PKG_Info_Thermal_Spec_Watts_1 PKG_Info_Thermal_Spec_Bits_1 DRAM_Info_Max_Window_Sec_1 DRAM_Info_Max_Window_Bits_1 DRAM_Info_Max_Power_Watts_1 DRAM_Info_Max_Power_Bits_1 DRAM_Info_Min_Power_Watts_1 DRAM_Info_Min_Power_Bits_1 DRAM_Info_Thermal_Spec_Watts_1 DRAM_Info_Thermal_Spec_Bits_1 Units_Power_Bits_1 Units_Energy_Bits_1 Units_Time_Bits_1 Units_Power_Watts_1 Units_Energy_Joules_1 Units_Time_Seconds_1 PKG_Limit2_Enable_1 PKG_Limit2_Clamp_1 PKG_Limit2_Time_Bits_1 PKG_Limit2_Power_Bits_1 PK0_Limit1_Time_Bits_0 PP0_Limit1_Power_Bits_0 PP0_Limit1_Mult_Bits_0 PP0_Limit1_Mult_Float_0 PP0_Limit1_Time_Seconds_0 PP0_Limit1_Power_Watts_0 DRAM_Limit1_Enable_0 DRAM_Limit1_Clamp_0 DRAM_Limit1_Time_Bits_0 DRAM_Limit1_Power_Bits_0 DRAM_Limit1_Mult_Bits_0 DRAM_Limit1_Mult_Float_0 DRAM_Limit1_Time_Seconds_0 DRAM_Limit1_Power_Watts_0 PKG_Watts_1 PP0_Watts_1 DRAM_Watts_1 PKG_Info_Max_Window_Sec_1 PKG_Info_Max_Window_Bits_1 PKG_Info_Max_Power_Watts_1 PKG_Info_Max_Power_Bits_1 PKG_Info_Min_Power_Watts_1 PKG_Info_Min_Power_Bits_1 PKG_Info_Thermal_Spec_Watts_1 PKG_Info_Thermal_Spec_Bits_1 DRAM_Info_Max_Window_Sec_1 DRAM_Info_Max_Window_Bits_1 DRAM_Info_Max_Power_Watts_1 DRAM_Info_Max_Power_Bits_1 DRAM_Info_Min_Power_Watts_1 DRAM_Info_Min_Power_Bits_1 DRAM_Info_Thermal_Spec_Watts_1 DRAM_Info_Thermal_Spec_Bits_1 Units_Power_Bits_1 Units_Energy_Bits_1 Units_Time_Bits_1 Units_Power_Watts_1 Units_Energy_Joules_1 Units_Time_Seconds_1 PKG_Limit2_Enable_1 PKG_Limit2_Clamp_1 PKG_Limit2_Time_Bits_1 PKG_Limit2_Power_Bits_1 PK0_Limit1_Time_Bits_0 PP0_Limit1_Power_Bits_0 PP0_Limit1_Mult_Bits_0 PP0_Limit1_Mult_Float_0 PP0_Limit1_Time_Seconds_0 PP0_Limit1_Power_Watts_0 DRAM_Limit1_Enable_0 DRAM_Limit1_Clamp_0 DRAM_Limit1_Time_Bits_0 DRAM_Limit1_Power_Bits_0 DRAM_Limit1_Mult_Bits_0 DRAM_Limit1_Mult_Float_0 DRAM_Limit1_Time_Seconds_0 DRAM_Limit1_Power_Watts_0 PKG_Watts_1 PP0_Watts_1 DRAM_Watts_1 PKG_Info_Max_Window_Sec_1 PKG_Info_Max_Window_Bits_1 PKG_Info_Max_Power_Watts_1 PKG_Info_Max_Power_Bits_1 PKG_Info_Min_Power_Watts_1 PKG_Info_Min_Power_Bits_1 PKG_Info_Thermal_Spec_Watts_1 PKG_Info_Thermal_Spec_Bits_1 DRAM_Info_Max_Window_Sec_1 DRAM_Info_Max_Window_Bits_1 DRAM_Info_Max_Power_Watts_1 DRAM_Info_Max_Power_Bits_1 DRAM_Info_Min_Power_Watts_1 DRAM_Info_Min_Power_Bits_1 DRAM_Info_Thermal_Spec_Watts_1 DRAM_Info_Thermal_Spec_Bits_1 Units_Power_Bits_1 Units_Energy_Bits_1 Units_Time_Bits_1 Units_Power_Watts_1 Units_Energy_Joules_1 Units_Time_Seconds_1 PKG_Limit2_Enable_1 PKG_Limit2_Clamp_1 PKG_Limit2_Time_Bits_1 PKG_Limit2_Power_Bits_1 PK0_Limit1_Time_Bits_0 PP0_Limit1_Power_Bits_0 PP0_Limit1_Mult_Bits_0 PP0_Limit1_Mult_Float_0 PP0_Limit1_Time_Seconds_0 PP0_Limit1_Power_Watts_0 DRAM_Limit1_Enable_0 DRAM_Limit1_Clamp_0 DRAM_Limit1_Time_Bits_0 DRAM_Limit1_Power_Bits_0 DRAM_Limit1_Mult_Bits_0 DRAM_Limit1_Mult_Float_0 DRAM_Limit1_Time_Seconds_0 DRAM_Limit1_Power_Watts_0 PKG_Watts_1 PP0_Watts_1 DRAM_Watts_1 PKG_Info_Max_Window_Sec_1 PKG_Info_Max_Window_Bits_1 PKG_Info_Max_Power_Watts_1 PKG_Info_Max_Power_Bits_1 PKG_Info_Min_Power_Watts_1 PKG_Info_Min_Power_Bits_1 PKG_Info_Thermal_Spec_Watts_1 PKG_Info_Thermal_Spec_Bits_1 DRAM_Info_Max_Window_Sec_1 DRAM_Info_Max_Window_Bits_1 DRAM_Info_Max_Power_Watts_1 DRAM_Info_Max_Power_Bits_1 DRAM_Info_Min_Power_Watts_1 DRAM_Info_Min_Power_Bits_1 DRAM_Info_Thermal_Spec_Watts_1 DRAM_Info_Thermal_Spec_Bits_1 Units_Power_Bits_1 Units_Energy_Bits_1 Units_Time_Bits_1 Units_Power_Watts_1 Units_Energy_Joules_1 Units_Time_Seconds_1 PKG_Limit2_Enable_1 PKG_Limit2_Clamp_1 PKG_Limit2_Time_Bits_1 PKG_Limit2_Power_Bits_1 PKG_Limit2_Mult_Bits_1 PKG_Limit2_Mult_Float_1 PKG_Limit2_Time_Seconds_1 PKG_Limit2_Power_Watts_1 PKG_Limit1_Enable_1 PKG_Limit1_Clamp_1 PKG_Limit1_Time_Bits_1 PKG_Limit1_Power_Bits_1 PKG_Limit1_Mult_Bits_1 PKG_Limit1_Mult_Float_1 PKG_Limit1_Time_Seconds_1 PKG_Limit1_Power_Watts_1 PP0_Limit1_Enable_1 PP0_Limit1_Clamp_1 PP0_Limit1_Time_Bits_1 PP0_Limit1_Power_Bits_1 PP0_Limit1_Mult_Bits_1 PP0_Limit1_Mult_Float_1 PP0_Limit1_Time_Seconds_1 PP0_Limit1_Power_Watts_1 DRAM_Limit1_Enable_1 DRAM_Limit1_Clamp_1 DRAM_Limit1_Time_Bits_1 DRAM_Limit1_Power_Bits_1 DRAM_Limit1_Mult_Bits_1 DRAM_Limit1_Mult_Float_1 DRAM_Limit1_Time_Seconds_1 DRAM_Limit1_Power_Watts_1 
ZZZ 4.941903 34.224640 21.071831 5.551903 0.045898 47 180.000000 1440 51.000000 408 115.000000 920 0.039062 40 75.000000 600 15.000000 120 35.000000 280 3 16 10 0.125000 0.000015 0.000977 0 0 0 0 0 1.000000 0.000000 0.000000 1 1 1 760 0 1.000000 0.000977 95.000000 0 0 0 0 0 1.000000 0.000000 0.000000 0 0 0 0 0 1.000000 0.000000 0.000000 32.935118 19.857493 3.005620 0.045898 47 180.000000 1440 51.000000 408 115.000000 920 0.039062 40 75.000000 600 15.000000 120 35.000000 280 3 16 10 0.125000 0.000015 0.000977 0 0 0 0 0 1.000000 0.000000 0.000000 1 1 1 760 0 1.000000 0.000977 95.000000 0 0 0 0 0 1.000000 0.000000 0.000000 0 0 0 0 0 1.000000 0.000000 0.000000 
G_Limit2_Mult_Bits_1 PKG_Limit2_Mult_Float_1 PKG_Limit2_Time_Seconds_1 PKG_Limit2_Power_Watts_1 PKG_Limit1_Enable_1 PKG_Limit1_Clamp_1 PKG_Limit1_Time_Bits_1 PKG_Limit1_Power_Bits_1 PKG_Limit1_Mult_Bits_1 PKG_Limit1_Mult_Float_1 PKG_Limit1_Time_Seconds_1 PKG_Limit1_Power_Watts_1 PP0_Limit1_Enable_1 PP0_Limit1_Clamp_1 PP0_Limit1_Time_Bits_1 PP0_Limit1_Power_Bits_1 PP0_Limit1_Mult_Bits_1 PP0_Limit1_Mult_Float_1 PP0_Limit1_Time_Seconds_1 PP0_Limit1_Power_Watts_1 DRAM_Limit1_Enable_1 DRAM_Limit1_Clamp_1 DRAM_Limit1_Time_Bits_1 DRAM_Limit1_Power_Bits_1 DRAM_Limit1_Mult_Bits_1 DRAM_Limit1_Mult_Float_1 DRAM_Limit1_Time_Seconds_1 DRAM_Limit1_Power_Watts_1 
G_Limit2_Mult_Bits_1 PKG_Limit2_Mult_Float_1 PKG_Limit2_Time_Seconds_1 PKG_Limit2_Power_Watts_1 PKG_Limit1_Enable_1 PKG_Limit1_Clamp_1 PKG_Limit1_Time_Bits_1 PKG_Limit1_Power_Bits_1 PKG_Limit1_Mult_Bits_1 PKG_Limit1_Mult_Float_1 PKG_Limit1_Time_Seconds_1 PKG_Limit1_Power_Watts_1 PP0_Limit1_Enable_1 PP0_Limit1_Clamp_1 PP0_Limit1_Time_Bits_1 PP0_Limit1_Power_Bits_1 PP0_Limit1_Mult_Bits_1 PP0_Limit1_Mult_Float_1 PP0_Limit1_Time_Seconds_1 PP0_Limit1_Power_Watts_1 DRAM_Limit1_Enable_1 DRAM_Limit1_Clamp_1 DRAM_Limit1_Time_Bits_1 DRAM_Limit1_Power_Bits_1 DRAM_Limit1_Mult_Bits_1 DRAM_Limit1_Mult_Float_1 DRAM_Limit1_Time_Seconds_1 DRAM_Limit1_Power_Watts_1 
G_Limit2_Mult_Bits_1 PKG_Limit2_Mult_Float_1 PKG_Limit2_Time_Seconds_1 PKG_Limit2_Power_Watts_1 PKG_Limit1_Enable_1 PKG_Limit1_Clamp_1 PKG_Limit1_Time_Bits_1 PKG_Limit1_Power_Bits_1 PKG_Limit1_Mult_Bits_1 PKG_Limit1_Mult_Float_1 PKG_Limit1_Time_Seconds_1 PKG_Limit1_Power_Watts_1 PP0_Limit1_Enable_1 PP0_Limit1_Clamp_1 PP0_Limit1_Time_Bits_1 PP0_Limit1_Power_Bits_1 PP0_Limit1_Mult_Bits_1 PP0_Limit1_Mult_Float_1 PP0_Limit1_Time_Seconds_1 PP0_Limit1_Power_Watts_1 DRAM_Limit1_Enable_1 DRAM_Limit1_Clamp_1 DRAM_Limit1_Time_Bits_1 DRAM_Limit1_Power_Bits_1 DRAM_Limit1_Mult_Bits_1 DRAM_Limit1_Mult_Float_1 DRAM_Limit1_Time_Seconds_1 DRAM_Limit1_Power_Watts_1 
ZZZ 4.941865 33.236311 19.993818 4.212128 0.045898 47 180.000000 1440 51.000000 408 115.000000 920 0.039062 40 75.000000 600 15.000000 120 35.000000 280 3 16 10 0.125000 0.000015 0.000977 0 0 0 0 0 1.000000 0.000000 0.000000 1 1 1 760 0 1.000000 0.000977 95.000000 0 0 0 0 0 1.000000 0.000000 0.000000 0 0 0 0 0 1.000000 0.000000 0.000000 33.700858 20.600641 2.839518 0.045898 47 180.000000 1440 51.000000 408 115.000000 920 0.039062 40 75.000000 600 15.000000 120 35.000000 280 3 16 10 0.125000 0.000015 0.000977 0 0 0 0 0 1.000000 0.000000 0.000000 1 1 1 760 0 1.000000 0.000977 95.000000 0 0 0 0 0 1.000000 0.000000 0.000000 0 0 0 0 0 1.000000 0.000000 0.000000 
ZZZ 4.941784 34.469012 21.164999 3.794115 0.045898 47 180.000000 1440 51.000000 408 115.000000 920 0.039062 40 75.000000 600 15.000000 120 35.000000 280 3 16 10 0.125000 0.000015 0.000977 0 0 0 0 0 1.000000 0.000000 0.000000 1 1 1 760 0 1.000000 0.000977 95.000000 0 0 0 0 0 1.000000 0.000000 0.000000 0 0 0 0 0 1.000000 0.000000 0.000000 34.171672 20.936947 2.654043 0.045898 47 180.000000 1440 51.000000 408 115.000000 920 0.039062 40 75.000000 600 15.000000 120 35.000000 280 3 16 10 0.125000 0.000015 0.000977 0 0 0 0 0 1.000000 0.000000 0.000000 1 1 1 760 0 1.000000 0.000977 95.000000 0 0 0 0 0 1.000000 0.000000 0.000000 0 0 0 0 0 1.000000 0.000000 0.000000 
ZZZ 4.941792 34.319492 21.137110 5.482295 0.045898 47 180.000000 1440 51.000000 408 115.000000 920 0.039062 40 75.000000 600 15.000000 120 35.000000 280 3 16 10 0.125000 0.000015 0.000977 0 0 0 0 0 1.000000 0.000000 0.000000 1 1 1 760 0 1.000000 0.000977 95.000000 0 0 0 0 0 1.000000 0.000000 0.000000 0 0 0 0 0 1.000000 0.000000 0.000000 34.391528 21.186538 3.005250 0.045898 47 180.000000 1440 51.000000 408 115.000000 920 0.039062 40 75.000000 600 15.000000 120 35.000000 280 3 16 10 0.125000 0.000015 0.000977 0 0 0 0 0 1.000000 0.000000 0.000000 1 1 1 760 0 1.000000 0.000977 95.000000 0 0 0 0 0 1.000000 0.000000 0.000000 0 0 0 0 0 1.000000 0.000000 0.000000 
