auto-affinity: local task 0: CPUs: 0
auto-affinity: local task 1: CPUs: 1
auto-affinity: local task 1: CPUs: 1
auto-affinity: local task 1: CPUs: 1
auto-affinity: local task 3: CPUs: 3
auto-affinity: local task 1: CPUs: 1
auto-affinity: local task 2: CPUs: 2
auto-affinity: local task 2: CPUs: 2
auto-affinity: local task 3: CPUs: 3
auto-affinity: local task 0: CPUs: 0
auto-affinity: local task 2: CPUs: 2
auto-affinity: local task 3: CPUs: 3
auto-affinity: local task 0: CPUs: 0
auto-affinity: local task 2: CPUs: 2
auto-affinity: local task 3: CPUs: 3
auto-affinity: local task 0: CPUs: 0
filename=rzmerl54_rapl_ft.D.16_0000__XXXXXX
msr_opt.c::79 setting MSR_PKG_POWER_LIMIT to 0x382f8 on cpu 0
msr_opt.c::85 setting MSR_PP0_POWER_LIMIT to 0x0 on cpu 0
msr_opt.c::90 setting MSR_DRAM_POWER_LIMIT to 0x0 on cpu 0
msr_opt.c::79 setting MSR_PKG_POWER_LIMIT to 0x382f8 on cpu 1
msr_opt.c::85 setting MSR_PP0_POWER_LIMIT to 0x0 on cpu 1
msr_opt.c::90 setting MSR_DRAM_POWER_LIMIT to 0x0 on cpu 1
msr_rapl.c::399 returned from parse_opts
