msr_opt.c::54 c=-1
msr_opt.c::54 c=-1
msr_opt.c::54 c=-1
msr_opt.c::54 c=-1
msr_opt.c::54 c=-1
msr_opt.c::54 c=-1
msr_opt.c::54 c=-1
msr_opt.c::54 c=-1
msr_opt.c::54 c=-1
msr_opt.c::54 c=-1
msr_opt.c::54 c=-1
msr_opt.c::54 c=-1
msr_opt.c::54 c=-1
msr_opt.c::54 c=-1
msr_opt.c::54 c=-1
msr_opt.c::54 c=-1
msr_opt.c::78 setting MSR_PKG_POWER_LIMIT to 0x38208 on cpu 0
msr_opt.c::78 setting MSR_PKG_POWER_LIMIT to 0x38208 on cpu 0
msr_opt.c::78 setting MSR_PKG_POWER_LIMIT to 0x38208 on cpu 0
msr_opt.c::78 setting MSR_PKG_POWER_LIMIT to 0x38208 on cpu 0
msr_opt.c::78 setting MSR_PKG_POWER_LIMIT to 0x38208 on cpu 0
msr_opt.c::78 setting MSR_PKG_POWER_LIMIT to 0x38208 on cpu 0
msr_opt.c::78 setting MSR_PKG_POWER_LIMIT to 0x38208 on cpu 0
msr_opt.c::78 setting MSR_PKG_POWER_LIMIT to 0x38208 on cpu 0
msr_opt.c::78 setting MSR_PKG_POWER_LIMIT to 0x38208 on cpu 0
msr_opt.c::78 setting MSR_PKG_POWER_LIMIT to 0x38208 on cpu 0
msr_opt.c::78 setting MSR_PKG_POWER_LIMIT to 0x38208 on cpu 0
msr_opt.c::78 setting MSR_PKG_POWER_LIMIT to 0x38208 on cpu 0
msr_opt.c::78 setting MSR_PKG_POWER_LIMIT to 0x38208 on cpu 0
msr_opt.c::78 setting MSR_PKG_POWER_LIMIT to 0x38208 on cpu 0
msr_opt.c::78 setting MSR_PKG_POWER_LIMIT to 0x38208 on cpu 0
msr_opt.c::78 setting MSR_PKG_POWER_LIMIT to 0x38208 on cpu 0
msr_opt.c::83 setting MSR_PP0_POWER_LIMIT to 0x0 on cpu 0
msr_opt.c::83 setting MSR_PP0_POWER_LIMIT to 0x0 on cpu 0
msr_opt.c::83 setting MSR_PP0_POWER_LIMIT to 0x0 on cpu 0
msr_opt.c::83 setting MSR_PP0_POWER_LIMIT to 0x0 on cpu 0
msr_opt.c::83 setting MSR_PP0_POWER_LIMIT to 0x0 on cpu 0
msr_opt.c::83 setting MSR_PP0_POWER_LIMIT to 0x0 on cpu 0
msr_opt.c::83 setting MSR_PP0_POWER_LIMIT to 0x0 on cpu 0
msr_opt.c::83 setting MSR_PP0_POWER_LIMIT to 0x0 on cpu 0
msr_opt.c::83 setting MSR_PP0_POWER_LIMIT to 0x0 on cpu 0
msr_opt.c::83 setting MSR_PP0_POWER_LIMIT to 0x0 on cpu 0
msr_opt.c::83 setting MSR_PP0_POWER_LIMIT to 0x0 on cpu 0
msr_opt.c::83 setting MSR_PP0_POWER_LIMIT to 0x0 on cpu 0
msr_opt.c::83 setting MSR_PP0_POWER_LIMIT to 0x0 on cpu 0
msr_opt.c::83 setting MSR_PP0_POWER_LIMIT to 0x0 on cpu 0
msr_opt.c::83 setting MSR_PP0_POWER_LIMIT to 0x0 on cpu 0
msr_opt.c::83 setting MSR_PP0_POWER_LIMIT to 0x0 on cpu 0
msr_opt.c::88 setting MSR_DRAM_POWER_LIMIT to 0x38078 on cpu 0
msr_opt.c::88 setting MSR_DRAM_POWER_LIMIT to 0x38078 on cpu 0
msr_opt.c::88 setting MSR_DRAM_POWER_LIMIT to 0x38078 on cpu 0
msr_opt.c::88 setting MSR_DRAM_POWER_LIMIT to 0x38078 on cpu 0
msr_opt.c::88 setting MSR_DRAM_POWER_LIMIT to 0x38078 on cpu 0
msr_opt.c::88 setting MSR_DRAM_POWER_LIMIT to 0x38078 on cpu 0
msr_opt.c::88 setting MSR_DRAM_POWER_LIMIT to 0x38078 on cpu 0
msr_opt.c::88 setting MSR_DRAM_POWER_LIMIT to 0x38078 on cpu 0
msr_opt.c::88 setting MSR_DRAM_POWER_LIMIT to 0x38078 on cpu 0
msr_opt.c::88 setting MSR_DRAM_POWER_LIMIT to 0x38078 on cpu 0
msr_opt.c::88 setting MSR_DRAM_POWER_LIMIT to 0x38078 on cpu 0
msr_opt.c::88 setting MSR_DRAM_POWER_LIMIT to 0x38078 on cpu 0
msr_opt.c::88 setting MSR_DRAM_POWER_LIMIT to 0x38078 on cpu 0
msr_opt.c::88 setting MSR_DRAM_POWER_LIMIT to 0x38078 on cpu 0
msr_opt.c::88 setting MSR_DRAM_POWER_LIMIT to 0x38078 on cpu 0
msr_opt.c::88 setting MSR_DRAM_POWER_LIMIT to 0x38078 on cpu 0
msr_core.c::64  pwrite returned -1.  fd[0]=13, cpu=0, msr=1560 (618), val=229496 (0x38078).  errno=5
: Input/output error
msr_core.c::64  pwrite returned -1.  fd[0]=17, cpu=0, msr=1560 (618), val=229496 (0x38078).  errno=5
: Input/output error
msr_core.c::64  pwrite returned -1.  fd[0]=14, cpu=0, msr=1560 (618), val=229496 (0x38078).  errno=5
: Input/output error
msr_core.c::64  pwrite returned -1.  fd[0]=16, cpu=0, msr=1560 (618), val=229496 (0x38078).  errno=5
: Input/output error
msr_core.c::64  pwrite returned -1.  fd[0]=13, cpu=0, msr=1560 (618), val=229496 (0x38078).  errno=5
: Input/output error
msr_core.c::64  pwrite returned -1.  fd[0]=14, cpu=0, msr=1560 (618), val=229496 (0x38078).  errno=5
: Input/output error
msr_core.c::64  pwrite returned -1.  fd[0]=13, cpu=0, msr=1560 (618), val=229496 (0x38078).  errno=5
: Input/output error
msr_core.c::64  pwrite returned -1.  fd[0]=14, cpu=0, msr=1560 (618), val=229496 (0x38078).  errno=5
: Input/output error
msr_core.c::64  pwrite returned -1.  fd[0]=13, cpu=0, msr=1560 (618), val=229496 (0x38078).  errno=5
: Input/output error
msr_core.c::64  pwrite returned -1.  fd[0]=15, cpu=0, msr=1560 (618), val=229496 (0x38078).  errno=5
: Input/output error
msr_core.c::64  pwrite returned -1.  fd[0]=14, cpu=0, msr=1560 (618), val=229496 (0x38078).  errno=5
: Input/output error
msr_core.c::64  pwrite returned -1.  fd[0]=13, cpu=0, msr=1560 (618), val=229496 (0x38078).  errno=5
: Input/output error
msr_core.c::64  pwrite returned -1.  fd[0]=13, cpu=0, msr=1560 (618), val=229496 (0x38078).  errno=5
: Input/output error
msr_core.c::64  pwrite returned -1.  fd[0]=13, cpu=0, msr=1560 (618), val=229496 (0x38078).  errno=5
: Input/output error
msr_core.c::64  pwrite returned -1.  fd[0]=15, cpu=0, msr=1560 (618), val=229496 (0x38078).  errno=5
: Input/output error
msr_core.c::64  pwrite returned -1.  fd[0]=13, cpu=0, msr=1560 (618), val=229496 (0x38078).  errno=5
: Input/output error
msr_opt.c::78 setting MSR_PKG_POWER_LIMIT to 0x38208 on cpu 1
msr_opt.c::78 setting MSR_PKG_POWER_LIMIT to 0x38208 on cpu 1
msr_opt.c::78 setting MSR_PKG_POWER_LIMIT to 0x38208 on cpu 1
msr_opt.c::78 setting MSR_PKG_POWER_LIMIT to 0x38208 on cpu 1
msr_opt.c::78 setting MSR_PKG_POWER_LIMIT to 0x38208 on cpu 1
msr_opt.c::78 setting MSR_PKG_POWER_LIMIT to 0x38208 on cpu 1
msr_opt.c::78 setting MSR_PKG_POWER_LIMIT to 0x38208 on cpu 1
msr_opt.c::78 setting MSR_PKG_POWER_LIMIT to 0x38208 on cpu 1
msr_opt.c::78 setting MSR_PKG_POWER_LIMIT to 0x38208 on cpu 1
msr_opt.c::78 setting MSR_PKG_POWER_LIMIT to 0x38208 on cpu 1
msr_opt.c::78 setting MSR_PKG_POWER_LIMIT to 0x38208 on cpu 1
msr_opt.c::78 setting MSR_PKG_POWER_LIMIT to 0x38208 on cpu 1
msr_opt.c::78 setting MSR_PKG_POWER_LIMIT to 0x38208 on cpu 1
msr_opt.c::78 setting MSR_PKG_POWER_LIMIT to 0x38208 on cpu 1
msr_opt.c::78 setting MSR_PKG_POWER_LIMIT to 0x38208 on cpu 1
msr_opt.c::78 setting MSR_PKG_POWER_LIMIT to 0x38208 on cpu 1
msr_opt.c::83 setting MSR_PP0_POWER_LIMIT to 0x0 on cpu 1
msr_opt.c::83 setting MSR_PP0_POWER_LIMIT to 0x0 on cpu 1
msr_opt.c::83 setting MSR_PP0_POWER_LIMIT to 0x0 on cpu 1
msr_opt.c::83 setting MSR_PP0_POWER_LIMIT to 0x0 on cpu 1
msr_opt.c::83 setting MSR_PP0_POWER_LIMIT to 0x0 on cpu 1
msr_opt.c::83 setting MSR_PP0_POWER_LIMIT to 0x0 on cpu 1
msr_opt.c::83 setting MSR_PP0_POWER_LIMIT to 0x0 on cpu 1
msr_opt.c::83 setting MSR_PP0_POWER_LIMIT to 0x0 on cpu 1
msr_opt.c::83 setting MSR_PP0_POWER_LIMIT to 0x0 on cpu 1
msr_opt.c::83 setting MSR_PP0_POWER_LIMIT to 0x0 on cpu 1
msr_opt.c::83 setting MSR_PP0_POWER_LIMIT to 0x0 on cpu 1
msr_opt.c::83 setting MSR_PP0_POWER_LIMIT to 0x0 on cpu 1
msr_opt.c::83 setting MSR_PP0_POWER_LIMIT to 0x0 on cpu 1
msr_opt.c::83 setting MSR_PP0_POWER_LIMIT to 0x0 on cpu 1
msr_opt.c::83 setting MSR_PP0_POWER_LIMIT to 0x0 on cpu 1
msr_opt.c::83 setting MSR_PP0_POWER_LIMIT to 0x0 on cpu 1
msr_opt.c::88 setting MSR_DRAM_POWER_LIMIT to 0x38078 on cpu 1
msr_opt.c::88 setting MSR_DRAM_POWER_LIMIT to 0x38078 on cpu 1
msr_opt.c::88 setting MSR_DRAM_POWER_LIMIT to 0x38078 on cpu 1
msr_opt.c::88 setting MSR_DRAM_POWER_LIMIT to 0x38078 on cpu 1
msr_opt.c::88 setting MSR_DRAM_POWER_LIMIT to 0x38078 on cpu 1
msr_opt.c::88 setting MSR_DRAM_POWER_LIMIT to 0x38078 on cpu 1
msr_opt.c::88 setting MSR_DRAM_POWER_LIMIT to 0x38078 on cpu 1
msr_opt.c::88 setting MSR_DRAM_POWER_LIMIT to 0x38078 on cpu 1
msr_opt.c::88 setting MSR_DRAM_POWER_LIMIT to 0x38078 on cpu 1
msr_opt.c::88 setting MSR_DRAM_POWER_LIMIT to 0x38078 on cpu 1
msr_opt.c::88 setting MSR_DRAM_POWER_LIMIT to 0x38078 on cpu 1
msr_opt.c::88 setting MSR_DRAM_POWER_LIMIT to 0x38078 on cpu 1
msr_opt.c::88 setting MSR_DRAM_POWER_LIMIT to 0x38078 on cpu 1
msr_opt.c::88 setting MSR_DRAM_POWER_LIMIT to 0x38078 on cpu 1
msr_opt.c::88 setting MSR_DRAM_POWER_LIMIT to 0x38078 on cpu 1
msr_opt.c::88 setting MSR_DRAM_POWER_LIMIT to 0x38078 on cpu 1
msr_core.c::64  pwrite returned -1.  fd[1]=14, cpu=1, msr=1560 (618), val=229496 (0x38078).  errno=5
: Input/output error
msr_core.c::64  pwrite returned -1.  fd[1]=18, cpu=1, msr=1560 (618), val=229496 (0x38078).  errno=5
: Input/output error
msr_core.c::64  pwrite returned -1.  fd[1]=15, cpu=1, msr=1560 (618), val=229496 (0x38078).  errno=5
: Input/output error
msr_core.c::64  pwrite returned -1.  fd[1]=17, cpu=1, msr=1560 (618), val=229496 (0x38078).  errno=5
: Input/output error
msr_core.c::64  pwrite returned -1.  fd[1]=14, cpu=1, msr=1560 (618), val=229496 (0x38078).  errno=5
: Input/output error
msr_core.c::64  pwrite returned -1.  fd[1]=15, cpu=1, msr=1560 (618), val=229496 (0x38078).  errno=5
: Input/output error
msr_core.c::64  pwrite returned -1.  fd[1]=14, cpu=1, msr=1560 (618), val=229496 (0x38078).  errno=5
: Input/output error
msr_core.c::64  pwrite returned -1.  fd[1]=15, cpu=1, msr=1560 (618), val=229496 (0x38078).  errno=5
: Input/output error
msr_core.c::64  pwrite returned -1.  fd[1]=14, cpu=1, msr=1560 (618), val=229496 (0x38078).  errno=5
: Input/output error
msr_core.c::64  pwrite returned -1.  fd[1]=16, cpu=1, msr=1560 (618), val=229496 (0x38078).  errno=5
: Input/output error
msr_core.c::64  pwrite returned -1.  fd[1]=15, cpu=1, msr=1560 (618), val=229496 (0x38078).  errno=5
: Input/output error
msr_core.c::64  pwrite returned -1.  fd[1]=14, cpu=1, msr=1560 (618), val=229496 (0x38078).  errno=5
: Input/output error
msr_core.c::64  pwrite returned -1.  fd[1]=14, cpu=1, msr=1560 (618), val=229496 (0x38078).  errno=5
: Input/output error
msr_core.c::64  pwrite returned -1.  fd[1]=14, cpu=1, msr=1560 (618), val=229496 (0x38078).  errno=5
: Input/output error
msr_core.c::64  pwrite returned -1.  fd[1]=16, cpu=1, msr=1560 (618), val=229496 (0x38078).  errno=5
: Input/output error
msr_core.c::64  pwrite returned -1.  fd[1]=14, cpu=1, msr=1560 (618), val=229496 (0x38078).  errno=5
: Input/output error
msr_rapl.c::399 returned from parse_opts
msr_rapl.c::399 returned from parse_opts
msr_rapl.c::399 returned from parse_opts
msr_rapl.c::399 returned from parse_opts
msr_rapl.c::399 returned from parse_opts
msr_rapl.c::399 returned from parse_opts
msr_rapl.c::399 returned from parse_opts
msr_rapl.c::399 returned from parse_opts
msr_rapl.c::399 returned from parse_opts
msr_rapl.c::399 returned from parse_opts
msr_rapl.c::399 returned from parse_opts
msr_rapl.c::399 returned from parse_opts
msr_rapl.c::399 returned from parse_opts
msr_rapl.c::399 returned from parse_opts
msr_rapl.c::399 returned from parse_opts
msr_rapl.c::399 returned from parse_opts
# QQQ elapsed PKG_Watts_0 PP0_Watts_0 DRAM_Watts_0 PKG_Info_Max_Window_Sec_0 PKG_Info_Max_Window_Bits_0 PKG_Info_Max_Power_Watts_0 PKG_Info_Max_Power_Bits_0 PKG_Info_Min_Power_Watts_0 PKG_Info_Min_Power_Bits_0 PKG_Info_Thermal_Spec_Watts_0 PKG_Info_Thermal_Spec_Bits_0 DRAM_Info_Max_Window_Sec_0 DRAM_Info_Max_Window_Bits_0 DRAM_Info_Max_Power_Watts_0 DRAM_Info_Max_Power_Bits_0 DRAM_Info_Min_Power_Watts_0 DRAM_Info_Min_Power_Bits_0 DRAM_Info_Thermal_Spec_Watts_0 DRAM_Info_Thermal_Spec_Bits_0 Units_Power_Bits_0 Units_Energy_Bits_0 Units_Time_Bits_0 Units_Power_Watts_0 Units_Energy_Joules_0 Units_Time_Seconds_0 PKG_Limit2_Enable_0 PKG_Limit2_Clamp_0 PKG_Limit2_Time_Bits_0 PKG_Limit2_Power_Bits_0 PKG_Limit2_Mult_Bits_0 PKG_Limit2_Mult_Float_0 PKG_Limit2_Time_Seconds_0 PKG_Limit2_Power_Watts_0 PKG_Limit1_Enable_0 PKG_Limit1_Clamp_0 PKG_Limit1_Time_Bits_0 PKG_Limit1_Power_Bits_0 PKG_Limit1_Mult_Bits_0 PKG_Limit1_Mult_Float_0 PKG_Limit1_Time_Seconds_0 PKG_Limit1_Power_Watts_0 PP0_Limit1_Enable_0 PP0_Limit1_Clamp_0 PP# QQQ elapsed PKG_Watts_0 PP0_Watts_0 DRAM_Watts_0 PKG_Info_Max_Window_Sec_0 PKG_Info_Max_Window_Bits_0 PKG_Info_Max_Power_Watts_0 PKG_Info_Max_Power_Bits_0 PKG_Info_Min_Power_Watts_0 PKG_Info_Min_Power_Bits_0 PKG_Info_Thermal_Spec_Watts_0 PKG_Info_Thermal_Spec_Bits_0 DRAM_Info_Max_Window_Sec_0 DRAM_Info_Max_Window_Bits_0 DRAM_Info_Max_Power_Watts_0 DRAM_Info_Max_Power_Bits_0 DRAM_Info_Min_Power_Watts_0 DRAM_Info_Min_Power_Bits_0 DRAM_Info_Thermal_Spec_Watts_0 DRAM_Info_Thermal_Spec_Bits_0 Units_Power_Bits_0 Units_Energy_Bits_0 Units_Time_Bits_0 Units_Power_Watts_0 Units_Energy_Joules_0 Units_Time_Seconds_0 PKG_Limit2_Enable_0 PKG_Limit2_Clamp_0 PKG_Limit2_Time_Bits_0 PKG_Limit2_Power_Bits_0 PKG_Limit2_Mult_Bits_0 PKG_Limit2_Mult_Float_0 PKG_Limit2_Time_Seconds_0 PKG_Limit2_Power_Watts_0 PKG_Limit1_Enable_0 PKG_Limit1_Clamp_0 PKG_Limit1_Time_Bits_0 PKG_Limit1_Power_Bits_0 PKG_Limit1_Mult_Bits_0 PKG_Limit1_Mult_Float_0 PKG_Limit1_Time_Seconds_0 PKG_Limit1_Power_Watts_0 PP0_Limit1_Enable_0 PP0_Limit1_Clamp_0 PP# QQQ elapsed PKG_Watts_0 PP0_Watts_0 DRAM_Watts_0 PKG_Info_Max_Window_Sec_0 PKG_Info_Max_Window_Bits_0 PKG_Info_Max_Power_Watts_0 PKG_Info_Max_Power_Bits_0 PKG_Info_Min_Power_Watts_0 PKG_Info_Min_Power_Bits_0 PKG_Info_Thermal_Spec_Watts_0 PKG_Info_Thermal_Spec_Bits_0 DRAM_Info_Max_Window_Sec_0 DRAM_Info_Max_Window_Bits_0 DRAM_Info_Max_Power_Watts_0 DRAM_Info_Max_Power_Bits_0 DRAM_Info_Min_Power_Watts_0 DRAM_Info_Min_Power_Bits_0 DRAM_Info_Thermal_Spec_Watts_0 DRAM_Info_Thermal_Spec_Bits_0 Units_Power_Bits_0 Units_Energy_Bits_0 Units_Time_Bits_0 Units_Power_Watts_0 Units_Energy_Joules_0 Units_Time_Seconds_0 PKG_Limit2_Enable_0 PKG_Limit2_Clamp_0 PKG_Limit2_Time_Bits_0 PKG_Limit2_Power_Bits_0 PKG_Limit2_Mult_Bits_0 PKG_Limit2_Mult_Float_0 PKG_Limit2_Time_Seconds_0 PKG_Limit2_Power_Watts_0 PKG_Limit1_Enable_0 PKG_Limit1_Clamp_0 PKG_Limit1_Time_Bits_0 PKG_Limit1_Power_Bits_0 PKG_Limit1_Mult_Bits_0 PKG_Limit1_Mult_Float_0 PKG_Limit1_Time_Seconds_0 PKG_Limit1_Power_Watts_0 PP0_Limit1_Enable_0 PP0_Limit1_Clamp_0 PP# QQQ elapsed PKG_Watts_0 PP0_Watts_0 DRAM_Watts_0 PKG_Info_Max_Window_Sec_0 PKG_Info_Max_Window_Bits_0 PKG_Info_Max_Power_Watts_0 PKG_Info_Max_Power_Bits_0 PKG_Info_Min_Power_Watts_0 PKG_Info_Min_Power_Bits_0 PKG_Info_Thermal_Spec_Watts_0 PKG_Info_Thermal_Spec_Bits_0 DRAM_Info_Max_Window_Sec_0 DRAM_Info_Max_Window_Bits_0 DRAM_Info_Max_Power_Watts_0 DRAM_Info_Max_Power_Bits_0 DRAM_Info_Min_Power_Watts_0 DRAM_Info_Min_Power_Bits_0 DRAM_Info_Thermal_Spec_Watts_0 DRAM_Info_Thermal_Spec_Bits_0 Units_Power_Bits_0 Units_Energy_Bits_0 Units_Time_Bits_0 Units_Power_Watts_0 Units_Energy_Joules_0 Units_Time_Seconds_0 PKG_Limit2_Enable_0 PKG_Limit2_Clamp_0 PKG_Limit2_Time_Bits_0 PKG_Limit2_Power_Bits_0 PKG_Limit2_Mult_Bits_0 PKG_Limit2_Mult_Float_0 PKG_Limit2_Time_Seconds_0 PKG_Limit2_Power_Watts_0 PKG_Limit1_Enable_0 PKG_Limit1_Clamp_0 PKG_Limit1_Time_Bits_0 PKG_Limit1_Power_Bits_0 PKG_Limit1_Mult_Bits_0 PKG_Limit1_Mult_Float_0 PKG_Limit1_Time_Seconds_0 PKG_Limit1_Power_Watts_0 PP0_Limit1_Enable_0 PP0_Limit1_Clamp_0 PP# QQQ elapsed PKG_Watts_0 PP0_Watts_0 DRAM_Watts_0 PKG_Info_Max_Window_Sec_0 PKG_Info_Max_Window_Bits_0 PKG_Info_Max_Power_Watts_0 PKG_Info_Max_Power_Bits_0 PKG_Info_Min_Power_Watts_0 PKG_Info_Min_Power_Bits_0 PKG_Info_Thermal_Spec_Watts_0 PKG_Info_Thermal_Spec_Bits_0 DRAM_Info_Max_Window_Sec_0 DRAM_Info_Max_Window_Bits_0 DRAM_Info_Max_Power_Watts_0 DRAM_Info_Max_Power_Bits_0 DRAM_Info_Min_Power_Watts_0 DRAM_Info_Min_Power_Bits_0 DRAM_Info_Thermal_Spec_Watts_0 DRAM_Info_Thermal_Spec_Bits_0 Units_Power_Bits_0 Units_Energy_Bits_0 Units_Time_Bits_0 Units_Power_Watts_0 Units_Energy_Joules_0 Units_Time_Seconds_0 PKG_Limit2_Enable_0 PKG_Limit2_Clamp_0 PKG_Limit2_Time_Bits_0 PKG_Limit2_Power_Bits_0 PKG_Limit2_Mult_Bits_0 PKG_Limit2_Mult_Float_0 PKG_Limit2_Time_Seconds_0 PKG_Limit2_Power_Watts_0 PKG_Limit1_Enable_0 PKG_Limit1_Clamp_0 PKG_Limit1_Time_Bits_0 PKG_Limit1_Power_Bits_0 PKG_Limit1_Mult_Bits_0 PKG_Limit1_Mult_Float_0 PKG_Limit1_Time_Seconds_0 PKG_Limit1_Power_Watts_0 PP0_Limit1_Enable_0 PP0_Limit1_Clamp_0 PP# QQQ elapsed PKG_Watts_0 PP0_Watts_0 DRAM_Watts_0 PKG_Info_Max_Window_Sec_0 PKG_Info_Max_Window_Bits_0 PKG_Info_Max_Power_Watts_0 PKG_Info_Max_Power_Bits_0 PKG_Info_Min_Power_Watts_0 PKG_Info_Min_Power_Bits_0 PKG_Info_Thermal_Spec_Watts_0 PKG_Info_Thermal_Spec_Bits_0 DRAM_Info_Max_Window_Sec_0 DRAM_Info_Max_Window_Bits_0 DRAM_Info_Max_Power_Watts_0 DRAM_Info_Max_Power_Bits_0 DRAM_Info_Min_Power_Watts_0 DRAM_Info_Min_Power_Bits_0 DRAM_Info_Thermal_Spec_Watts_0 DRAM_Info_Thermal_Spec_Bits_0 Units_Power_Bits_0 Units_Energy_Bits_0 Units_Time_Bits_0 Units_Power_Watts_0 Units_Energy_Joules_0 Units_Time_Seconds_0 PKG_Limit2_Enable_0 PKG_Limit2_Clamp_0 PKG_Limit2_Time_Bits_0 PKG_Limit2_Power_Bits_0 PKG_Limit2_Mult_Bits_0 PKG_Limit2_Mult_Float_0 PKG_Limit2_Time_Seconds_0 PKG_Limit2_Power_Watts_0 PKG_Limit1_Enable_0 PKG_Limit1_Clamp_0 PKG_Limit1_Time_Bits_0 PKG_Limit1_Power_Bits_0 PKG_Limit1_Mult_Bits_0 PKG_Limit1_Mult_Float_0 PKG_Limit1_Time_Seconds_0 PKG_Limit1_Power_Watts_0 PP0_Limit1_Enable_0 PP0_Limit1_Clamp_0 PP# QQQ elapsed PKG_Watts_0 PP0_Watts_0 DRAM_Watts_0 PKG_Info_Max_Window_Sec_0 PKG_Info_Max_Window_Bits_0 PKG_Info_Max_Power_Watts_0 PKG_Info_Max_Power_Bits_0 PKG_Info_Min_Power_Watts_0 PKG_Info_Min_Power_Bits_0 PKG_Info_Thermal_Spec_Watts_0 PKG_Info_Thermal_Spec_Bits_0 DRAM_Info_Max_Window_Sec_0 DRAM_Info_Max_Window_Bits_0 DRAM_Info_Max_Power_Watts_0 DRAM_Info_Max_Power_Bits_0 DRAM_Info_Min_Power_Watts_0 DRAM_Info_Min_Power_Bits_0 DRAM_Info_Thermal_Spec_Watts_0 DRAM_Info_Thermal_Spec_Bits_0 Units_Power_Bits_0 Units_Energy_Bits_0 Units_Time_Bits_0 Units_Power_Watts_0 Units_Energy_Joules_0 Units_Time_Seconds_0 PKG_Limit2_Enable_0 PKG_Limit2_Clamp_0 PKG_Limit2_Time_Bits_0 PKG_Limit2_Power_Bits_0 PKG_Limit2_Mult_Bits_0 PKG_Limit2_Mult_Float_0 PKG_Limit2_Time_Seconds_0 PKG_Limit2_Power_Watts_0 PKG_Limit1_Enable_0 PKG_Limit1_Clamp_0 PKG_Limit1_Time_Bits_0 PKG_Limit1_Power_Bits_0 PKG_Limit1_Mult_Bits_0 PKG_Limit1_Mult_Float_0 PKG_Limit1_Time_Seconds_0 PKG_Limit1_Power_Watts_0 PP0_Limit1_Enable_0 PP0_Limit1_Clamp_0 PP# QQQ elapsed PKG_Watts_0 PP0_Watts_0 DRAM_Watts_0 PKG_Info_Max_Window_Sec_0 PKG_Info_Max_Window_Bits_0 PKG_Info_Max_Power_Watts_0 PKG_Info_Max_Power_Bits_0 PKG_Info_Min_Power_Watts_0 PKG_Info_Min_Power_Bits_0 PKG_Info_Thermal_Spec_Watts_0 PKG_Info_Thermal_Spec_Bits_0 DRAM_Info_Max_Window_Sec_0 DRAM_Info_Max_Window_Bits_0 DRAM_Info_Max_Power_Watts_0 DRAM_Info_Max_Power_Bits_0 DRAM_Info_Min_Power_Watts_0 DRAM_Info_Min_Power_Bits_0 DRAM_Info_Thermal_Spec_Watts_0 DRAM_Info_Thermal_Spec_Bits_0 Units_Power_Bits_0 Units_Energy_Bits_0 Units_Time_Bits_0 Units_Power_Watts_0 Units_Energy_Joules_0 Units_Time_Seconds_0 PKG_Limit2_Enable_0 PKG_Limit2_Clamp_0 PKG_Limit2_Time_Bits_0 PKG_Limit2_Power_Bits_0 PKG_Limit2_Mult_Bits_0 PKG_Limit2_Mult_Float_0 PKG_Limit2_Time_Seconds_0 PKG_Limit2_Power_Watts_0 PKG_Limit1_Enable_0 PKG_Limit1_Clamp_0 PKG_Limit1_Time_Bits_0 PKG_Limit1_Power_Bits_0 PKG_Limit1_Mult_Bits_0 PKG_Limit1_Mult_Float_0 PKG_Limit1_Time_Seconds_0 PKG_Limit1_Power_Watts_0 PP0_Limit1_Enable_0 PP0_Limit1_Clamp_0 PP# QQQ elapsed PKG_Watts_0 PP0_Watts_0 DRAM_Watts_0 PKG_Info_Max_Window_Sec_0 PKG_Info_Max_Window_Bits_0 PKG_Info_Max_Power_Watts_0 PKG_Info_Max_Power_Bits_0 PKG_Info_Min_Power_Watts_0 PKG_Info_Min_Power_Bits_0 PKG_Info_Thermal_Spec_Watts_0 PKG_Info_Thermal_Spec_Bits_0 DRAM_Info_Max_Window_Sec_0 DRAM_Info_Max_Window_Bits_0 DRAM_Info_Max_Power_Watts_0 DRAM_Info_Max_Power_Bits_0 DRAM_Info_Min_Power_Watts_0 DRAM_Info_Min_Power_Bits_0 DRAM_Info_Thermal_Spec_Watts_0 DRAM_Info_Thermal_Spec_Bits_0 Units_Power_Bits_0 Units_Energy_Bits_0 Units_Time_Bits_0 Units_Power_Watts_0 Units_Energy_Joules_0 Units_Time_Seconds_0 PKG_Limit2_Enable_0 PKG_Limit2_Clamp_0 PKG_Limit2_Time_Bits_0 PKG_Limit2_Power_Bits_0 PKG_Limit2_Mult_Bits_0 PKG_Limit2_Mult_Float_0 PKG_Limit2_Time_Seconds_0 PKG_Limit2_Power_Watts_0 PKG_Limit1_Enable_0 PKG_Limit1_Clamp_0 PKG_Limit1_Time_Bits_0 PKG_Limit1_Power_Bits_0 PKG_Limit1_Mult_Bits_0 PKG_Limit1_Mult_Float_0 PKG_Limit1_Time_Seconds_0 PKG_Limit1_Power_Watts_0 PP0_Limit1_Enable_0 PP0_Limit1_Clamp_0 PP# QQQ elapsed PKG_Watts_0 PP0_Watts_0 DRAM_Watts_0 PKG_Info_Max_Window_Sec_0 PKG_Info_Max_Window_Bits_0 PKG_Info_Max_Power_Watts_0 PKG_Info_Max_Power_Bits_0 PKG_Info_Min_Power_Watts_0 PKG_Info_Min_Power_Bits_0 PKG_Info_Thermal_Spec_Watts_0 PKG_Info_Thermal_Spec_Bits_0 DRAM_Info_Max_Window_Sec_0 DRAM_Info_Max_Window_Bits_0 DRAM_Info_Max_Power_Watts_0 DRAM_Info_Max_Power_Bits_0 DRAM_Info_Min_Power_Watts_0 DRAM_Info_Min_Power_Bits_0 DRAM_Info_Thermal_Spec_Watts_0 DRAM_Info_Thermal_Spec_Bits_0 Units_Power_Bits_0 Units_Energy_Bits_0 Units_Time_Bits_0 Units_Power_Watts_0 Units_Energy_Joules_0 Units_Time_Seconds_0 PKG_Limit2_Enable_0 PKG_Limit2_Clamp_0 PKG_Limit2_Time_Bits_0 PKG_Limit2_Power_Bits_0 PKG_Limit2_Mult_Bits_0 PKG_Limit2_Mult_Float_0 PKG_Limit2_Time_Seconds_0 PKG_Limit2_Power_Watts_0 PKG_Limit1_Enable_0 PKG_Limit1_Clamp_0 PKG_Limit1_Time_Bits_0 PKG_Limit1_Power_Bits_0 PKG_Limit1_Mult_Bits_0 PKG_Limit1_Mult_Float_0 PKG_Limit1_Time_Seconds_0 PKG_Limit1_Power_Watts_0 PP0_Limit1_Enable_0 PP0_Limit1_Clamp_0 PP# QQQ elapsed PKG_Watts_0 PP0_Watts_0 DRAM_Watts_0 PKG_Info_Max_Window_Sec_0 PKG_Info_Max_Window_Bits_0 PKG_Info_Max_Power_Watts_0 PKG_Info_Max_Power_Bits_0 PKG_Info_Min_Power_Watts_0 PKG_Info_Min_Power_Bits_0 PKG_Info_Thermal_Spec_Watts_0 PKG_Info_Thermal_Spec_Bits_0 DRAM_Info_Max_Window_Sec_0 DRAM_Info_Max_Window_Bits_0 DRAM_Info_Max_Power_Watts_0 DRAM_Info_Max_Power_Bits_0 DRAM_Info_Min_Power_Watts_0 DRAM_Info_Min_Power_Bits_0 DRAM_Info_Thermal_Spec_Watts_0 DRAM_Info_Thermal_Spec_Bits_0 Units_Power_Bits_0 Units_Energy_Bits_0 Units_Time_Bits_0 Units_Power_Watts_0 Units_Energy_Joules_0 Units_Time_Seconds_0 PKG_Limit2_Enable_0 PKG_Limit2_Clamp_0 PKG_Limit2_Time_Bits_0 PKG_Limit2_Power_Bits_0 PKG_Limit2_Mult_Bits_0 PKG_Limit2_Mult_Float_0 PKG_Limit2_Time_Seconds_0 PKG_Limit2_Power_Watts_0 PKG_Limit1_Enable_0 PKG_Limit1_Clamp_0 PKG_Limit1_Time_Bits_0 PKG_Limit1_Power_Bits_0 PKG_Limit1_Mult_Bits_0 PKG_Limit1_Mult_Float_0 PKG_Limit1_Time_Seconds_0 PKG_Limit1_Power_Watts_0 PP0_Limit1_Enable_0 PP0_Limit1_Clamp_0 PP0_Limit1_Time_Bits_0 PP0_Limit1_Power_Bits_0 PP0_Limit1_Mult_Bits_0 PP0_Limit1_Mult_Float_0 PP0_Limit1_Time_Seconds_0 PP0_Limit1_Power_Watts_0 DRAM_Limit1_Enable_0 DRAM_Limit1_Clamp_0 DRAM_Limit1_Time_Bits_0 DRAM_Limit1_Power_Bits_0 DRAM_Limit1_Mult_Bits_0 DRAM_Limit1_Mult_Float_0 DRAM_Limit1_Time_Seconds_0 DRAM_Limit1_Power_Watts_0 PKG_Watts_1 PP0_Watts_1 DRAM_Watts_1 PKG_Info_Max_Window_Sec_1 PKG_Info_Max_Window_Bits_1 PKG_Info_Max_Power_Watts_1 PKG_Info_Max_Power_Bits_1 PKG_Info_Min_Power_Watts_1 PKG_Info_Min_Power_Bits_1 PKG_Info_Thermal_Spec_Watts_1 PKG_Info_Thermal_Spec_Bits_1 DRAM_Info_Max_Window_Sec_1 DRAM_Info_Max_Window_Bits_1 DRAM_Info_Max_Power_Watts_1 DRAM_Info_Max_Power_Bits_1 DRAM_Info_Min_Power_Watts_1 DRAM_Info_Min_Power_Bits_1 DRAM_Info_Thermal_Spec_Watts_1 DRAM_Info_Thermal_Spec_Bits_1 Units_Power_Bits_1 Units_Energy_Bits_1 Units_Time_Bits_1 Units_Power_Watts_1 Units_Energy_Joules_1 Units_Time_Seconds_1 PKG_Limit2_Enable_1 PKG_Limit2_Clamp_1 PKG_Limit2_Time_Bits_1 PKG_Limit2_Power_Bits_1 PKG_Limit2_Mult_Bits_1 PKG_Limit2_Mult_Float_1 PKG_Limit2_Time_Seconds_1 PKG_Limit2_Power_Watts_1 PKG_Limit1_Enable_1 PKG_Limit1_Clamp_1 PKG_Limit1_Time_Bits_1 PKG_Limit1_Power_Bits_1 PKG_Limit1_Mult_Bits_1 PKG_Limit1_Mult_Float_1 PKG_Limit1_Time_Seconds_1 PKG_Limit1_Power_Watts_1 PP0_Limit1_Enable_1 PP0_Limit1_Clamp_1 PP0_Limit1_Time_Bits_1 PP0_Limit1_Power_Bits_1 PP0_Limit1_Mult_Bits_1 PP0_Limit1_Mult_Float_1 PP0_Limit1_Time_Seconds_1 PP0_Limit1_Power_Watts_1 DRAM_Limit1_Enable_1 DRAM_Limit1_Clamp_1 DRAM_Limit1_Time_Bits_1 DRAM_Limit1_Power_Bits_1 DRAM_Limit1_Mult_Bits_1 DRAM_Limit1_Mult_Float_1 DRAM_Limit1_Time_Seconds_1 DRAM_Limit1_Power_Watts_1 
ZZZ 2.862968 62.999821 49.836706 5.359738 0.045898 47 180.000000 1440 51.000000 408 115.000000 920 0.039062 40 75.000000 600 15.000000 120 35.000000 280 3 16 10 0.125000 0.000015 0.000977 0 0 0 0 0 1.000000 0.000000 0.000000 1 1 1 520 0 1.000000 0.000977 65.000000 0 0 0 0 0 1.000000 0.000000 0.000000 0 0 0 0 0 1.000000 0.000000 0.000000 63.008359 49.926139 3.507919 0.045898 47 180.000000 1440 51.000000 408 115.000000 920 0.039062 40 75.000000 600 15.000000 120 35.000000 280 3 16 10 0.125000 0.000015 0.000977 0 0 0 0 0 1.000000 0.000000 0.000000 1 1 1 520 0 1.000000 0.000977 65.000000 0 0 0 0 0 1.000000 0.000000 0.000000 0 0 0 0 0 1.000000 0.000000 0.000000 
0_Limit1_Time_Bits_0 PP0_Limit1_Power_Bits_0 PP0_Limit1_Mult_Bits_0 PP0_Limit1_Mult_Float_0 PP0_Limit1_Time_Seconds_0 PP0_Limit1_Power_Watts_0 DRAM_Limit1_Enable_0 DRAM_Limit1_Clamp_0 DRAM_Limit1_Time_Bits_0 DRAM_Limit1_Power_Bits_0 DRAM_Limit1_Mult_Bits_0 DRAM_Limit1_Mult_Float_0 DRAM_Limit1_Time_Seconds_0 DRAM_Limit1_Power_Watts_0 PKG_Watts_1 PP0_Watts_1 DRAM_Watts_1 PKG_Info_Max_Window_Sec_1 PKG_Info_Max_Window_Bits_1 PKG_Info_Max_Power_Watts_1 PKG_Info_Max_Power_Bits_1 PKG_Info_Min_Power_Watts_1 PKG_Info_Min_Power_Bits_1 PKG_Info_Thermal_Spec_Watts_1 PKG_Info_Thermal_Spec_Bits_1 DRAM_Info_Max_Window_Sec_1 DRAM_Info_Max_Window_Bits_1 DRAM_Info_Max_Power_Watts_1 DRAM_Info_Max_Power_Bits_1 DRAM_Info_Min_Power_Watts_1 DRAM_Info_Min_Power_Bits_1 DRAM_Info_Thermal_Spec_Watts_1 DRAM_Info_Thermal_Spec_Bits_1 Units_Power_Bits_1 Units_Energy_Bits_1 Units_Time_Bits_1 Units_Power_Watts_1 Units_Energy_Joules_1 Units_Time_Seconds_1 PKG_Limit2_Enable_1 PKG_Limit2_Clamp_1 PKG_Limit2_Time_Bits_1 PKG_Limit2_Power_Bits_1 PK# QQQ elapsed PKG_Watts_0 PP0_Watts_0 DRAM_Watts_0 PKG_Info_Max_Window_Sec_0 PKG_Info_Max_Window_Bits_0 PKG_Info_Max_Power_Watts_0 PKG_Info_Max_Power_Bits_0 PKG_Info_Min_Power_Watts_0 PKG_Info_Min_Power_Bits_0 PKG_Info_Thermal_Spec_Watts_0 PKG_Info_Thermal_Spec_Bits_0 DRAM_Info_Max_Window_Sec_0 DRAM_Info_Max_Window_Bits_0 DRAM_Info_Max_Power_Watts_0 DRAM_Info_Max_Power_Bits_0 DRAM_Info_Min_Power_Watts_0 DRAM_Info_Min_Power_Bits_0 DRAM_Info_Thermal_Spec_Watts_0 DRAM_Info_Thermal_Spec_Bits_0 Units_Power_Bits_0 Units_Energy_Bits_0 Units_Time_Bits_0 Units_Power_Watts_0 Units_Energy_Joules_0 Units_Time_Seconds_0 PKG_Limit2_Enable_0 PKG_Limit2_Clamp_0 PKG_Limit2_Time_Bits_0 PKG_Limit2_Power_Bits_0 PKG_Limit2_Mult_Bits_0 PKG_Limit2_Mult_Float_0 PKG_Limit2_Time_Seconds_0 PKG_Limit2_Power_Watts_0 PKG_Limit1_Enable_0 PKG_Limit1_Clamp_0 PKG_Limit1_Time_Bits_0 PKG_Limit1_Power_Bits_0 PKG_Limit1_Mult_Bits_0 PKG_Limit1_Mult_Float_0 PKG_Limit1_Time_Seconds_0 PKG_Limit1_Power_Watts_0 PP0_Limit1_Enable_0 PP0_Limit1_Clamp_0 PP0_Limit1_Time_Bits_0 PP0_Limit1_Power_Bits_0 PP0_Limit1_Mult_Bits_0 PP0_Limit1_Mult_Float_0 PP0_Limit1_Time_Seconds_0 PP0_Limit1_Power_Watts_0 DRAM_Limit1_Enable_0 DRAM_Limit1_Clamp_0 DRAM_Limit1_Time_Bits_0 DRAM_Limit1_Power_Bits_0 DRAM_Limit1_Mult_Bits_0 DRAM_Limit1_Mult_Float_0 DRAM_Limit1_Time_Seconds_0 DRAM_Limit1_Power_Watts_0 PKG_Watts_1 PP0_Watts_1 DRAM_Watts_1 PKG_Info_Max_Window_Sec_1 PKG_Info_Max_Window_Bits_1 PKG_Info_Max_Power_Watts_1 PKG_Info_Max_Power_Bits_1 PKG_Info_Min_Power_Watts_1 PKG_Info_Min_Power_Bits_1 PKG_Info_Thermal_Spec_Watts_1 PKG_Info_Thermal_Spec_Bits_1 DRAM_Info_Max_Window_Sec_1 DRAM_Info_Max_Window_Bits_1 DRAM_Info_Max_Power_Watts_1 DRAM_Info_Max_Power_Bits_1 DRAM_Info_Min_Power_Watts_1 DRAM_Info_Min_Power_Bits_1 DRAM_Info_Thermal_Spec_Watts_1 DRAM_Info_Thermal_Spec_Bits_1 Units_Power_Bits_1 Units_Energy_Bits_1 Units_Time_Bits_1 Units_Power_Watts_1 Units_Energy_Joules_1 Units_Time_Seconds_1 PKG_Limit2_Enable_1 PKG_Limit2_Clamp_1 PKG_Limit2_Time_Bits_1 PKG_Limit2_Power_Bits_1 PK# QQQ elapsed PKG_Watts_0 PP0_Watts_0 DRAM_Watts_0 PKG_Info_Max_Window_Sec_0 PKG_Info_Max_Window_Bits_0 PKG_Info_Max_Power_Watts_0 PKG_Info_Max_Power_Bits_0 PKG_Info_Min_Power_Watts_0 PKG_Info_Min_Power_Bits_0 PKG_Info_Thermal_Spec_Watts_0 PKG_Info_Thermal_Spec_Bits_0 DRAM_Info_Max_Window_Sec_0 DRAM_Info_Max_Window_Bits_0 DRAM_Info_Max_Power_Watts_0 DRAM_Info_Max_Power_Bits_0 DRAM_Info_Min_Power_Watts_0 DRAM_Info_Min_Power_Bits_0 DRAM_Info_Thermal_Spec_Watts_0 DRAM_Info_Thermal_Spec_Bits_0 Units_Power_Bits_0 Units_Energy_Bits_0 Units_Time_Bits_0 Units_Power_Watts_0 Units_Energy_Joules_0 Units_Time_Seconds_0 PKG_Limit2_Enable_0 PKG_Limit2_Clamp_0 PKG_Limit2_Time_Bits_0 PKG_Limit2_Power_Bits_0 PKG_Limit2_Mult_Bits_0 PKG_Limit2_Mult_Float_0 PKG_Limit2_Time_Seconds_0 PKG_Limit2_Power_Watts_0 PKG_Limit1_Enable_0 PKG_Limit1_Clamp_0 PKG_Limit1_Time_Bits_0 PKG_Limit1_Power_Bits_0 PKG_Limit1_Mult_Bits_0 PKG_Limit1_Mult_Float_0 PKG_Limit1_Time_Seconds_0 PKG_Limit1_Power_Watts_0 PP0_Limit1_Enable_0 PP0_Limit1_Clamp_0 PP0_Limit1_Time_Bits_0 PP0_Limit1_Power_Bits_0 PP0_Limit1_Mult_Bits_0 PP0_Limit1_Mult_Float_0 PP0_Limit1_Time_Seconds_0 PP0_Limit1_Power_Watts_0 DRAM_Limit1_Enable_0 DRAM_Limit1_Clamp_0 DRAM_Limit1_Time_Bits_0 DRAM_Limit1_Power_Bits_0 DRAM_Limit1_Mult_Bits_0 DRAM_Limit1_Mult_Float_0 DRAM_Limit1_Time_Seconds_0 DRAM_Limit1_Power_Watts_0 PKG_Watts_1 PP0_Watts_1 DRAM_Watts_1 PKG_Info_Max_Window_Sec_1 PKG_Info_Max_Window_Bits_1 PKG_Info_Max_Power_Watts_1 PKG_Info_Max_Power_Bits_1 PKG_Info_Min_Power_Watts_1 PKG_Info_Min_Power_Bits_1 PKG_Info_Thermal_Spec_Watts_1 PKG_Info_Thermal_Spec_Bits_1 DRAM_Info_Max_Window_Sec_1 DRAM_Info_Max_Window_Bits_1 DRAM_Info_Max_Power_Watts_1 DRAM_Info_Max_Power_Bits_1 DRAM_Info_Min_Power_Watts_1 DRAM_Info_Min_Power_Bits_1 DRAM_Info_Thermal_Spec_Watts_1 DRAM_Info_Thermal_Spec_Bits_1 Units_Power_Bits_1 Units_Energy_Bits_1 Units_Time_Bits_1 Units_Power_Watts_1 Units_Energy_Joules_1 Units_Time_Seconds_1 PKG_Limit2_Enable_1 PKG_Limit2_Clamp_1 PKG_Limit2_Time_Bits_1 PKG_Limit2_Power_Bits_1 PK# QQQ elapsed PKG_Watts_0 PP0_Watts_0 DRAM_Watts_0 PKG_Info_Max_Window_Sec_0 PKG_Info_Max_Window_Bits_0 PKG_Info_Max_Power_Watts_0 PKG_Info_Max_Power_Bits_0 PKG_Info_Min_Power_Watts_0 PKG_Info_Min_Power_Bits_0 PKG_Info_Thermal_Spec_Watts_0 PKG_Info_Thermal_Spec_Bits_0 DRAM_Info_Max_Window_Sec_0 DRAM_Info_Max_Window_Bits_0 DRAM_Info_Max_Power_Watts_0 DRAM_Info_Max_Power_Bits_0 DRAM_Info_Min_Power_Watts_0 DRAM_Info_Min_Power_Bits_0 DRAM_Info_Thermal_Spec_Watts_0 DRAM_Info_Thermal_Spec_Bits_0 Units_Power_Bits_0 Units_Energy_Bits_0 Units_Time_Bits_0 Units_Power_Watts_0 Units_Energy_Joules_0 Units_Time_Seconds_0 PKG_Limit2_Enable_0 PKG_Limit2_Clamp_0 PKG_Limit2_Time_Bits_0 PKG_Limit2_Power_Bits_0 PKG_Limit2_Mult_Bits_0 PKG_Limit2_Mult_Float_0 PKG_Limit2_Time_Seconds_0 PKG_Limit2_Power_Watts_0 PKG_Limit1_Enable_0 PKG_Limit1_Clamp_0 PKG_Limit1_Time_Bits_0 PKG_Limit1_Power_Bits_0 PKG_Limit1_Mult_Bits_0 PKG_Limit1_Mult_Float_0 PKG_Limit1_Time_Seconds_0 PKG_Limit1_Power_Watts_0 PP0_Limit1_Enable_0 PP0_Limit1_Clamp_0 PP0_Limit1_Time_Bits_0 PP0_Limit1_Power_Bits_0 PP0_Limit1_Mult_Bits_0 PP0_Limit1_Mult_Float_0 PP0_Limit1_Time_Seconds_0 PP0_Limit1_Power_Watts_0 DRAM_Limit1_Enable_0 DRAM_Limit1_Clamp_0 DRAM_Limit1_Time_Bits_0 DRAM_Limit1_Power_Bits_0 DRAM_Limit1_Mult_Bits_0 DRAM_Limit1_Mult_Float_0 DRAM_Limit1_Time_Seconds_0 DRAM_Limit1_Power_Watts_0 PKG_Watts_1 PP0_Watts_1 DRAM_Watts_1 PKG_Info_Max_Window_Sec_1 PKG_Info_Max_Window_Bits_1 PKG_Info_Max_Power_Watts_1 PKG_Info_Max_Power_Bits_1 PKG_Info_Min_Power_Watts_1 PKG_Info_Min_Power_Bits_1 PKG_Info_Thermal_Spec_Watts_1 PKG_Info_Thermal_Spec_Bits_1 DRAM_Info_Max_Window_Sec_1 DRAM_Info_Max_Window_Bits_1 DRAM_Info_Max_Power_Watts_1 DRAM_Info_Max_Power_Bits_1 DRAM_Info_Min_Power_Watts_1 DRAM_Info_Min_Power_Bits_1 DRAM_Info_Thermal_Spec_Watts_1 DRAM_Info_Thermal_Spec_Bits_1 Units_Power_Bits_1 Units_Energy_Bits_1 Units_Time_Bits_1 Units_Power_Watts_1 Units_Energy_Joules_1 Units_Time_Seconds_1 PKG_Limit2_Enable_1 PKG_Limit2_Clamp_1 PKG_Limit2_Time_Bits_1 PKG_Limit2_Power_Bits_1 PKG_Limit2_Mult_Bits_1 PKG_Limit2_Mult_Float_1 PKG_Limit2_Time_Seconds_1 PKG_Limit2_Power_Watts_1 PKG_Limit1_Enable_1 PKG_Limit1_Clamp_1 PKG_Limit1_Time_Bits_1 PKG_Limit1_Power_Bits_1 PKG_Limit1_Mult_Bits_1 PKG_Limit1_Mult_Float_1 PKG_Limit1_Time_Seconds_1 PKG_Limit1_Power_Watts_1 PP0_Limit1_Enable_1 PP0_Limit1_Clamp_1 PP0_Limit1_Time_Bits_1 PP0_Limit1_Power_Bits_1 PP0_Limit1_Mult_Bits_1 PP0_Limit1_Mult_Float_1 PP0_Limit1_Time_Seconds_1 PP0_Limit1_Power_Watts_1 DRAM_Limit1_Enable_1 DRAM_Limit1_Clamp_1 DRAM_Limit1_Time_Bits_1 DRAM_Limit1_Power_Bits_1 DRAM_Limit1_Mult_Bits_1 DRAM_Limit1_Mult_Float_1 DRAM_Limit1_Time_Seconds_1 DRAM_Limit1_Power_Watts_1 
0_Limit1_Time_Bits_0 PP0_Limit1_Power_Bits_0 PP0_Limit1_Mult_Bits_0 PP0_Limit1_Mult_Float_0 PP0_Limit1_Time_Seconds_0 PP0_Limit1_Power_Watts_0 DRAM_Limit1_Enable_0 DRAM_Limit1_Clamp_0 DRAM_Limit1_Time_Bits_0 DRAM_Limit1_Power_Bits_0 DRAM_Limit1_Mult_Bits_0 DRAM_Limit1_Mult_Float_0 DRAM_Limit1_Time_Seconds_0 DRAM_Limit1_Power_Watts_0 PKG_Watts_1 PP0_Watts_1 DRAM_Watts_1 PKG_Info_Max_Window_Sec_1 PKG_Info_Max_Window_Bits_1 PKG_Info_Max_Power_Watts_1 PKG_Info_Max_Power_Bits_1 PKG_Info_Min_Power_Watts_1 PKG_Info_Min_Power_Bits_1 PKG_Info_Thermal_Spec_Watts_1 PKG_Info_Thermal_Spec_Bits_1 DRAM_Info_Max_Window_Sec_1 DRAM_Info_Max_Window_Bits_1 DRAM_Info_Max_Power_Watts_1 DRAM_Info_Max_Power_Bits_1 DRAM_Info_Min_Power_Watts_1 DRAM_Info_Min_Power_Bits_1 DRAM_Info_Thermal_Spec_Watts_1 DRAM_Info_Thermal_Spec_Bits_1 Units_Power_Bits_1 Units_Energy_Bits_1 Units_Time_Bits_1 Units_Power_Watts_1 Units_Energy_Joules_1 Units_Time_Seconds_1 PKG_Limit2_Enable_1 PKG_Limit2_Clamp_1 PKG_Limit2_Time_Bits_1 PKG_Limit2_Power_Bits_1 PK0_Limit1_Time_Bits_0 PP0_Limit1_Power_Bits_0 PP0_Limit1_Mult_Bits_0 PP0_Limit1_Mult_Float_0 PP0_Limit1_Time_Seconds_0 PP0_Limit1_Power_Watts_0 DRAM_Limit1_Enable_0 DRAM_Limit1_Clamp_0 DRAM_Limit1_Time_Bits_0 DRAM_Limit1_Power_Bits_0 DRAM_Limit1_Mult_Bits_0 DRAM_Limit1_Mult_Float_0 DRAM_Limit1_Time_Seconds_0 DRAM_Limit1_Power_Watts_0 PKG_Watts_1 PP0_Watts_1 DRAM_Watts_1 PKG_Info_Max_Window_Sec_1 PKG_Info_Max_Window_Bits_1 PKG_Info_Max_Power_Watts_1 PKG_Info_Max_Power_Bits_1 PKG_Info_Min_Power_Watts_1 PKG_Info_Min_Power_Bits_1 PKG_Info_Thermal_Spec_Watts_1 PKG_Info_Thermal_Spec_Bits_1 DRAM_Info_Max_Window_Sec_1 DRAM_Info_Max_Window_Bits_1 DRAM_Info_Max_Power_Watts_1 DRAM_Info_Max_Power_Bits_1 DRAM_Info_Min_Power_Watts_1 DRAM_Info_Min_Power_Bits_1 DRAM_Info_Thermal_Spec_Watts_1 DRAM_Info_Thermal_Spec_Bits_1 Units_Power_Bits_1 Units_Energy_Bits_1 Units_Time_Bits_1 Units_Power_Watts_1 Units_Energy_Joules_1 Units_Time_Seconds_1 PKG_Limit2_Enable_1 PKG_Limit2_Clamp_1 PKG_Limit2_Time_Bits_1 PKG_Limit2_Power_Bits_1 PKG_Limit2_Mult_Bits_1 PKG_Limit2_Mult_Float_1 PKG_Limit2_Time_Seconds_1 PKG_Limit2_Power_Watts_1 PKG_Limit1_Enable_1 PKG_Limit1_Clamp_1 PKG_Limit1_Time_Bits_1 PKG_Limit1_Power_Bits_1 PKG_Limit1_Mult_Bits_1 PKG_Limit1_Mult_Float_1 PKG_Limit1_Time_Seconds_1 PKG_Limit1_Power_Watts_1 PP0_Limit1_Enable_1 PP0_Limit1_Clamp_1 PP0_Limit1_Time_Bits_1 PP0_Limit1_Power_Bits_1 PP0_Limit1_Mult_Bits_1 PP0_Limit1_Mult_Float_1 PP0_Limit1_Time_Seconds_1 PP0_Limit1_Power_Watts_1 DRAM_Limit1_Enable_1 DRAM_Limit1_Clamp_1 DRAM_Limit1_Time_Bits_1 DRAM_Limit1_Power_Bits_1 DRAM_Limit1_Mult_Bits_1 DRAM_Limit1_Mult_Float_1 DRAM_Limit1_Time_Seconds_1 DRAM_Limit1_Power_Watts_1 
0_Limit1_Time_Bits_0 PP0_Limit1_Power_Bits_0 PP0_Limit1_Mult_Bits_0 PP0_Limit1_Mult_Float_0 PP0_Limit1_Time_Seconds_0 PP0_Limit1_Power_Watts_0 DRAM_Limit1_Enable_0 DRAM_Limit1_Clamp_0 DRAM_Limit1_Time_Bits_0 DRAM_Limit1_Power_Bits_0 DRAM_Limit1_Mult_Bits_0 DRAM_Limit1_Mult_Float_0 DRAM_Limit1_Time_Seconds_0 DRAM_Limit1_Power_Watts_0 PKG_Watts_1 PP0_Watts_1 DRAM_Watts_1 PKG_Info_Max_Window_Sec_1 PKG_Info_Max_Window_Bits_1 PKG_Info_Max_Power_Watts_1 PKG_Info_Max_Power_Bits_1 PKG_Info_Min_Power_Watts_1 PKG_Info_Min_Power_Bits_1 PKG_Info_Thermal_Spec_Watts_1 PKG_Info_Thermal_Spec_Bits_1 DRAM_Info_Max_Window_Sec_1 DRAM_Info_Max_Window_Bits_1 DRAM_Info_Max_Power_Watts_1 DRAM_Info_Max_Power_Bits_1 DRAM_Info_Min_Power_Watts_1 DRAM_Info_Min_Power_Bits_1 DRAM_Info_Thermal_Spec_Watts_1 DRAM_Info_Thermal_Spec_Bits_1 Units_Power_Bits_1 Units_Energy_Bits_1 Units_Time_Bits_1 Units_Power_Watts_1 Units_Energy_Joules_1 Units_Time_Seconds_1 PKG_Limit2_Enable_1 PKG_Limit2_Clamp_1 PKG_Limit2_Time_Bits_1 PKG_Limit2_Power_Bits_1 PKG_Limit2_Mult_Bits_1 PKG_Limit2_Mult_Float_1 PKG_Limit2_Time_Seconds_1 PKG_Limit2_Power_Watts_1 PKG_Limit1_Enable_1 PKG_Limit1_Clamp_1 PKG_Limit1_Time_Bits_1 PKG_Limit1_Power_Bits_1 PKG_Limit1_Mult_Bits_1 PKG_Limit1_Mult_Float_1 PKG_Limit1_Time_Seconds_1 PKG_Limit1_Power_Watts_1 PP0_Limit1_Enable_1 PP0_Limit1_Clamp_1 PP0_Limit1_Time_Bits_1 PP0_Limit1_Power_Bits_1 PP0_Limit1_Mult_Bits_1 PP0_Limit1_Mult_Float_1 PP0_Limit1_Time_Seconds_1 PP0_Limit1_Power_Watts_1 DRAM_Limit1_Enable_1 DRAM_Limit1_Clamp_1 DRAM_Limit1_Time_Bits_1 DRAM_Limit1_Power_Bits_1 DRAM_Limit1_Mult_Bits_1 DRAM_Limit1_Mult_Float_1 DRAM_Limit1_Time_Seconds_1 DRAM_Limit1_Power_Watts_1 
0_Limit1_Time_Bits_0 PP0_Limit1_Power_Bits_0 PP0_Limit1_Mult_Bits_0 PP0_Limit1_Mult_Float_0 PP0_Limit1_Time_Seconds_0 PP0_Limit1_Power_Watts_0 DRAM_Limit1_Enable_0 DRAM_Limit1_Clamp_0 DRAM_Limit1_Time_Bits_0 DRAM_Limit1_Power_Bits_0 DRAM_Limit1_Mult_Bits_0 DRAM_Limit1_Mult_Float_0 DRAM_Limit1_Time_Seconds_0 DRAM_Limit1_Power_Watts_0 PKG_Watts_1 PP0_Watts_1 DRAM_Watts_1 PKG_Info_Max_Window_Sec_1 PKG_Info_Max_Window_Bits_1 PKG_Info_Max_Power_Watts_1 PKG_Info_Max_Power_Bits_1 PKG_Info_Min_Power_Watts_1 PKG_Info_Min_Power_Bits_1 PKG_Info_Thermal_Spec_Watts_1 PKG_Info_Thermal_Spec_Bits_1 DRAM_Info_Max_Window_Sec_1 DRAM_Info_Max_Window_Bits_1 DRAM_Info_Max_Power_Watts_1 DRAM_Info_Max_Power_Bits_1 DRAM_Info_Min_Power_Watts_1 DRAM_Info_Min_Power_Bits_1 DRAM_Info_Thermal_Spec_Watts_1 DRAM_Info_Thermal_Spec_Bits_1 Units_Power_Bits_1 Units_Energy_Bits_1 Units_Time_Bits_1 Units_Power_Watts_1 Units_Energy_Joules_1 Units_Time_Seconds_1 PKG_Limit2_Enable_1 PKG_Limit2_Clamp_1 PKG_Limit2_Time_Bits_1 PKG_Limit2_Power_Bits_1 PKG_Limit2_Mult_Bits_1 PKG_Limit2_Mult_Float_1 PKG_Limit2_Time_Seconds_1 PKG_Limit2_Power_Watts_1 PKG_Limit1_Enable_1 PKG_Limit1_Clamp_1 PKG_Limit1_Time_Bits_1 PKG_Limit1_Power_Bits_1 PKG_Limit1_Mult_Bits_1 PKG_Limit1_Mult_Float_1 PKG_Limit1_Time_Seconds_1 PKG_Limit1_Power_Watts_1 PP0_Limit1_Enable_1 PP0_Limit1_Clamp_1 PP0_Limit1_Time_Bits_1 PP0_Limit1_Power_Bits_1 PP0_Limit1_Mult_Bits_1 PP0_Limit1_Mult_Float_1 PP0_Limit1_Time_Seconds_1 PP0_Limit1_Power_Watts_1 DRAM_Limit1_Enable_1 DRAM_Limit1_Clamp_1 DRAM_Limit1_Time_Bits_1 DRAM_Limit1_Power_Bits_1 DRAM_Limit1_Mult_Bits_1 DRAM_Limit1_Mult_Float_1 DRAM_Limit1_Time_Seconds_1 DRAM_Limit1_Power_Watts_1 
0_Limit1_Time_Bits_0 PP0_Limit1_Power_Bits_0 PP0_Limit1_Mult_Bits_0 PP0_Limit1_Mult_Float_0 PP0_Limit1_Time_Seconds_0 PP0_Limit1_Power_Watts_0 DRAM_Limit1_Enable_0 DRAM_Limit1_Clamp_0 DRAM_Limit1_Time_Bits_0 DRAM_Limit1_Power_Bits_0 DRAM_Limit1_Mult_Bits_0 DRAM_Limit1_Mult_Float_0 DRAM_Limit1_Time_Seconds_0 DRAM_Limit1_Power_Watts_0 PKG_Watts_1 PP0_Watts_1 DRAM_Watts_1 PKG_Info_Max_Window_Sec_1 PKG_Info_Max_Window_Bits_1 PKG_Info_Max_Power_Watts_1 PKG_Info_Max_Power_Bits_1 PKG_Info_Min_Power_Watts_1 PKG_Info_Min_Power_Bits_1 PKG_Info_Thermal_Spec_Watts_1 PKG_Info_Thermal_Spec_Bits_1 DRAM_Info_Max_Window_Sec_1 DRAM_Info_Max_Window_Bits_1 DRAM_Info_Max_Power_Watts_1 DRAM_Info_Max_Power_Bits_1 DRAM_Info_Min_Power_Watts_1 DRAM_Info_Min_Power_Bits_1 DRAM_Info_Thermal_Spec_Watts_1 DRAM_Info_Thermal_Spec_Bits_1 Units_Power_Bits_1 Units_Energy_Bits_1 Units_Time_Bits_1 Units_Power_Watts_1 Units_Energy_Joules_1 Units_Time_Seconds_1 PKG_Limit2_Enable_1 PKG_Limit2_Clamp_1 PKG_Limit2_Time_Bits_1 PKG_Limit2_Power_Bits_1 PKZZZ 2.862782 63.006414 49.635808 4.931746 0.045898 47 180.000000 1440 51.000000 408 115.000000 920 0.039062 40 75.000000 600 15.000000 120 35.000000 280 3 16 10 0.125000 0.000015 0.000977 0 0 0 0 0 1.000000 0.000000 0.000000 1 1 1 520 0 1.000000 0.000977 65.000000 0 0 0 0 0 1.000000 0.000000 0.000000 0 0 0 0 0 1.000000 0.000000 0.000000 63.005364 49.840327 2.782204 0.045898 47 180.000000 1440 51.000000 408 115.000000 920 0.039062 40 75.000000 600 15.000000 120 35.000000 280 3 16 10 0.125000 0.000015 0.000977 0 0 0 0 0 1.000000 0.000000 0.000000 1 1 1 520 0 1.000000 0.000977 65.000000 0 0 0 0 0 1.000000 0.000000 0.000000 0 0 0 0 0 1.000000 0.000000 0.000000 
# QQQ elapsed PKG_Watts_0 PP0_Watts_0 DRAM_Watts_0 PKG_Info_Max_Window_Sec_0 PKG_Info_Max_Window_Bits_0 PKG_Info_Max_Power_Watts_0 PKG_Info_Max_Power_Bits_0 PKG_Info_Min_Power_Watts_0 PKG_Info_Min_Power_Bits_0 PKG_Info_Thermal_Spec_Watts_0 PKG_Info_Thermal_Spec_Bits_0 DRAM_Info_Max_Window_Sec_0 DRAM_Info_Max_Window_Bits_0 DRAM_Info_Max_Power_Watts_0 DRAM_Info_Max_Power_Bits_0 DRAM_Info_Min_Power_Watts_0 DRAM_Info_Min_Power_Bits_0 DRAM_Info_Thermal_Spec_Watts_0 DRAM_Info_Thermal_Spec_Bits_0 Units_Power_Bits_0 Units_Energy_Bits_0 Units_Time_Bits_0 Units_Power_Watts_0 Units_Energy_Joules_0 Units_Time_Seconds_0 PKG_Limit2_Enable_0 PKG_Limit2_Clamp_0 PKG_Limit2_Time_Bits_0 PKG_Limit2_Power_Bits_0 PKG_Limit2_Mult_Bits_0 PKG_Limit2_Mult_Float_0 PKG_Limit2_Time_Seconds_0 PKG_Limit2_Power_Watts_0 PKG_Limit1_Enable_0 PKG_Limit1_Clamp_0 PKG_Limit1_Time_Bits_0 PKG_Limit1_Power_Bits_0 PKG_Limit1_Mult_Bits_0 PKG_Limit1_Mult_Float_0 PKG_Limit1_Time_Seconds_0 PKG_Limit1_Power_Watts_0 PP0_Limit1_Enable_0 PP0_Limit1_Clamp_0 PP# QQQ elapsed PKG_Watts_0 PP0_Watts_0 DRAM_Watts_0 PKG_Info_Max_Window_Sec_0 PKG_Info_Max_Window_Bits_0 PKG_Info_Max_Power_Watts_0 PKG_Info_Max_Power_Bits_0 PKG_Info_Min_Power_Watts_0 PKG_Info_Min_Power_Bits_0 PKG_Info_Thermal_Spec_Watts_0 PKG_Info_Thermal_Spec_Bits_0 DRAM_Info_Max_Window_Sec_0 DRAM_Info_Max_Window_Bits_0 DRAM_Info_Max_Power_Watts_0 DRAM_Info_Max_Power_Bits_0 DRAM_Info_Min_Power_Watts_0 DRAM_Info_Min_Power_Bits_0 DRAM_Info_Thermal_Spec_Watts_0 DRAM_Info_Thermal_Spec_Bits_0 Units_Power_Bits_0 Units_Energy_Bits_0 Units_Time_Bits_0 Units_Power_Watts_0 Units_Energy_Joules_0 Units_Time_Seconds_0 PKG_Limit2_Enable_0 PKG_Limit2_Clamp_0 PKG_Limit2_Time_Bits_0 PKG_Limit2_Power_Bits_0 PKG_Limit2_Mult_Bits_0 PKG_Limit2_Mult_Float_0 PKG_Limit2_Time_Seconds_0 PKG_Limit2_Power_Watts_0 PKG_Limit1_Enable_0 PKG_Limit1_Clamp_0 PKG_Limit1_Time_Bits_0 PKG_Limit1_Power_Bits_0 PKG_Limit1_Mult_Bits_0 PKG_Limit1_Mult_Float_0 PKG_Limit1_Time_Seconds_0 PKG_Limit1_Power_Watts_0 PP0_Limit1_Enable_0 PP0_Limit1_Clamp_0 PPG_Limit2_Mult_Bits_1 PKG_Limit2_Mult_Float_1 PKG_Limit2_Time_Seconds_1 PKG_Limit2_Power_Watts_1 PKG_Limit1_Enable_1 PKG_Limit1_Clamp_1 PKG_Limit1_Time_Bits_1 PKG_Limit1_Power_Bits_1 PKG_Limit1_Mult_Bits_1 PKG_Limit1_Mult_Float_1 PKG_Limit1_Time_Seconds_1 PKG_Limit1_Power_Watts_1 PP0_Limit1_Enable_1 PP0_Limit1_Clamp_1 PP0_Limit1_Time_Bits_1 PP0_Limit1_Power_Bits_1 PP0_Limit1_Mult_Bits_1 PP0_Limit1_Mult_Float_1 PP0_Limit1_Time_Seconds_1 PP0_Limit1_Power_Watts_1 DRAM_Limit1_Enable_1 DRAM_Limit1_Clamp_1 DRAM_Limit1_Time_Bits_1 DRAM_Limit1_Power_Bits_1 DRAM_Limit1_Mult_Bits_1 DRAM_Limit1_Mult_Float_1 DRAM_Limit1_Time_Seconds_1 DRAM_Limit1_Power_Watts_1 
ZZZ 2.862802 63.011761 49.804353 3.768121 0.045898 47 180.000000 1440 51.000000 408 115.000000 920 0.039062 40 75.000000 600 15.000000 120 35.000000 280 3 16 10 0.125000 0.000015 0.000977 0 0 0 0 0 1.000000 0.000000 0.000000 1 1 1 520 0 1.000000 0.000977 65.000000 0 0 0 0 0 1.000000 0.000000 0.000000 0 0 0 0 0 1.000000 0.000000 0.000000 63.002183 49.925792 2.053870 0.045898 47 180.000000 1440 51.000000 408 115.000000 920 0.039062 40 75.000000 600 15.000000 120 35.000000 280 3 16 10 0.125000 0.000015 0.000977 0 0 0 0 0 1.000000 0.000000 0.000000 1 1 1 520 0 1.000000 0.000977 65.000000 0 0 0 0 0 1.000000 0.000000 0.000000 0 0 0 0 0 1.000000 0.000000 0.000000 
G_Limit2_Mult_Bits_1 PKG_Limit2_Mult_Float_1 PKG_Limit2_Time_Seconds_1 PKG_Limit2_Power_Watts_1 PKG_Limit1_Enable_1 PKG_Limit1_Clamp_1 PKG_Limit1_Time_Bits_1 PKG_Limit1_Power_Bits_1 PKG_Limit1_Mult_Bits_1 PKG_Limit1_Mult_Float_1 PKG_Limit1_Time_Seconds_1 PKG_Limit1_Power_Watts_1 PP0_Limit1_Enable_1 PP0_Limit1_Clamp_1 PP0_Limit1_Time_Bits_1 PP0_Limit1_Power_Bits_1 PP0_Limit1_Mult_Bits_1 PP0_Limit1_Mult_Float_1 PP0_Limit1_Time_Seconds_1 PP0_Limit1_Power_Watts_1 DRAM_Limit1_Enable_1 DRAM_Limit1_Clamp_1 DRAM_Limit1_Time_Bits_1 DRAM_Limit1_Power_Bits_1 DRAM_Limit1_Mult_Bits_1 DRAM_Limit1_Mult_Float_1 DRAM_Limit1_Time_Seconds_1 DRAM_Limit1_Power_Watts_1 
ZZZ 2.862783 63.017618 49.765226 3.793762 0.045898 47 180.000000 1440 51.000000 408 115.000000 920 0.039062 40 75.000000 600 15.000000 120 35.000000 280 3 16 10 0.125000 0.000015 0.000977 0 0 0 0 0 1.000000 0.000000 0.000000 1 1 1 520 0 1.000000 0.000977 65.000000 0 0 0 0 0 1.000000 0.000000 0.000000 0 0 0 0 0 1.000000 0.000000 0.000000 63.030319 49.823142 3.377005 0.045898 47 180.000000 1440 51.000000 408 115.000000 920 0.039062 40 75.000000 600 15.000000 120 35.000000 280 3 16 10 0.125000 0.000015 0.000977 0 0 0 0 0 1.000000 0.000000 0.000000 1 1 1 520 0 1.000000 0.000977 65.000000 0 0 0 0 0 1.000000 0.000000 0.000000 0 0 0 0 0 1.000000 0.000000 0.000000 
G_Limit2_Mult_Bits_1 PKG_Limit2_Mult_Float_1 PKG_Limit2_Time_Seconds_1 PKG_Limit2_Power_Watts_1 PKG_Limit1_Enable_1 PKG_Limit1_Clamp_1 PKG_Limit1_Time_Bits_1 PKG_Limit1_Power_Bits_1 PKG_Limit1_Mult_Bits_1 PKG_Limit1_Mult_Float_1 PKG_Limit1_Time_Seconds_1 PKG_Limit1_Power_Watts_1 PP0_Limit1_Enable_1 PP0_Limit1_Clamp_1 PP0_Limit1_Time_Bits_1 PP0_Limit1_Power_Bits_1 PP0_Limit1_Mult_Bits_1 PP0_Limit1_Mult_Float_1 PP0_Limit1_Time_Seconds_1 PP0_Limit1_Power_Watts_1 DRAM_Limit1_Enable_1 DRAM_Limit1_Clamp_1 DRAM_Limit1_Time_Bits_1 DRAM_Limit1_Power_Bits_1 DRAM_Limit1_Mult_Bits_1 DRAM_Limit1_Mult_Float_1 DRAM_Limit1_Time_Seconds_1 DRAM_Limit1_Power_Watts_1 
0_Limit1_Time_Bits_0 PP0_Limit1_Power_Bits_0 PP0_Limit1_Mult_Bits_0 PP0_Limit1_Mult_Float_0 PP0_Limit1_Time_Seconds_0 PP0_Limit1_Power_Watts_0 DRAM_Limit1_Enable_0 DRAM_Limit1_Clamp_0 DRAM_Limit1_Time_Bits_0 DRAM_Limit1_Power_Bits_0 DRAM_Limit1_Mult_Bits_0 DRAM_Limit1_Mult_Float_0 DRAM_Limit1_Time_Seconds_0 DRAM_Limit1_Power_Watts_0 PKG_Watts_1 PP0_Watts_1 DRAM_Watts_1 PKG_Info_Max_Window_Sec_1 PKG_Info_Max_Window_Bits_1 PKG_Info_Max_Power_Watts_1 PKG_Info_Max_Power_Bits_1 PKG_Info_Min_Power_Watts_1 PKG_Info_Min_Power_Bits_1 PKG_Info_Thermal_Spec_Watts_1 PKG_Info_Thermal_Spec_Bits_1 DRAM_Info_Max_Window_Sec_1 DRAM_Info_Max_Window_Bits_1 DRAM_Info_Max_Power_Watts_1 DRAM_Info_Max_Power_Bits_1 DRAM_Info_Min_Power_Watts_1 DRAM_Info_Min_Power_Bits_1 DRAM_Info_Thermal_Spec_Watts_1 DRAM_Info_Thermal_Spec_Bits_1 Units_Power_Bits_1 Units_Energy_Bits_1 Units_Time_Bits_1 Units_Power_Watts_1 Units_Energy_Joules_1 Units_Time_Seconds_1 PKG_Limit2_Enable_1 PKG_Limit2_Clamp_1 PKG_Limit2_Time_Bits_1 PKG_Limit2_Power_Bits_1 PKZZZ 2.862799 62.990232 49.728102 6.096189 0.045898 47 180.000000 1440 51.000000 408 115.000000 920 0.039062 40 75.000000 600 15.000000 120 35.000000 280 3 16 10 0.125000 0.000015 0.000977 0 0 0 0 0 1.000000 0.000000 0.000000 1 1 1 520 0 1.000000 0.000977 65.000000 0 0 0 0 0 1.000000 0.000000 0.000000 0 0 0 0 0 1.000000 0.000000 0.000000 63.027724 49.831233 4.709589 0.045898 47 180.000000 1440 51.000000 408 115.000000 920 0.039062 40 75.000000 600 15.000000 120 35.000000 280 3 16 10 0.125000 0.000015 0.000977 0 0 0 0 0 1.000000 0.000000 0.000000 1 1 1 520 0 1.000000 0.000977 65.000000 0 0 0 0 0 1.000000 0.000000 0.000000 0 0 0 0 0 1.000000 0.000000 0.000000 
G_Limit2_Mult_Bits_1 PKG_Limit2_Mult_Float_1 PKG_Limit2_Time_Seconds_1 PKG_Limit2_Power_Watts_1 PKG_Limit1_Enable_1 PKG_Limit1_Clamp_1 PKG_Limit1_Time_Bits_1 PKG_Limit1_Power_Bits_1 PKG_Limit1_Mult_Bits_1 PKG_Limit1_Mult_Float_1 PKG_Limit1_Time_Seconds_1 PKG_Limit1_Power_Watts_1 PP0_Limit1_Enable_1 PP0_Limit1_Clamp_1 PP0_Limit1_Time_Bits_1 PP0_Limit1_Power_Bits_1 PP0_Limit1_Mult_Bits_1 PP0_Limit1_Mult_Float_1 PP0_Limit1_Time_Seconds_1 PP0_Limit1_Power_Watts_1 DRAM_Limit1_Enable_1 DRAM_Limit1_Clamp_1 DRAM_Limit1_Time_Bits_1 DRAM_Limit1_Power_Bits_1 DRAM_Limit1_Mult_Bits_1 DRAM_Limit1_Mult_Float_1 DRAM_Limit1_Time_Seconds_1 DRAM_Limit1_Power_Watts_1 
0_Limit1_Time_Bits_0 PP0_Limit1_Power_Bits_0 PP0_Limit1_Mult_Bits_0 PP0_Limit1_Mult_Float_0 PP0_Limit1_Time_Seconds_0 PP0_Limit1_Power_Watts_0 DRAM_Limit1_Enable_0 DRAM_Limit1_Clamp_0 DRAM_Limit1_Time_Bits_0 DRAM_Limit1_Power_Bits_0 DRAM_Limit1_Mult_Bits_0 DRAM_Limit1_Mult_Float_0 DRAM_Limit1_Time_Seconds_0 DRAM_Limit1_Power_Watts_0 PKG_Watts_1 PP0_Watts_1 DRAM_Watts_1 PKG_Info_Max_Window_Sec_1 PKG_Info_Max_Window_Bits_1 PKG_Info_Max_Power_Watts_1 PKG_Info_Max_Power_Bits_1 PKG_Info_Min_Power_Watts_1 PKG_Info_Min_Power_Bits_1 PKG_Info_Thermal_Spec_Watts_1 PKG_Info_Thermal_Spec_Bits_1 DRAM_Info_Max_Window_Sec_1 DRAM_Info_Max_Window_Bits_1 DRAM_Info_Max_Power_Watts_1 DRAM_Info_Max_Power_Bits_1 DRAM_Info_Min_Power_Watts_1 DRAM_Info_Min_Power_Bits_1 DRAM_Info_Thermal_Spec_Watts_1 DRAM_Info_Thermal_Spec_Bits_1 Units_Power_Bits_1 Units_Energy_Bits_1 Units_Time_Bits_1 Units_Power_Watts_1 Units_Energy_Joules_1 Units_Time_Seconds_1 PKG_Limit2_Enable_1 PKG_Limit2_Clamp_1 PKG_Limit2_Time_Bits_1 PKG_Limit2_Power_Bits_1 PK0_Limit1_Time_Bits_0 PP0_Limit1_Power_Bits_0 PP0_Limit1_Mult_Bits_0 PP0_Limit1_Mult_Float_0 PP0_Limit1_Time_Seconds_0 PP0_Limit1_Power_Watts_0 DRAM_Limit1_Enable_0 DRAM_Limit1_Clamp_0 DRAM_Limit1_Time_Bits_0 DRAM_Limit1_Power_Bits_0 DRAM_Limit1_Mult_Bits_0 DRAM_Limit1_Mult_Float_0 DRAM_Limit1_Time_Seconds_0 DRAM_Limit1_Power_Watts_0 PKG_Watts_1 PP0_Watts_1 DRAM_Watts_1 PKG_Info_Max_Window_Sec_1 PKG_Info_Max_Window_Bits_1 PKG_Info_Max_Power_Watts_1 PKG_Info_Max_Power_Bits_1 PKG_Info_Min_Power_Watts_1 PKG_Info_Min_Power_Bits_1 PKG_Info_Thermal_Spec_Watts_1 PKG_Info_Thermal_Spec_Bits_1 DRAM_Info_Max_Window_Sec_1 DRAM_Info_Max_Window_Bits_1 DRAM_Info_Max_Power_Watts_1 DRAM_Info_Max_Power_Bits_1 DRAM_Info_Min_Power_Watts_1 DRAM_Info_Min_Power_Bits_1 DRAM_Info_Thermal_Spec_Watts_1 DRAM_Info_Thermal_Spec_Bits_1 Units_Power_Bits_1 Units_Energy_Bits_1 Units_Time_Bits_1 Units_Power_Watts_1 Units_Energy_Joules_1 Units_Time_Seconds_1 PKG_Limit2_Enable_1 PKG_Limit2_Clamp_1 PKG_Limit2_Time_Bits_1 PKG_Limit2_Power_Bits_1 PK0_Limit1_Time_Bits_0 PP0_Limit1_Power_Bits_0 PP0_Limit1_Mult_Bits_0 PP0_Limit1_Mult_Float_0 PP0_Limit1_Time_Seconds_0 PP0_Limit1_Power_Watts_0 DRAM_Limit1_Enable_0 DRAM_Limit1_Clamp_0 DRAM_Limit1_Time_Bits_0 DRAM_Limit1_Power_Bits_0 DRAM_Limit1_Mult_Bits_0 DRAM_Limit1_Mult_Float_0 DRAM_Limit1_Time_Seconds_0 DRAM_Limit1_Power_Watts_0 PKG_Watts_1 PP0_Watts_1 DRAM_Watts_1 PKG_Info_Max_Window_Sec_1 PKG_Info_Max_Window_Bits_1 PKG_Info_Max_Power_Watts_1 PKG_Info_Max_Power_Bits_1 PKG_Info_Min_Power_Watts_1 PKG_Info_Min_Power_Bits_1 PKG_Info_Thermal_Spec_Watts_1 PKG_Info_Thermal_Spec_Bits_1 DRAM_Info_Max_Window_Sec_1 DRAM_Info_Max_Window_Bits_1 DRAM_Info_Max_Power_Watts_1 DRAM_Info_Max_Power_Bits_1 DRAM_Info_Min_Power_Watts_1 DRAM_Info_Min_Power_Bits_1 DRAM_Info_Thermal_Spec_Watts_1 DRAM_Info_Thermal_Spec_Bits_1 Units_Power_Bits_1 Units_Energy_Bits_1 Units_Time_Bits_1 Units_Power_Watts_1 Units_Energy_Joules_1 Units_Time_Seconds_1 PKG_Limit2_Enable_1 PKG_Limit2_Clamp_1 PKG_Limit2_Time_Bits_1 PKG_Limit2_Power_Bits_1 PK0_Limit1_Time_Bits_0 PP0_Limit1_Power_Bits_0 PP0_Limit1_Mult_Bits_0 PP0_Limit1_Mult_Float_0 PP0_Limit1_Time_Seconds_0 PP0_Limit1_Power_Watts_0 DRAM_Limit1_Enable_0 DRAM_Limit1_Clamp_0 DRAM_Limit1_Time_Bits_0 DRAM_Limit1_Power_Bits_0 DRAM_Limit1_Mult_Bits_0 DRAM_Limit1_Mult_Float_0 DRAM_Limit1_Time_Seconds_0 DRAM_Limit1_Power_Watts_0 PKG_Watts_1 PP0_Watts_1 DRAM_Watts_1 PKG_Info_Max_Window_Sec_1 PKG_Info_Max_Window_Bits_1 PKG_Info_Max_Power_Watts_1 PKG_Info_Max_Power_Bits_1 PKG_Info_Min_Power_Watts_1 PKG_Info_Min_Power_Bits_1 PKG_Info_Thermal_Spec_Watts_1 PKG_Info_Thermal_Spec_Bits_1 DRAM_Info_Max_Window_Sec_1 DRAM_Info_Max_Window_Bits_1 DRAM_Info_Max_Power_Watts_1 DRAM_Info_Max_Power_Bits_1 DRAM_Info_Min_Power_Watts_1 DRAM_Info_Min_Power_Bits_1 DRAM_Info_Thermal_Spec_Watts_1 DRAM_Info_Thermal_Spec_Bits_1 Units_Power_Bits_1 Units_Energy_Bits_1 Units_Time_Bits_1 Units_Power_Watts_1 Units_Energy_Joules_1 Units_Time_Seconds_1 PKG_Limit2_Enable_1 PKG_Limit2_Clamp_1 PKG_Limit2_Time_Bits_1 PKG_Limit2_Power_Bits_1 PKZZZ 2.862825 63.013810 49.789510 6.107876 0.045898 47 180.000000 1440 51.000000 408 115.000000 920 0.039062 40 75.000000 600 15.000000 120 35.000000 280 3 16 10 0.125000 0.000015 0.000977 0 0 0 0 0 1.000000 0.000000 0.000000 1 1 1 520 0 1.000000 0.000977 65.000000 0 0 0 0 0 1.000000 0.000000 0.000000 0 0 0 0 0 1.000000 0.000000 0.000000 62.995198 49.819060 3.578280 0.045898 47 180.000000 1440 51.000000 408 115.000000 920 0.039062 40 75.000000 600 15.000000 120 35.000000 280 3 16 10 0.125000 0.000015 0.000977 0 0 0 0 0 1.000000 0.000000 0.000000 1 1 1 520 0 1.000000 0.000977 65.000000 0 0 0 0 0 1.000000 0.000000 0.000000 0 0 0 0 0 1.000000 0.000000 0.000000 
ZZZ 2.862803 63.026632 49.662995 7.245615 0.045898 47 180.000000 1440 51.000000 408 115.000000 920 0.039062 40 75.000000 600 15.000000 120 35.000000 280 3 16 10 0.125000 0.000015 0.000977 0 0 0 0 0 1.000000 0.000000 0.000000 1 1 1 520 0 1.000000 0.000977 65.000000 0 0 0 0 0 1.000000 0.000000 0.000000 0 0 0 0 0 1.000000 0.000000 0.000000 62.993037 49.903570 4.724959 0.045898 47 180.000000 1440 51.000000 408 115.000000 920 0.039062 40 75.000000 600 15.000000 120 35.000000 280 3 16 10 0.125000 0.000015 0.000977 0 0 0 0 0 1.000000 0.000000 0.000000 1 1 1 520 0 1.000000 0.000977 65.000000 0 0 0 0 0 1.000000 0.000000 0.000000 0 0 0 0 0 1.000000 0.000000 0.000000 
ZZZ 2.862811 63.026347 49.818463 4.948294 0.045898 47 180.000000 1440 51.000000 408 115.000000 920 0.039062 40 75.000000 600 15.000000 120 35.000000 280 3 16 10 0.125000 0.000015 0.000977 0 0 0 0 0 1.000000 0.000000 0.000000 1 1 1 520 0 1.000000 0.000977 65.000000 0 0 0 0 0 1.000000 0.000000 0.000000 0 0 0 0 0 1.000000 0.000000 0.000000 63.025740 49.812019 3.924720 0.045898 47 180.000000 1440 51.000000 408 115.000000 920 0.039062 40 75.000000 600 15.000000 120 35.000000 280 3 16 10 0.125000 0.000015 0.000977 0 0 0 0 0 1.000000 0.000000 0.000000 1 1 1 520 0 1.000000 0.000977 65.000000 0 0 0 0 0 1.000000 0.000000 0.000000 0 0 0 0 0 1.000000 0.000000 0.000000 
G_Limit2_Mult_Bits_1 PKG_Limit2_Mult_Float_1 PKG_Limit2_Time_Seconds_1 PKG_Limit2_Power_Watts_1 PKG_Limit1_Enable_1 PKG_Limit1_Clamp_1 PKG_Limit1_Time_Bits_1 PKG_Limit1_Power_Bits_1 PKG_Limit1_Mult_Bits_1 PKG_Limit1_Mult_Float_1 PKG_Limit1_Time_Seconds_1 PKG_Limit1_Power_Watts_1 PP0_Limit1_Enable_1 PP0_Limit1_Clamp_1 PP0_Limit1_Time_Bits_1 PP0_Limit1_Power_Bits_1 PP0_Limit1_Mult_Bits_1 PP0_Limit1_Mult_Float_1 PP0_Limit1_Time_Seconds_1 PP0_Limit1_Power_Watts_1 DRAM_Limit1_Enable_1 DRAM_Limit1_Clamp_1 DRAM_Limit1_Time_Bits_1 DRAM_Limit1_Power_Bits_1 DRAM_Limit1_Mult_Bits_1 DRAM_Limit1_Mult_Float_1 DRAM_Limit1_Time_Seconds_1 DRAM_Limit1_Power_Watts_1 
ZZZ 2.862796 62.995391 49.778835 4.953719 0.045898 47 180.000000 1440 51.000000 408 115.000000 920 0.039062 40 75.000000 600 15.000000 120 35.000000 280 3 16 10 0.125000 0.000015 0.000977 0 0 0 0 0 1.000000 0.000000 0.000000 1 1 1 520 0 1.000000 0.000977 65.000000 0 0 0 0 0 1.000000 0.000000 0.000000 0 0 0 0 0 1.000000 0.000000 0.000000 63.032738 49.785300 3.219152 0.045898 47 180.000000 1440 51.000000 408 115.000000 920 0.039062 40 75.000000 600 15.000000 120 35.000000 280 3 16 10 0.125000 0.000015 0.000977 0 0 0 0 0 1.000000 0.000000 0.000000 1 1 1 520 0 1.000000 0.000977 65.000000 0 0 0 0 0 1.000000 0.000000 0.000000 0 0 0 0 0 1.000000 0.000000 0.000000 
0_Limit1_Time_Bits_0 PP0_Limit1_Power_Bits_0 PP0_Limit1_Mult_Bits_0 PP0_Limit1_Mult_Float_0 PP0_Limit1_Time_Seconds_0 PP0_Limit1_Power_Watts_0 DRAM_Limit1_Enable_0 DRAM_Limit1_Clamp_0 DRAM_Limit1_Time_Bits_0 DRAM_Limit1_Power_Bits_0 DRAM_Limit1_Mult_Bits_0 DRAM_Limit1_Mult_Float_0 DRAM_Limit1_Time_Seconds_0 DRAM_Limit1_Power_Watts_0 PKG_Watts_1 PP0_Watts_1 DRAM_Watts_1 PKG_Info_Max_Window_Sec_1 PKG_Info_Max_Window_Bits_1 PKG_Info_Max_Power_Watts_1 PKG_Info_Max_Power_Bits_1 PKG_Info_Min_Power_Watts_1 PKG_Info_Min_Power_Bits_1 PKG_Info_Thermal_Spec_Watts_1 PKG_Info_Thermal_Spec_Bits_1 DRAM_Info_Max_Window_Sec_1 DRAM_Info_Max_Window_Bits_1 DRAM_Info_Max_Power_Watts_1 DRAM_Info_Max_Power_Bits_1 DRAM_Info_Min_Power_Watts_1 DRAM_Info_Min_Power_Bits_1 DRAM_Info_Thermal_Spec_Watts_1 DRAM_Info_Thermal_Spec_Bits_1 Units_Power_Bits_1 Units_Energy_Bits_1 Units_Time_Bits_1 Units_Power_Watts_1 Units_Energy_Joules_1 Units_Time_Seconds_1 PKG_Limit2_Enable_1 PKG_Limit2_Clamp_1 PKG_Limit2_Time_Bits_1 PKG_Limit2_Power_Bits_1 PKG_Limit2_Mult_Bits_1 PKG_Limit2_Mult_Float_1 PKG_Limit2_Time_Seconds_1 PKG_Limit2_Power_Watts_1 PKG_Limit1_Enable_1 PKG_Limit1_Clamp_1 PKG_Limit1_Time_Bits_1 PKG_Limit1_Power_Bits_1 PKG_Limit1_Mult_Bits_1 PKG_Limit1_Mult_Float_1 PKG_Limit1_Time_Seconds_1 PKG_Limit1_Power_Watts_1 PP0_Limit1_Enable_1 PP0_Limit1_Clamp_1 PP0_Limit1_Time_Bits_1 PP0_Limit1_Power_Bits_1 PP0_Limit1_Mult_Bits_1 PP0_Limit1_Mult_Float_1 PP0_Limit1_Time_Seconds_1 PP0_Limit1_Power_Watts_1 DRAM_Limit1_Enable_1 DRAM_Limit1_Clamp_1 DRAM_Limit1_Time_Bits_1 DRAM_Limit1_Power_Bits_1 DRAM_Limit1_Mult_Bits_1 DRAM_Limit1_Mult_Float_1 DRAM_Limit1_Time_Seconds_1 DRAM_Limit1_Power_Watts_1 
G_Limit2_Mult_Bits_1 PKG_Limit2_Mult_Float_1 PKG_Limit2_Time_Seconds_1 PKG_Limit2_Power_Watts_1 PKG_Limit1_Enable_1 PKG_Limit1_Clamp_1 PKG_Limit1_Time_Bits_1 PKG_Limit1_Power_Bits_1 PKG_Limit1_Mult_Bits_1 PKG_Limit1_Mult_Float_1 PKG_Limit1_Time_Seconds_1 PKG_Limit1_Power_Watts_1 PP0_Limit1_Enable_1 PP0_Limit1_Clamp_1 PP0_Limit1_Time_Bits_1 PP0_Limit1_Power_Bits_1 PP0_Limit1_Mult_Bits_1 PP0_Limit1_Mult_Float_1 PP0_Limit1_Time_Seconds_1 PP0_Limit1_Power_Watts_1 DRAM_Limit1_Enable_1 DRAM_Limit1_Clamp_1 DRAM_Limit1_Time_Bits_1 DRAM_Limit1_Power_Bits_1 DRAM_Limit1_Mult_Bits_1 DRAM_Limit1_Mult_Float_1 DRAM_Limit1_Time_Seconds_1 DRAM_Limit1_Power_Watts_1 
G_Limit2_Mult_Bits_1 PKG_Limit2_Mult_Float_1 PKG_Limit2_Time_Seconds_1 PKG_Limit2_Power_Watts_1 PKG_Limit1_Enable_1 PKG_Limit1_Clamp_1 PKG_Limit1_Time_Bits_1 PKG_Limit1_Power_Bits_1 PKG_Limit1_Mult_Bits_1 PKG_Limit1_Mult_Float_1 PKG_Limit1_Time_Seconds_1 PKG_Limit1_Power_Watts_1 PP0_Limit1_Enable_1 PP0_Limit1_Clamp_1 PP0_Limit1_Time_Bits_1 PP0_Limit1_Power_Bits_1 PP0_Limit1_Mult_Bits_1 PP0_Limit1_Mult_Float_1 PP0_Limit1_Time_Seconds_1 PP0_Limit1_Power_Watts_1 DRAM_Limit1_Enable_1 DRAM_Limit1_Clamp_1 DRAM_Limit1_Time_Bits_1 DRAM_Limit1_Power_Bits_1 DRAM_Limit1_Mult_Bits_1 DRAM_Limit1_Mult_Float_1 DRAM_Limit1_Time_Seconds_1 DRAM_Limit1_Power_Watts_1 
ZZZ 2.860263 62.998321 49.696644 3.791338 0.045898 47 180.000000 1440 51.000000 408 115.000000 920 0.039062 40 75.000000 600 15.000000 120 35.000000 280 3 16 10 0.125000 0.000015 0.000977 0 0 0 0 0 1.000000 0.000000 0.000000 1 1 1 520 0 1.000000 0.000977 65.000000 0 0 0 0 0 1.000000 0.000000 0.000000 0 0 0 0 0 1.000000 0.000000 0.000000 63.032063 49.772072 3.206617 0.045898 47 180.000000 1440 51.000000 408 115.000000 920 0.039062 40 75.000000 600 15.000000 120 35.000000 280 3 16 10 0.125000 0.000015 0.000977 0 0 0 0 0 1.000000 0.000000 0.000000 1 1 1 520 0 1.000000 0.000977 65.000000 0 0 0 0 0 1.000000 0.000000 0.000000 0 0 0 0 0 1.000000 0.000000 0.000000 
G_Limit2_Mult_Bits_1 PKG_Limit2_Mult_Float_1 PKG_Limit2_Time_Seconds_1 PKG_Limit2_Power_Watts_1 PKG_Limit1_Enable_1 PKG_Limit1_Clamp_1 PKG_Limit1_Time_Bits_1 PKG_Limit1_Power_Bits_1 PKG_Limit1_Mult_Bits_1 PKG_Limit1_Mult_Float_1 PKG_Limit1_Time_Seconds_1 PKG_Limit1_Power_Watts_1 PP0_Limit1_Enable_1 PP0_Limit1_Clamp_1 PP0_Limit1_Time_Bits_1 PP0_Limit1_Power_Bits_1 PP0_Limit1_Mult_Bits_1 PP0_Limit1_Mult_Float_1 PP0_Limit1_Time_Seconds_1 PP0_Limit1_Power_Watts_1 DRAM_Limit1_Enable_1 DRAM_Limit1_Clamp_1 DRAM_Limit1_Time_Bits_1 DRAM_Limit1_Power_Bits_1 DRAM_Limit1_Mult_Bits_1 DRAM_Limit1_Mult_Float_1 DRAM_Limit1_Time_Seconds_1 DRAM_Limit1_Power_Watts_1 
ZZZ 2.862821 62.997750 49.750129 4.925720 0.045898 47 180.000000 1440 51.000000 408 115.000000 920 0.039062 40 75.000000 600 15.000000 120 35.000000 280 3 16 10 0.125000 0.000015 0.000977 0 0 0 0 0 1.000000 0.000000 0.000000 1 1 1 520 0 1.000000 0.000977 65.000000 0 0 0 0 0 1.000000 0.000000 0.000000 0 0 0 0 0 1.000000 0.000000 0.000000 63.029804 49.906602 3.722876 0.045898 47 180.000000 1440 51.000000 408 115.000000 920 0.039062 40 75.000000 600 15.000000 120 35.000000 280 3 16 10 0.125000 0.000015 0.000977 0 0 0 0 0 1.000000 0.000000 0.000000 1 1 1 520 0 1.000000 0.000977 65.000000 0 0 0 0 0 1.000000 0.000000 0.000000 0 0 0 0 0 1.000000 0.000000 0.000000 
ZZZ 2.862957 62.993981 49.813883 4.693430 0.045898 47 180.000000 1440 51.000000 408 115.000000 920 0.039062 40 75.000000 600 15.000000 120 35.000000 280 3 16 10 0.125000 0.000015 0.000977 0 0 0 0 0 1.000000 0.000000 0.000000 1 1 1 520 0 1.000000 0.000977 65.000000 0 0 0 0 0 1.000000 0.000000 0.000000 0 0 0 0 0 1.000000 0.000000 0.000000 62.998538 49.810403 2.946355 0.045898 47 180.000000 1440 51.000000 408 115.000000 920 0.039062 40 75.000000 600 15.000000 120 35.000000 280 3 16 10 0.125000 0.000015 0.000977 0 0 0 0 0 1.000000 0.000000 0.000000 1 1 1 520 0 1.000000 0.000977 65.000000 0 0 0 0 0 1.000000 0.000000 0.000000 0 0 0 0 0 1.000000 0.000000 0.000000 
ZZZ 2.862829 62.973842 49.794466 6.099654 0.045898 47 180.000000 1440 51.000000 408 115.000000 920 0.039062 40 75.000000 600 15.000000 120 35.000000 280 3 16 10 0.125000 0.000015 0.000977 0 0 0 0 0 1.000000 0.000000 0.000000 1 1 1 520 0 1.000000 0.000977 65.000000 0 0 0 0 0 1.000000 0.000000 0.000000 0 0 0 0 0 1.000000 0.000000 0.000000 63.024056 49.795260 3.926380 0.045898 47 180.000000 1440 51.000000 408 115.000000 920 0.039062 40 75.000000 600 15.000000 120 35.000000 280 3 16 10 0.125000 0.000015 0.000977 0 0 0 0 0 1.000000 0.000000 0.000000 1 1 1 520 0 1.000000 0.000977 65.000000 0 0 0 0 0 1.000000 0.000000 0.000000 0 0 0 0 0 1.000000 0.000000 0.000000 
ZZZ 2.862819 63.007583 49.788591 3.789269 0.045898 47 180.000000 1440 51.000000 408 115.000000 920 0.039062 40 75.000000 600 15.000000 120 35.000000 280 3 16 10 0.125000 0.000015 0.000977 0 0 0 0 0 1.000000 0.000000 0.000000 1 1 1 520 0 1.000000 0.000977 65.000000 0 0 0 0 0 1.000000 0.000000 0.000000 0 0 0 0 0 1.000000 0.000000 0.000000 62.996390 49.804341 2.745034 0.045898 47 180.000000 1440 51.000000 408 115.000000 920 0.039062 40 75.000000 600 15.000000 120 35.000000 280 3 16 10 0.125000 0.000015 0.000977 0 0 0 0 0 1.000000 0.000000 0.000000 1 1 1 520 0 1.000000 0.000977 65.000000 0 0 0 0 0 1.000000 0.000000 0.000000 0 0 0 0 0 1.000000 0.000000 0.000000 
G_Limit2_Mult_Bits_1 PKG_Limit2_Mult_Float_1 PKG_Limit2_Time_Seconds_1 PKG_Limit2_Power_Watts_1 PKG_Limit1_Enable_1 PKG_Limit1_Clamp_1 PKG_Limit1_Time_Bits_1 PKG_Limit1_Power_Bits_1 PKG_Limit1_Mult_Bits_1 PKG_Limit1_Mult_Float_1 PKG_Limit1_Time_Seconds_1 PKG_Limit1_Power_Watts_1 PP0_Limit1_Enable_1 PP0_Limit1_Clamp_1 PP0_Limit1_Time_Bits_1 PP0_Limit1_Power_Bits_1 PP0_Limit1_Mult_Bits_1 PP0_Limit1_Mult_Float_1 PP0_Limit1_Time_Seconds_1 PP0_Limit1_Power_Watts_1 DRAM_Limit1_Enable_1 DRAM_Limit1_Clamp_1 DRAM_Limit1_Time_Bits_1 DRAM_Limit1_Power_Bits_1 DRAM_Limit1_Mult_Bits_1 DRAM_Limit1_Mult_Float_1 DRAM_Limit1_Time_Seconds_1 DRAM_Limit1_Power_Watts_1 
G_Limit2_Mult_Bits_1 PKG_Limit2_Mult_Float_1 PKG_Limit2_Time_Seconds_1 PKG_Limit2_Power_Watts_1 PKG_Limit1_Enable_1 PKG_Limit1_Clamp_1 PKG_Limit1_Time_Bits_1 PKG_Limit1_Power_Bits_1 PKG_Limit1_Mult_Bits_1 PKG_Limit1_Mult_Float_1 PKG_Limit1_Time_Seconds_1 PKG_Limit1_Power_Watts_1 PP0_Limit1_Enable_1 PP0_Limit1_Clamp_1 PP0_Limit1_Time_Bits_1 PP0_Limit1_Power_Bits_1 PP0_Limit1_Mult_Bits_1 PP0_Limit1_Mult_Float_1 PP0_Limit1_Time_Seconds_1 PP0_Limit1_Power_Watts_1 DRAM_Limit1_Enable_1 DRAM_Limit1_Clamp_1 DRAM_Limit1_Time_Bits_1 DRAM_Limit1_Power_Bits_1 DRAM_Limit1_Mult_Bits_1 DRAM_Limit1_Mult_Float_1 DRAM_Limit1_Time_Seconds_1 DRAM_Limit1_Power_Watts_1 
ZZZ 2.863005 63.013206 49.804740 5.205844 0.045898 47 180.000000 1440 51.000000 408 115.000000 920 0.039062 40 75.000000 600 15.000000 120 35.000000 280 3 16 10 0.125000 0.000015 0.000977 0 0 0 0 0 1.000000 0.000000 0.000000 1 1 1 520 0 1.000000 0.000977 65.000000 0 0 0 0 0 1.000000 0.000000 0.000000 0 0 0 0 0 1.000000 0.000000 0.000000 63.025305 49.729736 3.759177 0.045898 47 180.000000 1440 51.000000 408 115.000000 920 0.039062 40 75.000000 600 15.000000 120 35.000000 280 3 16 10 0.125000 0.000015 0.000977 0 0 0 0 0 1.000000 0.000000 0.000000 1 1 1 520 0 1.000000 0.000977 65.000000 0 0 0 0 0 1.000000 0.000000 0.000000 0 0 0 0 0 1.000000 0.000000 0.000000 
ZZZ 2.862982 62.994411 49.505850 5.159448 0.045898 47 180.000000 1440 51.000000 408 115.000000 920 0.039062 40 75.000000 600 15.000000 120 35.000000 280 3 16 10 0.125000 0.000015 0.000977 0 0 0 0 0 1.000000 0.000000 0.000000 1 1 1 520 0 1.000000 0.000977 65.000000 0 0 0 0 0 1.000000 0.000000 0.000000 0 0 0 0 0 1.000000 0.000000 0.000000 63.026661 49.747951 3.760422 0.045898 47 180.000000 1440 51.000000 408 115.000000 920 0.039062 40 75.000000 600 15.000000 120 35.000000 280 3 16 10 0.125000 0.000015 0.000977 0 0 0 0 0 1.000000 0.000000 0.000000 1 1 1 520 0 1.000000 0.000977 65.000000 0 0 0 0 0 1.000000 0.000000 0.000000 0 0 0 0 0 1.000000 0.000000 0.000000 
