nodes=1 ntasks=16
++ date +%Y_%m_%d_%H_%M_%S_%N
+ name=2012_04_05_10_47_04_488780699
+ mkdir 2012_04_05_10_47_04_488780699
+ cd 2012_04_05_10_47_04_488780699
+ touch out.dat
+ env
+ hostname
+ echo 2012_04_05_10_47_04_488780699
+ uname -a
+ srun --nodes=1 --ntasks=1 -ppbatch cat /proc/cpuinfo
+ grep MHz
+ echo 'cores: 16'
+ echo 'nodes: 1'
+ srun --nodes=1 --ntasks=16 -ppbatch -e cg.err -o out.dat --sockets-per-node=1 ../cgCL.sh 16
srun: error: rzmerl29: tasks 0-15: Exited with exit code 127
nodes=2 ntasks=16
++ date +%Y_%m_%d_%H_%M_%S_%N
+ name=2012_04_05_10_47_05_035355417
+ mkdir 2012_04_05_10_47_05_035355417
+ cd 2012_04_05_10_47_05_035355417
+ touch out.dat
+ env
+ hostname
+ echo 2012_04_05_10_47_05_035355417
+ uname -a
+ srun --nodes=1 --ntasks=1 -ppbatch cat /proc/cpuinfo
+ grep MHz
+ echo 'cores: 16'
+ echo 'nodes: 2'
+ srun --nodes=2 --ntasks=16 -ppbatch -e cg.err -o out.dat --sockets-per-node=1 ../cgCL.sh 16
srun: error: rzmerl29: tasks 0-7: Exited with exit code 127
srun: error: rzmerl30: tasks 8-15: Exited with exit code 127
