filename=rzmerl111_rapl_/g/g24/rountree/local/src/power/bmark/NAS/bin/cg.D.256_0064__XXXXXX
filename=rzmerl109_rapl_/g/g24/rountree/local/src/power/bmark/NAS/bin/cg.D.256_0032__XXXXXX
filename=rzmerl113_rapl_/g/g24/rountree/local/src/power/bmark/NAS/bin/cg.D.256_0096__XXXXXX
filename=rzmerl116_rapl_/g/g24/rountree/local/src/power/bmark/NAS/bin/cg.D.256_0144__XXXXXX
filename=rzmerl108_rapl_/g/g24/rountree/local/src/power/bmark/NAS/bin/cg.D.256_0016__XXXXXX
filename=rzmerl112_rapl_/g/g24/rountree/local/src/power/bmark/NAS/bin/cg.D.256_0080__XXXXXX
filename=rzmerl110_rapl_/g/g24/rountree/local/src/power/bmark/NAS/bin/cg.D.256_0048__XXXXXX
filename=rzmerl154_rapl_/g/g24/rountree/local/src/power/bmark/NAS/bin/cg.D.256_0240__XXXXXX
filename=rzmerl151_rapl_/g/g24/rountree/local/src/power/bmark/NAS/bin/cg.D.256_0192__XXXXXX
filename=rzmerl117_rapl_/g/g24/rountree/local/src/power/bmark/NAS/bin/cg.D.256_0160__XXXXXX
filename=rzmerl107_rapl_/g/g24/rountree/local/src/power/bmark/NAS/bin/cg.D.256_0000__XXXXXX
filename=rzmerl118_rapl_/g/g24/rountree/local/src/power/bmark/NAS/bin/cg.D.256_0176__XXXXXX
filename=rzmerl153_rapl_/g/g24/rountree/local/src/power/bmark/NAS/bin/cg.D.256_0224__XXXXXX
filename=rzmerl152_rapl_/g/g24/rountree/local/src/power/bmark/NAS/bin/cg.D.256_0208__XXXXXX
filename=rzmerl114_rapl_/g/g24/rountree/local/src/power/bmark/NAS/bin/cg.D.256_0112__XXXXXX
filename=rzmerl115_rapl_/g/g24/rountree/local/src/power/bmark/NAS/bin/cg.D.256_0128__XXXXXX
blr_util.c::21  Error opening rzmerl107_rapl_/g/g24/rountree/local/src/power/bmark/NAS/bin/cg.D.256_0000__mN5cTn for reading.
msr_core.c::79  pread returned -1.  cpu=1, msr=416 (0x1a0), val=274886623369 (0x4000850089).
: Illegal seek
msr_core.c::67  pwrite returned -1.  fd[1]=0, cpu=1, msr=416 (1a0), val=274886623369 (0x4000850089).  errno=29
: Illegal seek
forrtl: severe (174): SIGSEGV, segmentation fault occurred
Image              PC                Routine            Line        Source             
libc.so.6          00002AAAAC0FCD29  Unknown               Unknown  Unknown
libc.so.6          00002AAAAC107988  Unknown               Unknown  Unknown
librapl.so         00002AAAAAF21C90  Unknown               Unknown  Unknown
librapl.so         00002AAAAAF22F77  Unknown               Unknown  Unknown
librapl.so         00002AAAAAF22D61  Unknown               Unknown  Unknown
cg.D.256           00000000004099EC  Unknown               Unknown  Unknown
cg.D.256           0000000000404E90  Unknown               Unknown  Unknown
cg.D.256           0000000000404E2C  Unknown               Unknown  Unknown
libc.so.6          00002AAAAC0D7CDD  Unknown               Unknown  Unknown
cg.D.256           0000000000404D29  Unknown               Unknown  Unknown
blr_util.c::21  Error opening rzmerl116_rapl_/g/g24/rountree/local/src/power/bmark/NAS/bin/cg.D.256_0144__dXijqh for reading.
blr_util.c::21  Error opening rzmerl108_rapl_/g/g24/rountree/local/src/power/bmark/NAS/bin/cg.D.256_0016__gmelDh for reading.
blr_util.c::21  Error opening rzmerl154_rapl_/g/g24/rountree/local/src/power/bmark/NAS/bin/cg.D.256_0240__0A110j for reading.
blr_util.c::21  Error opening rzmerl151_rapl_/g/g24/rountree/local/src/power/bmark/NAS/bin/cg.D.256_0192__3ZjjLl for reading.
blr_util.c::21  Error opening rzmerl117_rapl_/g/g24/rountree/local/src/power/bmark/NAS/bin/cg.D.256_0160__tIVnjg for reading.
blr_util.c::21  Error opening rzmerl115_rapl_/g/g24/rountree/local/src/power/bmark/NAS/bin/cg.D.256_0128__42Szlk for reading.
msr_core.c::79  pread returned -1.  cpu=1, msr=416 (0x1a0), val=274886623369 (0x4000850089).
: Illegal seek
msr_core.c::79  pread returned -1.  cpu=1, msr=416 (0x1a0), val=274886623369 (0x4000850089).
: Illegal seek
msr_core.c::79  pread returned -1.  cpu=1, msr=416 (0x1a0), val=274886623369 (0x4000850089).
: Illegal seek
msr_core.c::79  pread returned -1.  cpu=1, msr=416 (0x1a0), val=274886623369 (0x4000850089).
: Illegal seek
msr_core.c::79  pread returned -1.  cpu=1, msr=416 (0x1a0), val=274886623369 (0x4000850089).
: Illegal seek
msr_core.c::79  pread returned -1.  cpu=1, msr=416 (0x1a0), val=274886623369 (0x4000850089).
: Illegal seek
msr_core.c::67  pwrite returned -1.  fd[1]=0, cpu=1, msr=416 (1a0), val=274886623369 (0x4000850089).  errno=29
: Illegal seek
msr_core.c::67  pwrite returned -1.  fd[1]=0, cpu=1, msr=416 (1a0), val=274886623369 (0x4000850089).  errno=29
: Illegal seek
msr_core.c::67  pwrite returned -1.  fd[1]=0, cpu=1, msr=416 (1a0), val=274886623369 (0x4000850089).  errno=29
: Illegal seek
msr_core.c::67  pwrite returned -1.  fd[1]=0, cpu=1, msr=416 (1a0), val=274886623369 (0x4000850089).  errno=29
: Illegal seek
msr_core.c::67  pwrite returned -1.  fd[1]=0, cpu=1, msr=416 (1a0), val=274886623369 (0x4000850089).  errno=29
: Illegal seek
msr_core.c::67  pwrite returned -1.  fd[1]=0, cpu=1, msr=416 (1a0), val=274886623369 (0x4000850089).  errno=29
: Illegal seek
forrtl: severe (174): SIGSEGV, segmentation fault occurred
Image              PC                Routine            Line        Source             
libc.so.6          00002AAAAC0FCD29  Unknown               Unknown  Unknown
libc.so.6          00002AAAAC107988  Unknown               Unknown  Unknown
librapl.so         00002AAAAAF21C90  Unknown               Unknown  Unknown
librapl.so         00002AAAAAF22F77  Unknown               Unknown  Unknown
librapl.so         00002AAAAAF22D61  Unknown               Unknown  Unknown
cg.D.256           00000000004099EC  Unknown               Unknown  Unknown
cg.D.256           0000000000404E90  Unknown               Unknown  Unknown
cg.D.256           0000000000404E2C  Unknown               Unknown  Unknown
libc.so.6          00002AAAAC0D7CDD  Unknown               Unknown  Unknown
cg.D.256           0000000000404D29  Unknown               Unknown  Unknown
forrtl: severe (174): SIGSEGV, segmentation fault occurred
Image              PC                Routine            Line        Source             
libc.so.6          00002AAAAC0FCD29  Unknown               Unknown  Unknown
libc.so.6          00002AAAAC107988  Unknown               Unknown  Unknown
librapl.so         00002AAAAAF21C90  Unknown               Unknown  Unknown
librapl.so         00002AAAAAF22F77  Unknown               Unknown  Unknown
librapl.so         00002AAAAAF22D61  Unknown               Unknown  Unknown
cg.D.256           00000000004099EC  Unknown               Unknown  Unknown
cg.D.256           0000000000404E90  Unknown               Unknown  Unknown
cg.D.256           0000000000404E2C  Unknown               Unknown  Unknown
libc.so.6          00002AAAAC0D7CDD  Unknown               Unknown  Unknown
cg.D.256           0000000000404D29  Unknown               Unknown  Unknown
forrtl: severe (174): SIGSEGV, segmentation fault occurred
Image              PC                Routine            Line        Source             
libc.so.6          00002AAAAC0FCD29  Unknown               Unknown  Unknown
libc.so.6          00002AAAAC107988  Unknown               Unknown  Unknown
librapl.so         00002AAAAAF21C90  Unknown               Unknown  Unknown
librapl.so         00002AAAAAF22F77  Unknown               Unknown  Unknown
librapl.so         00002AAAAAF22D61  Unknown               Unknown  Unknown
cg.D.256           00000000004099EC  Unknown               Unknown  Unknown
cg.D.256           0000000000404E90  Unknown               Unknown  Unknown
cg.D.256           0000000000404E2C  Unknown               Unknown  Unknown
libc.so.6          00002AAAAC0D7CDD  Unknown               Unknown  Unknown
cg.D.256           0000000000404D29  Unknown               Unknown  Unknown
forrtl: severe (174): SIGSEGV, segmentation fault occurred
Image              PC                Routine            Line        Source             
libc.so.6          00002AAAAC0FCD29  Unknown               Unknown  Unknown
libc.so.6          00002AAAAC107988  Unknown               Unknown  Unknown
librapl.so         00002AAAAAF21C90  Unknown               Unknown  Unknown
librapl.so         00002AAAAAF22F77  Unknown               Unknown  Unknown
librapl.so         00002AAAAAF22D61  Unknown               Unknown  Unknown
cg.D.256           00000000004099EC  Unknown               Unknown  Unknown
cg.D.256           0000000000404E90  Unknown               Unknown  Unknown
cg.D.256           0000000000404E2C  Unknown               Unknown  Unknown
libc.so.6          00002AAAAC0D7CDD  Unknown               Unknown  Unknown
cg.D.256           0000000000404D29  Unknown               Unknown  Unknown
forrtl: severe (174): SIGSEGV, segmentation fault occurred
Image              PC                Routine            Line        Source             
libc.so.6          00002AAAAC0FCD29  Unknown               Unknown  Unknown
libc.so.6          00002AAAAC107988  Unknown               Unknown  Unknown
librapl.so         00002AAAAAF21C90  Unknown               Unknown  Unknown
librapl.so         00002AAAAAF22F77  Unknown               Unknown  Unknown
librapl.so         00002AAAAAF22D61  Unknown               Unknown  Unknown
cg.D.256           00000000004099EC  Unknown               Unknown  Unknown
cg.D.256           0000000000404E90  Unknown               Unknown  Unknown
cg.D.256           0000000000404E2C  Unknown               Unknown  Unknown
libc.so.6          00002AAAAC0D7CDD  Unknown               Unknown  Unknown
cg.D.256           0000000000404D29  Unknown               Unknown  Unknown
blr_util.c::21  Error opening rzmerl118_rapl_/g/g24/rountree/local/src/power/bmark/NAS/bin/cg.D.256_0176__Tu02Cf for reading.
forrtl: severe (174): SIGSEGV, segmentation fault occurred
Image              PC                Routine            Line        Source             
libc.so.6          00002AAAAC0FCD29  Unknown               Unknown  Unknown
libc.so.6          00002AAAAC107988  Unknown               Unknown  Unknown
librapl.so         00002AAAAAF21C90  Unknown               Unknown  Unknown
librapl.so         00002AAAAAF22F77  Unknown               Unknown  Unknown
librapl.so         00002AAAAAF22D61  Unknown               Unknown  Unknown
cg.D.256           00000000004099EC  Unknown               Unknown  Unknown
cg.D.256           0000000000404E90  Unknown               Unknown  Unknown
cg.D.256           0000000000404E2C  Unknown               Unknown  Unknown
libc.so.6          00002AAAAC0D7CDD  Unknown               Unknown  Unknown
cg.D.256           0000000000404D29  Unknown               Unknown  Unknown
blr_util.c::21  Error opening rzmerl109_rapl_/g/g24/rountree/local/src/power/bmark/NAS/bin/cg.D.256_0032__zrKijf for reading.
blr_util.c::21  Error opening rzmerl110_rapl_/g/g24/rountree/local/src/power/bmark/NAS/bin/cg.D.256_0048__l8ot1c for reading.
msr_core.c::79  pread returned -1.  cpu=1, msr=416 (0x1a0), val=274886623369 (0x4000850089).
: Illegal seek
blr_util.c::21  Error opening rzmerl153_rapl_/g/g24/rountree/local/src/power/bmark/NAS/bin/cg.D.256_0224__ft5gBk for reading.
blr_util.c::21  Error opening rzmerl152_rapl_/g/g24/rountree/local/src/power/bmark/NAS/bin/cg.D.256_0208__ixZl9j for reading.
msr_core.c::79  pread returned -1.  cpu=1, msr=416 (0x1a0), val=274886623369 (0x4000850089).
: Illegal seek
msr_core.c::79  pread returned -1.  cpu=1, msr=416 (0x1a0), val=274886623369 (0x4000850089).
: Illegal seek
msr_core.c::67  pwrite returned -1.  fd[1]=0, cpu=1, msr=416 (1a0), val=274886623369 (0x4000850089).  errno=29
: Illegal seek
msr_core.c::79  pread returned -1.  cpu=1, msr=416 (0x1a0), val=274886623369 (0x4000850089).
: Illegal seek
msr_core.c::79  pread returned -1.  cpu=1, msr=416 (0x1a0), val=274886623369 (0x4000850089).
: Illegal seek
msr_core.c::67  pwrite returned -1.  fd[1]=0, cpu=1, msr=416 (1a0), val=274886623369 (0x4000850089).  errno=29
: Illegal seek
blr_util.c::21  Error opening rzmerl113_rapl_/g/g24/rountree/local/src/power/bmark/NAS/bin/cg.D.256_0096__aG7pcm for reading.
blr_util.c::21  Error opening rzmerl112_rapl_/g/g24/rountree/local/src/power/bmark/NAS/bin/cg.D.256_0080__knPwjn for reading.
msr_core.c::67  pwrite returned -1.  fd[1]=0, cpu=1, msr=416 (1a0), val=274886623369 (0x4000850089).  errno=29
: Illegal seek
forrtl: severe (174): SIGSEGV, segmentation fault occurred
Image              PC                Routine            Line        Source             
libc.so.6          00002AAAAC0FCD29  Unknown               Unknown  Unknown
libc.so.6          00002AAAAC107988  Unknown               Unknown  Unknown
librapl.so         00002AAAAAF21C90  Unknown               Unknown  Unknown
librapl.so         00002AAAAAF22F77  Unknown               Unknown  Unknown
librapl.so         00002AAAAAF22D61  Unknown               Unknown  Unknown
cg.D.256           00000000004099EC  Unknown               Unknown  Unknown
cg.D.256           0000000000404E90  Unknown               Unknown  Unknown
cg.D.256           0000000000404E2C  Unknown               Unknown  Unknown
libc.so.6          00002AAAAC0D7CDD  Unknown               Unknown  Unknown
cg.D.256           0000000000404D29  Unknown               Unknown  Unknown
msr_core.c::67  pwrite returned -1.  fd[1]=0, cpu=1, msr=416 (1a0), val=274886623369 (0x4000850089).  errno=29
: Illegal seek
msr_core.c::67  pwrite returned -1.  fd[1]=0, cpu=1, msr=416 (1a0), val=274886623369 (0x4000850089).  errno=29
: Illegal seek
forrtl: severe (174): SIGSEGV, segmentation fault occurred
Image              PC                Routine            Line        Source             
libc.so.6          00002AAAAC0FCD29  Unknown               Unknown  Unknown
libc.so.6          00002AAAAC107988  Unknown               Unknown  Unknown
librapl.so         00002AAAAAF21C90  Unknown               Unknown  Unknown
librapl.so         00002AAAAAF22F77  Unknown               Unknown  Unknown
librapl.so         00002AAAAAF22D61  Unknown               Unknown  Unknown
cg.D.256           00000000004099EC  Unknown               Unknown  Unknown
cg.D.256           0000000000404E90  Unknown               Unknown  Unknown
cg.D.256           0000000000404E2C  Unknown               Unknown  Unknown
libc.so.6          00002AAAAC0D7CDD  Unknown               Unknown  Unknown
cg.D.256           0000000000404D29  Unknown               Unknown  Unknown
msr_core.c::79  pread returned -1.  cpu=1, msr=416 (0x1a0), val=274886623369 (0x4000850089).
: Illegal seek
msr_core.c::79  pread returned -1.  cpu=1, msr=416 (0x1a0), val=274886623369 (0x4000850089).
: Illegal seek
forrtl: severe (174): SIGSEGV, segmentation fault occurred
Image              PC                Routine            Line        Source             
libc.so.6          00002AAAAC0FCD29  Unknown               Unknown  Unknown
libc.so.6          00002AAAAC107988  Unknown               Unknown  Unknown
librapl.so         00002AAAAAF21C90  Unknown               Unknown  Unknown
librapl.so         00002AAAAAF22F77  Unknown               Unknown  Unknown
librapl.so         00002AAAAAF22D61  Unknown               Unknown  Unknown
cg.D.256           00000000004099EC  Unknown               Unknown  Unknown
cg.D.256           0000000000404E90  Unknown               Unknown  Unknown
cg.D.256           0000000000404E2C  Unknown               Unknown  Unknown
libc.so.6          00002AAAAC0D7CDD  Unknown               Unknown  Unknown
cg.D.256           0000000000404D29  Unknown               Unknown  Unknown
forrtl: severe (174): SIGSEGV, segmentation fault occurred
Image              PC                Routine            Line        Source             
libc.so.6          00002AAAAC0FCD29  Unknown               Unknown  Unknown
libc.so.6          00002AAAAC107988  Unknown               Unknown  Unknown
librapl.so         00002AAAAAF21C90  Unknown               Unknown  Unknown
librapl.so         00002AAAAAF22F77  Unknown               Unknown  Unknown
librapl.so         00002AAAAAF22D61  Unknown               Unknown  Unknown
cg.D.256           00000000004099EC  Unknown               Unknown  Unknown
cg.D.256           0000000000404E90  Unknown               Unknown  Unknown
cg.D.256           0000000000404E2C  Unknown               Unknown  Unknown
libc.so.6          00002AAAAC0D7CDD  Unknown               Unknown  Unknown
cg.D.256           0000000000404D29  Unknown               Unknown  Unknown
forrtl: severe (174): SIGSEGV, segmentation fault occurred
Image              PC                Routine            Line        Source             
libc.so.6          00002AAAAC0FCD29  Unknown               Unknown  Unknown
libc.so.6          00002AAAAC107988  Unknown               Unknown  Unknown
librapl.so         00002AAAAAF21C90  Unknown               Unknown  Unknown
librapl.so         00002AAAAAF22F77  Unknown               Unknown  Unknown
librapl.so         00002AAAAAF22D61  Unknown               Unknown  Unknown
cg.D.256           00000000004099EC  Unknown               Unknown  Unknown
cg.D.256           0000000000404E90  Unknown               Unknown  Unknown
cg.D.256           0000000000404E2C  Unknown               Unknown  Unknown
libc.so.6          00002AAAAC0D7CDD  Unknown               Unknown  Unknown
cg.D.256           0000000000404D29  Unknown               Unknown  Unknown
msr_core.c::67  pwrite returned -1.  fd[1]=0, cpu=1, msr=416 (1a0), val=274886623369 (0x4000850089).  errno=29
: Illegal seek
msr_core.c::67  pwrite returned -1.  fd[1]=0, cpu=1, msr=416 (1a0), val=274886623369 (0x4000850089).  errno=29
: Illegal seek
forrtl: severe (174): SIGSEGV, segmentation fault occurred
Image              PC                Routine            Line        Source             
libc.so.6          00002AAAAC0FCD29  Unknown               Unknown  Unknown
libc.so.6          00002AAAAC107988  Unknown               Unknown  Unknown
librapl.so         00002AAAAAF21C90  Unknown               Unknown  Unknown
librapl.so         00002AAAAAF22F77  Unknown               Unknown  Unknown
librapl.so         00002AAAAAF22D61  Unknown               Unknown  Unknown
cg.D.256           00000000004099EC  Unknown               Unknown  Unknown
cg.D.256           0000000000404E90  Unknown               Unknown  Unknown
cg.D.256           0000000000404E2C  Unknown               Unknown  Unknown
libc.so.6          00002AAAAC0D7CDD  Unknown               Unknown  Unknown
cg.D.256           0000000000404D29  Unknown               Unknown  Unknown
forrtl: severe (174): SIGSEGV, segmentation fault occurred
Image              PC                Routine            Line        Source             
libc.so.6          00002AAAAC0FCD29  Unknown               Unknown  Unknown
libc.so.6          00002AAAAC107988  Unknown               Unknown  Unknown
librapl.so         00002AAAAAF21C90  Unknown               Unknown  Unknown
librapl.so         00002AAAAAF22F77  Unknown               Unknown  Unknown
librapl.so         00002AAAAAF22D61  Unknown               Unknown  Unknown
cg.D.256           00000000004099EC  Unknown               Unknown  Unknown
cg.D.256           0000000000404E90  Unknown               Unknown  Unknown
cg.D.256           0000000000404E2C  Unknown               Unknown  Unknown
libc.so.6          00002AAAAC0D7CDD  Unknown               Unknown  Unknown
cg.D.256           0000000000404D29  Unknown               Unknown  Unknown
blr_util.c::21  Error opening rzmerl111_rapl_/g/g24/rountree/local/src/power/bmark/NAS/bin/cg.D.256_0064__DhZfEn for reading.
msr_core.c::79  pread returned -1.  cpu=1, msr=416 (0x1a0), val=274886623369 (0x4000850089).
: Illegal seek
blr_util.c::21  Error opening rzmerl114_rapl_/g/g24/rountree/local/src/power/bmark/NAS/bin/cg.D.256_0112__ZIEeLj for reading.
msr_core.c::67  pwrite returned -1.  fd[1]=0, cpu=1, msr=416 (1a0), val=274886623369 (0x4000850089).  errno=29
: Illegal seek
msr_core.c::79  pread returned -1.  cpu=1, msr=416 (0x1a0), val=274886623369 (0x4000850089).
: Illegal seek
forrtl: severe (174): SIGSEGV, segmentation fault occurred
Image              PC                Routine            Line        Source             
libc.so.6          00002AAAAC0FCD29  Unknown               Unknown  Unknown
libc.so.6          00002AAAAC107988  Unknown               Unknown  Unknown
librapl.so         00002AAAAAF21C90  Unknown               Unknown  Unknown
librapl.so         00002AAAAAF22F77  Unknown               Unknown  Unknown
librapl.so         00002AAAAAF22D61  Unknown               Unknown  Unknown
cg.D.256           00000000004099EC  Unknown               Unknown  Unknown
cg.D.256           0000000000404E90  Unknown               Unknown  Unknown
cg.D.256           0000000000404E2C  Unknown               Unknown  Unknown
libc.so.6          00002AAAAC0D7CDD  Unknown               Unknown  Unknown
cg.D.256           0000000000404D29  Unknown               Unknown  Unknown
msr_core.c::67  pwrite returned -1.  fd[1]=0, cpu=1, msr=416 (1a0), val=274886623369 (0x4000850089).  errno=29
: Illegal seek
forrtl: severe (174): SIGSEGV, segmentation fault occurred
Image              PC                Routine            Line        Source             
libc.so.6          00002AAAAC0FCD29  Unknown               Unknown  Unknown
libc.so.6          00002AAAAC107988  Unknown               Unknown  Unknown
librapl.so         00002AAAAAF21C90  Unknown               Unknown  Unknown
librapl.so         00002AAAAAF22F77  Unknown               Unknown  Unknown
librapl.so         00002AAAAAF22D61  Unknown               Unknown  Unknown
cg.D.256           00000000004099EC  Unknown               Unknown  Unknown
cg.D.256           0000000000404E90  Unknown               Unknown  Unknown
cg.D.256           0000000000404E2C  Unknown               Unknown  Unknown
libc.so.6          00002AAAAC0D7CDD  Unknown               Unknown  Unknown
cg.D.256           0000000000404D29  Unknown               Unknown  Unknown
slurmd[rzmerl109]: *** STEP 5555.11 KILLED AT 2012-04-12T18:09:33 WITH SIGNAL 9 ***
slurmd[rzmerl112]: *** STEP 5555.11 KILLED AT 2012-04-12T18:09:33 WITH SIGNAL 9 ***
slurmd[rzmerl151]: *** STEP 5555.11 KILLED AT 2012-04-12T18:09:33 WITH SIGNAL 9 ***
slurmd[rzmerl118]: *** STEP 5555.11 KILLED AT 2012-04-12T18:09:33 WITH SIGNAL 9 ***
slurmd[rzmerl114]: *** STEP 5555.11 KILLED AT 2012-04-12T18:09:33 WITH SIGNAL 9 ***
slurmd[rzmerl115]: *** STEP 5555.11 KILLED AT 2012-04-12T18:09:33 WITH SIGNAL 9 ***
slurmd[rzmerl108]: *** STEP 5555.11 KILLED AT 2012-04-12T18:09:33 WITH SIGNAL 9 ***
slurmd[rzmerl110]: *** STEP 5555.11 KILLED AT 2012-04-12T18:09:33 WITH SIGNAL 9 ***
slurmd[rzmerl117]: *** STEP 5555.11 KILLED AT 2012-04-12T18:09:33 WITH SIGNAL 9 ***
slurmd[rzmerl152]: *** STEP 5555.11 KILLED AT 2012-04-12T18:09:33 WITH SIGNAL 9 ***
slurmd[rzmerl111]: *** STEP 5555.11 KILLED AT 2012-04-12T18:09:33 WITH SIGNAL 9 ***
slurmd[rzmerl153]: *** STEP 5555.11 KILLED AT 2012-04-12T18:09:33 WITH SIGNAL 9 ***
slurmd[rzmerl113]: *** STEP 5555.11 KILLED AT 2012-04-12T18:09:33 WITH SIGNAL 9 ***
slurmd[rzmerl111]: *** STEP 5555.11 KILLED AT 2012-04-12T18:09:33 WITH SIGNAL 9 ***
slurmd[rzmerl153]: *** STEP 5555.11 KILLED AT 2012-04-12T18:09:33 WITH SIGNAL 9 ***
slurmd[rzmerl115]: *** STEP 5555.11 KILLED AT 2012-04-12T18:09:33 WITH SIGNAL 9 ***
slurmd[rzmerl152]: *** STEP 5555.11 KILLED AT 2012-04-12T18:09:33 WITH SIGNAL 9 ***
slurmd[rzmerl109]: *** STEP 5555.11 KILLED AT 2012-04-12T18:09:33 WITH SIGNAL 9 ***
slurmd[rzmerl112]: *** STEP 5555.11 KILLED AT 2012-04-12T18:09:33 WITH SIGNAL 9 ***
slurmd[rzmerl116]: *** STEP 5555.11 KILLED AT 2012-04-12T18:09:33 WITH SIGNAL 9 ***
slurmd[rzmerl110]: *** STEP 5555.11 KILLED AT 2012-04-12T18:09:33 WITH SIGNAL 9 ***
slurmd[rzmerl116]: *** STEP 5555.11 KILLED AT 2012-04-12T18:09:33 WITH SIGNAL 9 ***
slurmd[rzmerl117]: *** STEP 5555.11 KILLED AT 2012-04-12T18:09:33 WITH SIGNAL 9 ***
slurmd[rzmerl151]: *** STEP 5555.11 KILLED AT 2012-04-12T18:09:33 WITH SIGNAL 9 ***
slurmd[rzmerl118]: *** STEP 5555.11 KILLED AT 2012-04-12T18:09:33 WITH SIGNAL 9 ***
slurmd[rzmerl114]: *** STEP 5555.11 KILLED AT 2012-04-12T18:09:33 WITH SIGNAL 9 ***
slurmd[rzmerl108]: *** STEP 5555.11 KILLED AT 2012-04-12T18:09:33 WITH SIGNAL 9 ***
slurmd[rzmerl113]: *** STEP 5555.11 KILLED AT 2012-04-12T18:09:33 WITH SIGNAL 9 ***
slurmd[rzmerl107]: *** STEP 5555.11 KILLED AT 2012-04-12T18:09:33 WITH SIGNAL 9 ***
slurmd[rzmerl154]: *** STEP 5555.11 KILLED AT 2012-04-12T18:09:33 WITH SIGNAL 9 ***
slurmd[rzmerl154]: *** STEP 5555.11 KILLED AT 2012-04-12T18:09:33 WITH SIGNAL 9 ***
slurmd[rzmerl107]: *** STEP 5555.11 KILLED AT 2012-04-12T18:09:33 WITH SIGNAL 9 ***
