freq nodes cores pkg-clamp-0 pkg-clamp-1 dram-clamp-0 dram-clamp-1 avg-time avg-pkg-0 avg-pp0-0 avg-dram-0 avg-pkg-1 avg-pp0-1 avg-dram-1 tot-pkg-0 tot-pp0-0 tot-dram-0 tot-pkg-1 tot-pp0-1 tot-dram-1
 2600.000 16 64 65.000000 65.000000 0.000000 0.000000 47.9853584375 36.9609289375 23.0178925 8.385918375 36.4086568125 22.460954625 8.712662875 591.374863 368.28628 134.174694 582.538509 359.375274 139.402606 
 2600.000 32 128 51.000000 51.000000 0.000000 0.000000 47.8572353125 36.9008784375 22.9646075 8.33539775 36.4252115625 22.4772365 8.8220738125 590.414055 367.43372 133.366364 582.803385 359.635784 141.153181 
 2600.000 32 256 65.000000 65.000000 0.000000 0.000000 49.13861325 64.6011375625 49.0023130625 15.1231701875 64.591845875 49.0174651875 15.1551245625 1033.618201 784.037009 241.970723 1033.469534 784.279443 242.481993 
 2600.000 32 512 95.000000 95.000000 0.000000 0.000000 59.7791983125 74.6399645625 58.8030288125 15.4623275625 73.70023025 57.9349784375 15.599709625 1194.239433 940.848461 247.397241 1179.203684 926.959655 249.595354 
 2600.000 32 128 80.000000 80.000000 0.000000 0.000000 19.1922373828125 71.89029228125 57.172391078125 10.4520920546875 71.393206390625 56.6135537734375 10.8275860859375 9201.957412 7318.066058 1337.867783 9138.330418 7246.534883 1385.931019 
 2600.000 16 128 95.000000 95.000000 0.000000 0.000000 147.36298525 37.2304025 23.17998225 9.040448 36.403074 22.41619325 8.976805 148.92161 92.719929 36.161792 145.612296 89.664773 35.90722 
 2600.000 32 256 80.000000 80.000000 0.000000 0.000000 19.2431871484375 71.877645484375 57.161551484375 10.4462761328125 71.3955851328125 56.620410015625 10.8127590546875 9200.338622 7316.67859 1337.123345 9138.634897 7247.412482 1384.033159 
 2600.000 16 256 95.000000 95.000000 0.000000 0.000000 47.81583 37.0280616875 23.08097775 8.315167125 36.4548015625 22.498111 8.7613081875 592.448987 369.295644 133.042674 583.276825 359.969776 140.180931 
 2600.000 32 512 51.000000 51.000000 0.000000 0.000000 25.42651440625 36.3874354375 22.52794175 8.11487740625 36.10623925 22.1945445625 8.3489926875 1164.397934 720.894136 259.676077 1155.399656 710.225426 267.167766 
 2600.000 32 128 80.000000 80.000000 0.000000 0.000000 64.58104925 49.48194525 34.7755115 11.7275575 48.89788675 34.188851875 11.794214875 395.855562 278.204092 93.82046 391.183094 273.510815 94.353719 
 2600.000 16 64 51.000000 51.000000 0.000000 0.000000 58.49815725 36.87788975 22.849066 9.055805 36.493632375 22.50991675 9.08879925 295.023118 182.792528 72.44644 291.949059 180.079334 72.710394 
 2600.000 32 256 51.000000 51.000000 0.000000 0.000000 43.888631875 50.73270659375 35.61737546875 13.30129659375 50.7316081875 35.605970125 13.39751828125 1623.446611 1139.756015 425.641491 1623.411462 1139.391044 428.720585 
 2600.000 32 512 65.000000 65.000000 0.000000 0.000000 23.974670859375 47.768578671875 33.620227796875 9.05037634375 47.44872846875 33.21045459375 9.435730734375 3057.189035 2151.694579 579.224086 3036.718622 2125.469094 603.886767 
 2600.000 16 128 95.000000 95.000000 0.000000 0.000000 148.1878505 37.2462685 23.22471 7.754017 36.62713175 22.673651 8.194742 148.985074 92.89884 31.016068 146.508527 90.694604 32.778968 
 2600.000 32 128 95.000000 95.000000 0.000000 0.000000 29.289826765625 72.322935125 57.36469 11.9627585 71.616917390625 56.617458609375 12.30809246875 4628.667848 3671.34016 765.616544 4583.482713 3623.517351 787.717918 
 2600.000 16 256 95.000000 95.000000 0.000000 0.000000 28.09293990625 73.1218964375 57.60378515625 14.2726263125 72.6498453125 57.150249875 14.47243571875 2339.900686 1843.321125 456.724042 2324.79505 1828.807996 463.117943 
 2600.000 32 256 65.000000 65.000000 0.000000 0.000000 47.8421314375 36.9433228125 23.0007293125 8.3480973125 36.43944925 22.4957973125 8.7157585 591.093165 368.011669 133.569557 583.031188 359.932757 139.452136 
 2600.000 16 64 65.000000 65.000000 0.000000 0.000000 29.87280090625 64.50973228125 49.14285259375 13.8530864375 64.50049584375 49.1436895625 14.0055434375 2064.311433 1572.571283 443.298766 2064.015867 1572.598066 448.17739 
 2600.000 32 512 65.000000 65.000000 0.000000 0.000000 47.8875774375 36.9457493125 23.0082805625 8.3628820625 36.41898475 22.4829326875 8.73546475 591.131989 368.132489 133.806113 582.703756 359.726923 139.767436 
 2600.000 32 128 95.000000 95.000000 0.000000 0.000000 29.58032171875 72.301576859375 57.360296 11.898766609375 71.59657428125 56.614749515625 12.2353075 4627.300919 3671.058944 761.521063 4582.180754 3623.343969 783.05968 
 2600.000 32 256 95.000000 95.000000 0.000000 0.000000 19.31842534375 71.9309488359375 57.2247164453125 10.41035621875 71.4466451953125 56.6786271640625 10.773569 9207.161451 7324.763705 1332.525596 9145.170585 7254.864277 1379.016832 
 2600.000 16 128 80.000000 80.000000 0.000000 0.000000 59.2271830625 74.6916938125 58.82571875 15.564037375 73.7200160625 57.9320248125 15.6827020625 1195.067101 941.2115 249.024598 1179.520257 926.912397 250.923233 
 2600.000 32 512 65.000000 65.000000 0.000000 0.000000 38.88084946875 64.573427375 49.19670615625 14.0701401875 64.56713809375 49.18447184375 14.193070125 2066.349676 1574.294597 450.244486 2066.148419 1573.903099 454.178244 
 2600.000 16 256 65.000000 65.000000 0.000000 0.000000 147.74580775 37.21628975 23.167739 9.0374945 36.341159 22.35301075 8.93643825 148.865159 92.670956 36.149978 145.364636 89.412043 35.745753 
 2600.000 32 128 95.000000 95.000000 0.000000 0.000000 23.628694609375 47.870798953125 33.708388625 9.087453859375 47.529901625 33.275792125 9.509064484375 3063.731133 2157.336872 581.597047 3041.913704 2129.650696 608.580127 
 2600.000 16 64 80.000000 80.000000 0.000000 0.000000 47.942869125 36.9975381875 23.0519751875 8.357695375 36.464170625 22.514782125 8.7750150625 591.960611 368.831603 133.723126 583.42673 360.236514 140.400241 
 2600.000 32 256 80.000000 80.000000 0.000000 0.000000 23.837205796875 47.8307435625 33.674735765625 9.08432759375 47.501085078125 33.25562103125 9.452550515625 3061.167588 2155.183089 581.396966 3040.069445 2128.359746 604.963233 
 2600.000 32 512 65.000000 65.000000 0.000000 0.000000 30.950097390625 64.490397390625 49.64107059375 11.626077359375 64.48470528125 49.59143865625 11.926855828125 4127.385433 3177.028518 744.068951 4127.021138 3173.852074 763.318773 
 2600.000 32 128 65.000000 65.000000 0.000000 0.000000 63.974724375 64.6222490625 48.9710088125 14.8045185625 64.612268125 49.02493975 14.959351375 1033.955985 783.536141 236.872297 1033.79629 784.399036 239.349622 
 2600.000 16 128 51.000000 51.000000 0.000000 0.000000 23.466011765625 50.5582068203125 36.1369945546875 9.606625234375 50.5570411015625 36.07759415625 10.0288295703125 6471.450473 4625.535303 1229.64803 6471.301261 4617.932052 1283.690185 
 2600.000 32 256 95.000000 95.000000 0.000000 0.000000 147.09137225 37.2531095 23.20168325 9.058183 36.401641 22.41048475 9.001509 149.012438 92.806733 36.232732 145.606564 89.641939 36.006036 
 2600.000 16 256 95.000000 95.000000 0.000000 0.000000 84.426457625 49.609542 34.885684875 11.807498875 48.982049125 34.261953375 11.733681875 396.876336 279.085479 94.459991 391.856393 274.095627 93.869455 
 2600.000 32 512 51.000000 51.000000 0.000000 0.000000 25.48192546875 36.50369 22.62395646875 7.991640125 36.12713684375 22.21186884375 8.3548678125 1168.11808 723.966607 255.732484 1156.068379 710.779803 267.35577 
 2600.000 32 128 51.000000 51.000000 0.000000 0.000000 25.23890475 36.564532875 22.67888421875 8.033348875 36.15070228125 22.22396421875 8.3856603125 1170.065052 725.724295 257.067164 1156.822473 711.166855 268.34113 
 2600.000 16 64 51.000000 51.000000 0.000000 0.000000 30.2620511875 48.648995 34.150307375 10.7913928125 48.291455125 33.73449509375 10.994567875 1556.76784 1092.809836 345.32457 1545.326564 1079.503843 351.826172 
 2600.000 32 256 95.000000 95.000000 0.000000 0.000000 19.2065431015625 71.976120078125 57.2580118125 10.4540141640625 71.469753015625 56.6918732890625 10.81893478125 9212.94337 7329.025512 1338.113813 9148.128386 7256.559781 1384.823652 
 2600.000 32 512 65.000000 65.000000 0.000000 0.000000 20.37760615625 64.3441014296875 49.7314745546875 10.16579528125 64.337614359375 49.6573806171875 10.578005078125 8236.044983 6365.628743 1301.221796 8235.214638 6356.144719 1353.98465 
 2600.000 16 128 95.000000 95.000000 0.000000 0.000000 59.53993425 74.70145525 58.8507034375 15.5080593125 73.7192108125 57.943642875 15.6444195625 1195.223284 941.611255 248.128949 1179.507373 927.098286 250.310713 
 2600.000 32 128 65.000000 65.000000 0.000000 0.000000 58.4398805 36.915457 22.883707625 8.987389625 36.528361 22.54123225 9.17667725 295.323656 183.069661 71.899117 292.226888 180.329858 73.413418 
 2600.000 16 256 65.000000 65.000000 0.000000 0.000000 48.7331785 64.6001265625 48.983598125 15.2008871875 64.5910379375 48.9976235 15.22396675 1033.602025 783.73757 243.214195 1033.456607 783.961976 243.583468 
 2600.000 32 256 51.000000 51.000000 0.000000 0.000000 111.69940025 37.29566125 23.27140425 7.797002 36.6244625 22.661511 8.196453 149.182645 93.085617 31.188008 146.49785 90.646044 32.785812 
 2600.000 16 64 51.000000 51.000000 0.000000 0.000000 54.7114019375 50.779037 35.4340045 14.3084358125 50.7746708125 35.4505779375 14.317334125 812.464592 566.944072 228.934973 812.394733 567.209247 229.077346 
 2600.000 32 512 65.000000 65.000000 0.000000 0.000000 40.0550725 48.9393238125 34.371076625 11.199324 48.7179825 34.1298803125 11.4482629375 783.029181 549.937226 179.189184 779.48772 546.078085 183.172207 
 2600.000 32 128 95.000000 95.000000 0.000000 0.000000 48.0859635 37.0087680625 23.065005125 8.3648738125 36.463615875 22.5184558125 8.7408045 592.140289 369.040082 133.837981 583.417854 360.295293 139.852872 
 2600.000 16 128 51.000000 51.000000 0.000000 0.000000 47.997633125 36.9232096875 22.98896375 8.3147945 36.4046408125 22.4650031875 8.704423375 590.771355 367.82342 133.036712 582.474253 359.440051 139.270774 
 2600.000 32 256 65.000000 65.000000 0.000000 0.000000 25.25075234375 36.59000375 22.7007974375 8.1062176875 36.17428809375 22.24645275 8.409846875 1170.88012 726.425518 259.398966 1157.577219 711.886488 269.1151 
 2600.000 32 512 65.000000 65.000000 0.000000 0.000000 20.7641486875 64.3529306640625 49.7661976328125 10.0645816640625 64.3464665 49.6941811015625 10.437469953125 8237.175125 6370.073297 1288.266453 8236.347712 6360.855181 1335.996154 
 2600.000 16 256 80.000000 80.000000 0.000000 0.000000 36.8100059375 73.63995934375 58.12841965625 14.43404596875 73.04912746875 57.5396295 14.579743375 2356.478699 1860.109429 461.889471 2337.572079 1841.268144 466.551788 
 2600.000 32 128 65.000000 65.000000 0.000000 0.000000 147.203212 37.2266105 23.173105 9.09209025 36.378822 22.38931525 8.9878105 148.906442 92.69242 36.368361 145.515288 89.557261 35.951242 
 2600.000 16 64 95.000000 95.000000 0.000000 0.000000 23.850221515625 47.8352825625 33.6818721875 9.055503109375 47.49652346875 33.252347296875 9.443803 3061.458084 2155.63982 579.552199 3039.777502 2128.150227 604.403392 
 2600.000 32 256 95.000000 95.000000 0.000000 0.000000 36.8141894375 73.64142125 58.13214684375 14.41356675 73.07679396875 57.56533365625 14.5733935625 2356.52548 1860.228699 461.234136 2338.457407 1842.090677 466.348594 
 2600.000 32 512 65.000000 65.000000 0.000000 0.000000 40.0572773125 48.920792125 34.3504125625 11.187016875 48.727076625 34.1418266875 11.445214875 782.732674 549.606601 178.99227 779.633226 546.269227 183.123438 
 2600.000 32 128 80.000000 80.000000 0.000000 0.000000 52.600888875 49.2175409375 34.6427745625 11.2527013125 48.8960896875 34.29402375 11.5678775 787.480655 554.284393 180.043221 782.337435 548.70438 185.08604 
 2600.000 16 128 51.000000 51.000000 0.000000 0.000000 24.253688609375 47.645529765625 33.514950421875 9.004138796875 47.38384378125 33.161229875 9.34865590625 3049.313905 2144.956827 576.264883 3032.566002 2122.318712 598.313978 
 2600.000 32 256 51.000000 51.000000 0.000000 0.000000 85.331672125 49.273645875 34.54847525 11.574233625 48.890079125 34.191741 11.557365125 394.189167 276.387802 92.593869 391.120633 273.533928 92.458921 
 2600.000 16 256 51.000000 51.000000 0.000000 0.000000 77.77771975 36.86160725 22.853980875 8.50780825 36.66870675 22.704506375 8.8363745 294.892858 182.831847 68.062466 293.349654 181.636051 70.690996 
 2600.000 32 512 51.000000 51.000000 0.000000 0.000000 77.704822375 36.912559875 22.90106525 8.478206 36.662842875 22.69496725 8.773842875 295.300479 183.208522 67.825648 293.302743 181.559738 70.190743 
 2600.000 16 64 65.000000 65.000000 0.000000 0.000000 23.88824978125 47.789903953125 33.6365839375 9.068941421875 47.44035471875 33.196918515625 9.463611296875 3058.553853 2152.741372 580.412251 3036.182702 2124.602785 605.671123 
 2600.000 32 128 80.000000 80.000000 0.000000 0.000000 52.7959154375 49.2012670625 34.6337149375 11.248238625 48.9053719375 34.305782625 11.5579861875 787.220273 554.139439 179.971818 782.485951 548.892522 184.927779 
 2600.000 32 256 65.000000 65.000000 0.000000 0.000000 29.9302395625 64.5054085 49.13995246875 13.8414805 64.49856696875 49.14494484375 13.9936245625 2064.173072 1572.478479 442.927376 2063.954143 1572.638235 447.795986 
 2600.000 16 128 65.000000 65.000000 0.000000 0.000000 63.9301891875 64.6225455 48.96853225 14.8162968125 64.612227375 49.024209375 14.946965875 1033.960728 783.496516 237.060749 1033.795638 784.38735 239.151454 
 2600.000 32 512 65.000000 65.000000 0.000000 0.000000 147.22564425 37.29114475 23.2434135 9.0736855 36.3587875 22.372239 8.95425775 149.164579 92.973654 36.294742 145.43515 89.488956 35.817031 
 2600.000 32 128 95.000000 95.000000 0.000000 0.000000 84.431493625 49.58526825 34.863908625 11.742631625 48.98431325 34.262406 11.75754125 396.682146 278.911269 93.941053 391.874506 274.099248 94.06033 
 2600.000 16 256 95.000000 95.000000 0.000000 0.000000 77.645040625 36.96726525 22.940709 8.503900875 36.655364125 22.686577875 8.7862735 295.738122 183.525672 68.031207 293.242913 181.492623 70.290188 
 2600.000 32 256 65.000000 65.000000 0.000000 0.000000 77.29456825 36.974621375 22.9532915 8.486314875 36.677082 22.709604875 8.77177 295.796971 183.626332 67.890519 293.416656 181.676839 70.17416 
 2600.000 16 64 95.000000 95.000000 0.000000 0.000000 25.27817353125 36.612135625 22.71885284375 8.1327240625 36.169258375 22.23736171875 8.41924346875 1171.58834 727.003291 260.24717 1157.416268 711.595575 269.415791 
 2600.000 32 512 65.000000 65.000000 0.000000 0.000000 77.548375625 36.97889425 22.962337 8.473431375 36.660702 22.693224125 8.744237 295.831154 183.698696 67.787451 293.285616 181.545793 69.953896 
 2600.000 32 128 51.000000 51.000000 0.000000 0.000000 52.740578375 49.1825085 34.614644 11.22876975 48.866050375 34.27039575 11.517032375 786.920136 553.834304 179.660316 781.856806 548.326332 184.272518 
 2600.000 16 128 51.000000 51.000000 0.000000 0.000000 43.160315875 50.74702575 35.59969328125 13.43174128125 50.74553834375 35.58951696875 13.53699390625 1623.904824 1139.190185 429.815721 1623.857227 1138.864543 433.183805 
 2600.000 32 256 95.000000 95.000000 0.000000 0.000000 23.912247015625 47.83741396875 33.685065671875 9.051037859375 47.5022130625 33.259668515625 9.450318109375 3061.594494 2155.844203 579.266423 3040.141636 2128.618785 604.820359 
 2600.000 32 512 65.000000 65.000000 0.000000 0.000000 111.76440275 37.273412 23.249453 7.940284 36.605907 22.6468465 8.18018275 149.093648 92.997812 31.761136 146.423628 90.587386 32.720731 
 2600.000 16 256 80.000000 80.000000 0.000000 0.000000 83.915198625 49.319582 34.569458875 11.700760125 48.835149125 34.111486 11.684321875 394.556656 276.555671 93.606081 390.681193 272.891888 93.474575 
 2600.000 32 128 95.000000 95.000000 0.000000 0.000000 52.412932375 49.2545589375 34.6708024375 11.2847035 48.9436074375 34.3341514375 11.6149753125 788.072943 554.732839 180.555256 783.097719 549.346423 185.839605 
 2600.000 16 64 95.000000 95.000000 0.000000 0.000000 148.1678895 37.2449765 23.22069575 7.82565925 36.68291225 22.72696325 8.204675 148.979906 92.882783 31.302637 146.731649 90.907853 32.8187 
 2600.000 32 256 80.000000 80.000000 0.000000 0.000000 147.7285525 37.308119 23.259585 9.03849425 36.39592275 22.407955 8.98831425 149.232476 93.03834 36.153977 145.583691 89.63182 35.953257 
 2600.000 32 512 51.000000 51.000000 0.000000 0.000000 33.0061403125 50.7043061875 35.55650371875 13.236762 50.702982125 35.56023928125 13.41446796875 1622.537798 1137.808119 423.576384 1622.495428 1137.927657 429.262975 
 2600.000 16 128 95.000000 95.000000 0.000000 0.000000 58.46863175 37.010841125 22.979899625 8.93776125 36.552111125 22.569101125 9.05466525 296.086729 183.839197 71.50209 292.416889 180.552809 72.437322 
 2600.000 16 256 95.000000 95.000000 0.000000 0.000000 148.12131475 37.31498425 23.2898105 7.73752375 36.62855625 22.6749095 8.225465 149.259937 93.159242 30.950095 146.514225 90.699638 32.90186 
 2600.000 16 64 95.000000 95.000000 0.000000 0.000000 77.54808875 37.0085835 22.97983325 8.45111925 36.697403625 22.725776 8.755639125 296.068668 183.838666 67.608954 293.579229 181.806208 70.045113 
 2600.000 16 128 80.000000 80.000000 0.000000 0.000000 28.05604096875 73.11206140625 57.58941578125 14.28867690625 72.61900503125 57.11916703125 14.4695596875 2339.585965 1842.861305 457.237661 2323.808161 1827.813345 463.02591 
 2600.000 16 256 80.000000 80.000000 0.000000 0.000000 77.30514575 37.003216625 22.983113875 8.42295525 36.6655465 22.687147125 8.783852 296.025733 183.864911 67.383642 293.324372 181.497177 70.270816 
 2600.000 16 64 51.000000 51.000000 0.000000 0.000000 111.71318925 37.133969 23.1215245 7.69452875 36.5998515 22.646593 8.19947775 148.535876 92.486098 30.778115 146.399406 90.586372 32.797911 
 2600.000 16 128 95.000000 95.000000 0.000000 0.000000 77.369596 37.025139 22.998232 8.453591125 36.67253 22.696269 8.79436325 296.201112 183.985856 67.628729 293.38024 181.570152 70.354906 
 2600.000 16 256 65.000000 65.000000 0.000000 0.000000 52.6135114375 49.2090288125 34.63559125 11.227062 48.9015936875 34.298863125 11.5699835625 787.344461 554.16946 179.632992 782.425499 548.78181 185.119737 
 2600.000 16 64 80.000000 80.000000 0.000000 0.000000 111.7934375 37.237384 23.2096325 7.72055225 36.622239 22.6635085 8.1920995 148.949536 92.83853 30.882209 146.488956 90.654034 32.768398 
 2600.000 16 64 80.000000 80.000000 0.000000 0.000000 29.34052671875 72.251690296875 57.2974421875 11.955800109375 71.5652928125 56.5705529375 12.291193390625 4624.108179 3667.0363 765.171207 4580.17874 3620.515388 786.636377 
 2600.000 16 128 80.000000 80.000000 0.000000 0.000000 146.950728 37.280175 23.22772 9.052721 36.415916 22.42032425 9.21833525 149.1207 92.91088 36.210884 145.663664 89.681297 36.873341 
 2600.000 16 256 95.000000 95.000000 0.000000 0.000000 59.5415189375 75.298819125 59.472837 15.88586925 74.227491125 58.434489 15.8963731875 1204.781106 951.565392 254.173908 1187.639858 934.951824 254.341971 
 2600.000 16 128 65.000000 65.000000 0.000000 0.000000 64.4547575 49.466287625 34.757429375 11.72839625 48.914060625 34.2031965 11.729662625 395.730301 278.059435 93.82717 391.312485 273.625572 93.837301 
 2600.000 16 64 95.000000 95.000000 0.000000 0.000000 48.1292204375 36.9709763125 23.02228975 8.447947875 36.46979475 22.526304 8.734719 591.535621 368.356636 135.167166 583.516716 360.420864 139.755504 
 2600.000 16 256 65.000000 65.000000 0.000000 0.000000 58.45487475 36.900906 22.86457725 9.058721375 36.526200875 22.541337125 9.081522375 295.207248 182.916618 72.469771 292.209607 180.330697 72.652179 
 2600.000 16 64 95.000000 95.000000 0.000000 0.000000 30.188151125 48.7599041875 34.2585875625 10.7713951875 48.39230365625 33.8318789375 10.98099553125 1560.316934 1096.274802 344.684646 1548.553717 1082.620126 351.391857 
 2600.000 16 128 95.000000 95.000000 0.000000 0.000000 58.299167625 36.992891125 22.95589725 9.000153125 36.576822875 22.59075475 9.142684375 295.943129 183.647178 72.001225 292.614583 180.726038 73.141475 
 2600.000 16 256 65.000000 65.000000 0.000000 0.000000 52.531137375 49.2018801875 34.626207625 11.2567814375 48.9012379375 34.2994330625 11.5082801875 787.230083 554.019322 180.108503 782.419807 548.790929 184.132483 
 2600.000 16 128 95.000000 95.000000 0.000000 0.000000 30.2148060625 48.772231375 34.27043046875 10.762320125 48.399615125 33.84005184375 10.95372959375 1560.711404 1096.653775 344.394244 1548.787684 1082.881659 350.519347 
 2600.000 16 64 80.000000 80.000000 0.000000 0.000000 48.131640625 36.9647140625 23.0260433125 8.3579830625 36.4264815 22.4848598125 8.772970875 591.435425 368.416693 133.727729 582.823704 359.757757 140.367534 
 2600.000 16 256 95.000000 95.000000 0.000000 0.000000 36.61814296875 73.70768128125 58.1811201875 14.471292125 73.1251500625 57.60248690625 14.60345871875 2358.645801 1861.795846 463.081348 2340.004802 1843.279581 467.310679 
 2600.000 16 64 65.000000 65.000000 0.000000 0.000000 52.6728065625 49.218189375 34.647284625 11.2364034375 48.9198469375 34.3198581875 11.52410525 787.49103 554.356554 179.782455 782.717551 549.117731 184.385684 
 2600.000 16 128 51.000000 51.000000 0.000000 0.000000 147.272247 37.09749725 23.069378 9.012207 36.33415625 22.35038575 8.91885525 148.389989 92.277512 36.048828 145.336625 89.401543 35.675421 
 2600.000 16 256 95.000000 95.000000 0.000000 0.000000 83.953176625 49.30435625 34.5587365 11.644252125 48.8282635 34.103136125 11.67060425 394.43485 276.469892 93.154017 390.626108 272.825089 93.364834 
 2600.000 16 128 65.000000 65.000000 0.000000 0.000000 25.18325421875 36.61894171875 22.7301969375 8.04761809375 36.1545273125 22.222619625 8.458722375 1171.806135 727.366302 257.523779 1156.944874 711.123828 270.679116 
 2600.000 16 64 51.000000 51.000000 0.000000 0.000000 77.690652125 36.91011375 22.898408625 8.443675375 36.6117235 22.644719875 8.754715625 295.28091 183.187269 67.549403 292.893788 181.157759 70.037725 
 2600.000 16 256 80.000000 80.000000 0.000000 0.000000 111.398913 37.35361025 23.31988125 7.99648575 36.6586645 22.700696 8.2131015 149.414441 93.279525 31.985943 146.634658 90.802784 32.852406 
 2600.000 16 64 80.000000 80.000000 0.000000 0.000000 45.47578825 75.089873125 59.2874583125 15.829072 74.061884375 58.2851788125 15.840215625 1201.43797 948.599333 253.265152 1184.99015 932.562861 253.44345 
 2600.000 16 128 95.000000 95.000000 0.000000 0.000000 47.839833125 37.030184 23.0828575 8.3978881875 36.4888525625 22.5367548125 8.7302445625 592.482944 369.32572 134.366211 583.821641 360.588077 139.683913 
 2600.000 16 256 80.000000 80.000000 0.000000 0.000000 48.2483241875 36.987143875 23.0423471875 8.3781875 36.4367038125 22.49454 8.6899049375 591.794302 368.677555 134.051 582.987261 359.91264 139.038479 
 2600.000 16 128 51.000000 51.000000 0.000000 0.000000 43.08337890625 50.73672121875 35.5873760625 13.4347595625 50.7356276875 35.57604 13.54917678125 1623.575079 1138.796034 429.912306 1623.540086 1138.43328 433.573657 
 2600.000 16 256 51.000000 51.000000 0.000000 0.000000 47.753329125 36.882774375 22.9480120625 8.369125 36.414366875 22.4703804375 8.7774306875 590.12439 367.168193 133.906 582.62987 359.526087 140.438891 
 2600.000 16 64 51.000000 51.000000 0.000000 0.000000 23.826139046875 47.7048536875 33.551208546875 9.085955546875 47.4037586875 33.158995453125 9.46406328125 3053.110636 2147.277347 581.501155 3033.840556 2122.175709 605.70005 
 2600.000 16 128 80.000000 80.000000 0.000000 0.000000 111.56718475 37.285407 23.257615 7.76550875 36.660247 22.69791225 8.21683975 149.141628 93.03046 31.062035 146.640988 90.791649 32.867359 
 2600.000 16 256 80.000000 80.000000 0.000000 0.000000 25.17870575 36.6176690625 22.7262615625 8.036252625 36.16053990625 22.22798925 8.4558673125 1171.76541 727.24037 257.160084 1157.137277 711.295656 270.587754 
 2600.000 16 64 80.000000 80.000000 0.000000 0.000000 52.6407046875 49.209767125 34.63628025 11.266853125 48.91074375 34.3077086875 11.567866625 787.356274 554.180484 180.26965 782.5719 548.923339 185.085866 
 2600.000 16 128 80.000000 80.000000 0.000000 0.000000 77.4991845 36.93216475 22.914591875 8.506584125 36.617766125 22.64910775 8.789814125 295.457318 183.316735 68.052673 292.942129 181.192862 70.318513 
 2600.000 16 256 80.000000 80.000000 0.000000 0.000000 23.723032125 47.83497553125 33.675960828125 9.069790875 47.503420140625 33.252131921875 9.487797453125 3061.438434 2155.261493 580.466616 3040.218889 2128.136443 607.219037 
 2600.000 16 64 80.000000 80.000000 0.000000 0.000000 83.98356975 49.276932875 34.531155625 11.669729375 48.846040375 34.11808475 11.704837125 394.215463 276.249245 93.357835 390.768323 272.944678 93.638697 
 2600.000 16 128 65.000000 65.000000 0.000000 0.000000 64.561362375 49.519151875 34.810432125 11.746247 48.890501125 34.187676875 11.720082125 396.153215 278.483457 93.969976 391.124009 273.501415 93.760657 
 2600.000 16 256 95.000000 95.000000 0.000000 0.000000 29.377347546875 72.306731796875 57.35502853125 11.935272578125 71.615875375 56.62295303125 12.2698981875 4627.630835 3670.721826 763.857445 4583.416024 3623.868994 785.273484 
 2600.000 16 64 51.000000 51.000000 0.000000 0.000000 64.71542425 49.542627125 34.8369595 11.644533125 48.86597875 34.162798375 11.665481 396.341017 278.695676 93.156265 390.92783 273.302387 93.323848 
 2600.000 16 128 95.000000 95.000000 0.000000 0.000000 30.25638003125 48.75422571875 34.255813625 10.7437899375 48.3771636875 33.8216513125 10.95772034375 1560.135223 1096.186036 343.801278 1548.069238 1082.292842 350.647051 
 2600.000 16 256 51.000000 51.000000 0.000000 0.000000 54.656534125 50.7740493125 35.425597 14.3207035625 50.7723195625 35.4447808125 14.3378768125 812.384789 566.809552 229.131257 812.357113 567.116493 229.406029 
 2600.000 16 64 65.000000 65.000000 0.000000 0.000000 48.664636125 64.5996488125 48.981340125 15.209176375 64.5901078125 48.9919876875 15.250399125 1033.594381 783.701442 243.346822 1033.441725 783.871803 244.006386 
 2600.000 16 128 95.000000 95.000000 0.000000 0.000000 83.9695105 49.285039375 34.532836375 11.730362625 48.844360125 34.122529875 11.695363625 394.280315 276.262691 93.842901 390.754881 272.980239 93.562909 
 2600.000 16 256 51.000000 51.000000 0.000000 0.000000 32.9436658125 50.7785573125 35.626989875 13.25284584375 50.77761375 35.6347465 13.41848475 1624.913834 1140.063676 424.091067 1624.88364 1140.311888 429.391512 
 2600.000 16 64 51.000000 51.000000 0.000000 0.000000 58.379125 36.869501625 22.834864375 9.182097875 36.448819875 22.465927 9.166835375 294.956013 182.678915 73.456783 291.590559 179.727416 73.334683 
 2600.000 16 128 80.000000 80.000000 0.000000 0.000000 45.939009875 75.0610384375 59.2795325625 15.7287214375 74.01900425 58.2641310625 15.7309298125 1200.976615 948.472521 251.659543 1184.304068 932.226097 251.694877 
 2600.000 16 256 95.000000 95.000000 0.000000 0.000000 40.0523276875 48.97353075 34.401098625 11.2185635 48.7821574375 34.1989645 11.4303243125 783.576492 550.417578 179.497016 780.514519 547.183432 182.885189 
 2600.000 16 64 51.000000 51.000000 0.000000 0.000000 84.68716225 49.25799025 34.520312375 11.63912725 48.825138 34.108547875 11.64690025 394.063922 276.162499 93.113018 390.601104 272.868383 93.175202 
 2600.000 16 128 51.000000 51.000000 0.000000 0.000000 111.62890825 37.30021525 23.274444 7.896024 36.637934 22.6762265 8.19012025 149.200861 93.097776 31.584096 146.551736 90.704906 32.760481 
 2600.000 16 256 95.000000 95.000000 0.000000 0.000000 59.73380575 75.2839340625 59.4647954375 15.864657125 74.200640875 58.413079625 15.8769775625 1204.542945 951.436727 253.834514 1187.210254 934.609274 254.031641 
 2600.000 32 128 65.000000 65.000000 0.000000 0.000000 58.346627375 36.87132875 22.829964375 9.101137625 36.537393625 22.54634875 9.1026945 294.97063 182.639715 72.809101 292.299149 180.37079 72.821556 
 2600.000 16 64 51.000000 51.000000 0.000000 0.000000 64.982043375 49.44806375 34.7497325 11.672888375 48.87585075 34.18151375 11.701114125 395.58451 277.99786 93.383107 391.006806 273.45211 93.608913 
 2600.000 32 256 51.000000 51.000000 0.000000 0.000000 33.11677996875 50.70746 35.563482625 13.21342034375 50.70684684375 35.5722694375 13.37966184375 1622.63872 1138.031444 422.829451 1622.619099 1138.312622 428.149179 
 2600.000 32 512 95.000000 95.000000 0.000000 0.000000 52.6914953125 49.2485530625 34.676498375 11.2347325 48.920379875 34.3212495 11.5537663125 787.976849 554.823974 179.75572 782.726078 549.139992 184.860261 
 2600.000 16 128 80.000000 80.000000 0.000000 0.000000 84.38828075 49.592988625 34.869071125 11.759395125 48.97262225 34.243313 11.882234375 396.743909 278.952569 94.075161 391.780978 273.946504 95.057875 
 2600.000 32 128 80.000000 80.000000 0.000000 0.000000 30.24749665625 48.7307941875 34.23106478125 10.793118625 48.37281190625 33.81735825 10.96744034375 1559.385414 1095.394073 345.379796 1547.929981 1082.155464 350.958091 
 2600.000 16 256 95.000000 95.000000 0.000000 0.000000 59.5540220625 74.707061875 58.85999025 15.5110551875 73.7443933125 57.968166625 15.632945625 1195.31299 941.759844 248.176883 1179.910293 927.490666 250.12713 
 2600.000 32 256 51.000000 51.000000 0.000000 0.000000 25.27995990625 36.50861515625 22.6176738125 8.1379761875 36.12621771875 22.20342625 8.38215334375 1168.275685 723.765562 260.415238 1156.038967 710.50964 268.228907 
 2600.000 32 512 65.000000 65.000000 0.000000 0.000000 48.756718125 64.5999470625 48.9851918125 15.2027611875 64.5900956875 48.99949325 15.223671125 1033.599153 783.763069 243.244179 1033.441531 783.991892 243.578738 
 2600.000 16 64 80.000000 80.000000 0.000000 0.000000 39.9938663125 48.97216625 34.3985373125 11.2298474375 48.7570863125 34.16428225 11.5031848125 783.55466 550.376597 179.677559 780.113381 546.628516 184.050957 
 2600.000 32 128 51.000000 51.000000 0.000000 0.000000 111.78913325 37.27687575 23.256924 7.7924975 36.60895675 22.649446 8.2036155 149.107503 93.027696 31.16999 146.435827 90.597784 32.814462 
 2600.000 32 256 95.000000 95.000000 0.000000 0.000000 84.23610825 49.56272425 34.8381505 11.804884125 48.990029 34.2640485 11.79113325 396.501794 278.705204 94.439073 391.920232 274.112388 94.329066 
 2600.000 16 128 95.000000 95.000000 0.000000 0.000000 83.952682875 49.3227465 34.57236275 11.690712 48.840679375 34.116329125 11.643517 394.581972 276.578902 93.525696 390.725435 272.930633 93.148136 
 2600.000 32 512 80.000000 80.000000 0.000000 0.000000 40.065403625 48.968420875 34.39614025 11.240558875 48.770370125 34.1805699375 11.5044246875 783.494734 550.338244 179.848942 780.325922 546.889119 184.070795 
 2600.000 16 256 51.000000 51.000000 0.000000 0.000000 147.54374525 37.20823675 23.15956975 9.056563 36.38264375 22.401838 8.88682275 148.832947 92.638279 36.226252 145.530575 89.607352 35.547291 
 2600.000 32 128 80.000000 80.000000 0.000000 0.000000 58.44961375 37.02097475 22.988098125 8.942936875 36.5442285 22.55291425 9.1235085 296.167798 183.904785 71.543495 292.353828 180.423314 72.988068 
 2600.000 16 64 65.000000 65.000000 0.000000 0.000000 23.8525910625 47.784252796875 33.6291263125 9.061843921875 47.462977390625 33.219106796875 9.453096515625 3058.192179 2152.264084 579.958011 3037.630553 2126.022835 604.998177 
 2600.000 32 256 80.000000 80.000000 0.000000 0.000000 30.23114253125 48.7349300625 34.23422446875 10.78649971875 48.36484821875 33.80845603125 10.94333053125 1559.517762 1095.495183 345.167991 1547.675143 1081.870593 350.186577 
 2600.000 32 512 51.000000 51.000000 0.000000 0.000000 147.17768275 37.23553775 23.184723 9.075279 36.3764965 22.38813175 9.1807075 148.942151 92.738892 36.301116 145.505986 89.552527 36.72283 
 2600.000 32 128 51.000000 51.000000 0.000000 0.000000 147.198983 37.21431075 23.16442625 9.01200025 36.389735 22.40905 8.93189375 148.857243 92.657705 36.048001 145.55894 89.6362 35.727575 
 2600.000 16 128 65.000000 65.000000 0.000000 0.000000 83.948156 49.293748875 34.546095875 11.6613065 48.81204825 34.08969525 11.664613625 394.349991 276.368767 93.290452 390.496386 272.717562 93.316909 
 2600.000 32 256 80.000000 80.000000 0.000000 0.000000 29.30645928125 72.2743758125 57.315493640625 11.95638271875 71.55858759375 56.5617669375 12.298838265625 4625.560052 3668.191593 765.208494 4579.749606 3619.953084 787.125649 
 2600.000 16 256 95.000000 95.000000 0.000000 0.000000 59.77476375 75.2799446875 59.462290625 15.8508086875 74.2158978125 58.428042875 15.8625708125 1204.479115 951.39665 253.612939 1187.454365 934.848686 253.801133 
 2600.000 32 512 51.000000 51.000000 0.000000 0.000000 64.512833 49.480764375 34.770651 11.701693375 48.85888725 34.15177925 11.712993 395.846115 278.165208 93.613547 390.871098 273.214234 93.703944 
 2600.000 16 64 80.000000 80.000000 0.000000 0.000000 64.448123875 49.5460885 34.831012625 11.723098 48.89246075 34.185178 11.699866125 396.368708 278.648101 93.784784 391.139686 273.481424 93.598929 
 2600.000 32 128 65.000000 65.000000 0.000000 0.000000 30.520639796875 64.475350671875 49.6025580625 11.725698921875 64.469204015625 49.552474234375 12.062305921875 4126.422443 3174.563716 750.444731 4126.029057 3171.358351 771.987579 
 2600.000 32 256 65.000000 65.000000 0.000000 0.000000 77.8310895 36.962119125 22.949026125 8.4678255 36.667682 22.69743725 8.7904435 295.696953 183.592209 67.742604 293.341456 181.579498 70.323548 
 2600.000 16 128 80.000000 80.000000 0.000000 0.000000 19.2161086796875 71.91463628125 57.198105609375 10.4511989609375 71.4154654609375 56.6389505546875 10.82419634375 9205.073444 7321.357518 1337.753467 9141.179579 7249.785671 1385.497132 
 2600.000 32 512 65.000000 65.000000 0.000000 0.000000 64.458594875 49.492970375 34.78290475 11.73369925 48.911257 34.20278925 11.7559625 395.943763 278.263238 93.869594 391.290056 273.622314 94.0477 
 2600.000 32 128 65.000000 65.000000 0.000000 0.000000 30.25252521875 48.680687375 34.1820789375 10.77456646875 48.3370770625 33.779657875 10.98570934375 1557.781996 1093.826526 344.786127 1546.786466 1080.949052 351.542699 
 2600.000 16 256 80.000000 80.000000 0.000000 0.000000 30.187113375 48.752111875 34.25119496875 10.7641371875 48.38007896875 33.8205966875 10.966586625 1560.06758 1096.038239 344.45239 1548.162527 1082.259094 350.930772 
 2600.000 32 256 80.000000 80.000000 0.000000 0.000000 111.71631025 37.211283 23.186368 7.75193775 36.64342025 22.6882105 8.1790355 148.845132 92.745472 31.007751 146.573681 90.752842 32.716142 
 2600.000 16 64 51.000000 51.000000 0.000000 0.000000 77.8695475 36.930932875 22.915846125 8.5455865 36.652714875 22.684948625 8.785206625 295.447463 183.326769 68.364692 293.221719 181.479589 70.281653 
 2600.000 32 512 95.000000 95.000000 0.000000 0.000000 52.548147375 49.2315655625 34.654584125 11.2521273125 48.94634 34.3467245625 11.543757 787.705049 554.473346 180.034037 783.14144 549.547593 184.700112 
 2600.000 32 128 65.000000 65.000000 0.000000 0.000000 20.6836797890625 64.3510651171875 49.7599553203125 10.0861319921875 64.3444747578125 49.6876816484375 10.4516986484375 8236.936335 6369.274281 1291.024895 8236.092769 6360.023251 1337.817427 
 2600.000 16 128 80.000000 80.000000 0.000000 0.000000 47.910144625 37.035695 23.0961753125 8.377254375 36.4534885 22.5077578125 8.754858125 592.57112 369.538805 134.03607 583.255816 360.124125 140.07773 
 2600.000 32 256 80.000000 80.000000 0.000000 0.000000 58.680611875 36.95583475 22.9263655 8.94171625 36.49552325 22.5062635 9.079438875 295.646678 183.410924 71.53373 291.964186 180.050108 72.635511 
 2600.000 32 512 95.000000 95.000000 0.000000 0.000000 52.6950614375 49.234875875 34.6598868125 11.2729155 48.9142761875 34.3160228125 11.5107296875 787.758014 554.558189 180.366648 782.628419 549.056365 184.171675 
 2600.000 16 256 51.000000 51.000000 0.000000 0.000000 71.350367375 50.7891686875 35.4138840625 14.057975 50.787834 35.4547308125 14.1956021875 812.626699 566.622145 224.9276 812.605344 567.275693 227.129635 
 2600.000 32 128 95.000000 95.000000 0.000000 0.000000 59.890888875 75.2513225625 59.443033625 15.8188699375 74.2002126875 58.420256625 15.8266471875 1204.021161 951.088538 253.101919 1187.203403 934.724106 253.226355 
 2600.000 32 256 51.000000 51.000000 0.000000 0.000000 23.69428971875 47.746802078125 33.58945478125 9.078306796875 47.42386828125 33.173904953125 9.511681453125 3055.795333 2149.725106 581.011635 3035.12757 2123.129917 608.747613 
 2600.000 32 512 65.000000 65.000000 0.000000 0.000000 30.21510265625 48.719686875 34.22020896875 10.7790084375 48.34400940625 33.785848625 10.9864919375 1559.02998 1095.046687 344.92827 1547.008301 1081.147156 351.567742 
 2600.000 32 128 65.000000 65.000000 0.000000 0.000000 63.3456049375 64.621580125 48.947384625 14.8854603125 64.6119951875 49.003106625 15.046540875 1033.945282 783.158154 238.167365 1033.791923 784.049706 240.744654 
 2600.000 32 256 80.000000 80.000000 0.000000 0.000000 28.23232646875 73.109189375 57.59789159375 14.2435083125 72.61052753125 57.1229326875 14.42514528125 2339.49406 1843.132531 455.792266 2323.536881 1827.933846 461.604649 
 2600.000 32 512 80.000000 80.000000 0.000000 0.000000 39.96109375 48.9611953125 34.386506375 11.231333625 48.7441411875 34.152534 11.48859525 783.379125 550.184102 179.701338 779.906259 546.440544 183.817524 
 2600.000 32 128 95.000000 95.000000 0.000000 0.000000 83.915604625 49.308840625 34.5610675 11.688464375 48.87353875 34.152074375 11.653096125 394.470725 276.48854 93.507715 390.98831 273.216595 93.224769 
 2600.000 32 256 80.000000 80.000000 0.000000 0.000000 28.1170878125 73.12368903125 57.60452234375 14.26946984375 72.63282240625 57.13544809375 14.46683640625 2339.958049 1843.344715 456.623035 2324.250317 1828.334339 462.938765 
 2600.000 32 512 80.000000 80.000000 0.000000 0.000000 25.08315928125 36.6125220625 22.7159104375 8.0803748125 36.19294434375 22.25997803125 8.5163185625 1171.600706 726.909134 258.571994 1158.174219 712.319297 272.522194 
 2600.000 32 128 51.000000 51.000000 0.000000 0.000000 30.23798165625 48.64156915625 34.1446964375 10.76095534375 48.30014759375 33.74293603125 10.97463175 1556.530213 1092.630286 344.350571 1545.604723 1079.773953 351.188216 
 2600.000 32 256 65.000000 65.000000 0.000000 0.000000 38.97356490625 64.56628671875 49.19486053125 14.05870746875 64.5607341875 49.18627078125 14.1741960625 2066.121175 1574.235537 449.878639 2065.943494 1573.960665 453.574274 
 2600.000 32 512 95.000000 95.000000 0.000000 0.000000 28.27004146875 73.1263680625 57.63033878125 14.178067125 72.6333255625 57.16049359375 14.34841021875 2340.043778 1844.170841 453.698148 2324.266418 1829.135795 459.149127 
 2600.000 32 128 65.000000 65.000000 0.000000 0.000000 30.911208828125 64.484993609375 49.633080921875 11.647788765625 64.479109046875 49.58455509375 11.959106640625 4127.039591 3176.517179 745.458481 4126.662979 3173.411526 765.382825 
 2600.000 32 256 65.000000 65.000000 0.000000 0.000000 25.11928478125 36.60102615625 22.70880115625 8.0917599375 36.14852475 22.218282625 8.42417259375 1171.232837 726.681637 258.936318 1156.752792 710.985044 269.573523 
 2600.000 32 512 51.000000 51.000000 0.000000 0.000000 58.344639875 36.91676 22.881588 9.1013485 36.494052625 22.507678 9.0923035 295.33408 183.052704 72.810788 291.952421 180.061424 72.738428 
 2600.000 32 128 51.000000 51.000000 0.000000 0.000000 54.737173 50.7734669375 35.4312683125 14.3070646875 50.77193725 35.44808 14.3147468125 812.375471 566.900293 228.913035 812.350996 567.16928 229.035949 
 2600.000 32 256 65.000000 65.000000 0.000000 0.000000 83.921794375 49.31391525 34.56406525 11.70497375 48.80969325 34.082885625 11.69138075 394.511322 276.512522 93.63979 390.477546 272.663085 93.531046 
 2600.000 32 512 95.000000 95.000000 0.000000 0.000000 28.279725125 73.13402125 57.62883525 14.2140475 72.62986378125 57.14711778125 14.3840560625 2340.28868 1844.122728 454.84952 2324.155641 1828.707769 460.289794 
 2600.000 32 128 65.000000 65.000000 0.000000 0.000000 30.44835128125 48.715803125 34.22632284375 10.7458866875 48.31540465625 33.7698463125 10.88890840625 1558.9057 1095.242331 343.868374 1546.092949 1080.635082 348.445069 
 2600.000 32 256 80.000000 80.000000 0.000000 0.000000 29.203169 72.290831203125 57.32613578125 11.992624234375 71.59644615625 56.59167253125 12.32318621875 4626.613197 3668.87269 767.527951 4582.172554 3621.867042 788.683918 
 2600.000 32 512 65.000000 65.000000 0.000000 0.000000 83.94919 49.31042475 34.560943375 11.674475125 48.825517375 34.102993625 11.642927 394.483398 276.487547 93.395801 390.604139 272.823949 93.143416 
 2600.000 32 128 51.000000 51.000000 0.000000 0.000000 30.4852254375 48.57985065625 34.09432478125 10.7464391875 48.2796069375 33.73763215625 10.89953675 1554.555221 1091.018393 343.886054 1544.947422 1079.604229 348.785176 
 2600.000 32 256 80.000000 80.000000 0.000000 0.000000 19.1758705 71.9028163046875 57.184259421875 10.459262671875 71.41071921875 56.6296547109375 10.8285611875 9203.560487 7319.585206 1338.785622 9140.57206 7248.595803 1386.055832 
 2600.000 32 512 65.000000 65.000000 0.000000 0.000000 20.3907460390625 64.3397980546875 49.728444296875 10.1588821953125 64.332862984375 49.65541615625 10.5735205859375 8235.494151 6365.24087 1300.336921 8234.606462 6355.893268 1353.410635 
 2600.000 64 256 51.000000 51.000000 0.000000 0.000000 33.473293328125 50.690054 35.99489015625 11.236927171875 50.690426671875 35.933376421875 11.5814753125 3244.163456 2303.67297 719.163339 3244.187307 2299.736091 741.21442 
 2600.000 64 512 65.000000 65.000000 0.000000 0.000000 64.389009625 49.492390875 34.779191875 11.774804125 48.880039 34.172594375 11.72939425 395.939127 278.233535 94.198433 391.040312 273.380755 93.835154 
 2600.000 64 1024 51.000000 51.000000 0.000000 0.000000 30.26992859375 48.662102875 34.16444421875 10.76850440625 48.30348378125 33.74562146875 10.97151840625 1557.187292 1093.262215 344.592141 1545.711481 1079.859887 351.088589 
 2600.000 64 256 95.000000 95.000000 0.000000 0.000000 36.89644278125 73.65064890625 58.14483884375 14.40652975 73.10399225 57.59888609375 14.54773125 2356.820765 1860.634843 461.008952 2339.327752 1843.164355 465.5274 
 2600.000 64 512 51.000000 51.000000 0.000000 0.000000 53.067940375 49.171356375 34.6078000625 11.209356375 48.8474995625 34.25621 11.4669883125 786.741702 553.724801 179.349702 781.559993 548.09936 183.471813 
 2600.000 64 1024 51.000000 51.000000 0.000000 0.000000 33.414035234375 50.692426015625 35.990667609375 11.253817953125 50.689074265625 35.9301660625 11.581562671875 3244.315265 2303.402727 720.244349 3244.100753 2299.530628 741.220011 
 2600.000 64 256 65.000000 65.000000 0.000000 0.000000 30.256351875 48.72012996875 34.222256 10.7634525 48.348769625 33.79360259375 10.9566245 1559.044159 1095.112192 344.43048 1547.160628 1081.395283 350.611984 
 2600.000 64 512 95.000000 95.000000 0.000000 0.000000 19.2174514921875 71.933225328125 57.2175668828125 10.4460785546875 71.43896659375 56.660966578125 10.826432578125 9207.452842 7323.848561 1337.098055 9144.187724 7252.603722 1385.78337 
 2600.000 64 1024 80.000000 80.000000 0.000000 0.000000 83.972882875 49.313551875 34.5664365 11.68259575 48.828570375 34.106168125 11.6473255 394.508415 276.531492 93.460766 390.628563 272.849345 93.178604 
 2600.000 64 256 65.000000 65.000000 0.000000 0.000000 52.5807858125 49.2217675 34.6495755625 11.240316 48.905474125 34.3041714375 11.5517298125 787.54828 554.393209 179.845056 782.487586 548.866743 184.827677 
 2600.000 64 512 80.000000 80.000000 0.000000 0.000000 23.854903953125 47.83386315625 33.680373921875 9.055659578125 47.485147734375 33.2419055 9.449168265625 3061.367242 2155.543931 579.562213 3039.049455 2127.481952 604.746769 
 2600.000 64 1024 95.000000 95.000000 0.000000 0.000000 25.03234803125 36.655316 22.75621628125 8.0805298125 36.208099625 22.2732591875 8.42909884375 1172.970112 728.198921 258.576954 1158.659188 712.744294 269.731163 
 2600.000 64 256 95.000000 95.000000 0.000000 0.000000 77.594874875 36.954564125 22.92683975 8.44447575 36.64299275 22.661535625 8.7801695 295.636513 183.414718 67.555806 293.143942 181.292285 70.241356 
 2600.000 64 512 65.000000 65.000000 0.000000 0.000000 39.9505978125 48.94037225 34.36861925 11.2236268125 48.727822125 34.1383533125 11.4618015625 783.045956 549.897908 179.578029 779.645154 546.213653 183.388825 
 2600.000 64 1024 80.000000 80.000000 0.000000 0.000000 36.763235 73.6556729375 58.14208546875 14.42944196875 73.06636015625 57.55352603125 14.57675053125 2356.981534 1860.546735 461.742143 2338.123525 1841.712833 466.456017 
 2600.000 64 256 80.000000 80.000000 0.000000 0.000000 45.3386648125 75.1260865625 59.3135458125 15.8338393125 74.109369 58.320894 15.8533495625 1202.017385 949.016733 253.341429 1185.749904 933.134304 253.653593 
 2600.000 64 512 80.000000 80.000000 0.000000 0.000000 59.5297925625 74.670338 58.8234150625 15.5073791875 73.7157024375 57.932925 15.6693564375 1194.725408 941.174641 248.118067 1179.451239 926.9268 250.709703 
 2600.000 64 1024 51.000000 51.000000 0.000000 0.000000 52.5867279375 49.182215625 34.6102105 11.2597700625 48.9083204375 34.307633625 11.541918125 786.91545 553.763368 180.156321 782.533127 548.922138 184.67069 
 2600.000 64 256 95.000000 95.000000 0.000000 0.000000 147.2711905 37.33145625 23.28407325 9.003687 36.417734 22.427424 8.925127 149.325825 93.136293 36.014748 145.670936 89.709696 35.700508 
 2600.000 64 512 65.000000 65.000000 0.000000 0.000000 25.27494271875 36.54025753125 22.65301665625 8.08843328125 36.13077715625 22.20318971875 8.416345 1169.288241 724.896533 258.829865 1156.184869 710.502071 269.32304 
 2600.000 64 1024 51.000000 51.000000 0.000000 0.000000 23.0748262421875 50.5726876171875 36.13254646875 9.689226171875 50.571951171875 36.07202028125 10.1329877421875 6473.304015 4624.965948 1240.22095 6473.20975 4617.218596 1297.022431 
 2600.000 64 256 95.000000 95.000000 0.000000 0.000000 29.372517375 72.340511734375 57.387321375 11.93582703125 71.6450935 56.6518649375 12.26395590625 4629.792751 3672.788568 763.89293 4585.285984 3625.719356 784.893178 
 2600.000 64 512 95.000000 95.000000 0.000000 0.000000 58.358436875 36.954322125 22.91859175 9.02089775 36.541855875 22.55435375 9.093525875 295.634577 183.348734 72.167182 292.334847 180.43483 72.748207 
 2600.000 64 1024 95.000000 95.000000 0.000000 0.000000 148.36798775 37.2447885 23.21837175 7.88631525 36.66447925 22.70819125 8.20280975 148.979154 92.873487 31.545261 146.657917 90.832765 32.811239 
 2600.000 64 256 80.000000 80.000000 0.000000 0.000000 25.2105513125 36.61588459375 22.7251985 8.03177396875 36.18283871875 22.24819321875 8.4322809375 1171.708307 727.206352 257.016767 1157.850839 711.942183 269.83299 
 2600.000 64 512 65.000000 65.000000 0.000000 0.000000 111.71917925 37.26733275 23.2383105 7.79425225 36.572011 22.6210185 8.18369 149.069331 92.953242 31.177009 146.288044 90.484074 32.73476 
 2600.000 64 1024 95.000000 95.000000 0.000000 0.000000 36.91571071875 73.66960690625 58.1648689375 14.39572675 73.0859814375 57.58040940625 14.54763809375 2357.427421 1861.275806 460.663256 2338.751406 1842.573101 465.524419 
 2600.000 64 256 80.000000 80.000000 0.000000 0.000000 25.07535096875 36.5724861875 22.6775930625 8.156106625 36.17437990625 22.24375790625 8.42458471875 1170.319558 725.682978 260.995412 1157.580157 711.800253 269.586711 
 2600.000 64 512 80.000000 80.000000 0.000000 0.000000 59.451941125 74.683599125 58.834267625 15.5128574375 73.6998686875 57.922118 15.6353255625 1194.937586 941.348282 248.205719 1179.197899 926.753888 250.165209 
 2600.000 64 1024 80.000000 80.000000 0.000000 0.000000 59.1973203125 74.6903033125 58.8311940625 15.558551625 73.69554125 57.901685125 15.7108385 1195.044853 941.299105 248.936826 1179.12866 926.426962 251.373416 
 2600.000 64 256 95.000000 95.000000 0.000000 0.000000 25.198172875 36.62665603125 22.7338816875 8.07980865625 36.184409375 22.25606375 8.4189645625 1172.052993 727.484214 258.553877 1157.9011 712.19404 269.406866 
 2600.000 64 512 51.000000 51.000000 0.000000 0.000000 70.9246955 50.79565575 35.4041088125 14.098668 50.7925668125 35.4491285625 14.2263186875 812.730492 566.465741 225.578688 812.681069 567.186057 227.621099 
 2600.000 64 1024 80.000000 80.000000 0.000000 0.000000 83.8174475 49.30879325 34.560447 11.68504675 48.83783375 34.114452375 11.610547375 394.470346 276.483576 93.480374 390.70267 272.915619 92.884379 
 2600.000 64 256 80.000000 80.000000 0.000000 0.000000 64.4559115 49.5020135 34.78963175 11.794209125 48.88237625 34.1739845 11.810198625 396.016108 278.317054 94.353673 391.05901 273.391876 94.481589 
 2600.000 64 512 65.000000 65.000000 0.000000 0.000000 40.03622975 48.92178525 34.3472446875 11.2614338125 48.707469125 34.1183100625 11.4706245625 782.748564 549.555915 180.182941 779.319506 545.892961 183.529993 
 2600.000 64 1024 65.000000 65.000000 0.000000 0.000000 38.75579334375 64.5431349375 49.1587846875 14.1105726875 64.53635290625 49.151982875 14.236107375 2065.380318 1573.08111 451.538326 2065.163293 1572.863452 455.555436 
 2600.000 64 256 51.000000 51.000000 0.000000 0.000000 52.8475364375 49.1584353125 34.5884359375 11.2599545625 48.858387875 34.264618125 11.4937280625 786.534965 553.414975 180.159273 781.734206 548.23389 183.899649 
 2600.000 64 512 80.000000 80.000000 0.000000 0.000000 58.664107875 36.9408555 22.90780525 8.98669175 36.5136615 22.52025725 9.23129 295.526844 183.262442 71.893534 292.109292 180.162058 73.85032 
 2600.000 64 1024 51.000000 51.000000 0.000000 0.000000 39.9843713125 48.919063125 34.344822875 11.233251625 48.72129675 34.13448275 11.4604166875 782.70501 549.517166 179.732026 779.540748 546.151724 183.366667 
 2600.000 64 256 80.000000 80.000000 0.000000 0.000000 52.7066291875 49.197220125 34.6244239375 11.276522 48.9061970625 34.3093583125 11.5173104375 787.155522 553.990783 180.424352 782.499153 548.949733 184.276967 
 2600.000 64 512 51.000000 51.000000 0.000000 0.000000 40.2302406875 48.9156061875 34.35391675 11.1888121875 48.75659475 34.181486125 11.402358125 782.649699 549.662668 179.020995 780.105516 546.903778 182.43773 
 2600.000 64 1024 51.000000 51.000000 0.000000 0.000000 40.003878625 48.910195375 34.3365825 11.230127 48.750265875 34.162293375 11.4680594375 782.563126 549.38532 179.682032 780.004254 546.596694 183.488951 
 2600.000 64 256 51.000000 51.000000 0.000000 0.000000 32.96802590625 50.70612675 35.55440590625 13.2606925625 50.70486753125 35.563491375 13.42351478125 1622.596056 1137.740989 424.342162 1622.555761 1138.031724 429.552473 
 2600.000 64 512 51.000000 51.000000 0.000000 0.000000 40.1755949375 48.900877625 34.33347125 11.198328375 48.703149125 34.121578875 11.4457866875 782.414042 549.33554 179.173254 779.250386 545.945262 183.132587 
 2600.000 64 1024 65.000000 65.000000 0.000000 0.000000 111.57545275 37.32278225 23.2957005 7.75845775 36.677087 22.71337525 8.20805675 149.291129 93.182802 31.033831 146.708348 90.853501 32.832227 
 2600.000 64 256 51.000000 51.000000 0.000000 0.000000 58.3876165 36.78271425 22.78215875 9.04968225 36.492852 22.519739125 9.106251125 294.261714 182.25727 72.397458 291.942816 180.157913 72.850009 
 2600.000 64 512 51.000000 51.000000 0.000000 0.000000 48.1463710625 36.7253425 22.8110970625 8.345752375 36.3234323125 22.392501 8.7713875625 587.60548 364.977553 133.532038 581.174917 358.280016 140.342201 
 2600.000 64 1024 51.000000 51.000000 0.000000 0.000000 23.932068859375 47.72607790625 33.5752180625 9.056591390625 47.400578078125 33.1599195 9.449581015625 3054.468986 2148.813956 579.621849 3033.636997 2122.234848 604.773185 
 2600.000 128 512 95.000000 95.000000 0.000000 0.000000 84.498385 49.568162125 34.8475655 11.765990125 48.963440875 34.244636 11.72074075 396.545297 278.780524 94.127921 391.707527 273.957088 93.765926 
 2600.000 128 1024 80.000000 80.000000 0.000000 0.000000 36.7913268125 73.66678053125 58.1522901875 14.430862125 73.0893993125 57.57641634375 14.57779959375 2357.336977 1860.873286 461.787588 2338.860778 1842.445323 466.489587 
 2600.000 128 2048 95.000000 95.000000 0.000000 0.000000 59.45707275 74.653067 58.8021945 15.51590375 73.7218963125 57.9414109375 15.649782625 1194.449072 940.835112 248.25446 1179.550341 927.062575 250.396522 
 2600.000 128 512 95.000000 95.000000 0.000000 0.000000 23.630846359375 47.86494478125 33.701563015625 9.08916815625 47.51899109375 33.263549015625 9.49543559375 3063.356466 2156.900033 581.706762 3041.21543 2128.867137 607.707878 
 2600.000 128 1024 80.000000 80.000000 0.000000 0.000000 147.04715675 37.31955 23.2680305 9.04631475 36.46201475 22.4659715 8.9770555 149.2782 93.072122 36.185259 145.848059 89.863886 35.908222 
 2600.000 128 2048 51.000000 51.000000 0.000000 0.000000 23.09660440625 50.57168165625 36.130896203125 9.6848906015625 50.5711915078125 36.071486296875 10.1310554375 6473.175252 4624.754714 1239.665997 6473.112513 4617.150246 1296.775096 
 2600.000 128 512 80.000000 80.000000 0.000000 0.000000 30.31704253125 48.72682553125 34.22882253125 10.77079353125 48.37270790625 33.82122671875 10.9238071875 1559.258417 1095.322321 344.665393 1547.926653 1082.279255 349.56183 
 2600.000 128 1024 80.000000 80.000000 0.000000 0.000000 29.326922453125 72.297277796875 57.34142678125 11.950078921875 71.589510109375 56.594006609375 12.288726421875 4627.025779 3669.851314 764.805051 4581.728647 3622.016423 786.478491 
 2600.000 128 2048 65.000000 65.000000 0.000000 0.000000 30.608409890625 64.478777796875 49.6116656875 11.70811971875 64.473307484375 49.561394640625 12.02813478125 4126.641779 3175.146604 749.319662 4126.291679 3171.929257 769.800626 
 2600.000 128 512 51.000000 51.000000 0.000000 0.000000 54.7624030625 50.7793774375 35.436557625 14.2962574375 50.7778235 35.4554984375 14.299165125 812.470039 566.984922 228.740119 812.445176 567.287975 228.786642 
 2600.000 128 1024 51.000000 51.000000 0.000000 0.000000 33.494160890625 50.683869390625 35.987028578125 11.234834828125 50.683605859375 35.927206546875 11.573512125 3243.767641 2303.169829 719.029429 3243.750775 2299.341219 740.704776 
 2600.000 128 2048 95.000000 95.000000 0.000000 0.000000 28.22146946875 73.13804465625 57.628040875 14.24032084375 72.65517325 57.1664573125 14.42255640625 2340.417429 1844.097308 455.690267 2324.965544 1829.326634 461.521805 
 2600.000 128 512 51.000000 51.000000 0.000000 0.000000 64.704980875 49.45985775 34.7547585 11.611881 48.83090325 34.127373375 11.673519 395.678862 278.038068 92.895048 390.647226 273.018987 93.388152 
 2600.000 128 1024 65.000000 65.000000 0.000000 0.000000 111.47211675 37.29456925 23.269424 7.8285635 36.70372775 22.74375225 8.19332125 149.178277 93.077696 31.314254 146.814911 90.975009 32.773285 
 2600.000 128 2048 65.000000 65.000000 0.000000 0.000000 48.194908625 36.977945 23.0433125625 8.3285199375 36.447890125 22.5078560625 8.7012574375 591.64712 368.693001 133.256319 583.166242 360.125697 139.220119 
 2600.000 128 512 65.000000 65.000000 0.000000 0.000000 58.4542195 36.859074375 22.831022125 9.080864375 36.50454725 22.522225625 9.224337375 294.872595 182.648177 72.646915 292.036378 180.177805 73.794699 
 2600.000 128 1024 80.000000 80.000000 0.000000 0.000000 77.200255125 36.984514875 22.957171875 8.537030625 36.668928375 22.69436875 8.806578375 295.876119 183.657375 68.296245 293.351427 181.55495 70.452627 
 2600.000 128 2048 80.000000 80.000000 0.000000 0.000000 58.485889625 36.941098625 22.907603 9.06275425 36.5215095 22.534785125 9.130206 295.528789 183.260824 72.502034 292.172076 180.278281 73.041648 
 2600.000 128 512 51.000000 51.000000 0.000000 0.000000 43.17465625 50.737693375 35.590974625 13.420528375 50.7365355 35.57991765625 13.53467609375 1623.606188 1138.911188 429.456908 1623.569136 1138.557365 433.109635 
 2600.000 128 1024 65.000000 65.000000 0.000000 0.000000 147.041828 37.30805075 23.26135775 9.07042925 36.43204675 22.4432555 8.90928 149.232203 93.045431 36.281717 145.728187 89.773022 35.63712 
 2600.000 128 2048 80.000000 80.000000 0.000000 0.000000 39.8817335625 48.96316975 34.383697 11.2822556875 48.793547875 34.1976581875 11.531631 783.410716 550.139152 180.516091 780.696766 547.162531 184.506096 
 2600.000 128 512 65.000000 65.000000 0.000000 0.000000 29.69506778125 64.5083555625 49.1273661875 13.908343625 64.50176115625 49.1314223125 14.08924478125 2064.267378 1572.075718 445.066996 2064.056357 1572.205514 450.855833 
 2600.000 128 1024 51.000000 51.000000 0.000000 0.000000 84.040351 49.285918125 34.542876125 11.622389375 48.8533965 34.128967375 11.62938875 394.287345 276.343009 92.979115 390.827172 273.031739 93.03511 
 2600.000 128 2048 95.000000 95.000000 0.000000 0.000000 58.61569725 36.945337 22.9098685 9.11575025 36.53729275 22.555354875 9.092126875 295.562696 183.278948 72.926002 292.298342 180.442839 72.737015 
 2600.000 128 512 95.000000 95.000000 0.000000 0.000000 39.982524375 48.969955 34.3934714375 11.265353875 48.766239625 34.176241875 11.46162025 783.51928 550.295543 180.245662 780.259834 546.81987 183.385924 
 2600.000 128 1024 95.000000 95.000000 0.000000 0.000000 30.3177593125 48.764868625 34.268765375 10.73197796875 48.39347115625 33.83876046875 10.9376514375 1560.475796 1096.600492 343.423295 1548.591077 1082.840335 350.004846 
 2600.000 128 2048 80.000000 80.000000 0.000000 0.000000 23.744561671875 47.83248871875 33.67486053125 9.07123390625 47.490987359375 33.242350625 9.47422940625 3061.279278 2155.191074 580.55897 3039.423191 2127.51044 606.350682 
 2600.000 128 512 51.000000 51.000000 0.000000 0.000000 84.374733875 49.312354 34.571462625 11.63053025 48.85305625 34.132633875 11.643652875 394.498832 276.571701 93.044242 390.82445 273.061071 93.149223 
 2600.000 128 1024 51.000000 51.000000 0.000000 0.000000 71.0880905625 50.7888015 35.40538825 14.0792956875 50.7869158125 35.4467321875 14.226305125 812.620824 566.486212 225.268731 812.590653 567.147715 227.620882 
 2600.000 128 2048 95.000000 95.000000 0.000000 0.000000 25.0828474375 36.61084575 22.71223028125 8.14251921875 36.22059490625 22.28621015625 8.45705434375 1171.547064 726.791369 260.560615 1159.059037 713.158725 270.625739 
 2600.000 128 512 95.000000 95.000000 0.000000 0.000000 40.0454378125 48.9797295625 34.4079130625 11.22968625 48.7570304375 34.170193 11.45522775 783.675673 550.526609 179.67498 780.112487 546.723088 183.283644 
 2600.000 128 1024 65.000000 65.000000 0.000000 0.000000 63.9319889375 64.62259575 48.9680880625 14.818092125 64.61254125 49.02402325 14.957428 1033.961532 783.489409 237.089474 1033.80066 784.384372 239.318848 
 2600.000 128 2048 51.000000 51.000000 0.000000 0.000000 71.2946646875 50.7877188125 35.4112573125 14.0603839375 50.7871374375 35.4546355 14.1933089375 812.603501 566.580117 224.966143 812.594199 567.274168 227.092943 
 2600.000 128 512 65.000000 65.000000 0.000000 0.000000 23.869814375 47.78126075 33.628443328125 9.08106596875 47.45855128125 33.2157626875 9.455479734375 3058.000688 2152.220373 581.188222 3037.347282 2125.808812 605.150703 
 2600.000 128 1024 80.000000 80.000000 0.000000 0.000000 59.6008714375 75.29359075 59.471362375 15.8617156875 74.2005543125 58.4055731875 15.8994164375 1204.697452 951.541798 253.787451 1187.208869 934.489171 254.390663 
 2600.000 128 2048 65.000000 65.000000 0.000000 0.000000 83.97298225 49.309874875 34.562452875 11.656032125 48.846132375 34.12315675 11.6447205 394.478999 276.499623 93.248257 390.769059 272.985254 93.157764 
 2600.000 128 512 65.000000 65.000000 0.000000 0.000000 29.74613575 64.5087556875 49.1303690625 13.89626775 64.5023045 49.13540746875 14.072181 2064.280182 1572.17181 444.680568 2064.073744 1572.333039 450.309792 
 2600.000 128 1024 65.000000 65.000000 0.000000 0.000000 77.740050375 36.997977625 22.98314675 8.41285525 36.665946375 22.690417375 8.7905765 295.983821 183.865174 67.302842 293.327571 181.523339 70.324612 
 2600.000 128 2048 51.000000 51.000000 0.000000 0.000000 23.117933625 50.59660034375 36.160231453125 9.683610421875 50.6204161875 36.1250803984375 10.117145 6476.364844 4628.509626 1239.502134 6479.413272 4624.010291 1294.99456 
 2600.000 128 512 95.000000 95.000000 0.000000 0.000000 40.116316375 48.961695875 34.392906 11.198262 48.7584324375 34.173585875 11.4482651875 783.387134 550.286496 179.172192 780.134919 546.777374 183.172243 
 2600.000 128 1024 95.000000 95.000000 0.000000 0.000000 147.9115865 37.2403965 23.19084425 9.07304575 36.40351375 22.42004075 8.9901035 148.961586 92.763377 36.292183 145.614055 89.680163 35.960414 
 2600.000 128 2048 80.000000 80.000000 0.000000 0.000000 77.697111 36.932343125 22.910955625 8.51592225 36.661067625 22.68923275 8.79169975 295.458745 183.287645 68.127378 293.288541 181.513862 70.333598 
 2600.000 128 512 95.000000 95.000000 0.000000 0.000000 19.3634766875 71.9470097265625 57.2426911484375 10.3976173515625 71.4434861328125 56.677218828125 10.7706154765625 9209.217245 7327.064467 1330.895021 9144.766225 7254.68401 1378.638781 
 2600.000 128 1024 51.000000 51.000000 0.000000 0.000000 33.580981375 50.683528890625 35.987763078125 11.221708828125 50.6809740625 35.928397890625 11.549656421875 3243.745849 2303.216837 718.189365 3243.58234 2299.417465 739.178011 
 2600.000 128 2048 65.000000 65.000000 0.000000 0.000000 38.77113646875 64.567018125 49.18227728125 14.10302234375 64.56010446875 49.1734226875 14.2280954375 2066.14458 1573.832873 451.296715 2065.923343 1573.549526 455.299054 
 2600.000 128 512 80.000000 80.000000 0.000000 0.000000 36.82595490625 73.594451625 58.08641396875 14.41540028125 73.04212153125 57.53543109375 14.55870121875 2355.022452 1858.765247 461.292809 2337.347889 1841.133795 465.878439 
 2600.000 128 1024 80.000000 80.000000 0.000000 0.000000 28.1789528125 73.125944625 57.61425215625 14.235803375 72.6460705 57.15616515625 14.42624803125 2340.030228 1843.656069 455.545708 2324.674256 1828.997285 461.639937 
 2600.000 128 2048 80.000000 80.000000 0.000000 0.000000 147.058632 37.2807965 23.22950475 9.08323725 36.41298825 22.4273445 8.90629925 149.123186 92.918019 36.332949 145.651953 89.709378 35.625197 
