ts_0 elapsed_0 pkg_0 pp0_0 dram_0 ts_1 elapsed_1 pkg_1 pp0_1 dram_1 
1335562134.497990 0.010131 21.643604 8.472183 3.766921 1335562134.498052 0.010169 28.017631 13.674201 3.329645 
1335562134.507998 0.010008 17.466327 4.154656 3.448746 1335562134.508049 0.009997 25.645791 12.407727 2.457429 
1335562134.518004 0.010006 16.850934 3.527259 3.873427 1335562134.518060 0.010011 25.234800 12.012289 2.728334 
1335562134.527990 0.009986 17.259097 3.914812 2.863528 1335562134.528035 0.009975 22.817152 10.873177 2.124767 
1335562134.537989 0.009999 15.840149 3.833377 1.944157 1335562134.538044 0.010009 25.305162 12.074033 1.939163 
1335562134.547996 0.010007 17.469932 4.153626 1.761174 1335562134.548064 0.010020 25.213506 12.001428 1.598972 
1335562134.557997 0.010001 17.368966 4.030991 2.709705 1335562134.558047 0.009983 25.317539 12.065724 1.601834 
1335562134.568004 0.010007 17.157343 3.837987 2.049366 1335562134.568062 0.010015 25.236776 12.008951 1.599771 
1335562134.578004 0.010000 17.181413 3.845219 1.612856 1335562134.578064 0.010002 25.217992 11.997235 1.600343 
1335562134.587997 0.009993 16.883333 3.533330 1.613971 1335562134.588055 0.009991 25.320511 12.063859 1.602100 
1335562134.597997 0.010000 16.847245 3.523258 1.615907 1335562134.598052 0.009997 25.273360 12.049034 1.601145 
1335562134.607997 0.010000 17.169206 3.842167 1.599123 1335562134.608052 0.010000 25.250268 12.016308 1.281740 
1335562134.617989 0.009992 16.902145 3.561240 1.922642 1335562134.618045 0.009993 25.359355 12.097915 1.604810 
1335562134.628004 0.010015 16.832643 3.527115 2.157406 1335562134.628060 0.010015 25.220016 11.999810 1.601295 
1335562134.637990 0.009986 16.881673 3.505300 1.615127 1335562134.638037 0.009977 25.302077 12.040815 1.605850 
1335562134.648004 0.010014 17.103947 3.812390 1.609066 1335562134.648068 0.010031 25.164642 11.963967 1.597224 
1335562134.657997 0.009993 16.883333 3.539438 1.613971 1335562134.658054 0.009986 25.307229 12.042403 1.602903 
1335562134.667989 0.009992 16.842588 3.487938 1.603474 1335562134.668050 0.009996 25.306302 12.062396 1.602824 
1335562134.677990 0.010001 16.845639 3.525973 1.809522 1335562134.678047 0.009997 25.308466 12.064298 1.598092 
1335562134.688004 0.010014 16.837293 3.525927 2.264273 1335562134.688060 0.010013 25.227868 12.002095 1.598552 
1335562134.698024 0.010020 17.482095 4.177124 1.594404 1335562134.698076 0.010016 25.254178 12.041323 1.595049 
1335562134.708004 0.009980 17.202131 3.845290 1.616092 1335562134.708060 0.009984 25.289139 12.032477 1.601681 
1335562134.717997 0.009993 16.900129 3.560815 1.613971 1335562134.718052 0.009992 25.336419 12.067289 1.600420 
1335562134.727997 0.010000 16.844193 3.518680 1.449586 1335562134.728052 0.010000 22.718833 10.815440 1.440431 
1335562134.737997 0.010000 15.165725 3.173831 1.596071 1335562134.738058 0.010006 25.261151 12.019825 1.599695 
1335562134.748004 0.010007 16.832555 3.517774 2.256743 1335562134.748059 0.010001 25.296684 12.053305 1.600496 
1335562134.758004 0.010000 16.864030 3.535465 2.322390 1335562134.758064 0.010005 25.278810 12.048422 1.599847 
1335562134.768004 0.010000 16.850297 3.527835 1.770021 1335562134.768059 0.009995 25.310243 12.060493 1.601450 
1335562134.777997 0.009993 16.865009 3.528749 1.617025 1335562134.778053 0.009994 25.280595 12.034162 1.601603 
1335562134.787997 0.010000 17.175309 3.839115 1.609804 1335562134.788056 0.010003 25.256173 12.020212 1.600153 
1335562134.797997 0.010000 17.163102 3.837589 1.602174 1335562134.798054 0.009998 25.267295 12.033862 1.600954 
1335562134.807997 0.010000 16.854874 3.549198 1.809694 1335562134.808054 0.010000 25.268579 12.025463 1.602174 
1335562134.818004 0.010007 16.856952 3.526923 2.159154 1335562134.818064 0.010010 25.252447 12.024104 1.600572 
1335562134.828004 0.010000 17.175309 3.843693 1.445009 1335562134.828062 0.009998 25.265768 12.030810 1.602480 
1335562134.838004 0.010000 17.169206 3.842167 1.617433 1335562134.838061 0.009999 25.278619 12.043396 1.600801 
1335562134.847997 0.009993 16.903183 3.557761 1.609391 1335562134.848055 0.009994 25.311131 12.049430 1.603130 
1335562134.857990 0.009993 16.860428 3.527222 1.610918 1335562134.858050 0.009995 25.284290 12.048280 1.599924 
1335562134.867997 0.010007 17.134471 3.831888 1.585819 1335562134.868054 0.010004 25.250715 12.019066 1.600000 
1335562134.878004 0.010007 16.846278 3.523873 2.262842 1335562134.878062 0.010008 25.229816 12.015723 1.597827 
1335562134.888004 0.010000 16.841142 3.521732 1.599123 1335562134.888061 0.009999 25.275567 12.023558 1.599275 
1335562134.898004 0.010000 16.841142 3.520206 1.614381 1335562134.898062 0.010001 25.246335 12.024316 1.598970 
1335562134.907997 0.009993 17.162762 3.840244 1.610918 1335562134.908052 0.009990 25.335147 12.071120 1.600726 
1335562134.917997 0.010000 16.860978 3.524784 1.611330 1335562134.918055 0.010003 25.230241 12.004958 1.598627 
1335562134.927990 0.009993 17.196354 3.864675 1.592594 1335562134.928045 0.009990 22.793537 10.861411 1.441875 
1335562134.937997 0.010007 15.162870 3.170113 1.761174 1335562134.938055 0.010010 25.249399 12.022579 1.763678 
1335562134.947988 0.009991 17.146593 3.812051 2.161079 1335562134.948047 0.009992 25.341001 12.085614 1.438545 
1335562134.957997 0.010009 17.551559 4.250304 1.599200 1335562134.958054 0.010007 25.231297 11.994282 1.599543 
1335562134.968004 0.010007 17.172591 3.850186 1.614791 1335562134.968059 0.010005 25.246783 12.008769 1.599847 
1335562134.977993 0.009989 17.461489 4.130511 1.610044 1335562134.978048 0.009989 25.274936 12.017280 1.448123 
1335562134.987997 0.010004 16.873975 3.559962 1.610677 1335562134.988051 0.010003 25.237868 12.006483 1.601678 
1335562134.997997 0.010000 17.471330 4.150395 1.586916 1335562134.998055 0.010004 25.253765 12.025167 1.601525 
1335562135.008004 0.010007 16.876775 3.558944 2.378729 1335562135.008061 0.010006 25.261151 12.030499 1.599695 
1335562135.018004 0.010000 16.827409 3.518680 1.603700 1335562135.018059 0.009998 25.297818 12.047597 1.602480 
1335562135.028004 0.010000 16.848771 3.523258 1.452638 1335562135.028061 0.010002 25.280542 12.033849 1.443208 
1335562135.037997 0.009993 16.866536 3.530276 1.618552 1335562135.038054 0.009993 25.302858 12.061268 1.603283 
1335562135.047988 0.009991 16.848777 3.515762 1.609736 1335562135.048043 0.009989 25.601833 12.344177 1.599351 
1335562135.057997 0.010009 16.831995 3.521593 1.590053 1335562135.058055 0.010012 25.232396 12.006573 1.597219 
1335562135.067990 0.009993 16.851267 3.524169 2.375913 1335562135.068047 0.009992 25.305877 12.067289 1.598893 
1335562135.078004 0.010014 17.125280 3.832198 2.052474 1335562135.078061 0.010014 25.249845 12.037522 1.598400 
1335562135.088004 0.010000 16.853349 3.526310 1.609804 1335562135.088059 0.009998 25.288661 12.036914 1.600954 
1335562135.097997 0.009993 16.852794 3.524169 1.612445 1335562135.098054 0.009995 25.298030 12.043700 1.601450 
1335562135.107997 0.010000 16.867082 3.532413 1.611330 1335562135.108057 0.010003 25.268376 12.029364 1.598627 
1335562135.117997 0.010000 16.836564 3.518680 1.600648 1335562135.118058 0.010001 22.762438 10.844923 1.440294 
1335562135.127990 0.009993 15.173164 3.180608 1.699480 1335562135.128038 0.009980 25.398791 12.116869 1.603861 
1335562135.138004 0.010014 17.094805 3.795629 1.884863 1335562135.138063 0.010025 25.214612 12.021309 1.595129 
1335562135.148004 0.010000 16.914384 3.585819 1.605226 1335562135.148064 0.010001 25.273798 12.045677 1.440294 
1335562135.158004 0.010000 16.853349 3.523258 1.615907 1335562135.158062 0.009998 25.267295 12.021653 1.602480 
1335562135.167997 0.009993 16.846686 3.519588 1.613971 1335562135.168054 0.009992 25.322675 12.062707 1.601947 
1335562135.177995 0.009998 16.865721 3.530035 1.616216 1335562135.178052 0.009998 25.299344 12.061333 1.600954 
1335562135.187997 0.010002 16.865391 3.527163 1.588139 1335562135.188055 0.010003 25.216513 12.001907 1.600153 
1335562135.197989 0.009992 16.874657 3.529170 2.040230 1335562135.198045 0.009990 25.353476 12.092504 1.602253 
1335562135.208004 0.010015 16.826549 3.519497 1.601295 1335562135.208064 0.010019 25.228089 12.017800 1.599124 
1335562135.218004 0.010000 16.848771 3.520206 1.614381 1335562135.218061 0.009997 25.305414 12.062771 1.443930 
1335562135.227997 0.009993 16.851267 3.524169 1.613971 1335562135.228049 0.009988 25.332347 12.082591 1.602559 
1335562135.237997 0.010000 16.859452 3.521732 1.611330 1335562135.238055 0.010006 25.267251 12.041174 1.599695 
1335562135.247997 0.010000 16.839616 3.523258 1.593019 1335562135.248055 0.010000 25.285363 12.057507 1.600648 
1335562135.257997 0.010000 16.848771 3.520206 2.032473 1335562135.258055 0.010000 25.259424 12.042248 1.600648 
1335562135.268004 0.010007 17.151244 3.836462 2.050891 1335562135.268059 0.010004 25.285796 12.046520 1.598475 
1335562135.278004 0.010000 16.886918 3.556827 1.606752 1335562135.278062 0.010003 25.288207 12.053771 1.600153 
1335562135.287997 0.009993 17.228420 3.893687 1.610918 1335562135.288053 0.009991 25.264002 12.034841 1.600573 
1335562135.297997 0.010000 16.870133 3.555301 1.611330 1335562135.298052 0.009999 25.301509 12.052553 1.599275 
1335562135.307997 0.010000 15.159621 3.517154 1.611330 1335562135.308053 0.010001 25.276849 12.039574 1.600496 
1335562135.317997 0.010000 18.844622 3.843693 1.698305 1335562135.318053 0.010000 22.738669 10.829173 1.440431 
1335562135.328004 0.010007 15.144573 3.520823 1.994473 1335562135.328062 0.010009 25.289917 12.067935 1.602249 
1335562135.337989 0.009985 16.901624 3.178606 1.601528 1335562135.338043 0.009981 25.815255 12.566706 1.599121 
1335562135.348004 0.010015 17.122125 3.807456 1.610437 1335562135.348062 0.010019 25.234181 12.034553 1.600647 
1335562135.357997 0.009993 17.176504 3.835664 1.615498 1335562135.358052 0.009990 25.350421 12.077230 1.603780 
1335562135.367990 0.009993 17.171923 3.846352 1.609391 1335562135.368050 0.009998 25.314606 12.090330 1.597902 
1335562135.377989 0.009999 17.180000 3.839481 1.591645 1335562135.378049 0.009999 25.348816 12.096807 1.597749 
1335562135.388004 0.010015 16.803695 3.516450 2.478884 1335562135.388064 0.010015 25.241346 12.028758 1.599771 
1335562135.398004 0.010000 16.862504 3.535465 2.050783 1335562135.398059 0.009995 25.270550 12.034540 1.601450 
1335562135.408004 0.010000 16.813676 3.511051 1.612856 1335562135.408062 0.010003 25.253122 12.027839 1.600153 
1335562135.417997 0.009993 16.865009 3.528749 1.615498 1335562135.418055 0.009993 25.293697 12.045999 1.604810 
1335562135.427997 0.010000 17.141740 3.828434 1.612856 1335562135.428056 0.010001 25.272272 12.036522 1.600496 
1335562135.437997 0.010000 16.868607 3.524784 1.600648 1335562135.438054 0.009998 25.265768 12.041493 1.600954 
1335562135.447997 0.010000 16.838090 3.518680 1.698305 1335562135.448055 0.010001 25.286004 12.036522 1.598970 
1335562135.458004 0.010007 16.821881 3.513199 2.047841 1335562135.458059 0.010004 25.258341 12.031268 1.600000 
1335562135.467989 0.009985 16.863419 3.527030 1.600000 1335562135.468048 0.009989 25.526983 12.270855 1.599351 
1335562135.477990 0.010001 16.836484 3.515293 1.617279 1335562135.478054 0.010006 25.383149 12.161647 1.598170 
1335562135.487997 0.010007 17.460783 4.124655 1.607167 1335562135.488055 0.010001 25.290581 12.050254 1.598970 
1335562135.497995 0.009998 16.871825 3.554453 1.610111 1335562135.498053 0.009998 22.752164 10.838870 1.439180 
1335562135.507989 0.009994 17.159597 3.835297 1.589389 1335562135.508041 0.009988 25.289571 12.036760 1.605614 
1335562135.517990 0.010001 16.889885 3.556488 2.372518 1335562135.518046 0.010005 25.521304 12.269564 1.598322 
1335562135.528006 0.010016 17.112878 3.814711 2.443609 1335562135.528075 0.010029 20.031475 6.838940 1.705551 
1335562135.538006 0.010000 16.040054 4.045109 2.278139 1335562135.538071 0.009996 17.715022 4.486381 2.497352 
1335562135.548007 0.010001 18.700932 5.375164 2.100937 1335562135.548075 0.010004 17.404766 4.173117 2.733270 
1335562135.558029 0.010022 17.912692 4.616344 2.766457 1335562135.558079 0.010004 17.601525 4.377502 2.731745 
1335562135.568023 0.009994 16.861873 3.531466 2.093230 1335562135.568078 0.009999 17.393643 4.169103 1.939579 
1335562135.578023 0.010000 16.824357 3.517154 2.700808 1335562135.578080 0.010002 17.420705 4.195371 1.600343 
1335562135.588027 0.010004 17.177502 3.843661 2.498379 1335562135.588081 0.010001 17.387274 4.172885 1.602022 
1335562135.598026 0.009999 16.841222 3.517490 1.606905 1335562135.598084 0.010003 17.403375 4.168939 1.601678 
1335562135.608027 0.010001 16.836484 3.521396 1.614227 1335562135.608077 0.009993 17.431503 4.189913 1.604810 
1335562135.618021 0.009994 16.858820 3.520779 1.616871 1335562135.618077 0.010000 17.388933 4.174809 1.602174 
1335562135.628021 0.010000 16.842667 3.514102 1.612856 1335562135.628078 0.010001 17.431521 4.191194 1.602022 
1335562135.638023 0.010002 16.810469 3.508856 1.586613 1335562135.638078 0.010000 17.419450 4.179386 1.600648 
1335562135.648026 0.010003 16.837449 3.522166 2.155401 1335562135.648084 0.010006 17.401449 4.181472 1.598170 
1335562135.658025 0.009999 16.879372 3.534276 1.600801 1335562135.658082 0.009998 17.396828 4.177131 1.440706 
1335562135.668026 0.010001 16.857844 3.527499 1.612702 1335562135.668087 0.010005 17.422934 4.186446 1.598322 
1335562135.678023 0.009997 16.846363 3.522824 1.610303 1335562135.678080 0.009993 17.451353 4.192967 1.601756 
1335562135.688024 0.010001 17.172146 3.843326 1.611176 1335562135.688078 0.009998 17.404459 4.174079 1.600954 
1335562135.698021 0.009997 17.176055 3.841832 1.588934 1335562135.698080 0.010002 17.382565 4.157231 1.600343 
1335562135.708024 0.010003 16.874059 3.555725 2.262179 1335562135.708080 0.010000 15.705887 3.788761 1.600648 
1335562135.718025 0.010001 17.143157 3.825017 1.827830 1335562135.718082 0.010002 17.385617 4.163333 1.600343 
1335562135.728023 0.009998 15.208299 3.208012 1.449863 1335562135.728081 0.009999 17.595079 4.379694 1.599275 
1335562135.738020 0.009997 16.863153 3.522824 1.614882 1335562135.738079 0.009998 17.662382 4.415214 1.600954 
1335562135.748021 0.010001 16.833433 3.518345 1.612702 1335562135.748077 0.009998 17.645594 4.412162 1.600954 
1335562135.758022 0.010001 17.187403 3.857058 1.603547 1335562135.758076 0.009999 17.411955 4.181311 1.602327 
1335562135.768023 0.010001 16.848690 3.525973 1.809522 1335562135.768082 0.010006 17.395349 4.176897 1.599695 
1335562135.778026 0.010003 16.837449 3.519115 2.156926 1335562135.778084 0.010002 17.403924 4.172487 1.601869 
1335562135.788022 0.009996 16.863235 3.543004 1.602824 1335562135.788078 0.009994 17.408464 4.166611 1.603130 
1335562135.798026 0.010004 17.130219 3.828408 1.613727 1335562135.798083 0.010005 17.393957 4.174245 1.601373 
1335562135.808005 0.009979 16.914777 3.535253 1.611659 1335562135.808075 0.009992 17.818416 4.561502 1.600420 
1335562135.818020 0.010015 17.138885 3.834881 1.611960 1335562135.818077 0.010002 17.391719 4.164859 1.600343 
1335562135.828023 0.010003 16.832873 3.519115 1.589475 1335562135.828080 0.010003 17.404900 4.176566 1.600153 
1335562135.838023 0.010000 16.851823 3.520206 2.265932 1335562135.838080 0.010000 17.378251 4.161076 1.600648 
1335562135.848023 0.010000 16.833512 3.511051 1.599123 1335562135.848081 0.010001 17.408635 4.169833 1.598970 
1335562135.858027 0.010004 17.157674 3.836034 1.610677 1335562135.858084 0.010003 17.407951 4.181142 1.600153 
1335562135.868021 0.009994 16.880195 3.549788 1.610764 1335562135.868075 0.009991 17.400119 4.166376 1.602100 
1335562135.878023 0.010002 16.840981 3.524111 1.611022 1335562135.878080 0.010005 17.398532 4.157468 1.598322 
1335562135.888021 0.009998 17.163324 3.833743 1.596375 1335562135.888075 0.009995 17.428176 4.183007 1.602977 
1335562135.898022 0.010001 17.170620 3.838749 2.032279 1335562135.898080 0.010005 17.368030 4.157468 1.439710 
1335562135.908025 0.010003 16.860330 3.549623 1.889980 1335562135.908080 0.010000 15.713516 3.796390 1.602174 
1335562135.918027 0.010002 15.147577 3.165598 1.606446 1335562135.918088 0.010008 17.602020 4.383353 1.439264 
1335562135.928025 0.009998 17.161798 3.824586 1.614689 1335562135.928080 0.009992 17.665704 4.408790 1.603474 
1335562135.938023 0.009998 16.816883 3.513247 1.613163 1335562135.938080 0.010000 17.620866 4.400639 1.602174 
1335562135.948016 0.009993 17.191774 3.844825 1.765138 1335562135.948072 0.009992 17.679448 4.442387 1.600420 
1335562135.958021 0.010005 17.279573 3.957678 1.746259 1335562135.958086 0.010014 17.362983 4.155231 1.438408 
1335562135.968026 0.010005 16.872367 3.553522 2.264798 1335562135.968086 0.010000 17.436235 4.188542 1.602174 
1335562135.978007 0.009981 17.714163 4.360127 1.600650 1335562135.978076 0.009990 17.417054 4.171356 1.608363 
1335562135.988024 0.010017 16.878183 3.556910 1.611653 1335562135.988080 0.010004 17.386463 4.170067 1.601525 
1335562135.998024 0.010000 17.471330 4.136662 1.615907 1335562135.998081 0.010001 17.402532 4.177462 1.603547 
1335562136.008021 0.009997 17.166897 3.837253 1.614882 1335562136.008068 0.009987 17.449545 4.186302 1.602712 
1335562136.018023 0.010002 16.868442 3.553098 1.595766 1335562136.018078 0.010010 17.363916 4.159962 1.600572 
1335562136.028026 0.010003 17.145581 3.834875 2.260654 1335562136.028081 0.010003 17.394223 4.175041 1.601678 
1335562136.038027 0.010001 16.895988 3.561065 1.942260 1335562136.038083 0.010002 17.432910 4.195371 1.601869 
1335562136.048004 0.009977 16.862953 3.526752 1.611967 1335562136.048073 0.009990 18.063149 4.815923 1.600726 
1335562136.058023 0.010019 16.825833 3.515027 1.606739 1335562136.058081 0.010008 17.373323 4.151607 1.599352 
1335562136.068022 0.009999 16.842748 3.520542 1.611483 1335562136.068079 0.009998 17.383093 4.167974 1.600954 
1335562136.078024 0.010002 17.144573 3.829229 1.598818 1335562136.078080 0.010001 17.417789 4.183565 1.441819 
1335562136.088023 0.009999 17.175421 3.837955 1.809867 1335562136.088079 0.009999 17.421112 4.181311 1.602327 
1335562136.098027 0.010004 17.136320 3.826883 2.046902 1335562136.098084 0.010005 17.398532 4.183395 1.601373 
1335562136.108025 0.009998 16.864195 3.531561 1.604006 1335562136.108081 0.009997 15.686334 3.779251 1.599618 
1335562136.118030 0.010005 15.147460 3.163092 1.454961 1335562136.118090 0.010009 17.415879 4.184750 1.599200 
1335562136.128023 0.009993 16.878752 3.531803 1.617025 1335562136.128081 0.009991 17.650591 4.410739 1.602100 
1335562136.138021 0.009998 16.850459 3.520878 1.614689 1335562136.138078 0.009997 17.644646 4.403530 1.601145 
1335562136.148023 0.010002 16.822674 3.518009 1.588139 1335562136.148080 0.010002 17.405449 4.174013 1.601869 
1335562136.158025 0.010002 17.167457 3.839908 2.151081 1335562136.158081 0.010001 17.385749 4.169833 1.600496 
1335562136.168026 0.010001 17.161466 3.837223 1.600496 1335562136.168085 0.010004 17.412393 4.183794 1.601525 
1335562136.178025 0.009999 16.862586 3.526646 1.613009 1335562136.178083 0.009998 17.402933 4.171027 1.600954 
1335562136.188024 0.009999 16.827488 3.519016 1.613009 1335562136.188084 0.010001 17.405583 4.172885 1.602022 
1335562136.198021 0.009997 16.847889 3.524350 1.617935 1335562136.198079 0.009995 17.403750 4.172320 1.601450 
1335562136.208022 0.010001 17.173672 3.838749 1.597444 1335562136.208079 0.010000 17.422502 4.177860 1.600648 
1335562136.218020 0.009998 17.151115 3.838321 2.032860 1335562136.218075 0.009996 17.415828 4.171922 1.601298 
1335562136.228027 0.010007 16.873725 3.552845 2.049366 1335562136.228084 0.010009 17.359472 4.157309 1.599200 
1335562136.238025 0.009998 16.851985 3.523930 1.608585 1335562136.238082 0.009998 17.457875 4.203076 1.599428 
1335562136.248024 0.009999 16.862586 3.528172 1.613009 1335562136.248079 0.009997 17.417219 4.177629 1.601145 
1335562136.258022 0.009998 16.847407 3.525456 1.610111 1335562136.258077 0.009998 17.401407 4.167974 1.599428 
1335562136.268023 0.010001 17.155363 3.841800 1.605073 1335562136.268078 0.010001 17.397955 4.168308 1.600496 
1335562136.278021 0.009998 17.180112 3.839847 1.587218 1335562136.278080 0.010002 17.377989 4.155705 1.600343 
1335562136.288020 0.009999 17.544720 4.220988 2.266148 1335562136.288077 0.009997 17.459957 4.198998 1.602671 
1335562136.298024 0.010004 15.441754 3.457769 1.438322 1335562136.298083 0.010006 17.392299 4.167747 1.439573 
1335562136.308024 0.010000 18.875140 4.217533 1.614381 1335562136.308082 0.009999 17.714109 4.436157 1.600801 
1335562136.318023 0.009999 15.478481 3.486969 1.614535 1335562136.318090 0.010008 15.638278 3.762822 1.760964 
1335562136.328022 0.009999 16.842748 3.522068 1.619113 1335562136.328079 0.009989 17.669236 4.425329 1.442013 
1335562136.338021 0.009999 17.477575 4.143160 1.594697 1335562136.338075 0.009996 17.634117 4.407003 1.601298 
1335562136.348025 0.010004 17.156149 3.836034 2.146044 1335562136.348080 0.010005 17.380231 4.168144 1.601373 
1335562136.358026 0.010001 16.879205 3.556488 1.937683 1335562136.358083 0.010003 17.397273 4.168939 1.600153 
1335562136.368017 0.009991 16.865577 3.532562 1.606682 1335562136.368074 0.009991 17.745281 4.482520 1.440210 
1335562136.378006 0.009989 16.847412 3.524071 1.452705 1335562136.378075 0.010001 17.675638 4.444466 1.605073 
1335562136.388024 0.010018 16.836574 3.521455 1.611461 1335562136.388078 0.010003 17.401850 4.165888 1.600153 
1335562136.398023 0.009999 16.839696 3.523594 1.603853 1335562136.398077 0.009999 17.379909 4.159947 1.600801 
1335562136.408023 0.010000 16.842667 3.521732 1.809694 1335562136.408081 0.010004 17.421544 4.176168 1.603051 
1335562136.418026 0.010003 17.156259 3.837925 2.047097 1335562136.418084 0.010003 17.407951 4.173515 1.600153 
1335562136.428026 0.010000 16.857926 3.550724 1.603700 1335562136.428080 0.009996 17.405142 4.165816 1.601298 
1335562136.438025 0.009999 16.864112 3.523594 1.449725 1335562136.438082 0.010002 17.391719 4.163333 1.600343 
1335562136.448022 0.009997 16.841784 3.522824 1.608777 1335562136.448079 0.009997 17.383639 4.157787 1.601145 
1335562136.458009 0.009987 16.872019 3.526272 1.611879 1335562136.458076 0.009997 17.408061 4.160839 1.602671 
1335562136.468022 0.010013 15.145864 3.163579 1.584837 1335562136.468077 0.010001 17.372017 4.154576 1.602022 
1335562136.478024 0.010002 18.531334 3.881099 2.152607 1335562136.478081 0.010004 17.401716 4.162440 1.601525 
1335562136.488024 0.010000 16.848771 3.523258 1.600648 1335562136.488080 0.009999 17.384487 4.159947 1.599275 
1335562136.498026 0.010002 15.446592 3.452409 1.449310 1335562136.498082 0.010002 15.687636 3.780410 1.440156 
1335562136.508022 0.009996 16.905977 3.584220 1.613510 1335562136.508084 0.010002 19.362780 4.791876 1.600343 
1335562136.518022 0.010000 17.178361 3.840641 1.614381 1335562136.518081 0.009997 17.594276 4.392845 1.605724 
1335562136.528022 0.010000 16.850297 3.523258 1.597597 1335562136.528080 0.009999 15.661604 3.741815 1.600801 
1335562136.538023 0.010001 17.172146 3.857058 2.079577 1335562136.538080 0.010000 17.434709 4.187016 1.600648 
1335562136.548020 0.009997 17.354639 4.028047 2.387217 1335562136.548077 0.009997 17.420272 4.180682 1.601145 
1335562136.558022 0.010002 17.315439 4.009249 1.601869 1335562136.558073 0.009996 17.399036 4.165816 1.599771 
1335562136.568026 0.010004 16.889228 3.556911 1.452050 1335562136.568082 0.010009 17.357948 4.145113 1.599200 
1335562136.578021 0.009995 17.161013 3.834932 1.613663 1335562136.578078 0.009996 17.415828 4.173448 1.602824 
1335562136.588022 0.010001 17.169094 3.840275 1.614227 1335562136.588078 0.010000 17.387407 4.165653 1.600648 
1335562136.598023 0.010001 16.836484 3.522922 1.586764 1335562136.598079 0.010001 17.405583 4.171359 1.600496 
1335562136.608025 0.010002 16.863865 3.522586 2.268551 1335562136.608081 0.010002 17.403924 4.164859 1.601869 
1335562136.618024 0.009999 17.144901 3.830325 1.600801 1335562136.618083 0.010002 17.393244 4.161808 1.601869 
1335562136.628024 0.010000 16.856400 3.523258 1.614381 1335562136.628081 0.009998 17.381567 4.160343 1.600954 
1335562136.638023 0.009999 17.146427 3.825747 1.611483 1335562136.638080 0.009999 17.384487 4.156895 1.599275 
1335562136.648023 0.010000 16.848771 3.526310 1.614381 1335562136.648081 0.010001 17.408635 4.169833 1.602022 
1335562136.658023 0.010000 16.865556 3.530887 1.593019 1335562136.658079 0.009998 17.404459 4.175605 1.602480 
1335562136.668027 0.010004 16.835844 3.521830 2.149094 1335562136.668083 0.010004 17.386463 4.154814 1.600000 
1335562136.678026 0.009999 16.854956 3.525120 1.941105 1335562136.678083 0.010000 17.387407 4.159550 1.599123 
1335562136.688025 0.009999 15.190062 3.528172 1.448199 1335562136.688083 0.010000 15.702835 3.782657 1.599123 
1335562136.698023 0.009998 18.530774 3.530035 1.774937 1335562136.698078 0.009995 17.402223 4.179953 1.439626 
1335562136.708021 0.009998 15.170144 3.175963 1.452915 1335562136.708077 0.009999 17.613391 4.376642 1.762560 
1335562136.718023 0.010002 16.840981 3.525637 1.606446 1335562136.718078 0.010001 17.622238 4.397168 1.441819 
1335562136.728021 0.009998 16.844354 3.517825 1.857351 1335562136.728078 0.010000 17.608659 4.382328 1.600648 
1335562136.738024 0.010003 17.186767 3.857756 2.156926 1335562136.738083 0.010005 17.384806 4.163569 1.599847 
1335562136.748024 0.010000 16.851823 3.523258 1.605226 1335562136.748081 0.009998 17.418195 4.166448 1.600954 
1335562136.758026 0.010002 16.848609 3.524111 1.617125 1335562136.758083 0.010002 17.387142 4.155705 1.601869 
1335562136.768022 0.009996 16.840338 3.518580 1.613510 1335562136.768080 0.009997 17.409587 4.171524 1.601145 
1335562136.778019 0.009997 17.154686 3.834200 1.614882 1335562136.778075 0.009995 17.406803 4.172320 1.602977 
1335562136.788022 0.010003 17.191343 3.871484 1.587949 1335562136.788081 0.010006 17.415173 4.170797 1.601220 
1335562136.798027 0.010005 17.181965 3.846344 2.042131 1335562136.798086 0.010005 17.407683 4.178820 1.604423 
1335562136.808025 0.009998 17.164850 3.838321 1.599428 1335562136.808081 0.009995 17.423596 4.183007 1.601450 
1335562136.818026 0.010001 16.834958 3.522922 1.611176 1335562136.818084 0.010003 17.383545 4.167413 1.600153 
1335562136.828023 0.009997 16.849416 3.522824 1.608777 1335562136.828080 0.009996 17.426513 4.178028 1.599771 
1335562136.838023 0.010000 16.842667 3.523258 1.611330 1335562136.838080 0.010000 17.387407 4.158024 1.602174 
1335562136.848023 0.010000 16.873185 3.526310 1.593019 1335562136.848079 0.009999 17.390591 4.156895 1.600801 
1335562136.858017 0.009994 16.855766 3.529939 2.033685 1335562136.858076 0.009997 17.290532 4.053995 1.601145 
1335562136.868018 0.010001 16.857844 3.527499 2.160441 1335562136.868078 0.010002 17.130843 3.923816 1.600343 
1335562136.878027 0.010009 15.156571 3.170958 1.605298 1335562136.878087 0.010009 17.417403 4.186275 1.599200 
1335562136.888027 0.010000 18.525713 3.874210 1.449586 1335562136.888085 0.009998 17.413616 4.175605 1.599428 
1335562136.898007 0.009980 15.647197 3.634296 1.772044 1335562136.898075 0.009990 15.689554 3.784922 1.602253 
1335562136.908020 0.010013 17.105576 3.802086 1.446164 1335562136.908077 0.010002 17.631236 4.387595 1.440156 
1335562136.918023 0.010003 16.860330 3.552674 1.745066 1335562136.918081 0.010004 17.609152 4.395806 1.600000 
1335562136.928025 0.010002 16.842507 3.518009 2.425687 1335562136.928079 0.009998 17.633385 4.386217 1.602480 
1335562136.938026 0.010001 16.827330 3.522922 1.759172 1335562136.938083 0.010004 17.360534 4.153289 1.758627 
1335562136.948004 0.009978 17.190127 3.835321 1.614872 1335562136.948074 0.009991 17.734590 4.465720 1.602100 
1335562136.958023 0.010019 17.456345 4.134879 1.608262 1335562136.958083 0.010009 17.354899 4.152736 1.605298 
1335562136.968023 0.010000 16.899125 3.564457 1.615907 1335562136.968083 0.010000 17.399614 4.174809 1.600648 
1335562136.978017 0.009994 17.388616 4.049048 1.592442 1335562136.978072 0.009989 17.411080 4.170227 1.605461 
1335562136.988025 0.010008 16.876289 3.555471 2.370822 1335562136.988083 0.010011 17.377504 4.153469 1.598895 
1335562136.998024 0.009999 17.471470 4.141634 2.050979 1335562136.998078 0.009995 17.428176 4.173847 1.606030 
1335562137.008007 0.009983 17.173863 3.836454 1.606420 1335562137.008074 0.009996 21.151171 7.780566 1.900491 
1335562137.018006 0.009999 17.176947 3.841007 1.611483 1335562137.018086 0.010012 17.473388 4.378635 1.597219 
1335562137.028022 0.010016 17.117448 3.822328 1.610283 1335562137.028080 0.009994 17.405411 4.184932 1.600076 
1335562137.038022 0.010000 17.199723 3.851322 1.599123 1335562137.038077 0.009997 17.415693 4.165419 1.601145 
1335562137.048004 0.009982 17.186204 3.842935 2.036113 1335562137.048074 0.009997 18.200238 4.963701 1.599618 
1335562137.058027 0.010023 17.131113 3.830257 2.157184 1335562137.058082 0.010008 17.371799 4.153131 1.599352 
1335562137.068025 0.009998 17.170955 3.838321 1.604006 1335562137.068083 0.010001 17.414738 4.174411 1.598970 
1335562137.078024 0.009999 16.874794 3.552588 1.613009 1335562137.078085 0.010002 17.376463 4.157231 1.600343 
1335562137.088021 0.009997 16.840258 3.522824 1.611829 1335562137.088082 0.009997 17.411114 4.186788 1.599618 
1335562137.098009 0.009988 15.484783 3.466355 1.455900 1335562137.098070 0.009988 15.715466 3.782589 1.602559 
1335562137.108024 0.010015 16.885969 3.577394 1.586059 1335562137.108080 0.010010 17.584947 4.370323 1.440514 
1335562137.118026 0.010002 16.827251 3.521060 2.038187 1335562137.118084 0.010004 17.590848 4.379028 1.601525 
1335562137.128026 0.010000 16.867082 3.524784 1.759340 1335562137.128081 0.009997 17.637014 4.391319 1.601145 
1335562137.138006 0.009980 16.894814 3.542560 1.773573 1335562137.138076 0.009995 17.403750 4.161634 1.601450 
1335562137.148005 0.009999 16.821383 3.515964 1.609957 1335562137.148074 0.009998 17.349517 4.129820 1.600954 
1335562137.158023 0.010018 17.145767 3.838264 1.611461 1335562137.158081 0.010007 17.404365 4.171924 1.599543 
1335562137.168023 0.010000 17.152421 3.833011 1.600648 1335562137.168081 0.010000 17.407243 4.179386 1.600648 
1335562137.178023 0.010000 16.865556 3.526310 2.143862 1335562137.178080 0.009999 17.399747 4.166051 1.600801 
1335562137.188025 0.010002 16.844032 3.528688 2.160235 1335562137.188083 0.010003 17.392697 4.156736 1.600153 
1335562137.198027 0.010002 16.865391 3.527163 1.606446 1335562137.198083 0.010000 17.384355 4.170231 1.605226 
1335562137.208005 0.009978 17.190127 3.841437 1.613343 1335562137.208073 0.009990 17.918045 4.681511 1.603780 
1335562137.218023 0.010018 17.130536 3.830648 1.609938 1335562137.218081 0.010008 17.387045 4.160755 1.439264 
1335562137.228023 0.010000 16.847245 3.524784 1.609804 1335562137.228080 0.009999 17.401273 4.175207 1.600801 
1335562137.238024 0.010001 17.152311 3.837223 1.586764 1335562137.238081 0.010001 17.425418 4.185091 1.598970 
1335562137.248025 0.010001 17.167569 3.838749 2.155863 1335562137.248082 0.010001 17.405583 4.182039 1.441819 
1335562137.258025 0.010000 16.886918 3.555301 1.602174 1335562137.258083 0.010001 17.381171 4.162205 1.600496 
1335562137.268024 0.009999 17.149479 3.833377 1.614535 1335562137.268083 0.010000 17.396562 4.176335 1.600648 
1335562137.278021 0.009997 15.159742 3.164131 1.448509 1335562137.278079 0.009996 17.429566 4.179554 1.599771 
1335562137.288010 0.009989 19.250257 4.590305 1.619209 1335562137.288068 0.009989 15.723131 3.806669 1.445068 
1335562137.298023 0.010013 15.183961 3.203200 1.587885 1335562137.298084 0.010016 17.589717 4.379910 1.596572 
1335562137.308026 0.010003 16.867957 3.529793 2.257603 1335562137.308082 0.009998 17.627280 4.387743 1.443758 
1335562137.318026 0.010000 17.164628 3.834537 2.322390 1335562137.318081 0.009999 17.622547 4.387324 1.600801 
1335562137.328026 0.010000 16.860978 3.553775 1.611330 1335562137.328084 0.010003 17.401850 4.167413 1.758795 
1335562137.338023 0.009997 16.863153 3.525876 1.614882 1335562137.338078 0.009994 17.417625 4.174245 1.601603 
1335562137.348024 0.010001 16.825804 3.518345 1.614227 1335562137.348081 0.010003 17.404900 4.184193 1.601678 
1335562137.358022 0.009998 16.868773 3.528508 1.604006 1335562137.358080 0.009999 17.410429 4.173681 1.600801 
1335562137.368006 0.009984 17.173751 3.831503 1.542077 1335562137.368073 0.009993 17.691082 4.455600 1.601756 
1335562137.378006 0.010000 16.828935 3.506473 2.270510 1335562137.378083 0.010010 17.664213 4.443492 1.597523 
1335562137.388025 0.010019 16.804512 3.515027 1.603693 1335562137.388085 0.010002 17.422231 4.196896 1.600343 
1335562137.398023 0.009998 16.873352 3.526982 1.611637 1335562137.398082 0.009997 17.423325 4.186788 1.601145 
1335562137.408023 0.010000 16.816727 3.512577 1.611330 1335562137.408084 0.010002 17.385617 4.169436 1.600343 
1335562137.418018 0.009995 16.869424 3.521969 1.610610 1335562137.418079 0.009995 17.435809 4.181480 1.599924 
1335562137.428005 0.009987 17.290649 3.940318 1.588961 1335562137.428077 0.009998 18.123286 4.882222 1.596375 
1335562137.438006 0.010001 17.155363 3.840275 2.152812 1335562137.438082 0.010005 17.703555 4.473167 1.598322 
1335562137.448026 0.010020 17.375497 4.093369 1.595926 1335562137.448087 0.010005 17.375655 4.165094 1.598322 
1335562137.458025 0.009999 17.167791 3.837955 1.611483 1335562137.458083 0.009996 17.411248 4.181081 1.599771 
1335562137.468022 0.009997 16.846363 3.519771 1.448509 1335562137.468077 0.009994 17.419152 4.169665 1.601603 
1335562137.478021 0.009999 16.853430 3.529698 1.611483 1335562137.478077 0.010000 17.387407 4.153446 1.599123 
1335562137.488025 0.010004 15.130601 3.164919 1.438322 1335562137.488081 0.010004 17.732698 4.429361 1.438322 
1335562137.498014 0.009989 16.868797 3.519488 1.923193 1335562137.498082 0.010001 15.551815 3.724319 1.762224 
1335562137.508005 0.009991 16.841141 3.515762 2.164133 1335562137.508055 0.009973 17.654698 4.401817 1.447382 
1335562137.518017 0.010012 16.834806 3.512966 1.600267 1335562137.518074 0.010019 18.568117 5.345644 1.433120 
1335562137.528006 0.009989 17.159033 3.831110 1.597823 1335562137.528076 0.010002 18.384878 5.156492 1.705609 
1335562137.538022 0.010016 17.664366 4.350964 1.598096 1335562137.538081 0.010005 17.680679 4.468592 2.005529 
1335562137.548007 0.009985 18.660554 5.316523 1.595415 1335562137.548074 0.009993 17.431503 4.185332 1.597175 
1335562137.558025 0.010018 18.087056 4.776506 2.695923 1335562137.558076 0.010002 17.335272 4.103835 2.389073 
1335562137.568026 0.010001 16.900565 3.559539 2.715808 1335562137.568083 0.010007 17.383017 4.155151 1.599543 
1335562137.578025 0.009999 16.850378 3.520542 1.939579 1335562137.578080 0.009997 17.406535 4.176103 1.602671 
1335562137.588027 0.010002 16.860814 3.527163 1.612548 1335562137.588086 0.010006 17.412124 4.187571 1.601220 
1335562137.598021 0.009994 17.182499 3.839878 1.610764 1335562137.598076 0.009990 17.406363 4.174411 1.605308 
1335562137.608022 0.010001 16.880730 3.551911 1.449448 1335562137.608078 0.010002 17.381040 4.161808 1.600343 
1335562137.618022 0.010000 16.835038 3.518680 1.588441 1335562137.618080 0.010002 17.397821 4.178589 1.600343 
1335562137.628026 0.010004 16.832793 3.512679 2.260439 1335562137.628084 0.010004 17.421544 4.182269 1.598475 
1335562137.638023 0.009997 16.835679 3.518245 1.943048 1335562137.638081 0.009997 17.391271 4.171524 1.601145 
1335562137.648024 0.010001 16.838010 3.519870 1.609650 1335562137.648081 0.010000 17.414873 4.171757 1.600648 
1335562137.658023 0.009999 17.157109 3.841007 1.609957 1335562137.658079 0.009998 17.369357 4.155765 1.599428 
1335562137.668022 0.009999 15.196166 3.201602 1.611483 1335562137.668080 0.010001 17.426944 4.178988 1.602022 
1335562137.678020 0.009998 16.839776 3.520878 1.446811 1335562137.678077 0.009997 17.406535 4.171524 1.601145 
1335562137.688029 0.010009 16.813701 3.518544 1.696768 1335562137.688086 0.010009 15.673376 3.780758 1.600724 
1335562137.698026 0.009997 16.847889 3.521297 2.158264 1335562137.698084 0.009998 17.641016 4.399952 1.604006 
1335562137.708025 0.009999 17.192208 3.850163 1.764086 1335562137.708082 0.009998 17.642542 4.406057 1.443758 
1335562137.718026 0.010001 17.152311 3.838749 1.614227 1335562137.718085 0.010003 17.613881 4.390123 1.600153 
1335562137.728022 0.009996 16.857129 3.524686 1.613510 1335562137.728078 0.009993 17.462041 4.202128 1.603283 
1335562137.738020 0.009998 16.833671 3.519351 1.614689 1335562137.738078 0.010000 17.405717 4.167179 1.600648 
1335562137.748023 0.010003 17.182191 3.844027 1.589475 1335562137.748079 0.010001 17.416263 4.180514 1.600496 
1335562137.758026 0.010003 16.822195 3.519115 2.149299 1335562137.758083 0.010004 17.398665 4.165491 1.601525 
1335562137.768026 0.010000 16.845719 3.518680 1.600648 1335562137.768086 0.010003 17.397273 4.173515 1.601678 
1335562137.778026 0.010000 16.831986 3.518680 1.614381 1335562137.778087 0.010001 17.407109 4.180514 1.603547 
1335562137.788004 0.009978 17.203890 3.852142 1.611813 1335562137.788078 0.009991 17.728481 4.484047 1.602100 
1335562137.798024 0.010020 16.810527 3.514693 1.609632 1335562137.798085 0.010007 17.366244 4.158201 1.598018 
1335562137.808023 0.009999 17.140323 3.837955 1.432938 1335562137.808078 0.009993 17.422341 4.173116 1.603283 
1335562137.818020 0.009997 17.174529 3.840305 2.033103 1335562137.818078 0.010000 17.387407 4.158024 1.599123 
1335562137.828027 0.010007 17.120747 3.834938 2.049366 1335562137.828087 0.010009 17.382340 4.166456 1.597675 
1335562137.838024 0.009997 16.905891 3.565562 1.607250 1335562137.838084 0.009997 17.406535 4.169998 1.599618 
1335562137.848026 0.010002 17.149150 3.838383 1.611022 1335562137.848081 0.009997 17.383639 4.165419 1.601145 
1335562137.858024 0.009998 17.175534 3.845952 1.611637 1335562137.858083 0.010002 17.396296 4.158757 1.598818 
1335562137.868023 0.009999 15.446434 3.454923 1.605379 1335562137.868080 0.009997 17.383639 4.157787 1.602671 
1335562137.878023 0.010000 16.912858 3.590396 1.586916 1335562137.878079 0.009999 17.390591 4.161473 1.599275 
1335562137.888026 0.010003 16.825245 3.520641 2.106588 1335562137.888085 0.010006 15.684331 3.783454 1.601220 
1335562137.898024 0.009998 17.152641 3.816955 1.600954 1335562137.898081 0.009996 17.409722 4.173448 1.441015 
1335562137.908026 0.010002 16.882172 3.563777 1.772735 1335562137.908083 0.010002 17.626660 4.390646 1.601869 
1335562137.918021 0.009995 16.843471 3.525023 1.616717 1335562137.918080 0.009997 17.611066 4.386740 1.440878 
1335562137.928023 0.010002 17.165932 3.839908 1.614074 1335562137.928081 0.010001 17.413212 4.171359 1.760698 
1335562137.938021 0.009998 17.141958 3.832217 1.593323 1335562137.938075 0.009994 17.423732 4.186459 1.603130 
1335562137.948005 0.009984 17.201261 3.845257 2.150349 1335562137.948073 0.009998 17.714272 4.471682 1.602480 
1335562137.958023 0.010018 17.249340 3.947928 1.932840 1335562137.958080 0.010007 17.407414 4.168874 1.602592 
1335562137.968026 0.010003 17.141005 3.837925 1.609305 1335562137.968087 0.010007 17.396741 4.165825 1.601067 
1335562137.978007 0.009981 17.729451 4.363185 1.612880 1335562137.978077 0.009990 17.404835 4.165247 1.608363 
1335562137.988020 0.010013 16.841945 3.553693 1.610743 1335562137.988077 0.010000 17.388933 4.170231 1.602174 
1335562137.998019 0.009999 17.500465 4.167577 1.602327 1335562137.998077 0.010000 17.439287 4.190067 1.602174 
1335562138.008023 0.010004 16.849571 3.547760 1.920305 1335562138.008081 0.010004 17.378837 4.159390 1.600000 
1335562138.018026 0.010003 16.846601 3.526742 2.159977 1335562138.018084 0.010003 17.398799 4.161312 1.600153 
1335562138.028026 0.010000 16.821305 3.512577 1.603700 1335562138.028083 0.009999 17.415008 4.176733 1.599275 
1335562138.038024 0.009998 16.833671 3.519351 1.614689 1335562138.038082 0.009999 17.418060 4.179785 1.599275 
1335562138.048004 0.009980 16.855061 3.518096 1.609976 1335562138.048075 0.009993 17.817817 4.574701 1.600229 
1335562138.058020 0.010016 17.103737 3.826898 1.448798 1335562138.058075 0.010000 17.390458 4.164128 1.599123 
1335562138.068020 0.010000 15.177932 3.529361 1.588441 1335562138.068077 0.010002 17.406975 4.169436 1.600343 
1335562138.078024 0.010004 16.840419 3.166444 2.422116 1335562138.078081 0.010004 15.667493 3.768923 1.600000 
1335562138.088029 0.010005 17.107235 3.791440 1.441235 1335562138.088087 0.010006 17.617995 4.388868 1.758292 
1335562138.098026 0.009997 16.889101 3.559456 1.613356 1335562138.098083 0.009996 17.649382 4.405476 1.441015 
1335562138.108023 0.009997 17.169950 3.840305 1.772096 1335562138.108082 0.009999 17.613391 4.378168 1.602327 
1335562138.118023 0.010000 17.160051 3.834537 1.615907 1335562138.118082 0.010000 17.439287 4.196171 1.600648 
1335562138.128023 0.010000 17.163102 3.834537 1.599123 1335562138.128078 0.009996 17.399036 4.168869 1.601298 
1335562138.138023 0.010000 16.867082 3.553775 1.921083 1335562138.138078 0.010000 17.434709 4.188542 1.602174 
1335562138.148026 0.010003 16.820669 3.508437 2.047097 1335562138.148084 0.010006 17.401449 4.175372 1.599695 
1335562138.158024 0.009998 17.151115 3.829164 1.608585 1335562138.158081 0.009997 17.412640 4.182208 1.604197 
1335562138.168026 0.010002 17.135420 3.824653 1.614074 1335562138.168093 0.010012 17.406330 4.186603 1.598743 
1335562138.178021 0.009995 16.844998 3.518916 1.610610 1335562138.178079 0.009986 17.428708 4.199026 1.604431 
1335562138.188022 0.010001 16.818175 3.513767 1.609650 1335562138.188080 0.010001 17.411686 4.165256 1.600496 
1335562138.198023 0.010001 16.844113 3.519870 1.586764 1335562138.198081 0.010001 17.404058 4.178988 1.600496 
1335562138.208026 0.010003 17.142530 3.825722 2.155401 1335562138.208086 0.010005 17.401582 4.166619 1.598322 
1335562138.218027 0.010001 16.839536 3.522922 1.600496 1335562138.218083 0.009997 17.371429 4.153208 1.599618 
1335562138.228026 0.009999 17.175421 3.841007 1.613009 1335562138.228083 0.010000 17.405717 4.170231 1.599123 
1335562138.238023 0.009997 16.878416 3.550298 1.611829 1335562138.238078 0.009995 17.391537 4.161634 1.599924 
1335562138.248022 0.009999 16.829014 3.512912 1.611483 1335562138.248077 0.009999 17.352440 4.149264 1.600801 
1335562138.258023 0.010001 15.182588 3.178106 1.431139 1335562138.258083 0.010006 17.390774 4.157072 1.599695 
1335562138.268024 0.010001 17.140105 4.191194 2.146709 1335562138.268081 0.009998 17.416669 4.178657 1.600954 
1335562138.278025 0.010001 16.865473 3.172003 2.050588 1335562138.278084 0.010003 15.687291 3.784536 1.600153 
1335562138.288029 0.010004 17.174452 3.861964 1.607626 1335562138.288086 0.010002 17.672427 4.453195 1.598818 
1335562138.298021 0.009992 16.894510 3.561240 1.772984 1335562138.298077 0.009991 17.662809 4.412266 1.602100 
1335562138.308023 0.010002 16.848609 3.522586 1.612548 1335562138.308080 0.010003 17.613881 4.405377 1.601678 
1335562138.318022 0.009999 16.830540 3.517490 1.603853 1335562138.318082 0.010002 17.443589 4.192320 1.601869 
1335562138.328023 0.010001 16.833433 3.522922 1.920900 1335562138.328080 0.009998 17.439561 4.201550 1.600954 
1335562138.338026 0.010003 16.835923 3.517590 2.156926 1335562138.338086 0.010006 17.398399 4.172322 1.599695 
1335562138.348024 0.009998 16.859616 3.523930 1.604006 1335562138.348081 0.009995 17.400697 4.173847 1.602977 
1335562138.358024 0.010000 16.848771 3.520206 1.614381 1335562138.358080 0.009999 17.410429 4.170629 1.600801 
1335562138.368006 0.009982 16.877424 3.523455 1.609630 1335562138.368078 0.009998 17.700537 4.462525 1.600954 
1335562138.378006 0.010000 16.850297 3.524784 1.615907 1335562138.378077 0.009999 17.685114 4.452944 1.603853 
1335562138.388024 0.010018 17.132059 3.826079 1.584045 1335562138.388080 0.010003 17.382019 4.153685 1.600153 
1335562138.398027 0.010003 17.154734 3.831824 2.487940 1335562138.398083 0.010003 17.406426 4.170464 1.600153 
1335562138.408006 0.009979 17.196129 3.851774 1.599427 1335562138.408074 0.009991 17.974371 4.742155 1.600573 
1335562138.418026 0.010020 17.102910 3.822305 1.608109 1335562138.418080 0.010006 17.377049 4.173847 1.598170 
1335562138.428009 0.009983 17.245701 3.899121 1.607948 1335562138.428078 0.009998 17.729534 4.482366 1.597902 
1335562138.438023 0.010014 16.802248 3.512214 1.609066 1335562138.438081 0.010003 17.398799 4.171990 1.600153 
1335562138.448023 0.010000 16.862504 3.526310 1.593019 1335562138.448079 0.009998 17.415142 4.183236 1.600954 
1335562138.458020 0.009997 16.853995 3.519771 2.255950 1335562138.458078 0.009999 17.410429 4.176733 1.600801 
1335562138.468025 0.010005 17.157564 3.838719 2.164141 1335562138.468083 0.010005 17.390906 4.162044 1.599847 
1335562138.478024 0.009999 15.481533 3.486969 1.446673 1335562138.478088 0.010005 15.694977 3.791440 1.439710 
1335562138.488026 0.010002 17.117113 3.803294 1.615599 1335562138.488083 0.009995 19.403654 4.833357 1.601450 
1335562138.498021 0.009995 17.173226 3.837985 1.775488 1335562138.498078 0.009995 15.655742 3.744860 1.601450 
1335562138.508022 0.010001 16.897514 3.559539 1.609650 1335562138.508078 0.010000 17.617815 4.382328 1.602174 
1335562138.518023 0.010001 16.853267 3.521396 1.586764 1335562138.518078 0.010000 17.395036 4.170231 1.600648 
1335562138.528023 0.010000 16.845719 3.518680 2.265932 1335562138.528081 0.010003 17.414053 4.175041 1.600153 
1335562138.538025 0.010002 17.158304 3.833806 1.601869 1335562138.538083 0.010002 17.391719 4.169436 1.601869 
1335562138.548020 0.009995 17.339631 4.013549 1.610610 1335562138.548075 0.009992 17.422892 4.172087 1.601947 
1335562138.558021 0.010001 17.314039 4.005054 1.611176 1335562138.558071 0.009996 17.395983 4.159710 1.602824 
1335562138.568022 0.010001 16.882256 3.548859 1.620330 1335562138.568080 0.010009 17.382340 4.163407 1.599200 
1335562138.578020 0.009998 17.163324 3.836795 1.588744 1335562138.578078 0.009998 17.419721 4.183236 1.602480 
1335562138.588026 0.010006 16.814335 3.513534 2.371331 1335562138.588084 0.010006 17.392299 4.157072 1.599695 
1335562138.598026 0.010000 17.152421 3.831486 2.053835 1335562138.598082 0.009998 17.383093 4.160343 1.602480 
1335562138.608027 0.010001 17.176723 3.835697 1.609650 1335562138.608084 0.010002 17.420705 4.178589 1.598818 
1335562138.618020 0.009993 17.164289 3.840244 1.610918 1335562138.618075 0.009991 17.397065 4.163322 1.600573 
1335562138.628023 0.010003 17.154734 3.831824 1.613881 1335562138.628081 0.010006 17.373999 4.158597 1.598170 
1335562138.638020 0.009997 16.922681 3.568614 1.602671 1335562138.638076 0.009995 17.409856 4.164687 1.602977 
1335562138.648021 0.010001 16.799866 3.472573 1.809522 1335562138.648083 0.010007 17.375393 4.158201 1.599543 
1335562138.658024 0.010003 16.822195 3.516064 2.047097 1335562138.658081 0.009998 17.390724 4.164922 1.600954 
1335562138.668027 0.010003 15.447802 3.448947 1.443036 1335562138.668083 0.010002 15.698315 3.783462 1.598818 
1335562138.678027 0.010000 16.903703 3.582767 1.614381 1335562138.678084 0.010001 19.410399 4.819796 1.440294 
1335562138.688022 0.009995 16.867898 3.528076 1.613663 1335562138.688079 0.009995 15.612996 3.741806 1.601450 
1335562138.698021 0.009999 16.854956 3.526646 1.773242 1335562138.698077 0.009998 17.624228 4.384691 1.600954 
1335562138.708022 0.010001 16.836484 3.522922 1.588290 1335562138.708082 0.010005 17.395482 4.168144 1.599847 
1335562138.718026 0.010004 17.148522 3.836034 2.037750 1335562138.718086 0.010004 17.368160 4.153289 1.600000 
1335562138.728026 0.010000 16.886918 3.556827 1.600648 1335562138.728083 0.009997 17.412640 4.165419 1.602671 
1335562138.738024 0.009998 16.859616 3.522404 1.613163 1335562138.738081 0.009998 17.428878 4.195445 1.600954 
1335562138.748022 0.009998 17.149589 3.835269 1.614689 1335562138.748077 0.009996 17.400563 4.161236 1.604351 
1335562138.758024 0.010002 16.897428 3.560726 1.614074 1335562138.758082 0.010005 17.358879 4.139167 1.599847 
1335562138.768020 0.009996 16.854076 3.529266 1.596718 1335562138.768077 0.009995 17.420543 4.167740 1.601450 
1335562138.778022 0.010002 16.833353 3.518009 1.920717 1335562138.778081 0.010004 17.398665 4.157865 1.601525 
1335562138.788017 0.009995 16.869424 3.531129 2.050284 1335562138.788074 0.009993 17.965930 4.722813 1.759030 
1335562138.798026 0.010009 16.822848 3.512446 1.605298 1335562138.798081 0.010007 17.363195 4.147527 1.599543 
1335562138.808026 0.010000 16.825883 3.517154 1.611330 1335562138.808084 0.010003 17.409477 4.161312 1.598627 
1335562138.818023 0.009997 17.173003 3.841832 1.611829 1335562138.818082 0.009998 17.376988 4.151186 1.599428 
1335562138.828022 0.009999 17.135745 3.825747 1.605379 1335562138.828080 0.009998 17.419721 4.169500 1.600954 
1335562138.838023 0.010001 17.176723 3.847903 1.586764 1335562138.838080 0.010000 17.402666 4.162602 1.599123 
1335562138.848024 0.010001 15.190216 3.200992 2.268768 1335562138.848083 0.010003 17.391172 4.158261 1.600153 
1335562138.858006 0.009982 16.871310 3.524983 1.601987 1335562138.858074 0.009991 17.290156 4.053359 1.440210 
1335562138.868006 0.010000 16.851823 3.532413 1.446535 1335562138.868078 0.010004 15.669018 3.733842 1.760153 
1335562138.878007 0.010001 17.332348 3.852481 1.772904 1335562138.878078 0.010000 17.634599 4.393010 1.600648 
1335562138.888017 0.010010 16.838014 3.681315 1.925259 1335562138.888074 0.009996 17.628011 4.390211 1.601298 
1335562138.898018 0.010001 16.866999 3.561065 1.750018 1335562138.898073 0.009999 17.396695 4.162999 1.759508 
1335562138.908023 0.010005 16.844915 3.526070 2.479840 1335562138.908093 0.010020 17.361791 4.145145 1.598972 
1335562138.918026 0.010003 16.832873 3.517590 2.050148 1335562138.918084 0.009991 17.430665 4.178594 1.602100 
1335562138.928027 0.010001 17.144683 3.834172 1.609650 1335562138.928081 0.009997 17.401956 4.182208 1.601145 
1335562138.938023 0.009996 17.168535 3.834566 1.616563 1335562138.938078 0.009997 17.398903 4.162366 1.601145 
1335562138.948005 0.009982 16.892710 3.552498 1.612687 1335562138.948075 0.009997 17.698068 4.460005 1.601145 
1335562138.958022 0.010017 17.213310 3.913362 1.602513 1335562138.958080 0.010005 17.354304 4.146792 1.599847 
1335562138.968022 0.010000 16.886918 3.556827 1.809694 1335562138.968080 0.010000 17.402666 4.171757 1.602174 
1335562138.978007 0.009985 17.427316 4.084814 2.387011 1335562138.978071 0.009991 17.438301 4.180122 1.606682 
1335562138.988024 0.010017 16.861427 3.544723 1.600990 1335562138.988080 0.010009 17.374717 4.158834 1.597675 
1335562138.998022 0.009998 17.644068 4.334327 1.611637 1335562138.998078 0.009998 17.402933 4.177131 1.599428 
1335562139.008022 0.010000 16.891496 3.556827 1.608278 1335562139.008072 0.009994 17.400830 4.172718 1.601603 
1335562139.018020 0.009998 16.819936 3.511721 1.610111 1335562139.018077 0.010005 17.372605 4.148318 1.599847 
1335562139.028022 0.010002 16.860814 3.530214 1.586613 1335562139.028077 0.010000 17.411821 4.164128 1.600648 
1335562139.038026 0.010004 16.819066 3.514204 2.152145 1335562139.038082 0.010005 17.389381 4.175770 1.599847 
1335562139.048004 0.009978 17.214595 3.850613 1.442068 1335562139.048073 0.009991 16.135545 4.201503 1.603627 
1335562139.058032 0.010028 16.794294 3.505849 1.606847 1335562139.058089 0.010016 19.431564 4.821709 1.441181 
1335562139.068022 0.009990 15.161070 3.172430 1.616000 1335562139.068080 0.009991 15.576566 3.735688 1.763990 
1335562139.078023 0.010001 17.178249 3.843326 1.614227 1335562139.078079 0.009999 17.630177 4.398007 1.442094 
1335562139.088022 0.009999 16.882424 3.558692 1.597749 1335562139.088077 0.009998 17.625754 4.389269 1.600954 
1335562139.098023 0.010001 16.842587 3.522922 2.079577 1335562139.098081 0.010004 17.383413 4.168541 1.601525 
1335562139.108025 0.010002 17.149150 3.833806 2.047341 1335562139.108079 0.009998 17.419721 4.172553 1.600954 
1335562139.118024 0.009999 16.851904 3.528172 1.608431 1335562139.118079 0.010000 17.416398 4.182438 1.602174 
1335562139.128025 0.010001 16.844113 3.524448 1.615753 1335562139.128082 0.010003 17.397273 4.171990 1.603203 
1335562139.138023 0.009998 16.850459 3.522404 1.613163 1335562139.138079 0.009997 17.400429 4.168471 1.442404 
1335562139.148024 0.010001 16.827330 3.521396 1.609650 1335562139.148079 0.010000 17.372148 4.154972 1.602174 
1335562139.158021 0.009997 16.844837 3.522824 1.587408 1335562139.158077 0.009998 17.395302 4.152713 1.600954 
1335562139.168026 0.010005 16.844915 3.524545 2.154990 1335562139.168083 0.010006 17.386199 4.163172 1.599695 
1335562139.178025 0.009999 16.829014 3.519016 1.600801 1335562139.178082 0.009999 17.375331 4.155369 1.603853 
1335562139.188026 0.010001 17.161466 3.838749 1.611176 1335562139.188085 0.010003 17.407951 4.170464 1.598627 
1335562139.198023 0.009997 16.875364 3.556404 1.611829 1335562139.198079 0.009994 17.393196 4.162031 1.601603 
1335562139.208022 0.009999 17.169317 3.837955 1.611483 1335562139.208079 0.010000 17.393510 4.165653 1.599123 
1335562139.218024 0.010002 16.824200 3.518009 1.589664 1335562139.218080 0.010001 17.375069 4.149999 1.600496 
1335562139.228024 0.010000 16.865556 3.526310 2.261355 1335562139.228081 0.010001 17.394903 4.165256 1.600496 
1335562139.238024 0.010000 15.165725 3.172305 1.940920 1335562139.238081 0.010000 17.405717 4.162602 1.599123 
1335562139.248025 0.010001 18.530050 3.875367 1.447922 1335562139.248079 0.009998 17.395302 4.163396 1.599428 
1335562139.258026 0.010001 15.153599 3.173529 1.614227 1335562139.258083 0.010004 17.392564 4.162440 1.441373 
1335562139.268023 0.009997 16.867732 3.527403 1.613356 1335562139.268080 0.009997 15.649702 3.756356 1.602671 
1335562139.278020 0.009997 16.857047 3.527403 1.605724 1335562139.278079 0.009999 17.636281 4.396481 1.602327 
1335562139.288028 0.010008 17.153775 3.845153 1.696929 1335562139.288084 0.010005 17.926222 4.698885 1.598322 
1335562139.298026 0.009998 16.900823 3.559032 2.158006 1335562139.298086 0.010002 17.390193 4.158757 1.759005 
1335562139.308025 0.009999 16.853430 3.526646 1.603853 1335562139.308082 0.009996 17.389877 4.156657 1.602824 
1335562139.318026 0.010001 16.848690 3.524448 1.614227 1335562139.318084 0.010002 17.403924 4.161808 1.600343 
1335562139.328022 0.009996 16.832705 3.517054 1.613510 1335562139.328080 0.009996 17.406669 4.168869 1.602824 
1335562139.338007 0.009985 17.251576 3.909074 1.616810 1335562139.338072 0.009992 17.395404 4.158343 1.606528 
1335562139.348023 0.010016 16.870650 3.551154 1.585908 1335562139.348078 0.010006 17.387724 4.149447 1.599695 
1335562139.358025 0.010002 16.834879 3.522586 2.376868 1335562139.358083 0.010005 17.377180 4.154418 1.601373 
1335562139.368006 0.009981 16.896257 3.534577 1.600650 1335562139.368077 0.009994 17.675652 4.455174 1.601603 
1335562139.378006 0.010000 17.166154 3.843693 1.608278 1335562139.378080 0.010003 17.694728 4.467919 1.757270 
1335562139.388020 0.010014 17.149660 3.836770 1.609066 1335562139.388076 0.009996 17.405142 4.162763 1.599771 
1335562139.398022 0.010002 16.837930 3.514958 1.611022 1335562139.398076 0.010000 17.367570 4.147343 1.600648 
1335562139.408023 0.010001 16.851741 3.521396 1.592867 1335562139.408077 0.010001 17.384223 4.156102 1.602022 
1335562139.418023 0.010000 16.830460 3.520206 2.143862 1335562139.418080 0.010003 17.415578 4.168939 1.601678 
1335562139.428027 0.010004 17.146997 3.832984 2.164347 1335562139.428081 0.010001 17.370491 4.154576 1.602022 
1335562139.438025 0.009998 16.902349 3.562084 1.607059 1335562139.438080 0.009999 17.418060 4.167577 1.599275 
1335562139.448034 0.010009 15.156571 3.170958 1.457421 1335562139.448094 0.010014 17.722585 4.437122 1.436884 
1335562139.458020 0.009986 16.849585 3.528221 1.615127 1335562139.458085 0.009991 15.570457 3.728052 1.602100 
1335562139.468023 0.010003 16.881686 3.532844 1.613881 1335562139.468080 0.009995 17.632747 4.389104 1.604504 
1335562139.478022 0.009999 16.825962 3.517490 1.587067 1335562139.478083 0.010003 17.600153 4.382496 1.600153 
1335562139.488025 0.010003 16.860330 3.526742 2.153875 1335562139.488086 0.010003 17.397273 4.164363 1.760320 
