auto-affinity: local task 0: CPUs: 0
auto-affinity: local task 0: CPUs: 0
auto-affinity: local task 0: CPUs: 0
auto-affinity: local task 0: CPUs: 0
auto-affinity: local task 0: CPUs: 0
auto-affinity: local task 0: CPUs: 0
auto-affinity: local task 0: CPUs: 0
auto-affinity: local task 0: CPUs: 0
auto-affinity: local task 0: CPUs: 0
auto-affinity: local task 0: CPUs: 0
auto-affinity: local task 0: CPUs: 0
auto-affinity: local task 0: CPUs: 0
auto-affinity: local task 0: CPUs: 0
auto-affinity: local task 0: CPUs: 0
auto-affinity: local task 0: CPUs: 0
auto-affinity: local task 0: CPUs: 0
auto-affinity: local task 7: CPUs: 7
auto-affinity: local task 4: CPUs: 4
auto-affinity: local task 3: CPUs: 3
auto-affinity: local task 2: CPUs: 2
auto-affinity: local task 1: CPUs: 1
auto-affinity: local task 5: CPUs: 5
auto-affinity: local task 6: CPUs: 6
auto-affinity: local task 7: CPUs: 7
auto-affinity: local task 4: CPUs: 4
auto-affinity: local task 3: CPUs: 3
auto-affinity: local task 1: CPUs: 1
auto-affinity: local task 7: CPUs: 7
auto-affinity: local task 2: CPUs: 2
auto-affinity: local task 4: CPUs: 4
auto-affinity: local task 5: CPUs: 5
auto-affinity: local task 6: CPUs: 6
auto-affinity: local task 6: CPUs: 6
auto-affinity: local task 3: CPUs: 3
auto-affinity: local task 5: CPUs: 5
auto-affinity: local task 1: CPUs: 1
auto-affinity: local task 2: CPUs: 2
auto-affinity: local task 7: CPUs: 7
auto-affinity: local task 7: CPUs: 7
auto-affinity: local task 6: CPUs: 6
auto-affinity: local task 5: CPUs: 5
auto-affinity: local task 7: CPUs: 7
auto-affinity: local task 5: CPUs: 5
auto-affinity: local task 6: CPUs: 6
auto-affinity: local task 4: CPUs: 4
auto-affinity: local task 4: CPUs: 4
auto-affinity: local task 2: CPUs: 2
auto-affinity: local task 5: CPUs: 5
auto-affinity: local task 3: CPUs: 3
auto-affinity: local task 4: CPUs: 4
auto-affinity: local task 6: CPUs: 6
auto-affinity: local task 2: CPUs: 2
auto-affinity: local task 1: CPUs: 1
auto-affinity: local task 3: CPUs: 3
auto-affinity: local task 1: CPUs: 1
auto-affinity: local task 3: CPUs: 3
auto-affinity: local task 1: CPUs: 1
auto-affinity: local task 2: CPUs: 2
auto-affinity: local task 7: CPUs: 7
auto-affinity: local task 6: CPUs: 6
auto-affinity: local task 5: CPUs: 5
auto-affinity: local task 2: CPUs: 2
auto-affinity: local task 4: CPUs: 4
auto-affinity: local task 1: CPUs: 1
auto-affinity: local task 3: CPUs: 3
auto-affinity: local task 7: CPUs: 7
auto-affinity: local task 7: CPUs: 7
auto-affinity: local task 6: CPUs: 6
auto-affinity: local task 4: CPUs: 4
auto-affinity: local task 5: CPUs: 5
auto-affinity: local task 5: CPUs: 5
auto-affinity: local task 2: CPUs: 2
auto-affinity: local task 6: CPUs: 6
auto-affinity: local task 4: CPUs: 4
auto-affinity: local task 3: CPUs: 3
auto-affinity: local task 1: CPUs: 1
auto-affinity: local task 2: CPUs: 2
auto-affinity: local task 3: CPUs: 3
auto-affinity: local task 1: CPUs: 1
auto-affinity: local task 7: CPUs: 7
auto-affinity: local task 6: CPUs: 6
auto-affinity: local task 5: CPUs: 5
auto-affinity: local task 2: CPUs: 2
auto-affinity: local task 4: CPUs: 4
auto-affinity: local task 1: CPUs: 1
auto-affinity: local task 3: CPUs: 3
auto-affinity: local task 7: CPUs: 7
auto-affinity: local task 4: CPUs: 4
auto-affinity: local task 3: CPUs: 3
auto-affinity: local task 2: CPUs: 2
auto-affinity: local task 1: CPUs: 1
auto-affinity: local task 5: CPUs: 5
auto-affinity: local task 6: CPUs: 6
auto-affinity: local task 7: CPUs: 7
auto-affinity: local task 6: CPUs: 6
auto-affinity: local task 4: CPUs: 4
auto-affinity: local task 5: CPUs: 5
auto-affinity: local task 3: CPUs: 3
auto-affinity: local task 2: CPUs: 2
auto-affinity: local task 1: CPUs: 1
auto-affinity: local task 7: CPUs: 7
auto-affinity: local task 4: CPUs: 4
auto-affinity: local task 5: CPUs: 5
auto-affinity: local task 6: CPUs: 6
auto-affinity: local task 3: CPUs: 3
auto-affinity: local task 1: CPUs: 1
auto-affinity: local task 2: CPUs: 2
auto-affinity: local task 7: CPUs: 7
auto-affinity: local task 4: CPUs: 4
auto-affinity: local task 5: CPUs: 5
auto-affinity: local task 6: CPUs: 6
auto-affinity: local task 3: CPUs: 3
auto-affinity: local task 2: CPUs: 2
auto-affinity: local task 1: CPUs: 1
auto-affinity: local task 1: CPUs: 1
auto-affinity: local task 7: CPUs: 7
auto-affinity: local task 4: CPUs: 4
auto-affinity: local task 5: CPUs: 5
auto-affinity: local task 6: CPUs: 6
auto-affinity: local task 3: CPUs: 3
auto-affinity: local task 2: CPUs: 2
auto-affinity: local task 7: CPUs: 7
auto-affinity: local task 4: CPUs: 4
auto-affinity: local task 5: CPUs: 5
auto-affinity: local task 6: CPUs: 6
auto-affinity: local task 3: CPUs: 3
auto-affinity: local task 2: CPUs: 2
auto-affinity: local task 1: CPUs: 1
filename=rzmerl34_rapl_lu.C.128_0000__XXXXXX
filename=rzmerl40_rapl_lu.C.128_0048__XXXXXX
filename=rzmerl46_rapl_lu.C.128_0096__XXXXXX
filename=rzmerl36_rapl_lu.C.128_0016__XXXXXX
filename=rzmerl38_rapl_lu.C.128_0032__XXXXXX
filename=rzmerl44_rapl_lu.C.128_0080__XXXXXX
filename=rzmerl42_rapl_lu.C.128_0064__XXXXXX
filename=rzmerl48_rapl_lu.C.128_0112__XXXXXX
msr_opt.c::79 setting MSR_PKG_POWER_LIMIT to 0x38198 on cpu 0
msr_opt.c::85 setting MSR_PP0_POWER_LIMIT to 0x0 on cpu 0
msr_opt.c::90 setting MSR_DRAM_POWER_LIMIT to 0x0 on cpu 0
msr_opt.c::79 setting MSR_PKG_POWER_LIMIT to 0x38198 on cpu 1
msr_opt.c::85 setting MSR_PP0_POWER_LIMIT to 0x0 on cpu 1
msr_opt.c::90 setting MSR_DRAM_POWER_LIMIT to 0x0 on cpu 1
msr_rapl.c::399 returned from parse_opts
msr_opt.c::79 setting MSR_PKG_POWER_LIMIT to 0x38198 on cpu 0
msr_opt.c::79 setting MSR_PKG_POWER_LIMIT to 0x38198 on cpu 0
msr_opt.c::79 setting MSR_PKG_POWER_LIMIT to 0x38198 on cpu 0
msr_opt.c::79 setting MSR_PKG_POWER_LIMIT to 0x38198 on cpu 0
msr_opt.c::79 setting MSR_PKG_POWER_LIMIT to 0x38198 on cpu 0
msr_opt.c::85 setting MSR_PP0_POWER_LIMIT to 0x0 on cpu 0
msr_opt.c::85 setting MSR_PP0_POWER_LIMIT to 0x0 on cpu 0
msr_opt.c::85 setting MSR_PP0_POWER_LIMIT to 0x0 on cpu 0
msr_opt.c::90 setting MSR_DRAM_POWER_LIMIT to 0x0 on cpu 0
msr_opt.c::90 setting MSR_DRAM_POWER_LIMIT to 0x0 on cpu 0
msr_opt.c::90 setting MSR_DRAM_POWER_LIMIT to 0x0 on cpu 0
msr_opt.c::85 setting MSR_PP0_POWER_LIMIT to 0x0 on cpu 0
msr_opt.c::79 setting MSR_PKG_POWER_LIMIT to 0x38198 on cpu 1
msr_opt.c::79 setting MSR_PKG_POWER_LIMIT to 0x38198 on cpu 1
msr_opt.c::90 setting MSR_DRAM_POWER_LIMIT to 0x0 on cpu 0
msr_opt.c::79 setting MSR_PKG_POWER_LIMIT to 0x38198 on cpu 1
msr_opt.c::79 setting MSR_PKG_POWER_LIMIT to 0x38198 on cpu 1
msr_opt.c::85 setting MSR_PP0_POWER_LIMIT to 0x0 on cpu 1
msr_opt.c::90 setting MSR_DRAM_POWER_LIMIT to 0x0 on cpu 1
msr_opt.c::85 setting MSR_PP0_POWER_LIMIT to 0x0 on cpu 0
msr_opt.c::85 setting MSR_PP0_POWER_LIMIT to 0x0 on cpu 1
msr_opt.c::85 setting MSR_PP0_POWER_LIMIT to 0x0 on cpu 1
msr_opt.c::90 setting MSR_DRAM_POWER_LIMIT to 0x0 on cpu 0
msr_opt.c::79 setting MSR_PKG_POWER_LIMIT to 0x38198 on cpu 1
msr_opt.c::90 setting MSR_DRAM_POWER_LIMIT to 0x0 on cpu 1
msr_opt.c::90 setting MSR_DRAM_POWER_LIMIT to 0x0 on cpu 1
msr_opt.c::85 setting MSR_PP0_POWER_LIMIT to 0x0 on cpu 1
msr_rapl.c::399 returned from parse_opts
msr_rapl.c::399 returned from parse_opts
msr_opt.c::79 setting MSR_PKG_POWER_LIMIT to 0x38198 on cpu 0
msr_opt.c::85 setting MSR_PP0_POWER_LIMIT to 0x0 on cpu 0
msr_opt.c::90 setting MSR_DRAM_POWER_LIMIT to 0x0 on cpu 0
msr_opt.c::79 setting MSR_PKG_POWER_LIMIT to 0x38198 on cpu 1
msr_opt.c::85 setting MSR_PP0_POWER_LIMIT to 0x0 on cpu 1
msr_opt.c::90 setting MSR_DRAM_POWER_LIMIT to 0x0 on cpu 1
msr_rapl.c::399 returned from parse_opts
msr_opt.c::85 setting MSR_PP0_POWER_LIMIT to 0x0 on cpu 1
msr_opt.c::90 setting MSR_DRAM_POWER_LIMIT to 0x0 on cpu 1
msr_rapl.c::399 returned from parse_opts
msr_opt.c::90 setting MSR_DRAM_POWER_LIMIT to 0x0 on cpu 1
msr_rapl.c::399 returned from parse_opts
msr_rapl.c::399 returned from parse_opts
msr_opt.c::79 setting MSR_PKG_POWER_LIMIT to 0x38198 on cpu 0
msr_opt.c::85 setting MSR_PP0_POWER_LIMIT to 0x0 on cpu 0
msr_opt.c::90 setting MSR_DRAM_POWER_LIMIT to 0x0 on cpu 0
msr_opt.c::79 setting MSR_PKG_POWER_LIMIT to 0x38198 on cpu 1
msr_opt.c::85 setting MSR_PP0_POWER_LIMIT to 0x0 on cpu 1
msr_opt.c::90 setting MSR_DRAM_POWER_LIMIT to 0x0 on cpu 1
msr_rapl.c::399 returned from parse_opts
