msr_opt.c::54 c=-1
msr_opt.c::78 setting MSR_PKG_POWER_LIMIT to 0x38208 on cpu 0
msr_opt.c::83 setting MSR_PP0_POWER_LIMIT to 0x0 on cpu 0
msr_opt.c::88 setting MSR_DRAM_POWER_LIMIT to 0x38078 on cpu 0
msr_core.c::64  pwrite returned -1.  fd[0]=17, cpu=0, msr=1560 (618), val=229496 (0x38078).  errno=5
: Input/output error
msr_opt.c::78 setting MSR_PKG_POWER_LIMIT to 0x38208 on cpu 1
msr_opt.c::83 setting MSR_PP0_POWER_LIMIT to 0x0 on cpu 1
msr_opt.c::88 setting MSR_DRAM_POWER_LIMIT to 0x38078 on cpu 1
msr_core.c::64  pwrite returned -1.  fd[1]=18, cpu=1, msr=1560 (618), val=229496 (0x38078).  errno=5
: Input/output error
msr_rapl.c::399 returned from parse_opts
msr_opt.c::54 c=-1
msr_opt.c::78 setting MSR_PKG_POWER_LIMIT to 0x38208 on cpu 0
msr_opt.c::83 setting MSR_PP0_POWER_LIMIT to 0x0 on cpu 0
msr_opt.c::88 setting MSR_DRAM_POWER_LIMIT to 0x38078 on cpu 0
msr_core.c::64  pwrite returned -1.  fd[0]=14, cpu=0, msr=1560 (618), val=229496 (0x38078).  errno=5
: Input/output error
msr_opt.c::78 setting MSR_PKG_POWER_LIMIT to 0x38208 on cpu 1
msr_opt.c::83 setting MSR_PP0_POWER_LIMIT to 0x0 on cpu 1
msr_opt.c::88 setting MSR_DRAM_POWER_LIMIT to 0x38078 on cpu 1
msr_core.c::64  pwrite returned -1.  fd[1]=15, cpu=1, msr=1560 (618), val=229496 (0x38078).  errno=5
: Input/output error
msr_rapl.c::399 returned from parse_opts
msr_opt.c::54 c=-1
msr_opt.c::78 setting MSR_PKG_POWER_LIMIT to 0x38208 on cpu 0
msr_opt.c::83 setting MSR_PP0_POWER_LIMIT to 0x0 on cpu 0
msr_opt.c::88 setting MSR_DRAM_POWER_LIMIT to 0x38078 on cpu 0
msr_core.c::64  pwrite returned -1.  fd[0]=16, cpu=0, msr=1560 (618), val=229496 (0x38078).  errno=5
: Input/output error
msr_opt.c::78 setting MSR_PKG_POWER_LIMIT to 0x38208 on cpu 1
msr_opt.c::83 setting MSR_PP0_POWER_LIMIT to 0x0 on cpu 1
msr_opt.c::88 setting MSR_DRAM_POWER_LIMIT to 0x38078 on cpu 1
msr_core.c::64  pwrite returned -1.  fd[1]=17, cpu=1, msr=1560 (618), val=229496 (0x38078).  errno=5
: Input/output error
msr_rapl.c::399 returned from parse_opts
msr_opt.c::54 c=-1
msr_opt.c::78 setting MSR_PKG_POWER_LIMIT to 0x38208 on cpu 0
msr_opt.c::83 setting MSR_PP0_POWER_LIMIT to 0x0 on cpu 0
msr_opt.c::88 setting MSR_DRAM_POWER_LIMIT to 0x38078 on cpu 0
msr_core.c::64  pwrite returned -1.  fd[0]=14, cpu=0, msr=1560 (618), val=229496 (0x38078).  errno=5
: Input/output error
msr_opt.c::78 setting MSR_PKG_POWER_LIMIT to 0x38208 on cpu 1
msr_opt.c::83 setting MSR_PP0_POWER_LIMIT to 0x0 on cpu 1
msr_opt.c::88 setting MSR_DRAM_POWER_LIMIT to 0x38078 on cpu 1
msr_core.c::64  pwrite returned -1.  fd[1]=15, cpu=1, msr=1560 (618), val=229496 (0x38078).  errno=5
: Input/output error
msr_rapl.c::399 returned from parse_opts
msr_opt.c::54 c=-1
msr_opt.c::78 setting MSR_PKG_POWER_LIMIT to 0x38208 on cpu 0
msr_opt.c::83 setting MSR_PP0_POWER_LIMIT to 0x0 on cpu 0
msr_opt.c::88 setting MSR_DRAM_POWER_LIMIT to 0x38078 on cpu 0
msr_core.c::64  pwrite returned -1.  fd[0]=13, cpu=0, msr=1560 (618), val=229496 (0x38078).  errno=5
: Input/output error
msr_opt.c::78 setting MSR_PKG_POWER_LIMIT to 0x38208 on cpu 1
msr_opt.c::83 setting MSR_PP0_POWER_LIMIT to 0x0 on cpu 1
msr_opt.c::88 setting MSR_DRAM_POWER_LIMIT to 0x38078 on cpu 1
msr_core.c::64  pwrite returned -1.  fd[1]=14, cpu=1, msr=1560 (618), val=229496 (0x38078).  errno=5
: Input/output error
msr_rapl.c::399 returned from parse_opts
msr_opt.c::54 c=-1
msr_opt.c::78 setting MSR_PKG_POWER_LIMIT to 0x38208 on cpu 0
msr_opt.c::83 setting MSR_PP0_POWER_LIMIT to 0x0 on cpu 0
msr_opt.c::88 setting MSR_DRAM_POWER_LIMIT to 0x38078 on cpu 0
msr_core.c::64  pwrite returned -1.  fd[0]=13, cpu=0, msr=1560 (618), val=229496 (0x38078).  errno=5
: Input/output error
msr_opt.c::78 setting MSR_PKG_POWER_LIMIT to 0x38208 on cpu 1
msr_opt.c::83 setting MSR_PP0_POWER_LIMIT to 0x0 on cpu 1
msr_opt.c::88 setting MSR_DRAM_POWER_LIMIT to 0x38078 on cpu 1
msr_core.c::64  pwrite returned -1.  fd[1]=14, cpu=1, msr=1560 (618), val=229496 (0x38078).  errno=5
: Input/output error
msr_rapl.c::399 returned from parse_opts
msr_opt.c::54 c=-1
msr_opt.c::78 setting MSR_PKG_POWER_LIMIT to 0x38208 on cpu 0
msr_opt.c::83 setting MSR_PP0_POWER_LIMIT to 0x0 on cpu 0
msr_opt.c::88 setting MSR_DRAM_POWER_LIMIT to 0x38078 on cpu 0
msr_core.c::64  pwrite returned -1.  fd[0]=13, cpu=0, msr=1560 (618), val=229496 (0x38078).  errno=5
: Input/output error
msr_opt.c::78 setting MSR_PKG_POWER_LIMIT to 0x38208 on cpu 1
msr_opt.c::83 setting MSR_PP0_POWER_LIMIT to 0x0 on cpu 1
msr_opt.c::88 setting MSR_DRAM_POWER_LIMIT to 0x38078 on cpu 1
msr_core.c::64  pwrite returned -1.  fd[1]=14, cpu=1, msr=1560 (618), val=229496 (0x38078).  errno=5
: Input/output error
msr_rapl.c::399 returned from parse_opts
msr_opt.c::54 c=-1
msr_opt.c::78 setting MSR_PKG_POWER_LIMIT to 0x38208 on cpu 0
msr_opt.c::83 setting MSR_PP0_POWER_LIMIT to 0x0 on cpu 0
msr_opt.c::88 setting MSR_DRAM_POWER_LIMIT to 0x38078 on cpu 0
msr_core.c::64  pwrite returned -1.  fd[0]=13, cpu=0, msr=1560 (618), val=229496 (0x38078).  errno=5
: Input/output error
msr_opt.c::78 setting MSR_PKG_POWER_LIMIT to 0x38208 on cpu 1
msr_opt.c::83 setting MSR_PP0_POWER_LIMIT to 0x0 on cpu 1
msr_opt.c::88 setting MSR_DRAM_POWER_LIMIT to 0x38078 on cpu 1
msr_core.c::64  pwrite returned -1.  fd[1]=14, cpu=1, msr=1560 (618), val=229496 (0x38078).  errno=5
: Input/output error
msr_rapl.c::399 returned from parse_opts
msr_opt.c::54 c=-1
msr_opt.c::78 setting MSR_PKG_POWER_LIMIT to 0x38208 on cpu 0
msr_opt.c::83 setting MSR_PP0_POWER_LIMIT to 0x0 on cpu 0
msr_opt.c::88 setting MSR_DRAM_POWER_LIMIT to 0x38078 on cpu 0
msr_core.c::64  pwrite returned -1.  fd[0]=14, cpu=0, msr=1560 (618), val=229496 (0x38078).  errno=5
: Input/output error
msr_opt.c::78 setting MSR_PKG_POWER_LIMIT to 0x38208 on cpu 1
msr_opt.c::83 setting MSR_PP0_POWER_LIMIT to 0x0 on cpu 1
msr_opt.c::88 setting MSR_DRAM_POWER_LIMIT to 0x38078 on cpu 1
msr_core.c::64  pwrite returned -1.  fd[1]=15, cpu=1, msr=1560 (618), val=229496 (0x38078).  errno=5
: Input/output error
msr_rapl.c::399 returned from parse_opts
msr_opt.c::54 c=-1
msr_opt.c::78 setting MSR_PKG_POWER_LIMIT to 0x38208 on cpu 0
msr_opt.c::83 setting MSR_PP0_POWER_LIMIT to 0x0 on cpu 0
msr_opt.c::88 setting MSR_DRAM_POWER_LIMIT to 0x38078 on cpu 0
msr_core.c::64  pwrite returned -1.  fd[0]=15, cpu=0, msr=1560 (618), val=229496 (0x38078).  errno=5
: Input/output error
msr_opt.c::78 setting MSR_PKG_POWER_LIMIT to 0x38208 on cpu 1
msr_opt.c::83 setting MSR_PP0_POWER_LIMIT to 0x0 on cpu 1
msr_opt.c::88 setting MSR_DRAM_POWER_LIMIT to 0x38078 on cpu 1
msr_core.c::64  pwrite returned -1.  fd[1]=16, cpu=1, msr=1560 (618), val=229496 (0x38078).  errno=5
: Input/output error
msr_rapl.c::399 returned from parse_opts
msr_opt.c::54 c=-1
msr_opt.c::78 setting MSR_PKG_POWER_LIMIT to 0x38208 on cpu 0
msr_opt.c::83 setting MSR_PP0_POWER_LIMIT to 0x0 on cpu 0
msr_opt.c::88 setting MSR_DRAM_POWER_LIMIT to 0x38078 on cpu 0
msr_core.c::64  pwrite returned -1.  fd[0]=13, cpu=0, msr=1560 (618), val=229496 (0x38078).  errno=5
: Input/output error
msr_opt.c::78 setting MSR_PKG_POWER_LIMIT to 0x38208 on cpu 1
msr_opt.c::83 setting MSR_PP0_POWER_LIMIT to 0x0 on cpu 1
msr_opt.c::88 setting MSR_DRAM_POWER_LIMIT to 0x38078 on cpu 1
msr_core.c::64  pwrite returned -1.  fd[1]=14, cpu=1, msr=1560 (618), val=229496 (0x38078).  errno=5
: Input/output error
msr_rapl.c::399 returned from parse_opts
msr_opt.c::54 c=-1
msr_opt.c::78 setting MSR_PKG_POWER_LIMIT to 0x38208 on cpu 0
msr_opt.c::83 setting MSR_PP0_POWER_LIMIT to 0x0 on cpu 0
msr_opt.c::88 setting MSR_DRAM_POWER_LIMIT to 0x38078 on cpu 0
msr_core.c::64  pwrite returned -1.  fd[0]=13, cpu=0, msr=1560 (618), val=229496 (0x38078).  errno=5
: Input/output error
msr_opt.c::78 setting MSR_PKG_POWER_LIMIT to 0x38208 on cpu 1
msr_opt.c::54 c=-1
msr_opt.c::78 setting MSR_PKG_POWER_LIMIT to 0x38208 on cpu 0
msr_opt.c::83 setting MSR_PP0_POWER_LIMIT to 0x0 on cpu 0
msr_opt.c::88 setting MSR_DRAM_POWER_LIMIT to 0x38078 on cpu 0
msr_core.c::64  pwrite returned -1.  fd[0]=13, cpu=0, msr=1560 (618), val=229496 (0x38078).  errno=5
: Input/output error
msr_opt.c::78 setting MSR_PKG_POWER_LIMIT to 0x38208 on cpu 1
msr_opt.c::54 c=-1
msr_opt.c::78 setting MSR_PKG_POWER_LIMIT to 0x38208 on cpu 0
msr_opt.c::83 setting MSR_PP0_POWER_LIMIT to 0x0 on cpu 0
msr_opt.c::88 setting MSR_DRAM_POWER_LIMIT to 0x38078 on cpu 0
msr_core.c::64  pwrite returned -1.  fd[0]=15, cpu=0, msr=1560 (618), val=229496 (0x38078).  errno=5
: Input/output error
msr_opt.c::78 setting MSR_PKG_POWER_LIMIT to 0x38208 on cpu 1
msr_opt.c::54 c=-1
msr_opt.c::78 setting MSR_PKG_POWER_LIMIT to 0x38208 on cpu 0
msr_opt.c::83 setting MSR_PP0_POWER_LIMIT to 0x0 on cpu 0
msr_opt.c::88 setting MSR_DRAM_POWER_LIMIT to 0x38078 on cpu 0
msr_core.c::64  pwrite returned -1.  fd[0]=14, cpu=0, msr=1560 (618), val=229496 (0x38078).  errno=5
: Input/output error
msr_opt.c::78 setting MSR_PKG_POWER_LIMIT to 0x38208 on cpu 1
msr_opt.c::83 setting MSR_PP0_POWER_LIMIT to 0x0 on cpu 1
msr_opt.c::88 setting MSR_DRAM_POWER_LIMIT to 0x38078 on cpu 1
msr_core.c::64  pwrite returned -1.  fd[1]=15, cpu=1, msr=1560 (618), val=229496 (0x38078).  errno=5
: Input/output error
msr_rapl.c::399 returned from parse_opts
msr_opt.c::54 c=-1
msr_opt.c::78 setting MSR_PKG_POWER_LIMIT to 0x38208 on cpu 0
msr_opt.c::83 setting MSR_PP0_POWER_LIMIT to 0x0 on cpu 0
msr_opt.c::88 setting MSR_DRAM_POWER_LIMIT to 0x38078 on cpu 0
msr_core.c::64  pwrite returned -1.  fd[0]=13, cpu=0, msr=1560 (618), val=229496 (0x38078).  errno=5
: Input/output error
msr_opt.c::78 setting MSR_PKG_POWER_LIMIT to 0x38208 on cpu 1
msr_opt.c::83 setting MSR_PP0_POWER_LIMIT to 0x0 on cpu 1
msr_opt.c::88 setting MSR_DRAM_POWER_LIMIT to 0x38078 on cpu 1
msr_core.c::64  pwrite returned -1.  fd[1]=14, cpu=1, msr=1560 (618), val=229496 (0x38078).  errno=5
: Input/output error
msr_rapl.c::399 returned from parse_opts
msr_opt.c::83 setting MSR_PP0_POWER_LIMIT to 0x0 on cpu 1
msr_opt.c::88 setting MSR_DRAM_POWER_LIMIT to 0x38078 on cpu 1
msr_core.c::64  pwrite returned -1.  fd[1]=14, cpu=1, msr=1560 (618), val=229496 (0x38078).  errno=5
: Input/output error
msr_rapl.c::399 returned from parse_opts
msr_opt.c::83 setting MSR_PP0_POWER_LIMIT to 0x0 on cpu 1
msr_opt.c::88 setting MSR_DRAM_POWER_LIMIT to 0x38078 on cpu 1
msr_core.c::64  pwrite returned -1.  fd[1]=14, cpu=1, msr=1560 (618), val=229496 (0x38078).  errno=5
: Input/output error
msr_rapl.c::399 returned from parse_opts
msr_opt.c::83 setting MSR_PP0_POWER_LIMIT to 0x0 on cpu 1
msr_opt.c::88 setting MSR_DRAM_POWER_LIMIT to 0x38078 on cpu 1
msr_core.c::64  pwrite returned -1.  fd[1]=16, cpu=1, msr=1560 (618), val=229496 (0x38078).  errno=5
: Input/output error
msr_rapl.c::399 returned from parse_opts
# QQQ elapsed PKG_Watts_0 PP0_Watts_0 DRAM_Watts_0 PKG_Info_Max_Window_Sec_0 PKG_Info_Max_Window_Bits_0 PKG_Info_Max_Power_Watts_0 PKG_Info_Max_Power_Bits_0 PKG_Info_Min_Power_Watts_0 PKG_Info_Min_Power_Bits_0 PKG_Info_Thermal_Spec_Watts_0 PKG_Info_Thermal_Spec_Bits_0 DRAM_Info_Max_Window_Sec_0 DRAM_Info_Max_Window_Bits_0 DRAM_Info_Max_Power_Watts_0 DRAM_Info_Max_Power_Bits_0 DRAM_Info_Min_Power_Watts_0 DRAM_Info_Min_Power_Bits_0 DRAM_Info_Thermal_Spec_Watts_0 DRAM_Info_Thermal_Spec_Bits_0 Units_Power_Bits_0 Units_Energy_Bits_0 Units_Time_Bits_0 Units_Power_Watts_0 Units_Energy_Joules_0 Units_Time_Seconds_0 PKG_Limit2_Enable_0 PKG_Limit2_Clamp_0 PKG_Limit2_Time_Bits_0 PKG_Limit2_Power_Bits_0 PKG_Limit2_Mult_Bits_0 PKG_Limit2_Mult_Float_0 PKG_Limit2_Time_Seconds_0 PKG_Limit2_Power_Watts_0 PKG_Limit1_Enable_0 PKG_Limit1_Clamp_0 PKG_Limit1_Time_Bits_0 PKG_Limit1_Power_Bits_0 PKG_Limit1_Mult_Bits_0 PKG_Limit1_Mult_Float_0 PKG_Limit1_Time_Seconds_0 PKG_Limit1_Power_Watts_0 PP0_Limit1_Enable_0 PP0_Limit1_Clamp_0 PP# QQQ elapsed PKG_Watts_0 PP0_Watts_0 DRAM_Watts_0 PKG_Info_Max_Window_Sec_0 PKG_Info_Max_Window_Bits_0 PKG_Info_Max_Power_Watts_0 PKG_Info_Max_Power_Bits_0 PKG_Info_Min_Power_Watts_0 PKG_Info_Min_Power_Bits_0 PKG_Info_Thermal_Spec_Watts_0 PKG_Info_Thermal_Spec_Bits_0 DRAM_Info_Max_Window_Sec_0 DRAM_Info_Max_Window_Bits_0 DRAM_Info_Max_Power_Watts_0 DRAM_Info_Max_Power_Bits_0 DRAM_Info_Min_Power_Watts_0 DRAM_Info_Min_Power_Bits_0 DRAM_Info_Thermal_Spec_Watts_0 DRAM_Info_Thermal_Spec_Bits_0 Units_Power_Bits_0 Units_Energy_Bits_0 Units_Time_Bits_0 Units_Power_Watts_0 Units_Energy_Joules_0 Units_Time_Seconds_0 PKG_Limit2_Enable_0 PKG_Limit2_Clamp_0 PKG_Limit2_Time_Bits_0 PKG_Limit2_Power_Bits_0 PKG_Limit2_Mult_Bits_0 PKG_Limit2_Mult_Float_0 PKG_Limit2_Time_Seconds_0 PKG_Limit2_Power_Watts_0 PKG_Limit1_Enable_0 PKG_Limit1_Clamp_0 PKG_Limit1_Time_Bits_0 PKG_Limit1_Power_Bits_0 PKG_Limit1_Mult_Bits_0 PKG_Limit1_Mult_Float_0 PKG_Limit1_Time_Seconds_0 PKG_Limit1_Power_Watts_0 PP0_Limit1_Enable_0 PP0_Limit1_Clamp_0 PP# QQQ elapsed PKG_Watts_0 PP0_Watts_0 DRAM_Watts_0 PKG_Info_Max_Window_Sec_0 PKG_Info_Max_Window_Bits_0 PKG_Info_Max_Power_Watts_0 PKG_Info_Max_Power_Bits_0 PKG_Info_Min_Power_Watts_0 PKG_Info_Min_Power_Bits_0 PKG_Info_Thermal_Spec_Watts_0 PKG_Info_Thermal_Spec_Bits_0 DRAM_Info_Max_Window_Sec_0 DRAM_Info_Max_Window_Bits_0 DRAM_Info_Max_Power_Watts_0 DRAM_Info_Max_Power_Bits_0 DRAM_Info_Min_Power_Watts_0 DRAM_Info_Min_Power_Bits_0 DRAM_Info_Thermal_Spec_Watts_0 DRAM_Info_Thermal_Spec_Bits_0 Units_Power_Bits_0 Units_Energy_Bits_0 Units_Time_Bits_0 Units_Power_Watts_0 Units_Energy_Joules_0 Units_Time_Seconds_0 PKG_Limit2_Enable_0 PKG_Limit2_Clamp_0 PKG_Limit2_Time_Bits_0 PKG_Limit2_Power_Bits_0 PKG_Limit2_Mult_Bits_0 PKG_Limit2_Mult_Float_0 PKG_Limit2_Time_Seconds_0 PKG_Limit2_Power_Watts_0 PKG_Limit1_Enable_0 PKG_Limit1_Clamp_0 PKG_Limit1_Time_Bits_0 PKG_Limit1_Power_Bits_0 PKG_Limit1_Mult_Bits_0 PKG_Limit1_Mult_Float_0 PKG_Limit1_Time_Seconds_0 PKG_Limit1_Power_Watts_0 PP0_Limit1_Enable_0 PP0_Limit1_Clamp_0 PP# QQQ elapsed PKG_Watts_0 PP0_Watts_0 DRAM_Watts_0 PKG_Info_Max_Window_Sec_0 PKG_Info_Max_Window_Bits_0 PKG_Info_Max_Power_Watts_0 PKG_Info_Max_Power_Bits_0 PKG_Info_Min_Power_Watts_0 PKG_Info_Min_Power_Bits_0 PKG_Info_Thermal_Spec_Watts_0 PKG_Info_Thermal_Spec_Bits_0 DRAM_Info_Max_Window_Sec_0 DRAM_Info_Max_Window_Bits_0 DRAM_Info_Max_Power_Watts_0 DRAM_Info_Max_Power_Bits_0 DRAM_Info_Min_Power_Watts_0 DRAM_Info_Min_Power_Bits_0 DRAM_Info_Thermal_Spec_Watts_0 DRAM_Info_Thermal_Spec_Bits_0 Units_Power_Bits_0 Units_Energy_Bits_0 Units_Time_Bits_0 Units_Power_Watts_0 Units_Energy_Joules_0 Units_Time_Seconds_0 PKG_Limit2_Enable_0 PKG_Limit2_Clamp_0 PKG_Limit2_Time_Bits_0 PKG_Limit2_Power_Bits_0 PKG_Limit2_Mult_Bits_0 PKG_Limit2_Mult_Float_0 PKG_Limit2_Time_Seconds_0 PKG_Limit2_Power_Watts_0 PKG_Limit1_Enable_0 PKG_Limit1_Clamp_0 PKG_Limit1_Time_Bits_0 PKG_Limit1_Power_Bits_0 PKG_Limit1_Mult_Bits_0 PKG_Limit1_Mult_Float_0 PKG_Limit1_Time_Seconds_0 PKG_Limit1_Power_Watts_0 PP0_Limit1_Enable_0 PP0_Limit1_Clamp_0 PP# QQQ elapsed PKG_Watts_0 PP0_Watts_0 DRAM_Watts_0 PKG_Info_Max_Window_Sec_0 PKG_Info_Max_Window_Bits_0 PKG_Info_Max_Power_Watts_0 PKG_Info_Max_Power_Bits_0 PKG_Info_Min_Power_Watts_0 PKG_Info_Min_Power_Bits_0 PKG_Info_Thermal_Spec_Watts_0 PKG_Info_Thermal_Spec_Bits_0 DRAM_Info_Max_Window_Sec_0 DRAM_Info_Max_Window_Bits_0 DRAM_Info_Max_Power_Watts_0 DRAM_Info_Max_Power_Bits_0 DRAM_Info_Min_Power_Watts_0 DRAM_Info_Min_Power_Bits_0 DRAM_Info_Thermal_Spec_Watts_0 DRAM_Info_Thermal_Spec_Bits_0 Units_Power_Bits_0 Units_Energy_Bits_0 Units_Time_Bits_0 Units_Power_Watts_0 Units_Energy_Joules_0 Units_Time_Seconds_0 PKG_Limit2_Enable_0 PKG_Limit2_Clamp_0 PKG_Limit2_Time_Bits_0 PKG_Limit2_Power_Bits_0 PKG_Limit2_Mult_Bits_0 PKG_Limit2_Mult_Float_0 PKG_Limit2_Time_Seconds_0 PKG_Limit2_Power_Watts_0 PKG_Limit1_Enable_0 PKG_Limit1_Clamp_0 PKG_Limit1_Time_Bits_0 PKG_Limit1_Power_Bits_0 PKG_Limit1_Mult_Bits_0 PKG_Limit1_Mult_Float_0 PKG_Limit1_Time_Seconds_0 PKG_Limit1_Power_Watts_0 PP0_Limit1_Enable_0 PP0_Limit1_Clamp_0 PP# QQQ elapsed PKG_Watts_0 PP0_Watts_0 DRAM_Watts_0 PKG_Info_Max_Window_Sec_0 PKG_Info_Max_Window_Bits_0 PKG_Info_Max_Power_Watts_0 PKG_Info_Max_Power_Bits_0 PKG_Info_Min_Power_Watts_0 PKG_Info_Min_Power_Bits_0 PKG_Info_Thermal_Spec_Watts_0 PKG_Info_Thermal_Spec_Bits_0 DRAM_Info_Max_Window_Sec_0 DRAM_Info_Max_Window_Bits_0 DRAM_Info_Max_Power_Watts_0 DRAM_Info_Max_Power_Bits_0 DRAM_Info_Min_Power_Watts_0 DRAM_Info_Min_Power_Bits_0 DRAM_Info_Thermal_Spec_Watts_0 DRAM_Info_Thermal_Spec_Bits_0 Units_Power_Bits_0 Units_Energy_Bits_0 Units_Time_Bits_0 Units_Power_Watts_0 Units_Energy_Joules_0 Units_Time_Seconds_0 PKG_Limit2_Enable_0 PKG_Limit2_Clamp_0 PKG_Limit2_Time_Bits_0 PKG_Limit2_Power_Bits_0 PKG_Limit2_Mult_Bits_0 PKG_Limit2_Mult_Float_0 PKG_Limit2_Time_Seconds_0 PKG_Limit2_Power_Watts_0 PKG_Limit1_Enable_0 PKG_Limit1_Clamp_0 PKG_Limit1_Time_Bits_0 PKG_Limit1_Power_Bits_0 PKG_Limit1_Mult_Bits_0 PKG_Limit1_Mult_Float_0 PKG_Limit1_Time_Seconds_0 PKG_Limit1_Power_Watts_0 PP0_Limit1_Enable_0 PP0_Limit1_Clamp_0 PP# QQQ elapsed PKG_Watts_0 PP0_Watts_0 DRAM_Watts_0 PKG_Info_Max_Window_Sec_0 PKG_Info_Max_Window_Bits_0 PKG_Info_Max_Power_Watts_0 PKG_Info_Max_Power_Bits_0 PKG_Info_Min_Power_Watts_0 PKG_Info_Min_Power_Bits_0 PKG_Info_Thermal_Spec_Watts_0 PKG_Info_Thermal_Spec_Bits_0 DRAM_Info_Max_Window_Sec_0 DRAM_Info_Max_Window_Bits_0 DRAM_Info_Max_Power_Watts_0 DRAM_Info_Max_Power_Bits_0 DRAM_Info_Min_Power_Watts_0 DRAM_Info_Min_Power_Bits_0 DRAM_Info_Thermal_Spec_Watts_0 DRAM_Info_Thermal_Spec_Bits_0 Units_Power_Bits_0 Units_Energy_Bits_0 Units_Time_Bits_0 Units_Power_Watts_0 Units_Energy_Joules_0 Units_Time_Seconds_0 PKG_Limit2_Enable_0 PKG_Limit2_Clamp_0 PKG_Limit2_Time_Bits_0 PKG_Limit2_Power_Bits_0 PKG_Limit2_Mult_Bits_0 PKG_Limit2_Mult_Float_0 PKG_Limit2_Time_Seconds_0 PKG_Limit2_Power_Watts_0 PKG_Limit1_Enable_0 PKG_Limit1_Clamp_0 PKG_Limit1_Time_Bits_0 PKG_Limit1_Power_Bits_0 PKG_Limit1_Mult_Bits_0 PKG_Limit1_Mult_Float_0 PKG_Limit1_Time_Seconds_0 PKG_Limit1_Power_Watts_0 PP0_Limit1_Enable_0 PP0_Limit1_Clamp_0 PP# QQQ elapsed PKG_Watts_0 PP0_Watts_0 DRAM_Watts_0 PKG_Info_Max_Window_Sec_0 PKG_Info_Max_Window_Bits_0 PKG_Info_Max_Power_Watts_0 PKG_Info_Max_Power_Bits_0 PKG_Info_Min_Power_Watts_0 PKG_Info_Min_Power_Bits_0 PKG_Info_Thermal_Spec_Watts_0 PKG_Info_Thermal_Spec_Bits_0 DRAM_Info_Max_Window_Sec_0 DRAM_Info_Max_Window_Bits_0 DRAM_Info_Max_Power_Watts_0 DRAM_Info_Max_Power_Bits_0 DRAM_Info_Min_Power_Watts_0 DRAM_Info_Min_Power_Bits_0 DRAM_Info_Thermal_Spec_Watts_0 DRAM_Info_Thermal_Spec_Bits_0 Units_Power_Bits_0 Units_Energy_Bits_0 Units_Time_Bits_0 Units_Power_Watts_0 Units_Energy_Joules_0 Units_Time_Seconds_0 PKG_Limit2_Enable_0 PKG_Limit2_Clamp_0 PKG_Limit2_Time_Bits_0 PKG_Limit2_Power_Bits_0 PKG_Limit2_Mult_Bits_0 PKG_Limit2_Mult_Float_0 PKG_Limit2_Time_Seconds_0 PKG_Limit2_Power_Watts_0 PKG_Limit1_Enable_0 PKG_Limit1_Clamp_0 PKG_Limit1_Time_Bits_0 PKG_Limit1_Power_Bits_0 PKG_Limit1_Mult_Bits_0 PKG_Limit1_Mult_Float_0 PKG_Limit1_Time_Seconds_0 PKG_Limit1_Power_Watts_0 PP0_Limit1_Enable_0 PP0_Limit1_Clamp_0 PP# QQQ elapsed PKG_Watts_0 PP0_Watts_0 DRAM_Watts_0 PKG_Info_Max_Window_Sec_0 PKG_Info_Max_Window_Bits_0 PKG_Info_Max_Power_Watts_0 PKG_Info_Max_Power_Bits_0 PKG_Info_Min_Power_Watts_0 PKG_Info_Min_Power_Bits_0 PKG_Info_Thermal_Spec_Watts_0 PKG_Info_Thermal_Spec_Bits_0 DRAM_Info_Max_Window_Sec_0 DRAM_Info_Max_Window_Bits_0 DRAM_Info_Max_Power_Watts_0 DRAM_Info_Max_Power_Bits_0 DRAM_Info_Min_Power_Watts_0 DRAM_Info_Min_Power_Bits_0 DRAM_Info_Thermal_Spec_Watts_0 DRAM_Info_Thermal_Spec_Bits_0 Units_Power_Bits_0 Units_Energy_Bits_0 Units_Time_Bits_0 Units_Power_Watts_0 Units_Energy_Joules_0 Units_Time_Seconds_0 PKG_Limit2_Enable_0 PKG_Limit2_Clamp_0 PKG_Limit2_Time_Bits_0 PKG_Limit2_Power_Bits_0 PKG_Limit2_Mult_Bits_0 PKG_Limit2_Mult_Float_0 PKG_Limit2_Time_Seconds_0 PKG_Limit2_Power_Watts_0 PKG_Limit1_Enable_0 PKG_Limit1_Clamp_0 PKG_Limit1_Time_Bits_0 PKG_Limit1_Power_Bits_0 PKG_Limit1_Mult_Bits_0 PKG_Limit1_Mult_Float_0 PKG_Limit1_Time_Seconds_0 PKG_Limit1_Power_Watts_0 PP0_Limit1_Enable_0 PP0_Limit1_Clamp_0 PP# QQQ elapsed PKG_Watts_0 PP0_Watts_0 DRAM_Watts_0 PKG_Info_Max_Window_Sec_0 PKG_Info_Max_Window_Bits_0 PKG_Info_Max_Power_Watts_0 PKG_Info_Max_Power_Bits_0 PKG_Info_Min_Power_Watts_0 PKG_Info_Min_Power_Bits_0 PKG_Info_Thermal_Spec_Watts_0 PKG_Info_Thermal_Spec_Bits_0 DRAM_Info_Max_Window_Sec_0 DRAM_Info_Max_Window_Bits_0 DRAM_Info_Max_Power_Watts_0 DRAM_Info_Max_Power_Bits_0 DRAM_Info_Min_Power_Watts_0 DRAM_Info_Min_Power_Bits_0 DRAM_Info_Thermal_Spec_Watts_0 DRAM_Info_Thermal_Spec_Bits_0 Units_Power_Bits_0 Units_Energy_Bits_0 Units_Time_Bits_0 Units_Power_Watts_0 Units_Energy_Joules_0 Units_Time_Seconds_0 PKG_Limit2_Enable_0 PKG_Limit2_Clamp_0 PKG_Limit2_Time_Bits_0 PKG_Limit2_Power_Bits_0 PKG_Limit2_Mult_Bits_0 PKG_Limit2_Mult_Float_0 PKG_Limit2_Time_Seconds_0 PKG_Limit2_Power_Watts_0 PKG_Limit1_Enable_0 PKG_Limit1_Clamp_0 PKG_Limit1_Time_Bits_0 PKG_Limit1_Power_Bits_0 PKG_Limit1_Mult_Bits_0 PKG_Limit1_Mult_Float_0 PKG_Limit1_Time_Seconds_0 PKG_Limit1_Power_Watts_0 PP0_Limit1_Enable_0 PP0_Limit1_Clamp_0 PP# QQQ elapsed PKG_Watts_0 PP0_Watts_0 DRAM_Watts_0 PKG_Info_Max_Window_Sec_0 PKG_Info_Max_Window_Bits_0 PKG_Info_Max_Power_Watts_0 PKG_Info_Max_Power_Bits_0 PKG_Info_Min_Power_Watts_0 PKG_Info_Min_Power_Bits_0 PKG_Info_Thermal_Spec_Watts_0 PKG_Info_Thermal_Spec_Bits_0 DRAM_Info_Max_Window_Sec_0 DRAM_Info_Max_Window_Bits_0 DRAM_Info_Max_Power_Watts_0 DRAM_Info_Max_Power_Bits_0 DRAM_Info_Min_Power_Watts_0 DRAM_Info_Min_Power_Bits_0 DRAM_Info_Thermal_Spec_Watts_0 DRAM_Info_Thermal_Spec_Bits_0 Units_Power_Bits_0 Units_Energy_Bits_0 Units_Time_Bits_0 Units_Power_Watts_0 Units_Energy_Joules_0 Units_Time_Seconds_0 PKG_Limit2_Enable_0 PKG_Limit2_Clamp_0 PKG_Limit2_Time_Bits_0 PKG_Limit2_Power_Bits_0 PKG_Limit2_Mult_Bits_0 PKG_Limit2_Mult_Float_0 PKG_Limit2_Time_Seconds_0 PKG_Limit2_Power_Watts_0 PKG_Limit1_Enable_0 PKG_Limit1_Clamp_0 PKG_Limit1_Time_Bits_0 PKG_Limit1_Power_Bits_0 PKG_Limit1_Mult_Bits_0 PKG_Limit1_Mult_Float_0 PKG_Limit1_Time_Seconds_0 PKG_Limit1_Power_Watts_0 PP0_Limit1_Enable_0 PP0_Limit1_Clamp_0 PP0_Limit1_Time_Bits_0 PP0_Limit1_Power_Bits_0 PP0_Limit1_Mult_Bits_0 PP0_Limit1_Mult_Float_0 PP0_Limit1_Time_Seconds_0 PP0_Limit1_Power_Watts_0 DRAM_Limit1_Enable_0 DRAM_Limit1_Clamp_0 DRAM_Limit1_Time_Bits_0 DRAM_Limit1_Power_Bits_0 DRAM_Limit1_Mult_Bits_0 DRAM_Limit1_Mult_Float_0 DRAM_Limit1_Time_Seconds_0 DRAM_Limit1_Power_Watts_0 PKG_Watts_1 PP0_Watts_1 DRAM_Watts_1 PKG_Info_Max_Window_Sec_1 PKG_Info_Max_Window_Bits_1 PKG_Info_Max_Power_Watts_1 PKG_Info_Max_Power_Bits_1 PKG_Info_Min_Power_Watts_1 PKG_Info_Min_Power_Bits_1 PKG_Info_Thermal_Spec_Watts_1 PKG_Info_Thermal_Spec_Bits_1 DRAM_Info_Max_Window_Sec_1 DRAM_Info_Max_Window_Bits_1 DRAM_Info_Max_Power_Watts_1 DRAM_Info_Max_Power_Bits_1 DRAM_Info_Min_Power_Watts_1 DRAM_Info_Min_Power_Bits_1 DRAM_Info_Thermal_Spec_Watts_1 DRAM_Info_Thermal_Spec_Bits_1 Units_Power_Bits_1 Units_Energy_Bits_1 Units_Time_Bits_1 Units_Power_Watts_1 Units_Energy_Joules_1 Units_Time_Seconds_1 PKG_Limit2_Enable_1 PKG_Limit2_Clamp_1 PKG_Limit2_Time_Bits_1 PKG_Limit2_Power_Bits_1 PK# QQQ elapsed PKG_Watts_0 PP0_Watts_0 DRAM_Watts_0 PKG_Info_Max_Window_Sec_0 PKG_Info_Max_Window_Bits_0 PKG_Info_Max_Power_Watts_0 PKG_Info_Max_Power_Bits_0 PKG_Info_Min_Power_Watts_0 PKG_Info_Min_Power_Bits_0 PKG_Info_Thermal_Spec_Watts_0 PKG_Info_Thermal_Spec_Bits_0 DRAM_Info_Max_Window_Sec_0 DRAM_Info_Max_Window_Bits_0 DRAM_Info_Max_Power_Watts_0 DRAM_Info_Max_Power_Bits_0 DRAM_Info_Min_Power_Watts_0 DRAM_Info_Min_Power_Bits_0 DRAM_Info_Thermal_Spec_Watts_0 DRAM_Info_Thermal_Spec_Bits_0 Units_Power_Bits_0 Units_Energy_Bits_0 Units_Time_Bits_0 Units_Power_Watts_0 Units_Energy_Joules_0 Units_Time_Seconds_0 PKG_Limit2_Enable_0 PKG_Limit2_Clamp_0 PKG_Limit2_Time_Bits_0 PKG_Limit2_Power_Bits_0 PKG_Limit2_Mult_Bits_0 PKG_Limit2_Mult_Float_0 PKG_Limit2_Time_Seconds_0 PKG_Limit2_Power_Watts_0 PKG_Limit1_Enable_0 PKG_Limit1_Clamp_0 PKG_Limit1_Time_Bits_0 PKG_Limit1_Power_Bits_0 PKG_Limit1_Mult_Bits_0 PKG_Limit1_Mult_Float_0 PKG_Limit1_Time_Seconds_0 PKG_Limit1_Power_Watts_0 PP0_Limit1_Enable_0 PP0_Limit1_Clamp_0 PP0_Limit1_Time_Bits_0 PP0_Limit1_Power_Bits_0 PP0_Limit1_Mult_Bits_0 PP0_Limit1_Mult_Float_0 PP0_Limit1_Time_Seconds_0 PP0_Limit1_Power_Watts_0 DRAM_Limit1_Enable_0 DRAM_Limit1_Clamp_0 DRAM_Limit1_Time_Bits_0 DRAM_Limit1_Power_Bits_0 DRAM_Limit1_Mult_Bits_0 DRAM_Limit1_Mult_Float_0 DRAM_Limit1_Time_Seconds_0 DRAM_Limit1_Power_Watts_0 PKG_Watts_1 PP0_Watts_1 DRAM_Watts_1 PKG_Info_Max_Window_Sec_1 PKG_Info_Max_Window_Bits_1 PKG_Info_Max_Power_Watts_1 PKG_Info_Max_Power_Bits_1 PKG_Info_Min_Power_Watts_1 PKG_Info_Min_Power_Bits_1 PKG_Info_Thermal_Spec_Watts_1 PKG_Info_Thermal_Spec_Bits_1 DRAM_Info_Max_Window_Sec_1 DRAM_Info_Max_Window_Bits_1 DRAM_Info_Max_Power_Watts_1 DRAM_Info_Max_Power_Bits_1 DRAM_Info_Min_Power_Watts_1 DRAM_Info_Min_Power_Bits_1 DRAM_Info_Thermal_Spec_Watts_1 DRAM_Info_Thermal_Spec_Bits_1 Units_Power_Bits_1 Units_Energy_Bits_1 Units_Time_Bits_1 Units_Power_Watts_1 Units_Energy_Joules_1 Units_Time_Seconds_1 PKG_Limit2_Enable_1 PKG_Limit2_Clamp_1 PKG_Limit2_Time_Bits_1 PKG_Limit2_Power_Bits_1 PKG_Limit2_Mult_Bits_1 PKG_Limit2_Mult_Float_1 PKG_Limit2_Time_Seconds_1 PKG_Limit2_Power_Watts_1 PKG_Limit1_Enable_1 PKG_Limit1_Clamp_1 PKG_Limit1_Time_Bits_1 PKG_Limit1_Power_Bits_1 PKG_Limit1_Mult_Bits_1 PKG_Limit1_Mult_Float_1 PKG_Limit1_Time_Seconds_1 PKG_Limit1_Power_Watts_1 PP0_Limit1_Enable_1 PP0_Limit1_Clamp_1 PP0_Limit1_Time_Bits_1 PP0_Limit1_Power_Bits_1 PP0_Limit1_Mult_Bits_1 PP0_Limit1_Mult_Float_1 PP0_Limit1_Time_Seconds_1 PP0_Limit1_Power_Watts_1 DRAM_Limit1_Enable_1 DRAM_Limit1_Clamp_1 DRAM_Limit1_Time_Bits_1 DRAM_Limit1_Power_Bits_1 DRAM_Limit1_Mult_Bits_1 DRAM_Limit1_Mult_Float_1 DRAM_Limit1_Time_Seconds_1 DRAM_Limit1_Power_Watts_1 
ZZZ 2.684910 44.713734 31.480016 6.105425 0.045898 47 180.000000 1440 51.000000 408 115.000000 920 0.039062 40 75.000000 600 15.000000 120 35.000000 280 3 16 10 0.125000 0.000015 0.000977 0 0 0 0 0 1.000000 0.000000 0.000000 1 1 1 520 0 1.000000 0.000977 65.000000 0 0 0 0 0 1.000000 0.000000 0.000000 0 0 0 0 0 1.000000 0.000000 0.000000 46.367575 33.138227 3.139921 0.045898 47 180.000000 1440 51.000000 408 115.000000 920 0.039062 40 75.000000 600 15.000000 120 35.000000 280 3 16 10 0.125000 0.000015 0.000977 0 0 0 0 0 1.000000 0.000000 0.000000 1 1 1 520 0 1.000000 0.000977 65.000000 0 0 0 0 0 1.000000 0.000000 0.000000 0 0 0 0 0 1.000000 0.000000 0.000000 
0_Limit1_Time_Bits_0 PP0_Limit1_Power_Bits_0 PP0_Limit1_Mult_Bits_0 PP0_Limit1_Mult_Float_0 PP0_Limit1_Time_Seconds_0 PP0_Limit1_Power_Watts_0 DRAM_Limit1_Enable_0 DRAM_Limit1_Clamp_0 DRAM_Limit1_Time_Bits_0 DRAM_Limit1_Power_Bits_0 DRAM_Limit1_Mult_Bits_0 DRAM_Limit1_Mult_Float_0 DRAM_Limit1_Time_Seconds_0 DRAM_Limit1_Power_Watts_0 PKG_Watts_1 PP0_Watts_1 DRAM_Watts_1 PKG_Info_Max_Window_Sec_1 PKG_Info_Max_Window_Bits_1 PKG_Info_Max_Power_Watts_1 PKG_Info_Max_Power_Bits_1 PKG_Info_Min_Power_Watts_1 PKG_Info_Min_Power_Bits_1 PKG_Info_Thermal_Spec_Watts_1 PKG_Info_Thermal_Spec_Bits_1 DRAM_Info_Max_Window_Sec_1 DRAM_Info_Max_Window_Bits_1 DRAM_Info_Max_Power_Watts_1 DRAM_Info_Max_Power_Bits_1 DRAM_Info_Min_Power_Watts_1 DRAM_Info_Min_Power_Bits_1 DRAM_Info_Thermal_Spec_Watts_1 DRAM_Info_Thermal_Spec_Bits_1 Units_Power_Bits_1 Units_Energy_Bits_1 Units_Time_Bits_1 Units_Power_Watts_1 Units_Energy_Joules_1 Units_Time_Seconds_1 PKG_Limit2_Enable_1 PKG_Limit2_Clamp_1 PKG_Limit2_Time_Bits_1 PKG_Limit2_Power_Bits_1 PK0_Limit1_Time_Bits_0 PP0_Limit1_Power_Bits_0 PP0_Limit1_Mult_Bits_0 PP0_Limit1_Mult_Float_0 PP0_Limit1_Time_Seconds_0 PP0_Limit1_Power_Watts_0 DRAM_Limit1_Enable_0 DRAM_Limit1_Clamp_0 DRAM_Limit1_Time_Bits_0 DRAM_Limit1_Power_Bits_0 DRAM_Limit1_Mult_Bits_0 DRAM_Limit1_Mult_Float_0 DRAM_Limit1_Time_Seconds_0 DRAM_Limit1_Power_Watts_0 PKG_Watts_1 PP0_Watts_1 DRAM_Watts_1 PKG_Info_Max_Window_Sec_1 PKG_Info_Max_Window_Bits_1 PKG_Info_Max_Power_Watts_1 PKG_Info_Max_Power_Bits_1 PKG_Info_Min_Power_Watts_1 PKG_Info_Min_Power_Bits_1 PKG_Info_Thermal_Spec_Watts_1 PKG_Info_Thermal_Spec_Bits_1 DRAM_Info_Max_Window_Sec_1 DRAM_Info_Max_Window_Bits_1 DRAM_Info_Max_Power_Watts_1 DRAM_Info_Max_Power_Bits_1 DRAM_Info_Min_Power_Watts_1 DRAM_Info_Min_Power_Bits_1 DRAM_Info_Thermal_Spec_Watts_1 DRAM_Info_Thermal_Spec_Bits_1 Units_Power_Bits_1 Units_Energy_Bits_1 Units_Time_Bits_1 Units_Power_Watts_1 Units_Energy_Joules_1 Units_Time_Seconds_1 PKG_Limit2_Enable_1 PKG_Limit2_Clamp_1 PKG_Limit2_Time_Bits_1 PKG_Limit2_Power_Bits_1 PK0_Limit1_Time_Bits_0 PP0_Limit1_Power_Bits_0 PP0_Limit1_Mult_Bits_0 PP0_Limit1_Mult_Float_0 PP0_Limit1_Time_Seconds_0 PP0_Limit1_Power_Watts_0 DRAM_Limit1_Enable_0 DRAM_Limit1_Clamp_0 DRAM_Limit1_Time_Bits_0 DRAM_Limit1_Power_Bits_0 DRAM_Limit1_Mult_Bits_0 DRAM_Limit1_Mult_Float_0 DRAM_Limit1_Time_Seconds_0 DRAM_Limit1_Power_Watts_0 PKG_Watts_1 PP0_Watts_1 DRAM_Watts_1 PKG_Info_Max_Window_Sec_1 PKG_Info_Max_Window_Bits_1 PKG_Info_Max_Power_Watts_1 PKG_Info_Max_Power_Bits_1 PKG_Info_Min_Power_Watts_1 PKG_Info_Min_Power_Bits_1 PKG_Info_Thermal_Spec_Watts_1 PKG_Info_Thermal_Spec_Bits_1 DRAM_Info_Max_Window_Sec_1 DRAM_Info_Max_Window_Bits_1 DRAM_Info_Max_Power_Watts_1 DRAM_Info_Max_Power_Bits_1 DRAM_Info_Min_Power_Watts_1 DRAM_Info_Min_Power_Bits_1 DRAM_Info_Thermal_Spec_Watts_1 DRAM_Info_Thermal_Spec_Bits_1 Units_Power_Bits_1 Units_Energy_Bits_1 Units_Time_Bits_1 Units_Power_Watts_1 Units_Energy_Joules_1 Units_Time_Seconds_1 PKG_Limit2_Enable_1 PKG_Limit2_Clamp_1 PKG_Limit2_Time_Bits_1 PKG_Limit2_Power_Bits_1 PK0_Limit1_Time_Bits_0 PP0_Limit1_Power_Bits_0 PP0_Limit1_Mult_Bits_0 PP0_Limit1_Mult_Float_0 PP0_Limit1_Time_Seconds_0 PP0_Limit1_Power_Watts_0 DRAM_Limit1_Enable_0 DRAM_Limit1_Clamp_0 DRAM_Limit1_Time_Bits_0 DRAM_Limit1_Power_Bits_0 DRAM_Limit1_Mult_Bits_0 DRAM_Limit1_Mult_Float_0 DRAM_Limit1_Time_Seconds_0 DRAM_Limit1_Power_Watts_0 PKG_Watts_1 PP0_Watts_1 DRAM_Watts_1 PKG_Info_Max_Window_Sec_1 PKG_Info_Max_Window_Bits_1 PKG_Info_Max_Power_Watts_1 PKG_Info_Max_Power_Bits_1 PKG_Info_Min_Power_Watts_1 PKG_Info_Min_Power_Bits_1 PKG_Info_Thermal_Spec_Watts_1 PKG_Info_Thermal_Spec_Bits_1 DRAM_Info_Max_Window_Sec_1 DRAM_Info_Max_Window_Bits_1 DRAM_Info_Max_Power_Watts_1 DRAM_Info_Max_Power_Bits_1 DRAM_Info_Min_Power_Watts_1 DRAM_Info_Min_Power_Bits_1 DRAM_Info_Thermal_Spec_Watts_1 DRAM_Info_Thermal_Spec_Bits_1 Units_Power_Bits_1 Units_Energy_Bits_1 Units_Time_Bits_1 Units_Power_Watts_1 Units_Energy_Joules_1 Units_Time_Seconds_1 PKG_Limit2_Enable_1 PKG_Limit2_Clamp_1 PKG_Limit2_Time_Bits_1 PKG_Limit2_Power_Bits_1 PK0_Limit1_Time_Bits_0 PP0_Limit1_Power_Bits_0 PP0_Limit1_Mult_Bits_0 PP0_Limit1_Mult_Float_0 PP0_Limit1_Time_Seconds_0 PP0_Limit1_Power_Watts_0 DRAM_Limit1_Enable_0 DRAM_Limit1_Clamp_0 DRAM_Limit1_Time_Bits_0 DRAM_Limit1_Power_Bits_0 DRAM_Limit1_Mult_Bits_0 DRAM_Limit1_Mult_Float_0 DRAM_Limit1_Time_Seconds_0 DRAM_Limit1_Power_Watts_0 PKG_Watts_1 PP0_Watts_1 DRAM_Watts_1 PKG_Info_Max_Window_Sec_1 PKG_Info_Max_Window_Bits_1 PKG_Info_Max_Power_Watts_1 PKG_Info_Max_Power_Bits_1 PKG_Info_Min_Power_Watts_1 PKG_Info_Min_Power_Bits_1 PKG_Info_Thermal_Spec_Watts_1 PKG_Info_Thermal_Spec_Bits_1 DRAM_Info_Max_Window_Sec_1 DRAM_Info_Max_Window_Bits_1 DRAM_Info_Max_Power_Watts_1 DRAM_Info_Max_Power_Bits_1 DRAM_Info_Min_Power_Watts_1 DRAM_Info_Min_Power_Bits_1 DRAM_Info_Thermal_Spec_Watts_1 DRAM_Info_Thermal_Spec_Bits_1 Units_Power_Bits_1 Units_Energy_Bits_1 Units_Time_Bits_1 Units_Power_Watts_1 Units_Energy_Joules_1 Units_Time_Seconds_1 PKG_Limit2_Enable_1 PKG_Limit2_Clamp_1 PKG_Limit2_Time_Bits_1 PKG_Limit2_Power_Bits_1 PK# QQQ elapsed PKG_Watts_0 PP0_Watts_0 DRAM_Watts_0 PKG_Info_Max_Window_Sec_0 PKG_Info_Max_Window_Bits_0 PKG_Info_Max_Power_Watts_0 PKG_Info_Max_Power_Bits_0 PKG_Info_Min_Power_Watts_0 PKG_Info_Min_Power_Bits_0 PKG_Info_Thermal_Spec_Watts_0 PKG_Info_Thermal_Spec_Bits_0 DRAM_Info_Max_Window_Sec_0 DRAM_Info_Max_Window_Bits_0 DRAM_Info_Max_Power_Watts_0 DRAM_Info_Max_Power_Bits_0 DRAM_Info_Min_Power_Watts_0 DRAM_Info_Min_Power_Bits_0 DRAM_Info_Thermal_Spec_Watts_0 DRAM_Info_Thermal_Spec_Bits_0 Units_Power_Bits_0 Units_Energy_Bits_0 Units_Time_Bits_0 Units_Power_Watts_0 Units_Energy_Joules_0 Units_Time_Seconds_0 PKG_Limit2_Enable_0 PKG_Limit2_Clamp_0 PKG_Limit2_Time_Bits_0 PKG_Limit2_Power_Bits_0 PKG_Limit2_Mult_Bits_0 PKG_Limit2_Mult_Float_0 PKG_Limit2_Time_Seconds_0 PKG_Limit2_Power_Watts_0 PKG_Limit1_Enable_0 PKG_Limit1_Clamp_0 PKG_Limit1_Time_Bits_0 PKG_Limit1_Power_Bits_0 PKG_Limit1_Mult_Bits_0 PKG_Limit1_Mult_Float_0 PKG_Limit1_Time_Seconds_0 PKG_Limit1_Power_Watts_0 PP0_Limit1_Enable_0 PP0_Limit1_Clamp_0 PP0_Limit1_Time_Bits_0 PP0_Limit1_Power_Bits_0 PP0_Limit1_Mult_Bits_0 PP0_Limit1_Mult_Float_0 PP0_Limit1_Time_Seconds_0 PP0_Limit1_Power_Watts_0 DRAM_Limit1_Enable_0 DRAM_Limit1_Clamp_0 DRAM_Limit1_Time_Bits_0 DRAM_Limit1_Power_Bits_0 DRAM_Limit1_Mult_Bits_0 DRAM_Limit1_Mult_Float_0 DRAM_Limit1_Time_Seconds_0 DRAM_Limit1_Power_Watts_0 PKG_Watts_1 PP0_Watts_1 DRAM_Watts_1 PKG_Info_Max_Window_Sec_1 PKG_Info_Max_Window_Bits_1 PKG_Info_Max_Power_Watts_1 PKG_Info_Max_Power_Bits_1 PKG_Info_Min_Power_Watts_1 PKG_Info_Min_Power_Bits_1 PKG_Info_Thermal_Spec_Watts_1 PKG_Info_Thermal_Spec_Bits_1 DRAM_Info_Max_Window_Sec_1 DRAM_Info_Max_Window_Bits_1 DRAM_Info_Max_Power_Watts_1 DRAM_Info_Max_Power_Bits_1 DRAM_Info_Min_Power_Watts_1 DRAM_Info_Min_Power_Bits_1 DRAM_Info_Thermal_Spec_Watts_1 DRAM_Info_Thermal_Spec_Bits_1 Units_Power_Bits_1 Units_Energy_Bits_1 Units_Time_Bits_1 Units_Power_Watts_1 Units_Energy_Joules_1 Units_Time_Seconds_1 PKG_Limit2_Enable_1 PKG_Limit2_Clamp_1 PKG_Limit2_Time_Bits_1 PKG_Limit2_Power_Bits_1 PKG_Limit2_Mult_Bits_1 PKG_Limit2_Mult_Float_1 PKG_Limit2_Time_Seconds_1 PKG_Limit2_Power_Watts_1 PKG_Limit1_Enable_1 PKG_Limit1_Clamp_1 PKG_Limit1_Time_Bits_1 PKG_Limit1_Power_Bits_1 PKG_Limit1_Mult_Bits_1 PKG_Limit1_Mult_Float_1 PKG_Limit1_Time_Seconds_1 PKG_Limit1_Power_Watts_1 PP0_Limit1_Enable_1 PP0_Limit1_Clamp_1 PP0_Limit1_Time_Bits_1 PP0_Limit1_Power_Bits_1 PP0_Limit1_Mult_Bits_1 PP0_Limit1_Mult_Float_1 PP0_Limit1_Time_Seconds_1 PP0_Limit1_Power_Watts_1 DRAM_Limit1_Enable_1 DRAM_Limit1_Clamp_1 DRAM_Limit1_Time_Bits_1 DRAM_Limit1_Power_Bits_1 DRAM_Limit1_Mult_Bits_1 DRAM_Limit1_Mult_Float_1 DRAM_Limit1_Time_Seconds_1 DRAM_Limit1_Power_Watts_1 
0_Limit1_Time_Bits_0 PP0_Limit1_Power_Bits_0 PP0_Limit1_Mult_Bits_0 PP0_Limit1_Mult_Float_0 PP0_Limit1_Time_Seconds_0 PP0_Limit1_Power_Watts_0 DRAM_Limit1_Enable_0 DRAM_Limit1_Clamp_0 DRAM_Limit1_Time_Bits_0 DRAM_Limit1_Power_Bits_0 DRAM_Limit1_Mult_Bits_0 DRAM_Limit1_Mult_Float_0 DRAM_Limit1_Time_Seconds_0 DRAM_Limit1_Power_Watts_0 PKG_Watts_1 PP0_Watts_1 DRAM_Watts_1 PKG_Info_Max_Window_Sec_1 PKG_Info_Max_Window_Bits_1 PKG_Info_Max_Power_Watts_1 PKG_Info_Max_Power_Bits_1 PKG_Info_Min_Power_Watts_1 PKG_Info_Min_Power_Bits_1 PKG_Info_Thermal_Spec_Watts_1 PKG_Info_Thermal_Spec_Bits_1 DRAM_Info_Max_Window_Sec_1 DRAM_Info_Max_Window_Bits_1 DRAM_Info_Max_Power_Watts_1 DRAM_Info_Max_Power_Bits_1 DRAM_Info_Min_Power_Watts_1 DRAM_Info_Min_Power_Bits_1 DRAM_Info_Thermal_Spec_Watts_1 DRAM_Info_Thermal_Spec_Bits_1 Units_Power_Bits_1 Units_Energy_Bits_1 Units_Time_Bits_1 Units_Power_Watts_1 Units_Energy_Joules_1 Units_Time_Seconds_1 PKG_Limit2_Enable_1 PKG_Limit2_Clamp_1 PKG_Limit2_Time_Bits_1 PKG_Limit2_Power_Bits_1 PKG_Limit2_Mult_Bits_1 PKG_Limit2_Mult_Float_1 PKG_Limit2_Time_Seconds_1 PKG_Limit2_Power_Watts_1 PKG_Limit1_Enable_1 PKG_Limit1_Clamp_1 PKG_Limit1_Time_Bits_1 PKG_Limit1_Power_Bits_1 PKG_Limit1_Mult_Bits_1 PKG_Limit1_Mult_Float_1 PKG_Limit1_Time_Seconds_1 PKG_Limit1_Power_Watts_1 PP0_Limit1_Enable_1 PP0_Limit1_Clamp_1 PP0_Limit1_Time_Bits_1 PP0_Limit1_Power_Bits_1 PP0_Limit1_Mult_Bits_1 PP0_Limit1_Mult_Float_1 PP0_Limit1_Time_Seconds_1 PP0_Limit1_Power_Watts_1 DRAM_Limit1_Enable_1 DRAM_Limit1_Clamp_1 DRAM_Limit1_Time_Bits_1 DRAM_Limit1_Power_Bits_1 DRAM_Limit1_Mult_Bits_1 DRAM_Limit1_Mult_Float_1 DRAM_Limit1_Time_Seconds_1 DRAM_Limit1_Power_Watts_1 
# QQQ elapsed PKG_Watts_0 PP0_Watts_0 DRAM_Watts_0 PKG_Info_Max_Window_Sec_0 PKG_Info_Max_Window_Bits_0 PKG_Info_Max_Power_Watts_0 PKG_Info_Max_Power_Bits_0 PKG_Info_Min_Power_Watts_0 PKG_Info_Min_Power_Bits_0 PKG_Info_Thermal_Spec_Watts_0 PKG_Info_Thermal_Spec_Bits_0 DRAM_Info_Max_Window_Sec_0 DRAM_Info_Max_Window_Bits_0 DRAM_Info_Max_Power_Watts_0 DRAM_Info_Max_Power_Bits_0 DRAM_Info_Min_Power_Watts_0 DRAM_Info_Min_Power_Bits_0 DRAM_Info_Thermal_Spec_Watts_0 DRAM_Info_Thermal_Spec_Bits_0 Units_Power_Bits_0 Units_Energy_Bits_0 Units_Time_Bits_0 Units_Power_Watts_0 Units_Energy_Joules_0 Units_Time_Seconds_0 PKG_Limit2_Enable_0 PKG_Limit2_Clamp_0 PKG_Limit2_Time_Bits_0 PKG_Limit2_Power_Bits_0 PKG_Limit2_Mult_Bits_0 PKG_Limit2_Mult_Float_0 PKG_Limit2_Time_Seconds_0 PKG_Limit2_Power_Watts_0 PKG_Limit1_Enable_0 PKG_Limit1_Clamp_0 PKG_Limit1_Time_Bits_0 PKG_Limit1_Power_Bits_0 PKG_Limit1_Mult_Bits_0 PKG_Limit1_Mult_Float_0 PKG_Limit1_Time_Seconds_0 PKG_Limit1_Power_Watts_0 PP0_Limit1_Enable_0 PP0_Limit1_Clamp_0 PPG_Limit2_Mult_Bits_1 PKG_Limit2_Mult_Float_1 PKG_Limit2_Time_Seconds_1 PKG_Limit2_Power_Watts_1 PKG_Limit1_Enable_1 PKG_Limit1_Clamp_1 PKG_Limit1_Time_Bits_1 PKG_Limit1_Power_Bits_1 PKG_Limit1_Mult_Bits_1 PKG_Limit1_Mult_Float_1 PKG_Limit1_Time_Seconds_1 PKG_Limit1_Power_Watts_1 PP0_Limit1_Enable_1 PP0_Limit1_Clamp_1 PP0_Limit1_Time_Bits_1 PP0_Limit1_Power_Bits_1 PP0_Limit1_Mult_Bits_1 PP0_Limit1_Mult_Float_1 PP0_Limit1_Time_Seconds_1 PP0_Limit1_Power_Watts_1 DRAM_Limit1_Enable_1 DRAM_Limit1_Clamp_1 DRAM_Limit1_Time_Bits_1 DRAM_Limit1_Power_Bits_1 DRAM_Limit1_Mult_Bits_1 DRAM_Limit1_Mult_Float_1 DRAM_Limit1_Time_Seconds_1 DRAM_Limit1_Power_Watts_1 
# QQQ elapsed PKG_Watts_0 PP0_Watts_0 DRAM_Watts_0 PKG_Info_Max_Window_Sec_0 PKG_Info_Max_Window_Bits_0 PKG_Info_Max_Power_Watts_0 PKG_Info_Max_Power_Bits_0 PKG_Info_Min_Power_Watts_0 PKG_Info_Min_Power_Bits_0 PKG_Info_Thermal_Spec_Watts_0 PKG_Info_Thermal_Spec_Bits_0 DRAM_Info_Max_Window_Sec_0 DRAM_Info_Max_Window_Bits_0 DRAM_Info_Max_Power_Watts_0 DRAM_Info_Max_Power_Bits_0 DRAM_Info_Min_Power_Watts_0 DRAM_Info_Min_Power_Bits_0 DRAM_Info_Thermal_Spec_Watts_0 DRAM_Info_Thermal_Spec_Bits_0 Units_Power_Bits_0 Units_Energy_Bits_0 Units_Time_Bits_0 Units_Power_Watts_0 Units_Energy_Joules_0 Units_Time_Seconds_0 PKG_Limit2_Enable_0 PKG_Limit2_Clamp_0 PKG_Limit2_Time_Bits_0 PKG_Limit2_Power_Bits_0 PKG_Limit2_Mult_Bits_0 PKG_Limit2_Mult_Float_0 PKG_Limit2_Time_Seconds_0 PKG_Limit2_Power_Watts_0 PKG_Limit1_Enable_0 PKG_Limit1_Clamp_0 PKG_Limit1_Time_Bits_0 PKG_Limit1_Power_Bits_0 PKG_Limit1_Mult_Bits_0 PKG_Limit1_Mult_Float_0 PKG_Limit1_Time_Seconds_0 PKG_Limit1_Power_Watts_0 PP0_Limit1_Enable_0 PP0_Limit1_Clamp_0 PP0_Limit1_Time_Bits_0 PP0_Limit1_Power_Bits_0 PP0_Limit1_Mult_Bits_0 PP0_Limit1_Mult_Float_0 PP0_Limit1_Time_Seconds_0 PP0_Limit1_Power_Watts_0 DRAM_Limit1_Enable_0 DRAM_Limit1_Clamp_0 DRAM_Limit1_Time_Bits_0 DRAM_Limit1_Power_Bits_0 DRAM_Limit1_Mult_Bits_0 DRAM_Limit1_Mult_Float_0 DRAM_Limit1_Time_Seconds_0 DRAM_Limit1_Power_Watts_0 PKG_Watts_1 PP0_Watts_1 DRAM_Watts_1 PKG_Info_Max_Window_Sec_1 PKG_Info_Max_Window_Bits_1 PKG_Info_Max_Power_Watts_1 PKG_Info_Max_Power_Bits_1 PKG_Info_Min_Power_Watts_1 PKG_Info_Min_Power_Bits_1 PKG_Info_Thermal_Spec_Watts_1 PKG_Info_Thermal_Spec_Bits_1 DRAM_Info_Max_Window_Sec_1 DRAM_Info_Max_Window_Bits_1 DRAM_Info_Max_Power_Watts_1 DRAM_Info_Max_Power_Bits_1 DRAM_Info_Min_Power_Watts_1 DRAM_Info_Min_Power_Bits_1 DRAM_Info_Thermal_Spec_Watts_1 DRAM_Info_Thermal_Spec_Bits_1 Units_Power_Bits_1 Units_Energy_Bits_1 Units_Time_Bits_1 Units_Power_Watts_1 Units_Energy_Joules_1 Units_Time_Seconds_1 PKG_Limit2_Enable_1 PKG_Limit2_Clamp_1 PKG_Limit2_Time_Bits_1 PKG_Limit2_Power_Bits_1 PKG_Limit2_Mult_Bits_1 PKG_Limit2_Mult_Float_1 PKG_Limit2_Time_Seconds_1 PKG_Limit2_Power_Watts_1 PKG_Limit1_Enable_1 PKG_Limit1_Clamp_1 PKG_Limit1_Time_Bits_1 PKG_Limit1_Power_Bits_1 PKG_Limit1_Mult_Bits_1 PKG_Limit1_Mult_Float_1 PKG_Limit1_Time_Seconds_1 PKG_Limit1_Power_Watts_1 PP0_Limit1_Enable_1 PP0_Limit1_Clamp_1 PP0_Limit1_Time_Bits_1 PP0_Limit1_Power_Bits_1 PP0_Limit1_Mult_Bits_1 PP0_Limit1_Mult_Float_1 PP0_Limit1_Time_Seconds_1 PP0_Limit1_Power_Watts_1 DRAM_Limit1_Enable_1 DRAM_Limit1_Clamp_1 DRAM_Limit1_Time_Bits_1 DRAM_Limit1_Power_Bits_1 DRAM_Limit1_Mult_Bits_1 DRAM_Limit1_Mult_Float_1 DRAM_Limit1_Time_Seconds_1 DRAM_Limit1_Power_Watts_1 
# QQQ elapsed PKG_Watts_0 PP0_Watts_0 DRAM_Watts_0 PKG_Info_Max_Window_Sec_0 PKG_Info_Max_Window_Bits_0 PKG_Info_Max_Power_Watts_0 PKG_Info_Max_Power_Bits_0 PKG_Info_Min_Power_Watts_0 PKG_Info_Min_Power_Bits_0 PKG_Info_Thermal_Spec_Watts_0 PKG_Info_Thermal_Spec_Bits_0 DRAM_Info_Max_Window_Sec_0 DRAM_Info_Max_Window_Bits_0 DRAM_Info_Max_Power_Watts_0 DRAM_Info_Max_Power_Bits_0 DRAM_Info_Min_Power_Watts_0 DRAM_Info_Min_Power_Bits_0 DRAM_Info_Thermal_Spec_Watts_0 DRAM_Info_Thermal_Spec_Bits_0 Units_Power_Bits_0 Units_Energy_Bits_0 Units_Time_Bits_0 Units_Power_Watts_0 Units_Energy_Joules_0 Units_Time_Seconds_0 PKG_Limit2_Enable_0 PKG_Limit2_Clamp_0 PKG_Limit2_Time_Bits_0 PKG_Limit2_Power_Bits_0 PKG_Limit2_Mult_Bits_0 PKG_Limit2_Mult_Float_0 PKG_Limit2_Time_Seconds_0 PKG_Limit2_Power_Watts_0 PKG_Limit1_Enable_0 PKG_Limit1_Clamp_0 PKG_Limit1_Time_Bits_0 PKG_Limit1_Power_Bits_0 PKG_Limit1_Mult_Bits_0 PKG_Limit1_Mult_Float_0 PKG_Limit1_Time_Seconds_0 PKG_Limit1_Power_Watts_0 PP0_Limit1_Enable_0 PP0_Limit1_Clamp_0 PP0_Limit1_Time_Bits_0 PP0_Limit1_Power_Bits_0 PP0_Limit1_Mult_Bits_0 PP0_Limit1_Mult_Float_0 PP0_Limit1_Time_Seconds_0 PP0_Limit1_Power_Watts_0 DRAM_Limit1_Enable_0 DRAM_Limit1_Clamp_0 DRAM_Limit1_Time_Bits_0 DRAM_Limit1_Power_Bits_0 DRAM_Limit1_Mult_Bits_0 DRAM_Limit1_Mult_Float_0 DRAM_Limit1_Time_Seconds_0 DRAM_Limit1_Power_Watts_0 PKG_Watts_1 PP0_Watts_1 DRAM_Watts_1 PKG_Info_Max_Window_Sec_1 PKG_Info_Max_Window_Bits_1 PKG_Info_Max_Power_Watts_1 PKG_Info_Max_Power_Bits_1 PKG_Info_Min_Power_Watts_1 PKG_Info_Min_Power_Bits_1 PKG_Info_Thermal_Spec_Watts_1 PKG_Info_Thermal_Spec_Bits_1 DRAM_Info_Max_Window_Sec_1 DRAM_Info_Max_Window_Bits_1 DRAM_Info_Max_Power_Watts_1 DRAM_Info_Max_Power_Bits_1 DRAM_Info_Min_Power_Watts_1 DRAM_Info_Min_Power_Bits_1 DRAM_Info_Thermal_Spec_Watts_1 DRAM_Info_Thermal_Spec_Bits_1 Units_Power_Bits_1 Units_Energy_Bits_1 Units_Time_Bits_1 Units_Power_Watts_1 Units_Energy_Joules_1 Units_Time_Seconds_1 PKG_Limit2_Enable_1 PKG_Limit2_Clamp_1 PKG_Limit2_Time_Bits_1 PKG_Limit2_Power_Bits_1 PK0_Limit1_Time_Bits_0 PP0_Limit1_Power_Bits_0 PP0_Limit1_Mult_Bits_0 PP0_Limit1_Mult_Float_0 PP0_Limit1_Time_Seconds_0 PP0_Limit1_Power_Watts_0 DRAM_Limit1_Enable_0 DRAM_Limit1_Clamp_0 DRAM_Limit1_Time_Bits_0 DRAM_Limit1_Power_Bits_0 DRAM_Limit1_Mult_Bits_0 DRAM_Limit1_Mult_Float_0 DRAM_Limit1_Time_Seconds_0 DRAM_Limit1_Power_Watts_0 PKG_Watts_1 PP0_Watts_1 DRAM_Watts_1 PKG_Info_Max_Window_Sec_1 PKG_Info_Max_Window_Bits_1 PKG_Info_Max_Power_Watts_1 PKG_Info_Max_Power_Bits_1 PKG_Info_Min_Power_Watts_1 PKG_Info_Min_Power_Bits_1 PKG_Info_Thermal_Spec_Watts_1 PKG_Info_Thermal_Spec_Bits_1 DRAM_Info_Max_Window_Sec_1 DRAM_Info_Max_Window_Bits_1 DRAM_Info_Max_Power_Watts_1 DRAM_Info_Max_Power_Bits_1 DRAM_Info_Min_Power_Watts_1 DRAM_Info_Min_Power_Bits_1 DRAM_Info_Thermal_Spec_Watts_1 DRAM_Info_Thermal_Spec_Bits_1 Units_Power_Bits_1 Units_Energy_Bits_1 Units_Time_Bits_1 Units_Power_Watts_1 Units_Energy_Joules_1 Units_Time_Seconds_1 PKG_Limit2_Enable_1 PKG_Limit2_Clamp_1 PKG_Limit2_Time_Bits_1 PKG_Limit2_Power_Bits_1 PKZZZ 2.684865 43.831652 30.577355 6.038306 0.045898 47 180.000000 1440 51.000000 408 115.000000 920 0.039062 40 75.000000 600 15.000000 120 35.000000 280 3 16 10 0.125000 0.000015 0.000977 0 0 0 0 0 1.000000 0.000000 0.000000 1 1 1 520 0 1.000000 0.000977 65.000000 0 0 0 0 0 1.000000 0.000000 0.000000 0 0 0 0 0 1.000000 0.000000 0.000000 44.190260 31.090161 2.973920 0.045898 47 180.000000 1440 51.000000 408 115.000000 920 0.039062 40 75.000000 600 15.000000 120 35.000000 280 3 16 10 0.125000 0.000015 0.000977 0 0 0 0 0 1.000000 0.000000 0.000000 1 1 1 520 0 1.000000 0.000977 65.000000 0 0 0 0 0 1.000000 0.000000 0.000000 0 0 0 0 0 1.000000 0.000000 0.000000 
G_Limit2_Mult_Bits_1 PKG_Limit2_Mult_Float_1 PKG_Limit2_Time_Seconds_1 PKG_Limit2_Power_Watts_1 PKG_Limit1_Enable_1 PKG_Limit1_Clamp_1 PKG_Limit1_Time_Bits_1 PKG_Limit1_Power_Bits_1 PKG_Limit1_Mult_Bits_1 PKG_Limit1_Mult_Float_1 PKG_Limit1_Time_Seconds_1 PKG_Limit1_Power_Watts_1 PP0_Limit1_Enable_1 PP0_Limit1_Clamp_1 PP0_Limit1_Time_Bits_1 PP0_Limit1_Power_Bits_1 PP0_Limit1_Mult_Bits_1 PP0_Limit1_Mult_Float_1 PP0_Limit1_Time_Seconds_1 PP0_Limit1_Power_Watts_1 DRAM_Limit1_Enable_1 DRAM_Limit1_Clamp_1 DRAM_Limit1_Time_Bits_1 DRAM_Limit1_Power_Bits_1 DRAM_Limit1_Mult_Bits_1 DRAM_Limit1_Mult_Float_1 DRAM_Limit1_Time_Seconds_1 DRAM_Limit1_Power_Watts_1 
ZZZ 2.684880 45.299129 32.212607 6.093797 0.045898 47 180.000000 1440 51.000000 408 115.000000 920 0.039062 40 75.000000 600 15.000000 120 35.000000 280 3 16 10 0.125000 0.000015 0.000977 0 0 0 0 0 1.000000 0.000000 0.000000 1 1 1 520 0 1.000000 0.000977 65.000000 0 0 0 0 0 1.000000 0.000000 0.000000 0 0 0 0 0 1.000000 0.000000 0.000000 44.430828 31.237365 3.060970 0.045898 47 180.000000 1440 51.000000 408 115.000000 920 0.039062 40 75.000000 600 15.000000 120 35.000000 280 3 16 10 0.125000 0.000015 0.000977 0 0 0 0 0 1.000000 0.000000 0.000000 1 1 1 520 0 1.000000 0.000977 65.000000 0 0 0 0 0 1.000000 0.000000 0.000000 0 0 0 0 0 1.000000 0.000000 0.000000 
0_Limit1_Time_Bits_0 PP0_Limit1_Power_Bits_0 PP0_Limit1_Mult_Bits_0 PP0_Limit1_Mult_Float_0 PP0_Limit1_Time_Seconds_0 PP0_Limit1_Power_Watts_0 DRAM_Limit1_Enable_0 DRAM_Limit1_Clamp_0 DRAM_Limit1_Time_Bits_0 DRAM_Limit1_Power_Bits_0 DRAM_Limit1_Mult_Bits_0 DRAM_Limit1_Mult_Float_0 DRAM_Limit1_Time_Seconds_0 DRAM_Limit1_Power_Watts_0 PKG_Watts_1 PP0_Watts_1 DRAM_Watts_1 PKG_Info_Max_Window_Sec_1 PKG_Info_Max_Window_Bits_1 PKG_Info_Max_Power_Watts_1 PKG_Info_Max_Power_Bits_1 PKG_Info_Min_Power_Watts_1 PKG_Info_Min_Power_Bits_1 PKG_Info_Thermal_Spec_Watts_1 PKG_Info_Thermal_Spec_Bits_1 DRAM_Info_Max_Window_Sec_1 DRAM_Info_Max_Window_Bits_1 DRAM_Info_Max_Power_Watts_1 DRAM_Info_Max_Power_Bits_1 DRAM_Info_Min_Power_Watts_1 DRAM_Info_Min_Power_Bits_1 DRAM_Info_Thermal_Spec_Watts_1 DRAM_Info_Thermal_Spec_Bits_1 Units_Power_Bits_1 Units_Energy_Bits_1 Units_Time_Bits_1 Units_Power_Watts_1 Units_Energy_Joules_1 Units_Time_Seconds_1 PKG_Limit2_Enable_1 PKG_Limit2_Clamp_1 PKG_Limit2_Time_Bits_1 PKG_Limit2_Power_Bits_1 PKZZZ 2.684877 44.538929 31.264532 6.113372 0.045898 47 180.000000 1440 51.000000 408 115.000000 920 0.039062 40 75.000000 600 15.000000 120 35.000000 280 3 16 10 0.125000 0.000015 0.000977 0 0 0 0 0 1.000000 0.000000 0.000000 1 1 1 520 0 1.000000 0.000977 65.000000 0 0 0 0 0 1.000000 0.000000 0.000000 0 0 0 0 0 1.000000 0.000000 0.000000 43.114602 29.984781 2.667109 0.045898 47 180.000000 1440 51.000000 408 115.000000 920 0.039062 40 75.000000 600 15.000000 120 35.000000 280 3 16 10 0.125000 0.000015 0.000977 0 0 0 0 0 1.000000 0.000000 0.000000 1 1 1 520 0 1.000000 0.000977 65.000000 0 0 0 0 0 1.000000 0.000000 0.000000 0 0 0 0 0 1.000000 0.000000 0.000000 
0_Limit1_Time_Bits_0 PP0_Limit1_Power_Bits_0 PP0_Limit1_Mult_Bits_0 PP0_Limit1_Mult_Float_0 PP0_Limit1_Time_Seconds_0 PP0_Limit1_Power_Watts_0 DRAM_Limit1_Enable_0 DRAM_Limit1_Clamp_0 DRAM_Limit1_Time_Bits_0 DRAM_Limit1_Power_Bits_0 DRAM_Limit1_Mult_Bits_0 DRAM_Limit1_Mult_Float_0 DRAM_Limit1_Time_Seconds_0 DRAM_Limit1_Power_Watts_0 PKG_Watts_1 PP0_Watts_1 DRAM_Watts_1 PKG_Info_Max_Window_Sec_1 PKG_Info_Max_Window_Bits_1 PKG_Info_Max_Power_Watts_1 PKG_Info_Max_Power_Bits_1 PKG_Info_Min_Power_Watts_1 PKG_Info_Min_Power_Bits_1 PKG_Info_Thermal_Spec_Watts_1 PKG_Info_Thermal_Spec_Bits_1 DRAM_Info_Max_Window_Sec_1 DRAM_Info_Max_Window_Bits_1 DRAM_Info_Max_Power_Watts_1 DRAM_Info_Max_Power_Bits_1 DRAM_Info_Min_Power_Watts_1 DRAM_Info_Min_Power_Bits_1 DRAM_Info_Thermal_Spec_Watts_1 DRAM_Info_Thermal_Spec_Bits_1 Units_Power_Bits_1 Units_Energy_Bits_1 Units_Time_Bits_1 Units_Power_Watts_1 Units_Energy_Joules_1 Units_Time_Seconds_1 PKG_Limit2_Enable_1 PKG_Limit2_Clamp_1 PKG_Limit2_Time_Bits_1 PKG_Limit2_Power_Bits_1 PKG_Limit2_Mult_Bits_1 PKG_Limit2_Mult_Float_1 PKG_Limit2_Time_Seconds_1 PKG_Limit2_Power_Watts_1 PKG_Limit1_Enable_1 PKG_Limit1_Clamp_1 PKG_Limit1_Time_Bits_1 PKG_Limit1_Power_Bits_1 PKG_Limit1_Mult_Bits_1 PKG_Limit1_Mult_Float_1 PKG_Limit1_Time_Seconds_1 PKG_Limit1_Power_Watts_1 PP0_Limit1_Enable_1 PP0_Limit1_Clamp_1 PP0_Limit1_Time_Bits_1 PP0_Limit1_Power_Bits_1 PP0_Limit1_Mult_Bits_1 PP0_Limit1_Mult_Float_1 PP0_Limit1_Time_Seconds_1 PP0_Limit1_Power_Watts_1 DRAM_Limit1_Enable_1 DRAM_Limit1_Clamp_1 DRAM_Limit1_Time_Bits_1 DRAM_Limit1_Power_Bits_1 DRAM_Limit1_Mult_Bits_1 DRAM_Limit1_Mult_Float_1 DRAM_Limit1_Time_Seconds_1 DRAM_Limit1_Power_Watts_1 
G_Limit2_Mult_Bits_1 PKG_Limit2_Mult_Float_1 PKG_Limit2_Time_Seconds_1 PKG_Limit2_Power_Watts_1 PKG_Limit1_Enable_1 PKG_Limit1_Clamp_1 PKG_Limit1_Time_Bits_1 PKG_Limit1_Power_Bits_1 PKG_Limit1_Mult_Bits_1 PKG_Limit1_Mult_Float_1 PKG_Limit1_Time_Seconds_1 PKG_Limit1_Power_Watts_1 PP0_Limit1_Enable_1 PP0_Limit1_Clamp_1 PP0_Limit1_Time_Bits_1 PP0_Limit1_Power_Bits_1 PP0_Limit1_Mult_Bits_1 PP0_Limit1_Mult_Float_1 PP0_Limit1_Time_Seconds_1 PP0_Limit1_Power_Watts_1 DRAM_Limit1_Enable_1 DRAM_Limit1_Clamp_1 DRAM_Limit1_Time_Bits_1 DRAM_Limit1_Power_Bits_1 DRAM_Limit1_Mult_Bits_1 DRAM_Limit1_Mult_Float_1 DRAM_Limit1_Time_Seconds_1 DRAM_Limit1_Power_Watts_1 
ZZZ 2.684873 43.354735 30.177082 2.663242 0.045898 47 180.000000 1440 51.000000 408 115.000000 920 0.039062 40 75.000000 600 15.000000 120 35.000000 280 3 16 10 0.125000 0.000015 0.000977 0 0 0 0 0 1.000000 0.000000 0.000000 1 1 1 520 0 1.000000 0.000977 65.000000 0 0 0 0 0 1.000000 0.000000 0.000000 0 0 0 0 0 1.000000 0.000000 0.000000 43.921525 30.729994 1.622845 0.045898 47 180.000000 1440 51.000000 408 115.000000 920 0.039062 40 75.000000 600 15.000000 120 35.000000 280 3 16 10 0.125000 0.000015 0.000977 0 0 0 0 0 1.000000 0.000000 0.000000 1 1 1 520 0 1.000000 0.000977 65.000000 0 0 0 0 0 1.000000 0.000000 0.000000 0 0 0 0 0 1.000000 0.000000 0.000000 
0_Limit1_Time_Bits_0 PP0_Limit1_Power_Bits_0 PP0_Limit1_Mult_Bits_0 PP0_Limit1_Mult_Float_0 PP0_Limit1_Time_Seconds_0 PP0_Limit1_Power_Watts_0 DRAM_Limit1_Enable_0 DRAM_Limit1_Clamp_0 DRAM_Limit1_Time_Bits_0 DRAM_Limit1_Power_Bits_0 DRAM_Limit1_Mult_Bits_0 DRAM_Limit1_Mult_Float_0 DRAM_Limit1_Time_Seconds_0 DRAM_Limit1_Power_Watts_0 PKG_Watts_1 PP0_Watts_1 DRAM_Watts_1 PKG_Info_Max_Window_Sec_1 PKG_Info_Max_Window_Bits_1 PKG_Info_Max_Power_Watts_1 PKG_Info_Max_Power_Bits_1 PKG_Info_Min_Power_Watts_1 PKG_Info_Min_Power_Bits_1 PKG_Info_Thermal_Spec_Watts_1 PKG_Info_Thermal_Spec_Bits_1 DRAM_Info_Max_Window_Sec_1 DRAM_Info_Max_Window_Bits_1 DRAM_Info_Max_Power_Watts_1 DRAM_Info_Max_Power_Bits_1 DRAM_Info_Min_Power_Watts_1 DRAM_Info_Min_Power_Bits_1 DRAM_Info_Thermal_Spec_Watts_1 DRAM_Info_Thermal_Spec_Bits_1 Units_Power_Bits_1 Units_Energy_Bits_1 Units_Time_Bits_1 Units_Power_Watts_1 Units_Energy_Joules_1 Units_Time_Seconds_1 PKG_Limit2_Enable_1 PKG_Limit2_Clamp_1 PKG_Limit2_Time_Bits_1 PKG_Limit2_Power_Bits_1 PK0_Limit1_Time_Bits_0 PP0_Limit1_Power_Bits_0 PP0_Limit1_Mult_Bits_0 PP0_Limit1_Mult_Float_0 PP0_Limit1_Time_Seconds_0 PP0_Limit1_Power_Watts_0 DRAM_Limit1_Enable_0 DRAM_Limit1_Clamp_0 DRAM_Limit1_Time_Bits_0 DRAM_Limit1_Power_Bits_0 DRAM_Limit1_Mult_Bits_0 DRAM_Limit1_Mult_Float_0 DRAM_Limit1_Time_Seconds_0 DRAM_Limit1_Power_Watts_0 PKG_Watts_1 PP0_Watts_1 DRAM_Watts_1 PKG_Info_Max_Window_Sec_1 PKG_Info_Max_Window_Bits_1 PKG_Info_Max_Power_Watts_1 PKG_Info_Max_Power_Bits_1 PKG_Info_Min_Power_Watts_1 PKG_Info_Min_Power_Bits_1 PKG_Info_Thermal_Spec_Watts_1 PKG_Info_Thermal_Spec_Bits_1 DRAM_Info_Max_Window_Sec_1 DRAM_Info_Max_Window_Bits_1 DRAM_Info_Max_Power_Watts_1 DRAM_Info_Max_Power_Bits_1 DRAM_Info_Min_Power_Watts_1 DRAM_Info_Min_Power_Bits_1 DRAM_Info_Thermal_Spec_Watts_1 DRAM_Info_Thermal_Spec_Bits_1 Units_Power_Bits_1 Units_Energy_Bits_1 Units_Time_Bits_1 Units_Power_Watts_1 Units_Energy_Joules_1 Units_Time_Seconds_1 PKG_Limit2_Enable_1 PKG_Limit2_Clamp_1 PKG_Limit2_Time_Bits_1 PKG_Limit2_Power_Bits_1 PKG_Limit2_Mult_Bits_1 PKG_Limit2_Mult_Float_1 PKG_Limit2_Time_Seconds_1 PKG_Limit2_Power_Watts_1 PKG_Limit1_Enable_1 PKG_Limit1_Clamp_1 PKG_Limit1_Time_Bits_1 PKG_Limit1_Power_Bits_1 PKG_Limit1_Mult_Bits_1 PKG_Limit1_Mult_Float_1 PKG_Limit1_Time_Seconds_1 PKG_Limit1_Power_Watts_1 PP0_Limit1_Enable_1 PP0_Limit1_Clamp_1 PP0_Limit1_Time_Bits_1 PP0_Limit1_Power_Bits_1 PP0_Limit1_Mult_Bits_1 PP0_Limit1_Mult_Float_1 PP0_Limit1_Time_Seconds_1 PP0_Limit1_Power_Watts_1 DRAM_Limit1_Enable_1 DRAM_Limit1_Clamp_1 DRAM_Limit1_Time_Bits_1 DRAM_Limit1_Power_Bits_1 DRAM_Limit1_Mult_Bits_1 DRAM_Limit1_Mult_Float_1 DRAM_Limit1_Time_Seconds_1 DRAM_Limit1_Power_Watts_1 
G_Limit2_Mult_Bits_1 PKG_Limit2_Mult_Float_1 PKG_Limit2_Time_Seconds_1 PKG_Limit2_Power_Watts_1 PKG_Limit1_Enable_1 PKG_Limit1_Clamp_1 PKG_Limit1_Time_Bits_1 PKG_Limit1_Power_Bits_1 PKG_Limit1_Mult_Bits_1 PKG_Limit1_Mult_Float_1 PKG_Limit1_Time_Seconds_1 PKG_Limit1_Power_Watts_1 PP0_Limit1_Enable_1 PP0_Limit1_Clamp_1 PP0_Limit1_Time_Bits_1 PP0_Limit1_Power_Bits_1 PP0_Limit1_Mult_Bits_1 PP0_Limit1_Mult_Float_1 PP0_Limit1_Time_Seconds_1 PP0_Limit1_Power_Watts_1 DRAM_Limit1_Enable_1 DRAM_Limit1_Clamp_1 DRAM_Limit1_Time_Bits_1 DRAM_Limit1_Power_Bits_1 DRAM_Limit1_Mult_Bits_1 DRAM_Limit1_Mult_Float_1 DRAM_Limit1_Time_Seconds_1 DRAM_Limit1_Power_Watts_1 
ZZZ 2.684871 46.050016 32.924679 6.120876 0.045898 47 180.000000 1440 51.000000 408 115.000000 920 0.039062 40 75.000000 600 15.000000 120 35.000000 280 3 16 10 0.125000 0.000015 0.000977 0 0 0 0 0 1.000000 0.000000 0.000000 1 1 1 520 0 1.000000 0.000977 65.000000 0 0 0 0 0 1.000000 0.000000 0.000000 0 0 0 0 0 1.000000 0.000000 0.000000 43.670741 30.466532 3.079292 0.045898 47 180.000000 1440 51.000000 408 115.000000 920 0.039062 40 75.000000 600 15.000000 120 35.000000 280 3 16 10 0.125000 0.000015 0.000977 0 0 0 0 0 1.000000 0.000000 0.000000 1 1 1 520 0 1.000000 0.000977 65.000000 0 0 0 0 0 1.000000 0.000000 0.000000 0 0 0 0 0 1.000000 0.000000 0.000000 
ZZZ 2.684803 44.503867 31.380448 4.958857 0.045898 47 180.000000 1440 51.000000 408 115.000000 920 0.039062 40 75.000000 600 15.000000 120 35.000000 280 3 16 10 0.125000 0.000015 0.000977 0 0 0 0 0 1.000000 0.000000 0.000000 1 1 1 520 0 1.000000 0.000977 65.000000 0 0 0 0 0 1.000000 0.000000 0.000000 0 0 0 0 0 1.000000 0.000000 0.000000 44.124182 31.030237 3.119046 0.045898 47 180.000000 1440 51.000000 408 115.000000 920 0.039062 40 75.000000 600 15.000000 120 35.000000 280 3 16 10 0.125000 0.000015 0.000977 0 0 0 0 0 1.000000 0.000000 0.000000 1 1 1 520 0 1.000000 0.000977 65.000000 0 0 0 0 0 1.000000 0.000000 0.000000 0 0 0 0 0 1.000000 0.000000 0.000000 
ZZZ 2.684879 43.380458 30.051166 3.817796 0.045898 47 180.000000 1440 51.000000 408 115.000000 920 0.039062 40 75.000000 600 15.000000 120 35.000000 280 3 16 10 0.125000 0.000015 0.000977 0 0 0 0 0 1.000000 0.000000 0.000000 1 1 1 520 0 1.000000 0.000977 65.000000 0 0 0 0 0 1.000000 0.000000 0.000000 0 0 0 0 0 1.000000 0.000000 0.000000 44.549953 31.346096 1.895125 0.045898 47 180.000000 1440 51.000000 408 115.000000 920 0.039062 40 75.000000 600 15.000000 120 35.000000 280 3 16 10 0.125000 0.000015 0.000977 0 0 0 0 0 1.000000 0.000000 0.000000 1 1 1 520 0 1.000000 0.000977 65.000000 0 0 0 0 0 1.000000 0.000000 0.000000 0 0 0 0 0 1.000000 0.000000 0.000000 
G_Limit2_Mult_Bits_1 PKG_Limit2_Mult_Float_1 PKG_Limit2_Time_Seconds_1 PKG_Limit2_Power_Watts_1 PKG_Limit1_Enable_1 PKG_Limit1_Clamp_1 PKG_Limit1_Time_Bits_1 PKG_Limit1_Power_Bits_1 PKG_Limit1_Mult_Bits_1 PKG_Limit1_Mult_Float_1 PKG_Limit1_Time_Seconds_1 PKG_Limit1_Power_Watts_1 PP0_Limit1_Enable_1 PP0_Limit1_Clamp_1 PP0_Limit1_Time_Bits_1 PP0_Limit1_Power_Bits_1 PP0_Limit1_Mult_Bits_1 PP0_Limit1_Mult_Float_1 PP0_Limit1_Time_Seconds_1 PP0_Limit1_Power_Watts_1 DRAM_Limit1_Enable_1 DRAM_Limit1_Clamp_1 DRAM_Limit1_Time_Bits_1 DRAM_Limit1_Power_Bits_1 DRAM_Limit1_Mult_Bits_1 DRAM_Limit1_Mult_Float_1 DRAM_Limit1_Time_Seconds_1 DRAM_Limit1_Power_Watts_1 
ZZZ 2.684875 45.081864 31.886977 6.117394 0.045898 47 180.000000 1440 51.000000 408 115.000000 920 0.039062 40 75.000000 600 15.000000 120 35.000000 280 3 16 10 0.125000 0.000015 0.000977 0 0 0 0 0 1.000000 0.000000 0.000000 1 1 1 520 0 1.000000 0.000977 65.000000 0 0 0 0 0 1.000000 0.000000 0.000000 0 0 0 0 0 1.000000 0.000000 0.000000 44.660014 31.452909 3.383727 0.045898 47 180.000000 1440 51.000000 408 115.000000 920 0.039062 40 75.000000 600 15.000000 120 35.000000 280 3 16 10 0.125000 0.000015 0.000977 0 0 0 0 0 1.000000 0.000000 0.000000 1 1 1 520 0 1.000000 0.000977 65.000000 0 0 0 0 0 1.000000 0.000000 0.000000 0 0 0 0 0 1.000000 0.000000 0.000000 
ZZZ 2.684875 44.381467 31.152919 4.991749 0.045898 47 180.000000 1440 51.000000 408 115.000000 920 0.039062 40 75.000000 600 15.000000 120 35.000000 280 3 16 10 0.125000 0.000015 0.000977 0 0 0 0 0 1.000000 0.000000 0.000000 1 1 1 520 0 1.000000 0.000977 65.000000 0 0 0 0 0 1.000000 0.000000 0.000000 0 0 0 0 0 1.000000 0.000000 0.000000 45.350289 32.283901 3.645850 0.045898 47 180.000000 1440 51.000000 408 115.000000 920 0.039062 40 75.000000 600 15.000000 120 35.000000 280 3 16 10 0.125000 0.000015 0.000977 0 0 0 0 0 1.000000 0.000000 0.000000 1 1 1 520 0 1.000000 0.000977 65.000000 0 0 0 0 0 1.000000 0.000000 0.000000 0 0 0 0 0 1.000000 0.000000 0.000000 
G_Limit2_Mult_Bits_1 PKG_Limit2_Mult_Float_1 PKG_Limit2_Time_Seconds_1 PKG_Limit2_Power_Watts_1 PKG_Limit1_Enable_1 PKG_Limit1_Clamp_1 PKG_Limit1_Time_Bits_1 PKG_Limit1_Power_Bits_1 PKG_Limit1_Mult_Bits_1 PKG_Limit1_Mult_Float_1 PKG_Limit1_Time_Seconds_1 PKG_Limit1_Power_Watts_1 PP0_Limit1_Enable_1 PP0_Limit1_Clamp_1 PP0_Limit1_Time_Bits_1 PP0_Limit1_Power_Bits_1 PP0_Limit1_Mult_Bits_1 PP0_Limit1_Mult_Float_1 PP0_Limit1_Time_Seconds_1 PP0_Limit1_Power_Watts_1 DRAM_Limit1_Enable_1 DRAM_Limit1_Clamp_1 DRAM_Limit1_Time_Bits_1 DRAM_Limit1_Power_Bits_1 DRAM_Limit1_Mult_Bits_1 DRAM_Limit1_Mult_Float_1 DRAM_Limit1_Time_Seconds_1 DRAM_Limit1_Power_Watts_1 
ZZZ 2.684872 45.477015 32.380439 6.111263 0.045898 47 180.000000 1440 51.000000 408 115.000000 920 0.039062 40 75.000000 600 15.000000 120 35.000000 280 3 16 10 0.125000 0.000015 0.000977 0 0 0 0 0 1.000000 0.000000 0.000000 1 1 1 520 0 1.000000 0.000977 65.000000 0 0 0 0 0 1.000000 0.000000 0.000000 0 0 0 0 0 1.000000 0.000000 0.000000 44.137678 31.000269 3.466508 0.045898 47 180.000000 1440 51.000000 408 115.000000 920 0.039062 40 75.000000 600 15.000000 120 35.000000 280 3 16 10 0.125000 0.000015 0.000977 0 0 0 0 0 1.000000 0.000000 0.000000 1 1 1 520 0 1.000000 0.000977 65.000000 0 0 0 0 0 1.000000 0.000000 0.000000 0 0 0 0 0 1.000000 0.000000 0.000000 
G_Limit2_Mult_Bits_1 PKG_Limit2_Mult_Float_1 PKG_Limit2_Time_Seconds_1 PKG_Limit2_Power_Watts_1 PKG_Limit1_Enable_1 PKG_Limit1_Clamp_1 PKG_Limit1_Time_Bits_1 PKG_Limit1_Power_Bits_1 PKG_Limit1_Mult_Bits_1 PKG_Limit1_Mult_Float_1 PKG_Limit1_Time_Seconds_1 PKG_Limit1_Power_Watts_1 PP0_Limit1_Enable_1 PP0_Limit1_Clamp_1 PP0_Limit1_Time_Bits_1 PP0_Limit1_Power_Bits_1 PP0_Limit1_Mult_Bits_1 PP0_Limit1_Mult_Float_1 PP0_Limit1_Time_Seconds_1 PP0_Limit1_Power_Watts_1 DRAM_Limit1_Enable_1 DRAM_Limit1_Clamp_1 DRAM_Limit1_Time_Bits_1 DRAM_Limit1_Power_Bits_1 DRAM_Limit1_Mult_Bits_1 DRAM_Limit1_Mult_Float_1 DRAM_Limit1_Time_Seconds_1 DRAM_Limit1_Power_Watts_1 
ZZZ 2.684865 44.789787 31.718508 3.796651 0.045898 47 180.000000 1440 51.000000 408 115.000000 920 0.039062 40 75.000000 600 15.000000 120 35.000000 280 3 16 10 0.125000 0.000015 0.000977 0 0 0 0 0 1.000000 0.000000 0.000000 1 1 1 520 0 1.000000 0.000977 65.000000 0 0 0 0 0 1.000000 0.000000 0.000000 0 0 0 0 0 1.000000 0.000000 0.000000 44.042978 30.829635 1.739777 0.045898 47 180.000000 1440 51.000000 408 115.000000 920 0.039062 40 75.000000 600 15.000000 120 35.000000 280 3 16 10 0.125000 0.000015 0.000977 0 0 0 0 0 1.000000 0.000000 0.000000 1 1 1 520 0 1.000000 0.000977 65.000000 0 0 0 0 0 1.000000 0.000000 0.000000 0 0 0 0 0 1.000000 0.000000 0.000000 
ZZZ 2.684881 43.537330 30.212264 3.797163 0.045898 47 180.000000 1440 51.000000 408 115.000000 920 0.039062 40 75.000000 600 15.000000 120 35.000000 280 3 16 10 0.125000 0.000015 0.000977 0 0 0 0 0 1.000000 0.000000 0.000000 1 1 1 520 0 1.000000 0.000977 65.000000 0 0 0 0 0 1.000000 0.000000 0.000000 0 0 0 0 0 1.000000 0.000000 0.000000 44.196885 31.021539 1.978724 0.045898 47 180.000000 1440 51.000000 408 115.000000 920 0.039062 40 75.000000 600 15.000000 120 35.000000 280 3 16 10 0.125000 0.000015 0.000977 0 0 0 0 0 1.000000 0.000000 0.000000 1 1 1 520 0 1.000000 0.000977 65.000000 0 0 0 0 0 1.000000 0.000000 0.000000 0 0 0 0 0 1.000000 0.000000 0.000000 
G_Limit2_Mult_Bits_1 PKG_Limit2_Mult_Float_1 PKG_Limit2_Time_Seconds_1 PKG_Limit2_Power_Watts_1 PKG_Limit1_Enable_1 PKG_Limit1_Clamp_1 PKG_Limit1_Time_Bits_1 PKG_Limit1_Power_Bits_1 PKG_Limit1_Mult_Bits_1 PKG_Limit1_Mult_Float_1 PKG_Limit1_Time_Seconds_1 PKG_Limit1_Power_Watts_1 PP0_Limit1_Enable_1 PP0_Limit1_Clamp_1 PP0_Limit1_Time_Bits_1 PP0_Limit1_Power_Bits_1 PP0_Limit1_Mult_Bits_1 PP0_Limit1_Mult_Float_1 PP0_Limit1_Time_Seconds_1 PP0_Limit1_Power_Watts_1 DRAM_Limit1_Enable_1 DRAM_Limit1_Clamp_1 DRAM_Limit1_Time_Bits_1 DRAM_Limit1_Power_Bits_1 DRAM_Limit1_Mult_Bits_1 DRAM_Limit1_Mult_Float_1 DRAM_Limit1_Time_Seconds_1 DRAM_Limit1_Power_Watts_1 
ZZZ 2.684797 44.731217 31.436954 3.784295 0.045898 47 180.000000 1440 51.000000 408 115.000000 920 0.039062 40 75.000000 600 15.000000 120 35.000000 280 3 16 10 0.125000 0.000015 0.000977 0 0 0 0 0 1.000000 0.000000 0.000000 1 1 1 520 0 1.000000 0.000977 65.000000 0 0 0 0 0 1.000000 0.000000 0.000000 0 0 0 0 0 1.000000 0.000000 0.000000 43.999410 30.812973 1.608409 0.045898 47 180.000000 1440 51.000000 408 115.000000 920 0.039062 40 75.000000 600 15.000000 120 35.000000 280 3 16 10 0.125000 0.000015 0.000977 0 0 0 0 0 1.000000 0.000000 0.000000 1 1 1 520 0 1.000000 0.000977 65.000000 0 0 0 0 0 1.000000 0.000000 0.000000 0 0 0 0 0 1.000000 0.000000 0.000000 
G_Limit2_Mult_Bits_1 PKG_Limit2_Mult_Float_1 PKG_Limit2_Time_Seconds_1 PKG_Limit2_Power_Watts_1 PKG_Limit1_Enable_1 PKG_Limit1_Clamp_1 PKG_Limit1_Time_Bits_1 PKG_Limit1_Power_Bits_1 PKG_Limit1_Mult_Bits_1 PKG_Limit1_Mult_Float_1 PKG_Limit1_Time_Seconds_1 PKG_Limit1_Power_Watts_1 PP0_Limit1_Enable_1 PP0_Limit1_Clamp_1 PP0_Limit1_Time_Bits_1 PP0_Limit1_Power_Bits_1 PP0_Limit1_Mult_Bits_1 PP0_Limit1_Mult_Float_1 PP0_Limit1_Time_Seconds_1 PP0_Limit1_Power_Watts_1 DRAM_Limit1_Enable_1 DRAM_Limit1_Clamp_1 DRAM_Limit1_Time_Bits_1 DRAM_Limit1_Power_Bits_1 DRAM_Limit1_Mult_Bits_1 DRAM_Limit1_Mult_Float_1 DRAM_Limit1_Time_Seconds_1 DRAM_Limit1_Power_Watts_1 
G_Limit2_Mult_Bits_1 PKG_Limit2_Mult_Float_1 PKG_Limit2_Time_Seconds_1 PKG_Limit2_Power_Watts_1 PKG_Limit1_Enable_1 PKG_Limit1_Clamp_1 PKG_Limit1_Time_Bits_1 PKG_Limit1_Power_Bits_1 PKG_Limit1_Mult_Bits_1 PKG_Limit1_Mult_Float_1 PKG_Limit1_Time_Seconds_1 PKG_Limit1_Power_Watts_1 PP0_Limit1_Enable_1 PP0_Limit1_Clamp_1 PP0_Limit1_Time_Bits_1 PP0_Limit1_Power_Bits_1 PP0_Limit1_Mult_Bits_1 PP0_Limit1_Mult_Float_1 PP0_Limit1_Time_Seconds_1 PP0_Limit1_Power_Watts_1 DRAM_Limit1_Enable_1 DRAM_Limit1_Clamp_1 DRAM_Limit1_Time_Bits_1 DRAM_Limit1_Power_Bits_1 DRAM_Limit1_Mult_Bits_1 DRAM_Limit1_Mult_Float_1 DRAM_Limit1_Time_Seconds_1 DRAM_Limit1_Power_Watts_1 
ZZZ 2.684801 45.858473 32.685088 6.112618 0.045898 47 180.000000 1440 51.000000 408 115.000000 920 0.039062 40 75.000000 600 15.000000 120 35.000000 280 3 16 10 0.125000 0.000015 0.000977 0 0 0 0 0 1.000000 0.000000 0.000000 1 1 1 520 0 1.000000 0.000977 65.000000 0 0 0 0 0 1.000000 0.000000 0.000000 0 0 0 0 0 1.000000 0.000000 0.000000 45.732535 32.492944 3.337484 0.045898 47 180.000000 1440 51.000000 408 115.000000 920 0.039062 40 75.000000 600 15.000000 120 35.000000 280 3 16 10 0.125000 0.000015 0.000977 0 0 0 0 0 1.000000 0.000000 0.000000 1 1 1 520 0 1.000000 0.000977 65.000000 0 0 0 0 0 1.000000 0.000000 0.000000 0 0 0 0 0 1.000000 0.000000 0.000000 
ZZZ 2.684805 44.814700 31.431718 6.114053 0.045898 47 180.000000 1440 51.000000 408 115.000000 920 0.039062 40 75.000000 600 15.000000 120 35.000000 280 3 16 10 0.125000 0.000015 0.000977 0 0 0 0 0 1.000000 0.000000 0.000000 1 1 1 520 0 1.000000 0.000977 65.000000 0 0 0 0 0 1.000000 0.000000 0.000000 0 0 0 0 0 1.000000 0.000000 0.000000 45.420134 32.179464 3.074736 0.045898 47 180.000000 1440 51.000000 408 115.000000 920 0.039062 40 75.000000 600 15.000000 120 35.000000 280 3 16 10 0.125000 0.000015 0.000977 0 0 0 0 0 1.000000 0.000000 0.000000 1 1 1 520 0 1.000000 0.000977 65.000000 0 0 0 0 0 1.000000 0.000000 0.000000 0 0 0 0 0 1.000000 0.000000 0.000000 
