filename=rzmerl41_rapl_bt.D.256_0000__XXXXXX
filename=rzmerl45_rapl_bt.D.256_0032__XXXXXX
filename=rzmerl49_rapl_bt.D.256_0064__XXXXXX
filename=rzmerl70_rapl_bt.D.256_0224__XXXXXX
filename=rzmerl68_rapl_bt.D.256_0208__XXXXXX
filename=rzmerl66_rapl_bt.D.256_0192__XXXXXX
msr_opt.c::79 setting MSR_PKG_POWER_LIMIT to 0x382f8 on cpu 0
msr_opt.c::85 setting MSR_PP0_POWER_LIMIT to 0x0 on cpu 0
msr_opt.c::90 setting MSR_DRAM_POWER_LIMIT to 0x0 on cpu 0
msr_opt.c::79 setting MSR_PKG_POWER_LIMIT to 0x382f8 on cpu 1
msr_opt.c::85 setting MSR_PP0_POWER_LIMIT to 0x0 on cpu 1
msr_opt.c::90 setting MSR_DRAM_POWER_LIMIT to 0x0 on cpu 1
msr_rapl.c::399 returned from parse_opts
filename=rzmerl51_rapl_bt.D.256_0080__XXXXXX
filename=rzmerl43_rapl_bt.D.256_0016__XXXXXX
filename=rzmerl53_rapl_bt.D.256_0096__XXXXXX
msr_opt.c::79 setting MSR_PKG_POWER_LIMIT to 0x382f8 on cpu 0
msr_opt.c::85 setting MSR_PP0_POWER_LIMIT to 0x0 on cpu 0
msr_opt.c::90 setting MSR_DRAM_POWER_LIMIT to 0x0 on cpu 0
msr_opt.c::79 setting MSR_PKG_POWER_LIMIT to 0x382f8 on cpu 1
msr_opt.c::85 setting MSR_PP0_POWER_LIMIT to 0x0 on cpu 1
msr_opt.c::90 setting MSR_DRAM_POWER_LIMIT to 0x0 on cpu 1
msr_rapl.c::399 returned from parse_opts
msr_opt.c::79 setting MSR_PKG_POWER_LIMIT to 0x382f8 on cpu 0
msr_opt.c::85 setting MSR_PP0_POWER_LIMIT to 0x0 on cpu 0
msr_opt.c::90 setting MSR_DRAM_POWER_LIMIT to 0x0 on cpu 0
msr_opt.c::79 setting MSR_PKG_POWER_LIMIT to 0x382f8 on cpu 1
msr_opt.c::85 setting MSR_PP0_POWER_LIMIT to 0x0 on cpu 1
msr_opt.c::90 setting MSR_DRAM_POWER_LIMIT to 0x0 on cpu 1
msr_rapl.c::399 returned from parse_opts
filename=rzmerl47_rapl_bt.D.256_0048__XXXXXX
filename=rzmerl61_rapl_bt.D.256_0160__XXXXXX
msr_opt.c::79 setting MSR_PKG_POWER_LIMIT to 0x382f8 on cpu 0
msr_opt.c::85 setting MSR_PP0_POWER_LIMIT to 0x0 on cpu 0
msr_opt.c::90 setting MSR_DRAM_POWER_LIMIT to 0x0 on cpu 0
msr_opt.c::79 setting MSR_PKG_POWER_LIMIT to 0x382f8 on cpu 1
msr_opt.c::85 setting MSR_PP0_POWER_LIMIT to 0x0 on cpu 1
msr_opt.c::90 setting MSR_DRAM_POWER_LIMIT to 0x0 on cpu 1
filename=rzmerl57_rapl_bt.D.256_0128__XXXXXX
filename=rzmerl59_rapl_bt.D.256_0144__XXXXXX
msr_opt.c::79 setting MSR_PKG_POWER_LIMIT to 0x382f8 on cpu 0
msr_opt.c::85 setting MSR_PP0_POWER_LIMIT to 0x0 on cpu 0
msr_opt.c::90 setting MSR_DRAM_POWER_LIMIT to 0x0 on cpu 0
msr_opt.c::79 setting MSR_PKG_POWER_LIMIT to 0x382f8 on cpu 1
msr_opt.c::85 setting MSR_PP0_POWER_LIMIT to 0x0 on cpu 1
msr_opt.c::90 setting MSR_DRAM_POWER_LIMIT to 0x0 on cpu 1
msr_rapl.c::399 returned from parse_opts
msr_opt.c::79 setting MSR_PKG_POWER_LIMIT to 0x382f8 on cpu 0
msr_opt.c::85 setting MSR_PP0_POWER_LIMIT to 0x0 on cpu 0
msr_opt.c::90 setting MSR_DRAM_POWER_LIMIT to 0x0 on cpu 0
msr_opt.c::79 setting MSR_PKG_POWER_LIMIT to 0x382f8 on cpu 1
msr_opt.c::85 setting MSR_PP0_POWER_LIMIT to 0x0 on cpu 1
msr_opt.c::90 setting MSR_DRAM_POWER_LIMIT to 0x0 on cpu 1
msr_rapl.c::399 returned from parse_opts
msr_opt.c::79 setting MSR_PKG_POWER_LIMIT to 0x382f8 on cpu 0
msr_opt.c::85 setting MSR_PP0_POWER_LIMIT to 0x0 on cpu 0
msr_opt.c::90 setting MSR_DRAM_POWER_LIMIT to 0x0 on cpu 0
msr_opt.c::79 setting MSR_PKG_POWER_LIMIT to 0x382f8 on cpu 1
msr_opt.c::85 setting MSR_PP0_POWER_LIMIT to 0x0 on cpu 1
msr_opt.c::90 setting MSR_DRAM_POWER_LIMIT to 0x0 on cpu 1
msr_opt.c::79 setting MSR_PKG_POWER_LIMIT to 0x382f8 on cpu 0
msr_opt.c::85 setting MSR_PP0_POWER_LIMIT to 0x0 on cpu 0
msr_opt.c::90 setting MSR_DRAM_POWER_LIMIT to 0x0 on cpu 0
msr_opt.c::79 setting MSR_PKG_POWER_LIMIT to 0x382f8 on cpu 0
msr_opt.c::85 setting MSR_PP0_POWER_LIMIT to 0x0 on cpu 0
msr_opt.c::90 setting MSR_DRAM_POWER_LIMIT to 0x0 on cpu 0
msr_opt.c::79 setting MSR_PKG_POWER_LIMIT to 0x382f8 on cpu 1
msr_opt.c::85 setting MSR_PP0_POWER_LIMIT to 0x0 on cpu 1
msr_opt.c::90 setting MSR_DRAM_POWER_LIMIT to 0x0 on cpu 1
msr_opt.c::79 setting MSR_PKG_POWER_LIMIT to 0x382f8 on cpu 0
msr_opt.c::85 setting MSR_PP0_POWER_LIMIT to 0x0 on cpu 0
msr_opt.c::90 setting MSR_DRAM_POWER_LIMIT to 0x0 on cpu 0
msr_opt.c::79 setting MSR_PKG_POWER_LIMIT to 0x382f8 on cpu 1
msr_opt.c::85 setting MSR_PP0_POWER_LIMIT to 0x0 on cpu 1
msr_opt.c::90 setting MSR_DRAM_POWER_LIMIT to 0x0 on cpu 1
msr_opt.c::79 setting MSR_PKG_POWER_LIMIT to 0x382f8 on cpu 0
msr_opt.c::85 setting MSR_PP0_POWER_LIMIT to 0x0 on cpu 0
msr_opt.c::90 setting MSR_DRAM_POWER_LIMIT to 0x0 on cpu 0
msr_opt.c::79 setting MSR_PKG_POWER_LIMIT to 0x382f8 on cpu 1
msr_opt.c::85 setting MSR_PP0_POWER_LIMIT to 0x0 on cpu 1
msr_opt.c::90 setting MSR_DRAM_POWER_LIMIT to 0x0 on cpu 1
msr_rapl.c::399 returned from parse_opts
msr_opt.c::79 setting MSR_PKG_POWER_LIMIT to 0x382f8 on cpu 0
msr_opt.c::85 setting MSR_PP0_POWER_LIMIT to 0x0 on cpu 0
msr_opt.c::90 setting MSR_DRAM_POWER_LIMIT to 0x0 on cpu 0
msr_opt.c::79 setting MSR_PKG_POWER_LIMIT to 0x382f8 on cpu 1
msr_opt.c::85 setting MSR_PP0_POWER_LIMIT to 0x0 on cpu 1
msr_opt.c::90 setting MSR_DRAM_POWER_LIMIT to 0x0 on cpu 1
msr_opt.c::79 setting MSR_PKG_POWER_LIMIT to 0x382f8 on cpu 0
msr_opt.c::85 setting MSR_PP0_POWER_LIMIT to 0x0 on cpu 0
msr_opt.c::90 setting MSR_DRAM_POWER_LIMIT to 0x0 on cpu 0
msr_opt.c::79 setting MSR_PKG_POWER_LIMIT to 0x382f8 on cpu 1
msr_rapl.c::399 returned from parse_opts
msr_opt.c::79 setting MSR_PKG_POWER_LIMIT to 0x382f8 on cpu 1
msr_rapl.c::399 returned from parse_opts
msr_rapl.c::399 returned from parse_opts
msr_rapl.c::399 returned from parse_opts
msr_rapl.c::399 returned from parse_opts
msr_opt.c::85 setting MSR_PP0_POWER_LIMIT to 0x0 on cpu 1
msr_opt.c::90 setting MSR_DRAM_POWER_LIMIT to 0x0 on cpu 1
msr_rapl.c::399 returned from parse_opts
msr_opt.c::85 setting MSR_PP0_POWER_LIMIT to 0x0 on cpu 1
msr_opt.c::90 setting MSR_DRAM_POWER_LIMIT to 0x0 on cpu 1
msr_rapl.c::399 returned from parse_opts
filename=rzmerl72_rapl_bt.D.256_0240__XXXXXX
msr_opt.c::79 setting MSR_PKG_POWER_LIMIT to 0x382f8 on cpu 0
msr_opt.c::85 setting MSR_PP0_POWER_LIMIT to 0x0 on cpu 0
msr_opt.c::90 setting MSR_DRAM_POWER_LIMIT to 0x0 on cpu 0
msr_opt.c::79 setting MSR_PKG_POWER_LIMIT to 0x382f8 on cpu 1
msr_opt.c::85 setting MSR_PP0_POWER_LIMIT to 0x0 on cpu 1
msr_opt.c::90 setting MSR_DRAM_POWER_LIMIT to 0x0 on cpu 1
msr_rapl.c::399 returned from parse_opts
filename=rzmerl55_rapl_bt.D.256_0112__XXXXXX
filename=rzmerl63_rapl_bt.D.256_0176__XXXXXX
msr_opt.c::79 setting MSR_PKG_POWER_LIMIT to 0x382f8 on cpu 0
msr_opt.c::85 setting MSR_PP0_POWER_LIMIT to 0x0 on cpu 0
msr_opt.c::90 setting MSR_DRAM_POWER_LIMIT to 0x0 on cpu 0
msr_opt.c::79 setting MSR_PKG_POWER_LIMIT to 0x382f8 on cpu 1
msr_opt.c::79 setting MSR_PKG_POWER_LIMIT to 0x382f8 on cpu 0
msr_opt.c::85 setting MSR_PP0_POWER_LIMIT to 0x0 on cpu 0
msr_opt.c::90 setting MSR_DRAM_POWER_LIMIT to 0x0 on cpu 0
msr_opt.c::79 setting MSR_PKG_POWER_LIMIT to 0x382f8 on cpu 1
msr_opt.c::85 setting MSR_PP0_POWER_LIMIT to 0x0 on cpu 1
msr_opt.c::90 setting MSR_DRAM_POWER_LIMIT to 0x0 on cpu 1
msr_opt.c::85 setting MSR_PP0_POWER_LIMIT to 0x0 on cpu 1
msr_opt.c::90 setting MSR_DRAM_POWER_LIMIT to 0x0 on cpu 1
msr_rapl.c::399 returned from parse_opts
msr_rapl.c::399 returned from parse_opts
