auto-affinity: local task 0: CPUs: 0
auto-affinity: local task 11: CPUs: 11
auto-affinity: local task 0: CPUs: 0
auto-affinity: local task 0: CPUs: 0
auto-affinity: local task 0: CPUs: 0
auto-affinity: local task 0: CPUs: 0
auto-affinity: local task 0: CPUs: 0
auto-affinity: local task 0: CPUs: 0
auto-affinity: local task 0: CPUs: 0
auto-affinity: local task 0: CPUs: 0
auto-affinity: local task 0: CPUs: 0
auto-affinity: local task 0: CPUs: 0
auto-affinity: local task 0: CPUs: 0
auto-affinity: local task 0: CPUs: 0
auto-affinity: local task 12: CPUs: 12
auto-affinity: local task 0: CPUs: 0
auto-affinity: local task 0: CPUs: 0
auto-affinity: local task 0: CPUs: 0
auto-affinity: local task 0: CPUs: 0
auto-affinity: local task 0: CPUs: 0
auto-affinity: local task 0: CPUs: 0
auto-affinity: local task 0: CPUs: 0
auto-affinity: local task 0: CPUs: 0
auto-affinity: local task 0: CPUs: 0
auto-affinity: local task 0: CPUs: 0
auto-affinity: local task 0: CPUs: 0
auto-affinity: local task 0: CPUs: 0
auto-affinity: local task 0: CPUs: 0
auto-affinity: local task 0: CPUs: 0
auto-affinity: local task 0: CPUs: 0
auto-affinity: local task 0: CPUs: 0
auto-affinity: local task 0: CPUs: 0
auto-affinity: local task 13: CPUs: 13
auto-affinity: local task 12: CPUs: 12
auto-affinity: local task 4: CPUs: 4
auto-affinity: local task 10: CPUs: 10
auto-affinity: local task 5: CPUs: 5
auto-affinity: local task 13: CPUs: 13
auto-affinity: local task 6: CPUs: 6
auto-affinity: local task 12: CPUs: 12
auto-affinity: local task 1: CPUs: 1
auto-affinity: local task 1: CPUs: 1
auto-affinity: local task 14: CPUs: 14
auto-affinity: local task 4: CPUs: 4
auto-affinity: local task 11: CPUs: 11
auto-affinity: local task 6: CPUs: 6
auto-affinity: local task 3: CPUs: 3
auto-affinity: local task 7: CPUs: 7
auto-affinity: local task 2: CPUs: 2
auto-affinity: local task 8: CPUs: 8
auto-affinity: local task 8: CPUs: 8
auto-affinity: local task 10: CPUs: 10
auto-affinity: local task 7: CPUs: 7
auto-affinity: local task 11: CPUs: 11
auto-affinity: local task 9: CPUs: 9
auto-affinity: local task 3: CPUs: 3
auto-affinity: local task 15: CPUs: 15
auto-affinity: local task 5: CPUs: 5
auto-affinity: local task 2: CPUs: 2
auto-affinity: local task 9: CPUs: 9
auto-affinity: local task 15: CPUs: 15
auto-affinity: local task 14: CPUs: 14
auto-affinity: local task 12: CPUs: 12
auto-affinity: local task 10: CPUs: 10
auto-affinity: local task 0: CPUs: 0
auto-affinity: local task 9: CPUs: 9
auto-affinity: local task 10: CPUs: 10
auto-affinity: local task 3: CPUs: 3
auto-affinity: local task 7: CPUs: 7
auto-affinity: local task 11: CPUs: 11
auto-affinity: local task 9: CPUs: 9
auto-affinity: local task 11: CPUs: 11
auto-affinity: local task 2: CPUs: 2
auto-affinity: local task 1: CPUs: 1
auto-affinity: local task 5: CPUs: 5
auto-affinity: local task 8: CPUs: 8
auto-affinity: local task 4: CPUs: 4
auto-affinity: local task 12: CPUs: 12
auto-affinity: local task 15: CPUs: 15
auto-affinity: local task 5: CPUs: 5
auto-affinity: local task 1: CPUs: 1
auto-affinity: local task 9: CPUs: 9
auto-affinity: local task 10: CPUs: 10
auto-affinity: local task 3: CPUs: 3
auto-affinity: local task 12: CPUs: 12
auto-affinity: local task 13: CPUs: 13
auto-affinity: local task 8: CPUs: 8
auto-affinity: local task 14: CPUs: 14
auto-affinity: local task 6: CPUs: 6
auto-affinity: local task 13: CPUs: 13
auto-affinity: local task 3: CPUs: 3
auto-affinity: local task 2: CPUs: 2
auto-affinity: local task 6: CPUs: 6
auto-affinity: local task 1: CPUs: 1
auto-affinity: local task 7: CPUs: 7
auto-affinity: local task 4: CPUs: 4
auto-affinity: local task 13: CPUs: 13
auto-affinity: local task 8: CPUs: 8
auto-affinity: local task 14: CPUs: 14
auto-affinity: local task 4: CPUs: 4
auto-affinity: local task 14: CPUs: 14
auto-affinity: local task 15: CPUs: 15
auto-affinity: local task 7: CPUs: 7
auto-affinity: local task 15: CPUs: 15
auto-affinity: local task 2: CPUs: 2
auto-affinity: local task 5: CPUs: 5
auto-affinity: local task 6: CPUs: 6
auto-affinity: local task 13: CPUs: 13
auto-affinity: local task 11: CPUs: 11
auto-affinity: local task 13: CPUs: 13
auto-affinity: local task 12: CPUs: 12
auto-affinity: local task 12: CPUs: 12
auto-affinity: local task 12: CPUs: 12
auto-affinity: local task 1: CPUs: 1
auto-affinity: local task 9: CPUs: 9
auto-affinity: local task 4: CPUs: 4
auto-affinity: local task 2: CPUs: 2
auto-affinity: local task 7: CPUs: 7
auto-affinity: local task 5: CPUs: 5
auto-affinity: local task 4: CPUs: 4
auto-affinity: local task 1: CPUs: 1
auto-affinity: local task 10: CPUs: 10
auto-affinity: local task 10: CPUs: 10
auto-affinity: local task 3: CPUs: 3
auto-affinity: local task 6: CPUs: 6
auto-affinity: local task 11: CPUs: 11
auto-affinity: local task 5: CPUs: 5
auto-affinity: local task 1: CPUs: 1
auto-affinity: local task 7: CPUs: 7
auto-affinity: local task 6: CPUs: 6
auto-affinity: local task 11: CPUs: 11
auto-affinity: local task 5: CPUs: 5
auto-affinity: local task 8: CPUs: 8
auto-affinity: local task 3: CPUs: 3
auto-affinity: local task 9: CPUs: 9
auto-affinity: local task 10: CPUs: 10
auto-affinity: local task 14: CPUs: 14
auto-affinity: local task 8: CPUs: 8
auto-affinity: local task 15: CPUs: 15
auto-affinity: local task 2: CPUs: 2
auto-affinity: local task 6: CPUs: 6
auto-affinity: local task 2: CPUs: 2
auto-affinity: local task 15: CPUs: 15
auto-affinity: local task 3: CPUs: 3
auto-affinity: local task 4: CPUs: 4
auto-affinity: local task 7: CPUs: 7
auto-affinity: local task 14: CPUs: 14
auto-affinity: local task 13: CPUs: 13
auto-affinity: local task 9: CPUs: 9
auto-affinity: local task 15: CPUs: 15
auto-affinity: local task 14: CPUs: 14
auto-affinity: local task 8: CPUs: 8
auto-affinity: local task 4: CPUs: 4
auto-affinity: local task 6: CPUs: 6
auto-affinity: local task 8: CPUs: 8
auto-affinity: local task 10: CPUs: 10
auto-affinity: local task 11: CPUs: 11
auto-affinity: local task 2: CPUs: 2
auto-affinity: local task 1: CPUs: 1
auto-affinity: local task 9: CPUs: 9
auto-affinity: local task 12: CPUs: 12
auto-affinity: local task 14: CPUs: 14
auto-affinity: local task 13: CPUs: 13
auto-affinity: local task 7: CPUs: 7
auto-affinity: local task 5: CPUs: 5
auto-affinity: local task 3: CPUs: 3
auto-affinity: local task 15: CPUs: 15
auto-affinity: local task 11: CPUs: 11
auto-affinity: local task 12: CPUs: 12
auto-affinity: local task 7: CPUs: 7
auto-affinity: local task 9: CPUs: 9
auto-affinity: local task 1: CPUs: 1
auto-affinity: local task 2: CPUs: 2
auto-affinity: local task 3: CPUs: 3
auto-affinity: local task 5: CPUs: 5
auto-affinity: local task 6: CPUs: 6
auto-affinity: local task 8: CPUs: 8
auto-affinity: local task 10: CPUs: 10
auto-affinity: local task 15: CPUs: 15
auto-affinity: local task 4: CPUs: 4
auto-affinity: local task 14: CPUs: 14
auto-affinity: local task 13: CPUs: 13
auto-affinity: local task 13: CPUs: 13
auto-affinity: local task 12: CPUs: 12
auto-affinity: local task 12: CPUs: 12
auto-affinity: local task 10: CPUs: 10
auto-affinity: local task 4: CPUs: 4
auto-affinity: local task 11: CPUs: 11
auto-affinity: local task 11: CPUs: 11
auto-affinity: local task 6: CPUs: 6
auto-affinity: local task 1: CPUs: 1
auto-affinity: local task 1: CPUs: 1
auto-affinity: local task 8: CPUs: 8
auto-affinity: local task 5: CPUs: 5
auto-affinity: local task 2: CPUs: 2
auto-affinity: local task 10: CPUs: 10
auto-affinity: local task 7: CPUs: 7
auto-affinity: local task 4: CPUs: 4
auto-affinity: local task 1: CPUs: 1
auto-affinity: local task 8: CPUs: 8
auto-affinity: local task 6: CPUs: 6
auto-affinity: local task 11: CPUs: 11
auto-affinity: local task 9: CPUs: 9
auto-affinity: local task 8: CPUs: 8
auto-affinity: local task 7: CPUs: 7
auto-affinity: local task 10: CPUs: 10
auto-affinity: local task 9: CPUs: 9
auto-affinity: local task 3: CPUs: 3
auto-affinity: local task 13: CPUs: 13
auto-affinity: local task 12: CPUs: 12
auto-affinity: local task 5: CPUs: 5
auto-affinity: local task 15: CPUs: 15
auto-affinity: local task 15: CPUs: 15
auto-affinity: local task 9: CPUs: 9
auto-affinity: local task 4: CPUs: 4
auto-affinity: local task 14: CPUs: 14
auto-affinity: local task 15: CPUs: 15
auto-affinity: local task 6: CPUs: 6
auto-affinity: local task 13: CPUs: 13
auto-affinity: local task 2: CPUs: 2
auto-affinity: local task 3: CPUs: 3
auto-affinity: local task 5: CPUs: 5
auto-affinity: local task 14: CPUs: 14
auto-affinity: local task 2: CPUs: 2
auto-affinity: local task 7: CPUs: 7
auto-affinity: local task 14: CPUs: 14
auto-affinity: local task 3: CPUs: 3
auto-affinity: local task 11: CPUs: 11
auto-affinity: local task 13: CPUs: 13
auto-affinity: local task 12: CPUs: 12
auto-affinity: local task 12: CPUs: 12
auto-affinity: local task 9: CPUs: 9
auto-affinity: local task 10: CPUs: 10
auto-affinity: local task 7: CPUs: 7
auto-affinity: local task 4: CPUs: 4
auto-affinity: local task 5: CPUs: 5
auto-affinity: local task 2: CPUs: 2
auto-affinity: local task 1: CPUs: 1
auto-affinity: local task 3: CPUs: 3
auto-affinity: local task 2: CPUs: 2
auto-affinity: local task 11: CPUs: 11
auto-affinity: local task 3: CPUs: 3
auto-affinity: local task 14: CPUs: 14
auto-affinity: local task 6: CPUs: 6
auto-affinity: local task 1: CPUs: 1
auto-affinity: local task 8: CPUs: 8
auto-affinity: local task 15: CPUs: 15
auto-affinity: local task 10: CPUs: 10
auto-affinity: local task 5: CPUs: 5
auto-affinity: local task 4: CPUs: 4
auto-affinity: local task 9: CPUs: 9
auto-affinity: local task 14: CPUs: 14
auto-affinity: local task 6: CPUs: 6
auto-affinity: local task 13: CPUs: 13
auto-affinity: local task 13: CPUs: 13
auto-affinity: local task 7: CPUs: 7
auto-affinity: local task 15: CPUs: 15
auto-affinity: local task 0: CPUs: 0
auto-affinity: local task 8: CPUs: 8
auto-affinity: local task 1: CPUs: 1
auto-affinity: local task 10: CPUs: 10
auto-affinity: local task 2: CPUs: 2
auto-affinity: local task 8: CPUs: 8
auto-affinity: local task 11: CPUs: 11
auto-affinity: local task 9: CPUs: 9
auto-affinity: local task 14: CPUs: 14
auto-affinity: local task 3: CPUs: 3
auto-affinity: local task 7: CPUs: 7
auto-affinity: local task 15: CPUs: 15
auto-affinity: local task 4: CPUs: 4
auto-affinity: local task 5: CPUs: 5
auto-affinity: local task 6: CPUs: 6
auto-affinity: local task 13: CPUs: 13
auto-affinity: local task 12: CPUs: 12
auto-affinity: local task 12: CPUs: 12
auto-affinity: local task 4: CPUs: 4
auto-affinity: local task 11: CPUs: 11
auto-affinity: local task 5: CPUs: 5
auto-affinity: local task 3: CPUs: 3
auto-affinity: local task 6: CPUs: 6
auto-affinity: local task 9: CPUs: 9
auto-affinity: local task 10: CPUs: 10
auto-affinity: local task 4: CPUs: 4
auto-affinity: local task 1: CPUs: 1
auto-affinity: local task 5: CPUs: 5
auto-affinity: local task 11: CPUs: 11
auto-affinity: local task 13: CPUs: 13
auto-affinity: local task 9: CPUs: 9
auto-affinity: local task 10: CPUs: 10
auto-affinity: local task 3: CPUs: 3
auto-affinity: local task 1: CPUs: 1
auto-affinity: local task 14: CPUs: 14
auto-affinity: local task 2: CPUs: 2
auto-affinity: local task 7: CPUs: 7
auto-affinity: local task 6: CPUs: 6
auto-affinity: local task 8: CPUs: 8
auto-affinity: local task 7: CPUs: 7
auto-affinity: local task 15: CPUs: 15
auto-affinity: local task 15: CPUs: 15
auto-affinity: local task 2: CPUs: 2
auto-affinity: local task 8: CPUs: 8
auto-affinity: local task 14: CPUs: 14
auto-affinity: local task 12: CPUs: 12
auto-affinity: local task 11: CPUs: 11
auto-affinity: local task 3: CPUs: 3
auto-affinity: local task 9: CPUs: 9
auto-affinity: local task 4: CPUs: 4
auto-affinity: local task 5: CPUs: 5
auto-affinity: local task 1: CPUs: 1
auto-affinity: local task 6: CPUs: 6
auto-affinity: local task 10: CPUs: 10
auto-affinity: local task 13: CPUs: 13
auto-affinity: local task 7: CPUs: 7
auto-affinity: local task 14: CPUs: 14
auto-affinity: local task 15: CPUs: 15
auto-affinity: local task 8: CPUs: 8
auto-affinity: local task 2: CPUs: 2
auto-affinity: local task 9: CPUs: 9
auto-affinity: local task 11: CPUs: 11
auto-affinity: local task 12: CPUs: 12
auto-affinity: local task 8: CPUs: 8
auto-affinity: local task 10: CPUs: 10
auto-affinity: local task 14: CPUs: 14
auto-affinity: local task 6: CPUs: 6
auto-affinity: local task 8: CPUs: 8
auto-affinity: local task 1: CPUs: 1
auto-affinity: local task 15: CPUs: 15
auto-affinity: local task 6: CPUs: 6
auto-affinity: local task 2: CPUs: 2
auto-affinity: local task 1: CPUs: 1
auto-affinity: local task 4: CPUs: 4
auto-affinity: local task 10: CPUs: 10
auto-affinity: local task 5: CPUs: 5
auto-affinity: local task 4: CPUs: 4
auto-affinity: local task 12: CPUs: 12
auto-affinity: local task 11: CPUs: 11
auto-affinity: local task 7: CPUs: 7
auto-affinity: local task 7: CPUs: 7
auto-affinity: local task 9: CPUs: 9
auto-affinity: local task 1: CPUs: 1
auto-affinity: local task 9: CPUs: 9
auto-affinity: local task 10: CPUs: 10
auto-affinity: local task 14: CPUs: 14
auto-affinity: local task 4: CPUs: 4
auto-affinity: local task 11: CPUs: 11
auto-affinity: local task 12: CPUs: 12
auto-affinity: local task 2: CPUs: 2
auto-affinity: local task 6: CPUs: 6
auto-affinity: local task 13: CPUs: 13
auto-affinity: local task 13: CPUs: 13
auto-affinity: local task 15: CPUs: 15
auto-affinity: local task 7: CPUs: 7
auto-affinity: local task 15: CPUs: 15
auto-affinity: local task 2: CPUs: 2
auto-affinity: local task 7: CPUs: 7
auto-affinity: local task 8: CPUs: 8
auto-affinity: local task 6: CPUs: 6
auto-affinity: local task 5: CPUs: 5
auto-affinity: local task 3: CPUs: 3
auto-affinity: local task 9: CPUs: 9
auto-affinity: local task 8: CPUs: 8
auto-affinity: local task 3: CPUs: 3
auto-affinity: local task 5: CPUs: 5
auto-affinity: local task 12: CPUs: 12
auto-affinity: local task 10: CPUs: 10
auto-affinity: local task 14: CPUs: 14
auto-affinity: local task 13: CPUs: 13
auto-affinity: local task 15: CPUs: 15
auto-affinity: local task 3: CPUs: 3
auto-affinity: local task 11: CPUs: 11
auto-affinity: local task 1: CPUs: 1
auto-affinity: local task 3: CPUs: 3
auto-affinity: local task 4: CPUs: 4
auto-affinity: local task 5: CPUs: 5
auto-affinity: local task 2: CPUs: 2
auto-affinity: local task 13: CPUs: 13
auto-affinity: local task 14: CPUs: 14
auto-affinity: local task 10: CPUs: 10
auto-affinity: local task 11: CPUs: 11
auto-affinity: local task 1: CPUs: 1
auto-affinity: local task 2: CPUs: 2
auto-affinity: local task 3: CPUs: 3
auto-affinity: local task 4: CPUs: 4
auto-affinity: local task 6: CPUs: 6
auto-affinity: local task 8: CPUs: 8
auto-affinity: local task 9: CPUs: 9
auto-affinity: local task 12: CPUs: 12
auto-affinity: local task 15: CPUs: 15
auto-affinity: local task 7: CPUs: 7
auto-affinity: local task 5: CPUs: 5
auto-affinity: local task 14: CPUs: 14
auto-affinity: local task 13: CPUs: 13
auto-affinity: local task 13: CPUs: 13
auto-affinity: local task 10: CPUs: 10
auto-affinity: local task 12: CPUs: 12
auto-affinity: local task 11: CPUs: 11
auto-affinity: local task 4: CPUs: 4
auto-affinity: local task 12: CPUs: 12
auto-affinity: local task 12: CPUs: 12
auto-affinity: local task 6: CPUs: 6
auto-affinity: local task 5: CPUs: 5
auto-affinity: local task 14: CPUs: 14
auto-affinity: local task 14: CPUs: 14
auto-affinity: local task 8: CPUs: 8
auto-affinity: local task 10: CPUs: 10
auto-affinity: local task 9: CPUs: 9
auto-affinity: local task 7: CPUs: 7
auto-affinity: local task 12: CPUs: 12
auto-affinity: local task 6: CPUs: 6
auto-affinity: local task 11: CPUs: 11
auto-affinity: local task 9: CPUs: 9
auto-affinity: local task 9: CPUs: 9
auto-affinity: local task 7: CPUs: 7
auto-affinity: local task 6: CPUs: 6
auto-affinity: local task 11: CPUs: 11
auto-affinity: local task 13: CPUs: 13
auto-affinity: local task 1: CPUs: 1
auto-affinity: local task 7: CPUs: 7
auto-affinity: local task 5: CPUs: 5
auto-affinity: local task 4: CPUs: 4
auto-affinity: local task 11: CPUs: 11
auto-affinity: local task 15: CPUs: 15
auto-affinity: local task 1: CPUs: 1
auto-affinity: local task 3: CPUs: 3
auto-affinity: local task 3: CPUs: 3
auto-affinity: local task 13: CPUs: 13
auto-affinity: local task 13: CPUs: 13
auto-affinity: local task 2: CPUs: 2
auto-affinity: local task 14: CPUs: 14
auto-affinity: local task 4: CPUs: 4
auto-affinity: local task 8: CPUs: 8
auto-affinity: local task 7: CPUs: 7
auto-affinity: local task 15: CPUs: 15
auto-affinity: local task 1: CPUs: 1
auto-affinity: local task 2: CPUs: 2
auto-affinity: local task 5: CPUs: 5
auto-affinity: local task 2: CPUs: 2
auto-affinity: local task 2: CPUs: 2
auto-affinity: local task 3: CPUs: 3
auto-affinity: local task 14: CPUs: 14
auto-affinity: local task 8: CPUs: 8
auto-affinity: local task 10: CPUs: 10
auto-affinity: local task 4: CPUs: 4
auto-affinity: local task 15: CPUs: 15
auto-affinity: local task 9: CPUs: 9
auto-affinity: local task 8: CPUs: 8
auto-affinity: local task 15: CPUs: 15
auto-affinity: local task 1: CPUs: 1
auto-affinity: local task 5: CPUs: 5
auto-affinity: local task 10: CPUs: 10
auto-affinity: local task 3: CPUs: 3
auto-affinity: local task 6: CPUs: 6
auto-affinity: local task 12: CPUs: 12
auto-affinity: local task 11: CPUs: 11
auto-affinity: local task 3: CPUs: 3
auto-affinity: local task 9: CPUs: 9
auto-affinity: local task 15: CPUs: 15
auto-affinity: local task 2: CPUs: 2
auto-affinity: local task 1: CPUs: 1
auto-affinity: local task 10: CPUs: 10
auto-affinity: local task 8: CPUs: 8
auto-affinity: local task 13: CPUs: 13
auto-affinity: local task 14: CPUs: 14
auto-affinity: local task 4: CPUs: 4
auto-affinity: local task 5: CPUs: 5
auto-affinity: local task 6: CPUs: 6
auto-affinity: local task 7: CPUs: 7
auto-affinity: local task 11: CPUs: 11
auto-affinity: local task 12: CPUs: 12
auto-affinity: local task 7: CPUs: 7
auto-affinity: local task 9: CPUs: 9
auto-affinity: local task 5: CPUs: 5
auto-affinity: local task 1: CPUs: 1
auto-affinity: local task 10: CPUs: 10
auto-affinity: local task 6: CPUs: 6
auto-affinity: local task 13: CPUs: 13
auto-affinity: local task 2: CPUs: 2
auto-affinity: local task 3: CPUs: 3
auto-affinity: local task 8: CPUs: 8
auto-affinity: local task 14: CPUs: 14
auto-affinity: local task 15: CPUs: 15
auto-affinity: local task 4: CPUs: 4
auto-affinity: local task 10: CPUs: 10
auto-affinity: local task 11: CPUs: 11
auto-affinity: local task 2: CPUs: 2
auto-affinity: local task 8: CPUs: 8
auto-affinity: local task 3: CPUs: 3
auto-affinity: local task 4: CPUs: 4
auto-affinity: local task 9: CPUs: 9
auto-affinity: local task 12: CPUs: 12
auto-affinity: local task 1: CPUs: 1
auto-affinity: local task 5: CPUs: 5
auto-affinity: local task 15: CPUs: 15
auto-affinity: local task 14: CPUs: 14
auto-affinity: local task 6: CPUs: 6
auto-affinity: local task 7: CPUs: 7
auto-affinity: local task 13: CPUs: 13
auto-affinity: local task 9: CPUs: 9
auto-affinity: local task 8: CPUs: 8
auto-affinity: local task 1: CPUs: 1
auto-affinity: local task 4: CPUs: 4
auto-affinity: local task 6: CPUs: 6
auto-affinity: local task 10: CPUs: 10
auto-affinity: local task 12: CPUs: 12
auto-affinity: local task 15: CPUs: 15
auto-affinity: local task 7: CPUs: 7
auto-affinity: local task 5: CPUs: 5
auto-affinity: local task 2: CPUs: 2
auto-affinity: local task 13: CPUs: 13
auto-affinity: local task 3: CPUs: 3
auto-affinity: local task 14: CPUs: 14
auto-affinity: local task 11: CPUs: 11
filename=rzmerl61_rapl_sweep.512_0288__XXXXXX
filename=rzmerl47_rapl_sweep.512_0064__XXXXXX
filename=rzmerl73_rapl_sweep.512_0464__XXXXXX
filename=rzmerl107_rapl_sweep.512_0496__XXXXXX
filename=rzmerl57_rapl_sweep.512_0224__XXXXXX
filename=rzmerl58_rapl_sweep.512_0240__XXXXXX
filename=rzmerl59_rapl_sweep.512_0256__XXXXXX
filename=rzmerl50_rapl_sweep.512_0112__XXXXXX
filename=rzmerl69_rapl_sweep.512_0400__XXXXXX
filename=rzmerl44_rapl_sweep.512_0016__XXXXXX
filename=rzmerl56_rapl_sweep.512_0208__XXXXXX
filename=rzmerl46_rapl_sweep.512_0048__XXXXXX
filename=rzmerl45_rapl_sweep.512_0032__XXXXXX
filename=rzmerl52_rapl_sweep.512_0144__XXXXXX
filename=rzmerl55_rapl_sweep.512_0192__XXXXXX
filename=rzmerl62_rapl_sweep.512_0304__XXXXXX
filename=rzmerl68_rapl_sweep.512_0384__XXXXXX
filename=rzmerl70_rapl_sweep.512_0416__XXXXXX
filename=rzmerl72_rapl_sweep.512_0448__XXXXXX
filename=rzmerl51_rapl_sweep.512_0128__XXXXXX
filename=rzmerl53_rapl_sweep.512_0160__XXXXXX
filename=rzmerl60_rapl_sweep.512_0272__XXXXXX
filename=rzmerl54_rapl_sweep.512_0176__XXXXXX
filename=rzmerl71_rapl_sweep.512_0432__XXXXXX
filename=rzmerl65_rapl_sweep.512_0336__XXXXXX
msr_opt.c::79 setting MSR_PKG_POWER_LIMIT to 0x38280 on cpu 0
filename=rzmerl49_rapl_sweep.512_0096__XXXXXX
filename=rzmerl48_rapl_sweep.512_0080__XXXXXX
msr_opt.c::79 setting MSR_PKG_POWER_LIMIT to 0x38280 on cpu 0
filename=rzmerl63_rapl_sweep.512_0320__XXXXXX
filename=rzmerl66_rapl_sweep.512_0352__XXXXXX
filename=rzmerl67_rapl_sweep.512_0368__XXXXXX
filename=rzmerl106_rapl_sweep.512_0480__XXXXXX
msr_opt.c::79 setting MSR_PKG_POWER_LIMIT to 0x38280 on cpu 0
msr_opt.c::79 setting MSR_PKG_POWER_LIMIT to 0x38280 on cpu 0
msr_opt.c::79 setting MSR_PKG_POWER_LIMIT to 0x38280 on cpu 0
msr_opt.c::85 setting MSR_PP0_POWER_LIMIT to 0x0 on cpu 0
msr_opt.c::79 setting MSR_PKG_POWER_LIMIT to 0x38280 on cpu 0
msr_opt.c::79 setting MSR_PKG_POWER_LIMIT to 0x38280 on cpu 0
msr_opt.c::79 setting MSR_PKG_POWER_LIMIT to 0x38280 on cpu 0
msr_opt.c::79 setting MSR_PKG_POWER_LIMIT to 0x38280 on cpu 0
msr_opt.c::79 setting MSR_PKG_POWER_LIMIT to 0x38280 on cpu 0
msr_opt.c::79 setting MSR_PKG_POWER_LIMIT to 0x38280 on cpu 0
msr_opt.c::79 setting MSR_PKG_POWER_LIMIT to 0x38280 on cpu 0
msr_opt.c::85 setting MSR_PP0_POWER_LIMIT to 0x0 on cpu 0
msr_opt.c::79 setting MSR_PKG_POWER_LIMIT to 0x38280 on cpu 0
msr_opt.c::79 setting MSR_PKG_POWER_LIMIT to 0x38280 on cpu 0
msr_opt.c::79 setting MSR_PKG_POWER_LIMIT to 0x38280 on cpu 0
msr_opt.c::79 setting MSR_PKG_POWER_LIMIT to 0x38280 on cpu 0
msr_opt.c::79 setting MSR_PKG_POWER_LIMIT to 0x38280 on cpu 0
filename=rzmerl43_rapl_sweep.512_0000__XXXXXX
msr_opt.c::79 setting MSR_PKG_POWER_LIMIT to 0x38280 on cpu 0
msr_opt.c::85 setting MSR_PP0_POWER_LIMIT to 0x0 on cpu 0
msr_opt.c::85 setting MSR_PP0_POWER_LIMIT to 0x0 on cpu 0
msr_opt.c::79 setting MSR_PKG_POWER_LIMIT to 0x38280 on cpu 0
msr_opt.c::85 setting MSR_PP0_POWER_LIMIT to 0x0 on cpu 0
msr_opt.c::90 setting MSR_DRAM_POWER_LIMIT to 0x0 on cpu 0
msr_opt.c::85 setting MSR_PP0_POWER_LIMIT to 0x0 on cpu 0
msr_opt.c::79 setting MSR_PKG_POWER_LIMIT to 0x38280 on cpu 0
msr_opt.c::79 setting MSR_PKG_POWER_LIMIT to 0x38280 on cpu 0
msr_opt.c::85 setting MSR_PP0_POWER_LIMIT to 0x0 on cpu 0
msr_opt.c::85 setting MSR_PP0_POWER_LIMIT to 0x0 on cpu 0
msr_opt.c::85 setting MSR_PP0_POWER_LIMIT to 0x0 on cpu 0
msr_opt.c::85 setting MSR_PP0_POWER_LIMIT to 0x0 on cpu 0
msr_opt.c::85 setting MSR_PP0_POWER_LIMIT to 0x0 on cpu 0
msr_opt.c::85 setting MSR_PP0_POWER_LIMIT to 0x0 on cpu 0
msr_opt.c::90 setting MSR_DRAM_POWER_LIMIT to 0x0 on cpu 0
msr_opt.c::79 setting MSR_PKG_POWER_LIMIT to 0x38280 on cpu 0
msr_opt.c::85 setting MSR_PP0_POWER_LIMIT to 0x0 on cpu 0
msr_opt.c::79 setting MSR_PKG_POWER_LIMIT to 0x38280 on cpu 0
msr_opt.c::79 setting MSR_PKG_POWER_LIMIT to 0x38280 on cpu 0
msr_opt.c::79 setting MSR_PKG_POWER_LIMIT to 0x38280 on cpu 0
msr_opt.c::85 setting MSR_PP0_POWER_LIMIT to 0x0 on cpu 0
msr_opt.c::85 setting MSR_PP0_POWER_LIMIT to 0x0 on cpu 0
msr_opt.c::79 setting MSR_PKG_POWER_LIMIT to 0x38280 on cpu 0
msr_opt.c::79 setting MSR_PKG_POWER_LIMIT to 0x38280 on cpu 0
msr_opt.c::85 setting MSR_PP0_POWER_LIMIT to 0x0 on cpu 0
msr_opt.c::85 setting MSR_PP0_POWER_LIMIT to 0x0 on cpu 0
msr_opt.c::79 setting MSR_PKG_POWER_LIMIT to 0x38280 on cpu 0
msr_opt.c::79 setting MSR_PKG_POWER_LIMIT to 0x38280 on cpu 0
msr_opt.c::79 setting MSR_PKG_POWER_LIMIT to 0x38280 on cpu 0
msr_opt.c::85 setting MSR_PP0_POWER_LIMIT to 0x0 on cpu 0
msr_opt.c::90 setting MSR_DRAM_POWER_LIMIT to 0x0 on cpu 0
msr_opt.c::90 setting MSR_DRAM_POWER_LIMIT to 0x0 on cpu 0
msr_opt.c::85 setting MSR_PP0_POWER_LIMIT to 0x0 on cpu 0
msr_opt.c::90 setting MSR_DRAM_POWER_LIMIT to 0x0 on cpu 0
msr_opt.c::79 setting MSR_PKG_POWER_LIMIT to 0x38280 on cpu 1
msr_opt.c::90 setting MSR_DRAM_POWER_LIMIT to 0x0 on cpu 0
msr_opt.c::85 setting MSR_PP0_POWER_LIMIT to 0x0 on cpu 0
msr_opt.c::85 setting MSR_PP0_POWER_LIMIT to 0x0 on cpu 0
msr_opt.c::90 setting MSR_DRAM_POWER_LIMIT to 0x0 on cpu 0
msr_opt.c::90 setting MSR_DRAM_POWER_LIMIT to 0x0 on cpu 0
msr_opt.c::90 setting MSR_DRAM_POWER_LIMIT to 0x0 on cpu 0
msr_opt.c::90 setting MSR_DRAM_POWER_LIMIT to 0x0 on cpu 0
msr_opt.c::90 setting MSR_DRAM_POWER_LIMIT to 0x0 on cpu 0
msr_opt.c::90 setting MSR_DRAM_POWER_LIMIT to 0x0 on cpu 0
msr_opt.c::79 setting MSR_PKG_POWER_LIMIT to 0x38280 on cpu 1
msr_opt.c::85 setting MSR_PP0_POWER_LIMIT to 0x0 on cpu 0
msr_opt.c::90 setting MSR_DRAM_POWER_LIMIT to 0x0 on cpu 0
msr_opt.c::85 setting MSR_PP0_POWER_LIMIT to 0x0 on cpu 0
msr_opt.c::85 setting MSR_PP0_POWER_LIMIT to 0x0 on cpu 0
msr_opt.c::85 setting MSR_PP0_POWER_LIMIT to 0x0 on cpu 0
msr_opt.c::90 setting MSR_DRAM_POWER_LIMIT to 0x0 on cpu 0
msr_opt.c::90 setting MSR_DRAM_POWER_LIMIT to 0x0 on cpu 0
msr_opt.c::85 setting MSR_PP0_POWER_LIMIT to 0x0 on cpu 0
msr_opt.c::85 setting MSR_PP0_POWER_LIMIT to 0x0 on cpu 0
msr_opt.c::90 setting MSR_DRAM_POWER_LIMIT to 0x0 on cpu 0
msr_opt.c::90 setting MSR_DRAM_POWER_LIMIT to 0x0 on cpu 0
msr_opt.c::85 setting MSR_PP0_POWER_LIMIT to 0x0 on cpu 0
msr_opt.c::85 setting MSR_PP0_POWER_LIMIT to 0x0 on cpu 0
msr_opt.c::85 setting MSR_PP0_POWER_LIMIT to 0x0 on cpu 0
msr_opt.c::90 setting MSR_DRAM_POWER_LIMIT to 0x0 on cpu 0
msr_opt.c::79 setting MSR_PKG_POWER_LIMIT to 0x38280 on cpu 1
msr_opt.c::79 setting MSR_PKG_POWER_LIMIT to 0x38280 on cpu 1
msr_opt.c::90 setting MSR_DRAM_POWER_LIMIT to 0x0 on cpu 0
msr_opt.c::79 setting MSR_PKG_POWER_LIMIT to 0x38280 on cpu 1
msr_opt.c::85 setting MSR_PP0_POWER_LIMIT to 0x0 on cpu 1
msr_opt.c::79 setting MSR_PKG_POWER_LIMIT to 0x38280 on cpu 1
msr_opt.c::90 setting MSR_DRAM_POWER_LIMIT to 0x0 on cpu 0
msr_opt.c::90 setting MSR_DRAM_POWER_LIMIT to 0x0 on cpu 0
msr_opt.c::79 setting MSR_PKG_POWER_LIMIT to 0x38280 on cpu 1
msr_opt.c::79 setting MSR_PKG_POWER_LIMIT to 0x38280 on cpu 1
msr_opt.c::79 setting MSR_PKG_POWER_LIMIT to 0x38280 on cpu 1
msr_opt.c::79 setting MSR_PKG_POWER_LIMIT to 0x38280 on cpu 1
msr_opt.c::79 setting MSR_PKG_POWER_LIMIT to 0x38280 on cpu 1
msr_opt.c::79 setting MSR_PKG_POWER_LIMIT to 0x38280 on cpu 1
msr_opt.c::85 setting MSR_PP0_POWER_LIMIT to 0x0 on cpu 1
msr_opt.c::90 setting MSR_DRAM_POWER_LIMIT to 0x0 on cpu 0
msr_opt.c::79 setting MSR_PKG_POWER_LIMIT to 0x38280 on cpu 1
msr_opt.c::90 setting MSR_DRAM_POWER_LIMIT to 0x0 on cpu 0
msr_opt.c::90 setting MSR_DRAM_POWER_LIMIT to 0x0 on cpu 0
msr_opt.c::90 setting MSR_DRAM_POWER_LIMIT to 0x0 on cpu 0
msr_opt.c::79 setting MSR_PKG_POWER_LIMIT to 0x38280 on cpu 1
msr_opt.c::90 setting MSR_DRAM_POWER_LIMIT to 0x0 on cpu 0
msr_opt.c::90 setting MSR_DRAM_POWER_LIMIT to 0x0 on cpu 0
msr_opt.c::79 setting MSR_PKG_POWER_LIMIT to 0x38280 on cpu 1
msr_opt.c::79 setting MSR_PKG_POWER_LIMIT to 0x38280 on cpu 1
msr_opt.c::90 setting MSR_DRAM_POWER_LIMIT to 0x0 on cpu 0
msr_opt.c::90 setting MSR_DRAM_POWER_LIMIT to 0x0 on cpu 0
msr_opt.c::90 setting MSR_DRAM_POWER_LIMIT to 0x0 on cpu 0
msr_opt.c::79 setting MSR_PKG_POWER_LIMIT to 0x38280 on cpu 1
msr_opt.c::85 setting MSR_PP0_POWER_LIMIT to 0x0 on cpu 1
msr_opt.c::85 setting MSR_PP0_POWER_LIMIT to 0x0 on cpu 1
msr_opt.c::79 setting MSR_PKG_POWER_LIMIT to 0x38280 on cpu 1
msr_opt.c::85 setting MSR_PP0_POWER_LIMIT to 0x0 on cpu 1
msr_opt.c::90 setting MSR_DRAM_POWER_LIMIT to 0x0 on cpu 1
msr_opt.c::79 setting MSR_PKG_POWER_LIMIT to 0x38280 on cpu 0
msr_opt.c::85 setting MSR_PP0_POWER_LIMIT to 0x0 on cpu 1
msr_opt.c::79 setting MSR_PKG_POWER_LIMIT to 0x38280 on cpu 1
msr_opt.c::79 setting MSR_PKG_POWER_LIMIT to 0x38280 on cpu 1
msr_opt.c::85 setting MSR_PP0_POWER_LIMIT to 0x0 on cpu 1
msr_opt.c::85 setting MSR_PP0_POWER_LIMIT to 0x0 on cpu 1
msr_opt.c::85 setting MSR_PP0_POWER_LIMIT to 0x0 on cpu 1
msr_opt.c::85 setting MSR_PP0_POWER_LIMIT to 0x0 on cpu 1
msr_opt.c::85 setting MSR_PP0_POWER_LIMIT to 0x0 on cpu 1
msr_opt.c::85 setting MSR_PP0_POWER_LIMIT to 0x0 on cpu 1
msr_opt.c::90 setting MSR_DRAM_POWER_LIMIT to 0x0 on cpu 1
msr_opt.c::79 setting MSR_PKG_POWER_LIMIT to 0x38280 on cpu 1
msr_opt.c::85 setting MSR_PP0_POWER_LIMIT to 0x0 on cpu 1
msr_opt.c::79 setting MSR_PKG_POWER_LIMIT to 0x38280 on cpu 1
msr_opt.c::79 setting MSR_PKG_POWER_LIMIT to 0x38280 on cpu 1
msr_opt.c::79 setting MSR_PKG_POWER_LIMIT to 0x38280 on cpu 1
msr_opt.c::85 setting MSR_PP0_POWER_LIMIT to 0x0 on cpu 1
msr_opt.c::79 setting MSR_PKG_POWER_LIMIT to 0x38280 on cpu 1
msr_opt.c::79 setting MSR_PKG_POWER_LIMIT to 0x38280 on cpu 1
msr_opt.c::85 setting MSR_PP0_POWER_LIMIT to 0x0 on cpu 1
msr_opt.c::85 setting MSR_PP0_POWER_LIMIT to 0x0 on cpu 1
msr_opt.c::79 setting MSR_PKG_POWER_LIMIT to 0x38280 on cpu 1
msr_opt.c::79 setting MSR_PKG_POWER_LIMIT to 0x38280 on cpu 1
msr_opt.c::79 setting MSR_PKG_POWER_LIMIT to 0x38280 on cpu 1
msr_opt.c::85 setting MSR_PP0_POWER_LIMIT to 0x0 on cpu 1
msr_opt.c::90 setting MSR_DRAM_POWER_LIMIT to 0x0 on cpu 1
msr_opt.c::90 setting MSR_DRAM_POWER_LIMIT to 0x0 on cpu 1
msr_opt.c::85 setting MSR_PP0_POWER_LIMIT to 0x0 on cpu 1
msr_opt.c::90 setting MSR_DRAM_POWER_LIMIT to 0x0 on cpu 1
msr_rapl.c::399 returned from parse_opts
msr_opt.c::85 setting MSR_PP0_POWER_LIMIT to 0x0 on cpu 0
msr_opt.c::90 setting MSR_DRAM_POWER_LIMIT to 0x0 on cpu 1
msr_opt.c::85 setting MSR_PP0_POWER_LIMIT to 0x0 on cpu 1
msr_opt.c::85 setting MSR_PP0_POWER_LIMIT to 0x0 on cpu 1
msr_opt.c::90 setting MSR_DRAM_POWER_LIMIT to 0x0 on cpu 1
msr_opt.c::90 setting MSR_DRAM_POWER_LIMIT to 0x0 on cpu 1
msr_opt.c::90 setting MSR_DRAM_POWER_LIMIT to 0x0 on cpu 1
msr_opt.c::90 setting MSR_DRAM_POWER_LIMIT to 0x0 on cpu 1
msr_opt.c::90 setting MSR_DRAM_POWER_LIMIT to 0x0 on cpu 1
msr_opt.c::90 setting MSR_DRAM_POWER_LIMIT to 0x0 on cpu 1
msr_rapl.c::399 returned from parse_opts
msr_opt.c::85 setting MSR_PP0_POWER_LIMIT to 0x0 on cpu 1
msr_opt.c::90 setting MSR_DRAM_POWER_LIMIT to 0x0 on cpu 1
msr_opt.c::85 setting MSR_PP0_POWER_LIMIT to 0x0 on cpu 1
msr_opt.c::85 setting MSR_PP0_POWER_LIMIT to 0x0 on cpu 1
msr_opt.c::85 setting MSR_PP0_POWER_LIMIT to 0x0 on cpu 1
msr_opt.c::90 setting MSR_DRAM_POWER_LIMIT to 0x0 on cpu 1
msr_opt.c::85 setting MSR_PP0_POWER_LIMIT to 0x0 on cpu 1
msr_opt.c::85 setting MSR_PP0_POWER_LIMIT to 0x0 on cpu 1
msr_opt.c::90 setting MSR_DRAM_POWER_LIMIT to 0x0 on cpu 1
msr_opt.c::90 setting MSR_DRAM_POWER_LIMIT to 0x0 on cpu 1
msr_opt.c::85 setting MSR_PP0_POWER_LIMIT to 0x0 on cpu 1
msr_opt.c::85 setting MSR_PP0_POWER_LIMIT to 0x0 on cpu 1
msr_opt.c::85 setting MSR_PP0_POWER_LIMIT to 0x0 on cpu 1
msr_opt.c::79 setting MSR_PKG_POWER_LIMIT to 0x38280 on cpu 0
msr_opt.c::90 setting MSR_DRAM_POWER_LIMIT to 0x0 on cpu 1
msr_rapl.c::399 returned from parse_opts
msr_rapl.c::399 returned from parse_opts
msr_opt.c::90 setting MSR_DRAM_POWER_LIMIT to 0x0 on cpu 1
msr_rapl.c::399 returned from parse_opts
msr_opt.c::90 setting MSR_DRAM_POWER_LIMIT to 0x0 on cpu 0
msr_rapl.c::399 returned from parse_opts
msr_opt.c::90 setting MSR_DRAM_POWER_LIMIT to 0x0 on cpu 1
msr_opt.c::90 setting MSR_DRAM_POWER_LIMIT to 0x0 on cpu 1
msr_rapl.c::399 returned from parse_opts
msr_rapl.c::399 returned from parse_opts
msr_rapl.c::399 returned from parse_opts
msr_rapl.c::399 returned from parse_opts
msr_rapl.c::399 returned from parse_opts
msr_rapl.c::399 returned from parse_opts
msr_opt.c::90 setting MSR_DRAM_POWER_LIMIT to 0x0 on cpu 1
msr_rapl.c::399 returned from parse_opts
msr_opt.c::90 setting MSR_DRAM_POWER_LIMIT to 0x0 on cpu 1
msr_opt.c::90 setting MSR_DRAM_POWER_LIMIT to 0x0 on cpu 1
msr_opt.c::90 setting MSR_DRAM_POWER_LIMIT to 0x0 on cpu 1
msr_rapl.c::399 returned from parse_opts
msr_opt.c::90 setting MSR_DRAM_POWER_LIMIT to 0x0 on cpu 1
msr_opt.c::90 setting MSR_DRAM_POWER_LIMIT to 0x0 on cpu 1
msr_rapl.c::399 returned from parse_opts
msr_rapl.c::399 returned from parse_opts
msr_opt.c::90 setting MSR_DRAM_POWER_LIMIT to 0x0 on cpu 1
msr_opt.c::90 setting MSR_DRAM_POWER_LIMIT to 0x0 on cpu 1
msr_opt.c::90 setting MSR_DRAM_POWER_LIMIT to 0x0 on cpu 1
msr_opt.c::85 setting MSR_PP0_POWER_LIMIT to 0x0 on cpu 0
msr_rapl.c::399 returned from parse_opts
msr_rapl.c::399 returned from parse_opts
msr_opt.c::79 setting MSR_PKG_POWER_LIMIT to 0x38280 on cpu 1
msr_rapl.c::399 returned from parse_opts
msr_rapl.c::399 returned from parse_opts
msr_rapl.c::399 returned from parse_opts
msr_rapl.c::399 returned from parse_opts
msr_rapl.c::399 returned from parse_opts
msr_rapl.c::399 returned from parse_opts
msr_rapl.c::399 returned from parse_opts
msr_rapl.c::399 returned from parse_opts
msr_rapl.c::399 returned from parse_opts
msr_rapl.c::399 returned from parse_opts
msr_rapl.c::399 returned from parse_opts
msr_opt.c::90 setting MSR_DRAM_POWER_LIMIT to 0x0 on cpu 0
msr_opt.c::85 setting MSR_PP0_POWER_LIMIT to 0x0 on cpu 1
msr_opt.c::79 setting MSR_PKG_POWER_LIMIT to 0x38280 on cpu 1
msr_opt.c::90 setting MSR_DRAM_POWER_LIMIT to 0x0 on cpu 1
msr_opt.c::85 setting MSR_PP0_POWER_LIMIT to 0x0 on cpu 1
msr_rapl.c::399 returned from parse_opts
msr_opt.c::90 setting MSR_DRAM_POWER_LIMIT to 0x0 on cpu 1
msr_rapl.c::399 returned from parse_opts
msr_opt.c::79 setting MSR_PKG_POWER_LIMIT to 0x38280 on cpu 1
msr_opt.c::85 setting MSR_PP0_POWER_LIMIT to 0x0 on cpu 1
msr_opt.c::90 setting MSR_DRAM_POWER_LIMIT to 0x0 on cpu 1
msr_rapl.c::399 returned from parse_opts
