slurmd[rzmerl39]: execve(): ../../bin/ep.D.64: No such file or directory
slurmd[rzmerl39]: execve(): ../../bin/ep.D.64: No such file or directory
slurmd[rzmerl39]: execve(): ../../bin/ep.D.64: No such file or directory
slurmd[rzmerl39]: execve(): ../../bin/ep.D.64: No such file or directory
slurmd[rzmerl39]: execve(): ../../bin/ep.D.64: No such file or directory
slurmd[rzmerl39]: execve(): ../../bin/ep.D.64: No such file or directory
slurmd[rzmerl39]: execve(): ../../bin/ep.D.64: No such file or directory
slurmd[rzmerl39]: execve(): ../../bin/ep.D.64: No such file or directory
slurmd[rzmerl39]: execve(): ../../bin/ep.D.64: No such file or directory
slurmd[rzmerl39]: execve(): ../../bin/ep.D.64: No such file or directory
slurmd[rzmerl39]: execve(): ../../bin/ep.D.64: No such file or directory
slurmd[rzmerl39]: execve(): ../../bin/ep.D.64: No such file or directory
slurmd[rzmerl39]: execve(): ../../bin/ep.D.64: No such file or directory
slurmd[rzmerl39]: execve(): ../../bin/ep.D.64: No such file or directory
slurmd[rzmerl39]: execve(): ../../bin/ep.D.64: No such file or directory
slurmd[rzmerl39]: execve(): ../../bin/ep.D.64: No such file or directory
slurmd[rzmerl40]: execve(): ../../bin/ep.D.64: No such file or directory
slurmd[rzmerl40]: execve(): ../../bin/ep.D.64: No such file or directory
slurmd[rzmerl40]: execve(): ../../bin/ep.D.64: No such file or directory
slurmd[rzmerl40]: execve(): ../../bin/ep.D.64: No such file or directory
slurmd[rzmerl40]: execve(): ../../bin/ep.D.64: No such file or directory
slurmd[rzmerl40]: execve(): ../../bin/ep.D.64: No such file or directory
slurmd[rzmerl40]: execve(): ../../bin/ep.D.64: No such file or directory
slurmd[rzmerl40]: execve(): ../../bin/ep.D.64: No such file or directory
slurmd[rzmerl40]: execve(): ../../bin/ep.D.64: No such file or directory
slurmd[rzmerl40]: execve(): ../../bin/ep.D.64: No such file or directory
slurmd[rzmerl40]: execve(): ../../bin/ep.D.64: No such file or directory
slurmd[rzmerl40]: execve(): ../../bin/ep.D.64: No such file or directory
slurmd[rzmerl40]: execve(): ../../bin/ep.D.64: No such file or directory
slurmd[rzmerl40]: execve(): ../../bin/ep.D.64: No such file or directory
slurmd[rzmerl40]: execve(): ../../bin/ep.D.64: No such file or directory
slurmd[rzmerl40]: execve(): ../../bin/ep.D.64: No such file or directory
slurmd[rzmerl42]: execve(): ../../bin/ep.D.64: No such file or directory
slurmd[rzmerl42]: execve(): ../../bin/ep.D.64: No such file or directory
slurmd[rzmerl42]: execve(): ../../bin/ep.D.64: No such file or directory
slurmd[rzmerl42]: execve(): ../../bin/ep.D.64: No such file or directory
slurmd[rzmerl42]: execve(): ../../bin/ep.D.64: No such file or directory
slurmd[rzmerl42]: execve(): ../../bin/ep.D.64: No such file or directory
slurmd[rzmerl42]: execve(): ../../bin/ep.D.64: No such file or directory
slurmd[rzmerl42]: execve(): ../../bin/ep.D.64: No such file or directory
slurmd[rzmerl42]: execve(): ../../bin/ep.D.64: No such file or directory
slurmd[rzmerl42]: execve(): ../../bin/ep.D.64: No such file or directory
slurmd[rzmerl42]: execve(): ../../bin/ep.D.64: No such file or directory
slurmd[rzmerl42]: execve(): ../../bin/ep.D.64: No such file or directory
slurmd[rzmerl42]: execve(): ../../bin/ep.D.64: No such file or directory
slurmd[rzmerl42]: execve(): ../../bin/ep.D.64: No such file or directory
slurmd[rzmerl42]: execve(): ../../bin/ep.D.64: No such file or directory
slurmd[rzmerl41]: execve(): ../../bin/ep.D.64: No such file or directory
slurmd[rzmerl41]: execve(): ../../bin/ep.D.64: No such file or directory
slurmd[rzmerl41]: execve(): ../../bin/ep.D.64: No such file or directory
slurmd[rzmerl41]: execve(): ../../bin/ep.D.64: No such file or directory
slurmd[rzmerl41]: execve(): ../../bin/ep.D.64: No such file or directory
slurmd[rzmerl41]: execve(): ../../bin/ep.D.64: No such file or directory
slurmd[rzmerl41]: execve(): ../../bin/ep.D.64: No such file or directory
slurmd[rzmerl41]: execve(): ../../bin/ep.D.64: No such file or directory
slurmd[rzmerl41]: execve(): ../../bin/ep.D.64: No such file or directory
slurmd[rzmerl41]: execve(): ../../bin/ep.D.64: No such file or directory
slurmd[rzmerl41]: execve(): ../../bin/ep.D.64: No such file or directory
slurmd[rzmerl41]: execve(): ../../bin/ep.D.64: No such file or directory
slurmd[rzmerl41]: execve(): ../../bin/ep.D.64: No such file or directory
slurmd[rzmerl41]: execve(): ../../bin/ep.D.64: No such file or directory
slurmd[rzmerl41]: execve(): ../../bin/ep.D.64: No such file or directory
slurmd[rzmerl41]: execve(): ../../bin/ep.D.64: No such file or directory
slurmd[rzmerl42]: *** STEP 5854.0 KILLED AT 2012-04-13T22:25:12 WITH SIGNAL 9 ***
slurmd[rzmerl42]: *** STEP 5854.0 KILLED AT 2012-04-13T22:25:12 WITH SIGNAL 9 ***
filename=rzmerl39_rapl_ep.D.64_0000__XXXXXX
filename=rzmerl40_rapl_ep.D.64_0016__XXXXXX
filename=rzmerl41_rapl_ep.D.64_0032__XXXXXX
filename=rzmerl42_rapl_ep.D.64_0048__XXXXXX
msr_opt.c::54 c=-1
msr_opt.c::78 setting MSR_PKG_POWER_LIMIT to 0x38208 on cpu 0
msr_opt.c::83 setting MSR_PP0_POWER_LIMIT to 0x0 on cpu 0
msr_opt.c::88 setting MSR_DRAM_POWER_LIMIT to 0x380a0 on cpu 0
msr_core.c::64  pwrite returned -1.  fd[0]=16, cpu=0, msr=1560 (618), val=229536 (0x380a0).  errno=5
: Input/output error
msr_opt.c::78 setting MSR_PKG_POWER_LIMIT to 0x38208 on cpu 1
msr_opt.c::83 setting MSR_PP0_POWER_LIMIT to 0x0 on cpu 1
msr_opt.c::88 setting MSR_DRAM_POWER_LIMIT to 0x380a0 on cpu 1
msr_core.c::64  pwrite returned -1.  fd[1]=17, cpu=1, msr=1560 (618), val=229536 (0x380a0).  errno=5
: Input/output error
msr_rapl.c::399 returned from parse_opts
msr_opt.c::54 c=-1
msr_opt.c::54 c=-1
msr_opt.c::78 setting MSR_PKG_POWER_LIMIT to 0x38208 on cpu 0
msr_opt.c::78 setting MSR_PKG_POWER_LIMIT to 0x38208 on cpu 0
msr_opt.c::83 setting MSR_PP0_POWER_LIMIT to 0x0 on cpu 0
msr_opt.c::83 setting MSR_PP0_POWER_LIMIT to 0x0 on cpu 0
msr_opt.c::88 setting MSR_DRAM_POWER_LIMIT to 0x380a0 on cpu 0
msr_opt.c::88 setting MSR_DRAM_POWER_LIMIT to 0x380a0 on cpu 0
msr_core.c::64  pwrite returned -1.  fd[0]=15, cpu=0, msr=1560 (618), val=229536 (0x380a0).  errno=5
: Input/output error
msr_core.c::64  pwrite returned -1.  fd[0]=14, cpu=0, msr=1560 (618), val=229536 (0x380a0).  errno=5
: Input/output error
msr_opt.c::78 setting MSR_PKG_POWER_LIMIT to 0x38208 on cpu 1
msr_opt.c::78 setting MSR_PKG_POWER_LIMIT to 0x38208 on cpu 1
msr_opt.c::83 setting MSR_PP0_POWER_LIMIT to 0x0 on cpu 1
msr_opt.c::83 setting MSR_PP0_POWER_LIMIT to 0x0 on cpu 1
msr_opt.c::88 setting MSR_DRAM_POWER_LIMIT to 0x380a0 on cpu 1
msr_opt.c::88 setting MSR_DRAM_POWER_LIMIT to 0x380a0 on cpu 1
msr_core.c::64  pwrite returned -1.  fd[1]=16, cpu=1, msr=1560 (618), val=229536 (0x380a0).  errno=5
: Input/output error
msr_core.c::64  pwrite returned -1.  fd[1]=15, cpu=1, msr=1560 (618), val=229536 (0x380a0).  errno=5
: Input/output error
msr_rapl.c::399 returned from parse_opts
msr_rapl.c::399 returned from parse_opts
msr_opt.c::54 c=-1
msr_opt.c::78 setting MSR_PKG_POWER_LIMIT to 0x38208 on cpu 0
msr_opt.c::83 setting MSR_PP0_POWER_LIMIT to 0x0 on cpu 0
msr_opt.c::88 setting MSR_DRAM_POWER_LIMIT to 0x380a0 on cpu 0
msr_core.c::64  pwrite returned -1.  fd[0]=14, cpu=0, msr=1560 (618), val=229536 (0x380a0).  errno=5
: Input/output error
msr_opt.c::78 setting MSR_PKG_POWER_LIMIT to 0x38208 on cpu 1
msr_opt.c::83 setting MSR_PP0_POWER_LIMIT to 0x0 on cpu 1
msr_opt.c::88 setting MSR_DRAM_POWER_LIMIT to 0x380a0 on cpu 1
msr_core.c::64  pwrite returned -1.  fd[1]=15, cpu=1, msr=1560 (618), val=229536 (0x380a0).  errno=5
: Input/output error
msr_rapl.c::399 returned from parse_opts
