
 NAS Parallel Benchmarks 3.3 -- EP Benchmark

 Number of random numbers generated:     34359738368
 Number of active processes:                      64

EP Benchmark Results:

CPU Time =   21.0083
N = 2^   34
No. Gaussian Pairs =   13493133949.
Sums =     1.951074410205504D+05   -4.652192367656247D+04
Counts:
  0    6288709057.
  1    6004520812.
  2    1127147372.
  3      71046730.
  4       1694375.
  5         15553.
  6            50.
  7             0.
  8             0.
  9             0.


 EP Benchmark Completed.
 Class           =                        D
 Size            =              34359738368
 Iterations      =                        0
 Time in seconds =                    21.01
 Total processes =                       64
 Compiled procs  =                       64
 Mop/s total     =                  1635.53
 Mop/s/process   =                    25.56
 Operation type  = Random numbers generated
 Verification    =             UNSUCCESSFUL
 Version         =                      3.3
 Compile date    =              13 Apr 2012

 Compile options:
    MPIF77       = mpif77
    FLINK        = $(MPIF77)
    FMPI_LIB     = -Xlinker -rpath=$(HOME)/local/src/power/rap...
    FMPI_INC     = (none)
    FFLAGS       = -O3 -fPIC
    FLINKFLAGS   = -O3 -fPIC  -Wl,--build-id=none
    RAND         = randi8


 Please send the results of this run to:

 NPB Development Team 
 Internet: npb@nas.nasa.gov
 
 If email is not available, send this to:

 MS T27A-1
 NASA Ames Research Center
 Moffett Field, CA  94035-1000

 Fax: 650-604-3957


