/g/g24/rountree/local/src/power
nodes=128 ntasks=512
+ export BMARK_STRING=lu.C.512
+ BMARK_STRING=lu.C.512
++ date +%Y_%m_%d_%H_%M_%S_%N
+ name=2012_05_03_12_59_14_754893709
+ mkdir 2012_05_03_12_59_14_754893709
+ cd 2012_05_03_12_59_14_754893709
+ touch out.dat
+ env
+ hostname
+ echo 2012_05_03_12_59_14_754893709
+ uname -a
+ srun --nodes=1 --ntasks=1 -ppbatch cat /proc/cpuinfo
+ grep MHz
+ echo 'cores: 512'
+ echo 'nodes: 128'
+ '[' 512 -le 8 ']'
+ srun --nodes=128 --ntasks=512 -ppbatch -e lu.err -o out.dat --auto-affinity=start=0,verbose,cpt=1 ../luCL.sh 512
+ sh /g/g24/rountree/local/src/power/setcpufreq.sh 2600000 0 15
setting frequency to 2600000 KHz on cores 0 through 15
nodes=128 ntasks=1024
+ export BMARK_STRING=lu.C.1024
+ BMARK_STRING=lu.C.1024
++ date +%Y_%m_%d_%H_%M_%S_%N
+ name=2012_05_03_12_59_29_281603048
+ mkdir 2012_05_03_12_59_29_281603048
+ cd 2012_05_03_12_59_29_281603048
+ touch out.dat
+ env
+ hostname
+ echo 2012_05_03_12_59_29_281603048
+ uname -a
+ srun --nodes=1 --ntasks=1 -ppbatch cat /proc/cpuinfo
+ grep MHz
+ echo 'cores: 1024'
+ echo 'nodes: 128'
+ '[' 1024 -le 8 ']'
+ srun --nodes=128 --ntasks=1024 -ppbatch -e lu.err -o out.dat --auto-affinity=start=0,verbose,cpt=1 ../luCL.sh 1024
+ sh /g/g24/rountree/local/src/power/setcpufreq.sh 2600000 0 15
setting frequency to 2600000 KHz on cores 0 through 15
nodes=128 ntasks=2048
+ export BMARK_STRING=lu.C.2048
+ BMARK_STRING=lu.C.2048
++ date +%Y_%m_%d_%H_%M_%S_%N
+ name=2012_05_03_12_59_42_740217015
+ mkdir 2012_05_03_12_59_42_740217015
+ cd 2012_05_03_12_59_42_740217015
+ touch out.dat
+ env
+ hostname
+ echo 2012_05_03_12_59_42_740217015
+ uname -a
+ srun --nodes=1 --ntasks=1 -ppbatch cat /proc/cpuinfo
+ grep MHz
+ echo 'cores: 2048'
+ echo 'nodes: 128'
+ '[' 2048 -le 8 ']'
+ srun --nodes=128 --ntasks=2048 -ppbatch -e lu.err -o out.dat --auto-affinity=start=0,verbose,cpt=1 ../luCL.sh 2048
srun: error: rzmerl48: tasks 352-367: Exited with exit code 170
srun: error: rzmerl121: tasks 1504-1519: Exited with exit code 170
srun: error: rzmerl127: tasks 1601-1615: Exited with exit code 170
srun: error: rzmerl30: tasks 192-207: Exited with exit code 170
srun: error: rzmerl84: tasks 929-943: Exited with exit code 170
srun: error: rzmerl127: task 1600: Exited with exit code 170
srun: error: rzmerl80: tasks 865-879: Exited with exit code 170
srun: error: rzmerl74: tasks 769-783: Exited with exit code 170
srun: error: rzmerl70: tasks 704-719: Exited with exit code 170
srun: error: rzmerl84: task 928: Exited with exit code 170
srun: error: rzmerl25: tasks 128-143: Exited with exit code 170
srun: error: rzmerl117: tasks 1441-1455: Exited with exit code 170
srun: error: rzmerl153: tasks 2017-2031: Exited with exit code 170
srun: error: rzmerl106: tasks 1281-1295: Exited with exit code 170
srun: error: rzmerl113: tasks 1376-1391: Exited with exit code 170
srun: error: rzmerl19: tasks 33-47: Exited with exit code 170
srun: error: rzmerl60: tasks 544-559: Exited with exit code 170
srun: error: rzmerl80: task 864: Exited with exit code 170
srun: error: rzmerl74: task 768: Exited with exit code 170
srun: error: rzmerl102: tasks 1217-1231: Exited with exit code 170
srun: error: rzmerl149: tasks 1953-1967: Exited with exit code 170
srun: error: rzmerl71: tasks 720-723,725-728,733-735: Exited with exit code 170
srun: error: rzmerl153: task 2016: Exited with exit code 170
srun: error: rzmerl117: task 1440: Exited with exit code 170
srun: error: rzmerl56: tasks 480-495: Exited with exit code 170
srun: error: rzmerl139: tasks 1793-1807: Exited with exit code 170
srun: error: rzmerl20: tasks 48-63: Exited with exit code 170
srun: error: rzmerl108: tasks 1297-1311: Exited with exit code 170
srun: error: rzmerl106: task 1280: Exited with exit code 170
srun: error: rzmerl135: tasks 1729-1743: Exited with exit code 170
srun: error: rzmerl46: tasks 320-335: Exited with exit code 170
srun: error: rzmerl129: tasks 1632-1647: Exited with exit code 170
srun: error: rzmerl19: task 32: Exited with exit code 170
srun: error: rzmerl108: task 1296: Exited with exit code 170
srun: error: rzmerl27: tasks 161-175: Exited with exit code 170
srun: error: rzmerl92: tasks 1057-1071: Exited with exit code 170
srun: error: rzmerl149: task 1952: Exited with exit code 170
srun: error: rzmerl34: tasks 257-271: Exited with exit code 170
srun: error: rzmerl97: tasks 1136-1151: Exited with exit code 170
srun: error: rzmerl140: tasks 1809-1823: Exited with exit code 170
srun: error: rzmerl61: tasks 561-575: Exited with exit code 170
srun: error: rzmerl88: tasks 992-1007: Exited with exit code 170
srun: error: rzmerl125: tasks 1569-1583: Exited with exit code 170
srun: error: rzmerl78: tasks 832-847: Exited with exit code 170
srun: error: rzmerl82: tasks 897-911: Exited with exit code 170
srun: error: rzmerl115: tasks 1408-1423: Exited with exit code 170
srun: error: rzmerl68: tasks 672-687: Exited with exit code 170
srun: error: rzmerl152: tasks 2000,2002-2015: Exited with exit code 170
srun: error: rzmerl51: tasks 400-410,412-415: Exited with exit code 170
srun: error: rzmerl102: task 1216: Exited with exit code 170
srun: error: rzmerl103: tasks 1232-1247: Exited with exit code 170
srun: error: rzmerl130: tasks 1648-1652,1656-1657,1659,1663: Exited with exit code 170
srun: error: rzmerl140: task 1808: Exited with exit code 170
srun: error: rzmerl57: tasks 497-511: Exited with exit code 170
srun: error: rzmerl23: tasks 96-111: Exited with exit code 170
srun: error: rzmerl136: tasks 1744-1753,1755-1759: Exited with exit code 170
srun: error: rzmerl111: tasks 1344-1359: Exited with exit code 170
srun: error: rzmerl61: task 560: Exited with exit code 170
srun: error: rzmerl126: tasks 1586-1589,1591,1596-1597,1599: Exited with exit code 170
srun: error: rzmerl93: tasks 1073-1087: Exited with exit code 170
srun: error: rzmerl83: tasks 912-920,925-927: Exited with exit code 170
srun: error: rzmerl139: task 1792: Exited with exit code 170
srun: error: rzmerl18: tasks 17-23: Exited with exit code 170
srun: error: rzmerl58: tasks 512-527: Exited with exit code 170
srun: error: rzmerl71: tasks 724,729-732: Exited with exit code 170
srun: error: rzmerl147: tasks 1920-1935: Exited with exit code 170
srun: error: rzmerl100: tasks 1184-1199: Exited with exit code 170
srun: error: rzmerl28: tasks 176-191: Exited with exit code 170
srun: error: rzmerl79: tasks 848-863: Exited with exit code 170
srun: error: rzmerl54: tasks 448-463: Exited with exit code 170
srun: error: rzmerl64: tasks 608-623: Exited with exit code 170
srun: error: rzmerl51: task 411: Exited with exit code 170
srun: error: rzmerl133: tasks 1696-1711: Exited with exit code 170
srun: error: rzmerl136: task 1754: Exited with exit code 170
srun: error: rzmerl137: tasks 1761-1775: Exited with exit code 170
srun: error: rzmerl143: tasks 1856-1871: Exited with exit code 170
srun: error: rzmerl47: tasks 336-351: Exited with exit code 170
srun: error: rzmerl57: task 496: Exited with exit code 170
srun: error: rzmerl90: tasks 1025-1039: Exited with exit code 170
srun: error: rzmerl93: task 1072: Exited with exit code 170
srun: error: rzmerl116: tasks 1425-1439: Exited with exit code 170
srun: error: rzmerl135: task 1728: Exited with exit code 170
srun: error: rzmerl69: tasks 689-695: Exited with exit code 170
srun: error: rzmerl105: tasks 1264-1265,1267-1272,1274,1276-1279: Exited with exit code 170
srun: error: rzmerl148: tasks 1937-1943,1945-1949: Exited with exit code 170
srun: error: rzmerl50: tasks 384-399: Exited with exit code 170
srun: error: rzmerl44: tasks 288-303: Exited with exit code 170
srun: error: rzmerl59: tasks 528-530,532-543: Exited with exit code 170
srun: error: rzmerl112: tasks 1361-1368,1370,1372,1374-1375: Exited with exit code 170
srun: error: rzmerl123: tasks 1537-1551: Exited with exit code 170
srun: error: rzmerl24: tasks 113-127: Exited with exit code 170
srun: error: rzmerl92: task 1056: Exited with exit code 170
srun: error: rzmerl55: tasks 464-479: Exited with exit code 170
srun: error: rzmerl65: tasks 624,626-639: Exited with exit code 170
srun: error: rzmerl101: tasks 1200,1202-1203,1205-1208,1210-1211,1214-1215: Exited with exit code 170
srun: error: rzmerl96: tasks 1121-1135: Exited with exit code 170
srun: error: rzmerl152: task 2001: Exited with exit code 170
srun: error: rzmerl138: tasks 1776-1782,1785,1787-1789,1791: Exited with exit code 170
srun: error: rzmerl91: tasks 1040,1042-1055: Exited with exit code 170
srun: error: rzmerl86: tasks 961-975: Exited with exit code 170
srun: error: rzmerl66: tasks 640-655: Exited with exit code 170
srun: error: rzmerl125: task 1568: Exited with exit code 170
srun: error: rzmerl119: tasks 1473-1487: Exited with exit code 170
srun: error: rzmerl21: tasks 64-79: Exited with exit code 170
srun: error: rzmerl82: task 896: Exited with exit code 170
srun: error: rzmerl76: tasks 800-809,811-815: Exited with exit code 170
srun: error: rzmerl134: tasks 1713-1727: Exited with exit code 170
srun: error: rzmerl109: tasks 1312-1327: Exited with exit code 170
srun: error: rzmerl27: task 160: Exited with exit code 170
srun: error: rzmerl72: tasks 737-751: Exited with exit code 170
srun: error: rzmerl45: tasks 304-306,309-310,312,317-319: Exited with exit code 170
srun: error: rzmerl34: task 256: Exited with exit code 170
srun: error: rzmerl32: tasks 225-239: Exited with exit code 170
srun: error: rzmerl17: tasks 1-15: Exited with exit code 170
srun: error: rzmerl130: tasks 1653-1655,1658,1660-1662: Exited with exit code 170
srun: error: rzmerl151: tasks 1985-1999: Exited with exit code 170
srun: error: rzmerl114: tasks 1393-1407: Exited with exit code 170
srun: error: rzmerl145: tasks 1889-1903: Exited with exit code 170
srun: error: rzmerl98: tasks 1153-1167: Exited with exit code 170
srun: error: rzmerl116: task 1424: Exited with exit code 170
srun: error: rzmerl33: tasks 240-241,243,250-254: Exited with exit code 170
srun: error: rzmerl87: tasks 977-989,991: Exited with exit code 170
srun: error: rzmerl124: tasks 1553-1567: Exited with exit code 170
srun: error: rzmerl52: tasks 416-431: Exited with exit code 170
srun: error: rzmerl73: tasks 754,757,759-760,762,764-767: Exited with exit code 170
srun: error: rzmerl77: tasks 817-831: Exited with exit code 170
srun: error: rzmerl62: tasks 577-591: Exited with exit code 170
srun: error: rzmerl94: tasks 1089-1103: Exited with exit code 170
srun: error: rzmerl141: tasks 1824-1839: Exited with exit code 170
srun: error: rzmerl131: tasks 1664-1679: Exited with exit code 170
srun: error: rzmerl120: tasks 1489-1503: Exited with exit code 170
srun: error: rzmerl126: tasks 1584-1585,1590,1592-1595,1598: Exited with exit code 170
srun: error: rzmerl104: tasks 1249-1263: Exited with exit code 170
srun: error: rzmerl110: tasks 1328-1343: Exited with exit code 170
srun: error: rzmerl26: tasks 145-159: Exited with exit code 170
srun: error: rzmerl83: tasks 921-924: Exited with exit code 170
srun: error: rzmerl22: tasks 80-95: Exited with exit code 170
srun: error: rzmerl99: tasks 1168-1175,1178-1182: Exited with exit code 170
srun: error: rzmerl24: task 112: Exited with exit code 170
srun: error: rzmerl63: tasks 592,594-607: Exited with exit code 170
srun: error: rzmerl132: tasks 1681-1695: Exited with exit code 170
srun: error: rzmerl146: tasks 1904-1919: Exited with exit code 170
srun: error: rzmerl59: task 531: Exited with exit code 170
srun: error: rzmerl95: tasks 1104,1106-1110,1114-1118: Exited with exit code 170
srun: error: rzmerl35: tasks 272-287: Exited with exit code 170
srun: error: rzmerl142: tasks 1840-1855: Exited with exit code 170
srun: error: rzmerl65: task 625: Exited with exit code 170
srun: error: rzmerl89: tasks 1008-1023: Exited with exit code 170
srun: error: rzmerl67: tasks 656-671: Exited with exit code 170
srun: error: rzmerl53: tasks 433-439,441,443-447: Exited with exit code 170
srun: error: rzmerl18: tasks 16,24-31: Exited with exit code 170
srun: error: rzmerl31: tasks 208-211,213-223: Exited with exit code 170
srun: error: rzmerl122: tasks 1522-1523,1525-1528,1530-1532,1534-1535: Exited with exit code 170
srun: error: rzmerl128: tasks 1616-1622,1624-1631: Exited with exit code 170
srun: error: rzmerl137: task 1760: Exited with exit code 170
srun: error: rzmerl49: tasks 368-376,378-383: Exited with exit code 170
srun: error: rzmerl85: tasks 945-959: Exited with exit code 170
srun: error: rzmerl91: task 1041: Exited with exit code 170
srun: error: rzmerl75: tasks 784-799: Exited with exit code 170
srun: error: rzmerl81: tasks 880,887-889,891,893-895: Exited with exit code 170
srun: error: rzmerl148: tasks 1936,1944,1950-1951: Exited with exit code 170
srun: error: rzmerl69: tasks 688,696-703: Exited with exit code 170
srun: error: rzmerl105: tasks 1266,1273,1275: Exited with exit code 170
srun: error: rzmerl90: task 1024: Exited with exit code 170
srun: error: rzmerl112: tasks 1360,1369,1371,1373: Exited with exit code 170
srun: error: rzmerl134: task 1712: Exited with exit code 170
srun: error: rzmerl118: tasks 1457-1463: Exited with exit code 170
srun: error: rzmerl144: tasks 1873-1887: Exited with exit code 170
srun: error: rzmerl154: tasks 2033-2047: Exited with exit code 170
srun: error: rzmerl96: task 1120: Exited with exit code 170
srun: error: rzmerl150: tasks 1969-1975,1977-1978,1981-1982: Exited with exit code 170
srun: error: rzmerl101: tasks 1201,1204,1209,1212-1213: Exited with exit code 170
srun: error: rzmerl123: task 1536: Exited with exit code 170
srun: error: rzmerl138: tasks 1783-1784,1786,1790: Exited with exit code 170
srun: error: rzmerl124: task 1552: Exited with exit code 170
srun: error: rzmerl86: task 960: Exited with exit code 170
srun: error: rzmerl114: task 1392: Exited with exit code 170
srun: error: rzmerl77: task 816: Exited with exit code 170
srun: error: rzmerl120: task 1488: Exited with exit code 170
srun: error: rzmerl119: task 1472: Exited with exit code 170
srun: error: rzmerl76: task 810: Exited with exit code 170
srun: error: rzmerl26: task 144: Exited with exit code 170
srun: error: rzmerl32: task 224: Exited with exit code 170
srun: error: rzmerl45: tasks 307-308,311,313-316: Exited with exit code 170
srun: error: rzmerl72: task 736: Exited with exit code 170
srun: error: rzmerl151: task 1984: Exited with exit code 170
srun: error: rzmerl87: tasks 976,990: Exited with exit code 170
srun: error: rzmerl145: task 1888: Exited with exit code 170
srun: error: rzmerl17: task 0: Exited with exit code 170
srun: error: rzmerl63: task 593: Exited with exit code 170
srun: error: rzmerl33: tasks 242,244-249,255: Exited with exit code 170
srun: error: rzmerl98: task 1152: Exited with exit code 170
srun: error: rzmerl62: task 576: Exited with exit code 170
srun: error: rzmerl132: task 1680: Exited with exit code 170
srun: error: rzmerl73: tasks 752-753,755-756,758,761,763: Exited with exit code 170
srun: error: rzmerl104: task 1248: Exited with exit code 170
srun: error: rzmerl94: task 1088: Exited with exit code 170
srun: error: rzmerl99: tasks 1176-1177,1183: Exited with exit code 170
srun: error: rzmerl128: task 1623: Exited with exit code 170
srun: error: rzmerl49: task 377: Exited with exit code 170
srun: error: rzmerl85: task 944: Exited with exit code 170
srun: error: rzmerl31: task 212: Exited with exit code 170
srun: error: rzmerl95: tasks 1105,1111-1113,1119: Exited with exit code 170
srun: error: rzmerl53: tasks 432,440,442: Exited with exit code 170
srun: error: rzmerl154: task 2032: Exited with exit code 170
srun: error: rzmerl144: task 1872: Exited with exit code 170
srun: error: rzmerl122: tasks 1520-1521,1524,1529,1533: Exited with exit code 170
srun: error: rzmerl81: tasks 881-886,890,892: Exited with exit code 170
srun: error: rzmerl118: tasks 1456,1464-1471: Exited with exit code 170
srun: error: rzmerl150: tasks 1968,1976,1979-1980,1983: Exited with exit code 170
+ sh /g/g24/rountree/local/src/power/setcpufreq.sh 2600000 0 15
setting frequency to 2600000 KHz on cores 0 through 15
nodes=128 ntasks=512
+ export BMARK_STRING=lu.C.512
+ BMARK_STRING=lu.C.512
++ date +%Y_%m_%d_%H_%M_%S_%N
+ name=2012_05_03_12_59_53_167848505
+ mkdir 2012_05_03_12_59_53_167848505
+ cd 2012_05_03_12_59_53_167848505
+ touch out.dat
+ env
+ hostname
+ echo 2012_05_03_12_59_53_167848505
+ uname -a
+ srun --nodes=1 --ntasks=1 -ppbatch cat /proc/cpuinfo
+ grep MHz
+ echo 'cores: 512'
+ echo 'nodes: 128'
+ '[' 512 -le 8 ']'
+ srun --nodes=128 --ntasks=512 -ppbatch -e lu.err -o out.dat --auto-affinity=start=0,verbose,cpt=1 ../luCL.sh 512
+ sh /g/g24/rountree/local/src/power/setcpufreq.sh 2600000 0 15
setting frequency to 2600000 KHz on cores 0 through 15
nodes=128 ntasks=1024
+ export BMARK_STRING=lu.C.1024
+ BMARK_STRING=lu.C.1024
++ date +%Y_%m_%d_%H_%M_%S_%N
+ name=2012_05_03_13_00_03_910774045
+ mkdir 2012_05_03_13_00_03_910774045
+ cd 2012_05_03_13_00_03_910774045
+ touch out.dat
+ env
+ hostname
+ echo 2012_05_03_13_00_03_910774045
+ uname -a
+ srun --nodes=1 --ntasks=1 -ppbatch cat /proc/cpuinfo
+ grep MHz
+ echo 'cores: 1024'
+ echo 'nodes: 128'
+ '[' 1024 -le 8 ']'
+ srun --nodes=128 --ntasks=1024 -ppbatch -e lu.err -o out.dat --auto-affinity=start=0,verbose,cpt=1 ../luCL.sh 1024
+ sh /g/g24/rountree/local/src/power/setcpufreq.sh 2600000 0 15
setting frequency to 2600000 KHz on cores 0 through 15
nodes=128 ntasks=2048
+ export BMARK_STRING=lu.C.2048
+ BMARK_STRING=lu.C.2048
++ date +%Y_%m_%d_%H_%M_%S_%N
+ name=2012_05_03_13_00_17_992410560
+ mkdir 2012_05_03_13_00_17_992410560
+ cd 2012_05_03_13_00_17_992410560
+ touch out.dat
+ env
+ hostname
+ echo 2012_05_03_13_00_17_992410560
+ uname -a
+ srun --nodes=1 --ntasks=1 -ppbatch cat /proc/cpuinfo
+ grep MHz
+ echo 'cores: 2048'
+ echo 'nodes: 128'
+ '[' 2048 -le 8 ']'
+ srun --nodes=128 --ntasks=2048 -ppbatch -e lu.err -o out.dat --auto-affinity=start=0,verbose,cpt=1 ../luCL.sh 2048
srun: error: rzmerl71: tasks 720-735: Exited with exit code 170
srun: error: rzmerl20: tasks 48-63: Exited with exit code 170
srun: error: rzmerl108: tasks 1296-1311: Exited with exit code 170
srun: error: rzmerl140: tasks 1808-1823: Exited with exit code 170
srun: error: rzmerl61: tasks 560-575: Exited with exit code 170
srun: error: rzmerl103: tasks 1232-1247: Exited with exit code 170
srun: error: rzmerl127: tasks 1600-1615: Exited with exit code 170
srun: error: rzmerl97: tasks 1136-1151: Exited with exit code 170
srun: error: rzmerl84: tasks 928-943: Exited with exit code 170
srun: error: rzmerl93: tasks 1072-1087: Exited with exit code 170
srun: error: rzmerl130: tasks 1648-1663: Exited with exit code 170
srun: error: rzmerl57: tasks 496-511: Exited with exit code 170
srun: error: rzmerl51: tasks 400-415: Exited with exit code 170
srun: error: rzmerl74: tasks 768-783: Exited with exit code 170
srun: error: rzmerl126: tasks 1584-1599: Exited with exit code 170
srun: error: rzmerl48: tasks 352-367: Exited with exit code 170
srun: error: rzmerl47: tasks 336-351: Exited with exit code 170
srun: error: rzmerl149: tasks 1952-1967: Exited with exit code 170
srun: error: rzmerl83: tasks 912-927: Exited with exit code 170
srun: error: rzmerl121: tasks 1504-1519: Exited with exit code 170
srun: error: rzmerl19: tasks 32-47: Exited with exit code 170
srun: error: rzmerl117: tasks 1440-1455: Exited with exit code 170
srun: error: rzmerl80: tasks 864-879: Exited with exit code 170
srun: error: rzmerl60: tasks 544-559: Exited with exit code 170
srun: error: rzmerl116: tasks 1424-1439: Exited with exit code 170
srun: error: rzmerl28: tasks 176-191: Exited with exit code 170
srun: error: rzmerl152: tasks 2000-2015: Exited with exit code 170
srun: error: rzmerl79: tasks 848-863: Exited with exit code 170
srun: error: rzmerl153: tasks 2016-2031: Exited with exit code 170
srun: error: rzmerl106: tasks 1280-1295: Exited with exit code 170
srun: error: rzmerl148: tasks 1936-1951: Exited with exit code 170
srun: error: rzmerl69: tasks 688-703: Exited with exit code 170
srun: error: rzmerl24: tasks 112-127: Exited with exit code 170
srun: error: rzmerl105: tasks 1264-1279: Exited with exit code 170
srun: error: rzmerl25: tasks 128-143: Exited with exit code 170
srun: error: rzmerl18: tasks 16-31: Exited with exit code 170
srun: error: rzmerl112: tasks 1360-1375: Exited with exit code 170
srun: error: rzmerl113: tasks 1376-1391: Exited with exit code 170
srun: error: rzmerl70: tasks 704-719: Exited with exit code 170
srun: error: rzmerl102: tasks 1216-1231: Exited with exit code 170
srun: error: rzmerl125: tasks 1568-1583: Exited with exit code 170
srun: error: rzmerl30: tasks 192-207: Exited with exit code 170
srun: error: rzmerl59: tasks 528-543: Exited with exit code 170
srun: error: rzmerl65: tasks 624-639: Exited with exit code 170
srun: error: rzmerl101: tasks 1200-1215: Exited with exit code 170
srun: error: rzmerl136: tasks 1744-1759: Exited with exit code 170
srun: error: rzmerl91: tasks 1040-1055: Exited with exit code 170
srun: error: rzmerl56: tasks 480-495: Exited with exit code 170
srun: error: rzmerl129: tasks 1632-1647: Exited with exit code 170
srun: error: rzmerl55: tasks 464-479: Exited with exit code 170
srun: error: rzmerl92: tasks 1056-1071: Exited with exit code 170
srun: error: rzmerl134: tasks 1712-1727: Exited with exit code 170
srun: error: rzmerl27: tasks 160-175: Exited with exit code 170
srun: error: rzmerl139: tasks 1792-1807: Exited with exit code 170
srun: error: rzmerl124: tasks 1552-1567: Exited with exit code 170
srun: error: rzmerl88: tasks 992-1007: Exited with exit code 170
srun: error: rzmerl45: tasks 304-319: Exited with exit code 170
srun: error: rzmerl82: tasks 896-911: Exited with exit code 170
srun: error: rzmerl87: tasks 976-991: Exited with exit code 170
srun: error: rzmerl147: tasks 1920-1935: Exited with exit code 170
srun: error: rzmerl68: tasks 672-687: Exited with exit code 170
srun: error: rzmerl115: tasks 1408-1423: Exited with exit code 170
srun: error: rzmerl77: tasks 816-831: Exited with exit code 170
srun: error: rzmerl34: tasks 256-271: Exited with exit code 170
srun: error: rzmerl120: tasks 1488-1503: Exited with exit code 170
srun: error: rzmerl58: tasks 512-527: Exited with exit code 170
srun: error: rzmerl26: tasks 144-159: Exited with exit code 170
srun: error: rzmerl33: tasks 240-255: Exited with exit code 170
srun: error: rzmerl114: tasks 1392-1407: Exited with exit code 170
srun: error: rzmerl100: tasks 1184-1199: Exited with exit code 170
srun: error: rzmerl64: tasks 608-623: Exited with exit code 170
srun: error: rzmerl46: tasks 320-335: Exited with exit code 170
srun: error: rzmerl73: tasks 752-767: Exited with exit code 170
srun: error: rzmerl67: tasks 656-671: Exited with exit code 170
srun: error: rzmerl110: tasks 1328-1343: Exited with exit code 170
srun: error: rzmerl22: tasks 80-95: Exited with exit code 170
srun: error: rzmerl23: tasks 96-111: Exited with exit code 170
srun: error: rzmerl146: tasks 1904-1919: Exited with exit code 170
srun: error: rzmerl138: tasks 1776-1791: Exited with exit code 170
srun: error: rzmerl54: tasks 448-463: Exited with exit code 170
srun: error: rzmerl142: tasks 1840-1855: Exited with exit code 170
srun: error: rzmerl123: tasks 1536-1551: Exited with exit code 170
srun: error: rzmerl78: tasks 832-847: Exited with exit code 170
srun: error: rzmerl63: tasks 592-607: Exited with exit code 170
srun: error: rzmerl99: tasks 1168-1183: Exited with exit code 170
srun: error: rzmerl44: tasks 288-303: Exited with exit code 170
srun: error: rzmerl111: tasks 1344-1359: Exited with exit code 170
srun: error: rzmerl133: tasks 1696-1711: Exited with exit code 170
srun: error: rzmerl53: tasks 432-447: Exited with exit code 170
srun: error: rzmerl132: tasks 1680-1695: Exited with exit code 170
srun: error: rzmerl95: tasks 1104-1119: Exited with exit code 170
srun: error: rzmerl89: tasks 1008-1023: Exited with exit code 170
srun: error: rzmerl96: tasks 1120-1135: Exited with exit code 170
srun: error: rzmerl76: tasks 800-815: Exited with exit code 170
srun: error: rzmerl90: tasks 1024-1039: Exited with exit code 170
srun: error: rzmerl137: tasks 1760-1775: Exited with exit code 170
srun: error: rzmerl128: tasks 1616-1631: Exited with exit code 170
srun: error: rzmerl122: tasks 1520-1535: Exited with exit code 170
srun: error: rzmerl143: tasks 1856-1871: Exited with exit code 170
srun: error: rzmerl35: tasks 272-287: Exited with exit code 170
srun: error: rzmerl49: tasks 368-383: Exited with exit code 170
srun: error: rzmerl85: tasks 944-959: Exited with exit code 170
srun: error: rzmerl72: tasks 736-751: Exited with exit code 170
srun: error: rzmerl50: tasks 384-399: Exited with exit code 170
srun: error: rzmerl135: tasks 1729-1735,1737-1743: Exited with exit code 170
srun: error: rzmerl21: tasks 64-79: Exited with exit code 170
srun: error: rzmerl75: tasks 784-799: Exited with exit code 170
srun: error: rzmerl118: tasks 1456-1471: Exited with exit code 170
srun: error: rzmerl32: tasks 224-239: Exited with exit code 170
srun: error: rzmerl31: tasks 208-223: Exited with exit code 170
srun: error: rzmerl154: tasks 2032-2047: Exited with exit code 170
srun: error: rzmerl119: tasks 1472-1487: Exited with exit code 170
srun: error: rzmerl81: tasks 880-895: Exited with exit code 170
srun: error: rzmerl150: tasks 1968-1983: Exited with exit code 170
srun: error: rzmerl109: tasks 1312-1327: Exited with exit code 170
srun: error: rzmerl144: tasks 1872-1887: Exited with exit code 170
srun: error: rzmerl52: tasks 416-431: Exited with exit code 170
srun: error: rzmerl86: tasks 960-975: Exited with exit code 170
srun: error: rzmerl145: tasks 1888-1903: Exited with exit code 170
srun: error: rzmerl66: tasks 640-655: Exited with exit code 170
srun: error: rzmerl141: tasks 1824-1839: Exited with exit code 170
srun: error: rzmerl131: tasks 1664-1679: Exited with exit code 170
srun: error: rzmerl104: tasks 1248-1263: Exited with exit code 170
srun: error: rzmerl151: tasks 1984-1999: Exited with exit code 170
srun: error: rzmerl17: tasks 0-15: Exited with exit code 170
srun: error: rzmerl62: tasks 576-591: Exited with exit code 170
srun: error: rzmerl98: tasks 1152-1167: Exited with exit code 170
srun: error: rzmerl94: tasks 1088-1103: Exited with exit code 170
srun: error: rzmerl135: tasks 1728,1736: Exited with exit code 170
+ sh /g/g24/rountree/local/src/power/setcpufreq.sh 2600000 0 15
setting frequency to 2600000 KHz on cores 0 through 15
nodes=128 ntasks=512
+ export BMARK_STRING=lu.C.512
+ BMARK_STRING=lu.C.512
++ date +%Y_%m_%d_%H_%M_%S_%N
+ name=2012_05_03_13_00_28_700042736
+ mkdir 2012_05_03_13_00_28_700042736
+ cd 2012_05_03_13_00_28_700042736
+ touch out.dat
+ env
+ hostname
+ echo 2012_05_03_13_00_28_700042736
+ uname -a
+ srun --nodes=1 --ntasks=1 -ppbatch cat /proc/cpuinfo
+ grep MHz
+ echo 'cores: 512'
+ echo 'nodes: 128'
+ '[' 512 -le 8 ']'
+ srun --nodes=128 --ntasks=512 -ppbatch -e lu.err -o out.dat --auto-affinity=start=0,verbose,cpt=1 ../luCL.sh 512
+ sh /g/g24/rountree/local/src/power/setcpufreq.sh 2600000 0 15
setting frequency to 2600000 KHz on cores 0 through 15
nodes=128 ntasks=1024
+ export BMARK_STRING=lu.C.1024
+ BMARK_STRING=lu.C.1024
++ date +%Y_%m_%d_%H_%M_%S_%N
+ name=2012_05_03_13_00_39_356120421
+ mkdir 2012_05_03_13_00_39_356120421
+ cd 2012_05_03_13_00_39_356120421
+ touch out.dat
+ env
+ hostname
+ echo 2012_05_03_13_00_39_356120421
+ uname -a
+ srun --nodes=1 --ntasks=1 -ppbatch cat /proc/cpuinfo
+ grep MHz
+ echo 'cores: 1024'
+ echo 'nodes: 128'
+ '[' 1024 -le 8 ']'
+ srun --nodes=128 --ntasks=1024 -ppbatch -e lu.err -o out.dat --auto-affinity=start=0,verbose,cpt=1 ../luCL.sh 1024
+ sh /g/g24/rountree/local/src/power/setcpufreq.sh 2600000 0 15
setting frequency to 2600000 KHz on cores 0 through 15
nodes=128 ntasks=2048
+ export BMARK_STRING=lu.C.2048
+ BMARK_STRING=lu.C.2048
++ date +%Y_%m_%d_%H_%M_%S_%N
+ name=2012_05_03_13_00_52_182837251
+ mkdir 2012_05_03_13_00_52_182837251
+ cd 2012_05_03_13_00_52_182837251
+ touch out.dat
+ env
+ hostname
+ echo 2012_05_03_13_00_52_182837251
+ uname -a
+ srun --nodes=1 --ntasks=1 -ppbatch cat /proc/cpuinfo
+ grep MHz
+ echo 'cores: 2048'
+ echo 'nodes: 128'
+ '[' 2048 -le 8 ']'
+ srun --nodes=128 --ntasks=2048 -ppbatch -e lu.err -o out.dat --auto-affinity=start=0,verbose,cpt=1 ../luCL.sh 2048
srun: error: rzmerl20: tasks 48-63: Exited with exit code 170
srun: error: rzmerl108: tasks 1296-1311: Exited with exit code 170
srun: error: rzmerl127: tasks 1600-1615: Exited with exit code 170
srun: error: rzmerl48: tasks 352-367: Exited with exit code 170
srun: error: rzmerl140: tasks 1808-1823: Exited with exit code 170
srun: error: rzmerl97: tasks 1136-1151: Exited with exit code 170
srun: error: rzmerl103: tasks 1232-1247: Exited with exit code 170
srun: error: rzmerl71: tasks 720-735: Exited with exit code 170
srun: error: rzmerl51: tasks 400-415: Exited with exit code 170
srun: error: rzmerl80: tasks 864-879: Exited with exit code 170
srun: error: rzmerl84: tasks 928-943: Exited with exit code 170
srun: error: rzmerl74: tasks 768-783: Exited with exit code 170
srun: error: rzmerl130: tasks 1648-1663: Exited with exit code 170
srun: error: rzmerl93: tasks 1072-1087: Exited with exit code 170
srun: error: rzmerl25: tasks 128-143: Exited with exit code 170
srun: error: rzmerl57: tasks 496-511: Exited with exit code 170
srun: error: rzmerl121: tasks 1504-1519: Exited with exit code 170
srun: error: rzmerl153: tasks 2016-2031: Exited with exit code 170
srun: error: rzmerl30: tasks 192-207: Exited with exit code 170
srun: error: rzmerl61: tasks 560-575: Exited with exit code 170
srun: error: rzmerl113: tasks 1376-1391: Exited with exit code 170
srun: error: rzmerl126: tasks 1584-1599: Exited with exit code 170
srun: error: rzmerl136: tasks 1744-1759: Exited with exit code 170
srun: error: rzmerl117: tasks 1440-1455: Exited with exit code 170
srun: error: rzmerl149: tasks 1952-1967: Exited with exit code 170
srun: error: rzmerl79: tasks 848-863: Exited with exit code 170
srun: error: rzmerl47: tasks 336-351: Exited with exit code 170
srun: error: rzmerl28: tasks 176-191: Exited with exit code 170
srun: error: rzmerl19: tasks 32-47: Exited with exit code 170
srun: error: rzmerl70: tasks 704-719: Exited with exit code 170
srun: error: rzmerl116: tasks 1424-1439: Exited with exit code 170
srun: error: rzmerl83: tasks 912-927: Exited with exit code 170
srun: error: rzmerl152: tasks 2000-2015: Exited with exit code 170
srun: error: rzmerl129: tasks 1632-1647: Exited with exit code 170
srun: error: rzmerl24: tasks 112-127: Exited with exit code 170
srun: error: rzmerl106: tasks 1280-1295: Exited with exit code 170
srun: error: rzmerl18: tasks 16-31: Exited with exit code 170
srun: error: rzmerl148: tasks 1936-1951: Exited with exit code 170
srun: error: rzmerl112: tasks 1360-1375: Exited with exit code 170
srun: error: rzmerl60: tasks 544-559: Exited with exit code 170
srun: error: rzmerl139: tasks 1792-1807: Exited with exit code 170
srun: error: rzmerl105: tasks 1264-1279: Exited with exit code 170
srun: error: rzmerl56: tasks 480-495: Exited with exit code 170
srun: error: rzmerl92: tasks 1056-1071: Exited with exit code 170
srun: error: rzmerl102: tasks 1216-1231: Exited with exit code 170
srun: error: rzmerl88: tasks 992-1007: Exited with exit code 170
srun: error: rzmerl46: tasks 320-335: Exited with exit code 170
srun: error: rzmerl125: tasks 1568-1583: Exited with exit code 170
srun: error: rzmerl69: tasks 688-703: Exited with exit code 170
srun: error: rzmerl101: tasks 1200-1215: Exited with exit code 170
srun: error: rzmerl27: tasks 160-175: Exited with exit code 170
srun: error: rzmerl134: tasks 1712-1727: Exited with exit code 170
srun: error: rzmerl34: tasks 256-271: Exited with exit code 170
srun: error: rzmerl138: tasks 1776-1791: Exited with exit code 170
srun: error: rzmerl91: tasks 1040-1055: Exited with exit code 170
srun: error: rzmerl55: tasks 464-479: Exited with exit code 170
srun: error: rzmerl23: tasks 96-111: Exited with exit code 170
srun: error: rzmerl78: tasks 832-847: Exited with exit code 170
srun: error: rzmerl87: tasks 976-991: Exited with exit code 170
srun: error: rzmerl45: tasks 304-319: Exited with exit code 170
srun: error: rzmerl59: tasks 528-543: Exited with exit code 170
srun: error: rzmerl147: tasks 1920-1935: Exited with exit code 170
srun: error: rzmerl111: tasks 1344-1359: Exited with exit code 170
srun: error: rzmerl124: tasks 1552-1567: Exited with exit code 170
srun: error: rzmerl135: tasks 1728-1743: Exited with exit code 170
srun: error: rzmerl77: tasks 816-831: Exited with exit code 170
srun: error: rzmerl115: tasks 1408-1423: Exited with exit code 170
srun: error: rzmerl33: tasks 240-255: Exited with exit code 170
srun: error: rzmerl65: tasks 624-639: Exited with exit code 170
srun: error: rzmerl26: tasks 144-159: Exited with exit code 170
srun: error: rzmerl120: tasks 1488-1503: Exited with exit code 170
srun: error: rzmerl68: tasks 672-687: Exited with exit code 170
srun: error: rzmerl114: tasks 1392-1407: Exited with exit code 170
srun: error: rzmerl82: tasks 896-911: Exited with exit code 170
srun: error: rzmerl100: tasks 1184-1199: Exited with exit code 170
srun: error: rzmerl137: tasks 1760-1775: Exited with exit code 170
srun: error: rzmerl22: tasks 80-95: Exited with exit code 170
srun: error: rzmerl133: tasks 1696-1711: Exited with exit code 170
srun: error: rzmerl110: tasks 1328-1343: Exited with exit code 170
srun: error: rzmerl96: tasks 1120-1135: Exited with exit code 170
srun: error: rzmerl58: tasks 512-527: Exited with exit code 170
srun: error: rzmerl50: tasks 384-399: Exited with exit code 170
srun: error: rzmerl146: tasks 1904-1919: Exited with exit code 170
srun: error: rzmerl123: tasks 1536-1551: Exited with exit code 170
srun: error: rzmerl142: tasks 1840-1855: Exited with exit code 170
srun: error: rzmerl44: tasks 288-303: Exited with exit code 170
srun: error: rzmerl64: tasks 608-623: Exited with exit code 170
srun: error: rzmerl143: tasks 1856-1871: Exited with exit code 170
srun: error: rzmerl73: tasks 752-767: Exited with exit code 170
srun: error: rzmerl89: tasks 1008-1023: Exited with exit code 170
srun: error: rzmerl67: tasks 656-671: Exited with exit code 170
srun: error: rzmerl53: tasks 432-447: Exited with exit code 170
srun: error: rzmerl99: tasks 1168-1183: Exited with exit code 170
srun: error: rzmerl54: tasks 448-463: Exited with exit code 170
srun: error: rzmerl90: tasks 1024-1039: Exited with exit code 170
srun: error: rzmerl132: tasks 1680-1695: Exited with exit code 170
srun: error: rzmerl95: tasks 1104-1119: Exited with exit code 170
srun: error: rzmerl86: tasks 960-975: Exited with exit code 170
srun: error: rzmerl35: tasks 272-287: Exited with exit code 170
srun: error: rzmerl76: tasks 800-815: Exited with exit code 170
srun: error: rzmerl109: tasks 1312-1327: Exited with exit code 170
srun: error: rzmerl32: tasks 224-239: Exited with exit code 170
srun: error: rzmerl128: tasks 1616-1631: Exited with exit code 170
srun: error: rzmerl145: tasks 1888-1903: Exited with exit code 170
srun: error: rzmerl122: tasks 1520-1535: Exited with exit code 170
srun: error: rzmerl119: tasks 1472-1487: Exited with exit code 170
srun: error: rzmerl81: tasks 880-895: Exited with exit code 170
srun: error: rzmerl49: tasks 368-383: Exited with exit code 170
srun: error: rzmerl75: tasks 784-799: Exited with exit code 170
srun: error: rzmerl31: tasks 208-223: Exited with exit code 170
srun: error: rzmerl63: tasks 592-607: Exited with exit code 170
srun: error: rzmerl72: tasks 736-751: Exited with exit code 170
srun: error: rzmerl118: tasks 1456-1471: Exited with exit code 170
srun: error: rzmerl66: tasks 640-655: Exited with exit code 170
srun: error: rzmerl52: tasks 416-431: Exited with exit code 170
srun: error: rzmerl21: tasks 64-79: Exited with exit code 170
srun: error: rzmerl85: tasks 944-959: Exited with exit code 170
srun: error: rzmerl154: tasks 2032-2047: Exited with exit code 170
srun: error: rzmerl131: tasks 1664-1679: Exited with exit code 170
srun: error: rzmerl150: tasks 1968-1983: Exited with exit code 170
srun: error: rzmerl141: tasks 1824-1839: Exited with exit code 170
srun: error: rzmerl104: tasks 1248-1263: Exited with exit code 170
srun: error: rzmerl17: tasks 0-15: Exited with exit code 170
srun: error: rzmerl151: tasks 1984-1999: Exited with exit code 170
srun: error: rzmerl144: tasks 1872-1887: Exited with exit code 170
srun: error: rzmerl62: tasks 576-591: Exited with exit code 170
srun: error: rzmerl98: tasks 1152-1167: Exited with exit code 170
srun: error: rzmerl94: tasks 1088-1103: Exited with exit code 170
+ sh /g/g24/rountree/local/src/power/setcpufreq.sh 2600000 0 15
setting frequency to 2600000 KHz on cores 0 through 15
nodes=128 ntasks=512
+ export BMARK_STRING=lu.C.512
+ BMARK_STRING=lu.C.512
++ date +%Y_%m_%d_%H_%M_%S_%N
+ name=2012_05_03_13_01_02_843597383
+ mkdir 2012_05_03_13_01_02_843597383
+ cd 2012_05_03_13_01_02_843597383
+ touch out.dat
+ env
+ hostname
+ echo 2012_05_03_13_01_02_843597383
+ uname -a
+ srun --nodes=1 --ntasks=1 -ppbatch cat /proc/cpuinfo
+ grep MHz
+ echo 'cores: 512'
+ echo 'nodes: 128'
+ '[' 512 -le 8 ']'
+ srun --nodes=128 --ntasks=512 -ppbatch -e lu.err -o out.dat --auto-affinity=start=0,verbose,cpt=1 ../luCL.sh 512
+ sh /g/g24/rountree/local/src/power/setcpufreq.sh 2600000 0 15
setting frequency to 2600000 KHz on cores 0 through 15
nodes=128 ntasks=1024
+ export BMARK_STRING=lu.C.1024
+ BMARK_STRING=lu.C.1024
++ date +%Y_%m_%d_%H_%M_%S_%N
+ name=2012_05_03_13_01_13_354629541
+ mkdir 2012_05_03_13_01_13_354629541
+ cd 2012_05_03_13_01_13_354629541
+ touch out.dat
+ env
+ hostname
+ echo 2012_05_03_13_01_13_354629541
+ uname -a
+ srun --nodes=1 --ntasks=1 -ppbatch cat /proc/cpuinfo
+ grep MHz
+ echo 'cores: 1024'
+ echo 'nodes: 128'
+ '[' 1024 -le 8 ']'
+ srun --nodes=128 --ntasks=1024 -ppbatch -e lu.err -o out.dat --auto-affinity=start=0,verbose,cpt=1 ../luCL.sh 1024
+ sh /g/g24/rountree/local/src/power/setcpufreq.sh 2600000 0 15
setting frequency to 2600000 KHz on cores 0 through 15
nodes=128 ntasks=2048
+ export BMARK_STRING=lu.C.2048
+ BMARK_STRING=lu.C.2048
++ date +%Y_%m_%d_%H_%M_%S_%N
+ name=2012_05_03_13_01_26_249724623
+ mkdir 2012_05_03_13_01_26_249724623
+ cd 2012_05_03_13_01_26_249724623
+ touch out.dat
+ env
+ hostname
+ echo 2012_05_03_13_01_26_249724623
+ uname -a
+ srun --nodes=1 --ntasks=1 -ppbatch cat /proc/cpuinfo
+ grep MHz
+ echo 'cores: 2048'
+ echo 'nodes: 128'
+ '[' 2048 -le 8 ']'
+ srun --nodes=128 --ntasks=2048 -ppbatch -e lu.err -o out.dat --auto-affinity=start=0,verbose,cpt=1 ../luCL.sh 2048
srun: error: rzmerl71: tasks 720-735: Exited with exit code 170
srun: error: rzmerl20: tasks 48-63: Exited with exit code 170
srun: error: rzmerl108: tasks 1296-1311: Exited with exit code 170
srun: error: rzmerl61: tasks 560-575: Exited with exit code 170
srun: error: rzmerl140: tasks 1808-1823: Exited with exit code 170
srun: error: rzmerl57: tasks 496-511: Exited with exit code 170
srun: error: rzmerl103: tasks 1232-1247: Exited with exit code 170
srun: error: rzmerl51: tasks 400-415: Exited with exit code 170
srun: error: rzmerl97: tasks 1136-1151: Exited with exit code 170
srun: error: rzmerl93: tasks 1072-1087: Exited with exit code 170
srun: error: rzmerl47: tasks 336-351: Exited with exit code 170
srun: error: rzmerl48: tasks 352-367: Exited with exit code 170
srun: error: rzmerl136: tasks 1744-1759: Exited with exit code 170
srun: error: rzmerl130: tasks 1648-1663: Exited with exit code 170
srun: error: rzmerl126: tasks 1584-1599: Exited with exit code 170
srun: error: rzmerl84: tasks 928-943: Exited with exit code 170
srun: error: rzmerl28: tasks 176-191: Exited with exit code 170
srun: error: rzmerl152: tasks 2000-2015: Exited with exit code 170
srun: error: rzmerl83: tasks 912-927: Exited with exit code 170
srun: error: rzmerl18: tasks 16-31: Exited with exit code 170
srun: error: rzmerl79: tasks 848-863: Exited with exit code 170
srun: error: rzmerl24: tasks 112-127: Exited with exit code 170
srun: error: rzmerl116: tasks 1424-1439: Exited with exit code 170
srun: error: rzmerl74: tasks 768-783: Exited with exit code 170
srun: error: rzmerl30: tasks 192-207: Exited with exit code 170
srun: error: rzmerl69: tasks 688-703: Exited with exit code 170
srun: error: rzmerl121: tasks 1504-1519: Exited with exit code 170
srun: error: rzmerl112: tasks 1360-1375: Exited with exit code 170
srun: error: rzmerl70: tasks 704-719: Exited with exit code 170
srun: error: rzmerl25: tasks 128-143: Exited with exit code 170
srun: error: rzmerl148: tasks 1936-1951: Exited with exit code 170
srun: error: rzmerl19: tasks 32-47: Exited with exit code 170
srun: error: rzmerl113: tasks 1376-1391: Exited with exit code 170
srun: error: rzmerl65: tasks 624-639: Exited with exit code 170
srun: error: rzmerl59: tasks 528-543: Exited with exit code 170
srun: error: rzmerl127: tasks 1600-1615: Exited with exit code 170
srun: error: rzmerl80: tasks 864-879: Exited with exit code 170
srun: error: rzmerl105: tasks 1264-1279: Exited with exit code 170
srun: error: rzmerl101: tasks 1200-1215: Exited with exit code 170
srun: error: rzmerl55: tasks 464-479: Exited with exit code 170
srun: error: rzmerl60: tasks 544-559: Exited with exit code 170
srun: error: rzmerl153: tasks 2016-2031: Exited with exit code 170
srun: error: rzmerl149: tasks 1952-1967: Exited with exit code 170
srun: error: rzmerl117: tasks 1440-1455: Exited with exit code 170
srun: error: rzmerl138: tasks 1776-1791: Exited with exit code 170
srun: error: rzmerl106: tasks 1280-1295: Exited with exit code 170
srun: error: rzmerl45: tasks 304-319: Exited with exit code 170
srun: error: rzmerl91: tasks 1040-1055: Exited with exit code 170
srun: error: rzmerl56: tasks 480-495: Exited with exit code 170
srun: error: rzmerl102: tasks 1216-1231: Exited with exit code 170
srun: error: rzmerl134: tasks 1712-1727: Exited with exit code 170
srun: error: rzmerl77: tasks 816-831: Exited with exit code 170
srun: error: rzmerl139: tasks 1792-1807: Exited with exit code 170
srun: error: rzmerl26: tasks 144-159: Exited with exit code 170
srun: error: rzmerl87: tasks 976-991: Exited with exit code 170
srun: error: rzmerl46: tasks 320-335: Exited with exit code 170
srun: error: rzmerl124: tasks 1552-1567: Exited with exit code 170
srun: error: rzmerl125: tasks 1568-1583: Exited with exit code 170
srun: error: rzmerl27: tasks 160-175: Exited with exit code 170
srun: error: rzmerl33: tasks 240-255: Exited with exit code 170
srun: error: rzmerl129: tasks 1632-1647: Exited with exit code 170
srun: error: rzmerl120: tasks 1488-1503: Exited with exit code 170
srun: error: rzmerl22: tasks 80-95: Exited with exit code 170
srun: error: rzmerl114: tasks 1392-1407: Exited with exit code 170
srun: error: rzmerl92: tasks 1056-1071: Exited with exit code 170
srun: error: rzmerl34: tasks 256-271: Exited with exit code 170
srun: error: rzmerl68: tasks 672-687: Exited with exit code 170
srun: error: rzmerl73: tasks 752-767: Exited with exit code 170
srun: error: rzmerl23: tasks 96-111: Exited with exit code 170
srun: error: rzmerl67: tasks 656-671: Exited with exit code 170
srun: error: rzmerl135: tasks 1728-1743: Exited with exit code 170
srun: error: rzmerl78: tasks 832-847: Exited with exit code 170
srun: error: rzmerl115: tasks 1408-1423: Exited with exit code 170
srun: error: rzmerl146: tasks 1904-1919: Exited with exit code 170
srun: error: rzmerl88: tasks 992-1007: Exited with exit code 170
srun: error: rzmerl110: tasks 1328-1343: Exited with exit code 170
srun: error: rzmerl63: tasks 592-607: Exited with exit code 170
srun: error: rzmerl99: tasks 1168-1183: Exited with exit code 170
srun: error: rzmerl53: tasks 432-447: Exited with exit code 170
srun: error: rzmerl82: tasks 896-911: Exited with exit code 170
srun: error: rzmerl142: tasks 1840-1855: Exited with exit code 170
srun: error: rzmerl111: tasks 1344-1359: Exited with exit code 170
srun: error: rzmerl54: tasks 448-463: Exited with exit code 170
srun: error: rzmerl100: tasks 1184-1199: Exited with exit code 170
srun: error: rzmerl64: tasks 608-623: Exited with exit code 170
srun: error: rzmerl147: tasks 1920-1935: Exited with exit code 170
srun: error: rzmerl35: tasks 272-287: Exited with exit code 170
srun: error: rzmerl49: tasks 368-383: Exited with exit code 170
srun: error: rzmerl137: tasks 1760-1775: Exited with exit code 170
srun: error: rzmerl95: tasks 1104-1119: Exited with exit code 170
srun: error: rzmerl132: tasks 1680-1695: Exited with exit code 170
srun: error: rzmerl58: tasks 512-527: Exited with exit code 170
srun: error: rzmerl89: tasks 1008-1023: Exited with exit code 170
srun: error: rzmerl50: tasks 384-399: Exited with exit code 170
srun: error: rzmerl44: tasks 288-303: Exited with exit code 170
srun: error: rzmerl143: tasks 1856-1871: Exited with exit code 170
srun: error: rzmerl75: tasks 784-799: Exited with exit code 170
srun: error: rzmerl31: tasks 208-223: Exited with exit code 170
srun: error: rzmerl133: tasks 1696-1711: Exited with exit code 170
srun: error: rzmerl122: tasks 1520-1535: Exited with exit code 170
srun: error: rzmerl96: tasks 1120-1135: Exited with exit code 170
srun: error: rzmerl128: tasks 1616-1631: Exited with exit code 170
srun: error: rzmerl85: tasks 944-959: Exited with exit code 170
srun: error: rzmerl90: tasks 1024-1039: Exited with exit code 170
srun: error: rzmerl118: tasks 1456-1471: Exited with exit code 170
srun: error: rzmerl32: tasks 224-239: Exited with exit code 170
srun: error: rzmerl81: tasks 880-895: Exited with exit code 170
srun: error: rzmerl66: tasks 640-655: Exited with exit code 170
srun: error: rzmerl154: tasks 2032-2047: Exited with exit code 170
srun: error: rzmerl144: tasks 1872-1887: Exited with exit code 170
srun: error: rzmerl86: tasks 960-975: Exited with exit code 170
srun: error: rzmerl72: tasks 736-751: Exited with exit code 170
srun: error: rzmerl150: tasks 1968-1983: Exited with exit code 170
srun: error: rzmerl119: tasks 1472-1487: Exited with exit code 170
srun: error: rzmerl123: tasks 1536-1551: Exited with exit code 170
srun: error: rzmerl76: tasks 800-815: Exited with exit code 170
srun: error: rzmerl21: tasks 64-79: Exited with exit code 170
srun: error: rzmerl17: tasks 0-15: Exited with exit code 170
srun: error: rzmerl151: tasks 1984-1999: Exited with exit code 170
srun: error: rzmerl104: tasks 1248-1263: Exited with exit code 170
srun: error: rzmerl62: tasks 576-591: Exited with exit code 170
srun: error: rzmerl109: tasks 1312-1327: Exited with exit code 170
srun: error: rzmerl52: tasks 416-431: Exited with exit code 170
srun: error: rzmerl145: tasks 1888-1903: Exited with exit code 170
srun: error: rzmerl141: tasks 1824-1839: Exited with exit code 170
srun: error: rzmerl98: tasks 1152-1167: Exited with exit code 170
srun: error: rzmerl131: tasks 1664-1679: Exited with exit code 170
srun: error: rzmerl94: tasks 1088-1103: Exited with exit code 170
+ sh /g/g24/rountree/local/src/power/setcpufreq.sh 2600000 0 15
setting frequency to 2600000 KHz on cores 0 through 15
Resetting now...
