msr_opt.c::54 c=-1
msr_opt.c::78 setting MSR_PKG_POWER_LIMIT to 0x382f8 on cpu 0
msr_opt.c::83 setting MSR_PP0_POWER_LIMIT to 0x0 on cpu 0
msr_opt.c::88 setting MSR_DRAM_POWER_LIMIT to 0x380a0 on cpu 0
msr_core.c::64  pwrite returned -1.  fd[0]=17, cpu=0, msr=1560 (618), val=229536 (0x380a0).  errno=5
: Input/output error
msr_opt.c::78 setting MSR_PKG_POWER_LIMIT to 0x382f8 on cpu 1
msr_opt.c::83 setting MSR_PP0_POWER_LIMIT to 0x0 on cpu 1
msr_opt.c::88 setting MSR_DRAM_POWER_LIMIT to 0x380a0 on cpu 1
msr_core.c::64  pwrite returned -1.  fd[1]=18, cpu=1, msr=1560 (618), val=229536 (0x380a0).  errno=5
: Input/output error
msr_rapl.c::399 returned from parse_opts
msr_opt.c::54 c=-1
msr_opt.c::78 setting MSR_PKG_POWER_LIMIT to 0x382f8 on cpu 0
msr_opt.c::83 setting MSR_PP0_POWER_LIMIT to 0x0 on cpu 0
msr_opt.c::88 setting MSR_DRAM_POWER_LIMIT to 0x380a0 on cpu 0
msr_core.c::64  pwrite returned -1.  fd[0]=13, cpu=0, msr=1560 (618), val=229536 (0x380a0).  errno=5
: Input/output error
msr_opt.c::78 setting MSR_PKG_POWER_LIMIT to 0x382f8 on cpu 1
msr_opt.c::83 setting MSR_PP0_POWER_LIMIT to 0x0 on cpu 1
msr_opt.c::88 setting MSR_DRAM_POWER_LIMIT to 0x380a0 on cpu 1
msr_core.c::64  pwrite returned -1.  fd[1]=14, cpu=1, msr=1560 (618), val=229536 (0x380a0).  errno=5
: Input/output error
msr_rapl.c::399 returned from parse_opts
msr_opt.c::54 c=-1
msr_opt.c::78 setting MSR_PKG_POWER_LIMIT to 0x382f8 on cpu 0
msr_opt.c::83 setting MSR_PP0_POWER_LIMIT to 0x0 on cpu 0
msr_opt.c::88 setting MSR_DRAM_POWER_LIMIT to 0x380a0 on cpu 0
msr_core.c::64  pwrite returned -1.  fd[0]=13, cpu=0, msr=1560 (618), val=229536 (0x380a0).  errno=5
: Input/output error
msr_opt.c::78 setting MSR_PKG_POWER_LIMIT to 0x382f8 on cpu 1
msr_opt.c::83 setting MSR_PP0_POWER_LIMIT to 0x0 on cpu 1
msr_opt.c::88 setting MSR_DRAM_POWER_LIMIT to 0x380a0 on cpu 1
msr_core.c::64  pwrite returned -1.  fd[1]=14, cpu=1, msr=1560 (618), val=229536 (0x380a0).  errno=5
: Input/output error
msr_rapl.c::399 returned from parse_opts
msr_opt.c::54 c=-1
msr_opt.c::78 setting MSR_PKG_POWER_LIMIT to 0x382f8 on cpu 0
msr_opt.c::83 setting MSR_PP0_POWER_LIMIT to 0x0 on cpu 0
msr_opt.c::88 setting MSR_DRAM_POWER_LIMIT to 0x380a0 on cpu 0
msr_core.c::64  pwrite returned -1.  fd[0]=13, cpu=0, msr=1560 (618), val=229536 (0x380a0).  errno=5
: Input/output error
msr_opt.c::78 setting MSR_PKG_POWER_LIMIT to 0x382f8 on cpu 1
msr_opt.c::83 setting MSR_PP0_POWER_LIMIT to 0x0 on cpu 1
msr_opt.c::88 setting MSR_DRAM_POWER_LIMIT to 0x380a0 on cpu 1
msr_core.c::64  pwrite returned -1.  fd[1]=14, cpu=1, msr=1560 (618), val=229536 (0x380a0).  errno=5
: Input/output error
msr_rapl.c::399 returned from parse_opts
msr_opt.c::54 c=-1
msr_opt.c::78 setting MSR_PKG_POWER_LIMIT to 0x382f8 on cpu 0
msr_opt.c::83 setting MSR_PP0_POWER_LIMIT to 0x0 on cpu 0
msr_opt.c::88 setting MSR_DRAM_POWER_LIMIT to 0x380a0 on cpu 0
msr_core.c::64  pwrite returned -1.  fd[0]=14, cpu=0, msr=1560 (618), val=229536 (0x380a0).  errno=5
: Input/output error
msr_opt.c::78 setting MSR_PKG_POWER_LIMIT to 0x382f8 on cpu 1
msr_opt.c::83 setting MSR_PP0_POWER_LIMIT to 0x0 on cpu 1
msr_opt.c::88 setting MSR_DRAM_POWER_LIMIT to 0x380a0 on cpu 1
msr_core.c::64  pwrite returned -1.  fd[1]=15, cpu=1, msr=1560 (618), val=229536 (0x380a0).  errno=5
: Input/output error
msr_rapl.c::399 returned from parse_opts
msr_opt.c::54 c=-1
msr_opt.c::78 setting MSR_PKG_POWER_LIMIT to 0x382f8 on cpu 0
msr_opt.c::83 setting MSR_PP0_POWER_LIMIT to 0x0 on cpu 0
msr_opt.c::88 setting MSR_DRAM_POWER_LIMIT to 0x380a0 on cpu 0
msr_core.c::64  pwrite returned -1.  fd[0]=13, cpu=0, msr=1560 (618), val=229536 (0x380a0).  errno=5
: Input/output error
msr_opt.c::78 setting MSR_PKG_POWER_LIMIT to 0x382f8 on cpu 1
msr_opt.c::83 setting MSR_PP0_POWER_LIMIT to 0x0 on cpu 1
msr_opt.c::88 setting MSR_DRAM_POWER_LIMIT to 0x380a0 on cpu 1
msr_core.c::64  pwrite returned -1.  fd[1]=14, cpu=1, msr=1560 (618), val=229536 (0x380a0).  errno=5
: Input/output error
msr_rapl.c::399 returned from parse_opts
msr_opt.c::54 c=-1
msr_opt.c::78 setting MSR_PKG_POWER_LIMIT to 0x382f8 on cpu 0
msr_opt.c::83 setting MSR_PP0_POWER_LIMIT to 0x0 on cpu 0
msr_opt.c::88 setting MSR_DRAM_POWER_LIMIT to 0x380a0 on cpu 0
msr_core.c::64  pwrite returned -1.  fd[0]=15, cpu=0, msr=1560 (618), val=229536 (0x380a0).  errno=5
: Input/output error
msr_opt.c::78 setting MSR_PKG_POWER_LIMIT to 0x382f8 on cpu 1
msr_opt.c::83 setting MSR_PP0_POWER_LIMIT to 0x0 on cpu 1
msr_opt.c::88 setting MSR_DRAM_POWER_LIMIT to 0x380a0 on cpu 1
msr_core.c::64  pwrite returned -1.  fd[1]=16, cpu=1, msr=1560 (618), val=229536 (0x380a0).  errno=5
: Input/output error
msr_rapl.c::399 returned from parse_opts
msr_opt.c::54 c=-1
msr_opt.c::78 setting MSR_PKG_POWER_LIMIT to 0x382f8 on cpu 0
msr_opt.c::83 setting MSR_PP0_POWER_LIMIT to 0x0 on cpu 0
msr_opt.c::88 setting MSR_DRAM_POWER_LIMIT to 0x380a0 on cpu 0
msr_core.c::64  pwrite returned -1.  fd[0]=13, cpu=0, msr=1560 (618), val=229536 (0x380a0).  errno=5
: Input/output error
msr_opt.c::78 setting MSR_PKG_POWER_LIMIT to 0x382f8 on cpu 1
msr_opt.c::83 setting MSR_PP0_POWER_LIMIT to 0x0 on cpu 1
msr_opt.c::88 setting MSR_DRAM_POWER_LIMIT to 0x380a0 on cpu 1
msr_core.c::64  pwrite returned -1.  fd[1]=14, cpu=1, msr=1560 (618), val=229536 (0x380a0).  errno=5
: Input/output error
msr_rapl.c::399 returned from parse_opts
msr_opt.c::54 c=-1
msr_opt.c::78 setting MSR_PKG_POWER_LIMIT to 0x382f8 on cpu 0
msr_opt.c::83 setting MSR_PP0_POWER_LIMIT to 0x0 on cpu 0
msr_opt.c::88 setting MSR_DRAM_POWER_LIMIT to 0x380a0 on cpu 0
msr_core.c::64  pwrite returned -1.  fd[0]=13, cpu=0, msr=1560 (618), val=229536 (0x380a0).  errno=5
: Input/output error
msr_opt.c::78 setting MSR_PKG_POWER_LIMIT to 0x382f8 on cpu 1
msr_opt.c::83 setting MSR_PP0_POWER_LIMIT to 0x0 on cpu 1
msr_opt.c::88 setting MSR_DRAM_POWER_LIMIT to 0x380a0 on cpu 1
msr_core.c::64  pwrite returned -1.  fd[1]=14, cpu=1, msr=1560 (618), val=229536 (0x380a0).  errno=5
: Input/output error
msr_rapl.c::399 returned from parse_opts
msr_opt.c::54 c=-1
msr_opt.c::78 setting MSR_PKG_POWER_LIMIT to 0x382f8 on cpu 0
msr_opt.c::83 setting MSR_PP0_POWER_LIMIT to 0x0 on cpu 0
msr_opt.c::88 setting MSR_DRAM_POWER_LIMIT to 0x380a0 on cpu 0
msr_core.c::64  pwrite returned -1.  fd[0]=14, cpu=0, msr=1560 (618), val=229536 (0x380a0).  errno=5
: Input/output error
msr_opt.c::78 setting MSR_PKG_POWER_LIMIT to 0x382f8 on cpu 1
msr_opt.c::83 setting MSR_PP0_POWER_LIMIT to 0x0 on cpu 1
msr_opt.c::88 setting MSR_DRAM_POWER_LIMIT to 0x380a0 on cpu 1
msr_core.c::64  pwrite returned -1.  fd[1]=15, cpu=1, msr=1560 (618), val=229536 (0x380a0).  errno=5
: Input/output error
msr_rapl.c::399 returned from parse_opts
msr_opt.c::54 c=-1
msr_opt.c::78 setting MSR_PKG_POWER_LIMIT to 0x382f8 on cpu 0
msr_opt.c::83 setting MSR_PP0_POWER_LIMIT to 0x0 on cpu 0
msr_opt.c::88 setting MSR_DRAM_POWER_LIMIT to 0x380a0 on cpu 0
msr_core.c::64  pwrite returned -1.  fd[0]=15, cpu=0, msr=1560 (618), val=229536 (0x380a0).  errno=5
: Input/output error
msr_opt.c::78 setting MSR_PKG_POWER_LIMIT to 0x382f8 on cpu 1
msr_opt.c::83 setting MSR_PP0_POWER_LIMIT to 0x0 on cpu 1
msr_opt.c::88 setting MSR_DRAM_POWER_LIMIT to 0x380a0 on cpu 1
msr_core.c::64  pwrite returned -1.  fd[1]=16, cpu=1, msr=1560 (618), val=229536 (0x380a0).  errno=5
: Input/output error
msr_rapl.c::399 returned from parse_opts
msr_opt.c::54 c=-1
msr_opt.c::78 setting MSR_PKG_POWER_LIMIT to 0x382f8 on cpu 0
msr_opt.c::83 setting MSR_PP0_POWER_LIMIT to 0x0 on cpu 0
msr_opt.c::88 setting MSR_DRAM_POWER_LIMIT to 0x380a0 on cpu 0
msr_core.c::64  pwrite returned -1.  fd[0]=13, cpu=0, msr=1560 (618), val=229536 (0x380a0).  errno=5
: Input/output error
msr_opt.c::78 setting MSR_PKG_POWER_LIMIT to 0x382f8 on cpu 1
msr_opt.c::83 setting MSR_PP0_POWER_LIMIT to 0x0 on cpu 1
msr_opt.c::88 setting MSR_DRAM_POWER_LIMIT to 0x380a0 on cpu 1
msr_core.c::64  pwrite returned -1.  fd[1]=14, cpu=1, msr=1560 (618), val=229536 (0x380a0).  errno=5
: Input/output error
msr_rapl.c::399 returned from parse_opts
msr_opt.c::54 c=-1
msr_opt.c::78 setting MSR_PKG_POWER_LIMIT to 0x382f8 on cpu 0
msr_opt.c::83 setting MSR_PP0_POWER_LIMIT to 0x0 on cpu 0
msr_opt.c::88 setting MSR_DRAM_POWER_LIMIT to 0x380a0 on cpu 0
msr_core.c::64  pwrite returned -1.  fd[0]=16, cpu=0, msr=1560 (618), val=229536 (0x380a0).  errno=5
: Input/output error
msr_opt.c::78 setting MSR_PKG_POWER_LIMIT to 0x382f8 on cpu 1
msr_opt.c::83 setting MSR_PP0_POWER_LIMIT to 0x0 on cpu 1
msr_opt.c::88 setting MSR_DRAM_POWER_LIMIT to 0x380a0 on cpu 1
msr_core.c::64  pwrite returned -1.  fd[1]=17, cpu=1, msr=1560 (618), val=229536 (0x380a0).  errno=5
: Input/output error
msr_rapl.c::399 returned from parse_opts
msr_opt.c::54 c=-1
msr_opt.c::78 setting MSR_PKG_POWER_LIMIT to 0x382f8 on cpu 0
msr_opt.c::83 setting MSR_PP0_POWER_LIMIT to 0x0 on cpu 0
msr_opt.c::88 setting MSR_DRAM_POWER_LIMIT to 0x380a0 on cpu 0
msr_core.c::64  pwrite returned -1.  fd[0]=13, cpu=0, msr=1560 (618), val=229536 (0x380a0).  errno=5
: Input/output error
msr_opt.c::78 setting MSR_PKG_POWER_LIMIT to 0x382f8 on cpu 1
msr_opt.c::83 setting MSR_PP0_POWER_LIMIT to 0x0 on cpu 1
msr_opt.c::88 setting MSR_DRAM_POWER_LIMIT to 0x380a0 on cpu 1
msr_core.c::64  pwrite returned -1.  fd[1]=14, cpu=1, msr=1560 (618), val=229536 (0x380a0).  errno=5
: Input/output error
msr_rapl.c::399 returned from parse_opts
msr_opt.c::54 c=-1
msr_opt.c::78 setting MSR_PKG_POWER_LIMIT to 0x382f8 on cpu 0
msr_opt.c::83 setting MSR_PP0_POWER_LIMIT to 0x0 on cpu 0
msr_opt.c::88 setting MSR_DRAM_POWER_LIMIT to 0x380a0 on cpu 0
msr_core.c::64  pwrite returned -1.  fd[0]=14, cpu=0, msr=1560 (618), val=229536 (0x380a0).  errno=5
: Input/output error
msr_opt.c::78 setting MSR_PKG_POWER_LIMIT to 0x382f8 on cpu 1
msr_opt.c::54 c=-1
msr_opt.c::78 setting MSR_PKG_POWER_LIMIT to 0x382f8 on cpu 0
msr_opt.c::83 setting MSR_PP0_POWER_LIMIT to 0x0 on cpu 0
msr_opt.c::88 setting MSR_DRAM_POWER_LIMIT to 0x380a0 on cpu 0
msr_core.c::64  pwrite returned -1.  fd[0]=14, cpu=0, msr=1560 (618), val=229536 (0x380a0).  errno=5
: Input/output error
msr_opt.c::78 setting MSR_PKG_POWER_LIMIT to 0x382f8 on cpu 1
msr_opt.c::83 setting MSR_PP0_POWER_LIMIT to 0x0 on cpu 1
msr_opt.c::88 setting MSR_DRAM_POWER_LIMIT to 0x380a0 on cpu 1
msr_core.c::64  pwrite returned -1.  fd[1]=15, cpu=1, msr=1560 (618), val=229536 (0x380a0).  errno=5
: Input/output error
msr_rapl.c::399 returned from parse_opts
At line 43 of file rdopac.f (unit = 4, file = 'opac.txt')
Fortran runtime error: End of file
msr_opt.c::83 setting MSR_PP0_POWER_LIMIT to 0x0 on cpu 1
msr_opt.c::88 setting MSR_DRAM_POWER_LIMIT to 0x380a0 on cpu 1
msr_core.c::64  pwrite returned -1.  fd[1]=15, cpu=1, msr=1560 (618), val=229536 (0x380a0).  errno=5
: Input/output error
msr_rapl.c::399 returned from parse_opts
slurmd[rzmerl27]: *** STEP 5933.81 KILLED AT 2012-04-14T16:42:17 WITH SIGNAL 9 ***
slurmd[rzmerl34]: *** STEP 5933.81 KILLED AT 2012-04-14T16:42:17 WITH SIGNAL 9 ***
slurmd[rzmerl38]: *** STEP 5933.81 KILLED AT 2012-04-14T16:42:17 WITH SIGNAL 9 ***
slurmd[rzmerl31]: *** STEP 5933.81 KILLED AT 2012-04-14T16:42:17 WITH SIGNAL 9 ***
slurmd[rzmerl40]: *** STEP 5933.81 KILLED AT 2012-04-14T16:42:17 WITH SIGNAL 9 ***
slurmd[rzmerl36]: *** STEP 5933.81 KILLED AT 2012-04-14T16:42:17 WITH SIGNAL 9 ***
slurmd[rzmerl37]: *** STEP 5933.81 KILLED AT 2012-04-14T16:42:17 WITH SIGNAL 9 ***
slurmd[rzmerl42]: *** STEP 5933.81 KILLED AT 2012-04-14T16:42:17 WITH SIGNAL 9 ***
slurmd[rzmerl41]: *** STEP 5933.81 KILLED AT 2012-04-14T16:42:17 WITH SIGNAL 9 ***
slurmd[rzmerl51]: *** STEP 5933.81 KILLED AT 2012-04-14T16:42:17 WITH SIGNAL 9 ***
slurmd[rzmerl39]: *** STEP 5933.81 KILLED AT 2012-04-14T16:42:17 WITH SIGNAL 9 ***
slurmd[rzmerl30]: *** STEP 5933.81 KILLED AT 2012-04-14T16:42:17 WITH SIGNAL 9 ***
slurmd[rzmerl29]: *** STEP 5933.81 KILLED AT 2012-04-14T16:42:17 WITH SIGNAL 9 ***
slurmd[rzmerl47]: *** STEP 5933.81 KILLED AT 2012-04-14T16:42:17 WITH SIGNAL 9 ***
slurmd[rzmerl43]: *** STEP 5933.81 KILLED AT 2012-04-14T16:42:17 WITH SIGNAL 9 ***
slurmd[rzmerl46]: *** STEP 5933.81 KILLED AT 2012-04-14T16:42:17 WITH SIGNAL 9 ***
slurmd[rzmerl45]: *** STEP 5933.81 KILLED AT 2012-04-14T16:42:17 WITH SIGNAL 9 ***
slurmd[rzmerl33]: *** STEP 5933.81 KILLED AT 2012-04-14T16:42:17 WITH SIGNAL 9 ***
slurmd[rzmerl49]: *** STEP 5933.81 KILLED AT 2012-04-14T16:42:17 WITH SIGNAL 9 ***
slurmd[rzmerl57]: *** STEP 5933.81 KILLED AT 2012-04-14T16:42:17 WITH SIGNAL 9 ***
slurmd[rzmerl55]: *** STEP 5933.81 KILLED AT 2012-04-14T16:42:17 WITH SIGNAL 9 ***
slurmd[rzmerl50]: *** STEP 5933.81 KILLED AT 2012-04-14T16:42:17 WITH SIGNAL 9 ***
slurmd[rzmerl53]: *** STEP 5933.81 KILLED AT 2012-04-14T16:42:17 WITH SIGNAL 9 ***
slurmd[rzmerl58]: *** STEP 5933.81 KILLED AT 2012-04-14T16:42:17 WITH SIGNAL 9 ***
slurmd[rzmerl44]: *** STEP 5933.81 KILLED AT 2012-04-14T16:42:17 WITH SIGNAL 9 ***
slurmd[rzmerl48]: *** STEP 5933.81 KILLED AT 2012-04-14T16:42:17 WITH SIGNAL 9 ***
slurmd[rzmerl56]: *** STEP 5933.81 KILLED AT 2012-04-14T16:42:17 WITH SIGNAL 9 ***
slurmd[rzmerl35]: *** STEP 5933.81 KILLED AT 2012-04-14T16:42:17 WITH SIGNAL 9 ***
slurmd[rzmerl32]: *** STEP 5933.81 KILLED AT 2012-04-14T16:42:17 WITH SIGNAL 9 ***
slurmd[rzmerl54]: *** STEP 5933.81 KILLED AT 2012-04-14T16:42:17 WITH SIGNAL 9 ***
slurmd[rzmerl52]: *** STEP 5933.81 KILLED AT 2012-04-14T16:42:17 WITH SIGNAL 9 ***
slurmd[rzmerl27]: *** STEP 5933.81 KILLED AT 2012-04-14T16:42:17 WITH SIGNAL 9 ***
slurmd[rzmerl28]: *** STEP 5933.81 KILLED AT 2012-04-14T16:42:17 WITH SIGNAL 9 ***
slurmd[rzmerl29]: *** STEP 5933.81 KILLED AT 2012-04-14T16:42:17 WITH SIGNAL 9 ***
slurmd[rzmerl31]: *** STEP 5933.81 KILLED AT 2012-04-14T16:42:17 WITH SIGNAL 9 ***
slurmd[rzmerl35]: *** STEP 5933.81 KILLED AT 2012-04-14T16:42:17 WITH SIGNAL 9 ***
slurmd[rzmerl39]: *** STEP 5933.81 KILLED AT 2012-04-14T16:42:17 WITH SIGNAL 9 ***
slurmd[rzmerl41]: *** STEP 5933.81 KILLED AT 2012-04-14T16:42:17 WITH SIGNAL 9 ***
slurmd[rzmerl43]: *** STEP 5933.81 KILLED AT 2012-04-14T16:42:17 WITH SIGNAL 9 ***
slurmd[rzmerl37]: *** STEP 5933.81 KILLED AT 2012-04-14T16:42:17 WITH SIGNAL 9 ***
slurmd[rzmerl45]: *** STEP 5933.81 KILLED AT 2012-04-14T16:42:17 WITH SIGNAL 9 ***
slurmd[rzmerl49]: *** STEP 5933.81 KILLED AT 2012-04-14T16:42:17 WITH SIGNAL 9 ***
slurmd[rzmerl47]: *** STEP 5933.81 KILLED AT 2012-04-14T16:42:17 WITH SIGNAL 9 ***
slurmd[rzmerl51]: *** STEP 5933.81 KILLED AT 2012-04-14T16:42:17 WITH SIGNAL 9 ***
slurmd[rzmerl55]: *** STEP 5933.81 KILLED AT 2012-04-14T16:42:17 WITH SIGNAL 9 ***
slurmd[rzmerl53]: *** STEP 5933.81 KILLED AT 2012-04-14T16:42:17 WITH SIGNAL 9 ***
slurmd[rzmerl57]: *** STEP 5933.81 KILLED AT 2012-04-14T16:42:17 WITH SIGNAL 9 ***
slurmd[rzmerl33]: *** STEP 5933.81 KILLED AT 2012-04-14T16:42:17 WITH SIGNAL 9 ***
slurmd[rzmerl34]: *** STEP 5933.81 KILLED AT 2012-04-14T16:42:17 WITH SIGNAL 9 ***
slurmd[rzmerl38]: *** STEP 5933.81 KILLED AT 2012-04-14T16:42:17 WITH SIGNAL 9 ***
slurmd[rzmerl40]: *** STEP 5933.81 KILLED AT 2012-04-14T16:42:17 WITH SIGNAL 9 ***
slurmd[rzmerl36]: *** STEP 5933.81 KILLED AT 2012-04-14T16:42:17 WITH SIGNAL 9 ***
slurmd[rzmerl30]: *** STEP 5933.81 KILLED AT 2012-04-14T16:42:17 WITH SIGNAL 9 ***
slurmd[rzmerl42]: *** STEP 5933.81 KILLED AT 2012-04-14T16:42:17 WITH SIGNAL 9 ***
slurmd[rzmerl46]: *** STEP 5933.81 KILLED AT 2012-04-14T16:42:17 WITH SIGNAL 9 ***
slurmd[rzmerl28]: *** STEP 5933.81 KILLED AT 2012-04-14T16:42:17 WITH SIGNAL 9 ***
slurmd[rzmerl32]: *** STEP 5933.81 KILLED AT 2012-04-14T16:42:17 WITH SIGNAL 9 ***
slurmd[rzmerl50]: *** STEP 5933.81 KILLED AT 2012-04-14T16:42:17 WITH SIGNAL 9 ***
slurmd[rzmerl54]: *** STEP 5933.81 KILLED AT 2012-04-14T16:42:17 WITH SIGNAL 9 ***
slurmd[rzmerl52]: *** STEP 5933.81 KILLED AT 2012-04-14T16:42:17 WITH SIGNAL 9 ***
slurmd[rzmerl48]: *** STEP 5933.81 KILLED AT 2012-04-14T16:42:17 WITH SIGNAL 9 ***
slurmd[rzmerl56]: *** STEP 5933.81 KILLED AT 2012-04-14T16:42:17 WITH SIGNAL 9 ***
slurmd[rzmerl58]: *** STEP 5933.81 KILLED AT 2012-04-14T16:42:17 WITH SIGNAL 9 ***
slurmd[rzmerl44]: *** STEP 5933.81 KILLED AT 2012-04-14T16:42:17 WITH SIGNAL 9 ***
