msr_opt.c::54 c=-1
msr_opt.c::78 setting MSR_PKG_POWER_LIMIT to 0x38198 on cpu 0
msr_opt.c::83 setting MSR_PP0_POWER_LIMIT to 0x0 on cpu 0
msr_opt.c::88 setting MSR_DRAM_POWER_LIMIT to 0x38078 on cpu 0
msr_core.c::64  pwrite returned -1.  fd[0]=17, cpu=0, msr=1560 (618), val=229496 (0x38078).  errno=5
: Input/output error
msr_opt.c::78 setting MSR_PKG_POWER_LIMIT to 0x38198 on cpu 1
msr_opt.c::54 c=-1
msr_opt.c::78 setting MSR_PKG_POWER_LIMIT to 0x38198 on cpu 0
msr_opt.c::83 setting MSR_PP0_POWER_LIMIT to 0x0 on cpu 0
msr_opt.c::88 setting MSR_DRAM_POWER_LIMIT to 0x38078 on cpu 0
msr_core.c::64  pwrite returned -1.  fd[0]=16, cpu=0, msr=1560 (618), val=229496 (0x38078).  errno=5
: Input/output error
msr_opt.c::78 setting MSR_PKG_POWER_LIMIT to 0x38198 on cpu 1
msr_opt.c::83 setting MSR_PP0_POWER_LIMIT to 0x0 on cpu 1
msr_opt.c::88 setting MSR_DRAM_POWER_LIMIT to 0x38078 on cpu 1
msr_core.c::64  pwrite returned -1.  fd[1]=17, cpu=1, msr=1560 (618), val=229496 (0x38078).  errno=5
: Input/output error
msr_rapl.c::399 returned from parse_opts
msr_opt.c::54 c=-1
msr_opt.c::78 setting MSR_PKG_POWER_LIMIT to 0x38198 on cpu 0
msr_opt.c::83 setting MSR_PP0_POWER_LIMIT to 0x0 on cpu 0
msr_opt.c::88 setting MSR_DRAM_POWER_LIMIT to 0x38078 on cpu 0
msr_core.c::64  pwrite returned -1.  fd[0]=14, cpu=0, msr=1560 (618), val=229496 (0x38078).  errno=5
: Input/output error
msr_opt.c::78 setting MSR_PKG_POWER_LIMIT to 0x38198 on cpu 1
msr_opt.c::83 setting MSR_PP0_POWER_LIMIT to 0x0 on cpu 1
msr_opt.c::88 setting MSR_DRAM_POWER_LIMIT to 0x38078 on cpu 1
msr_core.c::64  pwrite returned -1.  fd[1]=15, cpu=1, msr=1560 (618), val=229496 (0x38078).  errno=5
: Input/output error
msr_rapl.c::399 returned from parse_opts
msr_opt.c::54 c=-1
msr_opt.c::78 setting MSR_PKG_POWER_LIMIT to 0x38198 on cpu 0
msr_opt.c::83 setting MSR_PP0_POWER_LIMIT to 0x0 on cpu 0
msr_opt.c::88 setting MSR_DRAM_POWER_LIMIT to 0x38078 on cpu 0
msr_core.c::64  pwrite returned -1.  fd[0]=13, cpu=0, msr=1560 (618), val=229496 (0x38078).  errno=5
: Input/output error
msr_opt.c::78 setting MSR_PKG_POWER_LIMIT to 0x38198 on cpu 1
msr_opt.c::83 setting MSR_PP0_POWER_LIMIT to 0x0 on cpu 1
msr_opt.c::88 setting MSR_DRAM_POWER_LIMIT to 0x38078 on cpu 1
msr_core.c::64  pwrite returned -1.  fd[1]=14, cpu=1, msr=1560 (618), val=229496 (0x38078).  errno=5
: Input/output error
msr_rapl.c::399 returned from parse_opts
msr_opt.c::54 c=-1
msr_opt.c::78 setting MSR_PKG_POWER_LIMIT to 0x38198 on cpu 0
msr_opt.c::83 setting MSR_PP0_POWER_LIMIT to 0x0 on cpu 0
msr_opt.c::88 setting MSR_DRAM_POWER_LIMIT to 0x38078 on cpu 0
msr_core.c::64  pwrite returned -1.  fd[0]=14, cpu=0, msr=1560 (618), val=229496 (0x38078).  errno=5
: Input/output error
msr_opt.c::78 setting MSR_PKG_POWER_LIMIT to 0x38198 on cpu 1
msr_opt.c::83 setting MSR_PP0_POWER_LIMIT to 0x0 on cpu 1
msr_opt.c::88 setting MSR_DRAM_POWER_LIMIT to 0x38078 on cpu 1
msr_core.c::64  pwrite returned -1.  fd[1]=15, cpu=1, msr=1560 (618), val=229496 (0x38078).  errno=5
: Input/output error
msr_rapl.c::399 returned from parse_opts
msr_opt.c::54 c=-1
msr_opt.c::78 setting MSR_PKG_POWER_LIMIT to 0x38198 on cpu 0
msr_opt.c::83 setting MSR_PP0_POWER_LIMIT to 0x0 on cpu 0
msr_opt.c::88 setting MSR_DRAM_POWER_LIMIT to 0x38078 on cpu 0
msr_core.c::64  pwrite returned -1.  fd[0]=14, cpu=0, msr=1560 (618), val=229496 (0x38078).  errno=5
: Input/output error
msr_opt.c::78 setting MSR_PKG_POWER_LIMIT to 0x38198 on cpu 1
msr_opt.c::83 setting MSR_PP0_POWER_LIMIT to 0x0 on cpu 1
msr_opt.c::88 setting MSR_DRAM_POWER_LIMIT to 0x38078 on cpu 1
msr_core.c::64  pwrite returned -1.  fd[1]=15, cpu=1, msr=1560 (618), val=229496 (0x38078).  errno=5
: Input/output error
msr_rapl.c::399 returned from parse_opts
msr_opt.c::54 c=-1
msr_opt.c::78 setting MSR_PKG_POWER_LIMIT to 0x38198 on cpu 0
msr_opt.c::83 setting MSR_PP0_POWER_LIMIT to 0x0 on cpu 0
msr_opt.c::88 setting MSR_DRAM_POWER_LIMIT to 0x38078 on cpu 0
msr_core.c::64  pwrite returned -1.  fd[0]=13, cpu=0, msr=1560 (618), val=229496 (0x38078).  errno=5
: Input/output error
msr_opt.c::78 setting MSR_PKG_POWER_LIMIT to 0x38198 on cpu 1
msr_opt.c::83 setting MSR_PP0_POWER_LIMIT to 0x0 on cpu 1
msr_opt.c::88 setting MSR_DRAM_POWER_LIMIT to 0x38078 on cpu 1
msr_core.c::64  pwrite returned -1.  fd[1]=14, cpu=1, msr=1560 (618), val=229496 (0x38078).  errno=5
: Input/output error
msr_rapl.c::399 returned from parse_opts
msr_opt.c::54 c=-1
msr_opt.c::78 setting MSR_PKG_POWER_LIMIT to 0x38198 on cpu 0
msr_opt.c::83 setting MSR_PP0_POWER_LIMIT to 0x0 on cpu 0
msr_opt.c::88 setting MSR_DRAM_POWER_LIMIT to 0x38078 on cpu 0
msr_core.c::64  pwrite returned -1.  fd[0]=15, cpu=0, msr=1560 (618), val=229496 (0x38078).  errno=5
: Input/output error
msr_opt.c::78 setting MSR_PKG_POWER_LIMIT to 0x38198 on cpu 1
msr_opt.c::83 setting MSR_PP0_POWER_LIMIT to 0x0 on cpu 1
msr_opt.c::88 setting MSR_DRAM_POWER_LIMIT to 0x38078 on cpu 1
msr_core.c::64  pwrite returned -1.  fd[1]=16, cpu=1, msr=1560 (618), val=229496 (0x38078).  errno=5
: Input/output error
msr_rapl.c::399 returned from parse_opts
msr_opt.c::54 c=-1
msr_opt.c::78 setting MSR_PKG_POWER_LIMIT to 0x38198 on cpu 0
msr_opt.c::83 setting MSR_PP0_POWER_LIMIT to 0x0 on cpu 0
msr_opt.c::88 setting MSR_DRAM_POWER_LIMIT to 0x38078 on cpu 0
msr_core.c::64  pwrite returned -1.  fd[0]=13, cpu=0, msr=1560 (618), val=229496 (0x38078).  errno=5
: Input/output error
msr_opt.c::78 setting MSR_PKG_POWER_LIMIT to 0x38198 on cpu 1
msr_opt.c::83 setting MSR_PP0_POWER_LIMIT to 0x0 on cpu 1
msr_opt.c::88 setting MSR_DRAM_POWER_LIMIT to 0x38078 on cpu 1
msr_core.c::64  pwrite returned -1.  fd[1]=14, cpu=1, msr=1560 (618), val=229496 (0x38078).  errno=5
: Input/output error
msr_rapl.c::399 returned from parse_opts
msr_opt.c::54 c=-1
msr_opt.c::78 setting MSR_PKG_POWER_LIMIT to 0x38198 on cpu 0
msr_opt.c::83 setting MSR_PP0_POWER_LIMIT to 0x0 on cpu 0
msr_opt.c::88 setting MSR_DRAM_POWER_LIMIT to 0x38078 on cpu 0
msr_core.c::64  pwrite returned -1.  fd[0]=13, cpu=0, msr=1560 (618), val=229496 (0x38078).  errno=5
: Input/output error
msr_opt.c::78 setting MSR_PKG_POWER_LIMIT to 0x38198 on cpu 1
msr_opt.c::83 setting MSR_PP0_POWER_LIMIT to 0x0 on cpu 1
msr_opt.c::88 setting MSR_DRAM_POWER_LIMIT to 0x38078 on cpu 1
msr_core.c::64  pwrite returned -1.  fd[1]=14, cpu=1, msr=1560 (618), val=229496 (0x38078).  errno=5
: Input/output error
msr_rapl.c::399 returned from parse_opts
msr_opt.c::54 c=-1
msr_opt.c::78 setting MSR_PKG_POWER_LIMIT to 0x38198 on cpu 0
msr_opt.c::83 setting MSR_PP0_POWER_LIMIT to 0x0 on cpu 0
msr_opt.c::88 setting MSR_DRAM_POWER_LIMIT to 0x38078 on cpu 0
msr_core.c::64  pwrite returned -1.  fd[0]=15, cpu=0, msr=1560 (618), val=229496 (0x38078).  errno=5
: Input/output error
msr_opt.c::78 setting MSR_PKG_POWER_LIMIT to 0x38198 on cpu 1
msr_opt.c::83 setting MSR_PP0_POWER_LIMIT to 0x0 on cpu 1
msr_opt.c::88 setting MSR_DRAM_POWER_LIMIT to 0x38078 on cpu 1
msr_core.c::64  pwrite returned -1.  fd[1]=16, cpu=1, msr=1560 (618), val=229496 (0x38078).  errno=5
: Input/output error
msr_rapl.c::399 returned from parse_opts
msr_opt.c::54 c=-1
msr_opt.c::78 setting MSR_PKG_POWER_LIMIT to 0x38198 on cpu 0
msr_opt.c::83 setting MSR_PP0_POWER_LIMIT to 0x0 on cpu 0
msr_opt.c::88 setting MSR_DRAM_POWER_LIMIT to 0x38078 on cpu 0
msr_core.c::64  pwrite returned -1.  fd[0]=13, cpu=0, msr=1560 (618), val=229496 (0x38078).  errno=5
: Input/output error
msr_opt.c::78 setting MSR_PKG_POWER_LIMIT to 0x38198 on cpu 1
msr_opt.c::54 c=-1
msr_opt.c::78 setting MSR_PKG_POWER_LIMIT to 0x38198 on cpu 0
msr_opt.c::83 setting MSR_PP0_POWER_LIMIT to 0x0 on cpu 0
msr_opt.c::88 setting MSR_DRAM_POWER_LIMIT to 0x38078 on cpu 0
msr_core.c::64  pwrite returned -1.  fd[0]=13, cpu=0, msr=1560 (618), val=229496 (0x38078).  errno=5
: Input/output error
msr_opt.c::78 setting MSR_PKG_POWER_LIMIT to 0x38198 on cpu 1
msr_opt.c::83 setting MSR_PP0_POWER_LIMIT to 0x0 on cpu 1
msr_opt.c::88 setting MSR_DRAM_POWER_LIMIT to 0x38078 on cpu 1
msr_core.c::64  pwrite returned -1.  fd[1]=14, cpu=1, msr=1560 (618), val=229496 (0x38078).  errno=5
: Input/output error
msr_rapl.c::399 returned from parse_opts
msr_opt.c::54 c=-1
msr_opt.c::78 setting MSR_PKG_POWER_LIMIT to 0x38198 on cpu 0
msr_opt.c::83 setting MSR_PP0_POWER_LIMIT to 0x0 on cpu 0
msr_opt.c::88 setting MSR_DRAM_POWER_LIMIT to 0x38078 on cpu 0
msr_core.c::64  pwrite returned -1.  fd[0]=14, cpu=0, msr=1560 (618), val=229496 (0x38078).  errno=5
: Input/output error
msr_opt.c::78 setting MSR_PKG_POWER_LIMIT to 0x38198 on cpu 1
msr_opt.c::54 c=-1
msr_opt.c::78 setting MSR_PKG_POWER_LIMIT to 0x38198 on cpu 0
msr_opt.c::83 setting MSR_PP0_POWER_LIMIT to 0x0 on cpu 0
msr_opt.c::88 setting MSR_DRAM_POWER_LIMIT to 0x38078 on cpu 0
msr_core.c::64  pwrite returned -1.  fd[0]=13, cpu=0, msr=1560 (618), val=229496 (0x38078).  errno=5
: Input/output error
msr_opt.c::78 setting MSR_PKG_POWER_LIMIT to 0x38198 on cpu 1
msr_opt.c::83 setting MSR_PP0_POWER_LIMIT to 0x0 on cpu 1
msr_opt.c::88 setting MSR_DRAM_POWER_LIMIT to 0x38078 on cpu 1
msr_core.c::64  pwrite returned -1.  fd[1]=14, cpu=1, msr=1560 (618), val=229496 (0x38078).  errno=5
: Input/output error
msr_rapl.c::399 returned from parse_opts
msr_opt.c::54 c=-1
msr_opt.c::78 setting MSR_PKG_POWER_LIMIT to 0x38198 on cpu 0
msr_opt.c::83 setting MSR_PP0_POWER_LIMIT to 0x0 on cpu 0
msr_opt.c::88 setting MSR_DRAM_POWER_LIMIT to 0x38078 on cpu 0
msr_core.c::64  pwrite returned -1.  fd[0]=13, cpu=0, msr=1560 (618), val=229496 (0x38078).  errno=5
: Input/output error
msr_opt.c::78 setting MSR_PKG_POWER_LIMIT to 0x38198 on cpu 1
msr_opt.c::83 setting MSR_PP0_POWER_LIMIT to 0x0 on cpu 1
msr_opt.c::88 setting MSR_DRAM_POWER_LIMIT to 0x38078 on cpu 1
msr_core.c::64  pwrite returned -1.  fd[1]=14, cpu=1, msr=1560 (618), val=229496 (0x38078).  errno=5
: Input/output error
msr_rapl.c::399 returned from parse_opts
msr_opt.c::83 setting MSR_PP0_POWER_LIMIT to 0x0 on cpu 1
msr_opt.c::88 setting MSR_DRAM_POWER_LIMIT to 0x38078 on cpu 1
msr_core.c::64  pwrite returned -1.  fd[1]=18, cpu=1, msr=1560 (618), val=229496 (0x38078).  errno=5
: Input/output error
msr_rapl.c::399 returned from parse_opts
msr_opt.c::83 setting MSR_PP0_POWER_LIMIT to 0x0 on cpu 1
msr_opt.c::88 setting MSR_DRAM_POWER_LIMIT to 0x38078 on cpu 1
msr_core.c::64  pwrite returned -1.  fd[1]=14, cpu=1, msr=1560 (618), val=229496 (0x38078).  errno=5
: Input/output error
msr_rapl.c::399 returned from parse_opts
msr_opt.c::83 setting MSR_PP0_POWER_LIMIT to 0x0 on cpu 1
msr_opt.c::88 setting MSR_DRAM_POWER_LIMIT to 0x38078 on cpu 1
msr_core.c::64  pwrite returned -1.  fd[1]=15, cpu=1, msr=1560 (618), val=229496 (0x38078).  errno=5
: Input/output error
msr_rapl.c::399 returned from parse_opts
# QQQ elapsed PKG_Watts_0 PP0_Watts_0 DRAM_Watts_0 PKG_Info_Max_Window_Sec_0 PKG_Info_Max_Window_Bits_0 PKG_Info_Max_Power_Watts_0 PKG_Info_Max_Power_Bits_0 PKG_Info_Min_Power_Watts_0 PKG_Info_Min_Power_Bits_0 PKG_Info_Thermal_Spec_Watts_0 PKG_Info_Thermal_Spec_Bits_0 DRAM_Info_Max_Window_Sec_0 DRAM_Info_Max_Window_Bits_0 DRAM_Info_Max_Power_Watts_0 DRAM_Info_Max_Power_Bits_0 DRAM_Info_Min_Power_Watts_0 DRAM_Info_Min_Power_Bits_0 DRAM_Info_Thermal_Spec_Watts_0 DRAM_Info_Thermal_Spec_Bits_0 Units_Power_Bits_0 Units_Energy_Bits_0 Units_Time_Bits_0 Units_Power_Watts_0 Units_Energy_Joules_0 Units_Time_Seconds_0 PKG_Limit2_Enable_0 PKG_Limit2_Clamp_0 PKG_Limit2_Time_Bits_0 PKG_Limit2_Power_Bits_0 PKG_Limit2_Mult_Bits_0 PKG_Limit2_Mult_Float_0 PKG_Limit2_Time_Seconds_0 PKG_Limit2_Power_Watts_0 PKG_Limit1_Enable_0 PKG_Limit1_Clamp_0 PKG_Limit1_Time_Bits_0 PKG_Limit1_Power_Bits_0 PKG_Limit1_Mult_Bits_0 PKG_Limit1_Mult_Float_0 PKG_Limit1_Time_Seconds_0 PKG_Limit1_Power_Watts_0 PP0_Limit1_Enable_0 PP0_Limit1_Clamp_0 PP# QQQ elapsed PKG_Watts_0 PP0_Watts_0 DRAM_Watts_0 PKG_Info_Max_Window_Sec_0 PKG_Info_Max_Window_Bits_0 PKG_Info_Max_Power_Watts_0 PKG_Info_Max_Power_Bits_0 PKG_Info_Min_Power_Watts_0 PKG_Info_Min_Power_Bits_0 PKG_Info_Thermal_Spec_Watts_0 PKG_Info_Thermal_Spec_Bits_0 DRAM_Info_Max_Window_Sec_0 DRAM_Info_Max_Window_Bits_0 DRAM_Info_Max_Power_Watts_0 DRAM_Info_Max_Power_Bits_0 DRAM_Info_Min_Power_Watts_0 DRAM_Info_Min_Power_Bits_0 DRAM_Info_Thermal_Spec_Watts_0 DRAM_Info_Thermal_Spec_Bits_0 Units_Power_Bits_0 Units_Energy_Bits_0 Units_Time_Bits_0 Units_Power_Watts_0 Units_Energy_Joules_0 Units_Time_Seconds_0 PKG_Limit2_Enable_0 PKG_Limit2_Clamp_0 PKG_Limit2_Time_Bits_0 PKG_Limit2_Power_Bits_0 PKG_Limit2_Mult_Bits_0 PKG_Limit2_Mult_Float_0 PKG_Limit2_Time_Seconds_0 PKG_Limit2_Power_Watts_0 PKG_Limit1_Enable_0 PKG_Limit1_Clamp_0 PKG_Limit1_Time_Bits_0 PKG_Limit1_Power_Bits_0 PKG_Limit1_Mult_Bits_0 PKG_Limit1_Mult_Float_0 PKG_Limit1_Time_Seconds_0 PKG_Limit1_Power_Watts_0 PP0_Limit1_Enable_0 PP0_Limit1_Clamp_0 PP# QQQ elapsed PKG_Watts_0 PP0_Watts_0 DRAM_Watts_0 PKG_Info_Max_Window_Sec_0 PKG_Info_Max_Window_Bits_0 PKG_Info_Max_Power_Watts_0 PKG_Info_Max_Power_Bits_0 PKG_Info_Min_Power_Watts_0 PKG_Info_Min_Power_Bits_0 PKG_Info_Thermal_Spec_Watts_0 PKG_Info_Thermal_Spec_Bits_0 DRAM_Info_Max_Window_Sec_0 DRAM_Info_Max_Window_Bits_0 DRAM_Info_Max_Power_Watts_0 DRAM_Info_Max_Power_Bits_0 DRAM_Info_Min_Power_Watts_0 DRAM_Info_Min_Power_Bits_0 DRAM_Info_Thermal_Spec_Watts_0 DRAM_Info_Thermal_Spec_Bits_0 Units_Power_Bits_0 Units_Energy_Bits_0 Units_Time_Bits_0 Units_Power_Watts_0 Units_Energy_Joules_0 Units_Time_Seconds_0 PKG_Limit2_Enable_0 PKG_Limit2_Clamp_0 PKG_Limit2_Time_Bits_0 PKG_Limit2_Power_Bits_0 PKG_Limit2_Mult_Bits_0 PKG_Limit2_Mult_Float_0 PKG_Limit2_Time_Seconds_0 PKG_Limit2_Power_Watts_0 PKG_Limit1_Enable_0 PKG_Limit1_Clamp_0 PKG_Limit1_Time_Bits_0 PKG_Limit1_Power_Bits_0 PKG_Limit1_Mult_Bits_0 PKG_Limit1_Mult_Float_0 PKG_Limit1_Time_Seconds_0 PKG_Limit1_Power_Watts_0 PP0_Limit1_Enable_0 PP0_Limit1_Clamp_0 PP# QQQ elapsed PKG_Watts_0 PP0_Watts_0 DRAM_Watts_0 PKG_Info_Max_Window_Sec_0 PKG_Info_Max_Window_Bits_0 PKG_Info_Max_Power_Watts_0 PKG_Info_Max_Power_Bits_0 PKG_Info_Min_Power_Watts_0 PKG_Info_Min_Power_Bits_0 PKG_Info_Thermal_Spec_Watts_0 PKG_Info_Thermal_Spec_Bits_0 DRAM_Info_Max_Window_Sec_0 DRAM_Info_Max_Window_Bits_0 DRAM_Info_Max_Power_Watts_0 DRAM_Info_Max_Power_Bits_0 DRAM_Info_Min_Power_Watts_0 DRAM_Info_Min_Power_Bits_0 DRAM_Info_Thermal_Spec_Watts_0 DRAM_Info_Thermal_Spec_Bits_0 Units_Power_Bits_0 Units_Energy_Bits_0 Units_Time_Bits_0 Units_Power_Watts_0 Units_Energy_Joules_0 Units_Time_Seconds_0 PKG_Limit2_Enable_0 PKG_Limit2_Clamp_0 PKG_Limit2_Time_Bits_0 PKG_Limit2_Power_Bits_0 PKG_Limit2_Mult_Bits_0 PKG_Limit2_Mult_Float_0 PKG_Limit2_Time_Seconds_0 PKG_Limit2_Power_Watts_0 PKG_Limit1_Enable_0 PKG_Limit1_Clamp_0 PKG_Limit1_Time_Bits_0 PKG_Limit1_Power_Bits_0 PKG_Limit1_Mult_Bits_0 PKG_Limit1_Mult_Float_0 PKG_Limit1_Time_Seconds_0 PKG_Limit1_Power_Watts_0 PP0_Limit1_Enable_0 PP0_Limit1_Clamp_0 PP# QQQ elapsed PKG_Watts_0 PP0_Watts_0 DRAM_Watts_0 PKG_Info_Max_Window_Sec_0 PKG_Info_Max_Window_Bits_0 PKG_Info_Max_Power_Watts_0 PKG_Info_Max_Power_Bits_0 PKG_Info_Min_Power_Watts_0 PKG_Info_Min_Power_Bits_0 PKG_Info_Thermal_Spec_Watts_0 PKG_Info_Thermal_Spec_Bits_0 DRAM_Info_Max_Window_Sec_0 DRAM_Info_Max_Window_Bits_0 DRAM_Info_Max_Power_Watts_0 DRAM_Info_Max_Power_Bits_0 DRAM_Info_Min_Power_Watts_0 DRAM_Info_Min_Power_Bits_0 DRAM_Info_Thermal_Spec_Watts_0 DRAM_Info_Thermal_Spec_Bits_0 Units_Power_Bits_0 Units_Energy_Bits_0 Units_Time_Bits_0 Units_Power_Watts_0 Units_Energy_Joules_0 Units_Time_Seconds_0 PKG_Limit2_Enable_0 PKG_Limit2_Clamp_0 PKG_Limit2_Time_Bits_0 PKG_Limit2_Power_Bits_0 PKG_Limit2_Mult_Bits_0 PKG_Limit2_Mult_Float_0 PKG_Limit2_Time_Seconds_0 PKG_Limit2_Power_Watts_0 PKG_Limit1_Enable_0 PKG_Limit1_Clamp_0 PKG_Limit1_Time_Bits_0 PKG_Limit1_Power_Bits_0 PKG_Limit1_Mult_Bits_0 PKG_Limit1_Mult_Float_0 PKG_Limit1_Time_Seconds_0 PKG_Limit1_Power_Watts_0 PP0_Limit1_Enable_0 PP0_Limit1_Clamp_0 PP# QQQ elapsed PKG_Watts_0 PP0_Watts_0 DRAM_Watts_0 PKG_Info_Max_Window_Sec_0 PKG_Info_Max_Window_Bits_0 PKG_Info_Max_Power_Watts_0 PKG_Info_Max_Power_Bits_0 PKG_Info_Min_Power_Watts_0 PKG_Info_Min_Power_Bits_0 PKG_Info_Thermal_Spec_Watts_0 PKG_Info_Thermal_Spec_Bits_0 DRAM_Info_Max_Window_Sec_0 DRAM_Info_Max_Window_Bits_0 DRAM_Info_Max_Power_Watts_0 DRAM_Info_Max_Power_Bits_0 DRAM_Info_Min_Power_Watts_0 DRAM_Info_Min_Power_Bits_0 DRAM_Info_Thermal_Spec_Watts_0 DRAM_Info_Thermal_Spec_Bits_0 Units_Power_Bits_0 Units_Energy_Bits_0 Units_Time_Bits_0 Units_Power_Watts_0 Units_Energy_Joules_0 Units_Time_Seconds_0 PKG_Limit2_Enable_0 PKG_Limit2_Clamp_0 PKG_Limit2_Time_Bits_0 PKG_Limit2_Power_Bits_0 PKG_Limit2_Mult_Bits_0 PKG_Limit2_Mult_Float_0 PKG_Limit2_Time_Seconds_0 PKG_Limit2_Power_Watts_0 PKG_Limit1_Enable_0 PKG_Limit1_Clamp_0 PKG_Limit1_Time_Bits_0 PKG_Limit1_Power_Bits_0 PKG_Limit1_Mult_Bits_0 PKG_Limit1_Mult_Float_0 PKG_Limit1_Time_Seconds_0 PKG_Limit1_Power_Watts_0 PP0_Limit1_Enable_0 PP0_Limit1_Clamp_0 PP# QQQ elapsed PKG_Watts_0 PP0_Watts_0 DRAM_Watts_0 PKG_Info_Max_Window_Sec_0 PKG_Info_Max_Window_Bits_0 PKG_Info_Max_Power_Watts_0 PKG_Info_Max_Power_Bits_0 PKG_Info_Min_Power_Watts_0 PKG_Info_Min_Power_Bits_0 PKG_Info_Thermal_Spec_Watts_0 PKG_Info_Thermal_Spec_Bits_0 DRAM_Info_Max_Window_Sec_0 DRAM_Info_Max_Window_Bits_0 DRAM_Info_Max_Power_Watts_0 DRAM_Info_Max_Power_Bits_0 DRAM_Info_Min_Power_Watts_0 DRAM_Info_Min_Power_Bits_0 DRAM_Info_Thermal_Spec_Watts_0 DRAM_Info_Thermal_Spec_Bits_0 Units_Power_Bits_0 Units_Energy_Bits_0 Units_Time_Bits_0 Units_Power_Watts_0 Units_Energy_Joules_0 Units_Time_Seconds_0 PKG_Limit2_Enable_0 PKG_Limit2_Clamp_0 PKG_Limit2_Time_Bits_0 PKG_Limit2_Power_Bits_0 PKG_Limit2_Mult_Bits_0 PKG_Limit2_Mult_Float_0 PKG_Limit2_Time_Seconds_0 PKG_Limit2_Power_Watts_0 PKG_Limit1_Enable_0 PKG_Limit1_Clamp_0 PKG_Limit1_Time_Bits_0 PKG_Limit1_Power_Bits_0 PKG_Limit1_Mult_Bits_0 PKG_Limit1_Mult_Float_0 PKG_Limit1_Time_Seconds_0 PKG_Limit1_Power_Watts_0 PP0_Limit1_Enable_0 PP0_Limit1_Clamp_0 PP0_Limit1_Time_Bits_0 PP0_Limit1_Power_Bits_0 PP0_Limit1_Mult_Bits_0 PP0_Limit1_Mult_Float_0 PP0_Limit1_Time_Seconds_0 PP0_Limit1_Power_Watts_0 DRAM_Limit1_Enable_0 DRAM_Limit1_Clamp_0 DRAM_Limit1_Time_Bits_0 DRAM_Limit1_Power_Bits_0 DRAM_Limit1_Mult_Bits_0 DRAM_Limit1_Mult_Float_0 DRAM_Limit1_Time_Seconds_0 DRAM_Limit1_Power_Watts_0 PKG_Watts_1 PP0_Watts_1 DRAM_Watts_1 PKG_Info_Max_Window_Sec_1 PKG_Info_Max_Window_Bits_1 PKG_Info_Max_Power_Watts_1 PKG_Info_Max_Power_Bits_1 PKG_Info_Min_Power_Watts_1 PKG_Info_Min_Power_Bits_1 PKG_Info_Thermal_Spec_Watts_1 PKG_Info_Thermal_Spec_Bits_1 DRAM_Info_Max_Window_Sec_1 DRAM_Info_Max_Window_Bits_1 DRAM_Info_Max_Power_Watts_1 DRAM_Info_Max_Power_Bits_1 DRAM_Info_Min_Power_Watts_1 DRAM_Info_Min_Power_Bits_1 DRAM_Info_Thermal_Spec_Watts_1 DRAM_Info_Thermal_Spec_Bits_1 Units_Power_Bits_1 Units_Energy_Bits_1 Units_Time_Bits_1 Units_Power_Watts_1 Units_Energy_Joules_1 Units_Time_Seconds_1 PKG_Limit2_Enable_1 PKG_Limit2_Clamp_1 PKG_Limit2_Time_Bits_1 PKG_Limit2_Power_Bits_1 PK# QQQ elapsed PKG_Watts_0 PP0_Watts_0 DRAM_Watts_0 PKG_Info_Max_Window_Sec_0 PKG_Info_Max_Window_Bits_0 PKG_Info_Max_Power_Watts_0 PKG_Info_Max_Power_Bits_0 PKG_Info_Min_Power_Watts_0 PKG_Info_Min_Power_Bits_0 PKG_Info_Thermal_Spec_Watts_0 PKG_Info_Thermal_Spec_Bits_0 DRAM_Info_Max_Window_Sec_0 DRAM_Info_Max_Window_Bits_0 DRAM_Info_Max_Power_Watts_0 DRAM_Info_Max_Power_Bits_0 DRAM_Info_Min_Power_Watts_0 DRAM_Info_Min_Power_Bits_0 DRAM_Info_Thermal_Spec_Watts_0 DRAM_Info_Thermal_Spec_Bits_0 Units_Power_Bits_0 Units_Energy_Bits_0 Units_Time_Bits_0 Units_Power_Watts_0 Units_Energy_Joules_0 Units_Time_Seconds_0 PKG_Limit2_Enable_0 PKG_Limit2_Clamp_0 PKG_Limit2_Time_Bits_0 PKG_Limit2_Power_Bits_0 PKG_Limit2_Mult_Bits_0 PKG_Limit2_Mult_Float_0 PKG_Limit2_Time_Seconds_0 PKG_Limit2_Power_Watts_0 PKG_Limit1_Enable_0 PKG_Limit1_Clamp_0 PKG_Limit1_Time_Bits_0 PKG_Limit1_Power_Bits_0 PKG_Limit1_Mult_Bits_0 PKG_Limit1_Mult_Float_0 PKG_Limit1_Time_Seconds_0 PKG_Limit1_Power_Watts_0 PP0_Limit1_Enable_0 PP0_Limit1_Clamp_0 PP# QQQ elapsed PKG_Watts_0 PP0_Watts_0 DRAM_Watts_0 PKG_Info_Max_Window_Sec_0 PKG_Info_Max_Window_Bits_0 PKG_Info_Max_Power_Watts_0 PKG_Info_Max_Power_Bits_0 PKG_Info_Min_Power_Watts_0 PKG_Info_Min_Power_Bits_0 PKG_Info_Thermal_Spec_Watts_0 PKG_Info_Thermal_Spec_Bits_0 DRAM_Info_Max_Window_Sec_0 DRAM_Info_Max_Window_Bits_0 DRAM_Info_Max_Power_Watts_0 DRAM_Info_Max_Power_Bits_0 DRAM_Info_Min_Power_Watts_0 DRAM_Info_Min_Power_Bits_0 DRAM_Info_Thermal_Spec_Watts_0 DRAM_Info_Thermal_Spec_Bits_0 Units_Power_Bits_0 Units_Energy_Bits_0 Units_Time_Bits_0 Units_Power_Watts_0 Units_Energy_Joules_0 Units_Time_Seconds_0 PKG_Limit2_Enable_0 PKG_Limit2_Clamp_0 PKG_Limit2_Time_Bits_0 PKG_Limit2_Power_Bits_0 PKG_Limit2_Mult_Bits_0 PKG_Limit2_Mult_Float_0 PKG_Limit2_Time_Seconds_0 PKG_Limit2_Power_Watts_0 PKG_Limit1_Enable_0 PKG_Limit1_Clamp_0 PKG_Limit1_Time_Bits_0 PKG_Limit1_Power_Bits_0 PKG_Limit1_Mult_Bits_0 PKG_Limit1_Mult_Float_0 PKG_Limit1_Time_Seconds_0 PKG_Limit1_Power_Watts_0 PP0_Limit1_Enable_0 PP0_Limit1_Clamp_0 PP# QQQ elapsed PKG_Watts_0 PP0_Watts_0 DRAM_Watts_0 PKG_Info_Max_Window_Sec_0 PKG_Info_Max_Window_Bits_0 PKG_Info_Max_Power_Watts_0 PKG_Info_Max_Power_Bits_0 PKG_Info_Min_Power_Watts_0 PKG_Info_Min_Power_Bits_0 PKG_Info_Thermal_Spec_Watts_0 PKG_Info_Thermal_Spec_Bits_0 DRAM_Info_Max_Window_Sec_0 DRAM_Info_Max_Window_Bits_0 DRAM_Info_Max_Power_Watts_0 DRAM_Info_Max_Power_Bits_0 DRAM_Info_Min_Power_Watts_0 DRAM_Info_Min_Power_Bits_0 DRAM_Info_Thermal_Spec_Watts_0 DRAM_Info_Thermal_Spec_Bits_0 Units_Power_Bits_0 Units_Energy_Bits_0 Units_Time_Bits_0 Units_Power_Watts_0 Units_Energy_Joules_0 Units_Time_Seconds_0 PKG_Limit2_Enable_0 PKG_Limit2_Clamp_0 PKG_Limit2_Time_Bits_0 PKG_Limit2_Power_Bits_0 PKG_Limit2_Mult_Bits_0 PKG_Limit2_Mult_Float_0 PKG_Limit2_Time_Seconds_0 PKG_Limit2_Power_Watts_0 PKG_Limit1_Enable_0 PKG_Limit1_Clamp_0 PKG_Limit1_Time_Bits_0 PKG_Limit1_Power_Bits_0 PKG_Limit1_Mult_Bits_0 PKG_Limit1_Mult_Float_0 PKG_Limit1_Time_Seconds_0 PKG_Limit1_Power_Watts_0 PP0_Limit1_Enable_0 PP0_Limit1_Clamp_0 PP# QQQ elapsed PKG_Watts_0 PP0_Watts_0 DRAM_Watts_0 PKG_Info_Max_Window_Sec_0 PKG_Info_Max_Window_Bits_0 PKG_Info_Max_Power_Watts_0 PKG_Info_Max_Power_Bits_0 PKG_Info_Min_Power_Watts_0 PKG_Info_Min_Power_Bits_0 PKG_Info_Thermal_Spec_Watts_0 PKG_Info_Thermal_Spec_Bits_0 DRAM_Info_Max_Window_Sec_0 DRAM_Info_Max_Window_Bits_0 DRAM_Info_Max_Power_Watts_0 DRAM_Info_Max_Power_Bits_0 DRAM_Info_Min_Power_Watts_0 DRAM_Info_Min_Power_Bits_0 DRAM_Info_Thermal_Spec_Watts_0 DRAM_Info_Thermal_Spec_Bits_0 Units_Power_Bits_0 Units_Energy_Bits_0 Units_Time_Bits_0 Units_Power_Watts_0 Units_Energy_Joules_0 Units_Time_Seconds_0 PKG_Limit2_Enable_0 PKG_Limit2_Clamp_0 PKG_Limit2_Time_Bits_0 PKG_Limit2_Power_Bits_0 PKG_Limit2_Mult_Bits_0 PKG_Limit2_Mult_Float_0 PKG_Limit2_Time_Seconds_0 PKG_Limit2_Power_Watts_0 PKG_Limit1_Enable_0 PKG_Limit1_Clamp_0 PKG_Limit1_Time_Bits_0 PKG_Limit1_Power_Bits_0 PKG_Limit1_Mult_Bits_0 PKG_Limit1_Mult_Float_0 PKG_Limit1_Time_Seconds_0 PKG_Limit1_Power_Watts_0 PP0_Limit1_Enable_0 PP0_Limit1_Clamp_0 PPG_Limit2_Mult_Bits_1 PKG_Limit2_Mult_Float_1 PKG_Limit2_Time_Seconds_1 PKG_Limit2_Power_Watts_1 PKG_Limit1_Enable_1 PKG_Limit1_Clamp_1 PKG_Limit1_Time_Bits_1 PKG_Limit1_Power_Bits_1 PKG_Limit1_Mult_Bits_1 PKG_Limit1_Mult_Float_1 PKG_Limit1_Time_Seconds_1 PKG_Limit1_Power_Watts_1 PP0_Limit1_Enable_1 PP0_Limit1_Clamp_1 PP0_Limit1_Time_Bits_1 PP0_Limit1_Power_Bits_1 PP0_Limit1_Mult_Bits_1 PP0_Limit1_Mult_Float_1 PP0_Limit1_Time_Seconds_1 PP0_Limit1_Power_Watts_1 DRAM_Limit1_Enable_1 DRAM_Limit1_Clamp_1 DRAM_Limit1_Time_Bits_1 DRAM_Limit1_Power_Bits_1 DRAM_Limit1_Mult_Bits_1 DRAM_Limit1_Mult_Float_1 DRAM_Limit1_Time_Seconds_1 DRAM_Limit1_Power_Watts_1 
ZZZ 2.916255 44.279546 31.069133 6.102438 0.045898 47 180.000000 1440 51.000000 408 115.000000 920 0.039062 40 75.000000 600 15.000000 120 35.000000 280 3 16 10 0.125000 0.000015 0.000977 0 0 0 0 0 1.000000 0.000000 0.000000 1 1 1 408 0 1.000000 0.000977 51.000000 0 0 0 0 0 1.000000 0.000000 0.000000 0 0 0 0 0 1.000000 0.000000 0.000000 45.886696 32.687302 2.979285 0.045898 47 180.000000 1440 51.000000 408 115.000000 920 0.039062 40 75.000000 600 15.000000 120 35.000000 280 3 16 10 0.125000 0.000015 0.000977 0 0 0 0 0 1.000000 0.000000 0.000000 1 1 1 408 0 1.000000 0.000977 51.000000 0 0 0 0 0 1.000000 0.000000 0.000000 0 0 0 0 0 1.000000 0.000000 0.000000 
# QQQ elapsed PKG_Watts_0 PP0_Watts_0 DRAM_Watts_0 PKG_Info_Max_Window_Sec_0 PKG_Info_Max_Window_Bits_0 PKG_Info_Max_Power_Watts_0 PKG_Info_Max_Power_Bits_0 PKG_Info_Min_Power_Watts_0 PKG_Info_Min_Power_Bits_0 PKG_Info_Thermal_Spec_Watts_0 PKG_Info_Thermal_Spec_Bits_0 DRAM_Info_Max_Window_Sec_0 DRAM_Info_Max_Window_Bits_0 DRAM_Info_Max_Power_Watts_0 DRAM_Info_Max_Power_Bits_0 DRAM_Info_Min_Power_Watts_0 DRAM_Info_Min_Power_Bits_0 DRAM_Info_Thermal_Spec_Watts_0 DRAM_Info_Thermal_Spec_Bits_0 Units_Power_Bits_0 Units_Energy_Bits_0 Units_Time_Bits_0 Units_Power_Watts_0 Units_Energy_Joules_0 Units_Time_Seconds_0 PKG_Limit2_Enable_0 PKG_Limit2_Clamp_0 PKG_Limit2_Time_Bits_0 PKG_Limit2_Power_Bits_0 PKG_Limit2_Mult_Bits_0 PKG_Limit2_Mult_Float_0 PKG_Limit2_Time_Seconds_0 PKG_Limit2_Power_Watts_0 PKG_Limit1_Enable_0 PKG_Limit1_Clamp_0 PKG_Limit1_Time_Bits_0 PKG_Limit1_Power_Bits_0 PKG_Limit1_Mult_Bits_0 PKG_Limit1_Mult_Float_0 PKG_Limit1_Time_Seconds_0 PKG_Limit1_Power_Watts_0 PP0_Limit1_Enable_0 PP0_Limit1_Clamp_0 PP0_Limit1_Time_Bits_0 PP0_Limit1_Power_Bits_0 PP0_Limit1_Mult_Bits_0 PP0_Limit1_Mult_Float_0 PP0_Limit1_Time_Seconds_0 PP0_Limit1_Power_Watts_0 DRAM_Limit1_Enable_0 DRAM_Limit1_Clamp_0 DRAM_Limit1_Time_Bits_0 DRAM_Limit1_Power_Bits_0 DRAM_Limit1_Mult_Bits_0 DRAM_Limit1_Mult_Float_0 DRAM_Limit1_Time_Seconds_0 DRAM_Limit1_Power_Watts_0 PKG_Watts_1 PP0_Watts_1 DRAM_Watts_1 PKG_Info_Max_Window_Sec_1 PKG_Info_Max_Window_Bits_1 PKG_Info_Max_Power_Watts_1 PKG_Info_Max_Power_Bits_1 PKG_Info_Min_Power_Watts_1 PKG_Info_Min_Power_Bits_1 PKG_Info_Thermal_Spec_Watts_1 PKG_Info_Thermal_Spec_Bits_1 DRAM_Info_Max_Window_Sec_1 DRAM_Info_Max_Window_Bits_1 DRAM_Info_Max_Power_Watts_1 DRAM_Info_Max_Power_Bits_1 DRAM_Info_Min_Power_Watts_1 DRAM_Info_Min_Power_Bits_1 DRAM_Info_Thermal_Spec_Watts_1 DRAM_Info_Thermal_Spec_Bits_1 Units_Power_Bits_1 Units_Energy_Bits_1 Units_Time_Bits_1 Units_Power_Watts_1 Units_Energy_Joules_1 Units_Time_Seconds_1 PKG_Limit2_Enable_1 PKG_Limit2_Clamp_1 PKG_Limit2_Time_Bits_1 PKG_Limit2_Power_Bits_1 PK0_Limit1_Time_Bits_0 PP0_Limit1_Power_Bits_0 PP0_Limit1_Mult_Bits_0 PP0_Limit1_Mult_Float_0 PP0_Limit1_Time_Seconds_0 PP0_Limit1_Power_Watts_0 DRAM_Limit1_Enable_0 DRAM_Limit1_Clamp_0 DRAM_Limit1_Time_Bits_0 DRAM_Limit1_Power_Bits_0 DRAM_Limit1_Mult_Bits_0 DRAM_Limit1_Mult_Float_0 DRAM_Limit1_Time_Seconds_0 DRAM_Limit1_Power_Watts_0 PKG_Watts_1 PP0_Watts_1 DRAM_Watts_1 PKG_Info_Max_Window_Sec_1 PKG_Info_Max_Window_Bits_1 PKG_Info_Max_Power_Watts_1 PKG_Info_Max_Power_Bits_1 PKG_Info_Min_Power_Watts_1 PKG_Info_Min_Power_Bits_1 PKG_Info_Thermal_Spec_Watts_1 PKG_Info_Thermal_Spec_Bits_1 DRAM_Info_Max_Window_Sec_1 DRAM_Info_Max_Window_Bits_1 DRAM_Info_Max_Power_Watts_1 DRAM_Info_Max_Power_Bits_1 DRAM_Info_Min_Power_Watts_1 DRAM_Info_Min_Power_Bits_1 DRAM_Info_Thermal_Spec_Watts_1 DRAM_Info_Thermal_Spec_Bits_1 Units_Power_Bits_1 Units_Energy_Bits_1 Units_Time_Bits_1 Units_Power_Watts_1 Units_Energy_Joules_1 Units_Time_Seconds_1 PKG_Limit2_Enable_1 PKG_Limit2_Clamp_1 PKG_Limit2_Time_Bits_1 PKG_Limit2_Power_Bits_1 PK# QQQ elapsed PKG_Watts_0 PP0_Watts_0 DRAM_Watts_0 PKG_Info_Max_Window_Sec_0 PKG_Info_Max_Window_Bits_0 PKG_Info_Max_Power_Watts_0 PKG_Info_Max_Power_Bits_0 PKG_Info_Min_Power_Watts_0 PKG_Info_Min_Power_Bits_0 PKG_Info_Thermal_Spec_Watts_0 PKG_Info_Thermal_Spec_Bits_0 DRAM_Info_Max_Window_Sec_0 DRAM_Info_Max_Window_Bits_0 DRAM_Info_Max_Power_Watts_0 DRAM_Info_Max_Power_Bits_0 DRAM_Info_Min_Power_Watts_0 DRAM_Info_Min_Power_Bits_0 DRAM_Info_Thermal_Spec_Watts_0 DRAM_Info_Thermal_Spec_Bits_0 Units_Power_Bits_0 Units_Energy_Bits_0 Units_Time_Bits_0 Units_Power_Watts_0 Units_Energy_Joules_0 Units_Time_Seconds_0 PKG_Limit2_Enable_0 PKG_Limit2_Clamp_0 PKG_Limit2_Time_Bits_0 PKG_Limit2_Power_Bits_0 PKG_Limit2_Mult_Bits_0 PKG_Limit2_Mult_Float_0 PKG_Limit2_Time_Seconds_0 PKG_Limit2_Power_Watts_0 PKG_Limit1_Enable_0 PKG_Limit1_Clamp_0 PKG_Limit1_Time_Bits_0 PKG_Limit1_Power_Bits_0 PKG_Limit1_Mult_Bits_0 PKG_Limit1_Mult_Float_0 PKG_Limit1_Time_Seconds_0 PKG_Limit1_Power_Watts_0 PP0_Limit1_Enable_0 PP0_Limit1_Clamp_0 PP# QQQ elapsed PKG_Watts_0 PP0_Watts_0 DRAM_Watts_0 PKG_Info_Max_Window_Sec_0 PKG_Info_Max_Window_Bits_0 PKG_Info_Max_Power_Watts_0 PKG_Info_Max_Power_Bits_0 PKG_Info_Min_Power_Watts_0 PKG_Info_Min_Power_Bits_0 PKG_Info_Thermal_Spec_Watts_0 PKG_Info_Thermal_Spec_Bits_0 DRAM_Info_Max_Window_Sec_0 DRAM_Info_Max_Window_Bits_0 DRAM_Info_Max_Power_Watts_0 DRAM_Info_Max_Power_Bits_0 DRAM_Info_Min_Power_Watts_0 DRAM_Info_Min_Power_Bits_0 DRAM_Info_Thermal_Spec_Watts_0 DRAM_Info_Thermal_Spec_Bits_0 Units_Power_Bits_0 Units_Energy_Bits_0 Units_Time_Bits_0 Units_Power_Watts_0 Units_Energy_Joules_0 Units_Time_Seconds_0 PKG_Limit2_Enable_0 PKG_Limit2_Clamp_0 PKG_Limit2_Time_Bits_0 PKG_Limit2_Power_Bits_0 PKG_Limit2_Mult_Bits_0 PKG_Limit2_Mult_Float_0 PKG_Limit2_Time_Seconds_0 PKG_Limit2_Power_Watts_0 PKG_Limit1_Enable_0 PKG_Limit1_Clamp_0 PKG_Limit1_Time_Bits_0 PKG_Limit1_Power_Bits_0 PKG_Limit1_Mult_Bits_0 PKG_Limit1_Mult_Float_0 PKG_Limit1_Time_Seconds_0 PKG_Limit1_Power_Watts_0 PP0_Limit1_Enable_0 PP0_Limit1_Clamp_0 PP0_Limit1_Time_Bits_0 PP0_Limit1_Power_Bits_0 PP0_Limit1_Mult_Bits_0 PP0_Limit1_Mult_Float_0 PP0_Limit1_Time_Seconds_0 PP0_Limit1_Power_Watts_0 DRAM_Limit1_Enable_0 DRAM_Limit1_Clamp_0 DRAM_Limit1_Time_Bits_0 DRAM_Limit1_Power_Bits_0 DRAM_Limit1_Mult_Bits_0 DRAM_Limit1_Mult_Float_0 DRAM_Limit1_Time_Seconds_0 DRAM_Limit1_Power_Watts_0 PKG_Watts_1 PP0_Watts_1 DRAM_Watts_1 PKG_Info_Max_Window_Sec_1 PKG_Info_Max_Window_Bits_1 PKG_Info_Max_Power_Watts_1 PKG_Info_Max_Power_Bits_1 PKG_Info_Min_Power_Watts_1 PKG_Info_Min_Power_Bits_1 PKG_Info_Thermal_Spec_Watts_1 PKG_Info_Thermal_Spec_Bits_1 DRAM_Info_Max_Window_Sec_1 DRAM_Info_Max_Window_Bits_1 DRAM_Info_Max_Power_Watts_1 DRAM_Info_Max_Power_Bits_1 DRAM_Info_Min_Power_Watts_1 DRAM_Info_Min_Power_Bits_1 DRAM_Info_Thermal_Spec_Watts_1 DRAM_Info_Thermal_Spec_Bits_1 Units_Power_Bits_1 Units_Energy_Bits_1 Units_Time_Bits_1 Units_Power_Watts_1 Units_Energy_Joules_1 Units_Time_Seconds_1 PKG_Limit2_Enable_1 PKG_Limit2_Clamp_1 PKG_Limit2_Time_Bits_1 PKG_Limit2_Power_Bits_1 PK0_Limit1_Time_Bits_0 PP0_Limit1_Power_Bits_0 PP0_Limit1_Mult_Bits_0 PP0_Limit1_Mult_Float_0 PP0_Limit1_Time_Seconds_0 PP0_Limit1_Power_Watts_0 DRAM_Limit1_Enable_0 DRAM_Limit1_Clamp_0 DRAM_Limit1_Time_Bits_0 DRAM_Limit1_Power_Bits_0 DRAM_Limit1_Mult_Bits_0 DRAM_Limit1_Mult_Float_0 DRAM_Limit1_Time_Seconds_0 DRAM_Limit1_Power_Watts_0 PKG_Watts_1 PP0_Watts_1 DRAM_Watts_1 PKG_Info_Max_Window_Sec_1 PKG_Info_Max_Window_Bits_1 PKG_Info_Max_Power_Watts_1 PKG_Info_Max_Power_Bits_1 PKG_Info_Min_Power_Watts_1 PKG_Info_Min_Power_Bits_1 PKG_Info_Thermal_Spec_Watts_1 PKG_Info_Thermal_Spec_Bits_1 DRAM_Info_Max_Window_Sec_1 DRAM_Info_Max_Window_Bits_1 DRAM_Info_Max_Power_Watts_1 DRAM_Info_Max_Power_Bits_1 DRAM_Info_Min_Power_Watts_1 DRAM_Info_Min_Power_Bits_1 DRAM_Info_Thermal_Spec_Watts_1 DRAM_Info_Thermal_Spec_Bits_1 Units_Power_Bits_1 Units_Energy_Bits_1 Units_Time_Bits_1 Units_Power_Watts_1 Units_Energy_Joules_1 Units_Time_Seconds_1 PKG_Limit2_Enable_1 PKG_Limit2_Clamp_1 PKG_Limit2_Time_Bits_1 PKG_Limit2_Power_Bits_1 PK0_Limit1_Time_Bits_0 PP0_Limit1_Power_Bits_0 PP0_Limit1_Mult_Bits_0 PP0_Limit1_Mult_Float_0 PP0_Limit1_Time_Seconds_0 PP0_Limit1_Power_Watts_0 DRAM_Limit1_Enable_0 DRAM_Limit1_Clamp_0 DRAM_Limit1_Time_Bits_0 DRAM_Limit1_Power_Bits_0 DRAM_Limit1_Mult_Bits_0 DRAM_Limit1_Mult_Float_0 DRAM_Limit1_Time_Seconds_0 DRAM_Limit1_Power_Watts_0 PKG_Watts_1 PP0_Watts_1 DRAM_Watts_1 PKG_Info_Max_Window_Sec_1 PKG_Info_Max_Window_Bits_1 PKG_Info_Max_Power_Watts_1 PKG_Info_Max_Power_Bits_1 PKG_Info_Min_Power_Watts_1 PKG_Info_Min_Power_Bits_1 PKG_Info_Thermal_Spec_Watts_1 PKG_Info_Thermal_Spec_Bits_1 DRAM_Info_Max_Window_Sec_1 DRAM_Info_Max_Window_Bits_1 DRAM_Info_Max_Power_Watts_1 DRAM_Info_Max_Power_Bits_1 DRAM_Info_Min_Power_Watts_1 DRAM_Info_Min_Power_Bits_1 DRAM_Info_Thermal_Spec_Watts_1 DRAM_Info_Thermal_Spec_Bits_1 Units_Power_Bits_1 Units_Energy_Bits_1 Units_Time_Bits_1 Units_Power_Watts_1 Units_Energy_Joules_1 Units_Time_Seconds_1 PKG_Limit2_Enable_1 PKG_Limit2_Clamp_1 PKG_Limit2_Time_Bits_1 PKG_Limit2_Power_Bits_1 PK0_Limit1_Time_Bits_0 PP0_Limit1_Power_Bits_0 PP0_Limit1_Mult_Bits_0 PP0_Limit1_Mult_Float_0 PP0_Limit1_Time_Seconds_0 PP0_Limit1_Power_Watts_0 DRAM_Limit1_Enable_0 DRAM_Limit1_Clamp_0 DRAM_Limit1_Time_Bits_0 DRAM_Limit1_Power_Bits_0 DRAM_Limit1_Mult_Bits_0 DRAM_Limit1_Mult_Float_0 DRAM_Limit1_Time_Seconds_0 DRAM_Limit1_Power_Watts_0 PKG_Watts_1 PP0_Watts_1 DRAM_Watts_1 PKG_Info_Max_Window_Sec_1 PKG_Info_Max_Window_Bits_1 PKG_Info_Max_Power_Watts_1 PKG_Info_Max_Power_Bits_1 PKG_Info_Min_Power_Watts_1 PKG_Info_Min_Power_Bits_1 PKG_Info_Thermal_Spec_Watts_1 PKG_Info_Thermal_Spec_Bits_1 DRAM_Info_Max_Window_Sec_1 DRAM_Info_Max_Window_Bits_1 DRAM_Info_Max_Power_Watts_1 DRAM_Info_Max_Power_Bits_1 DRAM_Info_Min_Power_Watts_1 DRAM_Info_Min_Power_Bits_1 DRAM_Info_Thermal_Spec_Watts_1 DRAM_Info_Thermal_Spec_Bits_1 Units_Power_Bits_1 Units_Energy_Bits_1 Units_Time_Bits_1 Units_Power_Watts_1 Units_Energy_Joules_1 Units_Time_Seconds_1 PKG_Limit2_Enable_1 PKG_Limit2_Clamp_1 PKG_Limit2_Time_Bits_1 PKG_Limit2_Power_Bits_1 PK# QQQ elapsed PKG_Watts_0 PP0_Watts_0 DRAM_Watts_0 PKG_Info_Max_Window_Sec_0 PKG_Info_Max_Window_Bits_0 PKG_Info_Max_Power_Watts_0 PKG_Info_Max_Power_Bits_0 PKG_Info_Min_Power_Watts_0 PKG_Info_Min_Power_Bits_0 PKG_Info_Thermal_Spec_Watts_0 PKG_Info_Thermal_Spec_Bits_0 DRAM_Info_Max_Window_Sec_0 DRAM_Info_Max_Window_Bits_0 DRAM_Info_Max_Power_Watts_0 DRAM_Info_Max_Power_Bits_0 DRAM_Info_Min_Power_Watts_0 DRAM_Info_Min_Power_Bits_0 DRAM_Info_Thermal_Spec_Watts_0 DRAM_Info_Thermal_Spec_Bits_0 Units_Power_Bits_0 Units_Energy_Bits_0 Units_Time_Bits_0 Units_Power_Watts_0 Units_Energy_Joules_0 Units_Time_Seconds_0 PKG_Limit2_Enable_0 PKG_Limit2_Clamp_0 PKG_Limit2_Time_Bits_0 PKG_Limit2_Power_Bits_0 PKG_Limit2_Mult_Bits_0 PKG_Limit2_Mult_Float_0 PKG_Limit2_Time_Seconds_0 PKG_Limit2_Power_Watts_0 PKG_Limit1_Enable_0 PKG_Limit1_Clamp_0 PKG_Limit1_Time_Bits_0 PKG_Limit1_Power_Bits_0 PKG_Limit1_Mult_Bits_0 PKG_Limit1_Mult_Float_0 PKG_Limit1_Time_Seconds_0 PKG_Limit1_Power_Watts_0 PP0_Limit1_Enable_0 PP0_Limit1_Clamp_0 PP0_Limit1_Time_Bits_0 PP0_Limit1_Power_Bits_0 PP0_Limit1_Mult_Bits_0 PP0_Limit1_Mult_Float_0 PP0_Limit1_Time_Seconds_0 PP0_Limit1_Power_Watts_0 DRAM_Limit1_Enable_0 DRAM_Limit1_Clamp_0 DRAM_Limit1_Time_Bits_0 DRAM_Limit1_Power_Bits_0 DRAM_Limit1_Mult_Bits_0 DRAM_Limit1_Mult_Float_0 DRAM_Limit1_Time_Seconds_0 DRAM_Limit1_Power_Watts_0 PKG_Watts_1 PP0_Watts_1 DRAM_Watts_1 PKG_Info_Max_Window_Sec_1 PKG_Info_Max_Window_Bits_1 PKG_Info_Max_Power_Watts_1 PKG_Info_Max_Power_Bits_1 PKG_Info_Min_Power_Watts_1 PKG_Info_Min_Power_Bits_1 PKG_Info_Thermal_Spec_Watts_1 PKG_Info_Thermal_Spec_Bits_1 DRAM_Info_Max_Window_Sec_1 DRAM_Info_Max_Window_Bits_1 DRAM_Info_Max_Power_Watts_1 DRAM_Info_Max_Power_Bits_1 DRAM_Info_Min_Power_Watts_1 DRAM_Info_Min_Power_Bits_1 DRAM_Info_Thermal_Spec_Watts_1 DRAM_Info_Thermal_Spec_Bits_1 Units_Power_Bits_1 Units_Energy_Bits_1 Units_Time_Bits_1 Units_Power_Watts_1 Units_Energy_Joules_1 Units_Time_Seconds_1 PKG_Limit2_Enable_1 PKG_Limit2_Clamp_1 PKG_Limit2_Time_Bits_1 PKG_Limit2_Power_Bits_1 PK0_Limit1_Time_Bits_0 PP0_Limit1_Power_Bits_0 PP0_Limit1_Mult_Bits_0 PP0_Limit1_Mult_Float_0 PP0_Limit1_Time_Seconds_0 PP0_Limit1_Power_Watts_0 DRAM_Limit1_Enable_0 DRAM_Limit1_Clamp_0 DRAM_Limit1_Time_Bits_0 DRAM_Limit1_Power_Bits_0 DRAM_Limit1_Mult_Bits_0 DRAM_Limit1_Mult_Float_0 DRAM_Limit1_Time_Seconds_0 DRAM_Limit1_Power_Watts_0 PKG_Watts_1 PP0_Watts_1 DRAM_Watts_1 PKG_Info_Max_Window_Sec_1 PKG_Info_Max_Window_Bits_1 PKG_Info_Max_Power_Watts_1 PKG_Info_Max_Power_Bits_1 PKG_Info_Min_Power_Watts_1 PKG_Info_Min_Power_Bits_1 PKG_Info_Thermal_Spec_Watts_1 PKG_Info_Thermal_Spec_Bits_1 DRAM_Info_Max_Window_Sec_1 DRAM_Info_Max_Window_Bits_1 DRAM_Info_Max_Power_Watts_1 DRAM_Info_Max_Power_Bits_1 DRAM_Info_Min_Power_Watts_1 DRAM_Info_Min_Power_Bits_1 DRAM_Info_Thermal_Spec_Watts_1 DRAM_Info_Thermal_Spec_Bits_1 Units_Power_Bits_1 Units_Energy_Bits_1 Units_Time_Bits_1 Units_Power_Watts_1 Units_Energy_Joules_1 Units_Time_Seconds_1 PKG_Limit2_Enable_1 PKG_Limit2_Clamp_1 PKG_Limit2_Time_Bits_1 PKG_Limit2_Power_Bits_1 PK0_Limit1_Time_Bits_0 PP0_Limit1_Power_Bits_0 PP0_Limit1_Mult_Bits_0 PP0_Limit1_Mult_Float_0 PP0_Limit1_Time_Seconds_0 PP0_Limit1_Power_Watts_0 DRAM_Limit1_Enable_0 DRAM_Limit1_Clamp_0 DRAM_Limit1_Time_Bits_0 DRAM_Limit1_Power_Bits_0 DRAM_Limit1_Mult_Bits_0 DRAM_Limit1_Mult_Float_0 DRAM_Limit1_Time_Seconds_0 DRAM_Limit1_Power_Watts_0 PKG_Watts_1 PP0_Watts_1 DRAM_Watts_1 PKG_Info_Max_Window_Sec_1 PKG_Info_Max_Window_Bits_1 PKG_Info_Max_Power_Watts_1 PKG_Info_Max_Power_Bits_1 PKG_Info_Min_Power_Watts_1 PKG_Info_Min_Power_Bits_1 PKG_Info_Thermal_Spec_Watts_1 PKG_Info_Thermal_Spec_Bits_1 DRAM_Info_Max_Window_Sec_1 DRAM_Info_Max_Window_Bits_1 DRAM_Info_Max_Power_Watts_1 DRAM_Info_Max_Power_Bits_1 DRAM_Info_Min_Power_Watts_1 DRAM_Info_Min_Power_Bits_1 DRAM_Info_Thermal_Spec_Watts_1 DRAM_Info_Thermal_Spec_Bits_1 Units_Power_Bits_1 Units_Energy_Bits_1 Units_Time_Bits_1 Units_Power_Watts_1 Units_Energy_Joules_1 Units_Time_Seconds_1 PKG_Limit2_Enable_1 PKG_Limit2_Clamp_1 PKG_Limit2_Time_Bits_1 PKG_Limit2_Power_Bits_1 PK# QQQ elapsed PKG_Watts_0 PP0_Watts_0 DRAM_Watts_0 PKG_Info_Max_Window_Sec_0 PKG_Info_Max_Window_Bits_0 PKG_Info_Max_Power_Watts_0 PKG_Info_Max_Power_Bits_0 PKG_Info_Min_Power_Watts_0 PKG_Info_Min_Power_Bits_0 PKG_Info_Thermal_Spec_Watts_0 PKG_Info_Thermal_Spec_Bits_0 DRAM_Info_Max_Window_Sec_0 DRAM_Info_Max_Window_Bits_0 DRAM_Info_Max_Power_Watts_0 DRAM_Info_Max_Power_Bits_0 DRAM_Info_Min_Power_Watts_0 DRAM_Info_Min_Power_Bits_0 DRAM_Info_Thermal_Spec_Watts_0 DRAM_Info_Thermal_Spec_Bits_0 Units_Power_Bits_0 Units_Energy_Bits_0 Units_Time_Bits_0 Units_Power_Watts_0 Units_Energy_Joules_0 Units_Time_Seconds_0 PKG_Limit2_Enable_0 PKG_Limit2_Clamp_0 PKG_Limit2_Time_Bits_0 PKG_Limit2_Power_Bits_0 PKG_Limit2_Mult_Bits_0 PKG_Limit2_Mult_Float_0 PKG_Limit2_Time_Seconds_0 PKG_Limit2_Power_Watts_0 PKG_Limit1_Enable_0 PKG_Limit1_Clamp_0 PKG_Limit1_Time_Bits_0 PKG_Limit1_Power_Bits_0 PKG_Limit1_Mult_Bits_0 PKG_Limit1_Mult_Float_0 PKG_Limit1_Time_Seconds_0 PKG_Limit1_Power_Watts_0 PP0_Limit1_Enable_0 PP0_Limit1_Clamp_0 PP0_Limit1_Time_Bits_0 PP0_Limit1_Power_Bits_0 PP0_Limit1_Mult_Bits_0 PP0_Limit1_Mult_Float_0 PP0_Limit1_Time_Seconds_0 PP0_Limit1_Power_Watts_0 DRAM_Limit1_Enable_0 DRAM_Limit1_Clamp_0 DRAM_Limit1_Time_Bits_0 DRAM_Limit1_Power_Bits_0 DRAM_Limit1_Mult_Bits_0 DRAM_Limit1_Mult_Float_0 DRAM_Limit1_Time_Seconds_0 DRAM_Limit1_Power_Watts_0 PKG_Watts_1 PP0_Watts_1 DRAM_Watts_1 PKG_Info_Max_Window_Sec_1 PKG_Info_Max_Window_Bits_1 PKG_Info_Max_Power_Watts_1 PKG_Info_Max_Power_Bits_1 PKG_Info_Min_Power_Watts_1 PKG_Info_Min_Power_Bits_1 PKG_Info_Thermal_Spec_Watts_1 PKG_Info_Thermal_Spec_Bits_1 DRAM_Info_Max_Window_Sec_1 DRAM_Info_Max_Window_Bits_1 DRAM_Info_Max_Power_Watts_1 DRAM_Info_Max_Power_Bits_1 DRAM_Info_Min_Power_Watts_1 DRAM_Info_Min_Power_Bits_1 DRAM_Info_Thermal_Spec_Watts_1 DRAM_Info_Thermal_Spec_Bits_1 Units_Power_Bits_1 Units_Energy_Bits_1 Units_Time_Bits_1 Units_Power_Watts_1 Units_Energy_Joules_1 Units_Time_Seconds_1 PKG_Limit2_Enable_1 PKG_Limit2_Clamp_1 PKG_Limit2_Time_Bits_1 PKG_Limit2_Power_Bits_1 PK0_Limit1_Time_Bits_0 PP0_Limit1_Power_Bits_0 PP0_Limit1_Mult_Bits_0 PP0_Limit1_Mult_Float_0 PP0_Limit1_Time_Seconds_0 PP0_Limit1_Power_Watts_0 DRAM_Limit1_Enable_0 DRAM_Limit1_Clamp_0 DRAM_Limit1_Time_Bits_0 DRAM_Limit1_Power_Bits_0 DRAM_Limit1_Mult_Bits_0 DRAM_Limit1_Mult_Float_0 DRAM_Limit1_Time_Seconds_0 DRAM_Limit1_Power_Watts_0 PKG_Watts_1 PP0_Watts_1 DRAM_Watts_1 PKG_Info_Max_Window_Sec_1 PKG_Info_Max_Window_Bits_1 PKG_Info_Max_Power_Watts_1 PKG_Info_Max_Power_Bits_1 PKG_Info_Min_Power_Watts_1 PKG_Info_Min_Power_Bits_1 PKG_Info_Thermal_Spec_Watts_1 PKG_Info_Thermal_Spec_Bits_1 DRAM_Info_Max_Window_Sec_1 DRAM_Info_Max_Window_Bits_1 DRAM_Info_Max_Power_Watts_1 DRAM_Info_Max_Power_Bits_1 DRAM_Info_Min_Power_Watts_1 DRAM_Info_Min_Power_Bits_1 DRAM_Info_Thermal_Spec_Watts_1 DRAM_Info_Thermal_Spec_Bits_1 Units_Power_Bits_1 Units_Energy_Bits_1 Units_Time_Bits_1 Units_Power_Watts_1 Units_Energy_Joules_1 Units_Time_Seconds_1 PKG_Limit2_Enable_1 PKG_Limit2_Clamp_1 PKG_Limit2_Time_Bits_1 PKG_Limit2_Power_Bits_1 PKG_Limit2_Mult_Bits_1 PKG_Limit2_Mult_Float_1 PKG_Limit2_Time_Seconds_1 PKG_Limit2_Power_Watts_1 PKG_Limit1_Enable_1 PKG_Limit1_Clamp_1 PKG_Limit1_Time_Bits_1 PKG_Limit1_Power_Bits_1 PKG_Limit1_Mult_Bits_1 PKG_Limit1_Mult_Float_1 PKG_Limit1_Time_Seconds_1 PKG_Limit1_Power_Watts_1 PP0_Limit1_Enable_1 PP0_Limit1_Clamp_1 PP0_Limit1_Time_Bits_1 PP0_Limit1_Power_Bits_1 PP0_Limit1_Mult_Bits_1 PP0_Limit1_Mult_Float_1 PP0_Limit1_Time_Seconds_1 PP0_Limit1_Power_Watts_1 DRAM_Limit1_Enable_1 DRAM_Limit1_Clamp_1 DRAM_Limit1_Time_Bits_1 DRAM_Limit1_Power_Bits_1 DRAM_Limit1_Mult_Bits_1 DRAM_Limit1_Mult_Float_1 DRAM_Limit1_Time_Seconds_1 DRAM_Limit1_Power_Watts_1 
G_Limit2_Mult_Bits_1 PKG_Limit2_Mult_Float_1 PKG_Limit2_Time_Seconds_1 PKG_Limit2_Power_Watts_1 PKG_Limit1_Enable_1 PKG_Limit1_Clamp_1 PKG_Limit1_Time_Bits_1 PKG_Limit1_Power_Bits_1 PKG_Limit1_Mult_Bits_1 PKG_Limit1_Mult_Float_1 PKG_Limit1_Time_Seconds_1 PKG_Limit1_Power_Watts_1 PP0_Limit1_Enable_1 PP0_Limit1_Clamp_1 PP0_Limit1_Time_Bits_1 PP0_Limit1_Power_Bits_1 PP0_Limit1_Mult_Bits_1 PP0_Limit1_Mult_Float_1 PP0_Limit1_Time_Seconds_1 PP0_Limit1_Power_Watts_1 DRAM_Limit1_Enable_1 DRAM_Limit1_Clamp_1 DRAM_Limit1_Time_Bits_1 DRAM_Limit1_Power_Bits_1 DRAM_Limit1_Mult_Bits_1 DRAM_Limit1_Mult_Float_1 DRAM_Limit1_Time_Seconds_1 DRAM_Limit1_Power_Watts_1 
G_Limit2_Mult_Bits_1 PKG_Limit2_Mult_Float_1 PKG_Limit2_Time_Seconds_1 PKG_Limit2_Power_Watts_1 PKG_Limit1_Enable_1 PKG_Limit1_Clamp_1 PKG_Limit1_Time_Bits_1 PKG_Limit1_Power_Bits_1 PKG_Limit1_Mult_Bits_1 PKG_Limit1_Mult_Float_1 PKG_Limit1_Time_Seconds_1 PKG_Limit1_Power_Watts_1 PP0_Limit1_Enable_1 PP0_Limit1_Clamp_1 PP0_Limit1_Time_Bits_1 PP0_Limit1_Power_Bits_1 PP0_Limit1_Mult_Bits_1 PP0_Limit1_Mult_Float_1 PP0_Limit1_Time_Seconds_1 PP0_Limit1_Power_Watts_1 DRAM_Limit1_Enable_1 DRAM_Limit1_Clamp_1 DRAM_Limit1_Time_Bits_1 DRAM_Limit1_Power_Bits_1 DRAM_Limit1_Mult_Bits_1 DRAM_Limit1_Mult_Float_1 DRAM_Limit1_Time_Seconds_1 DRAM_Limit1_Power_Watts_1 
0_Limit1_Time_Bits_0 PP0_Limit1_Power_Bits_0 PP0_Limit1_Mult_Bits_0 PP0_Limit1_Mult_Float_0 PP0_Limit1_Time_Seconds_0 PP0_Limit1_Power_Watts_0 DRAM_Limit1_Enable_0 DRAM_Limit1_Clamp_0 DRAM_Limit1_Time_Bits_0 DRAM_Limit1_Power_Bits_0 DRAM_Limit1_Mult_Bits_0 DRAM_Limit1_Mult_Float_0 DRAM_Limit1_Time_Seconds_0 DRAM_Limit1_Power_Watts_0 PKG_Watts_1 PP0_Watts_1 DRAM_Watts_1 PKG_Info_Max_Window_Sec_1 PKG_Info_Max_Window_Bits_1 PKG_Info_Max_Power_Watts_1 PKG_Info_Max_Power_Bits_1 PKG_Info_Min_Power_Watts_1 PKG_Info_Min_Power_Bits_1 PKG_Info_Thermal_Spec_Watts_1 PKG_Info_Thermal_Spec_Bits_1 DRAM_Info_Max_Window_Sec_1 DRAM_Info_Max_Window_Bits_1 DRAM_Info_Max_Power_Watts_1 DRAM_Info_Max_Power_Bits_1 DRAM_Info_Min_Power_Watts_1 DRAM_Info_Min_Power_Bits_1 DRAM_Info_Thermal_Spec_Watts_1 DRAM_Info_Thermal_Spec_Bits_1 Units_Power_Bits_1 Units_Energy_Bits_1 Units_Time_Bits_1 Units_Power_Watts_1 Units_Energy_Joules_1 Units_Time_Seconds_1 PKG_Limit2_Enable_1 PKG_Limit2_Clamp_1 PKG_Limit2_Time_Bits_1 PKG_Limit2_Power_Bits_1 PK0_Limit1_Time_Bits_0 PP0_Limit1_Power_Bits_0 PP0_Limit1_Mult_Bits_0 PP0_Limit1_Mult_Float_0 PP0_Limit1_Time_Seconds_0 PP0_Limit1_Power_Watts_0 DRAM_Limit1_Enable_0 DRAM_Limit1_Clamp_0 DRAM_Limit1_Time_Bits_0 DRAM_Limit1_Power_Bits_0 DRAM_Limit1_Mult_Bits_0 DRAM_Limit1_Mult_Float_0 DRAM_Limit1_Time_Seconds_0 DRAM_Limit1_Power_Watts_0 PKG_Watts_1 PP0_Watts_1 DRAM_Watts_1 PKG_Info_Max_Window_Sec_1 PKG_Info_Max_Window_Bits_1 PKG_Info_Max_Power_Watts_1 PKG_Info_Max_Power_Bits_1 PKG_Info_Min_Power_Watts_1 PKG_Info_Min_Power_Bits_1 PKG_Info_Thermal_Spec_Watts_1 PKG_Info_Thermal_Spec_Bits_1 DRAM_Info_Max_Window_Sec_1 DRAM_Info_Max_Window_Bits_1 DRAM_Info_Max_Power_Watts_1 DRAM_Info_Max_Power_Bits_1 DRAM_Info_Min_Power_Watts_1 DRAM_Info_Min_Power_Bits_1 DRAM_Info_Thermal_Spec_Watts_1 DRAM_Info_Thermal_Spec_Bits_1 Units_Power_Bits_1 Units_Energy_Bits_1 Units_Time_Bits_1 Units_Power_Watts_1 Units_Energy_Joules_1 Units_Time_Seconds_1 PKG_Limit2_Enable_1 PKG_Limit2_Clamp_1 PKG_Limit2_Time_Bits_1 PKG_Limit2_Power_Bits_1 PKG_Limit2_Mult_Bits_1 PKG_Limit2_Mult_Float_1 PKG_Limit2_Time_Seconds_1 PKG_Limit2_Power_Watts_1 PKG_Limit1_Enable_1 PKG_Limit1_Clamp_1 PKG_Limit1_Time_Bits_1 PKG_Limit1_Power_Bits_1 PKG_Limit1_Mult_Bits_1 PKG_Limit1_Mult_Float_1 PKG_Limit1_Time_Seconds_1 PKG_Limit1_Power_Watts_1 PP0_Limit1_Enable_1 PP0_Limit1_Clamp_1 PP0_Limit1_Time_Bits_1 PP0_Limit1_Power_Bits_1 PP0_Limit1_Mult_Bits_1 PP0_Limit1_Mult_Float_1 PP0_Limit1_Time_Seconds_1 PP0_Limit1_Power_Watts_1 DRAM_Limit1_Enable_1 DRAM_Limit1_Clamp_1 DRAM_Limit1_Time_Bits_1 DRAM_Limit1_Power_Bits_1 DRAM_Limit1_Mult_Bits_1 DRAM_Limit1_Mult_Float_1 DRAM_Limit1_Time_Seconds_1 DRAM_Limit1_Power_Watts_1 
G_Limit2_Mult_Bits_1 PKG_Limit2_Mult_Float_1 PKG_Limit2_Time_Seconds_1 PKG_Limit2_Power_Watts_1 PKG_Limit1_Enable_1 PKG_Limit1_Clamp_1 PKG_Limit1_Time_Bits_1 PKG_Limit1_Power_Bits_1 PKG_Limit1_Mult_Bits_1 PKG_Limit1_Mult_Float_1 PKG_Limit1_Time_Seconds_1 PKG_Limit1_Power_Watts_1 PP0_Limit1_Enable_1 PP0_Limit1_Clamp_1 PP0_Limit1_Time_Bits_1 PP0_Limit1_Power_Bits_1 PP0_Limit1_Mult_Bits_1 PP0_Limit1_Mult_Float_1 PP0_Limit1_Time_Seconds_1 PP0_Limit1_Power_Watts_1 DRAM_Limit1_Enable_1 DRAM_Limit1_Clamp_1 DRAM_Limit1_Time_Bits_1 DRAM_Limit1_Power_Bits_1 DRAM_Limit1_Mult_Bits_1 DRAM_Limit1_Mult_Float_1 DRAM_Limit1_Time_Seconds_1 DRAM_Limit1_Power_Watts_1 
G_Limit2_Mult_Bits_1 PKG_Limit2_Mult_Float_1 PKG_Limit2_Time_Seconds_1 PKG_Limit2_Power_Watts_1 PKG_Limit1_Enable_1 PKG_Limit1_Clamp_1 PKG_Limit1_Time_Bits_1 PKG_Limit1_Power_Bits_1 PKG_Limit1_Mult_Bits_1 PKG_Limit1_Mult_Float_1 PKG_Limit1_Time_Seconds_1 PKG_Limit1_Power_Watts_1 PP0_Limit1_Enable_1 PP0_Limit1_Clamp_1 PP0_Limit1_Time_Bits_1 PP0_Limit1_Power_Bits_1 PP0_Limit1_Mult_Bits_1 PP0_Limit1_Mult_Float_1 PP0_Limit1_Time_Seconds_1 PP0_Limit1_Power_Watts_1 DRAM_Limit1_Enable_1 DRAM_Limit1_Clamp_1 DRAM_Limit1_Time_Bits_1 DRAM_Limit1_Power_Bits_1 DRAM_Limit1_Mult_Bits_1 DRAM_Limit1_Mult_Float_1 DRAM_Limit1_Time_Seconds_1 DRAM_Limit1_Power_Watts_1 
0_Limit1_Time_Bits_0 PP0_Limit1_Power_Bits_0 PP0_Limit1_Mult_Bits_0 PP0_Limit1_Mult_Float_0 PP0_Limit1_Time_Seconds_0 PP0_Limit1_Power_Watts_0 DRAM_Limit1_Enable_0 DRAM_Limit1_Clamp_0 DRAM_Limit1_Time_Bits_0 DRAM_Limit1_Power_Bits_0 DRAM_Limit1_Mult_Bits_0 DRAM_Limit1_Mult_Float_0 DRAM_Limit1_Time_Seconds_0 DRAM_Limit1_Power_Watts_0 PKG_Watts_1 PP0_Watts_1 DRAM_Watts_1 PKG_Info_Max_Window_Sec_1 PKG_Info_Max_Window_Bits_1 PKG_Info_Max_Power_Watts_1 PKG_Info_Max_Power_Bits_1 PKG_Info_Min_Power_Watts_1 PKG_Info_Min_Power_Bits_1 PKG_Info_Thermal_Spec_Watts_1 PKG_Info_Thermal_Spec_Bits_1 DRAM_Info_Max_Window_Sec_1 DRAM_Info_Max_Window_Bits_1 DRAM_Info_Max_Power_Watts_1 DRAM_Info_Max_Power_Bits_1 DRAM_Info_Min_Power_Watts_1 DRAM_Info_Min_Power_Bits_1 DRAM_Info_Thermal_Spec_Watts_1 DRAM_Info_Thermal_Spec_Bits_1 Units_Power_Bits_1 Units_Energy_Bits_1 Units_Time_Bits_1 Units_Power_Watts_1 Units_Energy_Joules_1 Units_Time_Seconds_1 PKG_Limit2_Enable_1 PKG_Limit2_Clamp_1 PKG_Limit2_Time_Bits_1 PKG_Limit2_Power_Bits_1 PK0_Limit1_Time_Bits_0 PP0_Limit1_Power_Bits_0 PP0_Limit1_Mult_Bits_0 PP0_Limit1_Mult_Float_0 PP0_Limit1_Time_Seconds_0 PP0_Limit1_Power_Watts_0 DRAM_Limit1_Enable_0 DRAM_Limit1_Clamp_0 DRAM_Limit1_Time_Bits_0 DRAM_Limit1_Power_Bits_0 DRAM_Limit1_Mult_Bits_0 DRAM_Limit1_Mult_Float_0 DRAM_Limit1_Time_Seconds_0 DRAM_Limit1_Power_Watts_0 PKG_Watts_1 PP0_Watts_1 DRAM_Watts_1 PKG_Info_Max_Window_Sec_1 PKG_Info_Max_Window_Bits_1 PKG_Info_Max_Power_Watts_1 PKG_Info_Max_Power_Bits_1 PKG_Info_Min_Power_Watts_1 PKG_Info_Min_Power_Bits_1 PKG_Info_Thermal_Spec_Watts_1 PKG_Info_Thermal_Spec_Bits_1 DRAM_Info_Max_Window_Sec_1 DRAM_Info_Max_Window_Bits_1 DRAM_Info_Max_Power_Watts_1 DRAM_Info_Max_Power_Bits_1 DRAM_Info_Min_Power_Watts_1 DRAM_Info_Min_Power_Bits_1 DRAM_Info_Thermal_Spec_Watts_1 DRAM_Info_Thermal_Spec_Bits_1 Units_Power_Bits_1 Units_Energy_Bits_1 Units_Time_Bits_1 Units_Power_Watts_1 Units_Energy_Joules_1 Units_Time_Seconds_1 PKG_Limit2_Enable_1 PKG_Limit2_Clamp_1 PKG_Limit2_Time_Bits_1 PKG_Limit2_Power_Bits_1 PKG_Limit2_Mult_Bits_1 PKG_Limit2_Mult_Float_1 PKG_Limit2_Time_Seconds_1 PKG_Limit2_Power_Watts_1 PKG_Limit1_Enable_1 PKG_Limit1_Clamp_1 PKG_Limit1_Time_Bits_1 PKG_Limit1_Power_Bits_1 PKG_Limit1_Mult_Bits_1 PKG_Limit1_Mult_Float_1 PKG_Limit1_Time_Seconds_1 PKG_Limit1_Power_Watts_1 PP0_Limit1_Enable_1 PP0_Limit1_Clamp_1 PP0_Limit1_Time_Bits_1 PP0_Limit1_Power_Bits_1 PP0_Limit1_Mult_Bits_1 PP0_Limit1_Mult_Float_1 PP0_Limit1_Time_Seconds_1 PP0_Limit1_Power_Watts_1 DRAM_Limit1_Enable_1 DRAM_Limit1_Clamp_1 DRAM_Limit1_Time_Bits_1 DRAM_Limit1_Power_Bits_1 DRAM_Limit1_Mult_Bits_1 DRAM_Limit1_Mult_Float_1 DRAM_Limit1_Time_Seconds_1 DRAM_Limit1_Power_Watts_1 
ZZZ 2.916292 44.342300 31.299702 3.793381 0.045898 47 180.000000 1440 51.000000 408 115.000000 920 0.039062 40 75.000000 600 15.000000 120 35.000000 280 3 16 10 0.125000 0.000015 0.000977 0 0 0 0 0 1.000000 0.000000 0.000000 1 1 1 408 0 1.000000 0.000977 51.000000 0 0 0 0 0 1.000000 0.000000 0.000000 0 0 0 0 0 1.000000 0.000000 0.000000 43.733486 30.512278 1.706370 0.045898 47 180.000000 1440 51.000000 408 115.000000 920 0.039062 40 75.000000 600 15.000000 120 35.000000 280 3 16 10 0.125000 0.000015 0.000977 0 0 0 0 0 1.000000 0.000000 0.000000 1 1 1 408 0 1.000000 0.000977 51.000000 0 0 0 0 0 1.000000 0.000000 0.000000 0 0 0 0 0 1.000000 0.000000 0.000000 
ZZZ 2.916291 45.722454 32.639317 6.101154 0.045898 47 180.000000 1440 51.000000 408 115.000000 920 0.039062 40 75.000000 600 15.000000 120 35.000000 280 3 16 10 0.125000 0.000015 0.000977 0 0 0 0 0 1.000000 0.000000 0.000000 1 1 1 408 0 1.000000 0.000977 51.000000 0 0 0 0 0 1.000000 0.000000 0.000000 0 0 0 0 0 1.000000 0.000000 0.000000 43.324562 30.128199 2.990461 0.045898 47 180.000000 1440 51.000000 408 115.000000 920 0.039062 40 75.000000 600 15.000000 120 35.000000 280 3 16 10 0.125000 0.000015 0.000977 0 0 0 0 0 1.000000 0.000000 0.000000 1 1 1 408 0 1.000000 0.000977 51.000000 0 0 0 0 0 1.000000 0.000000 0.000000 0 0 0 0 0 1.000000 0.000000 0.000000 
ZZZ 2.916295 44.246519 30.944168 3.745481 0.045898 47 180.000000 1440 51.000000 408 115.000000 920 0.039062 40 75.000000 600 15.000000 120 35.000000 280 3 16 10 0.125000 0.000015 0.000977 0 0 0 0 0 1.000000 0.000000 0.000000 1 1 1 408 0 1.000000 0.000977 51.000000 0 0 0 0 0 1.000000 0.000000 0.000000 0 0 0 0 0 1.000000 0.000000 0.000000 43.749549 30.570931 1.591703 0.045898 47 180.000000 1440 51.000000 408 115.000000 920 0.039062 40 75.000000 600 15.000000 120 35.000000 280 3 16 10 0.125000 0.000015 0.000977 0 0 0 0 0 1.000000 0.000000 0.000000 1 1 1 408 0 1.000000 0.000977 51.000000 0 0 0 0 0 1.000000 0.000000 0.000000 0 0 0 0 0 1.000000 0.000000 0.000000 
G_Limit2_Mult_Bits_1 PKG_Limit2_Mult_Float_1 PKG_Limit2_Time_Seconds_1 PKG_Limit2_Power_Watts_1 PKG_Limit1_Enable_1 PKG_Limit1_Clamp_1 PKG_Limit1_Time_Bits_1 PKG_Limit1_Power_Bits_1 PKG_Limit1_Mult_Bits_1 PKG_Limit1_Mult_Float_1 PKG_Limit1_Time_Seconds_1 PKG_Limit1_Power_Watts_1 PP0_Limit1_Enable_1 PP0_Limit1_Clamp_1 PP0_Limit1_Time_Bits_1 PP0_Limit1_Power_Bits_1 PP0_Limit1_Mult_Bits_1 PP0_Limit1_Mult_Float_1 PP0_Limit1_Time_Seconds_1 PP0_Limit1_Power_Watts_1 DRAM_Limit1_Enable_1 DRAM_Limit1_Clamp_1 DRAM_Limit1_Time_Bits_1 DRAM_Limit1_Power_Bits_1 DRAM_Limit1_Mult_Bits_1 DRAM_Limit1_Mult_Float_1 DRAM_Limit1_Time_Seconds_1 DRAM_Limit1_Power_Watts_1 
ZZZ 2.916287 43.970368 30.870809 4.960335 0.045898 47 180.000000 1440 51.000000 408 115.000000 920 0.039062 40 75.000000 600 15.000000 120 35.000000 280 3 16 10 0.125000 0.000015 0.000977 0 0 0 0 0 1.000000 0.000000 0.000000 1 1 1 408 0 1.000000 0.000977 51.000000 0 0 0 0 0 1.000000 0.000000 0.000000 0 0 0 0 0 1.000000 0.000000 0.000000 43.796227 30.701775 3.035211 0.045898 47 180.000000 1440 51.000000 408 115.000000 920 0.039062 40 75.000000 600 15.000000 120 35.000000 280 3 16 10 0.125000 0.000015 0.000977 0 0 0 0 0 1.000000 0.000000 0.000000 1 1 1 408 0 1.000000 0.000977 51.000000 0 0 0 0 0 1.000000 0.000000 0.000000 0 0 0 0 0 1.000000 0.000000 0.000000 
ZZZ 2.916290 45.022497 31.956120 6.111934 0.045898 47 180.000000 1440 51.000000 408 115.000000 920 0.039062 40 75.000000 600 15.000000 120 35.000000 280 3 16 10 0.125000 0.000015 0.000977 0 0 0 0 0 1.000000 0.000000 0.000000 1 1 1 408 0 1.000000 0.000977 51.000000 0 0 0 0 0 1.000000 0.000000 0.000000 0 0 0 0 0 1.000000 0.000000 0.000000 43.834361 30.701371 3.530211 0.045898 47 180.000000 1440 51.000000 408 115.000000 920 0.039062 40 75.000000 600 15.000000 120 35.000000 280 3 16 10 0.125000 0.000015 0.000977 0 0 0 0 0 1.000000 0.000000 0.000000 1 1 1 408 0 1.000000 0.000977 51.000000 0 0 0 0 0 1.000000 0.000000 0.000000 0 0 0 0 0 1.000000 0.000000 0.000000 
ZZZ 2.916291 43.206585 29.919725 3.790662 0.045898 47 180.000000 1440 51.000000 408 115.000000 920 0.039062 40 75.000000 600 15.000000 120 35.000000 280 3 16 10 0.125000 0.000015 0.000977 0 0 0 0 0 1.000000 0.000000 0.000000 1 1 1 408 0 1.000000 0.000977 51.000000 0 0 0 0 0 1.000000 0.000000 0.000000 0 0 0 0 0 1.000000 0.000000 0.000000 43.882436 30.718617 1.967120 0.045898 47 180.000000 1440 51.000000 408 115.000000 920 0.039062 40 75.000000 600 15.000000 120 35.000000 280 3 16 10 0.125000 0.000015 0.000977 0 0 0 0 0 1.000000 0.000000 0.000000 1 1 1 408 0 1.000000 0.000977 51.000000 0 0 0 0 0 1.000000 0.000000 0.000000 0 0 0 0 0 1.000000 0.000000 0.000000 
G_Limit2_Mult_Bits_1 PKG_Limit2_Mult_Float_1 PKG_Limit2_Time_Seconds_1 PKG_Limit2_Power_Watts_1 PKG_Limit1_Enable_1 PKG_Limit1_Clamp_1 PKG_Limit1_Time_Bits_1 PKG_Limit1_Power_Bits_1 PKG_Limit1_Mult_Bits_1 PKG_Limit1_Mult_Float_1 PKG_Limit1_Time_Seconds_1 PKG_Limit1_Power_Watts_1 PP0_Limit1_Enable_1 PP0_Limit1_Clamp_1 PP0_Limit1_Time_Bits_1 PP0_Limit1_Power_Bits_1 PP0_Limit1_Mult_Bits_1 PP0_Limit1_Mult_Float_1 PP0_Limit1_Time_Seconds_1 PP0_Limit1_Power_Watts_1 DRAM_Limit1_Enable_1 DRAM_Limit1_Clamp_1 DRAM_Limit1_Time_Bits_1 DRAM_Limit1_Power_Bits_1 DRAM_Limit1_Mult_Bits_1 DRAM_Limit1_Mult_Float_1 DRAM_Limit1_Time_Seconds_1 DRAM_Limit1_Power_Watts_1 
ZZZ 2.916287 44.557302 31.392356 6.114756 0.045898 47 180.000000 1440 51.000000 408 115.000000 920 0.039062 40 75.000000 600 15.000000 120 35.000000 280 3 16 10 0.125000 0.000015 0.000977 0 0 0 0 0 1.000000 0.000000 0.000000 1 1 1 408 0 1.000000 0.000977 51.000000 0 0 0 0 0 1.000000 0.000000 0.000000 0 0 0 0 0 1.000000 0.000000 0.000000 44.493945 31.286434 3.251273 0.045898 47 180.000000 1440 51.000000 408 115.000000 920 0.039062 40 75.000000 600 15.000000 120 35.000000 280 3 16 10 0.125000 0.000015 0.000977 0 0 0 0 0 1.000000 0.000000 0.000000 1 1 1 408 0 1.000000 0.000977 51.000000 0 0 0 0 0 1.000000 0.000000 0.000000 0 0 0 0 0 1.000000 0.000000 0.000000 
G_Limit2_Mult_Bits_1 PKG_Limit2_Mult_Float_1 PKG_Limit2_Time_Seconds_1 PKG_Limit2_Power_Watts_1 PKG_Limit1_Enable_1 PKG_Limit1_Clamp_1 PKG_Limit1_Time_Bits_1 PKG_Limit1_Power_Bits_1 PKG_Limit1_Mult_Bits_1 PKG_Limit1_Mult_Float_1 PKG_Limit1_Time_Seconds_1 PKG_Limit1_Power_Watts_1 PP0_Limit1_Enable_1 PP0_Limit1_Clamp_1 PP0_Limit1_Time_Bits_1 PP0_Limit1_Power_Bits_1 PP0_Limit1_Mult_Bits_1 PP0_Limit1_Mult_Float_1 PP0_Limit1_Time_Seconds_1 PP0_Limit1_Power_Watts_1 DRAM_Limit1_Enable_1 DRAM_Limit1_Clamp_1 DRAM_Limit1_Time_Bits_1 DRAM_Limit1_Power_Bits_1 DRAM_Limit1_Mult_Bits_1 DRAM_Limit1_Mult_Float_1 DRAM_Limit1_Time_Seconds_1 DRAM_Limit1_Power_Watts_1 
ZZZ 2.916295 45.264412 32.123131 6.121352 0.045898 47 180.000000 1440 51.000000 408 115.000000 920 0.039062 40 75.000000 600 15.000000 120 35.000000 280 3 16 10 0.125000 0.000015 0.000977 0 0 0 0 0 1.000000 0.000000 0.000000 1 1 1 408 0 1.000000 0.000977 51.000000 0 0 0 0 0 1.000000 0.000000 0.000000 0 0 0 0 0 1.000000 0.000000 0.000000 45.213308 31.982430 3.098696 0.045898 47 180.000000 1440 51.000000 408 115.000000 920 0.039062 40 75.000000 600 15.000000 120 35.000000 280 3 16 10 0.125000 0.000015 0.000977 0 0 0 0 0 1.000000 0.000000 0.000000 1 1 1 408 0 1.000000 0.000977 51.000000 0 0 0 0 0 1.000000 0.000000 0.000000 0 0 0 0 0 1.000000 0.000000 0.000000 
ZZZ 2.916294 42.937565 29.777009 2.654039 0.045898 47 180.000000 1440 51.000000 408 115.000000 920 0.039062 40 75.000000 600 15.000000 120 35.000000 280 3 16 10 0.125000 0.000015 0.000977 0 0 0 0 0 1.000000 0.000000 0.000000 1 1 1 408 0 1.000000 0.000977 51.000000 0 0 0 0 0 1.000000 0.000000 0.000000 0 0 0 0 0 1.000000 0.000000 0.000000 43.600947 30.423721 1.591751 0.045898 47 180.000000 1440 51.000000 408 115.000000 920 0.039062 40 75.000000 600 15.000000 120 35.000000 280 3 16 10 0.125000 0.000015 0.000977 0 0 0 0 0 1.000000 0.000000 0.000000 1 1 1 408 0 1.000000 0.000977 51.000000 0 0 0 0 0 1.000000 0.000000 0.000000 0 0 0 0 0 1.000000 0.000000 0.000000 
ZZZ 2.916214 44.220122 31.007352 4.992403 0.045898 47 180.000000 1440 51.000000 408 115.000000 920 0.039062 40 75.000000 600 15.000000 120 35.000000 280 3 16 10 0.125000 0.000015 0.000977 0 0 0 0 0 1.000000 0.000000 0.000000 1 1 1 408 0 1.000000 0.000977 51.000000 0 0 0 0 0 1.000000 0.000000 0.000000 0 0 0 0 0 1.000000 0.000000 0.000000 44.789307 31.714573 3.633486 0.045898 47 180.000000 1440 51.000000 408 115.000000 920 0.039062 40 75.000000 600 15.000000 120 35.000000 280 3 16 10 0.125000 0.000015 0.000977 0 0 0 0 0 1.000000 0.000000 0.000000 1 1 1 408 0 1.000000 0.000977 51.000000 0 0 0 0 0 1.000000 0.000000 0.000000 0 0 0 0 0 1.000000 0.000000 0.000000 
G_Limit2_Mult_Bits_1 PKG_Limit2_Mult_Float_1 PKG_Limit2_Time_Seconds_1 PKG_Limit2_Power_Watts_1 PKG_Limit1_Enable_1 PKG_Limit1_Clamp_1 PKG_Limit1_Time_Bits_1 PKG_Limit1_Power_Bits_1 PKG_Limit1_Mult_Bits_1 PKG_Limit1_Mult_Float_1 PKG_Limit1_Time_Seconds_1 PKG_Limit1_Power_Watts_1 PP0_Limit1_Enable_1 PP0_Limit1_Clamp_1 PP0_Limit1_Time_Bits_1 PP0_Limit1_Power_Bits_1 PP0_Limit1_Mult_Bits_1 PP0_Limit1_Mult_Float_1 PP0_Limit1_Time_Seconds_1 PP0_Limit1_Power_Watts_1 DRAM_Limit1_Enable_1 DRAM_Limit1_Clamp_1 DRAM_Limit1_Time_Bits_1 DRAM_Limit1_Power_Bits_1 DRAM_Limit1_Mult_Bits_1 DRAM_Limit1_Mult_Float_1 DRAM_Limit1_Time_Seconds_1 DRAM_Limit1_Power_Watts_1 
G_Limit2_Mult_Bits_1 PKG_Limit2_Mult_Float_1 PKG_Limit2_Time_Seconds_1 PKG_Limit2_Power_Watts_1 PKG_Limit1_Enable_1 PKG_Limit1_Clamp_1 PKG_Limit1_Time_Bits_1 PKG_Limit1_Power_Bits_1 PKG_Limit1_Mult_Bits_1 PKG_Limit1_Mult_Float_1 PKG_Limit1_Time_Seconds_1 PKG_Limit1_Power_Watts_1 PP0_Limit1_Enable_1 PP0_Limit1_Clamp_1 PP0_Limit1_Time_Bits_1 PP0_Limit1_Power_Bits_1 PP0_Limit1_Mult_Bits_1 PP0_Limit1_Mult_Float_1 PP0_Limit1_Time_Seconds_1 PP0_Limit1_Power_Watts_1 DRAM_Limit1_Enable_1 DRAM_Limit1_Clamp_1 DRAM_Limit1_Time_Bits_1 DRAM_Limit1_Power_Bits_1 DRAM_Limit1_Mult_Bits_1 DRAM_Limit1_Mult_Float_1 DRAM_Limit1_Time_Seconds_1 DRAM_Limit1_Power_Watts_1 
G_Limit2_Mult_Bits_1 PKG_Limit2_Mult_Float_1 PKG_Limit2_Time_Seconds_1 PKG_Limit2_Power_Watts_1 PKG_Limit1_Enable_1 PKG_Limit1_Clamp_1 PKG_Limit1_Time_Bits_1 PKG_Limit1_Power_Bits_1 PKG_Limit1_Mult_Bits_1 PKG_Limit1_Mult_Float_1 PKG_Limit1_Time_Seconds_1 PKG_Limit1_Power_Watts_1 PP0_Limit1_Enable_1 PP0_Limit1_Clamp_1 PP0_Limit1_Time_Bits_1 PP0_Limit1_Power_Bits_1 PP0_Limit1_Mult_Bits_1 PP0_Limit1_Mult_Float_1 PP0_Limit1_Time_Seconds_1 PP0_Limit1_Power_Watts_1 DRAM_Limit1_Enable_1 DRAM_Limit1_Clamp_1 DRAM_Limit1_Time_Bits_1 DRAM_Limit1_Power_Bits_1 DRAM_Limit1_Mult_Bits_1 DRAM_Limit1_Mult_Float_1 DRAM_Limit1_Time_Seconds_1 DRAM_Limit1_Power_Watts_1 
G_Limit2_Mult_Bits_1 PKG_Limit2_Mult_Float_1 PKG_Limit2_Time_Seconds_1 PKG_Limit2_Power_Watts_1 PKG_Limit1_Enable_1 PKG_Limit1_Clamp_1 PKG_Limit1_Time_Bits_1 PKG_Limit1_Power_Bits_1 PKG_Limit1_Mult_Bits_1 PKG_Limit1_Mult_Float_1 PKG_Limit1_Time_Seconds_1 PKG_Limit1_Power_Watts_1 PP0_Limit1_Enable_1 PP0_Limit1_Clamp_1 PP0_Limit1_Time_Bits_1 PP0_Limit1_Power_Bits_1 PP0_Limit1_Mult_Bits_1 PP0_Limit1_Mult_Float_1 PP0_Limit1_Time_Seconds_1 PP0_Limit1_Power_Watts_1 DRAM_Limit1_Enable_1 DRAM_Limit1_Clamp_1 DRAM_Limit1_Time_Bits_1 DRAM_Limit1_Power_Bits_1 DRAM_Limit1_Mult_Bits_1 DRAM_Limit1_Mult_Float_1 DRAM_Limit1_Time_Seconds_1 DRAM_Limit1_Power_Watts_1 
G_Limit2_Mult_Bits_1 PKG_Limit2_Mult_Float_1 PKG_Limit2_Time_Seconds_1 PKG_Limit2_Power_Watts_1 PKG_Limit1_Enable_1 PKG_Limit1_Clamp_1 PKG_Limit1_Time_Bits_1 PKG_Limit1_Power_Bits_1 PKG_Limit1_Mult_Bits_1 PKG_Limit1_Mult_Float_1 PKG_Limit1_Time_Seconds_1 PKG_Limit1_Power_Watts_1 PP0_Limit1_Enable_1 PP0_Limit1_Clamp_1 PP0_Limit1_Time_Bits_1 PP0_Limit1_Power_Bits_1 PP0_Limit1_Mult_Bits_1 PP0_Limit1_Mult_Float_1 PP0_Limit1_Time_Seconds_1 PP0_Limit1_Power_Watts_1 DRAM_Limit1_Enable_1 DRAM_Limit1_Clamp_1 DRAM_Limit1_Time_Bits_1 DRAM_Limit1_Power_Bits_1 DRAM_Limit1_Mult_Bits_1 DRAM_Limit1_Mult_Float_1 DRAM_Limit1_Time_Seconds_1 DRAM_Limit1_Power_Watts_1 
ZZZ 2.916298 44.085736 30.823137 6.102045 0.045898 47 180.000000 1440 51.000000 408 115.000000 920 0.039062 40 75.000000 600 15.000000 120 35.000000 280 3 16 10 0.125000 0.000015 0.000977 0 0 0 0 0 1.000000 0.000000 0.000000 1 1 1 408 0 1.000000 0.000977 51.000000 0 0 0 0 0 1.000000 0.000000 0.000000 0 0 0 0 0 1.000000 0.000000 0.000000 42.840110 29.707057 2.610117 0.045898 47 180.000000 1440 51.000000 408 115.000000 920 0.039062 40 75.000000 600 15.000000 120 35.000000 280 3 16 10 0.125000 0.000015 0.000977 0 0 0 0 0 1.000000 0.000000 0.000000 1 1 1 408 0 1.000000 0.000977 51.000000 0 0 0 0 0 1.000000 0.000000 0.000000 0 0 0 0 0 1.000000 0.000000 0.000000 
ZZZ 2.916292 43.543623 30.301560 6.071527 0.045898 47 180.000000 1440 51.000000 408 115.000000 920 0.039062 40 75.000000 600 15.000000 120 35.000000 280 3 16 10 0.125000 0.000015 0.000977 0 0 0 0 0 1.000000 0.000000 0.000000 1 1 1 408 0 1.000000 0.000977 51.000000 0 0 0 0 0 1.000000 0.000000 0.000000 0 0 0 0 0 1.000000 0.000000 0.000000 43.830397 30.737574 2.927076 0.045898 47 180.000000 1440 51.000000 408 115.000000 920 0.039062 40 75.000000 600 15.000000 120 35.000000 280 3 16 10 0.125000 0.000015 0.000977 0 0 0 0 0 1.000000 0.000000 0.000000 1 1 1 408 0 1.000000 0.000977 51.000000 0 0 0 0 0 1.000000 0.000000 0.000000 0 0 0 0 0 1.000000 0.000000 0.000000 
ZZZ 2.916294 44.757578 31.694975 6.044273 0.045898 47 180.000000 1440 51.000000 408 115.000000 920 0.039062 40 75.000000 600 15.000000 120 35.000000 280 3 16 10 0.125000 0.000015 0.000977 0 0 0 0 0 1.000000 0.000000 0.000000 1 1 1 408 0 1.000000 0.000977 51.000000 0 0 0 0 0 1.000000 0.000000 0.000000 0 0 0 0 0 1.000000 0.000000 0.000000 44.075093 30.893855 3.041477 0.045898 47 180.000000 1440 51.000000 408 115.000000 920 0.039062 40 75.000000 600 15.000000 120 35.000000 280 3 16 10 0.125000 0.000015 0.000977 0 0 0 0 0 1.000000 0.000000 0.000000 1 1 1 408 0 1.000000 0.000977 51.000000 0 0 0 0 0 1.000000 0.000000 0.000000 0 0 0 0 0 1.000000 0.000000 0.000000 
ZZZ 2.916208 43.010584 29.695839 3.804400 0.045898 47 180.000000 1440 51.000000 408 115.000000 920 0.039062 40 75.000000 600 15.000000 120 35.000000 280 3 16 10 0.125000 0.000015 0.000977 0 0 0 0 0 1.000000 0.000000 0.000000 1 1 1 408 0 1.000000 0.000977 51.000000 0 0 0 0 0 1.000000 0.000000 0.000000 0 0 0 0 0 1.000000 0.000000 0.000000 44.450019 31.252548 1.879026 0.045898 47 180.000000 1440 51.000000 408 115.000000 920 0.039062 40 75.000000 600 15.000000 120 35.000000 280 3 16 10 0.125000 0.000015 0.000977 0 0 0 0 0 1.000000 0.000000 0.000000 1 1 1 408 0 1.000000 0.000977 51.000000 0 0 0 0 0 1.000000 0.000000 0.000000 0 0 0 0 0 1.000000 0.000000 0.000000 
ZZZ 2.916287 45.039764 31.688832 6.123117 0.045898 47 180.000000 1440 51.000000 408 115.000000 920 0.039062 40 75.000000 600 15.000000 120 35.000000 280 3 16 10 0.125000 0.000015 0.000977 0 0 0 0 0 1.000000 0.000000 0.000000 1 1 1 408 0 1.000000 0.000977 51.000000 0 0 0 0 0 1.000000 0.000000 0.000000 0 0 0 0 0 1.000000 0.000000 0.000000 44.943056 31.709196 3.182453 0.045898 47 180.000000 1440 51.000000 408 115.000000 920 0.039062 40 75.000000 600 15.000000 120 35.000000 280 3 16 10 0.125000 0.000015 0.000977 0 0 0 0 0 1.000000 0.000000 0.000000 1 1 1 408 0 1.000000 0.000977 51.000000 0 0 0 0 0 1.000000 0.000000 0.000000 0 0 0 0 0 1.000000 0.000000 0.000000 
