msr_core.c::79  pread returned -1.  cpu=1, msr=416 (0x1a0), val=274886623369 (0x4000850089).
: Illegal seek
msr_core.c::67  pwrite returned -1.  fd[1]=0, cpu=1, msr=416 (1a0), val=274886623369 (0x4000850089).  errno=29
: Illegal seek
slurmd[rzmerl140]: *** STEP 5680.0 CANCELLED AT 2012-04-13T09:46:31 DUE TO TIME LIMIT ***
msr_core.c::79  pread returned -1.  cpu=1, msr=416 (0x1a0), val=274886623369 (0x4000850089).
: Illegal seek
msr_core.c::67  pwrite returned -1.  fd[1]=0, cpu=1, msr=416 (1a0), val=274886623369 (0x4000850089).  errno=29
: Illegal seek
msr_core.c::79  pread returned -1.  cpu=1, msr=416 (0x1a0), val=274886623369 (0x4000850089).
: Illegal seek
msr_core.c::67  pwrite returned -1.  fd[1]=0, cpu=1, msr=416 (1a0), val=274886623369 (0x4000850089).  errno=29
: Illegal seek
msr_core.c::79  pread returned -1.  cpu=1, msr=416 (0x1a0), val=274886623369 (0x4000850089).
: Illegal seek
msr_core.c::67  pwrite returned -1.  fd[1]=0, cpu=1, msr=416 (1a0), val=274886623369 (0x4000850089).  errno=29
: Illegal seek
msr_core.c::67  pwrite returned -1.  fd[0]=11, socket=0, msr=409 (199), val=4294973952 (0x100001a00).  errno=5
: Input/output error
msr_core.c::79  pread returned -1.  socket=1, msr=409 (0x199), val=4294973952 (0x100001a00).
: Illegal seek
msr_core.c::67  pwrite returned -1.  fd[1]=0, socket=1, msr=409 (199), val=4294973952 (0x100001a00).  errno=29
: Illegal seek
