

 NAS Parallel Benchmarks 3.3 -- CG Benchmark

 Size:      14000
 Iterations:    15
 Number of active processes:    16
 Number of nonzeroes per row:       11
 Eigenvalue shift: .200E+02

   iteration           ||r||                 zeta
        1       0.26677899255571E-12    19.9997581277040
        2       0.26402893870124E-14    17.1140495745506
        3       0.26364629967417E-14    17.1296668946143
        4       0.26233845216830E-14    17.1302113581193
        5       0.26766729195432E-14    17.1302338856353
        6       0.26341234467333E-14    17.1302349879482
        7       0.26018681594959E-14    17.1302350498916
        8       0.26076001869473E-14    17.1302350537510
        9       0.25882472324258E-14    17.1302350540101
       10       0.25710771747069E-14    17.1302350540284
       11       0.25556814995438E-14    17.1302350540298
       12       0.25867780925789E-14    17.1302350540299
       13       0.25299331252052E-14    17.1302350540299
       14       0.25376913365533E-14    17.1302350540299
       15       0.24928830494495E-14    17.1302350540299
 Benchmark completed 
 VERIFICATION SUCCESSFUL 
 Zeta is     0.1713023505403E+02
 Error is    0.5247076633225E-13


 CG Benchmark Completed.
 Class           =                        A
 Size            =                    14000
 Iterations      =                       15
 Time in seconds =                     0.10
 Total processes =                       16
 Compiled procs  =                       16
 Mop/s total     =                 14790.80
 Mop/s/process   =                   924.42
 Operation type  =           floating point
 Verification    =               SUCCESSFUL
 Version         =                      3.3
 Compile date    =              13 Apr 2012

 Compile options:
    MPIF77       = mpif77
    FLINK        = $(MPIF77)
    FMPI_LIB     = -Xlinker -rpath=$(HOME)/local/src/power/rap...
    FMPI_INC     = (none)
    FFLAGS       = -O3 -fPIC
    FLINKFLAGS   = -O3 -fPIC
    RAND         = randi8


 Please send the results of this run to:

 NPB Development Team 
 Internet: npb@nas.nasa.gov
 
 If email is not available, send this to:

 MS T27A-1
 NASA Ames Research Center
 Moffett Field, CA  94035-1000

 Fax: 650-604-3957




 NAS Parallel Benchmarks 3.3 -- CG Benchmark

 Size:      14000
 Iterations:    15
 Number of active processes:    16
 Number of nonzeroes per row:       11
 Eigenvalue shift: .200E+02

   iteration           ||r||                 zeta
        1       0.26677899255571E-12    19.9997581277040
        2       0.26402893870124E-14    17.1140495745506
        3       0.26364629967417E-14    17.1296668946143
        4       0.26233845216830E-14    17.1302113581193
        5       0.26766729195432E-14    17.1302338856353
        6       0.26341234467333E-14    17.1302349879482
        7       0.26018681594959E-14    17.1302350498916
        8       0.26076001869473E-14    17.1302350537510
        9       0.25882472324258E-14    17.1302350540101
       10       0.25710771747069E-14    17.1302350540284
       11       0.25556814995438E-14    17.1302350540298
       12       0.25867780925789E-14    17.1302350540299
       13       0.25299331252052E-14    17.1302350540299
       14       0.25376913365533E-14    17.1302350540299
       15       0.24928830494495E-14    17.1302350540299
 Benchmark completed 
 VERIFICATION SUCCESSFUL 
 Zeta is     0.1713023505403E+02
 Error is    0.5247076633225E-13


 CG Benchmark Completed.
 Class           =                        A
 Size            =                    14000
 Iterations      =                       15
 Time in seconds =                     0.10
 Total processes =                       16
 Compiled procs  =                       16
 Mop/s total     =                 14765.85
 Mop/s/process   =                   922.87
 Operation type  =           floating point
 Verification    =               SUCCESSFUL
 Version         =                      3.3
 Compile date    =              13 Apr 2012

 Compile options:
    MPIF77       = mpif77
    FLINK        = $(MPIF77)
    FMPI_LIB     = -Xlinker -rpath=$(HOME)/local/src/power/rap...
    FMPI_INC     = (none)
    FFLAGS       = -O3 -fPIC
    FLINKFLAGS   = -O3 -fPIC
    RAND         = randi8


 Please send the results of this run to:

 NPB Development Team 
 Internet: npb@nas.nasa.gov
 
 If email is not available, send this to:

 MS T27A-1
 NASA Ames Research Center
 Moffett Field, CA  94035-1000

 Fax: 650-604-3957




 NAS Parallel Benchmarks 3.3 -- CG Benchmark

 Size:    1500000
 Iterations:   100
 Number of active processes:    16
 Number of nonzeroes per row:       21
 Eigenvalue shift: .500E+03

   iteration           ||r||                 zeta
        1       0.99788274601997E-12   499.9996989885352
        2       0.65677389000220E-15    49.1792921222622
        3       0.68630113132211E-15    49.7621417780916
        4       0.71065097270207E-15    50.2476108448492
        5       0.73197148934474E-15    50.6504113318737
        6       0.75007062940071E-15    50.9835679329937
        7       0.76563137716469E-15    51.2584179093561
        8       0.77935899605088E-15    51.4846993919595
        9       0.79066727400392E-15    51.6706894462848
       10       0.79937951008930E-15    51.8233647190036
       11       0.80644064851399E-15    51.9485666805601
       12       0.81122894330645E-15    52.0511603649638
       13       0.81712455079803E-15    52.1351803974406
       14       0.82062476612488E-15    52.2039614064643
       15       0.82252953557529E-15    52.2602520412809
       16       0.82516321462936E-15    52.3063130997447
       17       0.82684086888655E-15    52.3440009815590
       18       0.82876534847790E-15    52.3748380152866
       19       0.82987613442013E-15    52.4000713043986
       20       0.83021756925831E-15    52.4207216938462
       21       0.83074403800165E-15    52.4376243380873
       22       0.83350124577515E-15    52.4514621958352
       23       0.83375185582647E-15    52.4627936097245
       24       0.83360294279625E-15    52.4720749669587
       25       0.83499114509497E-15    52.4796792873357
       26       0.83405578796712E-15    52.4859114504294
       27       0.83530208958936E-15    52.4910206572283
       28       0.83707304320723E-15    52.4952106205671
       29       0.83680602653122E-15    52.4986478935699
       30       0.83646944925223E-15    52.5014686735314
       31       0.83610552761764E-15    52.5037843587117
       32       0.83723328975522E-15    52.5056860859086
       33       0.83683526051205E-15    52.5072484353669
       34       0.83619621868610E-15    52.5085324557443
       35       0.83751945664309E-15    52.5095881341488
       36       0.83671176782168E-15    52.5104564131242
       37       0.83770119812100E-15    52.5111708380531
       38       0.83744815341748E-15    52.5117589027081
       39       0.83872269294859E-15    52.5122431487035
       40       0.83672410141457E-15    52.5126420639693
       41       0.83850303941300E-15    52.5129708171144
       42       0.83671782458220E-15    52.5132418579199
       43       0.83662078521898E-15    52.5134654084165
       44       0.83804785614713E-15    52.5136498646897
       45       0.83732176460202E-15    52.5138021256253
       46       0.83796185982678E-15    52.5139278620649
       47       0.83936830274179E-15    52.5140317372100
       48       0.83933977375300E-15    52.5141175871782
       49       0.83827375828274E-15    52.5141885689010
       50       0.83824705546489E-15    52.5142472814442
       51       0.83772133105890E-15    52.5142958653929
       52       0.83704610849513E-15    52.5143360844648
       53       0.83847483935562E-15    52.5143693924567
       54       0.83772263858687E-15    52.5143969881360
       55       0.83794996576456E-15    52.5144198604528
       56       0.83813452443806E-15    52.5144388254888
       57       0.83738790839747E-15    52.5144545570673
       58       0.83709366782263E-15    52.5144676116929
       59       0.83749062115613E-15    52.5144784491899
       60       0.83850976117787E-15    52.5144874496571
       61       0.83721808002264E-15    52.5144949274190
       62       0.83688731685164E-15    52.5145011425290
       63       0.83752143574566E-15    52.5145063101790
       64       0.83683838967326E-15    52.5145106085370
       65       0.83650929582440E-15    52.5145141852294
       66       0.83790523108144E-15    52.5145171625350
       67       0.83617523004010E-15    52.5145196417932
       68       0.83587449003657E-15    52.5145217071246
       69       0.83717882814607E-15    52.5145234282551
       70       0.83708900995618E-15    52.5145248630604
       71       0.83684115747432E-15    52.5145260596259
       72       0.83571135058169E-15    52.5145270578286
       73       0.83648330063745E-15    52.5145278908768
       74       0.83583829879426E-15    52.5145285863245
       75       0.83811925824914E-15    52.5145291671039
       76       0.83698633667765E-15    52.5145296522629
       77       0.83626431879796E-15    52.5145300577192
       78       0.83733860031083E-15    52.5145303966468
       79       0.83737037433386E-15    52.5145306800630
       80       0.83511015920804E-15    52.5145309171548
       81       0.83656051069496E-15    52.5145311155210
       82       0.83652646833828E-15    52.5145312815640
       83       0.83664977345822E-15    52.5145314205830
       84       0.83770414878049E-15    52.5145315370142
       85       0.83740377052492E-15    52.5145316345662
       86       0.83632619648519E-15    52.5145317163069
       87       0.83714449447358E-15    52.5145317848501
       88       0.83669627113634E-15    52.5145318422886
       89       0.83650654267938E-15    52.5145318904787
       90       0.83701280750491E-15    52.5145319309026
       91       0.83674873263227E-15    52.5145319648415
       92       0.83474949596412E-15    52.5145319933108
       93       0.83670631123101E-15    52.5145320172194
       94       0.83670131180599E-15    52.5145320373218
       95       0.83575354478246E-15    52.5145320541806
       96       0.83670685725114E-15    52.5145320683603
       97       0.83674894300088E-15    52.5145320802789
       98       0.83580007506931E-15    52.5145320902895
       99       0.83673735865529E-15    52.5145320987147
      100       0.83735086073106E-15    52.5145321057972
 Benchmark completed 
 VERIFICATION SUCCESSFUL 
 Zeta is     0.5251453210580E+02
 Error is    0.6048089741044E-13


 CG Benchmark Completed.
 Class           =                        D
 Size            =                  1500000
 Iterations      =                      100
 Time in seconds =                  1105.31
 Total processes =                       16
 Compiled procs  =                       16
 Mop/s total     =                  3295.83
 Mop/s/process   =                   205.99
 Operation type  =           floating point
 Verification    =               SUCCESSFUL
 Version         =                      3.3
 Compile date    =              13 Apr 2012

 Compile options:
    MPIF77       = mpif77
    FLINK        = $(MPIF77)
    FMPI_LIB     = -Xlinker -rpath=$(HOME)/local/src/power/rap...
    FMPI_INC     = (none)
    FFLAGS       = -O3 -fPIC
    FLINKFLAGS   = -O3 -fPIC
    RAND         = randi8


 Please send the results of this run to:

 NPB Development Team 
 Internet: npb@nas.nasa.gov
 
 If email is not available, send this to:

 MS T27A-1
 NASA Ames Research Center
 Moffett Field, CA  94035-1000

 Fax: 650-604-3957




 NAS Parallel Benchmarks 3.3 -- CG Benchmark

 Size:    1500000
 Iterations:    75
 Number of active processes:    16
 Number of nonzeroes per row:       21
 Eigenvalue shift: .500E+03

   iteration           ||r||                 zeta
        1       0.99788274601997E-12   499.9996989885352
        2       0.65677389000220E-15    49.1792921222622
        3       0.68630113132211E-15    49.7621417780916
        4       0.71065097270207E-15    50.2476108448492
        5       0.73197148934474E-15    50.6504113318737
        6       0.75007062940071E-15    50.9835679329937
        7       0.76563137716469E-15    51.2584179093561
        8       0.77935899605088E-15    51.4846993919595
        9       0.79066727400392E-15    51.6706894462848
       10       0.79937951008930E-15    51.8233647190036
       11       0.80644064851399E-15    51.9485666805601
       12       0.81122894330645E-15    52.0511603649638
       13       0.81712455079803E-15    52.1351803974406
       14       0.82062476612488E-15    52.2039614064643
       15       0.82252953557529E-15    52.2602520412809
       16       0.82516321462936E-15    52.3063130997447
       17       0.82684086888655E-15    52.3440009815590
       18       0.82876534847790E-15    52.3748380152866
       19       0.82987613442013E-15    52.4000713043986
       20       0.83021756925831E-15    52.4207216938462
       21       0.83074403800165E-15    52.4376243380873
       22       0.83350124577515E-15    52.4514621958352
       23       0.83375185582647E-15    52.4627936097245
       24       0.83360294279625E-15    52.4720749669587
       25       0.83499114509497E-15    52.4796792873357
       26       0.83405578796712E-15    52.4859114504294
       27       0.83530208958936E-15    52.4910206572283
       28       0.83707304320723E-15    52.4952106205671
       29       0.83680602653122E-15    52.4986478935699
       30       0.83646944925223E-15    52.5014686735314
       31       0.83610552761764E-15    52.5037843587117
       32       0.83723328975522E-15    52.5056860859086
       33       0.83683526051205E-15    52.5072484353669
       34       0.83619621868610E-15    52.5085324557443
       35       0.83751945664309E-15    52.5095881341488
       36       0.83671176782168E-15    52.5104564131242
       37       0.83770119812100E-15    52.5111708380531
       38       0.83744815341748E-15    52.5117589027081
       39       0.83872269294859E-15    52.5122431487035
       40       0.83672410141457E-15    52.5126420639693
       41       0.83850303941300E-15    52.5129708171144
       42       0.83671782458220E-15    52.5132418579199
       43       0.83662078521898E-15    52.5134654084165
       44       0.83804785614713E-15    52.5136498646897
       45       0.83732176460202E-15    52.5138021256253
       46       0.83796185982678E-15    52.5139278620649
       47       0.83936830274179E-15    52.5140317372100
       48       0.83933977375300E-15    52.5141175871782
       49       0.83827375828274E-15    52.5141885689010
       50       0.83824705546489E-15    52.5142472814442
       51       0.83772133105890E-15    52.5142958653929
       52       0.83704610849513E-15    52.5143360844648
       53       0.83847483935562E-15    52.5143693924567
       54       0.83772263858687E-15    52.5143969881360
       55       0.83794996576456E-15    52.5144198604528
       56       0.83813452443806E-15    52.5144388254888
       57       0.83738790839747E-15    52.5144545570673
       58       0.83709366782263E-15    52.5144676116929
       59       0.83749062115613E-15    52.5144784491899
       60       0.83850976117787E-15    52.5144874496571
       61       0.83721808002264E-15    52.5144949274190
       62       0.83688731685164E-15    52.5145011425290
       63       0.83752143574566E-15    52.5145063101790
       64       0.83683838967326E-15    52.5145106085370
       65       0.83650929582440E-15    52.5145141852294
       66       0.83790523108144E-15    52.5145171625350
       67       0.83617523004010E-15    52.5145196417932
       68       0.83587449003657E-15    52.5145217071246
       69       0.83717882814607E-15    52.5145234282551
       70       0.83708900995618E-15    52.5145248630604
       71       0.83684115747432E-15    52.5145260596259
       72       0.83571135058169E-15    52.5145270578286
       73       0.83648330063745E-15    52.5145278908768
       74       0.83583829879426E-15    52.5145285863245
       75       0.83811925824914E-15    52.5145291671039
 Benchmark completed 
 Problem size unknown
 NO VERIFICATION PERFORMED
 Zeta is     0.5251452916710E+02


 CG Benchmark Completed.
 Class           =                        U
 Size            =                  1500000
 Iterations      =                       75
 Time in seconds =                   834.28
 Total processes =                       16
 Compiled procs  =                       16
 Mop/s total     =                  3274.88
 Mop/s/process   =                   204.68
 Operation type  =           floating point
 Verification    =             UNSUCCESSFUL
 Version         =                      3.3
 Compile date    =              13 Apr 2012

 Compile options:
    MPIF77       = mpif77
    FLINK        = $(MPIF77)
    FMPI_LIB     = -Xlinker -rpath=$(HOME)/local/src/power/rap...
    FMPI_INC     = (none)
    FFLAGS       = -O3 -fPIC
    FLINKFLAGS   = -O3 -fPIC
    RAND         = randi8


 Please send the results of this run to:

 NPB Development Team 
 Internet: npb@nas.nasa.gov
 
 If email is not available, send this to:

 MS T27A-1
 NASA Ames Research Center
 Moffett Field, CA  94035-1000

 Fax: 650-604-3957




 NAS Parallel Benchmarks 3.3 -- CG Benchmark

 Size:    1500000
 Iterations:    75
 Number of active processes:    16
 Number of nonzeroes per row:       21
 Eigenvalue shift: .500E+03

   iteration           ||r||                 zeta
        1       0.99788855766807E-12   499.9996989885352
        2       0.65500684100881E-15    49.1792921222622
        3       0.68626638636042E-15    49.7621417780916
        4       0.71064452991731E-15    50.2476108448492
        5       0.73200819996450E-15    50.6504113318741
        6       0.75017532527052E-15    50.9835679329939
        7       0.76569617288925E-15    51.2584179093562
        8       0.77946630869317E-15    51.4846993919592
        9       0.79029546589517E-15    51.6706894462850
       10       0.79951866506205E-15    51.8233647190037
       11       0.80644171805135E-15    51.9485666805600
       12       0.81126584380468E-15    52.0511603649638
       13       0.81733870846009E-15    52.1351803974410
       14       0.82028263032585E-15    52.2039614064644
       15       0.82208949820682E-15    52.2602520412808
       16       0.82496266254149E-15    52.3063130997444
       17       0.82681953201938E-15    52.3440009815592
       18       0.82886931410230E-15    52.3748380152866
       19       0.82966474853780E-15    52.4000713043986
       20       0.83069169941722E-15    52.4207216938462
       21       0.83063813297137E-15    52.4376243380874
       22       0.83348343073712E-15    52.4514621958352
       23       0.83373109677172E-15    52.4627936097245
       24       0.83347352183336E-15    52.4720749669587
       25       0.83517339156360E-15    52.4796792873359
       26       0.83397361008040E-15    52.4859114504296
       27       0.83530551408238E-15    52.4910206572285
       28       0.83701576810678E-15    52.4952106205671
       29       0.83674627633410E-15    52.4986478935699
       30       0.83644317315708E-15    52.5014686735315
       31       0.83612387330544E-15    52.5037843587116
       32       0.83681052508714E-15    52.5056860859089
       33       0.83653812399746E-15    52.5072484353669
       34       0.83612215570711E-15    52.5085324557440
       35       0.83762128011061E-15    52.5095881341489
       36       0.83683734153615E-15    52.5104564131244
       37       0.83785764008159E-15    52.5111708380531
       38       0.83721399607040E-15    52.5117589027083
       39       0.83890383658552E-15    52.5122431487033
       40       0.83708793020776E-15    52.5126420639694
       41       0.83827988531923E-15    52.5129708171144
       42       0.83636642949860E-15    52.5132418579200
       43       0.83640047507507E-15    52.5134654084164
       44       0.83782830752771E-15    52.5136498646897
       45       0.83720399072141E-15    52.5138021256254
       46       0.83779400669226E-15    52.5139278620647
       47       0.83939065123848E-15    52.5140317372098
       48       0.83912288464490E-15    52.5141175871784
       49       0.83819899226452E-15    52.5141885689011
       50       0.83842482758225E-15    52.5142472814443
       51       0.83778731735875E-15    52.5142958653929
       52       0.83727693619347E-15    52.5143360844650
       53       0.83832276463918E-15    52.5143693924566
       54       0.83774703210928E-15    52.5143969881360
       55       0.83785349953776E-15    52.5144198604528
       56       0.83846889698346E-15    52.5144388254888
       57       0.83729820114830E-15    52.5144545570674
       58       0.83712971497298E-15    52.5144676116928
       59       0.83786356678573E-15    52.5144784491899
       60       0.83883150127529E-15    52.5144874496571
       61       0.83745771723748E-15    52.5144949274189
       62       0.83700449379029E-15    52.5145011425288
       63       0.83729935869073E-15    52.5145063101787
       64       0.83698222454813E-15    52.5145106085370
       65       0.83633026149349E-15    52.5145141852294
       66       0.83803861301967E-15    52.5145171625350
       67       0.83615510457628E-15    52.5145196417930
       68       0.83623921670947E-15    52.5145217071246
       69       0.83679324607664E-15    52.5145234282552
       70       0.83689458959048E-15    52.5145248630606
       71       0.83701148460471E-15    52.5145260596258
       72       0.83557641364367E-15    52.5145270578286
       73       0.83625224066916E-15    52.5145278908768
       74       0.83579589169855E-15    52.5145285863244
       75       0.83785271992268E-15    52.5145291671040
 Benchmark completed 
 Problem size unknown
 NO VERIFICATION PERFORMED
 Zeta is     0.5251452916710E+02


 CG Benchmark Completed.
 Class           =                        U
 Size            =                  1500000
 Iterations      =                       75
 Time in seconds =                   910.03
 Total processes =                       16
 Compiled procs  =                       16
 Mop/s total     =                  3002.29
 Mop/s/process   =                   187.64
 Operation type  =           floating point
 Verification    =             UNSUCCESSFUL
 Version         =                      3.3
 Compile date    =              13 Apr 2012

 Compile options:
    MPIF77       = mpif77
    FLINK        = $(MPIF77)
    FMPI_LIB     = -Xlinker -rpath=$(HOME)/local/src/power/rap...
    FMPI_INC     = (none)
    FFLAGS       = -O3 -fPIC
    FLINKFLAGS   = -O3 -fPIC
    RAND         = randi8


 Please send the results of this run to:

 NPB Development Team 
 Internet: npb@nas.nasa.gov
 
 If email is not available, send this to:

 MS T27A-1
 NASA Ames Research Center
 Moffett Field, CA  94035-1000

 Fax: 650-604-3957




 NAS Parallel Benchmarks 3.3 -- CG Benchmark

 Size:    1500000
 Iterations:    75
 Number of active processes:    16
 Number of nonzeroes per row:       21
 Eigenvalue shift: .500E+03

   iteration           ||r||                 zeta
        1       0.99788855766807E-12   499.9996989885352
        2       0.65500684100881E-15    49.1792921222622
        3       0.68626638636042E-15    49.7621417780916
        4       0.71064452991731E-15    50.2476108448492
        5       0.73200819996450E-15    50.6504113318741
        6       0.75017532527052E-15    50.9835679329939
        7       0.76569617288925E-15    51.2584179093562
        8       0.77946630869317E-15    51.4846993919592
        9       0.79029546589517E-15    51.6706894462850
       10       0.79951866506205E-15    51.8233647190037
       11       0.80644171805135E-15    51.9485666805600
       12       0.81126584380468E-15    52.0511603649638
       13       0.81733870846009E-15    52.1351803974410
       14       0.82028263032585E-15    52.2039614064644
       15       0.82208949820682E-15    52.2602520412808
       16       0.82496266254149E-15    52.3063130997444
       17       0.82681953201938E-15    52.3440009815592
       18       0.82886931410230E-15    52.3748380152866
       19       0.82966474853780E-15    52.4000713043986
       20       0.83069169941722E-15    52.4207216938462
       21       0.83063813297137E-15    52.4376243380874
       22       0.83348343073712E-15    52.4514621958352
       23       0.83373109677172E-15    52.4627936097245
       24       0.83347352183336E-15    52.4720749669587
       25       0.83517339156360E-15    52.4796792873359
       26       0.83397361008040E-15    52.4859114504296
       27       0.83530551408238E-15    52.4910206572285
       28       0.83701576810678E-15    52.4952106205671
       29       0.83674627633410E-15    52.4986478935699
       30       0.83644317315708E-15    52.5014686735315
       31       0.83612387330544E-15    52.5037843587116
       32       0.83681052508714E-15    52.5056860859089
       33       0.83653812399746E-15    52.5072484353669
       34       0.83612215570711E-15    52.5085324557440
       35       0.83762128011061E-15    52.5095881341489
       36       0.83683734153615E-15    52.5104564131244
       37       0.83785764008159E-15    52.5111708380531
       38       0.83721399607040E-15    52.5117589027083
       39       0.83890383658552E-15    52.5122431487033
       40       0.83708793020776E-15    52.5126420639694
       41       0.83827988531923E-15    52.5129708171144
       42       0.83636642949860E-15    52.5132418579200
       43       0.83640047507507E-15    52.5134654084164
       44       0.83782830752771E-15    52.5136498646897
       45       0.83720399072141E-15    52.5138021256254
       46       0.83779400669226E-15    52.5139278620647
       47       0.83939065123848E-15    52.5140317372098
       48       0.83912288464490E-15    52.5141175871784
       49       0.83819899226452E-15    52.5141885689011
       50       0.83842482758225E-15    52.5142472814443
       51       0.83778731735875E-15    52.5142958653929
       52       0.83727693619347E-15    52.5143360844650
       53       0.83832276463918E-15    52.5143693924566
       54       0.83774703210928E-15    52.5143969881360
       55       0.83785349953776E-15    52.5144198604528
       56       0.83846889698346E-15    52.5144388254888
       57       0.83729820114830E-15    52.5144545570674
       58       0.83712971497298E-15    52.5144676116928
       59       0.83786356678573E-15    52.5144784491899
       60       0.83883150127529E-15    52.5144874496571
       61       0.83745771723748E-15    52.5144949274189
       62       0.83700449379029E-15    52.5145011425288
       63       0.83729935869073E-15    52.5145063101787
       64       0.83698222454813E-15    52.5145106085370
       65       0.83633026149349E-15    52.5145141852294
       66       0.83803861301967E-15    52.5145171625350
       67       0.83615510457628E-15    52.5145196417930
       68       0.83623921670947E-15    52.5145217071246
       69       0.83679324607664E-15    52.5145234282552
       70       0.83689458959048E-15    52.5145248630606
       71       0.83701148460471E-15    52.5145260596258
       72       0.83557641364367E-15    52.5145270578286
       73       0.83625224066916E-15    52.5145278908768
       74       0.83579589169855E-15    52.5145285863244
       75       0.83785271992268E-15    52.5145291671040
 Benchmark completed 
 Problem size unknown
 NO VERIFICATION PERFORMED
 Zeta is     0.5251452916710E+02


 CG Benchmark Completed.
 Class           =                        U
 Size            =                  1500000
 Iterations      =                       75
 Time in seconds =                   909.91
 Total processes =                       16
 Compiled procs  =                       16
 Mop/s total     =                  3002.69
 Mop/s/process   =                   187.67
 Operation type  =           floating point
 Verification    =             UNSUCCESSFUL
 Version         =                      3.3
 Compile date    =              13 Apr 2012

 Compile options:
    MPIF77       = mpif77
    FLINK        = $(MPIF77)
    FMPI_LIB     = -Xlinker -rpath=$(HOME)/local/src/power/rap...
    FMPI_INC     = (none)
    FFLAGS       = -O3 -fPIC
    FLINKFLAGS   = -O3 -fPIC
    RAND         = randi8


 Please send the results of this run to:

 NPB Development Team 
 Internet: npb@nas.nasa.gov
 
 If email is not available, send this to:

 MS T27A-1
 NASA Ames Research Center
 Moffett Field, CA  94035-1000

 Fax: 650-604-3957


