/g/g24/rountree/local/src/power
nodes=16 ntasks=64
+ export BMARK_STRING=cg.D.64
+ BMARK_STRING=cg.D.64
++ date +%Y_%m_%d_%H_%M_%S_%N
+ name=2012_04_13_22_08_35_387705606
+ mkdir 2012_04_13_22_08_35_387705606
+ cd 2012_04_13_22_08_35_387705606
+ touch out.dat
+ env
+ hostname
+ echo 2012_04_13_22_08_35_387705606
+ uname -a
+ srun --nodes=1 --ntasks=1 -ppbatch cat /proc/cpuinfo
+ grep MHz
+ echo 'cores: 64'
+ echo 'nodes: 16'
+ srun --nodes=16 --ntasks=64 -ppbatch -e cg.err -o out.dat --cpu_bind=sockets ../cgCL.sh 64
nodes=16 ntasks=128
+ export BMARK_STRING=cg.D.128
+ BMARK_STRING=cg.D.128
++ date +%Y_%m_%d_%H_%M_%S_%N
+ name=2012_04_13_22_11_34_272988031
+ mkdir 2012_04_13_22_11_34_272988031
+ cd 2012_04_13_22_11_34_272988031
+ touch out.dat
+ env
+ hostname
+ echo 2012_04_13_22_11_34_272988031
+ uname -a
+ srun --nodes=1 --ntasks=1 -ppbatch cat /proc/cpuinfo
+ grep MHz
+ echo 'cores: 128'
+ echo 'nodes: 16'
+ srun --nodes=16 --ntasks=128 -ppbatch -e cg.err -o out.dat --cpu_bind=sockets ../cgCL.sh 128
nodes=16 ntasks=256
+ export BMARK_STRING=cg.D.256
+ BMARK_STRING=cg.D.256
++ date +%Y_%m_%d_%H_%M_%S_%N
+ name=2012_04_13_22_12_46_173634219
+ mkdir 2012_04_13_22_12_46_173634219
+ cd 2012_04_13_22_12_46_173634219
+ touch out.dat
+ env
+ hostname
+ echo 2012_04_13_22_12_46_173634219
+ uname -a
+ srun --nodes=1 --ntasks=1 -ppbatch cat /proc/cpuinfo
+ grep MHz
+ echo 'cores: 256'
+ echo 'nodes: 16'
+ srun --nodes=16 --ntasks=256 -ppbatch -e cg.err -o out.dat --cpu_bind=sockets ../cgCL.sh 256
nodes=16 ntasks=64
+ export BMARK_STRING=cg.D.64
+ BMARK_STRING=cg.D.64
++ date +%Y_%m_%d_%H_%M_%S_%N
+ name=2012_04_13_22_13_48_663390536
+ mkdir 2012_04_13_22_13_48_663390536
+ cd 2012_04_13_22_13_48_663390536
+ touch out.dat
+ env
+ hostname
+ echo 2012_04_13_22_13_48_663390536
+ uname -a
+ srun --nodes=1 --ntasks=1 -ppbatch cat /proc/cpuinfo
+ grep MHz
+ echo 'cores: 64'
+ echo 'nodes: 16'
+ srun --nodes=16 --ntasks=64 -ppbatch -e cg.err -o out.dat --cpu_bind=sockets ../cgCL.sh 64
nodes=16 ntasks=128
+ export BMARK_STRING=cg.D.128
+ BMARK_STRING=cg.D.128
++ date +%Y_%m_%d_%H_%M_%S_%N
+ name=2012_04_13_22_15_47_260825132
+ mkdir 2012_04_13_22_15_47_260825132
+ cd 2012_04_13_22_15_47_260825132
+ touch out.dat
+ env
+ hostname
+ echo 2012_04_13_22_15_47_260825132
+ uname -a
+ srun --nodes=1 --ntasks=1 -ppbatch cat /proc/cpuinfo
+ grep MHz
+ echo 'cores: 128'
+ echo 'nodes: 16'
+ srun --nodes=16 --ntasks=128 -ppbatch -e cg.err -o out.dat --cpu_bind=sockets ../cgCL.sh 128
nodes=16 ntasks=256
+ export BMARK_STRING=cg.D.256
+ BMARK_STRING=cg.D.256
++ date +%Y_%m_%d_%H_%M_%S_%N
+ name=2012_04_13_22_16_58_612936981
+ mkdir 2012_04_13_22_16_58_612936981
+ cd 2012_04_13_22_16_58_612936981
+ touch out.dat
+ env
+ hostname
+ echo 2012_04_13_22_16_58_612936981
+ uname -a
+ srun --nodes=1 --ntasks=1 -ppbatch cat /proc/cpuinfo
+ grep MHz
+ echo 'cores: 256'
+ echo 'nodes: 16'
+ srun --nodes=16 --ntasks=256 -ppbatch -e cg.err -o out.dat --cpu_bind=sockets ../cgCL.sh 256
nodes=16 ntasks=64
+ export BMARK_STRING=cg.D.64
+ BMARK_STRING=cg.D.64
++ date +%Y_%m_%d_%H_%M_%S_%N
+ name=2012_04_13_22_18_00_505488665
+ mkdir 2012_04_13_22_18_00_505488665
+ cd 2012_04_13_22_18_00_505488665
+ touch out.dat
+ env
+ hostname
+ echo 2012_04_13_22_18_00_505488665
+ uname -a
+ srun --nodes=1 --ntasks=1 -ppbatch cat /proc/cpuinfo
+ grep MHz
+ echo 'cores: 64'
+ echo 'nodes: 16'
+ srun --nodes=16 --ntasks=64 -ppbatch -e cg.err -o out.dat --cpu_bind=sockets ../cgCL.sh 64
nodes=16 ntasks=128
+ export BMARK_STRING=cg.D.128
+ BMARK_STRING=cg.D.128
++ date +%Y_%m_%d_%H_%M_%S_%N
+ name=2012_04_13_22_19_57_983809597
+ mkdir 2012_04_13_22_19_57_983809597
+ cd 2012_04_13_22_19_57_983809597
+ touch out.dat
+ env
+ hostname
+ echo 2012_04_13_22_19_57_983809597
+ uname -a
+ srun --nodes=1 --ntasks=1 -ppbatch cat /proc/cpuinfo
+ grep MHz
+ echo 'cores: 128'
+ echo 'nodes: 16'
+ srun --nodes=16 --ntasks=128 -ppbatch -e cg.err -o out.dat --cpu_bind=sockets ../cgCL.sh 128
nodes=16 ntasks=256
+ export BMARK_STRING=cg.D.256
+ BMARK_STRING=cg.D.256
++ date +%Y_%m_%d_%H_%M_%S_%N
+ name=2012_04_13_22_21_09_375877612
+ mkdir 2012_04_13_22_21_09_375877612
+ cd 2012_04_13_22_21_09_375877612
+ touch out.dat
+ env
+ hostname
+ echo 2012_04_13_22_21_09_375877612
+ uname -a
+ srun --nodes=1 --ntasks=1 -ppbatch cat /proc/cpuinfo
+ grep MHz
+ echo 'cores: 256'
+ echo 'nodes: 16'
+ srun --nodes=16 --ntasks=256 -ppbatch -e cg.err -o out.dat --cpu_bind=sockets ../cgCL.sh 256
nodes=16 ntasks=64
+ export BMARK_STRING=cg.D.64
+ BMARK_STRING=cg.D.64
++ date +%Y_%m_%d_%H_%M_%S_%N
+ name=2012_04_13_22_22_11_349592638
+ mkdir 2012_04_13_22_22_11_349592638
+ cd 2012_04_13_22_22_11_349592638
+ touch out.dat
+ env
+ hostname
+ echo 2012_04_13_22_22_11_349592638
+ uname -a
+ srun --nodes=1 --ntasks=1 -ppbatch cat /proc/cpuinfo
+ grep MHz
+ echo 'cores: 64'
+ echo 'nodes: 16'
+ srun --nodes=16 --ntasks=64 -ppbatch -e cg.err -o out.dat --cpu_bind=sockets ../cgCL.sh 64
nodes=16 ntasks=128
+ export BMARK_STRING=cg.D.128
+ BMARK_STRING=cg.D.128
++ date +%Y_%m_%d_%H_%M_%S_%N
+ name=2012_04_13_22_24_09_108843411
+ mkdir 2012_04_13_22_24_09_108843411
+ cd 2012_04_13_22_24_09_108843411
+ touch out.dat
+ env
+ hostname
+ echo 2012_04_13_22_24_09_108843411
+ uname -a
+ srun --nodes=1 --ntasks=1 -ppbatch cat /proc/cpuinfo
+ grep MHz
+ echo 'cores: 128'
+ echo 'nodes: 16'
+ srun --nodes=16 --ntasks=128 -ppbatch -e cg.err -o out.dat --cpu_bind=sockets ../cgCL.sh 128
nodes=16 ntasks=256
+ export BMARK_STRING=cg.D.256
+ BMARK_STRING=cg.D.256
++ date +%Y_%m_%d_%H_%M_%S_%N
+ name=2012_04_13_22_25_20_082072809
+ mkdir 2012_04_13_22_25_20_082072809
+ cd 2012_04_13_22_25_20_082072809
+ touch out.dat
+ env
+ hostname
+ echo 2012_04_13_22_25_20_082072809
+ uname -a
+ srun --nodes=1 --ntasks=1 -ppbatch cat /proc/cpuinfo
+ grep MHz
+ echo 'cores: 256'
+ echo 'nodes: 16'
+ srun --nodes=16 --ntasks=256 -ppbatch -e cg.err -o out.dat --cpu_bind=sockets ../cgCL.sh 256
nodes=16 ntasks=64
+ export BMARK_STRING=cg.D.64
+ BMARK_STRING=cg.D.64
++ date +%Y_%m_%d_%H_%M_%S_%N
+ name=2012_04_13_22_26_24_759775402
+ mkdir 2012_04_13_22_26_24_759775402
+ cd 2012_04_13_22_26_24_759775402
+ touch out.dat
+ env
+ hostname
+ echo 2012_04_13_22_26_24_759775402
+ uname -a
+ grep MHz
+ srun --nodes=1 --ntasks=1 -ppbatch cat /proc/cpuinfo
+ echo 'cores: 64'
+ echo 'nodes: 16'
+ srun --nodes=16 --ntasks=64 -ppbatch -e cg.err -o out.dat --cpu_bind=sockets ../cgCL.sh 64
nodes=16 ntasks=128
+ export BMARK_STRING=cg.D.128
+ BMARK_STRING=cg.D.128
++ date +%Y_%m_%d_%H_%M_%S_%N
+ name=2012_04_13_22_28_22_014946764
+ mkdir 2012_04_13_22_28_22_014946764
+ cd 2012_04_13_22_28_22_014946764
+ touch out.dat
+ env
+ hostname
+ echo 2012_04_13_22_28_22_014946764
+ uname -a
+ srun --nodes=1 --ntasks=1 -ppbatch cat /proc/cpuinfo
+ grep MHz
+ echo 'cores: 128'
+ echo 'nodes: 16'
+ srun --nodes=16 --ntasks=128 -ppbatch -e cg.err -o out.dat --cpu_bind=sockets ../cgCL.sh 128
nodes=16 ntasks=256
+ export BMARK_STRING=cg.D.256
+ BMARK_STRING=cg.D.256
++ date +%Y_%m_%d_%H_%M_%S_%N
+ name=2012_04_13_22_29_32_944674344
+ mkdir 2012_04_13_22_29_32_944674344
+ cd 2012_04_13_22_29_32_944674344
+ touch out.dat
+ env
+ hostname
+ echo 2012_04_13_22_29_32_944674344
+ uname -a
+ srun --nodes=1 --ntasks=1 -ppbatch cat /proc/cpuinfo
+ grep MHz
+ echo 'cores: 256'
+ echo 'nodes: 16'
+ srun --nodes=16 --ntasks=256 -ppbatch -e cg.err -o out.dat --cpu_bind=sockets ../cgCL.sh 256
nodes=16 ntasks=64
+ export BMARK_STRING=cg.D.64
+ BMARK_STRING=cg.D.64
++ date +%Y_%m_%d_%H_%M_%S_%N
+ name=2012_04_13_22_30_28_830873842
+ mkdir 2012_04_13_22_30_28_830873842
+ cd 2012_04_13_22_30_28_830873842
+ touch out.dat
+ env
+ hostname
+ echo 2012_04_13_22_30_28_830873842
+ uname -a
+ srun --nodes=1 --ntasks=1 -ppbatch cat /proc/cpuinfo
+ grep MHz
+ echo 'cores: 64'
+ echo 'nodes: 16'
+ srun --nodes=16 --ntasks=64 -ppbatch -e cg.err -o out.dat --cpu_bind=sockets ../cgCL.sh 64
nodes=16 ntasks=128
+ export BMARK_STRING=cg.D.128
+ BMARK_STRING=cg.D.128
++ date +%Y_%m_%d_%H_%M_%S_%N
+ name=2012_04_13_22_32_26_118386893
+ mkdir 2012_04_13_22_32_26_118386893
+ cd 2012_04_13_22_32_26_118386893
+ touch out.dat
+ env
+ hostname
+ echo 2012_04_13_22_32_26_118386893
+ uname -a
+ srun --nodes=1 --ntasks=1 -ppbatch cat /proc/cpuinfo
+ grep MHz
+ echo 'cores: 128'
+ echo 'nodes: 16'
+ srun --nodes=16 --ntasks=128 -ppbatch -e cg.err -o out.dat --cpu_bind=sockets ../cgCL.sh 128
nodes=16 ntasks=256
+ export BMARK_STRING=cg.D.256
+ BMARK_STRING=cg.D.256
++ date +%Y_%m_%d_%H_%M_%S_%N
+ name=2012_04_13_22_33_37_233786667
+ mkdir 2012_04_13_22_33_37_233786667
+ cd 2012_04_13_22_33_37_233786667
+ touch out.dat
+ env
+ hostname
+ echo 2012_04_13_22_33_37_233786667
+ uname -a
+ srun --nodes=1 --ntasks=1 -ppbatch cat /proc/cpuinfo
+ grep MHz
+ echo 'cores: 256'
+ echo 'nodes: 16'
+ srun --nodes=16 --ntasks=256 -ppbatch -e cg.err -o out.dat --cpu_bind=sockets ../cgCL.sh 256
