msr_core.c::67  pwrite returned -1.  fd[0]=16, socket=0, msr=409 (199), val=4294973952 (0x100001a00).  errno=5
: Input/output error
msr_core.c::79  pread returned -1.  socket=1, msr=409 (0x199), val=4294973952 (0x100001a00).
: Illegal seek
msr_core.c::67  pwrite returned -1.  fd[1]=0, socket=1, msr=409 (199), val=4294973952 (0x100001a00).  errno=29
: Illegal seek
msr_core.c::67  pwrite returned -1.  fd[0]=14, socket=0, msr=409 (199), val=4294973952 (0x100001a00).  errno=5
: Input/output error
msr_core.c::79  pread returned -1.  socket=1, msr=409 (0x199), val=4294973952 (0x100001a00).
: Illegal seek
msr_core.c::67  pwrite returned -1.  fd[1]=0, socket=1, msr=409 (199), val=4294973952 (0x100001a00).  errno=29
: Illegal seek
msr_core.c::67  pwrite returned -1.  fd[0]=13, socket=0, msr=409 (199), val=4294973952 (0x100001a00).  errno=5
: Input/output error
msr_core.c::79  pread returned -1.  socket=1, msr=409 (0x199), val=4294973952 (0x100001a00).
: Illegal seek
msr_core.c::67  pwrite returned -1.  fd[1]=0, socket=1, msr=409 (199), val=4294973952 (0x100001a00).  errno=29
: Illegal seek
msr_core.c::67  pwrite returned -1.  fd[0]=14, socket=0, msr=409 (199), val=4294973952 (0x100001a00).  errno=5
: Input/output error
msr_core.c::79  pread returned -1.  socket=1, msr=409 (0x199), val=4294973952 (0x100001a00).
: Illegal seek
msr_core.c::67  pwrite returned -1.  fd[1]=0, socket=1, msr=409 (199), val=4294973952 (0x100001a00).  errno=29
: Illegal seek
msr_core.c::67  pwrite returned -1.  fd[0]=13, socket=0, msr=409 (199), val=4294973952 (0x100001a00).  errno=5
: Input/output error
msr_core.c::79  pread returned -1.  socket=1, msr=409 (0x199), val=4294973952 (0x100001a00).
: Illegal seek
msr_core.c::67  pwrite returned -1.  fd[1]=0, socket=1, msr=409 (199), val=4294973952 (0x100001a00).  errno=29
: Illegal seek
msr_core.c::67  pwrite returned -1.  fd[0]=13, socket=0, msr=409 (199), val=4294973952 (0x100001a00).  errno=5
: Input/output error
msr_core.c::79  pread returned -1.  socket=1, msr=409 (0x199), val=4294973952 (0x100001a00).
: Illegal seek
msr_core.c::67  pwrite returned -1.  fd[1]=0, socket=1, msr=409 (199), val=4294973952 (0x100001a00).  errno=29
: Illegal seek
msr_core.c::67  pwrite returned -1.  fd[0]=15, socket=0, msr=409 (199), val=4294973952 (0x100001a00).  errno=5
: Input/output error
msr_core.c::79  pread returned -1.  socket=1, msr=409 (0x199), val=4294973952 (0x100001a00).
: Illegal seek
msr_core.c::67  pwrite returned -1.  fd[1]=0, socket=1, msr=409 (199), val=4294973952 (0x100001a00).  errno=29
: Illegal seek
msr_core.c::67  pwrite returned -1.  fd[0]=13, socket=0, msr=409 (199), val=4294973952 (0x100001a00).  errno=5
: Input/output error
msr_core.c::79  pread returned -1.  socket=1, msr=409 (0x199), val=4294973952 (0x100001a00).
: Illegal seek
msr_core.c::67  pwrite returned -1.  fd[1]=0, socket=1, msr=409 (199), val=4294973952 (0x100001a00).  errno=29
: Illegal seek
forrtl: severe (174): SIGSEGV, segmentation fault occurred
Image              PC                Routine            Line        Source             
libc.so.6          00002AAAAC0FCD29  Unknown               Unknown  Unknown
libc.so.6          00002AAAAC107988  Unknown               Unknown  Unknown
librapl.so         00002AAAAAF2178A  Unknown               Unknown  Unknown
librapl.so         00002AAAAAF22848  Unknown               Unknown  Unknown
librapl.so         00002AAAAAF22651  Unknown               Unknown  Unknown
cg.D.128           00000000004099DC  Unknown               Unknown  Unknown
cg.D.128           0000000000404E90  Unknown               Unknown  Unknown
cg.D.128           0000000000404E2C  Unknown               Unknown  Unknown
libc.so.6          00002AAAAC0D7CDD  Unknown               Unknown  Unknown
cg.D.128           0000000000404D29  Unknown               Unknown  Unknown
forrtl: severe (174): SIGSEGV, segmentation fault occurred
Image              PC                Routine            Line        Source             
libc.so.6          00002AAAAC0FCD29  Unknown               Unknown  Unknown
libc.so.6          00002AAAAC107988  Unknown               Unknown  Unknown
librapl.so         00002AAAAAF2178A  Unknown               Unknown  Unknown
librapl.so         00002AAAAAF22848  Unknown               Unknown  Unknown
librapl.so         00002AAAAAF22651  Unknown               Unknown  Unknown
cg.D.128           00000000004099DC  Unknown               Unknown  Unknown
cg.D.128           0000000000404E90  Unknown               Unknown  Unknown
cg.D.128           0000000000404E2C  Unknown               Unknown  Unknown
libc.so.6          00002AAAAC0D7CDD  Unknown               Unknown  Unknown
cg.D.128           0000000000404D29  Unknown               Unknown  Unknown
forrtl: severe (174): SIGSEGV, segmentation fault occurred
Image              PC                Routine            Line        Source             
libc.so.6          00002AAAAC0FCD29  Unknown               Unknown  Unknown
libc.so.6          00002AAAAC107988  Unknown               Unknown  Unknown
librapl.so         00002AAAAAF2178A  Unknown               Unknown  Unknown
librapl.so         00002AAAAAF22848  Unknown               Unknown  Unknown
librapl.so         00002AAAAAF22651  Unknown               Unknown  Unknown
cg.D.128           00000000004099DC  Unknown               Unknown  Unknown
cg.D.128           0000000000404E90  Unknown               Unknown  Unknown
cg.D.128           0000000000404E2C  Unknown               Unknown  Unknown
libc.so.6          00002AAAAC0D7CDD  Unknown               Unknown  Unknown
cg.D.128           0000000000404D29  Unknown               Unknown  Unknown
forrtl: severe (174): SIGSEGV, segmentation fault occurred
Image              PC                Routine            Line        Source             
libc.so.6          00002AAAAC0FCD29  Unknown               Unknown  Unknown
libc.so.6          00002AAAAC107988  Unknown               Unknown  Unknown
librapl.so         00002AAAAAF2178A  Unknown               Unknown  Unknown
librapl.so         00002AAAAAF22848  Unknown               Unknown  Unknown
librapl.so         00002AAAAAF22651  Unknown               Unknown  Unknown
cg.D.128           00000000004099DC  Unknown               Unknown  Unknown
cg.D.128           0000000000404E90  Unknown               Unknown  Unknown
cg.D.128           0000000000404E2C  Unknown               Unknown  Unknown
libc.so.6          00002AAAAC0D7CDD  Unknown               Unknown  Unknown
cg.D.128           0000000000404D29  Unknown               Unknown  Unknown
forrtl: severe (174): SIGSEGV, segmentation fault occurred
Image              PC                Routine            Line        Source             
libc.so.6          00002AAAAC0FCD29  Unknown               Unknown  Unknown
libc.so.6          00002AAAAC107988  Unknown               Unknown  Unknown
librapl.so         00002AAAAAF2178A  Unknown               Unknown  Unknown
librapl.so         00002AAAAAF22848  Unknown               Unknown  Unknown
librapl.so         00002AAAAAF22651  Unknown               Unknown  Unknown
cg.D.128           00000000004099DC  Unknown               Unknown  Unknown
cg.D.128           0000000000404E90  Unknown               Unknown  Unknown
cg.D.128           0000000000404E2C  Unknown               Unknown  Unknown
libc.so.6          00002AAAAC0D7CDD  Unknown               Unknown  Unknown
cg.D.128           0000000000404D29  Unknown               Unknown  Unknown
forrtl: severe (174): SIGSEGV, segmentation fault occurred
Image              PC                Routine            Line        Source             
libc.so.6          00002AAAAC0FCD29  Unknown               Unknown  Unknown
libc.so.6          00002AAAAC107988  Unknown               Unknown  Unknown
librapl.so         00002AAAAAF2178A  Unknown               Unknown  Unknown
librapl.so         00002AAAAAF22848  Unknown               Unknown  Unknown
librapl.so         00002AAAAAF22651  Unknown               Unknown  Unknown
cg.D.128           00000000004099DC  Unknown               Unknown  Unknown
cg.D.128           0000000000404E90  Unknown               Unknown  Unknown
cg.D.128           0000000000404E2C  Unknown               Unknown  Unknown
libc.so.6          00002AAAAC0D7CDD  Unknown               Unknown  Unknown
cg.D.128           0000000000404D29  Unknown               Unknown  Unknown
forrtl: severe (174): SIGSEGV, segmentation fault occurred
Image              PC                Routine            Line        Source             
libc.so.6          00002AAAAC0FCD29  Unknown               Unknown  Unknown
libc.so.6          00002AAAAC107988  Unknown               Unknown  Unknown
librapl.so         00002AAAAAF2178A  Unknown               Unknown  Unknown
librapl.so         00002AAAAAF22848  Unknown               Unknown  Unknown
librapl.so         00002AAAAAF22651  Unknown               Unknown  Unknown
cg.D.128           00000000004099DC  Unknown               Unknown  Unknown
cg.D.128           0000000000404E90  Unknown               Unknown  Unknown
cg.D.128           0000000000404E2C  Unknown               Unknown  Unknown
libc.so.6          00002AAAAC0D7CDD  Unknown               Unknown  Unknown
cg.D.128           0000000000404D29  Unknown               Unknown  Unknown
forrtl: severe (174): SIGSEGV, segmentation fault occurred
Image              PC                Routine            Line        Source             
libc.so.6          00002AAAAC0FCD29  Unknown               Unknown  Unknown
libc.so.6          00002AAAAC107988  Unknown               Unknown  Unknown
librapl.so         00002AAAAAF2178A  Unknown               Unknown  Unknown
librapl.so         00002AAAAAF22848  Unknown               Unknown  Unknown
librapl.so         00002AAAAAF22651  Unknown               Unknown  Unknown
cg.D.128           00000000004099DC  Unknown               Unknown  Unknown
cg.D.128           0000000000404E90  Unknown               Unknown  Unknown
cg.D.128           0000000000404E2C  Unknown               Unknown  Unknown
libc.so.6          00002AAAAC0D7CDD  Unknown               Unknown  Unknown
cg.D.128           0000000000404D29  Unknown               Unknown  Unknown
slurmd[rzmerl67]: *** STEP 5820.21 KILLED AT 2012-04-13T17:01:56 WITH SIGNAL 9 ***
slurmd[rzmerl74]: *** STEP 5820.21 KILLED AT 2012-04-13T17:01:56 WITH SIGNAL 9 ***
slurmd[rzmerl79]: *** STEP 5820.21 KILLED AT 2012-04-13T17:01:56 WITH SIGNAL 9 ***
slurmd[rzmerl69]: *** STEP 5820.21 KILLED AT 2012-04-13T17:01:56 WITH SIGNAL 9 ***
slurmd[rzmerl68]: *** STEP 5820.21 KILLED AT 2012-04-13T17:01:56 WITH SIGNAL 9 ***
slurmd[rzmerl70]: *** STEP 5820.21 KILLED AT 2012-04-13T17:01:56 WITH SIGNAL 9 ***
slurmd[rzmerl72]: *** STEP 5820.21 KILLED AT 2012-04-13T17:01:56 WITH SIGNAL 9 ***
slurmd[rzmerl76]: *** STEP 5820.21 KILLED AT 2012-04-13T17:01:56 WITH SIGNAL 9 ***
slurmd[rzmerl75]: *** STEP 5820.21 KILLED AT 2012-04-13T17:01:56 WITH SIGNAL 9 ***
slurmd[rzmerl77]: *** STEP 5820.21 KILLED AT 2012-04-13T17:01:56 WITH SIGNAL 9 ***
slurmd[rzmerl78]: *** STEP 5820.21 KILLED AT 2012-04-13T17:01:56 WITH SIGNAL 9 ***
slurmd[rzmerl80]: *** STEP 5820.21 KILLED AT 2012-04-13T17:01:56 WITH SIGNAL 9 ***
slurmd[rzmerl81]: *** STEP 5820.21 KILLED AT 2012-04-13T17:01:56 WITH SIGNAL 9 ***
slurmd[rzmerl142]: *** STEP 5820.21 KILLED AT 2012-04-13T17:01:56 WITH SIGNAL 9 ***
slurmd[rzmerl73]: *** STEP 5820.21 KILLED AT 2012-04-13T17:01:56 WITH SIGNAL 9 ***
slurmd[rzmerl71]: *** STEP 5820.21 KILLED AT 2012-04-13T17:01:56 WITH SIGNAL 9 ***
slurmd[rzmerl67]: *** STEP 5820.21 KILLED AT 2012-04-13T17:01:56 WITH SIGNAL 9 ***
slurmd[rzmerl75]: *** STEP 5820.21 KILLED AT 2012-04-13T17:01:56 WITH SIGNAL 9 ***
slurmd[rzmerl73]: *** STEP 5820.21 KILLED AT 2012-04-13T17:01:56 WITH SIGNAL 9 ***
slurmd[rzmerl71]: *** STEP 5820.21 KILLED AT 2012-04-13T17:01:56 WITH SIGNAL 9 ***
slurmd[rzmerl77]: *** STEP 5820.21 KILLED AT 2012-04-13T17:01:56 WITH SIGNAL 9 ***
slurmd[rzmerl69]: *** STEP 5820.21 KILLED AT 2012-04-13T17:01:56 WITH SIGNAL 9 ***
slurmd[rzmerl79]: *** STEP 5820.21 KILLED AT 2012-04-13T17:01:56 WITH SIGNAL 9 ***
slurmd[rzmerl81]: *** STEP 5820.21 KILLED AT 2012-04-13T17:01:56 WITH SIGNAL 9 ***
slurmd[rzmerl74]: *** STEP 5820.21 KILLED AT 2012-04-13T17:01:56 WITH SIGNAL 9 ***
slurmd[rzmerl68]: *** STEP 5820.21 KILLED AT 2012-04-13T17:01:56 WITH SIGNAL 9 ***
slurmd[rzmerl70]: *** STEP 5820.21 KILLED AT 2012-04-13T17:01:56 WITH SIGNAL 9 ***
slurmd[rzmerl76]: *** STEP 5820.21 KILLED AT 2012-04-13T17:01:56 WITH SIGNAL 9 ***
slurmd[rzmerl78]: *** STEP 5820.21 KILLED AT 2012-04-13T17:01:56 WITH SIGNAL 9 ***
slurmd[rzmerl80]: *** STEP 5820.21 KILLED AT 2012-04-13T17:01:56 WITH SIGNAL 9 ***
slurmd[rzmerl142]: *** STEP 5820.21 KILLED AT 2012-04-13T17:01:56 WITH SIGNAL 9 ***
slurmd[rzmerl72]: *** STEP 5820.21 KILLED AT 2012-04-13T17:01:56 WITH SIGNAL 9 ***
