slurmd[rzmerl35]: execve(): ../../bin/ft.D.64: No such file or directory
slurmd[rzmerl35]: execve(): ../../bin/ft.D.64: No such file or directory
slurmd[rzmerl35]: execve(): ../../bin/ft.D.64: No such file or directory
slurmd[rzmerl35]: execve(): ../../bin/ft.D.64: No such file or directory
slurmd[rzmerl35]: execve(): ../../bin/ft.D.64: No such file or directory
slurmd[rzmerl35]: execve(): ../../bin/ft.D.64: No such file or directory
slurmd[rzmerl35]: execve(): ../../bin/ft.D.64: No such file or directory
slurmd[rzmerl35]: execve(): ../../bin/ft.D.64: No such file or directory
slurmd[rzmerl35]: execve(): ../../bin/ft.D.64: No such file or directory
slurmd[rzmerl35]: execve(): ../../bin/ft.D.64: No such file or directory
slurmd[rzmerl35]: execve(): ../../bin/ft.D.64: No such file or directory
slurmd[rzmerl35]: execve(): ../../bin/ft.D.64: No such file or directory
slurmd[rzmerl35]: execve(): ../../bin/ft.D.64: No such file or directory
slurmd[rzmerl35]: execve(): ../../bin/ft.D.64: No such file or directory
slurmd[rzmerl35]: execve(): ../../bin/ft.D.64: No such file or directory
slurmd[rzmerl35]: execve(): ../../bin/ft.D.64: No such file or directory
slurmd[rzmerl36]: execve(): ../../bin/ft.D.64: No such file or directory
slurmd[rzmerl36]: execve(): ../../bin/ft.D.64: No such file or directory
slurmd[rzmerl36]: execve(): ../../bin/ft.D.64: No such file or directory
slurmd[rzmerl36]: execve(): ../../bin/ft.D.64: No such file or directory
slurmd[rzmerl36]: execve(): ../../bin/ft.D.64: No such file or directory
slurmd[rzmerl36]: execve(): ../../bin/ft.D.64: No such file or directory
slurmd[rzmerl36]: execve(): ../../bin/ft.D.64: No such file or directory
slurmd[rzmerl36]: execve(): ../../bin/ft.D.64: No such file or directory
slurmd[rzmerl36]: execve(): ../../bin/ft.D.64: No such file or directory
slurmd[rzmerl36]: execve(): ../../bin/ft.D.64: No such file or directory
slurmd[rzmerl36]: execve(): ../../bin/ft.D.64: No such file or directory
slurmd[rzmerl36]: execve(): ../../bin/ft.D.64: No such file or directory
slurmd[rzmerl36]: execve(): ../../bin/ft.D.64: No such file or directory
slurmd[rzmerl36]: execve(): ../../bin/ft.D.64: No such file or directory
slurmd[rzmerl36]: execve(): ../../bin/ft.D.64: No such file or directory
slurmd[rzmerl36]: execve(): ../../bin/ft.D.64: No such file or directory
slurmd[rzmerl38]: execve(): ../../bin/ft.D.64: No such file or directory
slurmd[rzmerl38]: execve(): ../../bin/ft.D.64: No such file or directory
slurmd[rzmerl38]: execve(): ../../bin/ft.D.64: No such file or directory
slurmd[rzmerl38]: execve(): ../../bin/ft.D.64: No such file or directory
slurmd[rzmerl38]: execve(): ../../bin/ft.D.64: No such file or directory
slurmd[rzmerl38]: execve(): ../../bin/ft.D.64: No such file or directory
slurmd[rzmerl38]: execve(): ../../bin/ft.D.64: No such file or directory
slurmd[rzmerl38]: execve(): ../../bin/ft.D.64: No such file or directory
slurmd[rzmerl38]: execve(): ../../bin/ft.D.64: No such file or directory
slurmd[rzmerl38]: execve(): ../../bin/ft.D.64: No such file or directory
slurmd[rzmerl38]: execve(): ../../bin/ft.D.64: No such file or directory
slurmd[rzmerl38]: execve(): ../../bin/ft.D.64: No such file or directory
slurmd[rzmerl38]: execve(): ../../bin/ft.D.64: No such file or directory
slurmd[rzmerl38]: execve(): ../../bin/ft.D.64: No such file or directory
slurmd[rzmerl38]: execve(): ../../bin/ft.D.64: No such file or directory
slurmd[rzmerl38]: execve(): ../../bin/ft.D.64: No such file or directory
slurmd[rzmerl37]: execve(): ../../bin/ft.D.64: No such file or directory
slurmd[rzmerl37]: execve(): ../../bin/ft.D.64: No such file or directory
slurmd[rzmerl37]: execve(): ../../bin/ft.D.64: No such file or directory
slurmd[rzmerl37]: execve(): ../../bin/ft.D.64: No such file or directory
slurmd[rzmerl37]: execve(): ../../bin/ft.D.64: No such file or directory
slurmd[rzmerl37]: execve(): ../../bin/ft.D.64: No such file or directory
slurmd[rzmerl37]: execve(): ../../bin/ft.D.64: No such file or directory
slurmd[rzmerl37]: execve(): ../../bin/ft.D.64: No such file or directory
slurmd[rzmerl37]: execve(): ../../bin/ft.D.64: No such file or directory
slurmd[rzmerl37]: execve(): ../../bin/ft.D.64: No such file or directory
slurmd[rzmerl37]: execve(): ../../bin/ft.D.64: No such file or directory
slurmd[rzmerl37]: execve(): ../../bin/ft.D.64: No such file or directory
slurmd[rzmerl37]: execve(): ../../bin/ft.D.64: No such file or directory
slurmd[rzmerl37]: execve(): ../../bin/ft.D.64: No such file or directory
slurmd[rzmerl37]: execve(): ../../bin/ft.D.64: No such file or directory
slurmd[rzmerl37]: execve(): ../../bin/ft.D.64: No such file or directory
filename=rzmerl35_rapl_ft.D.64_0000__XXXXXX
filename=rzmerl38_rapl_ft.D.64_0048__XXXXXX
filename=rzmerl37_rapl_ft.D.64_0032__XXXXXX
filename=rzmerl36_rapl_ft.D.64_0016__XXXXXX
msr_opt.c::54 c=-1
msr_opt.c::78 setting MSR_PKG_POWER_LIMIT to 0x38208 on cpu 0
msr_opt.c::83 setting MSR_PP0_POWER_LIMIT to 0x0 on cpu 0
msr_opt.c::88 setting MSR_DRAM_POWER_LIMIT to 0x380a0 on cpu 0
msr_core.c::64  pwrite returned -1.  fd[0]=16, cpu=0, msr=1560 (618), val=229536 (0x380a0).  errno=5
: Input/output error
msr_opt.c::78 setting MSR_PKG_POWER_LIMIT to 0x38208 on cpu 1
msr_opt.c::83 setting MSR_PP0_POWER_LIMIT to 0x0 on cpu 1
msr_opt.c::88 setting MSR_DRAM_POWER_LIMIT to 0x380a0 on cpu 1
msr_core.c::64  pwrite returned -1.  fd[1]=17, cpu=1, msr=1560 (618), val=229536 (0x380a0).  errno=5
: Input/output error
msr_rapl.c::399 returned from parse_opts
msr_opt.c::54 c=-1
msr_opt.c::54 c=-1
msr_opt.c::78 setting MSR_PKG_POWER_LIMIT to 0x38208 on cpu 0
msr_opt.c::78 setting MSR_PKG_POWER_LIMIT to 0x38208 on cpu 0
msr_opt.c::83 setting MSR_PP0_POWER_LIMIT to 0x0 on cpu 0
msr_opt.c::83 setting MSR_PP0_POWER_LIMIT to 0x0 on cpu 0
msr_opt.c::88 setting MSR_DRAM_POWER_LIMIT to 0x380a0 on cpu 0
msr_opt.c::88 setting MSR_DRAM_POWER_LIMIT to 0x380a0 on cpu 0
msr_core.c::64  pwrite returned -1.  fd[0]=14, cpu=0, msr=1560 (618), val=229536 (0x380a0).  errno=5
: Input/output error
msr_core.c::64  pwrite returned -1.  fd[0]=14, cpu=0, msr=1560 (618), val=229536 (0x380a0).  errno=5
: Input/output error
msr_opt.c::78 setting MSR_PKG_POWER_LIMIT to 0x38208 on cpu 1
msr_opt.c::78 setting MSR_PKG_POWER_LIMIT to 0x38208 on cpu 1
msr_opt.c::83 setting MSR_PP0_POWER_LIMIT to 0x0 on cpu 1
msr_opt.c::83 setting MSR_PP0_POWER_LIMIT to 0x0 on cpu 1
msr_opt.c::88 setting MSR_DRAM_POWER_LIMIT to 0x380a0 on cpu 1
msr_opt.c::88 setting MSR_DRAM_POWER_LIMIT to 0x380a0 on cpu 1
msr_core.c::64  pwrite returned -1.  fd[1]=15, cpu=1, msr=1560 (618), val=229536 (0x380a0).  errno=5
: Input/output error
msr_core.c::64  pwrite returned -1.  fd[1]=15, cpu=1, msr=1560 (618), val=229536 (0x380a0).  errno=5
: Input/output error
msr_rapl.c::399 returned from parse_opts
msr_rapl.c::399 returned from parse_opts
msr_opt.c::54 c=-1
msr_opt.c::78 setting MSR_PKG_POWER_LIMIT to 0x38208 on cpu 0
msr_opt.c::83 setting MSR_PP0_POWER_LIMIT to 0x0 on cpu 0
msr_opt.c::88 setting MSR_DRAM_POWER_LIMIT to 0x380a0 on cpu 0
msr_core.c::64  pwrite returned -1.  fd[0]=15, cpu=0, msr=1560 (618), val=229536 (0x380a0).  errno=5
: Input/output error
msr_opt.c::78 setting MSR_PKG_POWER_LIMIT to 0x38208 on cpu 1
msr_opt.c::83 setting MSR_PP0_POWER_LIMIT to 0x0 on cpu 1
msr_opt.c::88 setting MSR_DRAM_POWER_LIMIT to 0x380a0 on cpu 1
msr_core.c::64  pwrite returned -1.  fd[1]=16, cpu=1, msr=1560 (618), val=229536 (0x380a0).  errno=5
: Input/output error
msr_rapl.c::399 returned from parse_opts
