auto-affinity: local task 3: CPUs: 3
auto-affinity: local task 3: CPUs: 3
auto-affinity: local task 0: CPUs: 0
auto-affinity: local task 2: CPUs: 2
auto-affinity: local task 3: CPUs: 3
auto-affinity: local task 1: CPUs: 1
auto-affinity: local task 1: CPUs: 1
auto-affinity: local task 3: CPUs: 3
auto-affinity: local task 1: CPUs: 1
auto-affinity: local task 3: CPUs: 3
auto-affinity: local task 1: CPUs: 1
auto-affinity: local task 3: CPUs: 3
auto-affinity: local task 1: CPUs: 1
auto-affinity: local task 1: CPUs: 1
auto-affinity: local task 3: CPUs: 3
auto-affinity: local task 2: CPUs: 2
auto-affinity: local task 1: CPUs: 1
auto-affinity: local task 1: CPUs: 1
auto-affinity: local task 3: CPUs: 3
auto-affinity: local task 2: CPUs: 2
auto-affinity: local task 1: CPUs: 1
auto-affinity: local task 3: CPUs: 3
auto-affinity: local task 1: CPUs: 1
auto-affinity: local task 1: CPUs: 1
auto-affinity: local task 1: CPUs: 1
auto-affinity: local task 3: CPUs: 3
auto-affinity: local task 1: CPUs: 1
auto-affinity: local task 1: CPUs: 1
auto-affinity: local task 1: CPUs: 1
auto-affinity: local task 3: CPUs: 3
auto-affinity: local task 1: CPUs: 1
auto-affinity: local task 1: CPUs: 1
auto-affinity: local task 3: CPUs: 3
auto-affinity: local task 1: CPUs: 1
auto-affinity: local task 1: CPUs: 1
auto-affinity: local task 1: CPUs: 1
auto-affinity: local task 0: CPUs: 0
auto-affinity: local task 1: CPUs: 1
auto-affinity: local task 1: CPUs: 1
auto-affinity: local task 2: CPUs: 2
auto-affinity: local task 1: CPUs: 1
auto-affinity: local task 1: CPUs: 1
auto-affinity: local task 1: CPUs: 1
auto-affinity: local task 1: CPUs: 1
auto-affinity: local task 1: CPUs: 1
auto-affinity: local task 1: CPUs: 1
auto-affinity: local task 1: CPUs: 1
auto-affinity: local task 1: CPUs: 1
auto-affinity: local task 1: CPUs: 1
auto-affinity: local task 1: CPUs: 1
auto-affinity: local task 2: CPUs: 2
auto-affinity: local task 0: CPUs: 0
auto-affinity: local task 1: CPUs: 1
auto-affinity: local task 1: CPUs: 1
auto-affinity: local task 1: CPUs: 1
auto-affinity: local task 2: CPUs: 2
auto-affinity: local task 1: CPUs: 1
auto-affinity: local task 1: CPUs: 1
auto-affinity: local task 1: CPUs: 1
auto-affinity: local task 2: CPUs: 2
auto-affinity: local task 1: CPUs: 1
auto-affinity: local task 1: CPUs: 1
auto-affinity: local task 1: CPUs: 1
auto-affinity: local task 1: CPUs: 1
auto-affinity: local task 3: CPUs: 3
auto-affinity: local task 2: CPUs: 2
auto-affinity: local task 1: CPUs: 1
auto-affinity: local task 1: CPUs: 1
auto-affinity: local task 1: CPUs: 1
auto-affinity: local task 3: CPUs: 3
auto-affinity: local task 0: CPUs: 0
auto-affinity: local task 0: CPUs: 0
auto-affinity: local task 0: CPUs: 0
auto-affinity: local task 2: CPUs: 2
auto-affinity: local task 2: CPUs: 2
auto-affinity: local task 1: CPUs: 1
auto-affinity: local task 1: CPUs: 1
auto-affinity: local task 0: CPUs: 0
auto-affinity: local task 2: CPUs: 2
auto-affinity: local task 0: CPUs: 0
auto-affinity: local task 2: CPUs: 2
auto-affinity: local task 0: CPUs: 0
auto-affinity: local task 2: CPUs: 2
auto-affinity: local task 3: CPUs: 3
auto-affinity: local task 3: CPUs: 3
auto-affinity: local task 0: CPUs: 0
auto-affinity: local task 1: CPUs: 1
auto-affinity: local task 3: CPUs: 3
auto-affinity: local task 0: CPUs: 0
auto-affinity: local task 0: CPUs: 0
auto-affinity: local task 1: CPUs: 1
auto-affinity: local task 2: CPUs: 2
auto-affinity: local task 2: CPUs: 2
auto-affinity: local task 2: CPUs: 2
auto-affinity: local task 3: CPUs: 3
auto-affinity: local task 0: CPUs: 0
auto-affinity: local task 3: CPUs: 3
auto-affinity: local task 0: CPUs: 0
auto-affinity: local task 1: CPUs: 1
auto-affinity: local task 0: CPUs: 0
auto-affinity: local task 2: CPUs: 2
auto-affinity: local task 2: CPUs: 2
auto-affinity: local task 2: CPUs: 2
auto-affinity: local task 0: CPUs: 0
auto-affinity: local task 0: CPUs: 0
auto-affinity: local task 0: CPUs: 0
auto-affinity: local task 1: CPUs: 1
auto-affinity: local task 2: CPUs: 2
auto-affinity: local task 0: CPUs: 0
auto-affinity: local task 1: CPUs: 1
auto-affinity: local task 3: CPUs: 3
auto-affinity: local task 3: CPUs: 3
auto-affinity: local task 2: CPUs: 2
auto-affinity: local task 0: CPUs: 0
auto-affinity: local task 3: CPUs: 3
auto-affinity: local task 0: CPUs: 0
auto-affinity: local task 1: CPUs: 1
auto-affinity: local task 3: CPUs: 3
auto-affinity: local task 3: CPUs: 3
auto-affinity: local task 2: CPUs: 2
auto-affinity: local task 1: CPUs: 1
auto-affinity: local task 0: CPUs: 0
auto-affinity: local task 3: CPUs: 3
auto-affinity: local task 2: CPUs: 2
auto-affinity: local task 0: CPUs: 0
auto-affinity: local task 3: CPUs: 3
auto-affinity: local task 0: CPUs: 0
auto-affinity: local task 0: CPUs: 0
auto-affinity: local task 2: CPUs: 2
auto-affinity: local task 2: CPUs: 2
auto-affinity: local task 2: CPUs: 2
auto-affinity: local task 1: CPUs: 1
auto-affinity: local task 2: CPUs: 2
auto-affinity: local task 3: CPUs: 3
auto-affinity: local task 0: CPUs: 0
auto-affinity: local task 0: CPUs: 0
auto-affinity: local task 0: CPUs: 0
auto-affinity: local task 1: CPUs: 1
auto-affinity: local task 0: CPUs: 0
auto-affinity: local task 3: CPUs: 3
auto-affinity: local task 3: CPUs: 3
auto-affinity: local task 2: CPUs: 2
auto-affinity: local task 2: CPUs: 2
auto-affinity: local task 0: CPUs: 0
auto-affinity: local task 3: CPUs: 3
auto-affinity: local task 0: CPUs: 0
auto-affinity: local task 2: CPUs: 2
auto-affinity: local task 3: CPUs: 3
auto-affinity: local task 2: CPUs: 2
auto-affinity: local task 2: CPUs: 2
auto-affinity: local task 2: CPUs: 2
auto-affinity: local task 3: CPUs: 3
auto-affinity: local task 0: CPUs: 0
auto-affinity: local task 0: CPUs: 0
auto-affinity: local task 0: CPUs: 0
auto-affinity: local task 1: CPUs: 1
auto-affinity: local task 3: CPUs: 3
auto-affinity: local task 3: CPUs: 3
auto-affinity: local task 3: CPUs: 3
auto-affinity: local task 1: CPUs: 1
auto-affinity: local task 2: CPUs: 2
auto-affinity: local task 0: CPUs: 0
auto-affinity: local task 0: CPUs: 0
auto-affinity: local task 2: CPUs: 2
auto-affinity: local task 0: CPUs: 0
auto-affinity: local task 3: CPUs: 3
auto-affinity: local task 0: CPUs: 0
auto-affinity: local task 1: CPUs: 1
auto-affinity: local task 1: CPUs: 1
auto-affinity: local task 0: CPUs: 0
auto-affinity: local task 2: CPUs: 2
auto-affinity: local task 2: CPUs: 2
auto-affinity: local task 3: CPUs: 3
auto-affinity: local task 2: CPUs: 2
auto-affinity: local task 0: CPUs: 0
auto-affinity: local task 2: CPUs: 2
auto-affinity: local task 3: CPUs: 3
auto-affinity: local task 2: CPUs: 2
auto-affinity: local task 2: CPUs: 2
auto-affinity: local task 2: CPUs: 2
auto-affinity: local task 2: CPUs: 2
auto-affinity: local task 0: CPUs: 0
auto-affinity: local task 3: CPUs: 3
auto-affinity: local task 3: CPUs: 3
auto-affinity: local task 0: CPUs: 0
auto-affinity: local task 3: CPUs: 3
auto-affinity: local task 0: CPUs: 0
auto-affinity: local task 3: CPUs: 3
auto-affinity: local task 2: CPUs: 2
auto-affinity: local task 3: CPUs: 3
auto-affinity: local task 2: CPUs: 2
auto-affinity: local task 3: CPUs: 3
auto-affinity: local task 2: CPUs: 2
auto-affinity: local task 0: CPUs: 0
auto-affinity: local task 0: CPUs: 0
auto-affinity: local task 3: CPUs: 3
auto-affinity: local task 0: CPUs: 0
auto-affinity: local task 2: CPUs: 2
auto-affinity: local task 2: CPUs: 2
auto-affinity: local task 3: CPUs: 3
auto-affinity: local task 3: CPUs: 3
auto-affinity: local task 0: CPUs: 0
auto-affinity: local task 3: CPUs: 3
auto-affinity: local task 0: CPUs: 0
auto-affinity: local task 0: CPUs: 0
auto-affinity: local task 0: CPUs: 0
auto-affinity: local task 3: CPUs: 3
auto-affinity: local task 3: CPUs: 3
auto-affinity: local task 0: CPUs: 0
auto-affinity: local task 2: CPUs: 2
auto-affinity: local task 2: CPUs: 2
auto-affinity: local task 1: CPUs: 1
auto-affinity: local task 2: CPUs: 2
auto-affinity: local task 0: CPUs: 0
auto-affinity: local task 2: CPUs: 2
auto-affinity: local task 3: CPUs: 3
auto-affinity: local task 2: CPUs: 2
auto-affinity: local task 1: CPUs: 1
auto-affinity: local task 3: CPUs: 3
auto-affinity: local task 2: CPUs: 2
auto-affinity: local task 0: CPUs: 0
auto-affinity: local task 3: CPUs: 3
auto-affinity: local task 2: CPUs: 2
auto-affinity: local task 3: CPUs: 3
auto-affinity: local task 0: CPUs: 0
auto-affinity: local task 2: CPUs: 2
auto-affinity: local task 3: CPUs: 3
auto-affinity: local task 0: CPUs: 0
auto-affinity: local task 2: CPUs: 2
auto-affinity: local task 3: CPUs: 3
auto-affinity: local task 3: CPUs: 3
auto-affinity: local task 0: CPUs: 0
auto-affinity: local task 0: CPUs: 0
auto-affinity: local task 1: CPUs: 1
auto-affinity: local task 0: CPUs: 0
auto-affinity: local task 0: CPUs: 0
auto-affinity: local task 0: CPUs: 0
auto-affinity: local task 1: CPUs: 1
auto-affinity: local task 3: CPUs: 3
auto-affinity: local task 0: CPUs: 0
auto-affinity: local task 3: CPUs: 3
auto-affinity: local task 3: CPUs: 3
auto-affinity: local task 2: CPUs: 2
auto-affinity: local task 2: CPUs: 2
auto-affinity: local task 2: CPUs: 2
auto-affinity: local task 2: CPUs: 2
auto-affinity: local task 3: CPUs: 3
auto-affinity: local task 0: CPUs: 0
auto-affinity: local task 3: CPUs: 3
auto-affinity: local task 2: CPUs: 2
auto-affinity: local task 0: CPUs: 0
auto-affinity: local task 2: CPUs: 2
auto-affinity: local task 3: CPUs: 3
auto-affinity: local task 0: CPUs: 0
auto-affinity: local task 3: CPUs: 3
auto-affinity: local task 2: CPUs: 2
filename=rzmerl17_rapl_ep.D.256_0000__XXXXXX
filename=rzmerl39_rapl_ep.D.256_0064__XXXXXX
filename=rzmerl139_rapl_ep.D.256_0192__XXXXXX
filename=rzmerl131_rapl_ep.D.256_0160__XXXXXX
filename=rzmerl151_rapl_ep.D.256_0240__XXXXXX
filename=rzmerl35_rapl_ep.D.256_0048__XXXXXX
filename=rzmerl21_rapl_ep.D.256_0016__XXXXXX
msr_opt.c::79 setting MSR_PKG_POWER_LIMIT to 0x38208 on cpu 0
msr_opt.c::85 setting MSR_PP0_POWER_LIMIT to 0x0 on cpu 0
msr_opt.c::90 setting MSR_DRAM_POWER_LIMIT to 0x0 on cpu 0
msr_opt.c::79 setting MSR_PKG_POWER_LIMIT to 0x38208 on cpu 1
msr_opt.c::85 setting MSR_PP0_POWER_LIMIT to 0x0 on cpu 1
msr_opt.c::90 setting MSR_DRAM_POWER_LIMIT to 0x0 on cpu 1
filename=rzmerl127_rapl_ep.D.256_0144__XXXXXX
filename=rzmerl147_rapl_ep.D.256_0224__XXXXXX
filename=rzmerl143_rapl_ep.D.256_0208__XXXXXX
filename=rzmerl31_rapl_ep.D.256_0032__XXXXXX
filename=rzmerl47_rapl_ep.D.256_0096__XXXXXX
filename=rzmerl43_rapl_ep.D.256_0080__XXXXXX
filename=rzmerl55_rapl_ep.D.256_0128__XXXXXX
filename=rzmerl51_rapl_ep.D.256_0112__XXXXXX
filename=rzmerl135_rapl_ep.D.256_0176__XXXXXX
msr_rapl.c::399 returned from parse_opts
msr_opt.c::79 setting MSR_PKG_POWER_LIMIT to 0x38208 on cpu 0
msr_opt.c::85 setting MSR_PP0_POWER_LIMIT to 0x0 on cpu 0
msr_opt.c::90 setting MSR_DRAM_POWER_LIMIT to 0x0 on cpu 0
msr_opt.c::79 setting MSR_PKG_POWER_LIMIT to 0x38208 on cpu 1
msr_opt.c::85 setting MSR_PP0_POWER_LIMIT to 0x0 on cpu 1
msr_opt.c::90 setting MSR_DRAM_POWER_LIMIT to 0x0 on cpu 1
msr_opt.c::79 setting MSR_PKG_POWER_LIMIT to 0x38208 on cpu 0
msr_opt.c::85 setting MSR_PP0_POWER_LIMIT to 0x0 on cpu 0
msr_opt.c::90 setting MSR_DRAM_POWER_LIMIT to 0x0 on cpu 0
msr_opt.c::79 setting MSR_PKG_POWER_LIMIT to 0x38208 on cpu 1
msr_opt.c::85 setting MSR_PP0_POWER_LIMIT to 0x0 on cpu 1
msr_opt.c::90 setting MSR_DRAM_POWER_LIMIT to 0x0 on cpu 1
msr_opt.c::79 setting MSR_PKG_POWER_LIMIT to 0x38208 on cpu 0
msr_opt.c::85 setting MSR_PP0_POWER_LIMIT to 0x0 on cpu 0
msr_opt.c::90 setting MSR_DRAM_POWER_LIMIT to 0x0 on cpu 0
msr_opt.c::79 setting MSR_PKG_POWER_LIMIT to 0x38208 on cpu 1
msr_opt.c::85 setting MSR_PP0_POWER_LIMIT to 0x0 on cpu 1
msr_opt.c::90 setting MSR_DRAM_POWER_LIMIT to 0x0 on cpu 1
msr_opt.c::79 setting MSR_PKG_POWER_LIMIT to 0x38208 on cpu 0
msr_opt.c::85 setting MSR_PP0_POWER_LIMIT to 0x0 on cpu 0
msr_opt.c::90 setting MSR_DRAM_POWER_LIMIT to 0x0 on cpu 0
msr_opt.c::79 setting MSR_PKG_POWER_LIMIT to 0x38208 on cpu 1
msr_opt.c::85 setting MSR_PP0_POWER_LIMIT to 0x0 on cpu 1
msr_opt.c::90 setting MSR_DRAM_POWER_LIMIT to 0x0 on cpu 1
msr_opt.c::79 setting MSR_PKG_POWER_LIMIT to 0x38208 on cpu 0
msr_opt.c::85 setting MSR_PP0_POWER_LIMIT to 0x0 on cpu 0
msr_opt.c::90 setting MSR_DRAM_POWER_LIMIT to 0x0 on cpu 0
msr_opt.c::79 setting MSR_PKG_POWER_LIMIT to 0x38208 on cpu 1
msr_opt.c::79 setting MSR_PKG_POWER_LIMIT to 0x38208 on cpu 0
msr_opt.c::85 setting MSR_PP0_POWER_LIMIT to 0x0 on cpu 0
msr_opt.c::90 setting MSR_DRAM_POWER_LIMIT to 0x0 on cpu 0
msr_opt.c::79 setting MSR_PKG_POWER_LIMIT to 0x38208 on cpu 1
msr_opt.c::85 setting MSR_PP0_POWER_LIMIT to 0x0 on cpu 1
msr_opt.c::90 setting MSR_DRAM_POWER_LIMIT to 0x0 on cpu 1
msr_opt.c::79 setting MSR_PKG_POWER_LIMIT to 0x38208 on cpu 0
msr_opt.c::85 setting MSR_PP0_POWER_LIMIT to 0x0 on cpu 0
msr_opt.c::90 setting MSR_DRAM_POWER_LIMIT to 0x0 on cpu 0
msr_opt.c::79 setting MSR_PKG_POWER_LIMIT to 0x38208 on cpu 1
msr_opt.c::85 setting MSR_PP0_POWER_LIMIT to 0x0 on cpu 1
msr_opt.c::90 setting MSR_DRAM_POWER_LIMIT to 0x0 on cpu 1
msr_rapl.c::399 returned from parse_opts
msr_opt.c::79 setting MSR_PKG_POWER_LIMIT to 0x38208 on cpu 0
msr_opt.c::85 setting MSR_PP0_POWER_LIMIT to 0x0 on cpu 0
msr_opt.c::90 setting MSR_DRAM_POWER_LIMIT to 0x0 on cpu 0
msr_opt.c::79 setting MSR_PKG_POWER_LIMIT to 0x38208 on cpu 1
msr_opt.c::85 setting MSR_PP0_POWER_LIMIT to 0x0 on cpu 1
msr_opt.c::90 setting MSR_DRAM_POWER_LIMIT to 0x0 on cpu 1
msr_opt.c::79 setting MSR_PKG_POWER_LIMIT to 0x38208 on cpu 0
msr_opt.c::85 setting MSR_PP0_POWER_LIMIT to 0x0 on cpu 0
msr_opt.c::90 setting MSR_DRAM_POWER_LIMIT to 0x0 on cpu 0
msr_opt.c::79 setting MSR_PKG_POWER_LIMIT to 0x38208 on cpu 1
msr_opt.c::85 setting MSR_PP0_POWER_LIMIT to 0x0 on cpu 1
msr_opt.c::90 setting MSR_DRAM_POWER_LIMIT to 0x0 on cpu 1
msr_rapl.c::399 returned from parse_opts
msr_opt.c::79 setting MSR_PKG_POWER_LIMIT to 0x38208 on cpu 0
msr_opt.c::85 setting MSR_PP0_POWER_LIMIT to 0x0 on cpu 0
msr_opt.c::90 setting MSR_DRAM_POWER_LIMIT to 0x0 on cpu 0
msr_opt.c::79 setting MSR_PKG_POWER_LIMIT to 0x38208 on cpu 1
msr_opt.c::85 setting MSR_PP0_POWER_LIMIT to 0x0 on cpu 1
msr_opt.c::79 setting MSR_PKG_POWER_LIMIT to 0x38208 on cpu 0
msr_opt.c::85 setting MSR_PP0_POWER_LIMIT to 0x0 on cpu 0
msr_opt.c::90 setting MSR_DRAM_POWER_LIMIT to 0x0 on cpu 0
msr_opt.c::79 setting MSR_PKG_POWER_LIMIT to 0x38208 on cpu 1
msr_opt.c::85 setting MSR_PP0_POWER_LIMIT to 0x0 on cpu 1
msr_opt.c::90 setting MSR_DRAM_POWER_LIMIT to 0x0 on cpu 1
msr_opt.c::79 setting MSR_PKG_POWER_LIMIT to 0x38208 on cpu 0
msr_opt.c::85 setting MSR_PP0_POWER_LIMIT to 0x0 on cpu 0
msr_opt.c::90 setting MSR_DRAM_POWER_LIMIT to 0x0 on cpu 0
msr_opt.c::79 setting MSR_PKG_POWER_LIMIT to 0x38208 on cpu 1
msr_opt.c::85 setting MSR_PP0_POWER_LIMIT to 0x0 on cpu 1
msr_opt.c::90 setting MSR_DRAM_POWER_LIMIT to 0x0 on cpu 1
msr_opt.c::79 setting MSR_PKG_POWER_LIMIT to 0x38208 on cpu 0
msr_opt.c::85 setting MSR_PP0_POWER_LIMIT to 0x0 on cpu 0
msr_opt.c::90 setting MSR_DRAM_POWER_LIMIT to 0x0 on cpu 0
msr_opt.c::79 setting MSR_PKG_POWER_LIMIT to 0x38208 on cpu 1
msr_opt.c::85 setting MSR_PP0_POWER_LIMIT to 0x0 on cpu 1
msr_opt.c::90 setting MSR_DRAM_POWER_LIMIT to 0x0 on cpu 1
msr_opt.c::79 setting MSR_PKG_POWER_LIMIT to 0x38208 on cpu 0
msr_opt.c::85 setting MSR_PP0_POWER_LIMIT to 0x0 on cpu 0
msr_opt.c::90 setting MSR_DRAM_POWER_LIMIT to 0x0 on cpu 0
msr_opt.c::79 setting MSR_PKG_POWER_LIMIT to 0x38208 on cpu 1
msr_opt.c::85 setting MSR_PP0_POWER_LIMIT to 0x0 on cpu 1
msr_opt.c::90 setting MSR_DRAM_POWER_LIMIT to 0x0 on cpu 1
msr_opt.c::79 setting MSR_PKG_POWER_LIMIT to 0x38208 on cpu 0
msr_opt.c::85 setting MSR_PP0_POWER_LIMIT to 0x0 on cpu 0
msr_opt.c::90 setting MSR_DRAM_POWER_LIMIT to 0x0 on cpu 0
msr_opt.c::79 setting MSR_PKG_POWER_LIMIT to 0x38208 on cpu 1
msr_opt.c::85 setting MSR_PP0_POWER_LIMIT to 0x0 on cpu 1
msr_opt.c::90 setting MSR_DRAM_POWER_LIMIT to 0x0 on cpu 1
msr_rapl.c::399 returned from parse_opts
msr_rapl.c::399 returned from parse_opts
msr_rapl.c::399 returned from parse_opts
msr_opt.c::85 setting MSR_PP0_POWER_LIMIT to 0x0 on cpu 1
msr_opt.c::90 setting MSR_DRAM_POWER_LIMIT to 0x0 on cpu 1
msr_rapl.c::399 returned from parse_opts
msr_rapl.c::399 returned from parse_opts
msr_rapl.c::399 returned from parse_opts
msr_rapl.c::399 returned from parse_opts
msr_opt.c::90 setting MSR_DRAM_POWER_LIMIT to 0x0 on cpu 1
msr_rapl.c::399 returned from parse_opts
msr_rapl.c::399 returned from parse_opts
msr_rapl.c::399 returned from parse_opts
msr_rapl.c::399 returned from parse_opts
msr_rapl.c::399 returned from parse_opts
msr_rapl.c::399 returned from parse_opts
