freq nodes cores pkg-clamp-0 pkg-clamp-1 dram-clamp-0 dram-clamp-1 avg-time avg-pkg-0 avg-pp0-0 avg-dram-0 avg-pkg-1 avg-pp0-1 avg-dram-1 tot-pkg-0 tot-pp0-0 tot-dram-0 tot-pkg-1 tot-pp0-1 tot-dram-1
 2600.000 16 64 80.000000 80.000000 0.000000 0.000000 9.96339634375 43.6560935 30.42222434375 5.322930875 43.3084838125 30.1165628125 2.21850990625 1396.994992 973.511179 170.333788 1385.871482 963.73001 70.992317 
 2600.000 16 128 51.000000 51.000000 0.000000 0.000000 3.3477146875 48.8803928984375 35.6720398203125 4.9918841484375 48.873325453125 35.705117484375 2.20217146875 6256.690291 4566.021097 638.961171 6255.785658 4570.255038 281.877948 
 2600.000 16 256 80.000000 80.000000 0.000000 0.000000 79.0381255 33.599996 20.34917925 6.11091725 33.382729 20.20690625 3.1462375 134.399984 81.396717 24.443669 133.530916 80.827625 12.58495 
 2600.000 16 64 95.000000 95.000000 0.000000 0.000000 10.16273046875 65.5146319375 52.2825945625 5.1735271875 64.62064765625 51.4341884375 1.98574178125 2096.468222 1673.043026 165.55287 2067.860725 1645.89403 63.543737 
 2600.000 16 128 51.000000 51.000000 0.000000 0.000000 10.0125989375 43.555322375 30.32173428125 5.330706625 43.17520875 29.9818031875 2.47054021875 1393.770316 970.295497 170.582612 1381.60668 959.417702 79.057287 
 2600.000 16 256 95.000000 95.000000 0.000000 0.000000 78.95442275 33.5480505 20.302492 6.0929595 33.34409075 20.16598775 3.020188 134.192202 81.209968 24.371838 133.376363 80.663951 12.080752 
 2600.000 16 64 95.000000 95.000000 0.000000 0.000000 19.8160256875 33.8192426875 20.5564225 5.2413314375 33.366217125 20.1810450625 2.2350298125 541.107883 328.90276 83.861303 533.859474 322.896721 35.760477 
 2600.000 16 128 51.000000 51.000000 0.000000 0.000000 39.71337075 43.6960975 30.464639875 6.04719925 43.61968775 30.44282875 2.955830125 349.56878 243.717119 48.377594 348.957502 243.54263 23.646641 
 2600.000 16 256 65.000000 65.000000 0.000000 0.000000 10.18118953125 43.64167159375 30.4081056875 5.31786946875 43.28974575 30.09806021875 2.47142484375 1396.533491 973.059382 170.171823 1385.271864 963.137927 79.085595 
 2600.000 16 64 95.000000 95.000000 0.000000 0.000000 5.06388553125 64.9208346875 51.683209203125 5.135175796875 64.345713921875 51.1500813125 2.13680203125 4154.93342 3307.725389 328.651251 4118.125691 3273.605204 136.75533 
 2600.000 16 128 95.000000 95.000000 0.000000 0.000000 5.02110475 43.28656359375 30.087631546875 5.0518210625 43.00292834375 29.828278484375 2.47285678125 2770.34007 1925.608419 323.316548 2752.187414 1909.009823 158.262834 
 2600.000 16 256 95.000000 95.000000 0.000000 0.000000 9.940856125 43.6947141875 30.4614773125 5.31219425 43.35762009375 30.16542865625 2.2534451875 1398.230854 974.767274 169.990216 1387.443843 965.293717 72.110246 
 2600.000 16 64 95.000000 95.000000 0.000000 0.000000 19.7932350625 43.8161805 30.5911051875 5.390440125 43.2642069375 30.0785381875 2.1432536875 701.058888 489.457683 86.247042 692.227311 481.256611 34.292059 
 2600.000 16 128 65.000000 65.000000 0.000000 0.000000 10.6542976875 63.984053 50.7536028125 5.14058175 63.804048125 50.61877621875 2.0739365625 2047.489696 1624.11529 164.498616 2041.72954 1619.800839 66.36597 
 2600.000 16 256 65.000000 65.000000 0.000000 0.000000 20.06555875 43.7863036875 30.56043475 5.3766585625 43.213820875 30.0264375625 2.1467256875 700.580859 488.966956 86.026537 691.421134 480.423001 34.347611 
 2600.000 16 64 80.000000 80.000000 0.000000 0.000000 20.0842268125 43.838431375 30.613178125 5.370595 43.25451075 30.0668530625 2.183076 701.414902 489.81085 85.92952 692.072172 481.069649 34.929216 
 2600.000 16 128 95.000000 95.000000 0.000000 0.000000 20.047869625 65.796634875 52.539475 5.6508265 65.713870875 52.5106415 2.3334335 1052.746158 840.6316 90.413224 1051.421934 840.170264 37.334936 
 2600.000 16 256 80.000000 80.000000 0.000000 0.000000 2.767946921875 63.54467075 50.333042109375 4.9537181484375 63.1960489765625 50.0222056171875 2.212239515625 8133.717856 6442.62939 634.075923 8089.094269 6402.842319 283.166658 
 2600.000 16 64 65.000000 65.000000 0.000000 0.000000 9.96717709375 43.6176666875 30.3838109375 5.33700165625 43.26407334375 30.07197515625 2.4867766875 1395.765334 972.28195 170.784053 1384.450347 962.303205 79.576854 
 2600.000 16 128 51.000000 51.000000 0.000000 0.000000 79.1470065 33.595035 20.3488075 6.0453735 33.420434 20.24283825 3.0953765 134.38014 81.39523 24.181494 133.681736 80.971353 12.381506 
 2600.000 16 256 65.000000 65.000000 0.000000 0.000000 9.962335125 33.4633501875 20.24527734375 5.04366753125 33.13013875 19.95039353125 2.2528675625 1070.827206 647.848875 161.397361 1060.16444 638.412593 72.091762 
 2600.000 16 64 65.000000 65.000000 0.000000 0.000000 9.96434609375 43.6202449375 30.38682278125 5.2987228125 43.25205078125 30.0588089375 2.44893384375 1395.847838 972.378329 169.55913 1384.065625 961.881886 78.365883 
 2600.000 16 128 95.000000 95.000000 0.000000 0.000000 9.93340653125 33.52923671875 20.3125519375 5.0367348125 33.194137125 20.01648796875 2.3180866875 1072.935575 650.001662 161.175514 1062.212388 640.527615 74.178774 
 2600.000 16 256 80.000000 80.000000 0.000000 0.000000 79.1293095 33.5103295 20.25972475 6.10748975 33.325381 20.14734425 2.795233 134.041318 81.038899 24.429959 133.301524 80.589377 11.180932 
 2600.000 16 64 80.000000 80.000000 0.000000 0.000000 20.03261575 65.74595925 52.4888505625 5.6406546875 65.6848985 52.48207325 2.2773744375 1051.935348 839.821609 90.250475 1050.958376 839.713172 36.437991 
 2600.000 16 128 65.000000 65.000000 0.000000 0.000000 79.0326375 33.60973825 20.364079 5.98292925 33.366177 20.18990525 3.012992 134.438953 81.456316 23.931717 133.464708 80.759621 12.051968 
 2600.000 16 256 51.000000 51.000000 0.000000 0.000000 79.22166875 33.39063325 20.17900625 6.0758295 33.34250625 20.1706055 3.125501 133.562533 80.716025 24.303318 133.370025 80.682422 12.502004 
 2600.000 16 64 65.000000 65.000000 0.000000 0.000000 5.065231984375 43.03281584375 29.8348709375 5.057984640625 42.766038328125 29.591399796875 2.414066515625 2754.100214 1909.43174 323.711017 2737.026453 1893.849587 154.500257 
 2600.000 16 128 95.000000 95.000000 0.000000 0.000000 39.71391125 43.815975375 30.581522125 6.11296625 43.66084025 30.4816865 2.939958875 350.527803 244.652177 48.90373 349.286722 243.853492 23.519671 
 2600.000 16 256 51.000000 51.000000 0.000000 0.000000 12.61009303125 50.437806125 37.21415553125 5.150628125 50.4368149375 37.2644328125 2.07181628125 1614.009796 1190.852977 164.8201 1613.978078 1192.46185 66.298121 
 2600.000 16 64 80.000000 80.000000 0.000000 0.000000 5.06197953125 64.729582640625 51.49183396875 5.13597809375 64.176572390625 50.98135503125 2.142060953125 4142.693289 3295.477374 328.702598 4107.300633 3262.806722 137.091901 
 2600.000 16 128 65.000000 65.000000 0.000000 0.000000 20.6978435 64.2471556875 50.99192375 5.6372359375 64.254764875 51.051682625 2.2766463125 1027.954491 815.87078 90.195775 1028.076238 816.826922 36.426341 
 2600.000 16 256 65.000000 65.000000 0.000000 0.000000 5.535423953125 63.42295734375 50.185956046875 5.1382983125 63.328995375 50.133015859375 2.281872375 4059.06927 3211.901187 328.851092 4053.055704 3208.513015 146.039832 
 2600.000 16 64 80.000000 80.000000 0.000000 0.000000 9.95506078125 33.47595525 20.25881646875 5.05443684375 33.19940065625 20.01986565625 2.24084053125 1071.230568 648.282127 161.741979 1062.380821 640.635701 71.706897 
 2600.000 16 128 95.000000 95.000000 0.000000 0.000000 78.9586765 33.55355425 20.3057665 6.034028 33.3636925 20.18586775 3.0832715 134.214217 81.223066 24.136112 133.45477 80.743471 12.333086 
 2600.000 16 256 51.000000 51.000000 0.000000 0.000000 10.0038385 33.43811284375 20.2189405 5.0422104375 33.08073446875 19.9027863125 2.21431746875 1070.019611 647.006096 161.350734 1058.583503 636.889162 70.858159 
 2600.000 16 64 51.000000 51.000000 0.000000 0.000000 12.58749225 50.42673234375 37.2034204375 5.1699973125 50.42516871875 37.2531455625 2.1028330625 1613.655435 1190.509454 165.439914 1613.605399 1192.100658 67.290658 
 2600.000 16 128 80.000000 80.000000 0.000000 0.000000 39.519529125 43.776720125 30.542315125 6.097158875 43.658478875 30.479673125 2.7455 350.213761 244.338521 48.777271 349.267831 243.837385 21.964 
 2600.000 16 256 95.000000 95.000000 0.000000 0.000000 9.92780265625 43.70635190625 30.4735795625 5.3141049375 43.346228375 30.1543644375 2.277727375 1398.603261 975.154546 170.051358 1387.079308 964.939662 72.887276 
 2600.000 16 64 80.000000 80.000000 0.000000 0.000000 39.526831875 33.9354945 20.698122625 5.401395 33.227390375 20.050740875 2.137407375 271.483956 165.584981 43.21116 265.819123 160.405927 17.099259 
 2600.000 16 128 51.000000 51.000000 0.000000 0.000000 10.01456865625 43.54616234375 30.31252159375 5.3282934375 43.16478071875 29.970039125 2.492522375 1393.477195 970.000691 170.50539 1381.272983 959.041252 79.760716 
 2600.000 16 256 80.000000 80.000000 0.000000 0.000000 5.037871953125 43.16547903125 29.96694678125 5.06507709375 42.885824609375 29.711514765625 2.396553953125 2762.590658 1917.884594 324.164934 2744.692775 1901.536945 153.379453 
 2600.000 16 64 51.000000 51.000000 0.000000 0.000000 12.6551360625 50.3964896875 37.17312425 5.1598565 50.3953484375 37.2230195 2.08869659375 1612.68767 1189.539976 165.115408 1612.65115 1191.136624 66.838291 
 2600.000 16 128 95.000000 95.000000 0.000000 0.000000 19.8013815 43.8092705625 30.58533375 5.3921903125 43.2144193125 30.026972625 2.14548025 700.948329 489.36534 86.275045 691.430709 480.431562 34.327684 
 2600.000 16 256 51.000000 51.000000 0.000000 0.000000 5.107459046875 42.880632 29.67939209375 5.07966965625 42.580742703125 29.405572109375 2.35684053125 2744.360448 1899.481094 325.098858 2725.167533 1881.956615 150.837794 
 2600.000 16 64 95.000000 95.000000 0.000000 0.000000 19.8011000625 33.8385301875 20.576072625 5.2388641875 33.387325625 20.1992054375 2.2354671875 541.416483 329.217162 83.821827 534.19721 323.187287 35.767475 
 2600.000 16 128 95.000000 95.000000 0.000000 0.000000 20.01005275 65.8004509375 52.5432086875 5.612226375 65.7081475625 52.5054804375 2.3531300625 1052.807215 840.691339 89.795622 1051.330361 840.087687 37.650081 
 2600.000 16 256 65.000000 65.000000 0.000000 0.000000 5.47507815625 63.29831328125 50.060446984375 5.13519128125 63.200913265625 50.00430365625 2.156979 4051.09205 3203.868607 328.652242 4044.858449 3200.275434 138.046656 
 2600.000 32 128 80.000000 80.000000 0.000000 0.000000 19.99531825 33.8552021875 20.5934073125 5.2095763125 33.40263775 20.21480375 2.4294380625 541.683235 329.494517 83.353221 534.442204 323.43686 38.871009 
 2600.000 32 256 65.000000 65.000000 0.000000 0.000000 39.531031625 33.931731 20.695145125 5.489503375 33.166427625 19.990958625 2.36906 271.453848 165.561161 43.916027 265.331421 159.927669 18.95248 
 2600.000 32 512 65.000000 65.000000 0.000000 0.000000 5.27262796875 43.11313084375 29.91386509375 5.053189296875 42.858429375 29.684247171875 2.315209734375 2759.240374 1914.487366 323.404115 2742.93948 1899.791819 148.173423 
 2600.000 32 128 80.000000 80.000000 0.000000 0.000000 9.97476753125 65.37353959375 52.14251034375 5.1675420625 64.4810879375 51.29667596875 1.89426503125 2091.953267 1668.560331 165.361346 2063.394814 1641.493631 60.616481 
 2600.000 32 256 95.000000 95.000000 0.000000 0.000000 20.0755769375 33.86498575 20.6024824375 5.225615 33.36412775 20.1788686875 2.2523605625 541.839772 329.639719 83.60984 533.826044 322.861899 36.037769 
 2600.000 32 512 65.000000 65.000000 0.000000 0.000000 20.821213625 64.250019875 50.995702 5.6304441875 64.2575978125 51.05496 2.273848375 1028.000318 815.931232 90.087107 1028.121565 816.87936 36.381574 
 2600.000 32 128 95.000000 95.000000 0.000000 0.000000 10.1748258125 65.532760125 52.30036625 5.166065375 64.64479103125 51.458736 1.90547978125 2097.048324 1673.61172 165.314092 2068.633313 1646.679552 60.975353 
 2600.000 32 256 51.000000 51.000000 0.000000 0.000000 24.7222055 50.6295681875 37.38470875 5.6252818125 50.629769625 37.4468909375 2.3410585 810.073091 598.15534 90.004509 810.076314 599.150255 37.456936 
 2600.000 32 512 51.000000 51.000000 0.000000 0.000000 5.105875796875 42.85708059375 29.65674903125 5.075098953125 42.578569796875 29.40364925 2.382903890625 2742.853158 1898.031938 324.806333 2725.028467 1881.833552 152.505849 
 2600.000 32 128 51.000000 51.000000 0.000000 0.000000 20.0753785 43.7649011875 30.5414354375 5.37637875 43.181290625 29.99621025 2.1714854375 700.238419 488.662967 86.02206 690.90065 479.939364 34.743767 
 2600.000 32 256 65.000000 65.000000 0.000000 0.000000 19.84972025 33.8063785625 20.542410625 5.24808525 33.3001265 20.1106380625 2.44598725 540.902057 328.67857 83.969364 532.802024 321.770209 39.135796 
 2600.000 32 512 80.000000 80.000000 0.000000 0.000000 5.033835421875 43.19872665625 29.999724515625 5.06172746875 42.911368453125 29.73627275 2.4321950625 2764.718506 1919.982369 323.950558 2746.327581 1903.121456 155.660484 
 2600.000 32 128 80.000000 80.000000 0.000000 0.000000 39.5270505 33.91240875 20.674087125 5.40859075 33.168186875 19.989741375 2.128465125 271.29927 165.392697 43.268726 265.345495 159.917931 17.027721 
 2600.000 32 256 51.000000 51.000000 0.000000 0.000000 19.8483128125 33.8027228125 20.539906 5.254314375 33.3484766875 20.161840375 2.435659125 540.843565 328.638496 84.06903 533.575627 322.589446 38.970546 
 2600.000 32 512 95.000000 95.000000 0.000000 0.000000 2.6324616015625 63.512015390625 50.301115875 4.962039140625 63.1509368671875 49.9784105078125 2.235868796875 8129.53797 6438.542832 635.14101 8083.319919 6397.236545 286.191206 
 2600.000 32 128 51.000000 51.000000 0.000000 0.000000 3.30013353125 48.9748815 35.7691241015625 4.988130796875 48.9821152421875 35.81398878125 2.19873353125 6268.784832 4578.447885 638.480742 6269.710751 4584.190564 281.437892 
 2600.000 32 256 95.000000 95.000000 0.000000 0.000000 2.6328189296875 63.579368984375 50.3682096328125 4.9478446640625 63.2172759921875 50.04447540625 2.2531095390625 8138.15923 6447.130833 633.324117 8091.811327 6405.692852 288.398021 
 2600.000 32 512 65.000000 65.000000 0.000000 0.000000 79.00151475 33.54429875 20.292834 5.9972455 33.38285625 20.2063335 2.957097 134.177195 81.171336 23.988982 133.531425 80.825334 11.828388 
 2600.000 32 128 95.000000 95.000000 0.000000 0.000000 5.263365984375 65.067911484375 51.82932646875 5.1303385 64.47919184375 51.283410328125 2.104405984375 4164.346335 3317.076894 328.341664 4126.668278 3282.138261 134.681983 
 2600.000 32 256 80.000000 80.000000 0.000000 0.000000 10.1802911875 33.5505359375 20.33324125 5.04904759375 33.175541875 19.995692625 2.2324946875 1073.61715 650.66372 161.569523 1061.61734 639.862164 71.43983 
 2600.000 32 512 65.000000 65.000000 0.000000 0.000000 5.06528584375 43.027942078125 29.830736296875 5.059523 42.7678461875 29.594334671875 2.455842984375 2753.788293 1909.167123 323.809472 2737.142156 1894.037419 157.173951 
 2600.000 32 128 80.000000 80.000000 0.000000 0.000000 39.534127375 33.900103375 20.660697375 5.40750575 33.26628275 20.08536525 2.173434375 271.200827 165.285579 43.260046 266.130262 160.682922 17.387475 
 2600.000 32 256 95.000000 95.000000 0.000000 0.000000 5.0196666875 43.271467734375 30.072574328125 5.05438365625 42.99839690625 29.823875578125 2.252271921875 2769.373935 1924.644757 323.480554 2751.897402 1908.728037 144.145403 
 2600.000 32 512 95.000000 95.000000 0.000000 0.000000 39.7353045 33.88266 20.64727575 5.41625225 33.22313075 20.046170375 2.109228125 271.06128 165.178206 43.330018 265.785046 160.369363 16.873825 
 2600.000 32 128 65.000000 65.000000 0.000000 0.000000 39.53572125 43.799290125 30.56498275 6.100287375 43.656063 30.47809075 2.800144625 350.394321 244.519862 48.802299 349.248504 243.824726 22.401157 
 2600.000 32 256 65.000000 65.000000 0.000000 0.000000 5.34044228125 63.2464915 50.009177796875 5.142707390625 63.15691796875 49.960953609375 2.148775828125 4047.775456 3200.587379 329.133273 4042.04275 3197.501031 137.521653 
 2600.000 32 512 80.000000 80.000000 0.000000 0.000000 19.809616875 33.8037860625 20.5395465 5.2143625 33.3527215 20.1651235 2.288234 540.860577 328.632744 83.4298 533.643544 322.641976 36.611744 
 2600.000 32 128 51.000000 51.000000 0.000000 0.000000 79.05378225 33.543151 20.29472925 6.04099825 33.3765595 20.20211775 2.9185785 134.172604 81.178917 24.163993 133.506238 80.808471 11.674314 
 2600.000 32 256 95.000000 95.000000 0.000000 0.000000 5.024148078125 43.2717999375 30.072548640625 5.062825546875 42.98030290625 29.8057866875 2.405950984375 2769.395196 1924.643113 324.020835 2750.739386 1907.570348 153.980863 
 2600.000 32 512 95.000000 95.000000 0.000000 0.000000 39.500686375 33.960499125 20.723961875 5.412064875 33.292508375 20.115164625 2.139765625 271.683993 165.791695 43.296519 266.340067 160.921317 17.118125 
 2600.000 32 128 65.000000 65.000000 0.000000 0.000000 39.541973 33.8666025 20.631289375 5.484998 33.1702035 19.993600875 2.25637125 270.93282 165.050315 43.879984 265.361628 159.948807 18.05097 
 2600.000 32 256 95.000000 95.000000 0.000000 0.000000 2.76957928125 63.8155267578125 50.6039677421875 4.9523591171875 63.4560945703125 50.2827899609375 2.2357840546875 8168.387425 6477.307871 633.901967 8122.380105 6436.197115 286.180359 
 2600.000 32 512 95.000000 95.000000 0.000000 0.000000 78.9688865 33.5378435 20.289755 6.1133655 33.3405445 20.15908925 3.0857885 134.151374 81.15902 24.453462 133.362178 80.636357 12.343154 
 2600.000 32 128 51.000000 51.000000 0.000000 0.000000 10.1827536875 43.5890085 30.35392215625 5.32429109375 43.19075021875 29.99595725 2.37172178125 1394.848272 971.325509 170.377315 1382.104007 959.870632 75.895097 
 2600.000 32 256 80.000000 80.000000 0.000000 0.000000 10.15780246875 65.44785384375 52.21558625 5.18169409375 64.5453155625 51.359712625 1.91568434375 2094.331323 1670.89876 165.814211 2065.450098 1643.510804 61.301899 
 2600.000 32 512 51.000000 51.000000 0.000000 0.000000 79.05462825 33.5315235 20.283704 6.03368725 33.3768775 20.20163075 2.991031 134.126094 81.134816 24.134749 133.50751 80.806523 11.964124 
 2600.000 32 128 65.000000 65.000000 0.000000 0.000000 9.96922928125 33.50146303125 20.28420115625 5.05016309375 33.18305990625 20.0038675625 2.2898989375 1072.046817 649.094437 161.605219 1061.857917 640.123762 73.276766 
 2600.000 32 256 65.000000 65.000000 0.000000 0.000000 2.8714436171875 61.89285521875 48.6827373828125 4.954656546875 61.826160046875 48.6528431015625 2.2345552578125 7922.285468 6231.390385 634.196038 7913.748486 6227.563917 286.023073 
 2600.000 32 512 51.000000 51.000000 0.000000 0.000000 24.772107625 50.6320599375 37.3895485625 5.6337034375 50.6323860625 37.4508725625 2.35335825 810.112959 598.232777 90.139255 810.118177 599.213961 37.653732 
 2600.000 32 128 80.000000 80.000000 0.000000 0.000000 9.97335075 65.383867875 52.15177603125 5.1674530625 64.502482375 51.3169374375 1.89393296875 2092.283772 1668.856833 165.358498 2064.079436 1642.141998 60.605855 
 2600.000 32 256 80.000000 80.000000 0.000000 0.000000 19.8346935 33.8367160625 20.573308125 5.2173243125 33.35271225 20.16389775 2.221654375 541.387457 329.17293 83.477189 533.643396 322.622364 35.54647 
 2600.000 32 512 80.000000 80.000000 0.000000 0.000000 79.070501 33.53112025 20.27983175 6.07427675 33.34994025 20.17160575 2.85533725 134.124481 81.119327 24.297107 133.399761 80.686423 11.421349 
 2600.000 32 128 51.000000 51.000000 0.000000 0.000000 24.7532343125 50.64065325 37.39690675 5.6308749375 50.64003625 37.4592786875 2.3453396875 810.250452 598.350508 90.093999 810.24058 599.348459 37.525435 
 2600.000 32 256 65.000000 65.000000 0.000000 0.000000 10.48719446875 63.95582571875 50.72494390625 5.14175303125 63.77411934375 50.58877490625 2.07946425 2046.586423 1623.198205 164.536097 2040.771819 1618.840797 66.542856 
 2600.000 32 512 65.000000 65.000000 0.000000 0.000000 19.8548678125 43.7354980625 30.510463125 5.3742609375 43.2016814375 30.015864875 2.156758875 699.767969 488.16741 85.988175 691.226903 480.253838 34.508142 
 2600.000 32 128 65.000000 65.000000 0.000000 0.000000 9.9615490625 43.56712890625 30.33537940625 5.332498125 43.2423279375 30.0522505 2.40905121875 1394.148125 970.732141 170.63994 1383.754494 961.672016 77.089639 
 2600.000 32 256 80.000000 80.000000 0.000000 0.000000 2.6586053515625 63.1364713203125 49.9246445625 4.9709066796875 62.7857360625 49.6123124140625 2.3608453359375 8081.468329 6390.354504 636.276055 8036.574216 6350.375989 302.188203 
 2600.000 32 512 51.000000 51.000000 0.000000 0.000000 39.567121375 33.850260625 20.617446875 5.444906 33.1264735 19.95074275 2.325687125 270.802085 164.939575 43.559248 265.011788 159.605942 18.605497 
 2600.000 64 256 65.000000 65.000000 0.000000 0.000000 39.546168125 33.882633 20.647324875 5.46939275 33.16959525 19.9912315 2.2934445 271.061064 165.178599 43.755142 265.356762 159.929852 18.347556 
 2600.000 64 512 51.000000 51.000000 0.000000 0.000000 10.00779315625 33.399027875 20.18086715625 5.04932528125 33.06994240625 19.89054325 2.2327683125 1068.768892 645.787749 161.578409 1058.238157 636.497384 71.448586 
 2600.000 64 1024 95.000000 95.000000 0.000000 0.000000 5.0209815 43.25567325 30.057244828125 5.061424953125 42.963853484375 29.789593421875 2.236191984375 2768.363088 1923.663669 323.931197 2749.686623 1906.533979 143.116287 
 2600.000 64 256 80.000000 80.000000 0.000000 0.000000 9.949836125 43.68404025 30.4505910625 5.3000036875 43.30321815625 30.10980771875 2.2286001875 1397.889288 974.418914 169.600118 1385.702981 963.513847 71.315206 
 2600.000 64 512 51.000000 51.000000 0.000000 0.000000 6.451887171875 49.9501209375 36.717648640625 5.15632696875 49.957720546875 36.7713843125 2.13543509375 3196.80774 2349.929513 330.004926 3197.294115 2353.368596 136.667846 
 2600.000 64 1024 51.000000 51.000000 0.000000 0.000000 20.048472875 43.6784681875 30.4626245 5.3700039375 43.1638585625 29.9791860625 2.34001875 698.855491 487.401992 85.920063 690.621737 479.666977 37.4403 
 2600.000 64 256 65.000000 65.000000 0.000000 0.000000 19.8659453125 33.8042710625 20.5423354375 5.250988125 33.356866375 20.172710875 2.4597308125 540.868337 328.677367 84.01581 533.709862 322.763374 39.355693 
 2600.000 64 512 65.000000 65.000000 0.000000 0.000000 39.5799685 33.841691 20.609349625 5.45523125 33.17644575 19.997218625 2.247294875 270.733528 164.874797 43.64185 265.411566 159.977749 17.978359 
 2600.000 64 1024 65.000000 65.000000 0.000000 0.000000 19.8652028125 43.7493985 30.5264126875 5.3735103125 43.212133875 30.026255375 2.1916595 699.990376 488.422603 85.976165 691.394142 480.420086 35.066552 
 2600.000 64 256 51.000000 51.000000 0.000000 0.000000 39.590347625 33.84783025 20.61233025 5.46115375 33.179444875 20.0039315 2.333544125 270.782642 164.898642 43.68923 265.435559 160.031452 18.668353 
 2600.000 64 512 80.000000 80.000000 0.000000 0.000000 20.070393 65.7668385625 52.5094630625 5.63498925 65.67178025 52.4680635 2.27418775 1052.269417 840.151409 90.159828 1050.748484 839.489016 36.387004 
 2600.000 64 1024 80.000000 80.000000 0.000000 0.000000 20.0547528125 65.7754681875 52.5177465 5.637384375 65.689598125 52.4860804375 2.2780276875 1052.407491 840.283944 90.19815 1051.03357 839.777287 36.448443 
 2600.000 64 256 65.000000 65.000000 0.000000 0.000000 9.95881825 33.46284090625 20.24988134375 5.04460909375 33.110000625 19.93162471875 2.29182840625 1070.810909 647.996203 161.427491 1059.52002 637.811991 73.338509 
 2600.000 64 512 95.000000 95.000000 0.000000 0.000000 39.73803925 43.82354975 30.592267625 6.04442125 43.6729675 30.494642 2.923893125 350.588398 244.738141 48.35537 349.38374 243.957136 23.391145 
 2600.000 64 1024 51.000000 51.000000 0.000000 0.000000 39.56004175 43.751989125 30.517272375 6.049948125 43.614825 30.434839375 2.7813365 350.015913 244.138179 48.399585 348.9186 243.478715 22.250692 
 2600.000 64 256 65.000000 65.000000 0.000000 0.000000 39.532849125 43.788958875 30.553928 6.041200625 43.650819875 30.47338775 2.792996125 350.311671 244.431424 48.329605 349.206559 243.787102 22.343969 
 2600.000 64 512 65.000000 65.000000 0.000000 0.000000 10.20056265625 33.5031644375 20.28576840625 5.0446305625 33.17472946875 19.99642475 2.309086125 1072.101262 649.144589 161.428178 1061.591343 639.885592 73.890756 
 2600.000 64 1024 95.000000 95.000000 0.000000 0.000000 9.9377886875 33.4961451875 20.27961628125 5.0253638125 33.16697553125 19.9888810625 2.13415703125 1071.876646 648.947721 160.811642 1061.343217 639.644194 68.293025 
 2600.000 64 256 51.000000 51.000000 0.000000 0.000000 10.03816321875 33.35441021875 20.1336165625 5.04179515625 32.9920438125 19.81298778125 2.18427953125 1067.341127 644.27573 161.337445 1055.745402 634.015609 69.896945 
 2600.000 64 512 51.000000 51.000000 0.000000 0.000000 20.0334846875 43.7443745625 30.5217666875 5.37120425 43.1661495 29.9812899375 2.2032666875 699.909993 488.348267 85.939268 690.658392 479.700639 35.252267 
 2600.000 64 1024 95.000000 95.000000 0.000000 0.000000 39.81000225 33.945078125 20.708425 5.4072045 33.24551525 20.07080925 2.155359375 271.560625 165.6674 43.257636 265.964122 160.566474 17.242875 
 2600.000 64 256 80.000000 80.000000 0.000000 0.000000 20.064347 43.8277374375 30.6020953125 5.3835004375 43.239767125 30.0541174375 2.1580991875 701.243799 489.633525 86.136007 691.836274 480.865879 34.529587 
 2600.000 64 512 95.000000 95.000000 0.000000 0.000000 9.93407953125 43.68413771875 30.4508763125 5.3099814375 43.347722 30.15578903125 2.2072595625 1397.892407 974.428042 169.919406 1387.127104 964.985249 70.632306 
 2600.000 64 1024 65.000000 65.000000 0.000000 0.000000 79.12453225 33.55134325 20.29938075 6.02266025 33.40870625 20.231309 2.892552 134.205373 81.197523 24.090641 133.634825 80.925236 11.570208 
 2600.000 64 256 80.000000 80.000000 0.000000 0.000000 5.108824765625 64.743324125 51.50598821875 5.145206625 64.183426 50.987823703125 2.179863859375 4143.572744 3296.383246 329.293224 4107.739264 3263.220717 139.511287 
 2600.000 64 512 80.000000 80.000000 0.000000 0.000000 5.247214546875 64.935572890625 51.697354875 5.135892296875 64.384370125 51.188804453125 2.1402615 4155.876665 3308.630712 328.697107 4120.599688 3276.083485 136.976736 
 2600.000 64 1024 51.000000 51.000000 0.000000 0.000000 5.101901125 42.857419390625 29.658733515625 5.062969359375 42.608523375 29.433974578125 2.366623078125 2742.874841 1898.158945 324.030039 2726.945496 1883.774373 151.463877 
 2600.000 64 256 80.000000 80.000000 0.000000 0.000000 5.249592765625 43.275780140625 30.077194828125 5.0490448125 42.98895440625 29.814698328125 2.403282015625 2769.649929 1924.940469 323.138868 2751.293082 1908.140693 153.810049 
 2600.000 64 512 65.000000 65.000000 0.000000 0.000000 20.824358 64.277189625 51.0224189375 5.594551625 64.29155 51.0894839375 2.2980588125 1028.435034 816.358703 89.512826 1028.6648 817.431743 36.768941 
 2600.000 64 1024 95.000000 95.000000 0.000000 0.000000 19.78823925 33.816753625 20.5543496875 5.2190229375 33.351110375 20.1645140625 2.26164 541.068058 328.869595 83.504367 533.617766 322.632225 36.18624 
 2600.000 64 256 95.000000 95.000000 0.000000 0.000000 9.9487423125 65.44091721875 52.20873178125 5.17055334375 64.54393171875 51.358853125 1.96306640625 2094.109351 1670.679417 165.457707 2065.405815 1643.4833 62.818125 
 2600.000 64 512 65.000000 65.000000 0.000000 0.000000 19.8430571875 33.7964878125 20.5345894375 5.24745625 33.3436569375 20.1569295 2.416378375 540.743805 328.553431 83.9593 533.498511 322.510872 38.662054 
 2600.000 64 1024 65.000000 65.000000 0.000000 0.000000 19.8694904375 43.7545640625 30.5289398125 5.3890015625 43.233792625 30.0477446875 2.1636696875 700.073025 488.463037 86.224025 691.740682 480.763915 34.618715 
 2600.000 64 256 80.000000 80.000000 0.000000 0.000000 20.0176575 43.8471656875 30.620542875 5.375727125 43.2360456875 30.048991 2.2203604375 701.554651 489.928686 86.011634 691.776731 480.783856 35.525767 
 2600.000 64 512 51.000000 51.000000 0.000000 0.000000 12.6891800625 50.42207053125 37.20111271875 5.1563388125 50.42124040625 37.24911178125 2.06040946875 1613.506257 1190.435607 165.002842 1613.479693 1191.971577 65.933103 
 2600.000 64 1024 95.000000 95.000000 0.000000 0.000000 20.064559375 43.8573003125 30.63131625 5.386734 43.2745664375 30.0859714375 2.1940766875 701.716805 490.10106 86.187744 692.393063 481.375543 35.105227 
 2600.000 64 256 65.000000 65.000000 0.000000 0.000000 5.3546549375 63.293191734375 50.05653234375 5.134786890625 63.196590109375 50.001196890625 2.146027484375 4050.764271 3203.61807 328.626361 4044.581767 3200.076601 137.345759 
 2600.000 64 512 51.000000 51.000000 0.000000 0.000000 39.568867125 33.822729375 20.592136125 5.4304705 33.211506 20.035271375 2.41582675 270.581835 164.737089 43.443764 265.692048 160.282171 19.326614 
 2600.000 64 1024 95.000000 95.000000 0.000000 0.000000 39.80991475 33.925910375 20.69006 5.40013125 33.263420375 20.089603875 2.169472 271.407283 165.52048 43.20105 266.107363 160.716831 17.355776 
 2600.000 64 256 95.000000 95.000000 0.000000 0.000000 20.0201760625 65.7958785625 52.539759125 5.611076625 65.6848435625 52.48335475 2.3554383125 1052.734057 840.636146 89.777226 1050.957497 839.733676 37.687013 
 2600.000 64 512 80.000000 80.000000 0.000000 0.000000 9.93235103125 33.51488928125 20.29862875 5.0503075625 33.15963828125 19.979966875 2.28023253125 1072.476457 649.55612 161.609842 1061.108425 639.35894 72.967441 
 2600.000 64 1024 65.000000 65.000000 0.000000 0.000000 2.7411453984375 61.8950168125 48.6850786875 4.956175890625 61.8166893046875 48.64483971875 2.2801655234375 7922.562152 6231.690072 634.390514 7912.536231 6226.539484 291.861187 
 2600.000 64 256 80.000000 80.000000 0.000000 0.000000 5.036190859375 43.174560796875 29.976341375 5.061850390625 42.893858734375 29.7204186875 2.439506421875 2763.171891 1918.485848 323.958425 2745.206959 1902.106796 156.128411 
 2600.000 64 512 51.000000 51.000000 0.000000 0.000000 20.07025825 43.7276809375 30.504318375 5.367469375 43.163820375 29.977973625 2.3381708125 699.642895 488.069094 85.87951 690.621126 479.647578 37.410733 
 2600.000 64 1024 80.000000 80.000000 0.000000 0.000000 20.013328875 65.760638 52.5036541875 5.631173125 65.6739486875 52.470325125 2.277466 1052.170208 840.058467 90.09877 1050.783179 839.525202 36.439456 
 2600.000 64 256 80.000000 80.000000 0.000000 0.000000 2.655058828125 63.3240620390625 50.113040828125 4.9667459609375 62.969955 49.7971771953125 2.300659 8105.479941 6414.469226 635.743483 8060.15424 6374.038681 294.484352 
 2600.000 64 512 65.000000 65.000000 0.000000 0.000000 39.7853205 43.775903125 30.54212925 6.041877625 43.6340675 30.453220375 2.734408125 350.207225 244.337034 48.335021 349.07254 243.625763 21.875265 
 2600.000 64 1024 51.000000 51.000000 0.000000 0.000000 3.3235485 48.9262231875 35.7210365 4.972700203125 48.928671234375 35.7613259296875 2.19094834375 6262.556568 4572.292672 636.505626 6262.869918 4577.449719 280.441388 
 2600.000 128 512 65.000000 65.000000 0.000000 0.000000 19.8170603125 33.916451 20.6542468125 5.2543071875 33.3929854375 20.2037985 2.494087 542.663216 330.467949 84.068915 534.287767 323.260776 39.905392 
 2600.000 128 1024 65.000000 65.000000 0.000000 0.000000 78.9822645 33.510258 20.25890125 6.088417 33.31650625 20.13858225 2.876832 134.041032 81.035605 24.353668 133.266025 80.554329 11.507328 
 2600.000 128 2048 51.000000 51.000000 0.000000 0.000000 10.18529175 43.5455763125 30.31220553125 5.32724278125 43.20982496875 30.01658359375 2.3776755625 1393.458442 969.990577 170.471769 1382.714399 960.530675 76.085618 
 2600.000 128 512 80.000000 80.000000 0.000000 0.000000 39.535006 33.888935125 20.650579875 5.49446275 33.185399625 20.00872025 2.298145875 271.111481 165.204639 43.955702 265.483197 160.069762 18.385167 
 2600.000 128 1024 95.000000 95.000000 0.000000 0.000000 9.9228289375 33.507321125 20.29027815625 5.03325209375 33.168821875 19.98898959375 2.2352254375 1072.234276 649.288901 161.064067 1061.4023 639.647667 71.527214 
 2600.000 128 2048 51.000000 51.000000 0.000000 0.000000 6.456317125 49.914686546875 36.681137 5.148873 49.920068703125 36.733065578125 2.134132828125 3194.539939 2347.592768 329.527872 3194.884397 2350.916197 136.584501 
 2600.000 128 512 95.000000 95.000000 0.000000 0.000000 9.9635668125 65.45088596875 52.21879359375 5.19937884375 64.55026471875 51.36409590625 1.90036478125 2094.428351 1671.001395 166.380123 2065.608471 1643.651069 60.811673 
 2600.000 128 1024 51.000000 51.000000 0.000000 0.000000 19.84808325 33.82092575 20.5578795625 5.252411125 33.348083125 20.1632035 2.3753875 541.134812 328.926073 84.038578 533.56933 322.611256 38.0062 
 2600.000 128 2048 95.000000 95.000000 0.000000 0.000000 39.5062645 43.811713125 30.58048475 6.11266475 43.6799975 30.500907875 2.85493875 350.493705 244.643878 48.901318 349.43998 244.007263 22.83951 
 2600.000 128 512 95.000000 95.000000 0.000000 0.000000 5.046622421875 64.97058575 51.732441140625 5.144084921875 64.40330315625 51.208224203125 2.11977146875 4158.117488 3310.876233 329.221435 4121.811402 3277.326349 135.665374 
 2600.000 128 1024 51.000000 51.000000 0.000000 0.000000 24.7186901875 50.6307596875 37.387687875 5.629016125 50.630949375 37.449509625 2.3545665 810.092155 598.203006 90.064258 810.09519 599.192154 37.673064 
 2600.000 128 2048 65.000000 65.000000 0.000000 0.000000 20.8497913125 64.262807 51.00791075 5.5963990625 64.2817664375 51.0802791875 2.288390875 1028.204912 816.126572 89.542385 1028.508263 817.284467 36.614254 
 2600.000 128 512 51.000000 51.000000 0.000000 0.000000 3.302687390625 48.924951453125 35.7204538828125 4.98031640625 48.9300204296875 35.7627633359375 2.260052765625 6262.393786 4572.218097 637.4805 6263.042615 4577.633707 289.286754 
 2600.000 128 1024 51.000000 51.000000 0.000000 0.000000 10.02509153125 33.4275511875 20.2106709375 5.04334375 33.06196484375 19.88281890625 2.266897 1069.681638 646.74147 161.387 1057.982875 636.250205 72.540704 
 2600.000 128 2048 80.000000 80.000000 0.000000 0.000000 20.0288223125 43.8158 30.5895411875 5.3748008125 43.251863 30.066239625 2.190481375 701.0528 489.432659 85.996813 692.029808 481.059834 35.047702 
 2600.000 128 512 51.000000 51.000000 0.000000 0.000000 19.943741625 33.85176025 20.5875675625 5.252846125 33.29174 20.1079485 2.5050595625 541.628164 329.401081 84.045538 532.66784 321.727176 40.080953 
 2600.000 128 1024 65.000000 65.000000 0.000000 0.000000 2.8600321015625 61.9718388125 48.7556274609375 4.9482628984375 61.8944353359375 48.7205836484375 2.2015615859375 7932.395368 6240.720315 633.377651 7922.487723 6236.234707 281.799883 
 2600.000 128 2048 51.000000 51.000000 0.000000 0.000000 39.774443625 33.79789225 20.585428875 5.418282125 33.15656475 19.989286625 2.3108985 270.383138 164.683431 43.346257 265.252518 159.914293 18.487188 
 2600.000 128 512 95.000000 95.000000 0.000000 0.000000 20.0660831875 43.839132125 30.6134899375 5.3761378125 43.26881375 30.081669875 2.159192625 701.426114 489.815839 86.018205 692.30102 481.306718 34.547082 
 2600.000 128 1024 65.000000 65.000000 0.000000 0.000000 39.7398095 43.795249125 30.561657125 6.089135 43.658388 30.4824215 2.745612375 350.361993 244.493257 48.71308 349.267104 243.859372 21.964899 
 2600.000 128 2048 80.000000 80.000000 0.000000 0.000000 9.9477859375 43.65694121875 30.423388125 5.32522975 43.30697840625 30.1145885 2.23810375 1397.022119 973.54842 170.407352 1385.823309 963.666832 71.61932 
 2600.000 128 512 95.000000 95.000000 0.000000 0.000000 39.506754625 43.821536875 30.589994125 6.058291375 43.6768425 30.498347875 2.955914125 350.572295 244.719953 48.466331 349.41474 243.986783 23.647313 
 2600.000 128 1024 65.000000 65.000000 0.000000 0.000000 5.065813546875 43.048536578125 29.84924715625 5.057749578125 42.80477346875 29.6300731875 2.350851015625 2755.106341 1910.351818 323.695973 2739.505502 1896.324684 150.454465 
 2600.000 128 2048 80.000000 80.000000 0.000000 0.000000 39.778939375 43.81408325 30.579630625 6.09208725 43.683354875 30.505489875 2.818211375 350.512666 244.637045 48.736698 349.466839 244.043919 22.545691 
 2600.000 128 512 80.000000 80.000000 0.000000 0.000000 19.80820725 33.8365724375 20.57543475 5.2188391875 33.3630925625 20.175379875 2.27767825 541.385159 329.206956 83.501427 533.809481 322.806078 36.442852 
 2600.000 128 1024 80.000000 80.000000 0.000000 0.000000 79.06957675 33.57733825 20.32704075 6.10984925 33.36867075 20.19162 2.8852325 134.309353 81.308163 24.439397 133.474683 80.76648 11.54093 
 2600.000 128 2048 80.000000 80.000000 0.000000 0.000000 10.1551585625 65.43800546875 52.20572653125 5.17789240625 64.54880990625 51.36325046875 1.90099421875 2094.016175 1670.583249 165.692557 2065.561917 1643.624015 60.831815 
 2600.000 128 512 95.000000 95.000000 0.000000 0.000000 9.92621309375 33.52313975 20.3060233125 5.05098971875 33.1708584375 19.99203271875 2.29014415625 1072.740472 649.792746 161.631671 1061.46747 639.745047 73.284613 
 2600.000 128 1024 80.000000 80.000000 0.000000 0.000000 9.94554428125 33.52128590625 20.30466153125 5.0533023125 33.20599346875 20.02512753125 2.2341654375 1072.681149 649.749169 161.705674 1062.591791 640.804081 71.493294 
 2600.000 128 2048 95.000000 95.000000 0.000000 0.000000 20.0504466875 65.8244013125 52.5546661875 5.6581019375 65.684249375 52.4814333125 2.335419625 1053.190421 840.874659 90.529631 1050.94799 839.702933 37.366714 
 2600.000 128 512 51.000000 51.000000 0.000000 0.000000 39.784993125 43.742929125 30.509889625 6.03996725 43.607466625 30.430729875 2.70073025 349.943433 244.079117 48.319738 348.859733 243.445839 21.605842 
 2600.000 128 1024 51.000000 51.000000 0.000000 0.000000 6.462624140625 49.915348578125 36.680896796875 5.155506265625 49.920880484375 36.7329590625 2.13542078125 3194.582309 2347.577395 329.952401 3194.936351 2350.90938 136.66693 
 2600.000 128 2048 80.000000 80.000000 0.000000 0.000000 39.507755125 43.80721325 30.573750875 6.1085375 43.66184275 30.480934375 2.90009425 350.457706 244.590007 48.8683 349.294742 243.847475 23.200754 
 2600.000 128 512 80.000000 80.000000 0.000000 0.000000 2.786559875 63.412995234375 50.2015227265625 4.9596530078125 63.06809659375 49.89430215625 2.205781796875 8116.86339 6425.794909 634.835585 8072.716364 6386.470676 282.34007 
 2600.000 128 1024 95.000000 95.000000 0.000000 0.000000 79.0397495 33.551632 20.30212575 6.11070275 33.420893 20.246923 2.92413625 134.206528 81.208503 24.442811 133.683572 80.987692 11.696545 
 2600.000 128 2048 95.000000 95.000000 0.000000 0.000000 5.063252390625 64.89925340625 51.66144540625 5.14251615625 64.340026515625 51.144713703125 2.12704753125 4153.552218 3306.332506 329.121034 4117.761697 3273.261677 136.131042 
 2600.000 128 512 65.000000 65.000000 0.000000 0.000000 10.48881384375 63.9564690625 50.72571209375 5.1396729375 63.77553340625 50.59010090625 2.1463043125 2046.60701 1623.222787 164.469534 2040.817069 1618.883229 68.681738 
 2600.000 128 1024 51.000000 51.000000 0.000000 0.000000 39.609883375 43.749387 30.51599925 6.062464875 43.636523375 30.460166875 2.95519775 349.995096 244.127994 48.499719 349.092187 243.681335 23.641582 
 2600.000 128 2048 95.000000 95.000000 0.000000 0.000000 2.773210640625 63.9668053515625 50.754923296875 4.9565610859375 63.60208865625 50.4290722890625 2.231079796875 8187.751085 6496.630182 634.439819 8141.067348 6454.921253 285.578214 
 2600.000 128 512 80.000000 80.000000 0.000000 0.000000 5.074951953125 64.735807953125 51.497794109375 5.146149359375 64.178637015625 50.982224296875 2.142295765625 4143.091709 3295.858823 329.353559 4107.432769 3262.862355 137.106929 
 2600.000 128 1024 51.000000 51.000000 0.000000 0.000000 5.1053538125 42.882236953125 29.683090671875 5.055292171875 42.60309559375 29.42830221875 2.423502765625 2744.463165 1899.717803 323.538699 2726.598118 1883.411342 155.104177 
 2600.000 128 2048 65.000000 65.000000 0.000000 0.000000 2.7583295390625 61.81634459375 48.6062968203125 4.9628383828125 61.73721709375 48.5652481640625 2.2605485703125 7912.492108 6221.605993 635.243313 7902.363788 6216.351765 289.350217 
 2600.000 128 512 51.000000 51.000000 0.000000 0.000000 19.8462936875 33.8573530625 20.5950045 5.2529081875 33.336707875 20.151198875 2.438661375 541.717649 329.520072 84.046531 533.387326 322.419182 39.018582 
 2600.000 128 1024 80.000000 80.000000 0.000000 0.000000 39.736098125 43.802180625 30.567187 6.105805375 43.6390185 30.45914325 2.82954825 350.417445 244.537496 48.846443 349.112148 243.673146 22.636386 
 2600.000 128 2048 80.000000 80.000000 0.000000 0.000000 10.18195496875 43.70663175 30.47294975 5.30135409375 43.3499609375 30.15641828125 2.38864065625 1398.612216 975.134392 169.643331 1387.19875 965.005385 76.436501 
 2600.000 128 512 51.000000 51.000000 0.000000 0.000000 6.45454471875 49.935210234375 36.702004234375 5.14947303125 49.942619921875 36.7553923125 2.151686578125 3195.853455 2348.928271 329.566274 3196.327675 2352.345108 137.707941 
 2600.000 128 1024 95.000000 95.000000 0.000000 0.000000 9.93281015625 43.69845271875 30.4646484375 5.32645896875 43.3546175625 30.163200125 2.25939778125 1398.350487 974.86875 170.446687 1387.347762 965.222404 72.300729 
 2600.000 128 2048 65.000000 65.000000 0.000000 0.000000 10.49016265625 63.9518899375 50.72329378125 5.13150959375 63.76055240625 50.577163125 2.07826578125 2046.460478 1623.145401 164.208307 2040.337677 1618.46922 66.504505 
