/g/g24/rountree/local/src/power
nodes=16 ntasks=64
+ export BMARK_STRING=sp.D.64
+ BMARK_STRING=sp.D.64
+ n=16
+ cores=64
+ '[' 64 -eq 128 ']'
+ '[' 64 -eq 128 ']'
+ '[' 64 -eq 512 ']'
+ '[' 64 -eq 512 ']'
+ '[' 64 -eq 512 ']'
+ '[' 64 -eq 2048 ']'
++ date +%Y_%m_%d_%H_%M_%S_%N
+ name=2012_04_14_14_46_00_411148007
+ mkdir 2012_04_14_14_46_00_411148007
+ cd 2012_04_14_14_46_00_411148007
+ touch out.dat
+ env
+ hostname
+ echo 2012_04_14_14_46_00_411148007
+ uname -a
+ srun --nodes=1 --ntasks=1 -ppbatch cat /proc/cpuinfo
+ grep MHz
+ echo 'cores: 64'
+ echo 'nodes: 16'
+ srun --nodes=16 --ntasks=64 -ppbatch -e sp.err -o out.dat --cpu_bind=sockets ../spCL.sh 64
nodes=16 ntasks=128
+ export BMARK_STRING=sp.D.128
+ BMARK_STRING=sp.D.128
+ n=16
+ cores=128
+ '[' 128 -eq 128 ']'
+ '[' 16 -eq 16 ']'
+ cores=121
+ n=16
+ '[' 121 -eq 128 ']'
+ '[' 121 -eq 512 ']'
+ '[' 121 -eq 512 ']'
+ '[' 121 -eq 512 ']'
+ '[' 121 -eq 2048 ']'
++ date +%Y_%m_%d_%H_%M_%S_%N
+ name=2012_04_14_14_48_54_967228634
+ mkdir 2012_04_14_14_48_54_967228634
+ cd 2012_04_14_14_48_54_967228634
+ touch out.dat
+ env
+ hostname
+ echo 2012_04_14_14_48_54_967228634
+ uname -a
+ srun --nodes=1 --ntasks=1 -ppbatch cat /proc/cpuinfo
+ grep MHz
+ echo 'cores: 128'
+ echo 'nodes: 16'
+ srun --nodes=16 --ntasks=121 -ppbatch -e sp.err -o out.dat --cpu_bind=sockets ../spCL.sh 128
srun: error: rzmerl43: tasks 0-7: Exited with exit code 127
srun: error: rzmerl53: tasks 79-85: Exited with exit code 127
srun: error: rzmerl57: tasks 107-113: Exited with exit code 127
srun: error: rzmerl55: tasks 93-99: Exited with exit code 127
srun: error: rzmerl47: tasks 32-39: Exited with exit code 127
srun: error: rzmerl56: tasks 100-106: Exited with exit code 127
srun: error: rzmerl50: tasks 56-63: Exited with exit code 127
srun: error: rzmerl52: tasks 72-78: Exited with exit code 127
srun: error: rzmerl49: tasks 48-55: Exited with exit code 127
srun: error: rzmerl46: tasks 24-31: Exited with exit code 127
srun: error: rzmerl48: tasks 40-47: Exited with exit code 127
srun: error: rzmerl54: tasks 86-92: Exited with exit code 127
srun: error: rzmerl58: tasks 114-120: Exited with exit code 127
srun: error: rzmerl44: tasks 8-15: Exited with exit code 127
srun: error: rzmerl51: tasks 64-71: Exited with exit code 127
srun: error: rzmerl45: tasks 16-23: Exited with exit code 127
nodes=16 ntasks=256
+ export BMARK_STRING=sp.D.256
+ BMARK_STRING=sp.D.256
+ n=16
+ cores=256
+ '[' 256 -eq 128 ']'
+ '[' 256 -eq 128 ']'
+ '[' 256 -eq 512 ']'
+ '[' 256 -eq 512 ']'
+ '[' 256 -eq 512 ']'
+ '[' 256 -eq 2048 ']'
++ date +%Y_%m_%d_%H_%M_%S_%N
+ name=2012_04_14_14_48_55_798511313
+ mkdir 2012_04_14_14_48_55_798511313
+ cd 2012_04_14_14_48_55_798511313
+ touch out.dat
+ env
+ hostname
+ echo 2012_04_14_14_48_55_798511313
+ uname -a
+ srun --nodes=1 --ntasks=1 -ppbatch cat /proc/cpuinfo
+ grep MHz
+ echo 'cores: 256'
+ echo 'nodes: 16'
+ srun --nodes=16 --ntasks=256 -ppbatch -e sp.err -o out.dat --cpu_bind=sockets ../spCL.sh 256
nodes=16 ntasks=64
+ export BMARK_STRING=sp.D.64
+ BMARK_STRING=sp.D.64
+ n=16
+ cores=64
+ '[' 64 -eq 128 ']'
+ '[' 64 -eq 128 ']'
+ '[' 64 -eq 512 ']'
+ '[' 64 -eq 512 ']'
+ '[' 64 -eq 512 ']'
+ '[' 64 -eq 2048 ']'
++ date +%Y_%m_%d_%H_%M_%S_%N
+ name=2012_04_14_14_50_22_912114468
+ mkdir 2012_04_14_14_50_22_912114468
+ cd 2012_04_14_14_50_22_912114468
+ touch out.dat
+ env
+ hostname
+ echo 2012_04_14_14_50_22_912114468
+ uname -a
+ srun --nodes=1 --ntasks=1 -ppbatch cat /proc/cpuinfo
+ grep MHz
+ echo 'cores: 64'
+ echo 'nodes: 16'
+ srun --nodes=16 --ntasks=64 -ppbatch -e sp.err -o out.dat --cpu_bind=sockets ../spCL.sh 64
nodes=16 ntasks=128
+ export BMARK_STRING=sp.D.128
+ BMARK_STRING=sp.D.128
+ n=16
+ cores=128
+ '[' 128 -eq 128 ']'
+ '[' 16 -eq 16 ']'
+ cores=121
+ n=16
+ '[' 121 -eq 128 ']'
+ '[' 121 -eq 512 ']'
+ '[' 121 -eq 512 ']'
+ '[' 121 -eq 512 ']'
+ '[' 121 -eq 2048 ']'
++ date +%Y_%m_%d_%H_%M_%S_%N
+ name=2012_04_14_14_53_15_906850168
+ mkdir 2012_04_14_14_53_15_906850168
+ cd 2012_04_14_14_53_15_906850168
+ touch out.dat
+ env
+ hostname
+ echo 2012_04_14_14_53_15_906850168
+ uname -a
+ srun --nodes=1 --ntasks=1 -ppbatch cat /proc/cpuinfo
+ grep MHz
+ echo 'cores: 128'
+ echo 'nodes: 16'
+ srun --nodes=16 --ntasks=121 -ppbatch -e sp.err -o out.dat --cpu_bind=sockets ../spCL.sh 128
srun: error: rzmerl43: tasks 0-7: Exited with exit code 127
srun: error: rzmerl53: tasks 79-85: Exited with exit code 127
srun: error: rzmerl52: tasks 72-78: Exited with exit code 127
srun: error: rzmerl57: tasks 107-113: Exited with exit code 127
srun: error: rzmerl54: tasks 86-92: Exited with exit code 127
srun: error: rzmerl55: tasks 93-99: Exited with exit code 127
srun: error: rzmerl50: tasks 56-63: Exited with exit code 127
srun: error: rzmerl47: tasks 32-39: Exited with exit code 127
srun: error: rzmerl46: tasks 24-31: Exited with exit code 127
srun: error: rzmerl58: tasks 114-120: Exited with exit code 127
srun: error: rzmerl48: tasks 40-47: Exited with exit code 127
srun: error: rzmerl45: tasks 16-23: Exited with exit code 127
srun: error: rzmerl44: tasks 8-15: Exited with exit code 127
srun: error: rzmerl49: tasks 48-55: Exited with exit code 127
srun: error: rzmerl56: tasks 100-106: Exited with exit code 127
srun: error: rzmerl51: tasks 64-71: Exited with exit code 127
nodes=16 ntasks=256
+ export BMARK_STRING=sp.D.256
+ BMARK_STRING=sp.D.256
+ n=16
+ cores=256
+ '[' 256 -eq 128 ']'
+ '[' 256 -eq 128 ']'
+ '[' 256 -eq 512 ']'
+ '[' 256 -eq 512 ']'
+ '[' 256 -eq 512 ']'
+ '[' 256 -eq 2048 ']'
++ date +%Y_%m_%d_%H_%M_%S_%N
+ name=2012_04_14_14_53_16_272805328
+ mkdir 2012_04_14_14_53_16_272805328
+ cd 2012_04_14_14_53_16_272805328
+ touch out.dat
+ env
+ hostname
+ echo 2012_04_14_14_53_16_272805328
+ uname -a
+ srun --nodes=1 --ntasks=1 -ppbatch cat /proc/cpuinfo
+ grep MHz
+ echo 'cores: 256'
+ echo 'nodes: 16'
+ srun --nodes=16 --ntasks=256 -ppbatch -e sp.err -o out.dat --cpu_bind=sockets ../spCL.sh 256
nodes=16 ntasks=64
+ export BMARK_STRING=sp.D.64
+ BMARK_STRING=sp.D.64
+ n=16
+ cores=64
+ '[' 64 -eq 128 ']'
+ '[' 64 -eq 128 ']'
+ '[' 64 -eq 512 ']'
+ '[' 64 -eq 512 ']'
+ '[' 64 -eq 512 ']'
+ '[' 64 -eq 2048 ']'
++ date +%Y_%m_%d_%H_%M_%S_%N
+ name=2012_04_14_14_54_43_280601692
+ mkdir 2012_04_14_14_54_43_280601692
+ cd 2012_04_14_14_54_43_280601692
+ touch out.dat
+ env
+ hostname
+ echo 2012_04_14_14_54_43_280601692
+ uname -a
+ srun --nodes=1 --ntasks=1 -ppbatch cat /proc/cpuinfo
+ grep MHz
+ echo 'cores: 64'
+ echo 'nodes: 16'
+ srun --nodes=16 --ntasks=64 -ppbatch -e sp.err -o out.dat --cpu_bind=sockets ../spCL.sh 64
nodes=16 ntasks=128
+ export BMARK_STRING=sp.D.128
+ BMARK_STRING=sp.D.128
+ n=16
+ cores=128
+ '[' 128 -eq 128 ']'
+ '[' 16 -eq 16 ']'
+ cores=121
+ n=16
+ '[' 121 -eq 128 ']'
+ '[' 121 -eq 512 ']'
+ '[' 121 -eq 512 ']'
+ '[' 121 -eq 512 ']'
+ '[' 121 -eq 2048 ']'
++ date +%Y_%m_%d_%H_%M_%S_%N
+ name=2012_04_14_14_57_37_307050858
+ mkdir 2012_04_14_14_57_37_307050858
+ cd 2012_04_14_14_57_37_307050858
+ touch out.dat
+ env
+ hostname
+ echo 2012_04_14_14_57_37_307050858
+ uname -a
+ srun --nodes=1 --ntasks=1 -ppbatch cat /proc/cpuinfo
+ grep MHz
+ echo 'cores: 128'
+ echo 'nodes: 16'
+ srun --nodes=16 --ntasks=121 -ppbatch -e sp.err -o out.dat --cpu_bind=sockets ../spCL.sh 128
srun: error: rzmerl43: tasks 0-7: Exited with exit code 127
srun: error: rzmerl57: tasks 107-113: Exited with exit code 127
srun: error: rzmerl53: tasks 79-85: Exited with exit code 127
srun: error: rzmerl52: tasks 72-78: Exited with exit code 127
srun: error: rzmerl56: tasks 100-106: Exited with exit code 127
srun: error: rzmerl44: tasks 8-15: Exited with exit code 127
srun: error: rzmerl47: tasks 32-39: Exited with exit code 127
srun: error: rzmerl50: tasks 56-63: Exited with exit code 127
srun: error: rzmerl54: tasks 86-92: Exited with exit code 127
srun: error: rzmerl46: tasks 24-31: Exited with exit code 127
srun: error: rzmerl58: tasks 114-120: Exited with exit code 127
srun: error: rzmerl55: tasks 93-99: Exited with exit code 127
srun: error: rzmerl48: tasks 40-47: Exited with exit code 127
srun: error: rzmerl51: tasks 64-71: Exited with exit code 127
srun: error: rzmerl45: tasks 16-23: Exited with exit code 127
srun: error: rzmerl49: tasks 48-55: Exited with exit code 127
nodes=16 ntasks=256
+ export BMARK_STRING=sp.D.256
+ BMARK_STRING=sp.D.256
+ n=16
+ cores=256
+ '[' 256 -eq 128 ']'
+ '[' 256 -eq 128 ']'
+ '[' 256 -eq 512 ']'
+ '[' 256 -eq 512 ']'
+ '[' 256 -eq 512 ']'
+ '[' 256 -eq 2048 ']'
++ date +%Y_%m_%d_%H_%M_%S_%N
+ name=2012_04_14_14_57_37_723668871
+ mkdir 2012_04_14_14_57_37_723668871
+ cd 2012_04_14_14_57_37_723668871
+ touch out.dat
+ env
+ hostname
+ echo 2012_04_14_14_57_37_723668871
+ uname -a
+ srun --nodes=1 --ntasks=1 -ppbatch cat /proc/cpuinfo
+ grep MHz
+ echo 'cores: 256'
+ echo 'nodes: 16'
+ srun --nodes=16 --ntasks=256 -ppbatch -e sp.err -o out.dat --cpu_bind=sockets ../spCL.sh 256
nodes=16 ntasks=64
+ export BMARK_STRING=sp.D.64
+ BMARK_STRING=sp.D.64
+ n=16
+ cores=64
+ '[' 64 -eq 128 ']'
+ '[' 64 -eq 128 ']'
+ '[' 64 -eq 512 ']'
+ '[' 64 -eq 512 ']'
+ '[' 64 -eq 512 ']'
+ '[' 64 -eq 2048 ']'
++ date +%Y_%m_%d_%H_%M_%S_%N
+ name=2012_04_14_14_59_04_812534233
+ mkdir 2012_04_14_14_59_04_812534233
+ cd 2012_04_14_14_59_04_812534233
+ touch out.dat
+ env
+ hostname
+ echo 2012_04_14_14_59_04_812534233
+ uname -a
+ srun --nodes=1 --ntasks=1 -ppbatch cat /proc/cpuinfo
+ grep MHz
+ echo 'cores: 64'
+ echo 'nodes: 16'
+ srun --nodes=16 --ntasks=64 -ppbatch -e sp.err -o out.dat --cpu_bind=sockets ../spCL.sh 64
nodes=16 ntasks=128
+ export BMARK_STRING=sp.D.128
+ BMARK_STRING=sp.D.128
+ n=16
+ cores=128
+ '[' 128 -eq 128 ']'
+ '[' 16 -eq 16 ']'
+ cores=121
+ n=16
+ '[' 121 -eq 128 ']'
+ '[' 121 -eq 512 ']'
+ '[' 121 -eq 512 ']'
+ '[' 121 -eq 512 ']'
+ '[' 121 -eq 2048 ']'
++ date +%Y_%m_%d_%H_%M_%S_%N
+ name=2012_04_14_15_01_58_771527985
+ mkdir 2012_04_14_15_01_58_771527985
+ cd 2012_04_14_15_01_58_771527985
+ touch out.dat
+ env
+ hostname
+ echo 2012_04_14_15_01_58_771527985
+ uname -a
+ srun --nodes=1 --ntasks=1 -ppbatch cat /proc/cpuinfo
+ grep MHz
+ echo 'cores: 128'
+ echo 'nodes: 16'
+ srun --nodes=16 --ntasks=121 -ppbatch -e sp.err -o out.dat --cpu_bind=sockets ../spCL.sh 128
srun: error: rzmerl43: tasks 0-7: Exited with exit code 127
srun: error: rzmerl55: tasks 93-99: Exited with exit code 127
srun: error: rzmerl52: tasks 72-78: Exited with exit code 127
srun: error: rzmerl53: tasks 79-85: Exited with exit code 127
srun: error: rzmerl58: tasks 114-120: Exited with exit code 127
srun: error: rzmerl57: tasks 107-113: Exited with exit code 127
srun: error: rzmerl48: tasks 40-47: Exited with exit code 127
srun: error: rzmerl50: tasks 56-63: Exited with exit code 127
srun: error: rzmerl54: tasks 86-92: Exited with exit code 127
srun: error: rzmerl44: tasks 8-15: Exited with exit code 127
srun: error: rzmerl46: tasks 24-31: Exited with exit code 127
srun: error: rzmerl47: tasks 32-39: Exited with exit code 127
srun: error: rzmerl51: tasks 64-71: Exited with exit code 127
srun: error: rzmerl49: tasks 48-55: Exited with exit code 127
srun: error: rzmerl56: tasks 100-106: Exited with exit code 127
srun: error: rzmerl45: tasks 16-23: Exited with exit code 127
nodes=16 ntasks=256
+ export BMARK_STRING=sp.D.256
+ BMARK_STRING=sp.D.256
+ n=16
+ cores=256
+ '[' 256 -eq 128 ']'
+ '[' 256 -eq 128 ']'
+ '[' 256 -eq 512 ']'
+ '[' 256 -eq 512 ']'
+ '[' 256 -eq 512 ']'
+ '[' 256 -eq 2048 ']'
++ date +%Y_%m_%d_%H_%M_%S_%N
+ name=2012_04_14_15_01_59_184259678
+ mkdir 2012_04_14_15_01_59_184259678
+ cd 2012_04_14_15_01_59_184259678
+ touch out.dat
+ env
+ hostname
+ echo 2012_04_14_15_01_59_184259678
+ uname -a
+ srun --nodes=1 --ntasks=1 -ppbatch cat /proc/cpuinfo
+ grep MHz
+ echo 'cores: 256'
+ echo 'nodes: 16'
+ srun --nodes=16 --ntasks=256 -ppbatch -e sp.err -o out.dat --cpu_bind=sockets ../spCL.sh 256
nodes=16 ntasks=64
+ export BMARK_STRING=sp.D.64
+ BMARK_STRING=sp.D.64
+ n=16
+ cores=64
+ '[' 64 -eq 128 ']'
+ '[' 64 -eq 128 ']'
+ '[' 64 -eq 512 ']'
+ '[' 64 -eq 512 ']'
+ '[' 64 -eq 512 ']'
+ '[' 64 -eq 2048 ']'
++ date +%Y_%m_%d_%H_%M_%S_%N
+ name=2012_04_14_15_03_26_106849434
+ mkdir 2012_04_14_15_03_26_106849434
+ cd 2012_04_14_15_03_26_106849434
+ touch out.dat
+ env
+ hostname
+ echo 2012_04_14_15_03_26_106849434
+ uname -a
+ srun --nodes=1 --ntasks=1 -ppbatch cat /proc/cpuinfo
+ grep MHz
+ echo 'cores: 64'
+ echo 'nodes: 16'
+ srun --nodes=16 --ntasks=64 -ppbatch -e sp.err -o out.dat --cpu_bind=sockets ../spCL.sh 64
nodes=16 ntasks=128
+ export BMARK_STRING=sp.D.128
+ BMARK_STRING=sp.D.128
+ n=16
+ cores=128
+ '[' 128 -eq 128 ']'
+ '[' 16 -eq 16 ']'
+ cores=121
+ n=16
+ '[' 121 -eq 128 ']'
+ '[' 121 -eq 512 ']'
+ '[' 121 -eq 512 ']'
+ '[' 121 -eq 512 ']'
+ '[' 121 -eq 2048 ']'
++ date +%Y_%m_%d_%H_%M_%S_%N
+ name=2012_04_14_15_06_20_070354206
+ mkdir 2012_04_14_15_06_20_070354206
+ cd 2012_04_14_15_06_20_070354206
+ touch out.dat
+ env
+ hostname
+ echo 2012_04_14_15_06_20_070354206
+ uname -a
+ srun --nodes=1 --ntasks=1 -ppbatch cat /proc/cpuinfo
+ grep MHz
+ echo 'cores: 128'
+ echo 'nodes: 16'
+ srun --nodes=16 --ntasks=121 -ppbatch -e sp.err -o out.dat --cpu_bind=sockets ../spCL.sh 128
srun: error: rzmerl43: tasks 0-7: Exited with exit code 127
srun: error: rzmerl53: tasks 79-85: Exited with exit code 127
srun: error: rzmerl52: tasks 72-78: Exited with exit code 127
srun: error: rzmerl47: tasks 32-39: Exited with exit code 127
srun: error: rzmerl54: tasks 86-92: Exited with exit code 127
srun: error: rzmerl57: tasks 107-113: Exited with exit code 127
srun: error: rzmerl50: tasks 56-63: Exited with exit code 127
srun: error: rzmerl58: tasks 114-120: Exited with exit code 127
srun: error: rzmerl56: tasks 100-106: Exited with exit code 127
srun: error: rzmerl44: tasks 8-15: Exited with exit code 127
srun: error: rzmerl46: tasks 24-31: Exited with exit code 127
srun: error: rzmerl51: tasks 64-71: Exited with exit code 127
srun: error: rzmerl55: tasks 93-99: Exited with exit code 127
srun: error: rzmerl48: tasks 40-47: Exited with exit code 127
srun: error: rzmerl49: tasks 48-55: Exited with exit code 127
srun: error: rzmerl45: tasks 16-23: Exited with exit code 127
nodes=16 ntasks=256
+ export BMARK_STRING=sp.D.256
+ BMARK_STRING=sp.D.256
+ n=16
+ cores=256
+ '[' 256 -eq 128 ']'
+ '[' 256 -eq 128 ']'
+ '[' 256 -eq 512 ']'
+ '[' 256 -eq 512 ']'
+ '[' 256 -eq 512 ']'
+ '[' 256 -eq 2048 ']'
++ date +%Y_%m_%d_%H_%M_%S_%N
+ name=2012_04_14_15_06_20_450668248
+ mkdir 2012_04_14_15_06_20_450668248
+ cd 2012_04_14_15_06_20_450668248
+ touch out.dat
+ env
+ hostname
+ echo 2012_04_14_15_06_20_450668248
+ uname -a
+ srun --nodes=1 --ntasks=1 -ppbatch cat /proc/cpuinfo
+ grep MHz
+ echo 'cores: 256'
+ echo 'nodes: 16'
+ srun --nodes=16 --ntasks=256 -ppbatch -e sp.err -o out.dat --cpu_bind=sockets ../spCL.sh 256
nodes=16 ntasks=64
+ export BMARK_STRING=sp.D.64
+ BMARK_STRING=sp.D.64
+ n=16
+ cores=64
+ '[' 64 -eq 128 ']'
+ '[' 64 -eq 128 ']'
+ '[' 64 -eq 512 ']'
+ '[' 64 -eq 512 ']'
+ '[' 64 -eq 512 ']'
+ '[' 64 -eq 2048 ']'
++ date +%Y_%m_%d_%H_%M_%S_%N
+ name=2012_04_14_15_07_35_178661591
+ mkdir 2012_04_14_15_07_35_178661591
+ cd 2012_04_14_15_07_35_178661591
+ touch out.dat
+ env
+ hostname
+ echo 2012_04_14_15_07_35_178661591
+ uname -a
+ srun --nodes=1 --ntasks=1 -ppbatch cat /proc/cpuinfo
+ grep MHz
+ echo 'cores: 64'
+ echo 'nodes: 16'
+ srun --nodes=16 --ntasks=64 -ppbatch -e sp.err -o out.dat --cpu_bind=sockets ../spCL.sh 64
nodes=16 ntasks=128
+ export BMARK_STRING=sp.D.128
+ BMARK_STRING=sp.D.128
+ n=16
+ cores=128
+ '[' 128 -eq 128 ']'
+ '[' 16 -eq 16 ']'
+ cores=121
+ n=16
+ '[' 121 -eq 128 ']'
+ '[' 121 -eq 512 ']'
+ '[' 121 -eq 512 ']'
+ '[' 121 -eq 512 ']'
+ '[' 121 -eq 2048 ']'
++ date +%Y_%m_%d_%H_%M_%S_%N
+ name=2012_04_14_15_10_28_215429632
+ mkdir 2012_04_14_15_10_28_215429632
+ cd 2012_04_14_15_10_28_215429632
+ touch out.dat
+ env
+ hostname
+ echo 2012_04_14_15_10_28_215429632
+ uname -a
+ srun --nodes=1 --ntasks=1 -ppbatch cat /proc/cpuinfo
+ grep MHz
+ echo 'cores: 128'
+ echo 'nodes: 16'
+ srun --nodes=16 --ntasks=121 -ppbatch -e sp.err -o out.dat --cpu_bind=sockets ../spCL.sh 128
srun: error: rzmerl43: tasks 0-7: Exited with exit code 127
srun: error: rzmerl53: tasks 79-85: Exited with exit code 127
srun: error: rzmerl55: tasks 93-99: Exited with exit code 127
srun: error: rzmerl56: tasks 100-106: Exited with exit code 127
srun: error: rzmerl57: tasks 107-113: Exited with exit code 127
srun: error: rzmerl47: tasks 32-39: Exited with exit code 127
srun: error: rzmerl54: tasks 86-92: Exited with exit code 127
srun: error: rzmerl45: tasks 16-23: Exited with exit code 127
srun: error: rzmerl58: tasks 114-120: Exited with exit code 127
srun: error: rzmerl46: tasks 24-31: Exited with exit code 127
srun: error: rzmerl51: tasks 64-71: Exited with exit code 127
srun: error: rzmerl50: tasks 56-63: Exited with exit code 127
srun: error: rzmerl48: tasks 40-47: Exited with exit code 127
srun: error: rzmerl52: tasks 72-78: Exited with exit code 127
srun: error: rzmerl44: tasks 8-15: Exited with exit code 127
srun: error: rzmerl49: tasks 48-55: Exited with exit code 127
nodes=16 ntasks=256
+ export BMARK_STRING=sp.D.256
+ BMARK_STRING=sp.D.256
+ n=16
+ cores=256
+ '[' 256 -eq 128 ']'
+ '[' 256 -eq 128 ']'
+ '[' 256 -eq 512 ']'
+ '[' 256 -eq 512 ']'
+ '[' 256 -eq 512 ']'
+ '[' 256 -eq 2048 ']'
++ date +%Y_%m_%d_%H_%M_%S_%N
+ name=2012_04_14_15_10_28_630956031
+ mkdir 2012_04_14_15_10_28_630956031
+ cd 2012_04_14_15_10_28_630956031
+ touch out.dat
+ env
+ hostname
+ echo 2012_04_14_15_10_28_630956031
+ uname -a
+ srun --nodes=1 --ntasks=1 -ppbatch cat /proc/cpuinfo
+ grep MHz
+ echo 'cores: 256'
+ echo 'nodes: 16'
+ srun --nodes=16 --ntasks=256 -ppbatch -e sp.err -o out.dat --cpu_bind=sockets ../spCL.sh 256
nodes=16 ntasks=64
+ export BMARK_STRING=sp.D.64
+ BMARK_STRING=sp.D.64
+ n=16
+ cores=64
+ '[' 64 -eq 128 ']'
+ '[' 64 -eq 128 ']'
+ '[' 64 -eq 512 ']'
+ '[' 64 -eq 512 ']'
+ '[' 64 -eq 512 ']'
+ '[' 64 -eq 2048 ']'
++ date +%Y_%m_%d_%H_%M_%S_%N
+ name=2012_04_14_15_11_43_631260296
+ mkdir 2012_04_14_15_11_43_631260296
+ cd 2012_04_14_15_11_43_631260296
+ touch out.dat
+ env
+ hostname
+ echo 2012_04_14_15_11_43_631260296
+ uname -a
+ srun --nodes=1 --ntasks=1 -ppbatch cat /proc/cpuinfo
+ grep MHz
+ echo 'cores: 64'
+ echo 'nodes: 16'
+ srun --nodes=16 --ntasks=64 -ppbatch -e sp.err -o out.dat --cpu_bind=sockets ../spCL.sh 64
nodes=16 ntasks=128
+ export BMARK_STRING=sp.D.128
+ BMARK_STRING=sp.D.128
+ n=16
+ cores=128
+ '[' 128 -eq 128 ']'
+ '[' 16 -eq 16 ']'
+ cores=121
+ n=16
+ '[' 121 -eq 128 ']'
+ '[' 121 -eq 512 ']'
+ '[' 121 -eq 512 ']'
+ '[' 121 -eq 512 ']'
+ '[' 121 -eq 2048 ']'
++ date +%Y_%m_%d_%H_%M_%S_%N
+ name=2012_04_14_15_14_37_282004340
+ mkdir 2012_04_14_15_14_37_282004340
+ cd 2012_04_14_15_14_37_282004340
+ touch out.dat
+ env
+ hostname
+ echo 2012_04_14_15_14_37_282004340
+ uname -a
+ srun --nodes=1 --ntasks=1 -ppbatch cat /proc/cpuinfo
+ grep MHz
+ echo 'cores: 128'
+ echo 'nodes: 16'
+ srun --nodes=16 --ntasks=121 -ppbatch -e sp.err -o out.dat --cpu_bind=sockets ../spCL.sh 128
srun: error: rzmerl43: tasks 0-7: Exited with exit code 127
srun: error: rzmerl53: tasks 79-85: Exited with exit code 127
srun: error: rzmerl52: tasks 72-78: Exited with exit code 127
srun: error: rzmerl58: tasks 114-120: Exited with exit code 127
srun: error: rzmerl50: tasks 56-63: Exited with exit code 127
srun: error: rzmerl47: tasks 32-39: Exited with exit code 127
srun: error: rzmerl54: tasks 86-92: Exited with exit code 127
srun: error: rzmerl57: tasks 107-113: Exited with exit code 127
srun: error: rzmerl44: tasks 8-15: Exited with exit code 127
srun: error: rzmerl55: tasks 93-99: Exited with exit code 127
srun: error: rzmerl56: tasks 100-106: Exited with exit code 127
srun: error: rzmerl45: tasks 16-23: Exited with exit code 127
srun: error: rzmerl49: tasks 48-55: Exited with exit code 127
srun: error: rzmerl46: tasks 24-31: Exited with exit code 127
srun: error: rzmerl51: tasks 64-71: Exited with exit code 127
srun: error: rzmerl48: tasks 40-47: Exited with exit code 127
nodes=16 ntasks=256
+ export BMARK_STRING=sp.D.256
+ BMARK_STRING=sp.D.256
+ n=16
+ cores=256
+ '[' 256 -eq 128 ']'
+ '[' 256 -eq 128 ']'
+ '[' 256 -eq 512 ']'
+ '[' 256 -eq 512 ']'
+ '[' 256 -eq 512 ']'
+ '[' 256 -eq 2048 ']'
++ date +%Y_%m_%d_%H_%M_%S_%N
+ name=2012_04_14_15_14_37_695391975
+ mkdir 2012_04_14_15_14_37_695391975
+ cd 2012_04_14_15_14_37_695391975
+ touch out.dat
+ env
+ hostname
+ echo 2012_04_14_15_14_37_695391975
+ uname -a
+ srun --nodes=1 --ntasks=1 -ppbatch cat /proc/cpuinfo
+ grep MHz
+ echo 'cores: 256'
+ echo 'nodes: 16'
+ srun --nodes=16 --ntasks=256 -ppbatch -e sp.err -o out.dat --cpu_bind=sockets ../spCL.sh 256
nodes=16 ntasks=64
+ export BMARK_STRING=sp.D.64
+ BMARK_STRING=sp.D.64
+ n=16
+ cores=64
+ '[' 64 -eq 128 ']'
+ '[' 64 -eq 128 ']'
+ '[' 64 -eq 512 ']'
+ '[' 64 -eq 512 ']'
+ '[' 64 -eq 512 ']'
+ '[' 64 -eq 2048 ']'
++ date +%Y_%m_%d_%H_%M_%S_%N
+ name=2012_04_14_15_15_51_985892686
+ mkdir 2012_04_14_15_15_51_985892686
+ cd 2012_04_14_15_15_51_985892686
+ touch out.dat
+ env
+ hostname
+ echo 2012_04_14_15_15_51_985892686
+ uname -a
+ srun --nodes=1 --ntasks=1 -ppbatch cat /proc/cpuinfo
+ grep MHz
+ echo 'cores: 64'
+ echo 'nodes: 16'
+ srun --nodes=16 --ntasks=64 -ppbatch -e sp.err -o out.dat --cpu_bind=sockets ../spCL.sh 64
nodes=16 ntasks=128
+ export BMARK_STRING=sp.D.128
+ BMARK_STRING=sp.D.128
+ n=16
+ cores=128
+ '[' 128 -eq 128 ']'
+ '[' 16 -eq 16 ']'
+ cores=121
+ n=16
+ '[' 121 -eq 128 ']'
+ '[' 121 -eq 512 ']'
+ '[' 121 -eq 512 ']'
+ '[' 121 -eq 512 ']'
+ '[' 121 -eq 2048 ']'
++ date +%Y_%m_%d_%H_%M_%S_%N
+ name=2012_04_14_15_18_45_152080915
+ mkdir 2012_04_14_15_18_45_152080915
+ cd 2012_04_14_15_18_45_152080915
+ touch out.dat
+ env
+ hostname
+ echo 2012_04_14_15_18_45_152080915
+ uname -a
+ srun --nodes=1 --ntasks=1 -ppbatch cat /proc/cpuinfo
+ grep MHz
+ echo 'cores: 128'
+ echo 'nodes: 16'
+ srun --nodes=16 --ntasks=121 -ppbatch -e sp.err -o out.dat --cpu_bind=sockets ../spCL.sh 128
srun: error: rzmerl43: tasks 0-7: Exited with exit code 127
srun: error: rzmerl58: tasks 114-120: Exited with exit code 127
srun: error: rzmerl52: tasks 72-78: Exited with exit code 127
srun: error: rzmerl53: tasks 79-85: Exited with exit code 127
srun: error: rzmerl55: tasks 93-99: Exited with exit code 127
srun: error: rzmerl45: tasks 16-23: Exited with exit code 127
srun: error: rzmerl50: tasks 56-63: Exited with exit code 127
srun: error: rzmerl56: tasks 100-106: Exited with exit code 127
srun: error: rzmerl44: tasks 8-15: Exited with exit code 127
srun: error: rzmerl51: tasks 64-71: Exited with exit code 127
srun: error: rzmerl54: tasks 86-92: Exited with exit code 127
srun: error: rzmerl57: tasks 107-113: Exited with exit code 127
srun: error: rzmerl46: tasks 24-31: Exited with exit code 127
srun: error: rzmerl47: tasks 32-39: Exited with exit code 127
srun: error: rzmerl48: tasks 40-47: Exited with exit code 127
srun: error: rzmerl49: tasks 48-55: Exited with exit code 127
nodes=16 ntasks=256
+ export BMARK_STRING=sp.D.256
+ BMARK_STRING=sp.D.256
+ n=16
+ cores=256
+ '[' 256 -eq 128 ']'
+ '[' 256 -eq 128 ']'
+ '[' 256 -eq 512 ']'
+ '[' 256 -eq 512 ']'
+ '[' 256 -eq 512 ']'
+ '[' 256 -eq 2048 ']'
++ date +%Y_%m_%d_%H_%M_%S_%N
+ name=2012_04_14_15_18_45_536957026
+ mkdir 2012_04_14_15_18_45_536957026
+ cd 2012_04_14_15_18_45_536957026
+ touch out.dat
+ env
+ hostname
+ echo 2012_04_14_15_18_45_536957026
+ uname -a
+ srun --nodes=1 --ntasks=1 -ppbatch cat /proc/cpuinfo
+ grep MHz
+ echo 'cores: 256'
+ echo 'nodes: 16'
+ srun --nodes=16 --ntasks=256 -ppbatch -e sp.err -o out.dat --cpu_bind=sockets ../spCL.sh 256
nodes=16 ntasks=64
+ export BMARK_STRING=sp.D.64
+ BMARK_STRING=sp.D.64
+ n=16
+ cores=64
+ '[' 64 -eq 128 ']'
+ '[' 64 -eq 128 ']'
+ '[' 64 -eq 512 ']'
+ '[' 64 -eq 512 ']'
+ '[' 64 -eq 512 ']'
+ '[' 64 -eq 2048 ']'
++ date +%Y_%m_%d_%H_%M_%S_%N
+ name=2012_04_14_15_20_00_233762687
+ mkdir 2012_04_14_15_20_00_233762687
+ cd 2012_04_14_15_20_00_233762687
+ touch out.dat
+ env
+ hostname
+ echo 2012_04_14_15_20_00_233762687
+ uname -a
+ srun --nodes=1 --ntasks=1 -ppbatch cat /proc/cpuinfo
+ grep MHz
+ echo 'cores: 64'
+ echo 'nodes: 16'
+ srun --nodes=16 --ntasks=64 -ppbatch -e sp.err -o out.dat --cpu_bind=sockets ../spCL.sh 64
nodes=16 ntasks=128
+ export BMARK_STRING=sp.D.128
+ BMARK_STRING=sp.D.128
+ n=16
+ cores=128
+ '[' 128 -eq 128 ']'
+ '[' 16 -eq 16 ']'
+ cores=121
+ n=16
+ '[' 121 -eq 128 ']'
+ '[' 121 -eq 512 ']'
+ '[' 121 -eq 512 ']'
+ '[' 121 -eq 512 ']'
+ '[' 121 -eq 2048 ']'
++ date +%Y_%m_%d_%H_%M_%S_%N
+ name=2012_04_14_15_22_53_930032765
+ mkdir 2012_04_14_15_22_53_930032765
+ cd 2012_04_14_15_22_53_930032765
+ touch out.dat
+ env
+ hostname
+ echo 2012_04_14_15_22_53_930032765
+ uname -a
+ srun --nodes=1 --ntasks=1 -ppbatch cat /proc/cpuinfo
+ grep MHz
+ echo 'cores: 128'
+ echo 'nodes: 16'
+ srun --nodes=16 --ntasks=121 -ppbatch -e sp.err -o out.dat --cpu_bind=sockets ../spCL.sh 128
srun: error: rzmerl43: tasks 0-7: Exited with exit code 127
srun: error: rzmerl50: tasks 56-63: Exited with exit code 127
srun: error: rzmerl52: tasks 72-78: Exited with exit code 127
srun: error: rzmerl53: tasks 79-85: Exited with exit code 127
srun: error: rzmerl57: tasks 107-113: Exited with exit code 127
srun: error: rzmerl58: tasks 114-120: Exited with exit code 127
srun: error: rzmerl55: tasks 93-99: Exited with exit code 127
srun: error: rzmerl56: tasks 100-106: Exited with exit code 127
srun: error: rzmerl45: tasks 16-23: Exited with exit code 127
srun: error: rzmerl54: tasks 86-92: Exited with exit code 127
srun: error: rzmerl44: tasks 8-15: Exited with exit code 127
srun: error: rzmerl47: tasks 32-39: Exited with exit code 127
srun: error: rzmerl48: tasks 40-47: Exited with exit code 127
srun: error: rzmerl49: tasks 48-55: Exited with exit code 127
srun: error: rzmerl51: tasks 64-71: Exited with exit code 127
srun: error: rzmerl46: tasks 24-31: Exited with exit code 127
nodes=16 ntasks=256
+ export BMARK_STRING=sp.D.256
+ BMARK_STRING=sp.D.256
+ n=16
+ cores=256
+ '[' 256 -eq 128 ']'
+ '[' 256 -eq 128 ']'
+ '[' 256 -eq 512 ']'
+ '[' 256 -eq 512 ']'
+ '[' 256 -eq 512 ']'
+ '[' 256 -eq 2048 ']'
++ date +%Y_%m_%d_%H_%M_%S_%N
+ name=2012_04_14_15_22_54_340652736
+ mkdir 2012_04_14_15_22_54_340652736
+ cd 2012_04_14_15_22_54_340652736
+ touch out.dat
+ env
+ hostname
+ echo 2012_04_14_15_22_54_340652736
+ uname -a
+ srun --nodes=1 --ntasks=1 -ppbatch cat /proc/cpuinfo
+ grep MHz
+ echo 'cores: 256'
+ echo 'nodes: 16'
+ srun --nodes=16 --ntasks=256 -ppbatch -e sp.err -o out.dat --cpu_bind=sockets ../spCL.sh 256
nodes=16 ntasks=64
+ export BMARK_STRING=sp.D.64
+ BMARK_STRING=sp.D.64
+ n=16
+ cores=64
+ '[' 64 -eq 128 ']'
+ '[' 64 -eq 128 ']'
+ '[' 64 -eq 512 ']'
+ '[' 64 -eq 512 ']'
+ '[' 64 -eq 512 ']'
+ '[' 64 -eq 2048 ']'
++ date +%Y_%m_%d_%H_%M_%S_%N
+ name=2012_04_14_15_24_05_072277321
+ mkdir 2012_04_14_15_24_05_072277321
+ cd 2012_04_14_15_24_05_072277321
+ touch out.dat
+ env
+ hostname
+ echo 2012_04_14_15_24_05_072277321
+ uname -a
+ srun --nodes=1 --ntasks=1 -ppbatch cat /proc/cpuinfo
+ grep MHz
+ echo 'cores: 64'
+ echo 'nodes: 16'
+ srun --nodes=16 --ntasks=64 -ppbatch -e sp.err -o out.dat --cpu_bind=sockets ../spCL.sh 64
nodes=16 ntasks=128
+ export BMARK_STRING=sp.D.128
+ BMARK_STRING=sp.D.128
+ n=16
+ cores=128
+ '[' 128 -eq 128 ']'
+ '[' 16 -eq 16 ']'
+ cores=121
+ n=16
+ '[' 121 -eq 128 ']'
+ '[' 121 -eq 512 ']'
+ '[' 121 -eq 512 ']'
+ '[' 121 -eq 512 ']'
+ '[' 121 -eq 2048 ']'
++ date +%Y_%m_%d_%H_%M_%S_%N
+ name=2012_04_14_15_26_58_332110755
+ mkdir 2012_04_14_15_26_58_332110755
+ cd 2012_04_14_15_26_58_332110755
+ touch out.dat
+ env
+ hostname
+ echo 2012_04_14_15_26_58_332110755
+ uname -a
+ srun --nodes=1 --ntasks=1 -ppbatch cat /proc/cpuinfo
+ grep MHz
+ echo 'cores: 128'
+ echo 'nodes: 16'
+ srun --nodes=16 --ntasks=121 -ppbatch -e sp.err -o out.dat --cpu_bind=sockets ../spCL.sh 128
srun: error: rzmerl44: tasks 8-15: Exited with exit code 127
srun: error: rzmerl58: tasks 114-120: Exited with exit code 127
srun: error: rzmerl43: tasks 0-7: Exited with exit code 127
srun: error: rzmerl57: tasks 107-113: Exited with exit code 127
srun: error: rzmerl54: tasks 86-92: Exited with exit code 127
srun: error: rzmerl47: tasks 32-39: Exited with exit code 127
srun: error: rzmerl55: tasks 93-99: Exited with exit code 127
srun: error: rzmerl56: tasks 100-106: Exited with exit code 127
srun: error: rzmerl52: tasks 72-78: Exited with exit code 127
srun: error: rzmerl50: tasks 56-63: Exited with exit code 127
srun: error: rzmerl48: tasks 40-47: Exited with exit code 127
srun: error: rzmerl46: tasks 24-31: Exited with exit code 127
srun: error: rzmerl51: tasks 64-71: Exited with exit code 127
srun: error: rzmerl49: tasks 48-55: Exited with exit code 127
srun: error: rzmerl45: tasks 16-23: Exited with exit code 127
srun: error: rzmerl53: tasks 79-85: Exited with exit code 127
nodes=16 ntasks=256
+ export BMARK_STRING=sp.D.256
+ BMARK_STRING=sp.D.256
+ n=16
+ cores=256
+ '[' 256 -eq 128 ']'
+ '[' 256 -eq 128 ']'
+ '[' 256 -eq 512 ']'
+ '[' 256 -eq 512 ']'
+ '[' 256 -eq 512 ']'
+ '[' 256 -eq 2048 ']'
++ date +%Y_%m_%d_%H_%M_%S_%N
+ name=2012_04_14_15_26_58_736898526
+ mkdir 2012_04_14_15_26_58_736898526
+ cd 2012_04_14_15_26_58_736898526
+ touch out.dat
+ env
+ hostname
+ echo 2012_04_14_15_26_58_736898526
+ uname -a
+ srun --nodes=1 --ntasks=1 -ppbatch cat /proc/cpuinfo
+ grep MHz
+ echo 'cores: 256'
+ echo 'nodes: 16'
+ srun --nodes=16 --ntasks=256 -ppbatch -e sp.err -o out.dat --cpu_bind=sockets ../spCL.sh 256
nodes=16 ntasks=64
+ export BMARK_STRING=sp.D.64
+ BMARK_STRING=sp.D.64
+ n=16
+ cores=64
+ '[' 64 -eq 128 ']'
+ '[' 64 -eq 128 ']'
+ '[' 64 -eq 512 ']'
+ '[' 64 -eq 512 ']'
+ '[' 64 -eq 512 ']'
+ '[' 64 -eq 2048 ']'
++ date +%Y_%m_%d_%H_%M_%S_%N
+ name=2012_04_14_15_28_09_425818076
+ mkdir 2012_04_14_15_28_09_425818076
+ cd 2012_04_14_15_28_09_425818076
+ touch out.dat
+ env
+ hostname
+ echo 2012_04_14_15_28_09_425818076
+ uname -a
+ srun --nodes=1 --ntasks=1 -ppbatch cat /proc/cpuinfo
+ grep MHz
+ echo 'cores: 64'
+ echo 'nodes: 16'
+ srun --nodes=16 --ntasks=64 -ppbatch -e sp.err -o out.dat --cpu_bind=sockets ../spCL.sh 64
nodes=16 ntasks=128
+ export BMARK_STRING=sp.D.128
+ BMARK_STRING=sp.D.128
+ n=16
+ cores=128
+ '[' 128 -eq 128 ']'
+ '[' 16 -eq 16 ']'
+ cores=121
+ n=16
+ '[' 121 -eq 128 ']'
+ '[' 121 -eq 512 ']'
+ '[' 121 -eq 512 ']'
+ '[' 121 -eq 512 ']'
+ '[' 121 -eq 2048 ']'
++ date +%Y_%m_%d_%H_%M_%S_%N
+ name=2012_04_14_15_31_03_214509804
+ mkdir 2012_04_14_15_31_03_214509804
+ cd 2012_04_14_15_31_03_214509804
+ touch out.dat
+ env
+ hostname
+ echo 2012_04_14_15_31_03_214509804
+ uname -a
+ srun --nodes=1 --ntasks=1 -ppbatch cat /proc/cpuinfo
+ grep MHz
+ echo 'cores: 128'
+ echo 'nodes: 16'
+ srun --nodes=16 --ntasks=121 -ppbatch -e sp.err -o out.dat --cpu_bind=sockets ../spCL.sh 128
srun: error: rzmerl43: tasks 0-7: Exited with exit code 127
srun: error: rzmerl58: tasks 114-120: Exited with exit code 127
srun: error: rzmerl56: tasks 100-106: Exited with exit code 127
srun: error: rzmerl57: tasks 107-113: Exited with exit code 127
srun: error: rzmerl52: tasks 72-78: Exited with exit code 127
srun: error: rzmerl47: tasks 32-39: Exited with exit code 127
srun: error: rzmerl53: tasks 79-85: Exited with exit code 127
srun: error: rzmerl55: tasks 93-99: Exited with exit code 127
srun: error: rzmerl50: tasks 56-63: Exited with exit code 127
srun: error: rzmerl54: tasks 86-92: Exited with exit code 127
srun: error: rzmerl45: tasks 16-23: Exited with exit code 127
srun: error: rzmerl46: tasks 24-31: Exited with exit code 127
srun: error: rzmerl51: tasks 64-71: Exited with exit code 127
srun: error: rzmerl44: tasks 8-15: Exited with exit code 127
srun: error: rzmerl48: tasks 40-47: Exited with exit code 127
srun: error: rzmerl49: tasks 48-55: Exited with exit code 127
nodes=16 ntasks=256
+ export BMARK_STRING=sp.D.256
+ BMARK_STRING=sp.D.256
+ n=16
+ cores=256
+ '[' 256 -eq 128 ']'
+ '[' 256 -eq 128 ']'
+ '[' 256 -eq 512 ']'
+ '[' 256 -eq 512 ']'
+ '[' 256 -eq 512 ']'
+ '[' 256 -eq 2048 ']'
++ date +%Y_%m_%d_%H_%M_%S_%N
+ name=2012_04_14_15_31_03_730713222
+ mkdir 2012_04_14_15_31_03_730713222
+ cd 2012_04_14_15_31_03_730713222
+ touch out.dat
+ env
+ hostname
+ echo 2012_04_14_15_31_03_730713222
+ uname -a
+ srun --nodes=1 --ntasks=1 -ppbatch cat /proc/cpuinfo
+ grep MHz
+ echo 'cores: 256'
+ echo 'nodes: 16'
+ srun --nodes=16 --ntasks=256 -ppbatch -e sp.err -o out.dat --cpu_bind=sockets ../spCL.sh 256
nodes=16 ntasks=64
+ export BMARK_STRING=sp.D.64
+ BMARK_STRING=sp.D.64
+ n=16
+ cores=64
+ '[' 64 -eq 128 ']'
+ '[' 64 -eq 128 ']'
+ '[' 64 -eq 512 ']'
+ '[' 64 -eq 512 ']'
+ '[' 64 -eq 512 ']'
+ '[' 64 -eq 2048 ']'
++ date +%Y_%m_%d_%H_%M_%S_%N
+ name=2012_04_14_15_32_14_157628121
+ mkdir 2012_04_14_15_32_14_157628121
+ cd 2012_04_14_15_32_14_157628121
+ touch out.dat
+ env
+ hostname
+ echo 2012_04_14_15_32_14_157628121
+ uname -a
+ srun --nodes=1 --ntasks=1 -ppbatch cat /proc/cpuinfo
+ grep MHz
+ echo 'cores: 64'
+ echo 'nodes: 16'
+ srun --nodes=16 --ntasks=64 -ppbatch -e sp.err -o out.dat --cpu_bind=sockets ../spCL.sh 64
nodes=16 ntasks=128
+ export BMARK_STRING=sp.D.128
+ BMARK_STRING=sp.D.128
+ n=16
+ cores=128
+ '[' 128 -eq 128 ']'
+ '[' 16 -eq 16 ']'
+ cores=121
+ n=16
+ '[' 121 -eq 128 ']'
+ '[' 121 -eq 512 ']'
+ '[' 121 -eq 512 ']'
+ '[' 121 -eq 512 ']'
+ '[' 121 -eq 2048 ']'
++ date +%Y_%m_%d_%H_%M_%S_%N
+ name=2012_04_14_15_35_08_068458927
+ mkdir 2012_04_14_15_35_08_068458927
+ cd 2012_04_14_15_35_08_068458927
+ touch out.dat
+ env
+ hostname
+ echo 2012_04_14_15_35_08_068458927
+ uname -a
+ srun --nodes=1 --ntasks=1 -ppbatch cat /proc/cpuinfo
+ grep MHz
+ echo 'cores: 128'
+ echo 'nodes: 16'
+ srun --nodes=16 --ntasks=121 -ppbatch -e sp.err -o out.dat --cpu_bind=sockets ../spCL.sh 128
srun: error: rzmerl43: tasks 0-7: Exited with exit code 127
srun: error: rzmerl52: tasks 72-78: Exited with exit code 127
srun: error: rzmerl57: tasks 107-113: Exited with exit code 127
srun: error: rzmerl55: tasks 93-99: Exited with exit code 127
srun: error: rzmerl45: tasks 16-23: Exited with exit code 127
srun: error: rzmerl56: tasks 100-106: Exited with exit code 127
srun: error: rzmerl53: tasks 79-85: Exited with exit code 127
srun: error: rzmerl50: tasks 56-63: Exited with exit code 127
srun: error: rzmerl58: tasks 114-120: Exited with exit code 127
srun: error: rzmerl47: tasks 32-39: Exited with exit code 127
srun: error: rzmerl51: tasks 64-71: Exited with exit code 127
srun: error: rzmerl54: tasks 86-92: Exited with exit code 127
srun: error: rzmerl44: tasks 8-15: Exited with exit code 127
srun: error: rzmerl46: tasks 24-31: Exited with exit code 127
srun: error: rzmerl49: tasks 48-55: Exited with exit code 127
srun: error: rzmerl48: tasks 40-47: Exited with exit code 127
nodes=16 ntasks=256
+ export BMARK_STRING=sp.D.256
+ BMARK_STRING=sp.D.256
+ n=16
+ cores=256
+ '[' 256 -eq 128 ']'
+ '[' 256 -eq 128 ']'
+ '[' 256 -eq 512 ']'
+ '[' 256 -eq 512 ']'
+ '[' 256 -eq 512 ']'
+ '[' 256 -eq 2048 ']'
++ date +%Y_%m_%d_%H_%M_%S_%N
+ name=2012_04_14_15_35_08_476642158
+ mkdir 2012_04_14_15_35_08_476642158
+ cd 2012_04_14_15_35_08_476642158
+ touch out.dat
+ env
+ hostname
+ echo 2012_04_14_15_35_08_476642158
+ uname -a
+ srun --nodes=1 --ntasks=1 -ppbatch cat /proc/cpuinfo
+ grep MHz
+ echo 'cores: 256'
+ echo 'nodes: 16'
+ srun --nodes=16 --ntasks=256 -ppbatch -e sp.err -o out.dat --cpu_bind=sockets ../spCL.sh 256
nodes=16 ntasks=64
+ export BMARK_STRING=sp.D.64
+ BMARK_STRING=sp.D.64
+ n=16
+ cores=64
+ '[' 64 -eq 128 ']'
+ '[' 64 -eq 128 ']'
+ '[' 64 -eq 512 ']'
+ '[' 64 -eq 512 ']'
+ '[' 64 -eq 512 ']'
+ '[' 64 -eq 2048 ']'
++ date +%Y_%m_%d_%H_%M_%S_%N
+ name=2012_04_14_15_36_19_455245965
+ mkdir 2012_04_14_15_36_19_455245965
+ cd 2012_04_14_15_36_19_455245965
+ touch out.dat
+ env
+ hostname
+ echo 2012_04_14_15_36_19_455245965
+ uname -a
+ srun --nodes=1 --ntasks=1 -ppbatch cat /proc/cpuinfo
+ grep MHz
+ echo 'cores: 64'
+ echo 'nodes: 16'
+ srun --nodes=16 --ntasks=64 -ppbatch -e sp.err -o out.dat --cpu_bind=sockets ../spCL.sh 64
nodes=16 ntasks=128
+ export BMARK_STRING=sp.D.128
+ BMARK_STRING=sp.D.128
+ n=16
+ cores=128
+ '[' 128 -eq 128 ']'
+ '[' 16 -eq 16 ']'
+ cores=121
+ n=16
+ '[' 121 -eq 128 ']'
+ '[' 121 -eq 512 ']'
+ '[' 121 -eq 512 ']'
+ '[' 121 -eq 512 ']'
+ '[' 121 -eq 2048 ']'
++ date +%Y_%m_%d_%H_%M_%S_%N
+ name=2012_04_14_15_39_13_497596823
+ mkdir 2012_04_14_15_39_13_497596823
+ cd 2012_04_14_15_39_13_497596823
+ touch out.dat
+ env
+ hostname
+ echo 2012_04_14_15_39_13_497596823
+ uname -a
+ srun --nodes=1 --ntasks=1 -ppbatch cat /proc/cpuinfo
+ grep MHz
+ echo 'cores: 128'
+ echo 'nodes: 16'
+ srun --nodes=16 --ntasks=121 -ppbatch -e sp.err -o out.dat --cpu_bind=sockets ../spCL.sh 128
srun: error: rzmerl43: tasks 0-7: Exited with exit code 127
srun: error: rzmerl44: tasks 8-15: Exited with exit code 127
srun: error: rzmerl55: tasks 93-99: Exited with exit code 127
srun: error: rzmerl54: tasks 86-92: Exited with exit code 127
srun: error: rzmerl57: tasks 107-113: Exited with exit code 127
srun: error: rzmerl52: tasks 72-78: Exited with exit code 127
srun: error: rzmerl58: tasks 114-120: Exited with exit code 127
srun: error: rzmerl47: tasks 32-39: Exited with exit code 127
srun: error: rzmerl53: tasks 79-85: Exited with exit code 127
srun: error: rzmerl56: tasks 100-106: Exited with exit code 127
srun: error: rzmerl46: tasks 24-31: Exited with exit code 127
srun: error: rzmerl49: tasks 48-55: Exited with exit code 127
srun: error: rzmerl45: tasks 16-23: Exited with exit code 127
srun: error: rzmerl48: tasks 40-47: Exited with exit code 127
srun: error: rzmerl51: tasks 64-71: Exited with exit code 127
srun: error: rzmerl50: tasks 56-63: Exited with exit code 127
nodes=16 ntasks=256
+ export BMARK_STRING=sp.D.256
+ BMARK_STRING=sp.D.256
+ n=16
+ cores=256
+ '[' 256 -eq 128 ']'
+ '[' 256 -eq 128 ']'
+ '[' 256 -eq 512 ']'
+ '[' 256 -eq 512 ']'
+ '[' 256 -eq 512 ']'
+ '[' 256 -eq 2048 ']'
++ date +%Y_%m_%d_%H_%M_%S_%N
+ name=2012_04_14_15_39_13_937803563
+ mkdir 2012_04_14_15_39_13_937803563
+ cd 2012_04_14_15_39_13_937803563
+ touch out.dat
+ env
+ hostname
+ echo 2012_04_14_15_39_13_937803563
+ uname -a
+ srun --nodes=1 --ntasks=1 -ppbatch cat /proc/cpuinfo
+ grep MHz
+ echo 'cores: 256'
+ echo 'nodes: 16'
+ srun --nodes=16 --ntasks=256 -ppbatch -e sp.err -o out.dat --cpu_bind=sockets ../spCL.sh 256
nodes=16 ntasks=64
+ export BMARK_STRING=sp.D.64
+ BMARK_STRING=sp.D.64
+ n=16
+ cores=64
+ '[' 64 -eq 128 ']'
+ '[' 64 -eq 128 ']'
+ '[' 64 -eq 512 ']'
+ '[' 64 -eq 512 ']'
+ '[' 64 -eq 512 ']'
+ '[' 64 -eq 2048 ']'
++ date +%Y_%m_%d_%H_%M_%S_%N
+ name=2012_04_14_15_40_23_571202691
+ mkdir 2012_04_14_15_40_23_571202691
+ cd 2012_04_14_15_40_23_571202691
+ touch out.dat
+ env
+ hostname
+ echo 2012_04_14_15_40_23_571202691
+ uname -a
+ srun --nodes=1 --ntasks=1 -ppbatch cat /proc/cpuinfo
+ grep MHz
+ echo 'cores: 64'
+ echo 'nodes: 16'
+ srun --nodes=16 --ntasks=64 -ppbatch -e sp.err -o out.dat --cpu_bind=sockets ../spCL.sh 64
nodes=16 ntasks=128
+ export BMARK_STRING=sp.D.128
+ BMARK_STRING=sp.D.128
+ n=16
+ cores=128
+ '[' 128 -eq 128 ']'
+ '[' 16 -eq 16 ']'
+ cores=121
+ n=16
+ '[' 121 -eq 128 ']'
+ '[' 121 -eq 512 ']'
+ '[' 121 -eq 512 ']'
+ '[' 121 -eq 512 ']'
+ '[' 121 -eq 2048 ']'
++ date +%Y_%m_%d_%H_%M_%S_%N
+ name=2012_04_14_15_43_17_549334460
+ mkdir 2012_04_14_15_43_17_549334460
+ cd 2012_04_14_15_43_17_549334460
+ touch out.dat
+ env
+ hostname
+ echo 2012_04_14_15_43_17_549334460
+ uname -a
+ srun --nodes=1 --ntasks=1 -ppbatch cat /proc/cpuinfo
+ grep MHz
+ echo 'cores: 128'
+ echo 'nodes: 16'
+ srun --nodes=16 --ntasks=121 -ppbatch -e sp.err -o out.dat --cpu_bind=sockets ../spCL.sh 128
srun: error: rzmerl43: tasks 0-7: Exited with exit code 127
srun: error: rzmerl57: tasks 107-113: Exited with exit code 127
srun: error: rzmerl53: tasks 79-85: Exited with exit code 127
srun: error: rzmerl44: tasks 8-15: Exited with exit code 127
srun: error: rzmerl54: tasks 86-92: Exited with exit code 127
srun: error: rzmerl56: tasks 100-106: Exited with exit code 127
srun: error: rzmerl45: tasks 16-23: Exited with exit code 127
srun: error: rzmerl47: tasks 32-39: Exited with exit code 127
srun: error: rzmerl52: tasks 72-78: Exited with exit code 127
srun: error: rzmerl50: tasks 56-63: Exited with exit code 127
srun: error: rzmerl46: tasks 24-31: Exited with exit code 127
srun: error: rzmerl58: tasks 114-120: Exited with exit code 127
srun: error: rzmerl49: tasks 48-55: Exited with exit code 127
srun: error: rzmerl51: tasks 64-71: Exited with exit code 127
srun: error: rzmerl48: tasks 40-47: Exited with exit code 127
srun: error: rzmerl55: tasks 93-99: Exited with exit code 127
nodes=16 ntasks=256
+ export BMARK_STRING=sp.D.256
+ BMARK_STRING=sp.D.256
+ n=16
+ cores=256
+ '[' 256 -eq 128 ']'
+ '[' 256 -eq 128 ']'
+ '[' 256 -eq 512 ']'
+ '[' 256 -eq 512 ']'
+ '[' 256 -eq 512 ']'
+ '[' 256 -eq 2048 ']'
++ date +%Y_%m_%d_%H_%M_%S_%N
+ name=2012_04_14_15_43_18_500111859
+ mkdir 2012_04_14_15_43_18_500111859
+ cd 2012_04_14_15_43_18_500111859
+ touch out.dat
+ env
+ hostname
+ echo 2012_04_14_15_43_18_500111859
+ uname -a
+ srun --nodes=1 --ntasks=1 -ppbatch cat /proc/cpuinfo
+ grep MHz
+ echo 'cores: 256'
+ echo 'nodes: 16'
+ srun --nodes=16 --ntasks=256 -ppbatch -e sp.err -o out.dat --cpu_bind=sockets ../spCL.sh 256
nodes=16 ntasks=64
+ export BMARK_STRING=sp.D.64
+ BMARK_STRING=sp.D.64
+ n=16
+ cores=64
+ '[' 64 -eq 128 ']'
+ '[' 64 -eq 128 ']'
+ '[' 64 -eq 512 ']'
+ '[' 64 -eq 512 ']'
+ '[' 64 -eq 512 ']'
+ '[' 64 -eq 2048 ']'
++ date +%Y_%m_%d_%H_%M_%S_%N
+ name=2012_04_14_15_44_28_164637640
+ mkdir 2012_04_14_15_44_28_164637640
+ cd 2012_04_14_15_44_28_164637640
+ touch out.dat
+ env
+ hostname
+ echo 2012_04_14_15_44_28_164637640
+ uname -a
+ srun --nodes=1 --ntasks=1 -ppbatch cat /proc/cpuinfo
+ grep MHz
+ echo 'cores: 64'
+ echo 'nodes: 16'
+ srun --nodes=16 --ntasks=64 -ppbatch -e sp.err -o out.dat --cpu_bind=sockets ../spCL.sh 64
nodes=16 ntasks=128
+ export BMARK_STRING=sp.D.128
+ BMARK_STRING=sp.D.128
+ n=16
+ cores=128
+ '[' 128 -eq 128 ']'
+ '[' 16 -eq 16 ']'
+ cores=121
+ n=16
+ '[' 121 -eq 128 ']'
+ '[' 121 -eq 512 ']'
+ '[' 121 -eq 512 ']'
+ '[' 121 -eq 512 ']'
+ '[' 121 -eq 2048 ']'
++ date +%Y_%m_%d_%H_%M_%S_%N
+ name=2012_04_14_15_47_22_225083238
+ mkdir 2012_04_14_15_47_22_225083238
+ cd 2012_04_14_15_47_22_225083238
+ touch out.dat
+ env
+ hostname
+ echo 2012_04_14_15_47_22_225083238
+ uname -a
+ srun --nodes=1 --ntasks=1 -ppbatch cat /proc/cpuinfo
+ grep MHz
+ echo 'cores: 128'
+ echo 'nodes: 16'
+ srun --nodes=16 --ntasks=121 -ppbatch -e sp.err -o out.dat --cpu_bind=sockets ../spCL.sh 128
srun: error: rzmerl43: tasks 0-7: Exited with exit code 127
srun: error: rzmerl54: tasks 86-92: Exited with exit code 127
srun: error: rzmerl58: tasks 114-120: Exited with exit code 127
srun: error: rzmerl57: tasks 107-113: Exited with exit code 127
srun: error: rzmerl47: tasks 32-39: Exited with exit code 127
srun: error: rzmerl50: tasks 56-63: Exited with exit code 127
srun: error: rzmerl53: tasks 79-85: Exited with exit code 127
srun: error: rzmerl55: tasks 93-99: Exited with exit code 127
srun: error: rzmerl44: tasks 8-15: Exited with exit code 127
srun: error: rzmerl45: tasks 16-23: Exited with exit code 127
srun: error: rzmerl51: tasks 64-71: Exited with exit code 127
srun: error: rzmerl48: tasks 40-47: Exited with exit code 127
srun: error: rzmerl46: tasks 24-31: Exited with exit code 127
srun: error: rzmerl56: tasks 100-106: Exited with exit code 127
srun: error: rzmerl52: tasks 72-78: Exited with exit code 127
srun: error: rzmerl49: tasks 48-55: Exited with exit code 127
nodes=16 ntasks=256
+ export BMARK_STRING=sp.D.256
+ BMARK_STRING=sp.D.256
+ n=16
+ cores=256
+ '[' 256 -eq 128 ']'
+ '[' 256 -eq 128 ']'
+ '[' 256 -eq 512 ']'
+ '[' 256 -eq 512 ']'
+ '[' 256 -eq 512 ']'
+ '[' 256 -eq 2048 ']'
++ date +%Y_%m_%d_%H_%M_%S_%N
+ name=2012_04_14_15_47_22_640434819
+ mkdir 2012_04_14_15_47_22_640434819
+ cd 2012_04_14_15_47_22_640434819
+ touch out.dat
+ env
+ hostname
+ echo 2012_04_14_15_47_22_640434819
+ uname -a
+ srun --nodes=1 --ntasks=1 -ppbatch cat /proc/cpuinfo
+ grep MHz
+ echo 'cores: 256'
+ echo 'nodes: 16'
+ srun --nodes=16 --ntasks=256 -ppbatch -e sp.err -o out.dat --cpu_bind=sockets ../spCL.sh 256
nodes=16 ntasks=64
+ export BMARK_STRING=sp.D.64
+ BMARK_STRING=sp.D.64
+ n=16
+ cores=64
+ '[' 64 -eq 128 ']'
+ '[' 64 -eq 128 ']'
+ '[' 64 -eq 512 ']'
+ '[' 64 -eq 512 ']'
+ '[' 64 -eq 512 ']'
+ '[' 64 -eq 2048 ']'
++ date +%Y_%m_%d_%H_%M_%S_%N
+ name=2012_04_14_15_48_32_383263495
+ mkdir 2012_04_14_15_48_32_383263495
+ cd 2012_04_14_15_48_32_383263495
+ touch out.dat
+ env
+ hostname
+ echo 2012_04_14_15_48_32_383263495
+ uname -a
+ srun --nodes=1 --ntasks=1 -ppbatch cat /proc/cpuinfo
+ grep MHz
+ echo 'cores: 64'
+ echo 'nodes: 16'
+ srun --nodes=16 --ntasks=64 -ppbatch -e sp.err -o out.dat --cpu_bind=sockets ../spCL.sh 64
nodes=16 ntasks=128
+ export BMARK_STRING=sp.D.128
+ BMARK_STRING=sp.D.128
+ n=16
+ cores=128
+ '[' 128 -eq 128 ']'
+ '[' 16 -eq 16 ']'
+ cores=121
+ n=16
+ '[' 121 -eq 128 ']'
+ '[' 121 -eq 512 ']'
+ '[' 121 -eq 512 ']'
+ '[' 121 -eq 512 ']'
+ '[' 121 -eq 2048 ']'
++ date +%Y_%m_%d_%H_%M_%S_%N
+ name=2012_04_14_15_51_26_318514008
+ mkdir 2012_04_14_15_51_26_318514008
+ cd 2012_04_14_15_51_26_318514008
+ touch out.dat
+ env
+ hostname
+ echo 2012_04_14_15_51_26_318514008
+ uname -a
+ srun --nodes=1 --ntasks=1 -ppbatch cat /proc/cpuinfo
+ grep MHz
+ echo 'cores: 128'
+ echo 'nodes: 16'
+ srun --nodes=16 --ntasks=121 -ppbatch -e sp.err -o out.dat --cpu_bind=sockets ../spCL.sh 128
srun: error: rzmerl43: tasks 0-7: Exited with exit code 127
srun: error: rzmerl58: tasks 114-120: Exited with exit code 127
srun: error: rzmerl55: tasks 93-99: Exited with exit code 127
srun: error: rzmerl53: tasks 79-85: Exited with exit code 127
srun: error: rzmerl47: tasks 32-39: Exited with exit code 127
srun: error: rzmerl56: tasks 100-106: Exited with exit code 127
srun: error: rzmerl52: tasks 72-78: Exited with exit code 127
srun: error: rzmerl54: tasks 86-92: Exited with exit code 127
srun: error: rzmerl46: tasks 24-31: Exited with exit code 127
srun: error: rzmerl45: tasks 16-23: Exited with exit code 127
srun: error: rzmerl57: tasks 107-113: Exited with exit code 127
srun: error: rzmerl44: tasks 8-15: Exited with exit code 127
srun: error: rzmerl51: tasks 64-71: Exited with exit code 127
srun: error: rzmerl49: tasks 48-55: Exited with exit code 127
srun: error: rzmerl48: tasks 40-47: Exited with exit code 127
srun: error: rzmerl50: tasks 56-63: Exited with exit code 127
nodes=16 ntasks=256
+ export BMARK_STRING=sp.D.256
+ BMARK_STRING=sp.D.256
+ n=16
+ cores=256
+ '[' 256 -eq 128 ']'
+ '[' 256 -eq 128 ']'
+ '[' 256 -eq 512 ']'
+ '[' 256 -eq 512 ']'
+ '[' 256 -eq 512 ']'
+ '[' 256 -eq 2048 ']'
++ date +%Y_%m_%d_%H_%M_%S_%N
+ name=2012_04_14_15_51_26_732387052
+ mkdir 2012_04_14_15_51_26_732387052
+ cd 2012_04_14_15_51_26_732387052
+ touch out.dat
+ env
+ hostname
+ echo 2012_04_14_15_51_26_732387052
+ uname -a
+ srun --nodes=1 --ntasks=1 -ppbatch cat /proc/cpuinfo
+ grep MHz
+ echo 'cores: 256'
+ echo 'nodes: 16'
+ srun --nodes=16 --ntasks=256 -ppbatch -e sp.err -o out.dat --cpu_bind=sockets ../spCL.sh 256
Resetting now...
