/g/g24/rountree/local/src/power
nodes=32 ntasks=128
+ export BMARK_STRING=sp.D.128
+ BMARK_STRING=sp.D.128
+ n=32
+ cores=128
+ '[' 128 -eq 128 ']'
+ '[' 32 -eq 16 ']'
+ '[' 128 -eq 128 ']'
+ '[' 32 -eq 32 ']'
+ cores=121
+ n=31
+ '[' 121 -eq 512 ']'
+ '[' 121 -eq 512 ']'
+ '[' 121 -eq 512 ']'
+ '[' 121 -eq 2048 ']'
++ date +%Y_%m_%d_%H_%M_%S_%N
+ name=2012_04_21_00_28_40_356367104
+ mkdir 2012_04_21_00_28_40_356367104
+ cd 2012_04_21_00_28_40_356367104
+ touch out.dat
+ env
+ hostname
+ echo 2012_04_21_00_28_40_356367104
+ uname -a
+ srun --nodes=1 --ntasks=1 -ppbatch cat /proc/cpuinfo
+ grep MHz
+ echo 'cores: 128'
+ echo 'nodes: 32'
+ '[' 128 -le 8 ']'
+ srun --nodes=31 --ntasks=121 -ppbatch -e sp.err -o out.dat --auto-affinity=start=0,verbose,cpt=1 ../spCL.sh 121
+ sh /g/g24/rountree/local/src/power/setcpufreq.sh 2600000 0 15
setting frequency to 2600000 KHz on cores 0 through 15
nodes=32 ntasks=256
+ export BMARK_STRING=sp.D.256
+ BMARK_STRING=sp.D.256
+ n=32
+ cores=256
+ '[' 256 -eq 128 ']'
+ '[' 256 -eq 128 ']'
+ '[' 256 -eq 512 ']'
+ '[' 256 -eq 512 ']'
+ '[' 256 -eq 512 ']'
+ '[' 256 -eq 2048 ']'
++ date +%Y_%m_%d_%H_%M_%S_%N
+ name=2012_04_21_00_30_30_201073235
+ mkdir 2012_04_21_00_30_30_201073235
+ cd 2012_04_21_00_30_30_201073235
+ touch out.dat
+ env
+ hostname
+ echo 2012_04_21_00_30_30_201073235
+ uname -a
+ srun --nodes=1 --ntasks=1 -ppbatch cat /proc/cpuinfo
+ grep MHz
+ echo 'cores: 256'
+ echo 'nodes: 32'
+ '[' 256 -le 8 ']'
+ srun --nodes=32 --ntasks=256 -ppbatch -e sp.err -o out.dat --auto-affinity=start=0,verbose,cpt=1 ../spCL.sh 256
+ sh /g/g24/rountree/local/src/power/setcpufreq.sh 2600000 0 15
setting frequency to 2600000 KHz on cores 0 through 15
nodes=32 ntasks=512
+ export BMARK_STRING=sp.D.512
+ BMARK_STRING=sp.D.512
+ n=32
+ cores=512
+ '[' 512 -eq 128 ']'
+ '[' 512 -eq 128 ']'
+ '[' 512 -eq 512 ']'
+ '[' 32 -eq 32 ']'
+ cores=484
+ n=31
+ '[' 484 -eq 512 ']'
+ '[' 484 -eq 512 ']'
+ '[' 484 -eq 2048 ']'
++ date +%Y_%m_%d_%H_%M_%S_%N
+ name=2012_04_21_00_31_51_056977245
+ mkdir 2012_04_21_00_31_51_056977245
+ cd 2012_04_21_00_31_51_056977245
+ touch out.dat
+ env
+ hostname
+ echo 2012_04_21_00_31_51_056977245
+ uname -a
+ srun --nodes=1 --ntasks=1 -ppbatch cat /proc/cpuinfo
+ grep MHz
+ echo 'cores: 512'
+ echo 'nodes: 32'
+ '[' 512 -le 8 ']'
+ srun --nodes=31 --ntasks=484 -ppbatch -e sp.err -o out.dat --auto-affinity=start=0,verbose,cpt=1 ../spCL.sh 484
srun: error: rzmerl50: tasks 364-378: Exited with exit code 127
srun: error: rzmerl30: tasks 48-63: Exited with exit code 127
srun: error: rzmerl28: tasks 16-31: Exited with exit code 127
srun: error: rzmerl27: tasks 0-15: Exited with exit code 127
srun: error: rzmerl46: tasks 304-318: Exited with exit code 127
srun: error: rzmerl47: tasks 319-333: Exited with exit code 127
srun: error: rzmerl34: tasks 112-127: Exited with exit code 127
srun: error: rzmerl48: tasks 334-348: Exited with exit code 127
srun: error: rzmerl38: tasks 176-191: Exited with exit code 127
srun: error: rzmerl29: tasks 32-47: Exited with exit code 127
srun: error: rzmerl31: tasks 64-79: Exited with exit code 127
srun: error: rzmerl51: tasks 379-393: Exited with exit code 127
srun: error: rzmerl32: tasks 80-95: Exited with exit code 127
srun: error: rzmerl55: tasks 439-453: Exited with exit code 127
srun: error: rzmerl54: tasks 424-438: Exited with exit code 127
srun: error: rzmerl56: tasks 454-468: Exited with exit code 127
srun: error: rzmerl37: tasks 160-175: Exited with exit code 127
srun: error: rzmerl57: tasks 469-483: Exited with exit code 127
srun: error: rzmerl40: tasks 208-223: Exited with exit code 127
srun: error: rzmerl52: tasks 394-408: Exited with exit code 127
srun: error: rzmerl53: tasks 409-423: Exited with exit code 127
srun: error: rzmerl44: tasks 272-287: Exited with exit code 127
srun: error: rzmerl36: tasks 144-159: Exited with exit code 127
srun: error: rzmerl41: tasks 224-239: Exited with exit code 127
srun: error: rzmerl49: tasks 349-363: Exited with exit code 127
srun: error: rzmerl43: tasks 256-271: Exited with exit code 127
srun: error: rzmerl42: tasks 240-255: Exited with exit code 127
srun: error: rzmerl33: tasks 96-111: Exited with exit code 127
srun: error: rzmerl35: tasks 128-143: Exited with exit code 127
srun: error: rzmerl45: tasks 288-303: Exited with exit code 127
srun: error: rzmerl39: tasks 192-207: Exited with exit code 127
+ sh /g/g24/rountree/local/src/power/setcpufreq.sh 2600000 0 15
setting frequency to 2600000 KHz on cores 0 through 15
nodes=32 ntasks=128
+ export BMARK_STRING=sp.D.128
+ BMARK_STRING=sp.D.128
+ n=32
+ cores=128
+ '[' 128 -eq 128 ']'
+ '[' 32 -eq 16 ']'
+ '[' 128 -eq 128 ']'
+ '[' 32 -eq 32 ']'
+ cores=121
+ n=31
+ '[' 121 -eq 512 ']'
+ '[' 121 -eq 512 ']'
+ '[' 121 -eq 512 ']'
+ '[' 121 -eq 2048 ']'
++ date +%Y_%m_%d_%H_%M_%S_%N
+ name=2012_04_21_00_31_51_545104939
+ mkdir 2012_04_21_00_31_51_545104939
+ cd 2012_04_21_00_31_51_545104939
+ touch out.dat
+ env
+ hostname
+ echo 2012_04_21_00_31_51_545104939
+ uname -a
+ srun --nodes=1 --ntasks=1 -ppbatch cat /proc/cpuinfo
+ grep MHz
+ echo 'cores: 128'
+ echo 'nodes: 32'
+ '[' 128 -le 8 ']'
+ srun --nodes=31 --ntasks=121 -ppbatch -e sp.err -o out.dat --auto-affinity=start=0,verbose,cpt=1 ../spCL.sh 121
+ sh /g/g24/rountree/local/src/power/setcpufreq.sh 2600000 0 15
setting frequency to 2600000 KHz on cores 0 through 15
nodes=32 ntasks=256
+ export BMARK_STRING=sp.D.256
+ BMARK_STRING=sp.D.256
+ n=32
+ cores=256
+ '[' 256 -eq 128 ']'
+ '[' 256 -eq 128 ']'
+ '[' 256 -eq 512 ']'
+ '[' 256 -eq 512 ']'
+ '[' 256 -eq 512 ']'
+ '[' 256 -eq 2048 ']'
++ date +%Y_%m_%d_%H_%M_%S_%N
+ name=2012_04_21_00_33_35_965344734
+ mkdir 2012_04_21_00_33_35_965344734
+ cd 2012_04_21_00_33_35_965344734
+ touch out.dat
+ env
+ hostname
+ echo 2012_04_21_00_33_35_965344734
+ uname -a
+ srun --nodes=1 --ntasks=1 -ppbatch cat /proc/cpuinfo
+ grep MHz
+ echo 'cores: 256'
+ echo 'nodes: 32'
+ '[' 256 -le 8 ']'
+ srun --nodes=32 --ntasks=256 -ppbatch -e sp.err -o out.dat --auto-affinity=start=0,verbose,cpt=1 ../spCL.sh 256
+ sh /g/g24/rountree/local/src/power/setcpufreq.sh 2600000 0 15
setting frequency to 2600000 KHz on cores 0 through 15
nodes=32 ntasks=512
+ export BMARK_STRING=sp.D.512
+ BMARK_STRING=sp.D.512
+ n=32
+ cores=512
+ '[' 512 -eq 128 ']'
+ '[' 512 -eq 128 ']'
+ '[' 512 -eq 512 ']'
+ '[' 32 -eq 32 ']'
+ cores=484
+ n=31
+ '[' 484 -eq 512 ']'
+ '[' 484 -eq 512 ']'
+ '[' 484 -eq 2048 ']'
++ date +%Y_%m_%d_%H_%M_%S_%N
+ name=2012_04_21_00_34_47_817528500
+ mkdir 2012_04_21_00_34_47_817528500
+ cd 2012_04_21_00_34_47_817528500
+ touch out.dat
+ env
+ hostname
+ echo 2012_04_21_00_34_47_817528500
+ uname -a
+ srun --nodes=1 --ntasks=1 -ppbatch cat /proc/cpuinfo
+ grep MHz
+ echo 'cores: 512'
+ echo 'nodes: 32'
+ '[' 512 -le 8 ']'
+ srun --nodes=31 --ntasks=484 -ppbatch -e sp.err -o out.dat --auto-affinity=start=0,verbose,cpt=1 ../spCL.sh 484
srun: error: rzmerl26: tasks 0-15: Exited with exit code 127
srun: error: rzmerl30: tasks 64-79: Exited with exit code 127
srun: error: rzmerl53: tasks 424-438: Exited with exit code 127
srun: error: rzmerl45: tasks 304-318: Exited with exit code 127
srun: error: rzmerl33: tasks 112-127: Exited with exit code 127
srun: error: rzmerl50: tasks 379-393: Exited with exit code 127
srun: error: rzmerl40: tasks 224-239: Exited with exit code 127
srun: error: rzmerl52: tasks 409-423: Exited with exit code 127
srun: error: rzmerl55: tasks 454-468: Exited with exit code 127
srun: error: rzmerl49: tasks 364-378: Exited with exit code 127
srun: error: rzmerl46: tasks 319-333: Exited with exit code 127
srun: error: rzmerl34: tasks 128-143: Exited with exit code 127
srun: error: rzmerl56: tasks 469-483: Exited with exit code 127
srun: error: rzmerl29: tasks 48-63: Exited with exit code 127
srun: error: rzmerl37: tasks 176-191: Exited with exit code 127
srun: error: rzmerl48: tasks 349-363: Exited with exit code 127
srun: error: rzmerl27: tasks 16-31: Exited with exit code 127
srun: error: rzmerl28: tasks 32-47: Exited with exit code 127
srun: error: rzmerl54: tasks 439-453: Exited with exit code 127
srun: error: rzmerl44: tasks 288-303: Exited with exit code 127
srun: error: rzmerl31: tasks 80-95: Exited with exit code 127
srun: error: rzmerl38: tasks 192-207: Exited with exit code 127
srun: error: rzmerl47: tasks 334-348: Exited with exit code 127
srun: error: rzmerl51: tasks 394-408: Exited with exit code 127
srun: error: rzmerl43: tasks 272-287: Exited with exit code 127
srun: error: rzmerl39: tasks 208-223: Exited with exit code 127
srun: error: rzmerl35: tasks 144-159: Exited with exit code 127
srun: error: rzmerl36: tasks 160-175: Exited with exit code 127
srun: error: rzmerl32: tasks 96-111: Exited with exit code 127
srun: error: rzmerl42: tasks 256-271: Exited with exit code 127
srun: error: rzmerl41: tasks 240-255: Exited with exit code 127
+ sh /g/g24/rountree/local/src/power/setcpufreq.sh 2600000 0 15
setting frequency to 2600000 KHz on cores 0 through 15
nodes=32 ntasks=128
+ export BMARK_STRING=sp.D.128
+ BMARK_STRING=sp.D.128
+ n=32
+ cores=128
+ '[' 128 -eq 128 ']'
+ '[' 32 -eq 16 ']'
+ '[' 128 -eq 128 ']'
+ '[' 32 -eq 32 ']'
+ cores=121
+ n=31
+ '[' 121 -eq 512 ']'
+ '[' 121 -eq 512 ']'
+ '[' 121 -eq 512 ']'
+ '[' 121 -eq 2048 ']'
++ date +%Y_%m_%d_%H_%M_%S_%N
+ name=2012_04_21_00_34_48_347486693
+ mkdir 2012_04_21_00_34_48_347486693
+ cd 2012_04_21_00_34_48_347486693
+ touch out.dat
+ env
+ hostname
+ echo 2012_04_21_00_34_48_347486693
+ uname -a
+ srun --nodes=1 --ntasks=1 -ppbatch cat /proc/cpuinfo
+ grep MHz
+ echo 'cores: 128'
+ echo 'nodes: 32'
+ '[' 128 -le 8 ']'
+ srun --nodes=31 --ntasks=121 -ppbatch -e sp.err -o out.dat --auto-affinity=start=0,verbose,cpt=1 ../spCL.sh 121
+ sh /g/g24/rountree/local/src/power/setcpufreq.sh 2600000 0 15
setting frequency to 2600000 KHz on cores 0 through 15
nodes=32 ntasks=256
+ export BMARK_STRING=sp.D.256
+ BMARK_STRING=sp.D.256
+ n=32
+ cores=256
+ '[' 256 -eq 128 ']'
+ '[' 256 -eq 128 ']'
+ '[' 256 -eq 512 ']'
+ '[' 256 -eq 512 ']'
+ '[' 256 -eq 512 ']'
+ '[' 256 -eq 2048 ']'
++ date +%Y_%m_%d_%H_%M_%S_%N
+ name=2012_04_21_00_36_33_080167357
+ mkdir 2012_04_21_00_36_33_080167357
+ cd 2012_04_21_00_36_33_080167357
+ touch out.dat
+ env
+ hostname
+ echo 2012_04_21_00_36_33_080167357
+ uname -a
+ srun --nodes=1 --ntasks=1 -ppbatch cat /proc/cpuinfo
+ grep MHz
+ echo 'cores: 256'
+ echo 'nodes: 32'
+ '[' 256 -le 8 ']'
+ srun --nodes=32 --ntasks=256 -ppbatch -e sp.err -o out.dat --auto-affinity=start=0,verbose,cpt=1 ../spCL.sh 256
+ sh /g/g24/rountree/local/src/power/setcpufreq.sh 2600000 0 15
setting frequency to 2600000 KHz on cores 0 through 15
nodes=32 ntasks=512
+ export BMARK_STRING=sp.D.512
+ BMARK_STRING=sp.D.512
+ n=32
+ cores=512
+ '[' 512 -eq 128 ']'
+ '[' 512 -eq 128 ']'
+ '[' 512 -eq 512 ']'
+ '[' 32 -eq 32 ']'
+ cores=484
+ n=31
+ '[' 484 -eq 512 ']'
+ '[' 484 -eq 512 ']'
+ '[' 484 -eq 2048 ']'
++ date +%Y_%m_%d_%H_%M_%S_%N
+ name=2012_04_21_00_37_41_302626658
+ mkdir 2012_04_21_00_37_41_302626658
+ cd 2012_04_21_00_37_41_302626658
+ touch out.dat
+ env
+ hostname
+ echo 2012_04_21_00_37_41_302626658
+ uname -a
+ srun --nodes=1 --ntasks=1 -ppbatch cat /proc/cpuinfo
+ grep MHz
+ echo 'cores: 512'
+ echo 'nodes: 32'
+ '[' 512 -le 8 ']'
+ srun --nodes=31 --ntasks=484 -ppbatch -e sp.err -o out.dat --auto-affinity=start=0,verbose,cpt=1 ../spCL.sh 484
srun: error: rzmerl26: tasks 0-15: Exited with exit code 127
srun: error: rzmerl50: tasks 379-393: Exited with exit code 127
srun: error: rzmerl53: tasks 424-438: Exited with exit code 127
srun: error: rzmerl28: tasks 32-47: Exited with exit code 127
srun: error: rzmerl30: tasks 64-79: Exited with exit code 127
srun: error: rzmerl31: tasks 80-95: Exited with exit code 127
srun: error: rzmerl34: tasks 128-143: Exited with exit code 127
srun: error: rzmerl48: tasks 349-363: Exited with exit code 127
srun: error: rzmerl51: tasks 394-408: Exited with exit code 127
srun: error: rzmerl40: tasks 224-239: Exited with exit code 127
srun: error: rzmerl56: tasks 469-483: Exited with exit code 127
srun: error: rzmerl54: tasks 439-453: Exited with exit code 127
srun: error: rzmerl46: tasks 319-333: Exited with exit code 127
srun: error: rzmerl45: tasks 304-318: Exited with exit code 127
srun: error: rzmerl33: tasks 112-127: Exited with exit code 127
srun: error: rzmerl29: tasks 48-63: Exited with exit code 127
srun: error: rzmerl36: tasks 160-175: Exited with exit code 127
srun: error: rzmerl37: tasks 176-191: Exited with exit code 127
srun: error: rzmerl38: tasks 192-207: Exited with exit code 127
srun: error: rzmerl52: tasks 409-423: Exited with exit code 127
srun: error: rzmerl55: tasks 454-468: Exited with exit code 127
srun: error: rzmerl32: tasks 96-111: Exited with exit code 127
srun: error: rzmerl42: tasks 256-271: Exited with exit code 127
srun: error: rzmerl49: tasks 364-378: Exited with exit code 127
srun: error: rzmerl35: tasks 144-159: Exited with exit code 127
srun: error: rzmerl44: tasks 288-303: Exited with exit code 127
srun: error: rzmerl41: tasks 240-255: Exited with exit code 127
srun: error: rzmerl43: tasks 272-287: Exited with exit code 127
srun: error: rzmerl27: tasks 16-31: Exited with exit code 127
srun: error: rzmerl39: tasks 208-223: Exited with exit code 127
srun: error: rzmerl47: tasks 334-348: Exited with exit code 127
+ sh /g/g24/rountree/local/src/power/setcpufreq.sh 2600000 0 15
setting frequency to 2600000 KHz on cores 0 through 15
nodes=32 ntasks=128
+ export BMARK_STRING=sp.D.128
+ BMARK_STRING=sp.D.128
+ n=32
+ cores=128
+ '[' 128 -eq 128 ']'
+ '[' 32 -eq 16 ']'
+ '[' 128 -eq 128 ']'
+ '[' 32 -eq 32 ']'
+ cores=121
+ n=31
+ '[' 121 -eq 512 ']'
+ '[' 121 -eq 512 ']'
+ '[' 121 -eq 512 ']'
+ '[' 121 -eq 2048 ']'
++ date +%Y_%m_%d_%H_%M_%S_%N
+ name=2012_04_21_00_37_41_818346622
+ mkdir 2012_04_21_00_37_41_818346622
+ cd 2012_04_21_00_37_41_818346622
+ touch out.dat
+ env
+ hostname
+ echo 2012_04_21_00_37_41_818346622
+ uname -a
+ srun --nodes=1 --ntasks=1 -ppbatch cat /proc/cpuinfo
+ grep MHz
+ echo 'cores: 128'
+ echo 'nodes: 32'
+ '[' 128 -le 8 ']'
+ srun --nodes=31 --ntasks=121 -ppbatch -e sp.err -o out.dat --auto-affinity=start=0,verbose,cpt=1 ../spCL.sh 121
+ sh /g/g24/rountree/local/src/power/setcpufreq.sh 2600000 0 15
setting frequency to 2600000 KHz on cores 0 through 15
nodes=32 ntasks=256
+ export BMARK_STRING=sp.D.256
+ BMARK_STRING=sp.D.256
+ n=32
+ cores=256
+ '[' 256 -eq 128 ']'
+ '[' 256 -eq 128 ']'
+ '[' 256 -eq 512 ']'
+ '[' 256 -eq 512 ']'
+ '[' 256 -eq 512 ']'
+ '[' 256 -eq 2048 ']'
++ date +%Y_%m_%d_%H_%M_%S_%N
+ name=2012_04_21_00_39_26_384299995
+ mkdir 2012_04_21_00_39_26_384299995
+ cd 2012_04_21_00_39_26_384299995
+ touch out.dat
+ env
+ hostname
+ echo 2012_04_21_00_39_26_384299995
+ uname -a
+ srun --nodes=1 --ntasks=1 -ppbatch cat /proc/cpuinfo
+ grep MHz
+ echo 'cores: 256'
+ echo 'nodes: 32'
+ '[' 256 -le 8 ']'
+ srun --nodes=32 --ntasks=256 -ppbatch -e sp.err -o out.dat --auto-affinity=start=0,verbose,cpt=1 ../spCL.sh 256
+ sh /g/g24/rountree/local/src/power/setcpufreq.sh 2600000 0 15
setting frequency to 2600000 KHz on cores 0 through 15
nodes=32 ntasks=512
+ export BMARK_STRING=sp.D.512
+ BMARK_STRING=sp.D.512
+ n=32
+ cores=512
+ '[' 512 -eq 128 ']'
+ '[' 512 -eq 128 ']'
+ '[' 512 -eq 512 ']'
+ '[' 32 -eq 32 ']'
+ cores=484
+ n=31
+ '[' 484 -eq 512 ']'
+ '[' 484 -eq 512 ']'
+ '[' 484 -eq 2048 ']'
++ date +%Y_%m_%d_%H_%M_%S_%N
+ name=2012_04_21_00_40_33_355391587
+ mkdir 2012_04_21_00_40_33_355391587
+ cd 2012_04_21_00_40_33_355391587
+ touch out.dat
+ env
+ hostname
+ echo 2012_04_21_00_40_33_355391587
+ uname -a
+ srun --nodes=1 --ntasks=1 -ppbatch cat /proc/cpuinfo
+ grep MHz
+ echo 'cores: 512'
+ echo 'nodes: 32'
+ '[' 512 -le 8 ']'
+ srun --nodes=31 --ntasks=484 -ppbatch -e sp.err -o out.dat --auto-affinity=start=0,verbose,cpt=1 ../spCL.sh 484
srun: error: rzmerl26: tasks 0-15: Exited with exit code 127
srun: error: rzmerl50: tasks 379-393: Exited with exit code 127
srun: error: rzmerl54: tasks 439-453: Exited with exit code 127
srun: error: rzmerl27: tasks 16-31: Exited with exit code 127
srun: error: rzmerl46: tasks 319-333: Exited with exit code 127
srun: error: rzmerl47: tasks 334-348: Exited with exit code 127
srun: error: rzmerl34: tasks 128-143: Exited with exit code 127
srun: error: rzmerl53: tasks 424-438: Exited with exit code 127
srun: error: rzmerl40: tasks 224-239: Exited with exit code 127
srun: error: rzmerl30: tasks 64-79: Exited with exit code 127
srun: error: rzmerl28: tasks 32-47: Exited with exit code 127
srun: error: rzmerl55: tasks 454-468: Exited with exit code 127
srun: error: rzmerl49: tasks 364-378: Exited with exit code 127
srun: error: rzmerl38: tasks 192-207: Exited with exit code 127
srun: error: rzmerl29: tasks 48-63: Exited with exit code 127
srun: error: rzmerl44: tasks 288-303: Exited with exit code 127
srun: error: rzmerl31: tasks 80-95: Exited with exit code 127
srun: error: rzmerl48: tasks 349-363: Exited with exit code 127
srun: error: rzmerl56: tasks 469-483: Exited with exit code 127
srun: error: rzmerl36: tasks 160-175: Exited with exit code 127
srun: error: rzmerl37: tasks 176-191: Exited with exit code 127
srun: error: rzmerl45: tasks 304-318: Exited with exit code 127
srun: error: rzmerl35: tasks 144-159: Exited with exit code 127
srun: error: rzmerl52: tasks 409-423: Exited with exit code 127
srun: error: rzmerl33: tasks 112-127: Exited with exit code 127
srun: error: rzmerl32: tasks 96-111: Exited with exit code 127
srun: error: rzmerl51: tasks 394-408: Exited with exit code 127
srun: error: rzmerl43: tasks 272-287: Exited with exit code 127
srun: error: rzmerl42: tasks 256-271: Exited with exit code 127
srun: error: rzmerl41: tasks 240-255: Exited with exit code 127
srun: error: rzmerl39: tasks 208-223: Exited with exit code 127
+ sh /g/g24/rountree/local/src/power/setcpufreq.sh 2600000 0 15
setting frequency to 2600000 KHz on cores 0 through 15
Resetting now...
