msr_opt.c::54 c=-1
msr_opt.c::78 setting MSR_PKG_POWER_LIMIT to 0x38208 on cpu 0
msr_opt.c::83 setting MSR_PP0_POWER_LIMIT to 0x0 on cpu 0
msr_opt.c::88 setting MSR_DRAM_POWER_LIMIT to 0x380c8 on cpu 0
msr_core.c::64  pwrite returned -1.  fd[0]=16, cpu=0, msr=1560 (618), val=229576 (0x380c8).  errno=5
: Input/output error
msr_opt.c::78 setting MSR_PKG_POWER_LIMIT to 0x38208 on cpu 1
msr_opt.c::83 setting MSR_PP0_POWER_LIMIT to 0x0 on cpu 1
msr_opt.c::88 setting MSR_DRAM_POWER_LIMIT to 0x380c8 on cpu 1
msr_core.c::64  pwrite returned -1.  fd[1]=17, cpu=1, msr=1560 (618), val=229576 (0x380c8).  errno=5
: Input/output error
msr_rapl.c::399 returned from parse_opts
msr_opt.c::54 c=-1
msr_opt.c::78 setting MSR_PKG_POWER_LIMIT to 0x38208 on cpu 0
msr_opt.c::83 setting MSR_PP0_POWER_LIMIT to 0x0 on cpu 0
msr_opt.c::88 setting MSR_DRAM_POWER_LIMIT to 0x380c8 on cpu 0
msr_core.c::64  pwrite returned -1.  fd[0]=13, cpu=0, msr=1560 (618), val=229576 (0x380c8).  errno=5
: Input/output error
msr_opt.c::78 setting MSR_PKG_POWER_LIMIT to 0x38208 on cpu 1
msr_opt.c::83 setting MSR_PP0_POWER_LIMIT to 0x0 on cpu 1
msr_opt.c::88 setting MSR_DRAM_POWER_LIMIT to 0x380c8 on cpu 1
msr_core.c::64  pwrite returned -1.  fd[1]=14, cpu=1, msr=1560 (618), val=229576 (0x380c8).  errno=5
: Input/output error
msr_rapl.c::399 returned from parse_opts
msr_opt.c::54 c=-1
msr_opt.c::78 setting MSR_PKG_POWER_LIMIT to 0x38208 on cpu 0
msr_opt.c::83 setting MSR_PP0_POWER_LIMIT to 0x0 on cpu 0
msr_opt.c::88 setting MSR_DRAM_POWER_LIMIT to 0x380c8 on cpu 0
msr_core.c::64  pwrite returned -1.  fd[0]=13, cpu=0, msr=1560 (618), val=229576 (0x380c8).  errno=5
: Input/output error
msr_opt.c::78 setting MSR_PKG_POWER_LIMIT to 0x38208 on cpu 1
msr_opt.c::83 setting MSR_PP0_POWER_LIMIT to 0x0 on cpu 1
msr_opt.c::88 setting MSR_DRAM_POWER_LIMIT to 0x380c8 on cpu 1
msr_core.c::64  pwrite returned -1.  fd[1]=14, cpu=1, msr=1560 (618), val=229576 (0x380c8).  errno=5
: Input/output error
msr_rapl.c::399 returned from parse_opts
msr_opt.c::54 c=-1
msr_opt.c::78 setting MSR_PKG_POWER_LIMIT to 0x38208 on cpu 0
msr_opt.c::83 setting MSR_PP0_POWER_LIMIT to 0x0 on cpu 0
msr_opt.c::88 setting MSR_DRAM_POWER_LIMIT to 0x380c8 on cpu 0
msr_core.c::64  pwrite returned -1.  fd[0]=14, cpu=0, msr=1560 (618), val=229576 (0x380c8).  errno=5
: Input/output error
msr_opt.c::78 setting MSR_PKG_POWER_LIMIT to 0x38208 on cpu 1
msr_opt.c::54 c=-1
msr_opt.c::78 setting MSR_PKG_POWER_LIMIT to 0x38208 on cpu 0
msr_opt.c::83 setting MSR_PP0_POWER_LIMIT to 0x0 on cpu 0
msr_opt.c::88 setting MSR_DRAM_POWER_LIMIT to 0x380c8 on cpu 0
msr_core.c::64  pwrite returned -1.  fd[0]=14, cpu=0, msr=1560 (618), val=229576 (0x380c8).  errno=5
: Input/output error
msr_opt.c::78 setting MSR_PKG_POWER_LIMIT to 0x38208 on cpu 1
msr_opt.c::83 setting MSR_PP0_POWER_LIMIT to 0x0 on cpu 1
msr_opt.c::88 setting MSR_DRAM_POWER_LIMIT to 0x380c8 on cpu 1
msr_core.c::64  pwrite returned -1.  fd[1]=15, cpu=1, msr=1560 (618), val=229576 (0x380c8).  errno=5
: Input/output error
msr_rapl.c::399 returned from parse_opts
msr_opt.c::54 c=-1
msr_opt.c::78 setting MSR_PKG_POWER_LIMIT to 0x38208 on cpu 0
msr_opt.c::83 setting MSR_PP0_POWER_LIMIT to 0x0 on cpu 0
msr_opt.c::88 setting MSR_DRAM_POWER_LIMIT to 0x380c8 on cpu 0
msr_core.c::64  pwrite returned -1.  fd[0]=13, cpu=0, msr=1560 (618), val=229576 (0x380c8).  errno=5
: Input/output error
msr_opt.c::78 setting MSR_PKG_POWER_LIMIT to 0x38208 on cpu 1
msr_opt.c::83 setting MSR_PP0_POWER_LIMIT to 0x0 on cpu 1
msr_opt.c::88 setting MSR_DRAM_POWER_LIMIT to 0x380c8 on cpu 1
msr_core.c::64  pwrite returned -1.  fd[1]=14, cpu=1, msr=1560 (618), val=229576 (0x380c8).  errno=5
: Input/output error
msr_rapl.c::399 returned from parse_opts
msr_opt.c::54 c=-1
msr_opt.c::78 setting MSR_PKG_POWER_LIMIT to 0x38208 on cpu 0
msr_opt.c::83 setting MSR_PP0_POWER_LIMIT to 0x0 on cpu 0
msr_opt.c::88 setting MSR_DRAM_POWER_LIMIT to 0x380c8 on cpu 0
msr_core.c::64  pwrite returned -1.  fd[0]=15, cpu=0, msr=1560 (618), val=229576 (0x380c8).  errno=5
: Input/output error
msr_opt.c::78 setting MSR_PKG_POWER_LIMIT to 0x38208 on cpu 1
msr_opt.c::83 setting MSR_PP0_POWER_LIMIT to 0x0 on cpu 1
msr_opt.c::88 setting MSR_DRAM_POWER_LIMIT to 0x380c8 on cpu 1
msr_core.c::64  pwrite returned -1.  fd[1]=16, cpu=1, msr=1560 (618), val=229576 (0x380c8).  errno=5
: Input/output error
msr_rapl.c::399 returned from parse_opts
msr_opt.c::54 c=-1
msr_opt.c::78 setting MSR_PKG_POWER_LIMIT to 0x38208 on cpu 0
msr_opt.c::83 setting MSR_PP0_POWER_LIMIT to 0x0 on cpu 0
msr_opt.c::88 setting MSR_DRAM_POWER_LIMIT to 0x380c8 on cpu 0
msr_core.c::64  pwrite returned -1.  fd[0]=13, cpu=0, msr=1560 (618), val=229576 (0x380c8).  errno=5
: Input/output error
msr_opt.c::78 setting MSR_PKG_POWER_LIMIT to 0x38208 on cpu 1
msr_opt.c::83 setting MSR_PP0_POWER_LIMIT to 0x0 on cpu 1
msr_opt.c::88 setting MSR_DRAM_POWER_LIMIT to 0x380c8 on cpu 1
msr_core.c::64  pwrite returned -1.  fd[1]=15, cpu=1, msr=1560 (618), val=229576 (0x380c8).  errno=5
: Input/output error
msr_rapl.c::399 returned from parse_opts
msr_opt.c::83 setting MSR_PP0_POWER_LIMIT to 0x0 on cpu 1
msr_opt.c::88 setting MSR_DRAM_POWER_LIMIT to 0x380c8 on cpu 1
msr_core.c::64  pwrite returned -1.  fd[1]=14, cpu=1, msr=1560 (618), val=229576 (0x380c8).  errno=5
: Input/output error
msr_rapl.c::399 returned from parse_opts
# QQQ elapsed PKG_Watts_0 PP0_Watts_0 DRAM_Watts_0 PKG_Info_Max_Window_Sec_0 PKG_Info_Max_Window_Bits_0 PKG_Info_Max_Power_Watts_0 PKG_Info_Max_Power_Bits_0 PKG_Info_Min_Power_Watts_0 PKG_Info_Min_Power_Bits_0 PKG_Info_Thermal_Spec_Watts_0 PKG_Info_Thermal_Spec_Bits_0 DRAM_Info_Max_Window_Sec_0 DRAM_Info_Max_Window_Bits_0 DRAM_Info_Max_Power_Watts_0 DRAM_Info_Max_Power_Bits_0 DRAM_Info_Min_Power_Watts_0 DRAM_Info_Min_Power_Bits_0 DRAM_Info_Thermal_Spec_Watts_0 DRAM_Info_Thermal_Spec_Bits_0 Units_Power_Bits_0 Units_Energy_Bits_0 Units_Time_Bits_0 Units_Power_Watts_0 Units_Energy_Joules_0 Units_Time_Seconds_0 PKG_Limit2_Enable_0 PKG_Limit2_Clamp_0 PKG_Limit2_Time_Bits_0 PKG_Limit2_Power_Bits_0 PKG_Limit2_Mult_Bits_0 PKG_Limit2_Mult_Float_0 PKG_Limit2_Time_Seconds_0 PKG_Limit2_Power_Watts_0 PKG_Limit1_Enable_0 PKG_Limit1_Clamp_0 PKG_Limit1_Time_Bits_0 PKG_Limit1_Power_Bits_0 PKG_Limit1_Mult_Bits_0 PKG_Limit1_Mult_Float_0 PKG_Limit1_Time_Seconds_0 PKG_Limit1_Power_Watts_0 PP0_Limit1_Enable_0 PP0_Limit1_Clamp_0 PP# QQQ elapsed PKG_Watts_0 PP0_Watts_0 DRAM_Watts_0 PKG_Info_Max_Window_Sec_0 PKG_Info_Max_Window_Bits_0 PKG_Info_Max_Power_Watts_0 PKG_Info_Max_Power_Bits_0 PKG_Info_Min_Power_Watts_0 PKG_Info_Min_Power_Bits_0 PKG_Info_Thermal_Spec_Watts_0 PKG_Info_Thermal_Spec_Bits_0 DRAM_Info_Max_Window_Sec_0 DRAM_Info_Max_Window_Bits_0 DRAM_Info_Max_Power_Watts_0 DRAM_Info_Max_Power_Bits_0 DRAM_Info_Min_Power_Watts_0 DRAM_Info_Min_Power_Bits_0 DRAM_Info_Thermal_Spec_Watts_0 DRAM_Info_Thermal_Spec_Bits_0 Units_Power_Bits_0 Units_Energy_Bits_0 Units_Time_Bits_0 Units_Power_Watts_0 Units_Energy_Joules_0 Units_Time_Seconds_0 PKG_Limit2_Enable_0 PKG_Limit2_Clamp_0 PKG_Limit2_Time_Bits_0 PKG_Limit2_Power_Bits_0 PKG_Limit2_Mult_Bits_0 PKG_Limit2_Mult_Float_0 PKG_Limit2_Time_Seconds_0 PKG_Limit2_Power_Watts_0 PKG_Limit1_Enable_0 PKG_Limit1_Clamp_0 PKG_Limit1_Time_Bits_0 PKG_Limit1_Power_Bits_0 PKG_Limit1_Mult_Bits_0 PKG_Limit1_Mult_Float_0 PKG_Limit1_Time_Seconds_0 PKG_Limit1_Power_Watts_0 PP0_Limit1_Enable_0 PP0_Limit1_Clamp_0 PP# QQQ elapsed PKG_Watts_0 PP0_Watts_0 DRAM_Watts_0 PKG_Info_Max_Window_Sec_0 PKG_Info_Max_Window_Bits_0 PKG_Info_Max_Power_Watts_0 PKG_Info_Max_Power_Bits_0 PKG_Info_Min_Power_Watts_0 PKG_Info_Min_Power_Bits_0 PKG_Info_Thermal_Spec_Watts_0 PKG_Info_Thermal_Spec_Bits_0 DRAM_Info_Max_Window_Sec_0 DRAM_Info_Max_Window_Bits_0 DRAM_Info_Max_Power_Watts_0 DRAM_Info_Max_Power_Bits_0 DRAM_Info_Min_Power_Watts_0 DRAM_Info_Min_Power_Bits_0 DRAM_Info_Thermal_Spec_Watts_0 DRAM_Info_Thermal_Spec_Bits_0 Units_Power_Bits_0 Units_Energy_Bits_0 Units_Time_Bits_0 Units_Power_Watts_0 Units_Energy_Joules_0 Units_Time_Seconds_0 PKG_Limit2_Enable_0 PKG_Limit2_Clamp_0 PKG_Limit2_Time_Bits_0 PKG_Limit2_Power_Bits_0 PKG_Limit2_Mult_Bits_0 PKG_Limit2_Mult_Float_0 PKG_Limit2_Time_Seconds_0 PKG_Limit2_Power_Watts_0 PKG_Limit1_Enable_0 PKG_Limit1_Clamp_0 PKG_Limit1_Time_Bits_0 PKG_Limit1_Power_Bits_0 PKG_Limit1_Mult_Bits_0 PKG_Limit1_Mult_Float_0 PKG_Limit1_Time_Seconds_0 PKG_Limit1_Power_Watts_0 PP0_Limit1_Enable_0 PP0_Limit1_Clamp_0 PP# QQQ elapsed PKG_Watts_0 PP0_Watts_0 DRAM_Watts_0 PKG_Info_Max_Window_Sec_0 PKG_Info_Max_Window_Bits_0 PKG_Info_Max_Power_Watts_0 PKG_Info_Max_Power_Bits_0 PKG_Info_Min_Power_Watts_0 PKG_Info_Min_Power_Bits_0 PKG_Info_Thermal_Spec_Watts_0 PKG_Info_Thermal_Spec_Bits_0 DRAM_Info_Max_Window_Sec_0 DRAM_Info_Max_Window_Bits_0 DRAM_Info_Max_Power_Watts_0 DRAM_Info_Max_Power_Bits_0 DRAM_Info_Min_Power_Watts_0 DRAM_Info_Min_Power_Bits_0 DRAM_Info_Thermal_Spec_Watts_0 DRAM_Info_Thermal_Spec_Bits_0 Units_Power_Bits_0 Units_Energy_Bits_0 Units_Time_Bits_0 Units_Power_Watts_0 Units_Energy_Joules_0 Units_Time_Seconds_0 PKG_Limit2_Enable_0 PKG_Limit2_Clamp_0 PKG_Limit2_Time_Bits_0 PKG_Limit2_Power_Bits_0 PKG_Limit2_Mult_Bits_0 PKG_Limit2_Mult_Float_0 PKG_Limit2_Time_Seconds_0 PKG_Limit2_Power_Watts_0 PKG_Limit1_Enable_0 PKG_Limit1_Clamp_0 PKG_Limit1_Time_Bits_0 PKG_Limit1_Power_Bits_0 PKG_Limit1_Mult_Bits_0 PKG_Limit1_Mult_Float_0 PKG_Limit1_Time_Seconds_0 PKG_Limit1_Power_Watts_0 PP0_Limit1_Enable_0 PP0_Limit1_Clamp_0 PP# QQQ elapsed PKG_Watts_0 PP0_Watts_0 DRAM_Watts_0 PKG_Info_Max_Window_Sec_0 PKG_Info_Max_Window_Bits_0 PKG_Info_Max_Power_Watts_0 PKG_Info_Max_Power_Bits_0 PKG_Info_Min_Power_Watts_0 PKG_Info_Min_Power_Bits_0 PKG_Info_Thermal_Spec_Watts_0 PKG_Info_Thermal_Spec_Bits_0 DRAM_Info_Max_Window_Sec_0 DRAM_Info_Max_Window_Bits_0 DRAM_Info_Max_Power_Watts_0 DRAM_Info_Max_Power_Bits_0 DRAM_Info_Min_Power_Watts_0 DRAM_Info_Min_Power_Bits_0 DRAM_Info_Thermal_Spec_Watts_0 DRAM_Info_Thermal_Spec_Bits_0 Units_Power_Bits_0 Units_Energy_Bits_0 Units_Time_Bits_0 Units_Power_Watts_0 Units_Energy_Joules_0 Units_Time_Seconds_0 PKG_Limit2_Enable_0 PKG_Limit2_Clamp_0 PKG_Limit2_Time_Bits_0 PKG_Limit2_Power_Bits_0 PKG_Limit2_Mult_Bits_0 PKG_Limit2_Mult_Float_0 PKG_Limit2_Time_Seconds_0 PKG_Limit2_Power_Watts_0 PKG_Limit1_Enable_0 PKG_Limit1_Clamp_0 PKG_Limit1_Time_Bits_0 PKG_Limit1_Power_Bits_0 PKG_Limit1_Mult_Bits_0 PKG_Limit1_Mult_Float_0 PKG_Limit1_Time_Seconds_0 PKG_Limit1_Power_Watts_0 PP0_Limit1_Enable_0 PP0_Limit1_Clamp_0 PP# QQQ elapsed PKG_Watts_0 PP0_Watts_0 DRAM_Watts_0 PKG_Info_Max_Window_Sec_0 PKG_Info_Max_Window_Bits_0 PKG_Info_Max_Power_Watts_0 PKG_Info_Max_Power_Bits_0 PKG_Info_Min_Power_Watts_0 PKG_Info_Min_Power_Bits_0 PKG_Info_Thermal_Spec_Watts_0 PKG_Info_Thermal_Spec_Bits_0 DRAM_Info_Max_Window_Sec_0 DRAM_Info_Max_Window_Bits_0 DRAM_Info_Max_Power_Watts_0 DRAM_Info_Max_Power_Bits_0 DRAM_Info_Min_Power_Watts_0 DRAM_Info_Min_Power_Bits_0 DRAM_Info_Thermal_Spec_Watts_0 DRAM_Info_Thermal_Spec_Bits_0 Units_Power_Bits_0 Units_Energy_Bits_0 Units_Time_Bits_0 Units_Power_Watts_0 Units_Energy_Joules_0 Units_Time_Seconds_0 PKG_Limit2_Enable_0 PKG_Limit2_Clamp_0 PKG_Limit2_Time_Bits_0 PKG_Limit2_Power_Bits_0 PKG_Limit2_Mult_Bits_0 PKG_Limit2_Mult_Float_0 PKG_Limit2_Time_Seconds_0 PKG_Limit2_Power_Watts_0 PKG_Limit1_Enable_0 PKG_Limit1_Clamp_0 PKG_Limit1_Time_Bits_0 PKG_Limit1_Power_Bits_0 PKG_Limit1_Mult_Bits_0 PKG_Limit1_Mult_Float_0 PKG_Limit1_Time_Seconds_0 PKG_Limit1_Power_Watts_0 PP0_Limit1_Enable_0 PP0_Limit1_Clamp_0 PP0_Limit1_Time_Bits_0 PP0_Limit1_Power_Bits_0 PP0_Limit1_Mult_Bits_0 PP0_Limit1_Mult_Float_0 PP0_Limit1_Time_Seconds_0 PP0_Limit1_Power_Watts_0 DRAM_Limit1_Enable_0 DRAM_Limit1_Clamp_0 DRAM_Limit1_Time_Bits_0 DRAM_Limit1_Power_Bits_0 DRAM_Limit1_Mult_Bits_0 DRAM_Limit1_Mult_Float_0 DRAM_Limit1_Time_Seconds_0 DRAM_Limit1_Power_Watts_0 PKG_Watts_1 PP0_Watts_1 DRAM_Watts_1 PKG_Info_Max_Window_Sec_1 PKG_Info_Max_Window_Bits_1 PKG_Info_Max_Power_Watts_1 PKG_Info_Max_Power_Bits_1 PKG_Info_Min_Power_Watts_1 PKG_Info_Min_Power_Bits_1 PKG_Info_Thermal_Spec_Watts_1 PKG_Info_Thermal_Spec_Bits_1 DRAM_Info_Max_Window_Sec_1 DRAM_Info_Max_Window_Bits_1 DRAM_Info_Max_Power_Watts_1 DRAM_Info_Max_Power_Bits_1 DRAM_Info_Min_Power_Watts_1 DRAM_Info_Min_Power_Bits_1 DRAM_Info_Thermal_Spec_Watts_1 DRAM_Info_Thermal_Spec_Bits_1 Units_Power_Bits_1 Units_Energy_Bits_1 Units_Time_Bits_1 Units_Power_Watts_1 Units_Energy_Joules_1 Units_Time_Seconds_1 PKG_Limit2_Enable_1 PKG_Limit2_Clamp_1 PKG_Limit2_Time_Bits_1 PKG_Limit2_Power_Bits_1 PK0_Limit1_Time_Bits_0 PP0_Limit1_Power_Bits_0 PP0_Limit1_Mult_Bits_0 PP0_Limit1_Mult_Float_0 PP0_Limit1_Time_Seconds_0 PP0_Limit1_Power_Watts_0 DRAM_Limit1_Enable_0 DRAM_Limit1_Clamp_0 DRAM_Limit1_Time_Bits_0 DRAM_Limit1_Power_Bits_0 DRAM_Limit1_Mult_Bits_0 DRAM_Limit1_Mult_Float_0 DRAM_Limit1_Time_Seconds_0 DRAM_Limit1_Power_Watts_0 PKG_Watts_1 PP0_Watts_1 DRAM_Watts_1 PKG_Info_Max_Window_Sec_1 PKG_Info_Max_Window_Bits_1 PKG_Info_Max_Power_Watts_1 PKG_Info_Max_Power_Bits_1 PKG_Info_Min_Power_Watts_1 PKG_Info_Min_Power_Bits_1 PKG_Info_Thermal_Spec_Watts_1 PKG_Info_Thermal_Spec_Bits_1 DRAM_Info_Max_Window_Sec_1 DRAM_Info_Max_Window_Bits_1 DRAM_Info_Max_Power_Watts_1 DRAM_Info_Max_Power_Bits_1 DRAM_Info_Min_Power_Watts_1 DRAM_Info_Min_Power_Bits_1 DRAM_Info_Thermal_Spec_Watts_1 DRAM_Info_Thermal_Spec_Bits_1 Units_Power_Bits_1 Units_Energy_Bits_1 Units_Time_Bits_1 Units_Power_Watts_1 Units_Energy_Joules_1 Units_Time_Seconds_1 PKG_Limit2_Enable_1 PKG_Limit2_Clamp_1 PKG_Limit2_Time_Bits_1 PKG_Limit2_Power_Bits_1 PK0_Limit1_Time_Bits_0 PP0_Limit1_Power_Bits_0 PP0_Limit1_Mult_Bits_0 PP0_Limit1_Mult_Float_0 PP0_Limit1_Time_Seconds_0 PP0_Limit1_Power_Watts_0 DRAM_Limit1_Enable_0 DRAM_Limit1_Clamp_0 DRAM_Limit1_Time_Bits_0 DRAM_Limit1_Power_Bits_0 DRAM_Limit1_Mult_Bits_0 DRAM_Limit1_Mult_Float_0 DRAM_Limit1_Time_Seconds_0 DRAM_Limit1_Power_Watts_0 PKG_Watts_1 PP0_Watts_1 DRAM_Watts_1 PKG_Info_Max_Window_Sec_1 PKG_Info_Max_Window_Bits_1 PKG_Info_Max_Power_Watts_1 PKG_Info_Max_Power_Bits_1 PKG_Info_Min_Power_Watts_1 PKG_Info_Min_Power_Bits_1 PKG_Info_Thermal_Spec_Watts_1 PKG_Info_Thermal_Spec_Bits_1 DRAM_Info_Max_Window_Sec_1 DRAM_Info_Max_Window_Bits_1 DRAM_Info_Max_Power_Watts_1 DRAM_Info_Max_Power_Bits_1 DRAM_Info_Min_Power_Watts_1 DRAM_Info_Min_Power_Bits_1 DRAM_Info_Thermal_Spec_Watts_1 DRAM_Info_Thermal_Spec_Bits_1 Units_Power_Bits_1 Units_Energy_Bits_1 Units_Time_Bits_1 Units_Power_Watts_1 Units_Energy_Joules_1 Units_Time_Seconds_1 PKG_Limit2_Enable_1 PKG_Limit2_Clamp_1 PKG_Limit2_Time_Bits_1 PKG_Limit2_Power_Bits_1 PK0_Limit1_Time_Bits_0 PP0_Limit1_Power_Bits_0 PP0_Limit1_Mult_Bits_0 PP0_Limit1_Mult_Float_0 PP0_Limit1_Time_Seconds_0 PP0_Limit1_Power_Watts_0 DRAM_Limit1_Enable_0 DRAM_Limit1_Clamp_0 DRAM_Limit1_Time_Bits_0 DRAM_Limit1_Power_Bits_0 DRAM_Limit1_Mult_Bits_0 DRAM_Limit1_Mult_Float_0 DRAM_Limit1_Time_Seconds_0 DRAM_Limit1_Power_Watts_0 PKG_Watts_1 PP0_Watts_1 DRAM_Watts_1 PKG_Info_Max_Window_Sec_1 PKG_Info_Max_Window_Bits_1 PKG_Info_Max_Power_Watts_1 PKG_Info_Max_Power_Bits_1 PKG_Info_Min_Power_Watts_1 PKG_Info_Min_Power_Bits_1 PKG_Info_Thermal_Spec_Watts_1 PKG_Info_Thermal_Spec_Bits_1 DRAM_Info_Max_Window_Sec_1 DRAM_Info_Max_Window_Bits_1 DRAM_Info_Max_Power_Watts_1 DRAM_Info_Max_Power_Bits_1 DRAM_Info_Min_Power_Watts_1 DRAM_Info_Min_Power_Bits_1 DRAM_Info_Thermal_Spec_Watts_1 DRAM_Info_Thermal_Spec_Bits_1 Units_Power_Bits_1 Units_Energy_Bits_1 Units_Time_Bits_1 Units_Power_Watts_1 Units_Energy_Joules_1 Units_Time_Seconds_1 PKG_Limit2_Enable_1 PKG_Limit2_Clamp_1 PKG_Limit2_Time_Bits_1 PKG_Limit2_Power_Bits_1 PK0_Limit1_Time_Bits_0 PP0_Limit1_Power_Bits_0 PP0_Limit1_Mult_Bits_0 PP0_Limit1_Mult_Float_0 PP0_Limit1_Time_Seconds_0 PP0_Limit1_Power_Watts_0 DRAM_Limit1_Enable_0 DRAM_Limit1_Clamp_0 DRAM_Limit1_Time_Bits_0 DRAM_Limit1_Power_Bits_0 DRAM_Limit1_Mult_Bits_0 DRAM_Limit1_Mult_Float_0 DRAM_Limit1_Time_Seconds_0 DRAM_Limit1_Power_Watts_0 PKG_Watts_1 PP0_Watts_1 DRAM_Watts_1 PKG_Info_Max_Window_Sec_1 PKG_Info_Max_Window_Bits_1 PKG_Info_Max_Power_Watts_1 PKG_Info_Max_Power_Bits_1 PKG_Info_Min_Power_Watts_1 PKG_Info_Min_Power_Bits_1 PKG_Info_Thermal_Spec_Watts_1 PKG_Info_Thermal_Spec_Bits_1 DRAM_Info_Max_Window_Sec_1 DRAM_Info_Max_Window_Bits_1 DRAM_Info_Max_Power_Watts_1 DRAM_Info_Max_Power_Bits_1 DRAM_Info_Min_Power_Watts_1 DRAM_Info_Min_Power_Bits_1 DRAM_Info_Thermal_Spec_Watts_1 DRAM_Info_Thermal_Spec_Bits_1 Units_Power_Bits_1 Units_Energy_Bits_1 Units_Time_Bits_1 Units_Power_Watts_1 Units_Energy_Joules_1 Units_Time_Seconds_1 PKG_Limit2_Enable_1 PKG_Limit2_Clamp_1 PKG_Limit2_Time_Bits_1 PKG_Limit2_Power_Bits_1 PKG_Limit2_Mult_Bits_1 PKG_Limit2_Mult_Float_1 PKG_Limit2_Time_Seconds_1 PKG_Limit2_Power_Watts_1 PKG_Limit1_Enable_1 PKG_Limit1_Clamp_1 PKG_Limit1_Time_Bits_1 PKG_Limit1_Power_Bits_1 PKG_Limit1_Mult_Bits_1 PKG_Limit1_Mult_Float_1 PKG_Limit1_Time_Seconds_1 PKG_Limit1_Power_Watts_1 PP0_Limit1_Enable_1 PP0_Limit1_Clamp_1 PP0_Limit1_Time_Bits_1 PP0_Limit1_Power_Bits_1 PP0_Limit1_Mult_Bits_1 PP0_Limit1_Mult_Float_1 PP0_Limit1_Time_Seconds_1 PP0_Limit1_Power_Watts_1 DRAM_Limit1_Enable_1 DRAM_Limit1_Clamp_1 DRAM_Limit1_Time_Bits_1 DRAM_Limit1_Power_Bits_1 DRAM_Limit1_Mult_Bits_1 DRAM_Limit1_Mult_Float_1 DRAM_Limit1_Time_Seconds_1 DRAM_Limit1_Power_Watts_1 
# QQQ elapsed PKG_Watts_0 PP0_Watts_0 DRAM_Watts_0 PKG_Info_Max_Window_Sec_0 PKG_Info_Max_Window_Bits_0 PKG_Info_Max_Power_Watts_0 PKG_Info_Max_Power_Bits_0 PKG_Info_Min_Power_Watts_0 PKG_Info_Min_Power_Bits_0 PKG_Info_Thermal_Spec_Watts_0 PKG_Info_Thermal_Spec_Bits_0 DRAM_Info_Max_Window_Sec_0 DRAM_Info_Max_Window_Bits_0 DRAM_Info_Max_Power_Watts_0 DRAM_Info_Max_Power_Bits_0 DRAM_Info_Min_Power_Watts_0 DRAM_Info_Min_Power_Bits_0 DRAM_Info_Thermal_Spec_Watts_0 DRAM_Info_Thermal_Spec_Bits_0 Units_Power_Bits_0 Units_Energy_Bits_0 Units_Time_Bits_0 Units_Power_Watts_0 Units_Energy_Joules_0 Units_Time_Seconds_0 PKG_Limit2_Enable_0 PKG_Limit2_Clamp_0 PKG_Limit2_Time_Bits_0 PKG_Limit2_Power_Bits_0 PKG_Limit2_Mult_Bits_0 PKG_Limit2_Mult_Float_0 PKG_Limit2_Time_Seconds_0 PKG_Limit2_Power_Watts_0 PKG_Limit1_Enable_0 PKG_Limit1_Clamp_0 PKG_Limit1_Time_Bits_0 PKG_Limit1_Power_Bits_0 PKG_Limit1_Mult_Bits_0 PKG_Limit1_Mult_Float_0 PKG_Limit1_Time_Seconds_0 PKG_Limit1_Power_Watts_0 PP0_Limit1_Enable_0 PP0_Limit1_Clamp_0 PPZZZ 3.562757 34.116409 20.869455 6.114099 0.045898 47 180.000000 1440 51.000000 408 115.000000 920 0.039062 40 75.000000 600 15.000000 120 35.000000 280 3 16 10 0.125000 0.000015 0.000977 0 0 0 0 0 1.000000 0.000000 0.000000 1 1 1 520 0 1.000000 0.000977 65.000000 0 0 0 0 0 1.000000 0.000000 0.000000 0 0 0 0 0 1.000000 0.000000 0.000000 35.795899 22.562774 2.510664 0.045898 47 180.000000 1440 51.000000 408 115.000000 920 0.039062 40 75.000000 600 15.000000 120 35.000000 280 3 16 10 0.125000 0.000015 0.000977 0 0 0 0 0 1.000000 0.000000 0.000000 1 1 1 520 0 1.000000 0.000977 65.000000 0 0 0 0 0 1.000000 0.000000 0.000000 0 0 0 0 0 1.000000 0.000000 0.000000 
0_Limit1_Time_Bits_0 PP0_Limit1_Power_Bits_0 PP0_Limit1_Mult_Bits_0 PP0_Limit1_Mult_Float_0 PP0_Limit1_Time_Seconds_0 PP0_Limit1_Power_Watts_0 DRAM_Limit1_Enable_0 DRAM_Limit1_Clamp_0 DRAM_Limit1_Time_Bits_0 DRAM_Limit1_Power_Bits_0 DRAM_Limit1_Mult_Bits_0 DRAM_Limit1_Mult_Float_0 DRAM_Limit1_Time_Seconds_0 DRAM_Limit1_Power_Watts_0 PKG_Watts_1 PP0_Watts_1 DRAM_Watts_1 PKG_Info_Max_Window_Sec_1 PKG_Info_Max_Window_Bits_1 PKG_Info_Max_Power_Watts_1 PKG_Info_Max_Power_Bits_1 PKG_Info_Min_Power_Watts_1 PKG_Info_Min_Power_Bits_1 PKG_Info_Thermal_Spec_Watts_1 PKG_Info_Thermal_Spec_Bits_1 DRAM_Info_Max_Window_Sec_1 DRAM_Info_Max_Window_Bits_1 DRAM_Info_Max_Power_Watts_1 DRAM_Info_Max_Power_Bits_1 DRAM_Info_Min_Power_Watts_1 DRAM_Info_Min_Power_Bits_1 DRAM_Info_Thermal_Spec_Watts_1 DRAM_Info_Thermal_Spec_Bits_1 Units_Power_Bits_1 Units_Energy_Bits_1 Units_Time_Bits_1 Units_Power_Watts_1 Units_Energy_Joules_1 Units_Time_Seconds_1 PKG_Limit2_Enable_1 PKG_Limit2_Clamp_1 PKG_Limit2_Time_Bits_1 PKG_Limit2_Power_Bits_1 PK0_Limit1_Time_Bits_0 PP0_Limit1_Power_Bits_0 PP0_Limit1_Mult_Bits_0 PP0_Limit1_Mult_Float_0 PP0_Limit1_Time_Seconds_0 PP0_Limit1_Power_Watts_0 DRAM_Limit1_Enable_0 DRAM_Limit1_Clamp_0 DRAM_Limit1_Time_Bits_0 DRAM_Limit1_Power_Bits_0 DRAM_Limit1_Mult_Bits_0 DRAM_Limit1_Mult_Float_0 DRAM_Limit1_Time_Seconds_0 DRAM_Limit1_Power_Watts_0 PKG_Watts_1 PP0_Watts_1 DRAM_Watts_1 PKG_Info_Max_Window_Sec_1 PKG_Info_Max_Window_Bits_1 PKG_Info_Max_Power_Watts_1 PKG_Info_Max_Power_Bits_1 PKG_Info_Min_Power_Watts_1 PKG_Info_Min_Power_Bits_1 PKG_Info_Thermal_Spec_Watts_1 PKG_Info_Thermal_Spec_Bits_1 DRAM_Info_Max_Window_Sec_1 DRAM_Info_Max_Window_Bits_1 DRAM_Info_Max_Power_Watts_1 DRAM_Info_Max_Power_Bits_1 DRAM_Info_Min_Power_Watts_1 DRAM_Info_Min_Power_Bits_1 DRAM_Info_Thermal_Spec_Watts_1 DRAM_Info_Thermal_Spec_Bits_1 Units_Power_Bits_1 Units_Energy_Bits_1 Units_Time_Bits_1 Units_Power_Watts_1 Units_Energy_Joules_1 Units_Time_Seconds_1 PKG_Limit2_Enable_1 PKG_Limit2_Clamp_1 PKG_Limit2_Time_Bits_1 PKG_Limit2_Power_Bits_1 PKG_Limit2_Mult_Bits_1 PKG_Limit2_Mult_Float_1 PKG_Limit2_Time_Seconds_1 PKG_Limit2_Power_Watts_1 PKG_Limit1_Enable_1 PKG_Limit1_Clamp_1 PKG_Limit1_Time_Bits_1 PKG_Limit1_Power_Bits_1 PKG_Limit1_Mult_Bits_1 PKG_Limit1_Mult_Float_1 PKG_Limit1_Time_Seconds_1 PKG_Limit1_Power_Watts_1 PP0_Limit1_Enable_1 PP0_Limit1_Clamp_1 PP0_Limit1_Time_Bits_1 PP0_Limit1_Power_Bits_1 PP0_Limit1_Mult_Bits_1 PP0_Limit1_Mult_Float_1 PP0_Limit1_Time_Seconds_1 PP0_Limit1_Power_Watts_1 DRAM_Limit1_Enable_1 DRAM_Limit1_Clamp_1 DRAM_Limit1_Time_Bits_1 DRAM_Limit1_Power_Bits_1 DRAM_Limit1_Mult_Bits_1 DRAM_Limit1_Mult_Float_1 DRAM_Limit1_Time_Seconds_1 DRAM_Limit1_Power_Watts_1 
G_Limit2_Mult_Bits_1 PKG_Limit2_Mult_Float_1 PKG_Limit2_Time_Seconds_1 PKG_Limit2_Power_Watts_1 PKG_Limit1_Enable_1 PKG_Limit1_Clamp_1 PKG_Limit1_Time_Bits_1 PKG_Limit1_Power_Bits_1 PKG_Limit1_Mult_Bits_1 PKG_Limit1_Mult_Float_1 PKG_Limit1_Time_Seconds_1 PKG_Limit1_Power_Watts_1 PP0_Limit1_Enable_1 PP0_Limit1_Clamp_1 PP0_Limit1_Time_Bits_1 PP0_Limit1_Power_Bits_1 PP0_Limit1_Mult_Bits_1 PP0_Limit1_Mult_Float_1 PP0_Limit1_Time_Seconds_1 PP0_Limit1_Power_Watts_1 DRAM_Limit1_Enable_1 DRAM_Limit1_Clamp_1 DRAM_Limit1_Time_Bits_1 DRAM_Limit1_Power_Bits_1 DRAM_Limit1_Mult_Bits_1 DRAM_Limit1_Mult_Float_1 DRAM_Limit1_Time_Seconds_1 DRAM_Limit1_Power_Watts_1 
G_Limit2_Mult_Bits_1 PKG_Limit2_Mult_Float_1 PKG_Limit2_Time_Seconds_1 PKG_Limit2_Power_Watts_1 PKG_Limit1_Enable_1 PKG_Limit1_Clamp_1 PKG_Limit1_Time_Bits_1 PKG_Limit1_Power_Bits_1 PKG_Limit1_Mult_Bits_1 PKG_Limit1_Mult_Float_1 PKG_Limit1_Time_Seconds_1 PKG_Limit1_Power_Watts_1 PP0_Limit1_Enable_1 PP0_Limit1_Clamp_1 PP0_Limit1_Time_Bits_1 PP0_Limit1_Power_Bits_1 PP0_Limit1_Mult_Bits_1 PP0_Limit1_Mult_Float_1 PP0_Limit1_Time_Seconds_1 PP0_Limit1_Power_Watts_1 DRAM_Limit1_Enable_1 DRAM_Limit1_Clamp_1 DRAM_Limit1_Time_Bits_1 DRAM_Limit1_Power_Bits_1 DRAM_Limit1_Mult_Bits_1 DRAM_Limit1_Mult_Float_1 DRAM_Limit1_Time_Seconds_1 DRAM_Limit1_Power_Watts_1 
# QQQ elapsed PKG_Watts_0 PP0_Watts_0 DRAM_Watts_0 PKG_Info_Max_Window_Sec_0 PKG_Info_Max_Window_Bits_0 PKG_Info_Max_Power_Watts_0 PKG_Info_Max_Power_Bits_0 PKG_Info_Min_Power_Watts_0 PKG_Info_Min_Power_Bits_0 PKG_Info_Thermal_Spec_Watts_0 PKG_Info_Thermal_Spec_Bits_0 DRAM_Info_Max_Window_Sec_0 DRAM_Info_Max_Window_Bits_0 DRAM_Info_Max_Power_Watts_0 DRAM_Info_Max_Power_Bits_0 DRAM_Info_Min_Power_Watts_0 DRAM_Info_Min_Power_Bits_0 DRAM_Info_Thermal_Spec_Watts_0 DRAM_Info_Thermal_Spec_Bits_0 Units_Power_Bits_0 Units_Energy_Bits_0 Units_Time_Bits_0 Units_Power_Watts_0 Units_Energy_Joules_0 Units_Time_Seconds_0 PKG_Limit2_Enable_0 PKG_Limit2_Clamp_0 PKG_Limit2_Time_Bits_0 PKG_Limit2_Power_Bits_0 PKG_Limit2_Mult_Bits_0 PKG_Limit2_Mult_Float_0 PKG_Limit2_Time_Seconds_0 PKG_Limit2_Power_Watts_0 PKG_Limit1_Enable_0 PKG_Limit1_Clamp_0 PKG_Limit1_Time_Bits_0 PKG_Limit1_Power_Bits_0 PKG_Limit1_Mult_Bits_0 PKG_Limit1_Mult_Float_0 PKG_Limit1_Time_Seconds_0 PKG_Limit1_Power_Watts_0 PP0_Limit1_Enable_0 PP0_Limit1_Clamp_0 PPG_Limit2_Mult_Bits_1 PKG_Limit2_Mult_Float_1 PKG_Limit2_Time_Seconds_1 PKG_Limit2_Power_Watts_1 PKG_Limit1_Enable_1 PKG_Limit1_Clamp_1 PKG_Limit1_Time_Bits_1 PKG_Limit1_Power_Bits_1 PKG_Limit1_Mult_Bits_1 PKG_Limit1_Mult_Float_1 PKG_Limit1_Time_Seconds_1 PKG_Limit1_Power_Watts_1 PP0_Limit1_Enable_1 PP0_Limit1_Clamp_1 PP0_Limit1_Time_Bits_1 PP0_Limit1_Power_Bits_1 PP0_Limit1_Mult_Bits_1 PP0_Limit1_Mult_Float_1 PP0_Limit1_Time_Seconds_1 PP0_Limit1_Power_Watts_1 DRAM_Limit1_Enable_1 DRAM_Limit1_Clamp_1 DRAM_Limit1_Time_Bits_1 DRAM_Limit1_Power_Bits_1 DRAM_Limit1_Mult_Bits_1 DRAM_Limit1_Mult_Float_1 DRAM_Limit1_Time_Seconds_1 DRAM_Limit1_Power_Watts_1 
G_Limit2_Mult_Bits_1 PKG_Limit2_Mult_Float_1 PKG_Limit2_Time_Seconds_1 PKG_Limit2_Power_Watts_1 PKG_Limit1_Enable_1 PKG_Limit1_Clamp_1 PKG_Limit1_Time_Bits_1 PKG_Limit1_Power_Bits_1 PKG_Limit1_Mult_Bits_1 PKG_Limit1_Mult_Float_1 PKG_Limit1_Time_Seconds_1 PKG_Limit1_Power_Watts_1 PP0_Limit1_Enable_1 PP0_Limit1_Clamp_1 PP0_Limit1_Time_Bits_1 PP0_Limit1_Power_Bits_1 PP0_Limit1_Mult_Bits_1 PP0_Limit1_Mult_Float_1 PP0_Limit1_Time_Seconds_1 PP0_Limit1_Power_Watts_1 DRAM_Limit1_Enable_1 DRAM_Limit1_Clamp_1 DRAM_Limit1_Time_Bits_1 DRAM_Limit1_Power_Bits_1 DRAM_Limit1_Mult_Bits_1 DRAM_Limit1_Mult_Float_1 DRAM_Limit1_Time_Seconds_1 DRAM_Limit1_Power_Watts_1 
ZZZ 3.562727 33.943385 20.663753 6.117342 0.045898 47 180.000000 1440 51.000000 408 115.000000 920 0.039062 40 75.000000 600 15.000000 120 35.000000 280 3 16 10 0.125000 0.000015 0.000977 0 0 0 0 0 1.000000 0.000000 0.000000 1 1 1 520 0 1.000000 0.000977 65.000000 0 0 0 0 0 1.000000 0.000000 0.000000 0 0 0 0 0 1.000000 0.000000 0.000000 32.929988 19.805601 2.079774 0.045898 47 180.000000 1440 51.000000 408 115.000000 920 0.039062 40 75.000000 600 15.000000 120 35.000000 280 3 16 10 0.125000 0.000015 0.000977 0 0 0 0 0 1.000000 0.000000 0.000000 1 1 1 520 0 1.000000 0.000977 65.000000 0 0 0 0 0 1.000000 0.000000 0.000000 0 0 0 0 0 1.000000 0.000000 0.000000 
ZZZ 3.562729 34.281981 20.896170 6.106670 0.045898 47 180.000000 1440 51.000000 408 115.000000 920 0.039062 40 75.000000 600 15.000000 120 35.000000 280 3 16 10 0.125000 0.000015 0.000977 0 0 0 0 0 1.000000 0.000000 0.000000 1 1 1 520 0 1.000000 0.000977 65.000000 0 0 0 0 0 1.000000 0.000000 0.000000 0 0 0 0 0 1.000000 0.000000 0.000000 34.574901 21.327166 2.425857 0.045898 47 180.000000 1440 51.000000 408 115.000000 920 0.039062 40 75.000000 600 15.000000 120 35.000000 280 3 16 10 0.125000 0.000015 0.000977 0 0 0 0 0 1.000000 0.000000 0.000000 1 1 1 520 0 1.000000 0.000977 65.000000 0 0 0 0 0 1.000000 0.000000 0.000000 0 0 0 0 0 1.000000 0.000000 0.000000 
ZZZ 3.562732 33.399518 20.067040 3.723776 0.045898 47 180.000000 1440 51.000000 408 115.000000 920 0.039062 40 75.000000 600 15.000000 120 35.000000 280 3 16 10 0.125000 0.000015 0.000977 0 0 0 0 0 1.000000 0.000000 0.000000 1 1 1 520 0 1.000000 0.000977 65.000000 0 0 0 0 0 1.000000 0.000000 0.000000 0 0 0 0 0 1.000000 0.000000 0.000000 34.108028 20.905643 1.672010 0.045898 47 180.000000 1440 51.000000 408 115.000000 920 0.039062 40 75.000000 600 15.000000 120 35.000000 280 3 16 10 0.125000 0.000015 0.000977 0 0 0 0 0 1.000000 0.000000 0.000000 1 1 1 520 0 1.000000 0.000977 65.000000 0 0 0 0 0 1.000000 0.000000 0.000000 0 0 0 0 0 1.000000 0.000000 0.000000 
0_Limit1_Time_Bits_0 PP0_Limit1_Power_Bits_0 PP0_Limit1_Mult_Bits_0 PP0_Limit1_Mult_Float_0 PP0_Limit1_Time_Seconds_0 PP0_Limit1_Power_Watts_0 DRAM_Limit1_Enable_0 DRAM_Limit1_Clamp_0 DRAM_Limit1_Time_Bits_0 DRAM_Limit1_Power_Bits_0 DRAM_Limit1_Mult_Bits_0 DRAM_Limit1_Mult_Float_0 DRAM_Limit1_Time_Seconds_0 DRAM_Limit1_Power_Watts_0 PKG_Watts_1 PP0_Watts_1 DRAM_Watts_1 PKG_Info_Max_Window_Sec_1 PKG_Info_Max_Window_Bits_1 PKG_Info_Max_Power_Watts_1 PKG_Info_Max_Power_Bits_1 PKG_Info_Min_Power_Watts_1 PKG_Info_Min_Power_Bits_1 PKG_Info_Thermal_Spec_Watts_1 PKG_Info_Thermal_Spec_Bits_1 DRAM_Info_Max_Window_Sec_1 DRAM_Info_Max_Window_Bits_1 DRAM_Info_Max_Power_Watts_1 DRAM_Info_Max_Power_Bits_1 DRAM_Info_Min_Power_Watts_1 DRAM_Info_Min_Power_Bits_1 DRAM_Info_Thermal_Spec_Watts_1 DRAM_Info_Thermal_Spec_Bits_1 Units_Power_Bits_1 Units_Energy_Bits_1 Units_Time_Bits_1 Units_Power_Watts_1 Units_Energy_Joules_1 Units_Time_Seconds_1 PKG_Limit2_Enable_1 PKG_Limit2_Clamp_1 PKG_Limit2_Time_Bits_1 PKG_Limit2_Power_Bits_1 PKZZZ 3.562725 33.700024 20.444398 5.731666 0.045898 47 180.000000 1440 51.000000 408 115.000000 920 0.039062 40 75.000000 600 15.000000 120 35.000000 280 3 16 10 0.125000 0.000015 0.000977 0 0 0 0 0 1.000000 0.000000 0.000000 1 1 1 520 0 1.000000 0.000977 65.000000 0 0 0 0 0 1.000000 0.000000 0.000000 0 0 0 0 0 1.000000 0.000000 0.000000 33.971679 20.876230 2.817625 0.045898 47 180.000000 1440 51.000000 408 115.000000 920 0.039062 40 75.000000 600 15.000000 120 35.000000 280 3 16 10 0.125000 0.000015 0.000977 0 0 0 0 0 1.000000 0.000000 0.000000 1 1 1 520 0 1.000000 0.000977 65.000000 0 0 0 0 0 1.000000 0.000000 0.000000 0 0 0 0 0 1.000000 0.000000 0.000000 
ZZZ 3.562732 34.953796 21.872946 5.780248 0.045898 47 180.000000 1440 51.000000 408 115.000000 920 0.039062 40 75.000000 600 15.000000 120 35.000000 280 3 16 10 0.125000 0.000015 0.000977 0 0 0 0 0 1.000000 0.000000 0.000000 1 1 1 520 0 1.000000 0.000977 65.000000 0 0 0 0 0 1.000000 0.000000 0.000000 0 0 0 0 0 1.000000 0.000000 0.000000 34.288774 21.098827 2.832344 0.045898 47 180.000000 1440 51.000000 408 115.000000 920 0.039062 40 75.000000 600 15.000000 120 35.000000 280 3 16 10 0.125000 0.000015 0.000977 0 0 0 0 0 1.000000 0.000000 0.000000 1 1 1 520 0 1.000000 0.000977 65.000000 0 0 0 0 0 1.000000 0.000000 0.000000 0 0 0 0 0 1.000000 0.000000 0.000000 
G_Limit2_Mult_Bits_1 PKG_Limit2_Mult_Float_1 PKG_Limit2_Time_Seconds_1 PKG_Limit2_Power_Watts_1 PKG_Limit1_Enable_1 PKG_Limit1_Clamp_1 PKG_Limit1_Time_Bits_1 PKG_Limit1_Power_Bits_1 PKG_Limit1_Mult_Bits_1 PKG_Limit1_Mult_Float_1 PKG_Limit1_Time_Seconds_1 PKG_Limit1_Power_Watts_1 PP0_Limit1_Enable_1 PP0_Limit1_Clamp_1 PP0_Limit1_Time_Bits_1 PP0_Limit1_Power_Bits_1 PP0_Limit1_Mult_Bits_1 PP0_Limit1_Mult_Float_1 PP0_Limit1_Time_Seconds_1 PP0_Limit1_Power_Watts_1 DRAM_Limit1_Enable_1 DRAM_Limit1_Clamp_1 DRAM_Limit1_Time_Bits_1 DRAM_Limit1_Power_Bits_1 DRAM_Limit1_Mult_Bits_1 DRAM_Limit1_Mult_Float_1 DRAM_Limit1_Time_Seconds_1 DRAM_Limit1_Power_Watts_1 
ZZZ 3.562650 35.322385 22.191359 6.002373 0.045898 47 180.000000 1440 51.000000 408 115.000000 920 0.039062 40 75.000000 600 15.000000 120 35.000000 280 3 16 10 0.125000 0.000015 0.000977 0 0 0 0 0 1.000000 0.000000 0.000000 1 1 1 520 0 1.000000 0.000977 65.000000 0 0 0 0 0 1.000000 0.000000 0.000000 0 0 0 0 0 1.000000 0.000000 0.000000 33.480490 20.282461 2.528539 0.045898 47 180.000000 1440 51.000000 408 115.000000 920 0.039062 40 75.000000 600 15.000000 120 35.000000 280 3 16 10 0.125000 0.000015 0.000977 0 0 0 0 0 1.000000 0.000000 0.000000 1 1 1 520 0 1.000000 0.000977 65.000000 0 0 0 0 0 1.000000 0.000000 0.000000 0 0 0 0 0 1.000000 0.000000 0.000000 
G_Limit2_Mult_Bits_1 PKG_Limit2_Mult_Float_1 PKG_Limit2_Time_Seconds_1 PKG_Limit2_Power_Watts_1 PKG_Limit1_Enable_1 PKG_Limit1_Clamp_1 PKG_Limit1_Time_Bits_1 PKG_Limit1_Power_Bits_1 PKG_Limit1_Mult_Bits_1 PKG_Limit1_Mult_Float_1 PKG_Limit1_Time_Seconds_1 PKG_Limit1_Power_Watts_1 PP0_Limit1_Enable_1 PP0_Limit1_Clamp_1 PP0_Limit1_Time_Bits_1 PP0_Limit1_Power_Bits_1 PP0_Limit1_Mult_Bits_1 PP0_Limit1_Mult_Float_1 PP0_Limit1_Time_Seconds_1 PP0_Limit1_Power_Watts_1 DRAM_Limit1_Enable_1 DRAM_Limit1_Clamp_1 DRAM_Limit1_Time_Bits_1 DRAM_Limit1_Power_Bits_1 DRAM_Limit1_Mult_Bits_1 DRAM_Limit1_Mult_Float_1 DRAM_Limit1_Time_Seconds_1 DRAM_Limit1_Power_Watts_1 
ZZZ 3.562636 34.726330 21.626706 6.082240 0.045898 47 180.000000 1440 51.000000 408 115.000000 920 0.039062 40 75.000000 600 15.000000 120 35.000000 280 3 16 10 0.125000 0.000015 0.000977 0 0 0 0 0 1.000000 0.000000 0.000000 1 1 1 520 0 1.000000 0.000977 65.000000 0 0 0 0 0 1.000000 0.000000 0.000000 0 0 0 0 0 1.000000 0.000000 0.000000 33.657223 20.523520 2.500658 0.045898 47 180.000000 1440 51.000000 408 115.000000 920 0.039062 40 75.000000 600 15.000000 120 35.000000 280 3 16 10 0.125000 0.000015 0.000977 0 0 0 0 0 1.000000 0.000000 0.000000 1 1 1 520 0 1.000000 0.000977 65.000000 0 0 0 0 0 1.000000 0.000000 0.000000 0 0 0 0 0 1.000000 0.000000 0.000000 
