/g/g24/rountree/local/src/power
nodes=64 ntasks=256
+ export BMARK_STRING=bt.D.256
+ BMARK_STRING=bt.D.256
+ n=64
+ cores=256
+ '[' 256 -eq 128 ']'
+ '[' 256 -eq 128 ']'
+ '[' 256 -eq 512 ']'
+ '[' 256 -eq 512 ']'
+ '[' 256 -eq 512 ']'
+ '[' 256 -eq 2048 ']'
++ date +%Y_%m_%d_%H_%M_%S_%N
+ name=2012_04_28_11_23_17_089136536
+ mkdir 2012_04_28_11_23_17_089136536
+ cd 2012_04_28_11_23_17_089136536
+ touch out.dat
+ env
+ hostname
+ echo 2012_04_28_11_23_17_089136536
+ uname -a
+ srun --nodes=1 --ntasks=1 -ppbatch cat /proc/cpuinfo
+ grep MHz
+ echo 'cores: 256'
+ echo 'nodes: 64'
+ '[' 256 -le 8 ']'
+ srun --nodes=64 --ntasks=256 -ppbatch -e bt.err -o out.dat --auto-affinity=start=0,verbose,cpt=1 ../btCL.sh 256
+ sh /g/g24/rountree/local/src/power/setcpufreq.sh 2600000 0 15
setting frequency to 2600000 KHz on cores 0 through 15
nodes=64 ntasks=512
+ export BMARK_STRING=bt.D.512
+ BMARK_STRING=bt.D.512
+ n=64
+ cores=512
+ '[' 512 -eq 128 ']'
+ '[' 512 -eq 128 ']'
+ '[' 512 -eq 512 ']'
+ '[' 64 -eq 32 ']'
+ '[' 512 -eq 512 ']'
+ '[' 64 -eq 64 ']'
+ cores=484
+ n=61
+ '[' 484 -eq 512 ']'
+ '[' 484 -eq 2048 ']'
++ date +%Y_%m_%d_%H_%M_%S_%N
+ name=2012_04_28_11_26_54_522985585
+ mkdir 2012_04_28_11_26_54_522985585
+ cd 2012_04_28_11_26_54_522985585
+ touch out.dat
+ env
+ hostname
+ echo 2012_04_28_11_26_54_522985585
+ uname -a
+ srun --nodes=1 --ntasks=1 -ppbatch cat /proc/cpuinfo
+ grep MHz
+ echo 'cores: 484'
+ echo 'nodes: 61'
+ '[' 512 -le 8 ']'
+ srun --nodes=61 --ntasks=484 -ppbatch -e bt.err -o out.dat --auto-affinity=start=0,verbose,cpt=1 ../btCL.sh 484
srun: error: rzmerl17: tasks 0-7: Exited with exit code 127
srun: error: rzmerl145: tasks 477-483: Exited with exit code 127
srun: error: rzmerl144: tasks 470-476: Exited with exit code 127
srun: error: rzmerl34: tasks 136-143: Exited with exit code 127
srun: error: rzmerl142: tasks 456-462: Exited with exit code 127
srun: error: rzmerl136: tasks 408-415: Exited with exit code 127
srun: error: rzmerl137: tasks 416-423: Exited with exit code 127
srun: error: rzmerl125: tasks 320-327: Exited with exit code 127
srun: error: rzmerl29: tasks 96-103: Exited with exit code 127
srun: error: rzmerl31: tasks 112-119: Exited with exit code 127
srun: error: rzmerl18: tasks 8-15: Exited with exit code 127
srun: error: rzmerl30: tasks 104-111: Exited with exit code 127
srun: error: rzmerl28: tasks 88-95: Exited with exit code 127
srun: error: rzmerl22: tasks 40-47: Exited with exit code 127
srun: error: rzmerl143: tasks 463-469: Exited with exit code 127
srun: error: rzmerl127: tasks 336-343: Exited with exit code 127
srun: error: rzmerl47: tasks 240-247: Exited with exit code 127
srun: error: rzmerl39: tasks 176-183: Exited with exit code 127
srun: error: rzmerl138: tasks 424-431: Exited with exit code 127
srun: error: rzmerl139: tasks 432-439: Exited with exit code 127
srun: error: rzmerl129: tasks 352-359: Exited with exit code 127
srun: error: rzmerl19: tasks 16-23: Exited with exit code 127
srun: error: rzmerl135: tasks 400-407: Exited with exit code 127
srun: error: rzmerl134: tasks 392-399: Exited with exit code 127
srun: error: rzmerl131: tasks 368-375: Exited with exit code 127
srun: error: rzmerl24: tasks 56-63: Exited with exit code 127
srun: error: rzmerl133: tasks 384-391: Exited with exit code 127
srun: error: rzmerl132: tasks 376-383: Exited with exit code 127
srun: error: rzmerl27: tasks 80-87: Exited with exit code 127
srun: error: rzmerl130: tasks 360-367: Exited with exit code 127
srun: error: rzmerl21: tasks 32-39: Exited with exit code 127
srun: error: rzmerl50: tasks 264-271: Exited with exit code 127
srun: error: rzmerl35: tasks 144-151: Exited with exit code 127
srun: error: rzmerl38: tasks 168-175: Exited with exit code 127
srun: error: rzmerl45: tasks 224-231: Exited with exit code 127
srun: error: rzmerl140: tasks 440-447: Exited with exit code 127
srun: error: rzmerl141: tasks 448-455: Exited with exit code 127
srun: error: rzmerl40: tasks 184-191: Exited with exit code 127
srun: error: rzmerl37: tasks 160-167: Exited with exit code 127
srun: error: rzmerl126: tasks 328-335: Exited with exit code 127
srun: error: rzmerl33: tasks 128-135: Exited with exit code 127
srun: error: rzmerl36: tasks 152-159: Exited with exit code 127
srun: error: rzmerl49: tasks 256-263: Exited with exit code 127
srun: error: rzmerl46: tasks 232-239: Exited with exit code 127
srun: error: rzmerl41: tasks 192-199: Exited with exit code 127
srun: error: rzmerl128: tasks 344-351: Exited with exit code 127
srun: error: rzmerl55: tasks 304-311: Exited with exit code 127
srun: error: rzmerl42: tasks 200-207: Exited with exit code 127
srun: error: rzmerl53: tasks 288-295: Exited with exit code 127
srun: error: rzmerl26: tasks 72-79: Exited with exit code 127
srun: error: rzmerl25: tasks 64-71: Exited with exit code 127
srun: error: rzmerl54: tasks 296-303: Exited with exit code 127
srun: error: rzmerl51: tasks 272-279: Exited with exit code 127
srun: error: rzmerl32: tasks 120-127: Exited with exit code 127
srun: error: rzmerl23: tasks 48-55: Exited with exit code 127
srun: error: rzmerl52: tasks 280-287: Exited with exit code 127
srun: error: rzmerl43: tasks 208-215: Exited with exit code 127
srun: error: rzmerl20: tasks 24-31: Exited with exit code 127
srun: error: rzmerl56: tasks 312-319: Exited with exit code 127
srun: error: rzmerl44: tasks 216-223: Exited with exit code 127
srun: error: rzmerl48: tasks 248-255: Exited with exit code 127
+ sh /g/g24/rountree/local/src/power/setcpufreq.sh 2600000 0 15
setting frequency to 2600000 KHz on cores 0 through 15
nodes=64 ntasks=1024
+ export BMARK_STRING=bt.D.1024
+ BMARK_STRING=bt.D.1024
+ n=64
+ cores=1024
+ '[' 1024 -eq 128 ']'
+ '[' 1024 -eq 128 ']'
+ '[' 1024 -eq 512 ']'
+ '[' 1024 -eq 512 ']'
+ '[' 1024 -eq 512 ']'
+ '[' 1024 -eq 2048 ']'
++ date +%Y_%m_%d_%H_%M_%S_%N
+ name=2012_04_28_11_26_54_984273484
+ mkdir 2012_04_28_11_26_54_984273484
+ cd 2012_04_28_11_26_54_984273484
+ touch out.dat
+ env
+ hostname
+ echo 2012_04_28_11_26_54_984273484
+ uname -a
+ srun --nodes=1 --ntasks=1 -ppbatch cat /proc/cpuinfo
+ grep MHz
+ echo 'cores: 1024'
+ echo 'nodes: 64'
+ '[' 1024 -le 8 ']'
+ srun --nodes=64 --ntasks=1024 -ppbatch -e bt.err -o out.dat --auto-affinity=start=0,verbose,cpt=1 ../btCL.sh 1024
+ sh /g/g24/rountree/local/src/power/setcpufreq.sh 2600000 0 15
setting frequency to 2600000 KHz on cores 0 through 15
nodes=64 ntasks=256
+ export BMARK_STRING=bt.D.256
+ BMARK_STRING=bt.D.256
+ n=64
+ cores=256
+ '[' 256 -eq 128 ']'
+ '[' 256 -eq 128 ']'
+ '[' 256 -eq 512 ']'
+ '[' 256 -eq 512 ']'
+ '[' 256 -eq 512 ']'
+ '[' 256 -eq 2048 ']'
++ date +%Y_%m_%d_%H_%M_%S_%N
+ name=2012_04_28_11_27_58_443322477
+ mkdir 2012_04_28_11_27_58_443322477
+ cd 2012_04_28_11_27_58_443322477
+ touch out.dat
+ env
+ hostname
+ echo 2012_04_28_11_27_58_443322477
+ uname -a
+ srun --nodes=1 --ntasks=1 -ppbatch cat /proc/cpuinfo
+ grep MHz
+ echo 'cores: 256'
+ echo 'nodes: 64'
+ '[' 256 -le 8 ']'
+ srun --nodes=64 --ntasks=256 -ppbatch -e bt.err -o out.dat --auto-affinity=start=0,verbose,cpt=1 ../btCL.sh 256
+ sh /g/g24/rountree/local/src/power/setcpufreq.sh 2600000 0 15
setting frequency to 2600000 KHz on cores 0 through 15
nodes=64 ntasks=512
+ export BMARK_STRING=bt.D.512
+ BMARK_STRING=bt.D.512
+ n=64
+ cores=512
+ '[' 512 -eq 128 ']'
+ '[' 512 -eq 128 ']'
+ '[' 512 -eq 512 ']'
+ '[' 64 -eq 32 ']'
+ '[' 512 -eq 512 ']'
+ '[' 64 -eq 64 ']'
+ cores=484
+ n=61
+ '[' 484 -eq 512 ']'
+ '[' 484 -eq 2048 ']'
++ date +%Y_%m_%d_%H_%M_%S_%N
+ name=2012_04_28_11_30_31_967713832
+ mkdir 2012_04_28_11_30_31_967713832
+ cd 2012_04_28_11_30_31_967713832
+ touch out.dat
+ env
+ hostname
+ echo 2012_04_28_11_30_31_967713832
+ uname -a
+ srun --nodes=1 --ntasks=1 -ppbatch cat /proc/cpuinfo
+ grep MHz
+ echo 'cores: 484'
+ echo 'nodes: 61'
+ '[' 512 -le 8 ']'
+ srun --nodes=61 --ntasks=484 -ppbatch -e bt.err -o out.dat --auto-affinity=start=0,verbose,cpt=1 ../btCL.sh 484
srun: error: rzmerl145: tasks 470-476: Exited with exit code 127
srun: error: rzmerl143: tasks 456-462: Exited with exit code 127
srun: error: rzmerl146: tasks 477-483: Exited with exit code 127
srun: error: rzmerl144: tasks 463-469: Exited with exit code 127
srun: error: rzmerl137: tasks 408-415: Exited with exit code 127
srun: error: rzmerl140: tasks 432-439: Exited with exit code 127
srun: error: rzmerl22: tasks 32-39: Exited with exit code 127
srun: error: rzmerl141: tasks 440-447: Exited with exit code 127
srun: error: rzmerl23: tasks 40-47: Exited with exit code 127
srun: error: rzmerl139: tasks 424-431: Exited with exit code 127
srun: error: rzmerl40: tasks 176-183: Exited with exit code 127
srun: error: rzmerl138: tasks 416-423: Exited with exit code 127
srun: error: rzmerl142: tasks 448-455: Exited with exit code 127
srun: error: rzmerl54: tasks 288-295: Exited with exit code 127
srun: error: rzmerl125: tasks 312-319: Exited with exit code 127
srun: error: rzmerl27: tasks 72-79: Exited with exit code 127
srun: error: rzmerl127: tasks 328-335: Exited with exit code 127
srun: error: rzmerl46: tasks 224-231: Exited with exit code 127
srun: error: rzmerl43: tasks 200-207: Exited with exit code 127
srun: error: rzmerl30: tasks 96-103: Exited with exit code 127
srun: error: rzmerl35: tasks 136-143: Exited with exit code 127
srun: error: rzmerl28: tasks 80-87: Exited with exit code 127
srun: error: rzmerl31: tasks 104-111: Exited with exit code 127
srun: error: rzmerl38: tasks 160-167: Exited with exit code 127
srun: error: rzmerl51: tasks 264-271: Exited with exit code 127
srun: error: rzmerl136: tasks 400-407: Exited with exit code 127
srun: error: rzmerl33: tasks 120-127: Exited with exit code 127
srun: error: rzmerl134: tasks 384-391: Exited with exit code 127
srun: error: rzmerl37: tasks 152-159: Exited with exit code 127
srun: error: rzmerl132: tasks 368-375: Exited with exit code 127
srun: error: rzmerl129: tasks 344-351: Exited with exit code 127
srun: error: rzmerl26: tasks 64-71: Exited with exit code 127
srun: error: rzmerl19: tasks 8-15: Exited with exit code 127
srun: error: rzmerl32: tasks 112-119: Exited with exit code 127
srun: error: rzmerl133: tasks 376-383: Exited with exit code 127
srun: error: rzmerl126: tasks 320-327: Exited with exit code 127
srun: error: rzmerl135: tasks 392-399: Exited with exit code 127
srun: error: rzmerl128: tasks 336-343: Exited with exit code 127
srun: error: rzmerl45: tasks 216-223: Exited with exit code 127
srun: error: rzmerl44: tasks 208-215: Exited with exit code 127
srun: error: rzmerl41: tasks 184-191: Exited with exit code 127
srun: error: rzmerl18: tasks 0-7: Exited with exit code 127
srun: error: rzmerl55: tasks 296-303: Exited with exit code 127
srun: error: rzmerl36: tasks 144-151: Exited with exit code 127
srun: error: rzmerl53: tasks 280-287: Exited with exit code 127
srun: error: rzmerl20: tasks 16-23: Exited with exit code 127
srun: error: rzmerl39: tasks 168-175: Exited with exit code 127
srun: error: rzmerl34: tasks 128-135: Exited with exit code 127
srun: error: rzmerl29: tasks 88-95: Exited with exit code 127
srun: error: rzmerl50: tasks 256-263: Exited with exit code 127
srun: error: rzmerl47: tasks 232-239: Exited with exit code 127
srun: error: rzmerl42: tasks 192-199: Exited with exit code 127
srun: error: rzmerl131: tasks 360-367: Exited with exit code 127
srun: error: rzmerl48: tasks 240-247: Exited with exit code 127
srun: error: rzmerl21: tasks 24-31: Exited with exit code 127
srun: error: rzmerl24: tasks 48-55: Exited with exit code 127
srun: error: rzmerl49: tasks 248-255: Exited with exit code 127
srun: error: rzmerl130: tasks 352-359: Exited with exit code 127
srun: error: rzmerl25: tasks 56-63: Exited with exit code 127
srun: error: rzmerl56: tasks 304-311: Exited with exit code 127
srun: error: rzmerl52: tasks 272-279: Exited with exit code 127
+ sh /g/g24/rountree/local/src/power/setcpufreq.sh 2600000 0 15
setting frequency to 2600000 KHz on cores 0 through 15
nodes=64 ntasks=1024
+ export BMARK_STRING=bt.D.1024
+ BMARK_STRING=bt.D.1024
+ n=64
+ cores=1024
+ '[' 1024 -eq 128 ']'
+ '[' 1024 -eq 128 ']'
+ '[' 1024 -eq 512 ']'
+ '[' 1024 -eq 512 ']'
+ '[' 1024 -eq 512 ']'
+ '[' 1024 -eq 2048 ']'
++ date +%Y_%m_%d_%H_%M_%S_%N
+ name=2012_04_28_11_30_32_393894133
+ mkdir 2012_04_28_11_30_32_393894133
+ cd 2012_04_28_11_30_32_393894133
+ touch out.dat
+ env
+ hostname
+ echo 2012_04_28_11_30_32_393894133
+ uname -a
+ srun --nodes=1 --ntasks=1 -ppbatch cat /proc/cpuinfo
+ grep MHz
+ echo 'cores: 1024'
+ echo 'nodes: 64'
+ '[' 1024 -le 8 ']'
+ srun --nodes=64 --ntasks=1024 -ppbatch -e bt.err -o out.dat --auto-affinity=start=0,verbose,cpt=1 ../btCL.sh 1024
+ sh /g/g24/rountree/local/src/power/setcpufreq.sh 2600000 0 15
setting frequency to 2600000 KHz on cores 0 through 15
nodes=64 ntasks=256
+ export BMARK_STRING=bt.D.256
+ BMARK_STRING=bt.D.256
+ n=64
+ cores=256
+ '[' 256 -eq 128 ']'
+ '[' 256 -eq 128 ']'
+ '[' 256 -eq 512 ']'
+ '[' 256 -eq 512 ']'
+ '[' 256 -eq 512 ']'
+ '[' 256 -eq 2048 ']'
++ date +%Y_%m_%d_%H_%M_%S_%N
+ name=2012_04_28_11_31_26_442079062
+ mkdir 2012_04_28_11_31_26_442079062
+ cd 2012_04_28_11_31_26_442079062
+ touch out.dat
+ env
+ hostname
+ echo 2012_04_28_11_31_26_442079062
+ uname -a
+ srun --nodes=1 --ntasks=1 -ppbatch cat /proc/cpuinfo
+ grep MHz
+ echo 'cores: 256'
+ echo 'nodes: 64'
+ '[' 256 -le 8 ']'
+ srun --nodes=64 --ntasks=256 -ppbatch -e bt.err -o out.dat --auto-affinity=start=0,verbose,cpt=1 ../btCL.sh 256
+ sh /g/g24/rountree/local/src/power/setcpufreq.sh 2600000 0 15
setting frequency to 2600000 KHz on cores 0 through 15
nodes=64 ntasks=512
+ export BMARK_STRING=bt.D.512
+ BMARK_STRING=bt.D.512
+ n=64
+ cores=512
+ '[' 512 -eq 128 ']'
+ '[' 512 -eq 128 ']'
+ '[' 512 -eq 512 ']'
+ '[' 64 -eq 32 ']'
+ '[' 512 -eq 512 ']'
+ '[' 64 -eq 64 ']'
+ cores=484
+ n=61
+ '[' 484 -eq 512 ']'
+ '[' 484 -eq 2048 ']'
++ date +%Y_%m_%d_%H_%M_%S_%N
+ name=2012_04_28_11_33_59_887001295
+ mkdir 2012_04_28_11_33_59_887001295
+ cd 2012_04_28_11_33_59_887001295
+ touch out.dat
+ env
+ hostname
+ echo 2012_04_28_11_33_59_887001295
+ uname -a
+ srun --nodes=1 --ntasks=1 -ppbatch cat /proc/cpuinfo
+ grep MHz
+ echo 'cores: 484'
+ echo 'nodes: 61'
+ '[' 512 -le 8 ']'
+ srun --nodes=61 --ntasks=484 -ppbatch -e bt.err -o out.dat --auto-affinity=start=0,verbose,cpt=1 ../btCL.sh 484
srun: error: rzmerl143: tasks 456-462: Exited with exit code 127
srun: error: rzmerl144: tasks 463-469: Exited with exit code 127
srun: error: rzmerl141: tasks 440-447: Exited with exit code 127
srun: error: rzmerl146: tasks 477-483: Exited with exit code 127
srun: error: rzmerl31: tasks 104-111: Exited with exit code 127
srun: error: rzmerl137: tasks 408-415: Exited with exit code 127
srun: error: rzmerl40: tasks 176-183: Exited with exit code 127
srun: error: rzmerl127: tasks 328-335: Exited with exit code 127
srun: error: rzmerl23: tasks 40-47: Exited with exit code 127
srun: error: rzmerl29: tasks 88-95: Exited with exit code 127
srun: error: rzmerl28: tasks 80-87: Exited with exit code 127
srun: error: rzmerl33: tasks 120-127: Exited with exit code 127
srun: error: rzmerl142: tasks 448-455: Exited with exit code 127
srun: error: rzmerl145: tasks 470-476: Exited with exit code 127
srun: error: rzmerl43: tasks 200-207: Exited with exit code 127
srun: error: rzmerl24: tasks 48-55: Exited with exit code 127
srun: error: rzmerl136: tasks 400-407: Exited with exit code 127
srun: error: rzmerl125: tasks 312-319: Exited with exit code 127
srun: error: rzmerl132: tasks 368-375: Exited with exit code 127
srun: error: rzmerl37: tasks 152-159: Exited with exit code 127
srun: error: rzmerl128: tasks 336-343: Exited with exit code 127
srun: error: rzmerl25: tasks 56-63: Exited with exit code 127
srun: error: rzmerl126: tasks 320-327: Exited with exit code 127
srun: error: rzmerl138: tasks 416-423: Exited with exit code 127
srun: error: rzmerl129: tasks 344-351: Exited with exit code 127
srun: error: rzmerl46: tasks 224-231: Exited with exit code 127
srun: error: rzmerl139: tasks 424-431: Exited with exit code 127
srun: error: rzmerl140: tasks 432-439: Exited with exit code 127
srun: error: rzmerl21: tasks 24-31: Exited with exit code 127
srun: error: rzmerl32: tasks 112-119: Exited with exit code 127
srun: error: rzmerl35: tasks 136-143: Exited with exit code 127
srun: error: rzmerl30: tasks 96-103: Exited with exit code 127
srun: error: rzmerl19: tasks 8-15: Exited with exit code 127
srun: error: rzmerl26: tasks 64-71: Exited with exit code 127
srun: error: rzmerl133: tasks 376-383: Exited with exit code 127
srun: error: rzmerl22: tasks 32-39: Exited with exit code 127
srun: error: rzmerl53: tasks 280-287: Exited with exit code 127
srun: error: rzmerl38: tasks 160-167: Exited with exit code 127
srun: error: rzmerl45: tasks 216-223: Exited with exit code 127
srun: error: rzmerl20: tasks 16-23: Exited with exit code 127
srun: error: rzmerl39: tasks 168-175: Exited with exit code 127
srun: error: rzmerl50: tasks 256-263: Exited with exit code 127
srun: error: rzmerl27: tasks 72-79: Exited with exit code 127
srun: error: rzmerl134: tasks 384-391: Exited with exit code 127
srun: error: rzmerl47: tasks 232-239: Exited with exit code 127
srun: error: rzmerl52: tasks 272-279: Exited with exit code 127
srun: error: rzmerl49: tasks 248-255: Exited with exit code 127
srun: error: rzmerl18: tasks 0-7: Exited with exit code 127
srun: error: rzmerl51: tasks 264-271: Exited with exit code 127
srun: error: rzmerl56: tasks 304-311: Exited with exit code 127
srun: error: rzmerl135: tasks 392-399: Exited with exit code 127
srun: error: rzmerl34: tasks 128-135: Exited with exit code 127
srun: error: rzmerl131: tasks 360-367: Exited with exit code 127
srun: error: rzmerl44: tasks 208-215: Exited with exit code 127
srun: error: rzmerl55: tasks 296-303: Exited with exit code 127
srun: error: rzmerl48: tasks 240-247: Exited with exit code 127
srun: error: rzmerl41: tasks 184-191: Exited with exit code 127
srun: error: rzmerl36: tasks 144-151: Exited with exit code 127
srun: error: rzmerl130: tasks 352-359: Exited with exit code 127
srun: error: rzmerl42: tasks 192-199: Exited with exit code 127
srun: error: rzmerl54: tasks 288-295: Exited with exit code 127
+ sh /g/g24/rountree/local/src/power/setcpufreq.sh 2600000 0 15
setting frequency to 2600000 KHz on cores 0 through 15
nodes=64 ntasks=1024
+ export BMARK_STRING=bt.D.1024
+ BMARK_STRING=bt.D.1024
+ n=64
+ cores=1024
+ '[' 1024 -eq 128 ']'
+ '[' 1024 -eq 128 ']'
+ '[' 1024 -eq 512 ']'
+ '[' 1024 -eq 512 ']'
+ '[' 1024 -eq 512 ']'
+ '[' 1024 -eq 2048 ']'
++ date +%Y_%m_%d_%H_%M_%S_%N
+ name=2012_04_28_11_34_00_321010290
+ mkdir 2012_04_28_11_34_00_321010290
+ cd 2012_04_28_11_34_00_321010290
+ touch out.dat
+ env
+ hostname
+ echo 2012_04_28_11_34_00_321010290
+ uname -a
+ srun --nodes=1 --ntasks=1 -ppbatch cat /proc/cpuinfo
+ grep MHz
+ echo 'cores: 1024'
+ echo 'nodes: 64'
+ '[' 1024 -le 8 ']'
+ srun --nodes=64 --ntasks=1024 -ppbatch -e bt.err -o out.dat --auto-affinity=start=0,verbose,cpt=1 ../btCL.sh 1024
+ sh /g/g24/rountree/local/src/power/setcpufreq.sh 2600000 0 15
setting frequency to 2600000 KHz on cores 0 through 15
nodes=64 ntasks=256
+ export BMARK_STRING=bt.D.256
+ BMARK_STRING=bt.D.256
+ n=64
+ cores=256
+ '[' 256 -eq 128 ']'
+ '[' 256 -eq 128 ']'
+ '[' 256 -eq 512 ']'
+ '[' 256 -eq 512 ']'
+ '[' 256 -eq 512 ']'
+ '[' 256 -eq 2048 ']'
++ date +%Y_%m_%d_%H_%M_%S_%N
+ name=2012_04_28_11_34_50_302586005
+ mkdir 2012_04_28_11_34_50_302586005
+ cd 2012_04_28_11_34_50_302586005
+ touch out.dat
+ env
+ hostname
+ echo 2012_04_28_11_34_50_302586005
+ uname -a
+ srun --nodes=1 --ntasks=1 -ppbatch cat /proc/cpuinfo
+ grep MHz
+ echo 'cores: 256'
+ echo 'nodes: 64'
+ '[' 256 -le 8 ']'
+ srun --nodes=64 --ntasks=256 -ppbatch -e bt.err -o out.dat --auto-affinity=start=0,verbose,cpt=1 ../btCL.sh 256
+ sh /g/g24/rountree/local/src/power/setcpufreq.sh 2600000 0 15
setting frequency to 2600000 KHz on cores 0 through 15
nodes=64 ntasks=512
+ export BMARK_STRING=bt.D.512
+ BMARK_STRING=bt.D.512
+ n=64
+ cores=512
+ '[' 512 -eq 128 ']'
+ '[' 512 -eq 128 ']'
+ '[' 512 -eq 512 ']'
+ '[' 64 -eq 32 ']'
+ '[' 512 -eq 512 ']'
+ '[' 64 -eq 64 ']'
+ cores=484
+ n=61
+ '[' 484 -eq 512 ']'
+ '[' 484 -eq 2048 ']'
++ date +%Y_%m_%d_%H_%M_%S_%N
+ name=2012_04_28_11_37_23_005576474
+ mkdir 2012_04_28_11_37_23_005576474
+ cd 2012_04_28_11_37_23_005576474
+ touch out.dat
+ env
+ hostname
+ echo 2012_04_28_11_37_23_005576474
+ uname -a
+ srun --nodes=1 --ntasks=1 -ppbatch cat /proc/cpuinfo
+ grep MHz
+ echo 'cores: 484'
+ echo 'nodes: 61'
+ '[' 512 -le 8 ']'
+ srun --nodes=61 --ntasks=484 -ppbatch -e bt.err -o out.dat --auto-affinity=start=0,verbose,cpt=1 ../btCL.sh 484
srun: error: rzmerl143: tasks 463-469: Exited with exit code 127
srun: error: rzmerl145: tasks 477-483: Exited with exit code 127
srun: error: rzmerl137: tasks 416-423: Exited with exit code 127
srun: error: rzmerl30: tasks 104-111: Exited with exit code 127
srun: error: rzmerl17: tasks 0-7: Exited with exit code 127
srun: error: rzmerl31: tasks 112-119: Exited with exit code 127
srun: error: rzmerl18: tasks 8-15: Exited with exit code 127
srun: error: rzmerl42: tasks 200-207: Exited with exit code 127
srun: error: rzmerl125: tasks 320-327: Exited with exit code 127
srun: error: rzmerl144: tasks 470-476: Exited with exit code 127
srun: error: rzmerl135: tasks 400-407: Exited with exit code 127
srun: error: rzmerl136: tasks 408-415: Exited with exit code 127
srun: error: rzmerl128: tasks 344-351: Exited with exit code 127
srun: error: rzmerl126: tasks 328-335: Exited with exit code 127
srun: error: rzmerl49: tasks 256-263: Exited with exit code 127
srun: error: rzmerl127: tasks 336-343: Exited with exit code 127
srun: error: rzmerl20: tasks 24-31: Exited with exit code 127
srun: error: rzmerl141: tasks 448-455: Exited with exit code 127
srun: error: rzmerl26: tasks 72-79: Exited with exit code 127
srun: error: rzmerl23: tasks 48-55: Exited with exit code 127
srun: error: rzmerl132: tasks 376-383: Exited with exit code 127
srun: error: rzmerl139: tasks 432-439: Exited with exit code 127
srun: error: rzmerl142: tasks 456-462: Exited with exit code 127
srun: error: rzmerl29: tasks 96-103: Exited with exit code 127
srun: error: rzmerl44: tasks 216-223: Exited with exit code 127
srun: error: rzmerl21: tasks 32-39: Exited with exit code 127
srun: error: rzmerl22: tasks 40-47: Exited with exit code 127
srun: error: rzmerl35: tasks 144-151: Exited with exit code 127
srun: error: rzmerl46: tasks 232-239: Exited with exit code 127
srun: error: rzmerl41: tasks 192-199: Exited with exit code 127
srun: error: rzmerl28: tasks 88-95: Exited with exit code 127
srun: error: rzmerl51: tasks 272-279: Exited with exit code 127
srun: error: rzmerl134: tasks 392-399: Exited with exit code 127
srun: error: rzmerl133: tasks 384-391: Exited with exit code 127
srun: error: rzmerl36: tasks 152-159: Exited with exit code 127
srun: error: rzmerl131: tasks 368-375: Exited with exit code 127
srun: error: rzmerl130: tasks 360-367: Exited with exit code 127
srun: error: rzmerl129: tasks 352-359: Exited with exit code 127
srun: error: rzmerl24: tasks 56-63: Exited with exit code 127
srun: error: rzmerl39: tasks 176-183: Exited with exit code 127
srun: error: rzmerl40: tasks 184-191: Exited with exit code 127
srun: error: rzmerl55: tasks 304-311: Exited with exit code 127
srun: error: rzmerl32: tasks 120-127: Exited with exit code 127
srun: error: rzmerl25: tasks 64-71: Exited with exit code 127
srun: error: rzmerl56: tasks 312-319: Exited with exit code 127
srun: error: rzmerl45: tasks 224-231: Exited with exit code 127
srun: error: rzmerl34: tasks 136-143: Exited with exit code 127
srun: error: rzmerl53: tasks 288-295: Exited with exit code 127
srun: error: rzmerl52: tasks 280-287: Exited with exit code 127
srun: error: rzmerl19: tasks 16-23: Exited with exit code 127
srun: error: rzmerl50: tasks 264-271: Exited with exit code 127
srun: error: rzmerl37: tasks 160-167: Exited with exit code 127
srun: error: rzmerl48: tasks 248-255: Exited with exit code 127
srun: error: rzmerl27: tasks 80-87: Exited with exit code 127
srun: error: rzmerl138: tasks 424-431: Exited with exit code 127
srun: error: rzmerl33: tasks 128-135: Exited with exit code 127
srun: error: rzmerl54: tasks 296-303: Exited with exit code 127
srun: error: rzmerl43: tasks 208-215: Exited with exit code 127
srun: error: rzmerl38: tasks 168-175: Exited with exit code 127
srun: error: rzmerl47: tasks 240-247: Exited with exit code 127
srun: error: rzmerl140: tasks 440-447: Exited with exit code 127
+ sh /g/g24/rountree/local/src/power/setcpufreq.sh 2600000 0 15
setting frequency to 2600000 KHz on cores 0 through 15
nodes=64 ntasks=1024
+ export BMARK_STRING=bt.D.1024
+ BMARK_STRING=bt.D.1024
+ n=64
+ cores=1024
+ '[' 1024 -eq 128 ']'
+ '[' 1024 -eq 128 ']'
+ '[' 1024 -eq 512 ']'
+ '[' 1024 -eq 512 ']'
+ '[' 1024 -eq 512 ']'
+ '[' 1024 -eq 2048 ']'
++ date +%Y_%m_%d_%H_%M_%S_%N
+ name=2012_04_28_11_37_23_545068860
+ mkdir 2012_04_28_11_37_23_545068860
+ cd 2012_04_28_11_37_23_545068860
+ touch out.dat
+ env
+ hostname
+ echo 2012_04_28_11_37_23_545068860
+ uname -a
+ srun --nodes=1 --ntasks=1 -ppbatch cat /proc/cpuinfo
+ grep MHz
+ echo 'cores: 1024'
+ echo 'nodes: 64'
+ '[' 1024 -le 8 ']'
+ srun --nodes=64 --ntasks=1024 -ppbatch -e bt.err -o out.dat --auto-affinity=start=0,verbose,cpt=1 ../btCL.sh 1024
+ sh /g/g24/rountree/local/src/power/setcpufreq.sh 2600000 0 15
setting frequency to 2600000 KHz on cores 0 through 15
Resetting now...
