/g/g24/rountree/local/src/power
nodes=32 ntasks=128
+ export BMARK_STRING=bt.D.128
+ BMARK_STRING=bt.D.128
+ n=32
+ cores=128
+ '[' 128 -eq 128 ']'
+ '[' 32 -eq 16 ']'
+ '[' 128 -eq 128 ']'
+ '[' 32 -eq 32 ']'
+ cores=121
+ n=31
+ '[' 121 -eq 512 ']'
+ '[' 121 -eq 512 ']'
+ '[' 121 -eq 512 ']'
+ '[' 121 -eq 2048 ']'
++ date +%Y_%m_%d_%H_%M_%S_%N
+ name=2012_04_20_21_18_01_422687188
+ mkdir 2012_04_20_21_18_01_422687188
+ cd 2012_04_20_21_18_01_422687188
+ touch out.dat
+ env
+ hostname
+ echo 2012_04_20_21_18_01_422687188
+ uname -a
+ srun --nodes=1 --ntasks=1 -ppbatch cat /proc/cpuinfo
+ grep MHz
+ echo 'cores: 121'
+ echo 'nodes: 31'
+ '[' 128 -le 8 ']'
+ srun --nodes=31 --ntasks=121 -ppbatch -e bt.err -o out.dat --auto-affinity=start=0,verbose,cpt=1 ../btCL.sh 121
+ sh /g/g24/rountree/local/src/power/setcpufreq.sh 2600000 0 15
setting frequency to 2600000 KHz on cores 0 through 15
nodes=32 ntasks=256
+ export BMARK_STRING=bt.D.256
+ BMARK_STRING=bt.D.256
+ n=32
+ cores=256
+ '[' 256 -eq 128 ']'
+ '[' 256 -eq 128 ']'
+ '[' 256 -eq 512 ']'
+ '[' 256 -eq 512 ']'
+ '[' 256 -eq 512 ']'
+ '[' 256 -eq 2048 ']'
++ date +%Y_%m_%d_%H_%M_%S_%N
+ name=2012_04_20_21_24_22_759469533
+ mkdir 2012_04_20_21_24_22_759469533
+ cd 2012_04_20_21_24_22_759469533
+ touch out.dat
+ env
+ hostname
+ echo 2012_04_20_21_24_22_759469533
+ uname -a
+ srun --nodes=1 --ntasks=1 -ppbatch cat /proc/cpuinfo
+ grep MHz
+ echo 'cores: 256'
+ echo 'nodes: 32'
+ '[' 256 -le 8 ']'
+ srun --nodes=32 --ntasks=256 -ppbatch -e bt.err -o out.dat --auto-affinity=start=0,verbose,cpt=1 ../btCL.sh 256
+ sh /g/g24/rountree/local/src/power/setcpufreq.sh 2600000 0 15
setting frequency to 2600000 KHz on cores 0 through 15
nodes=32 ntasks=512
+ export BMARK_STRING=bt.D.512
+ BMARK_STRING=bt.D.512
+ n=32
+ cores=512
+ '[' 512 -eq 128 ']'
+ '[' 512 -eq 128 ']'
+ '[' 512 -eq 512 ']'
+ '[' 32 -eq 32 ']'
+ cores=484
+ n=31
+ '[' 484 -eq 512 ']'
+ '[' 484 -eq 512 ']'
+ '[' 484 -eq 2048 ']'
++ date +%Y_%m_%d_%H_%M_%S_%N
+ name=2012_04_20_21_28_51_484287362
+ mkdir 2012_04_20_21_28_51_484287362
+ cd 2012_04_20_21_28_51_484287362
+ touch out.dat
+ env
+ hostname
+ echo 2012_04_20_21_28_51_484287362
+ uname -a
+ grep MHz
+ srun --nodes=1 --ntasks=1 -ppbatch cat /proc/cpuinfo
+ echo 'cores: 484'
+ echo 'nodes: 31'
+ '[' 512 -le 8 ']'
+ srun --nodes=31 --ntasks=484 -ppbatch -e bt.err -o out.dat --auto-affinity=start=0,verbose,cpt=1 ../btCL.sh 484
srun: error: rzmerl18: tasks 0-15: Exited with exit code 127
srun: error: rzmerl47: tasks 454-468: Exited with exit code 127
srun: error: rzmerl40: tasks 349-363: Exited with exit code 127
srun: error: rzmerl38: tasks 319-333: Exited with exit code 127
srun: error: rzmerl45: tasks 424-438: Exited with exit code 127
srun: error: rzmerl32: tasks 224-239: Exited with exit code 127
srun: error: rzmerl30: tasks 192-207: Exited with exit code 127
srun: error: rzmerl20: tasks 32-47: Exited with exit code 127
srun: error: rzmerl34: tasks 256-271: Exited with exit code 127
srun: error: rzmerl22: tasks 64-79: Exited with exit code 127
srun: error: rzmerl23: tasks 80-95: Exited with exit code 127
srun: error: rzmerl44: tasks 409-423: Exited with exit code 127
srun: error: rzmerl25: tasks 112-127: Exited with exit code 127
srun: error: rzmerl28: tasks 160-175: Exited with exit code 127
srun: error: rzmerl19: tasks 16-31: Exited with exit code 127
srun: error: rzmerl43: tasks 394-408: Exited with exit code 127
srun: error: rzmerl24: tasks 96-111: Exited with exit code 127
srun: error: rzmerl37: tasks 304-318: Exited with exit code 127
srun: error: rzmerl29: tasks 176-191: Exited with exit code 127
srun: error: rzmerl35: tasks 272-287: Exited with exit code 127
srun: error: rzmerl26: tasks 128-143: Exited with exit code 127
srun: error: rzmerl36: tasks 288-303: Exited with exit code 127
srun: error: rzmerl42: tasks 379-393: Exited with exit code 127
srun: error: rzmerl46: tasks 439-453: Exited with exit code 127
srun: error: rzmerl48: tasks 469-483: Exited with exit code 127
srun: error: rzmerl39: tasks 334-348: Exited with exit code 127
srun: error: rzmerl27: tasks 144-159: Exited with exit code 127
srun: error: rzmerl41: tasks 364-378: Exited with exit code 127
srun: error: rzmerl21: tasks 48-63: Exited with exit code 127
srun: error: rzmerl31: tasks 208-223: Exited with exit code 127
srun: error: rzmerl33: tasks 240-255: Exited with exit code 127
+ sh /g/g24/rountree/local/src/power/setcpufreq.sh 2600000 0 15
setting frequency to 2600000 KHz on cores 0 through 15
nodes=32 ntasks=128
+ export BMARK_STRING=bt.D.128
+ BMARK_STRING=bt.D.128
+ n=32
+ cores=128
+ '[' 128 -eq 128 ']'
+ '[' 32 -eq 16 ']'
+ '[' 128 -eq 128 ']'
+ '[' 32 -eq 32 ']'
+ cores=121
+ n=31
+ '[' 121 -eq 512 ']'
+ '[' 121 -eq 512 ']'
+ '[' 121 -eq 512 ']'
+ '[' 121 -eq 2048 ']'
++ date +%Y_%m_%d_%H_%M_%S_%N
+ name=2012_04_20_21_28_51_997697702
+ mkdir 2012_04_20_21_28_51_997697702
+ cd 2012_04_20_21_28_51_997697702
+ touch out.dat
+ env
+ hostname
+ echo 2012_04_20_21_28_51_997697702
+ uname -a
+ srun --nodes=1 --ntasks=1 -ppbatch cat /proc/cpuinfo
+ grep MHz
+ echo 'cores: 121'
+ echo 'nodes: 31'
+ '[' 128 -le 8 ']'
+ srun --nodes=31 --ntasks=121 -ppbatch -e bt.err -o out.dat --auto-affinity=start=0,verbose,cpt=1 ../btCL.sh 121
+ sh /g/g24/rountree/local/src/power/setcpufreq.sh 2600000 0 15
setting frequency to 2600000 KHz on cores 0 through 15
nodes=32 ntasks=256
+ export BMARK_STRING=bt.D.256
+ BMARK_STRING=bt.D.256
+ n=32
+ cores=256
+ '[' 256 -eq 128 ']'
+ '[' 256 -eq 128 ']'
+ '[' 256 -eq 512 ']'
+ '[' 256 -eq 512 ']'
+ '[' 256 -eq 512 ']'
+ '[' 256 -eq 2048 ']'
++ date +%Y_%m_%d_%H_%M_%S_%N
+ name=2012_04_20_21_34_05_930494593
+ mkdir 2012_04_20_21_34_05_930494593
+ cd 2012_04_20_21_34_05_930494593
+ touch out.dat
+ env
+ hostname
+ echo 2012_04_20_21_34_05_930494593
+ uname -a
+ grep MHz
+ srun --nodes=1 --ntasks=1 -ppbatch cat /proc/cpuinfo
+ echo 'cores: 256'
+ echo 'nodes: 32'
+ '[' 256 -le 8 ']'
+ srun --nodes=32 --ntasks=256 -ppbatch -e bt.err -o out.dat --auto-affinity=start=0,verbose,cpt=1 ../btCL.sh 256
+ sh /g/g24/rountree/local/src/power/setcpufreq.sh 2600000 0 15
setting frequency to 2600000 KHz on cores 0 through 15
nodes=32 ntasks=512
+ export BMARK_STRING=bt.D.512
+ BMARK_STRING=bt.D.512
+ n=32
+ cores=512
+ '[' 512 -eq 128 ']'
+ '[' 512 -eq 128 ']'
+ '[' 512 -eq 512 ']'
+ '[' 32 -eq 32 ']'
+ cores=484
+ n=31
+ '[' 484 -eq 512 ']'
+ '[' 484 -eq 512 ']'
+ '[' 484 -eq 2048 ']'
++ date +%Y_%m_%d_%H_%M_%S_%N
+ name=2012_04_20_21_38_05_434152502
+ mkdir 2012_04_20_21_38_05_434152502
+ cd 2012_04_20_21_38_05_434152502
+ touch out.dat
+ env
+ hostname
+ echo 2012_04_20_21_38_05_434152502
+ uname -a
+ grep MHz
+ srun --nodes=1 --ntasks=1 -ppbatch cat /proc/cpuinfo
+ echo 'cores: 484'
+ echo 'nodes: 31'
+ '[' 512 -le 8 ']'
+ srun --nodes=31 --ntasks=484 -ppbatch -e bt.err -o out.dat --auto-affinity=start=0,verbose,cpt=1 ../btCL.sh 484
srun: error: rzmerl18: tasks 0-15: Exited with exit code 127
srun: error: rzmerl22: tasks 64-79: Exited with exit code 127
srun: error: rzmerl39: tasks 334-348: Exited with exit code 127
srun: error: rzmerl40: tasks 349-363: Exited with exit code 127
srun: error: rzmerl42: tasks 379-393: Exited with exit code 127
srun: error: rzmerl23: tasks 80-95: Exited with exit code 127
srun: error: rzmerl33: tasks 240-255: Exited with exit code 127
srun: error: rzmerl38: tasks 319-333: Exited with exit code 127
srun: error: rzmerl30: tasks 192-207: Exited with exit code 127
srun: error: rzmerl20: tasks 32-47: Exited with exit code 127
srun: error: rzmerl44: tasks 409-423: Exited with exit code 127
srun: error: rzmerl19: tasks 16-31: Exited with exit code 127
srun: error: rzmerl45: tasks 424-438: Exited with exit code 127
srun: error: rzmerl46: tasks 439-453: Exited with exit code 127
srun: error: rzmerl29: tasks 176-191: Exited with exit code 127
srun: error: rzmerl41: tasks 364-378: Exited with exit code 127
srun: error: rzmerl31: tasks 208-223: Exited with exit code 127
srun: error: rzmerl34: tasks 256-271: Exited with exit code 127
srun: error: rzmerl47: tasks 454-468: Exited with exit code 127
srun: error: rzmerl43: tasks 394-408: Exited with exit code 127
srun: error: rzmerl26: tasks 128-143: Exited with exit code 127
srun: error: rzmerl21: tasks 48-63: Exited with exit code 127
srun: error: rzmerl27: tasks 144-159: Exited with exit code 127
srun: error: rzmerl35: tasks 272-287: Exited with exit code 127
srun: error: rzmerl24: tasks 96-111: Exited with exit code 127
srun: error: rzmerl37: tasks 304-318: Exited with exit code 127
srun: error: rzmerl32: tasks 224-239: Exited with exit code 127
srun: error: rzmerl28: tasks 160-175: Exited with exit code 127
srun: error: rzmerl48: tasks 469-483: Exited with exit code 127
srun: error: rzmerl36: tasks 288-303: Exited with exit code 127
srun: error: rzmerl25: tasks 112-127: Exited with exit code 127
+ sh /g/g24/rountree/local/src/power/setcpufreq.sh 2600000 0 15
setting frequency to 2600000 KHz on cores 0 through 15
nodes=32 ntasks=128
+ export BMARK_STRING=bt.D.128
+ BMARK_STRING=bt.D.128
+ n=32
+ cores=128
+ '[' 128 -eq 128 ']'
+ '[' 32 -eq 16 ']'
+ '[' 128 -eq 128 ']'
+ '[' 32 -eq 32 ']'
+ cores=121
+ n=31
+ '[' 121 -eq 512 ']'
+ '[' 121 -eq 512 ']'
+ '[' 121 -eq 512 ']'
+ '[' 121 -eq 2048 ']'
++ date +%Y_%m_%d_%H_%M_%S_%N
+ name=2012_04_20_21_38_05_969430842
+ mkdir 2012_04_20_21_38_05_969430842
+ cd 2012_04_20_21_38_05_969430842
+ touch out.dat
+ env
+ hostname
+ echo 2012_04_20_21_38_05_969430842
+ uname -a
+ srun --nodes=1 --ntasks=1 -ppbatch cat /proc/cpuinfo
+ grep MHz
+ echo 'cores: 121'
+ echo 'nodes: 31'
+ '[' 128 -le 8 ']'
+ srun --nodes=31 --ntasks=121 -ppbatch -e bt.err -o out.dat --auto-affinity=start=0,verbose,cpt=1 ../btCL.sh 121
+ sh /g/g24/rountree/local/src/power/setcpufreq.sh 2600000 0 15
setting frequency to 2600000 KHz on cores 0 through 15
nodes=32 ntasks=256
+ export BMARK_STRING=bt.D.256
+ BMARK_STRING=bt.D.256
+ n=32
+ cores=256
+ '[' 256 -eq 128 ']'
+ '[' 256 -eq 128 ']'
+ '[' 256 -eq 512 ']'
+ '[' 256 -eq 512 ']'
+ '[' 256 -eq 512 ']'
+ '[' 256 -eq 2048 ']'
++ date +%Y_%m_%d_%H_%M_%S_%N
+ name=2012_04_20_21_43_19_962515709
+ mkdir 2012_04_20_21_43_19_962515709
+ cd 2012_04_20_21_43_19_962515709
+ touch out.dat
+ env
+ hostname
+ echo 2012_04_20_21_43_19_962515709
+ uname -a
+ srun --nodes=1 --ntasks=1 -ppbatch cat /proc/cpuinfo
+ grep MHz
+ echo 'cores: 256'
+ echo 'nodes: 32'
+ '[' 256 -le 8 ']'
+ srun --nodes=32 --ntasks=256 -ppbatch -e bt.err -o out.dat --auto-affinity=start=0,verbose,cpt=1 ../btCL.sh 256
+ sh /g/g24/rountree/local/src/power/setcpufreq.sh 2600000 0 15
setting frequency to 2600000 KHz on cores 0 through 15
nodes=32 ntasks=512
+ export BMARK_STRING=bt.D.512
+ BMARK_STRING=bt.D.512
+ n=32
+ cores=512
+ '[' 512 -eq 128 ']'
+ '[' 512 -eq 128 ']'
+ '[' 512 -eq 512 ']'
+ '[' 32 -eq 32 ']'
+ cores=484
+ n=31
+ '[' 484 -eq 512 ']'
+ '[' 484 -eq 512 ']'
+ '[' 484 -eq 2048 ']'
++ date +%Y_%m_%d_%H_%M_%S_%N
+ name=2012_04_20_21_46_04_544109407
+ mkdir 2012_04_20_21_46_04_544109407
+ cd 2012_04_20_21_46_04_544109407
+ touch out.dat
+ env
+ hostname
+ echo 2012_04_20_21_46_04_544109407
+ uname -a
+ srun --nodes=1 --ntasks=1 -ppbatch cat /proc/cpuinfo
+ grep MHz
+ echo 'cores: 484'
+ echo 'nodes: 31'
+ '[' 512 -le 8 ']'
+ srun --nodes=31 --ntasks=484 -ppbatch -e bt.err -o out.dat --auto-affinity=start=0,verbose,cpt=1 ../btCL.sh 484
srun: error: rzmerl18: tasks 0-15: Exited with exit code 127
srun: error: rzmerl40: tasks 349-363: Exited with exit code 127
srun: error: rzmerl47: tasks 454-468: Exited with exit code 127
srun: error: rzmerl38: tasks 319-333: Exited with exit code 127
srun: error: rzmerl28: tasks 160-175: Exited with exit code 127
srun: error: rzmerl32: tasks 224-239: Exited with exit code 127
srun: error: rzmerl22: tasks 64-79: Exited with exit code 127
srun: error: rzmerl39: tasks 334-348: Exited with exit code 127
srun: error: rzmerl31: tasks 208-223: Exited with exit code 127
srun: error: rzmerl23: tasks 80-95: Exited with exit code 127
srun: error: rzmerl29: tasks 176-191: Exited with exit code 127
srun: error: rzmerl30: tasks 192-207: Exited with exit code 127
srun: error: rzmerl48: tasks 469-483: Exited with exit code 127
srun: error: rzmerl35: tasks 272-287: Exited with exit code 127
srun: error: rzmerl43: tasks 394-408: Exited with exit code 127
srun: error: rzmerl20: tasks 32-47: Exited with exit code 127
srun: error: rzmerl19: tasks 16-31: Exited with exit code 127
srun: error: rzmerl33: tasks 240-255: Exited with exit code 127
srun: error: rzmerl37: tasks 304-318: Exited with exit code 127
srun: error: rzmerl26: tasks 128-143: Exited with exit code 127
srun: error: rzmerl42: tasks 379-393: Exited with exit code 127
srun: error: rzmerl34: tasks 256-271: Exited with exit code 127
srun: error: rzmerl24: tasks 96-111: Exited with exit code 127
srun: error: rzmerl44: tasks 409-423: Exited with exit code 127
srun: error: rzmerl21: tasks 48-63: Exited with exit code 127
srun: error: rzmerl45: tasks 424-438: Exited with exit code 127
srun: error: rzmerl46: tasks 439-453: Exited with exit code 127
srun: error: rzmerl41: tasks 364-378: Exited with exit code 127
srun: error: rzmerl25: tasks 112-127: Exited with exit code 127
srun: error: rzmerl36: tasks 288-303: Exited with exit code 127
srun: error: rzmerl27: tasks 144-159: Exited with exit code 127
+ sh /g/g24/rountree/local/src/power/setcpufreq.sh 2600000 0 15
setting frequency to 2600000 KHz on cores 0 through 15
nodes=32 ntasks=128
+ export BMARK_STRING=bt.D.128
+ BMARK_STRING=bt.D.128
+ n=32
+ cores=128
+ '[' 128 -eq 128 ']'
+ '[' 32 -eq 16 ']'
+ '[' 128 -eq 128 ']'
+ '[' 32 -eq 32 ']'
+ cores=121
+ n=31
+ '[' 121 -eq 512 ']'
+ '[' 121 -eq 512 ']'
+ '[' 121 -eq 512 ']'
+ '[' 121 -eq 2048 ']'
++ date +%Y_%m_%d_%H_%M_%S_%N
+ name=2012_04_20_21_46_05_067393817
+ mkdir 2012_04_20_21_46_05_067393817
+ cd 2012_04_20_21_46_05_067393817
+ touch out.dat
+ env
+ hostname
+ echo 2012_04_20_21_46_05_067393817
+ uname -a
+ srun --nodes=1 --ntasks=1 -ppbatch cat /proc/cpuinfo
+ grep MHz
+ echo 'cores: 121'
+ echo 'nodes: 31'
+ '[' 128 -le 8 ']'
+ srun --nodes=31 --ntasks=121 -ppbatch -e bt.err -o out.dat --auto-affinity=start=0,verbose,cpt=1 ../btCL.sh 121
+ sh /g/g24/rountree/local/src/power/setcpufreq.sh 2600000 0 15
setting frequency to 2600000 KHz on cores 0 through 15
nodes=32 ntasks=256
+ export BMARK_STRING=bt.D.256
+ BMARK_STRING=bt.D.256
+ n=32
+ cores=256
+ '[' 256 -eq 128 ']'
+ '[' 256 -eq 128 ']'
+ '[' 256 -eq 512 ']'
+ '[' 256 -eq 512 ']'
+ '[' 256 -eq 512 ']'
+ '[' 256 -eq 2048 ']'
++ date +%Y_%m_%d_%H_%M_%S_%N
+ name=2012_04_20_21_51_19_114068270
+ mkdir 2012_04_20_21_51_19_114068270
+ cd 2012_04_20_21_51_19_114068270
+ touch out.dat
+ env
+ hostname
+ echo 2012_04_20_21_51_19_114068270
+ uname -a
+ srun --nodes=1 --ntasks=1 -ppbatch cat /proc/cpuinfo
+ grep MHz
+ echo 'cores: 256'
+ echo 'nodes: 32'
+ '[' 256 -le 8 ']'
+ srun --nodes=32 --ntasks=256 -ppbatch -e bt.err -o out.dat --auto-affinity=start=0,verbose,cpt=1 ../btCL.sh 256
+ sh /g/g24/rountree/local/src/power/setcpufreq.sh 2600000 0 15
setting frequency to 2600000 KHz on cores 0 through 15
nodes=32 ntasks=512
+ export BMARK_STRING=bt.D.512
+ BMARK_STRING=bt.D.512
+ n=32
+ cores=512
+ '[' 512 -eq 128 ']'
+ '[' 512 -eq 128 ']'
+ '[' 512 -eq 512 ']'
+ '[' 32 -eq 32 ']'
+ cores=484
+ n=31
+ '[' 484 -eq 512 ']'
+ '[' 484 -eq 512 ']'
+ '[' 484 -eq 2048 ']'
++ date +%Y_%m_%d_%H_%M_%S_%N
+ name=2012_04_20_21_55_02_297435694
+ mkdir 2012_04_20_21_55_02_297435694
+ cd 2012_04_20_21_55_02_297435694
+ touch out.dat
+ env
+ hostname
+ echo 2012_04_20_21_55_02_297435694
+ uname -a
+ srun --nodes=1 --ntasks=1 -ppbatch cat /proc/cpuinfo
+ grep MHz
+ echo 'cores: 484'
+ echo 'nodes: 31'
+ '[' 512 -le 8 ']'
+ srun --nodes=31 --ntasks=484 -ppbatch -e bt.err -o out.dat --auto-affinity=start=0,verbose,cpt=1 ../btCL.sh 484
srun: error: rzmerl18: tasks 0-15: Exited with exit code 127
srun: error: rzmerl40: tasks 349-363: Exited with exit code 127
srun: error: rzmerl37: tasks 304-318: Exited with exit code 127
srun: error: rzmerl35: tasks 272-287: Exited with exit code 127
srun: error: rzmerl43: tasks 394-408: Exited with exit code 127
srun: error: rzmerl34: tasks 256-271: Exited with exit code 127
srun: error: rzmerl30: tasks 192-207: Exited with exit code 127
srun: error: rzmerl28: tasks 160-175: Exited with exit code 127
srun: error: rzmerl38: tasks 319-333: Exited with exit code 127
srun: error: rzmerl47: tasks 454-468: Exited with exit code 127
srun: error: rzmerl31: tasks 208-223: Exited with exit code 127
srun: error: rzmerl44: tasks 409-423: Exited with exit code 127
srun: error: rzmerl33: tasks 240-255: Exited with exit code 127
srun: error: rzmerl22: tasks 64-79: Exited with exit code 127
srun: error: rzmerl48: tasks 469-483: Exited with exit code 127
srun: error: rzmerl21: tasks 48-63: Exited with exit code 127
srun: error: rzmerl23: tasks 80-95: Exited with exit code 127
srun: error: rzmerl45: tasks 424-438: Exited with exit code 127
srun: error: rzmerl25: tasks 112-127: Exited with exit code 127
srun: error: rzmerl39: tasks 334-348: Exited with exit code 127
srun: error: rzmerl19: tasks 16-31: Exited with exit code 127
srun: error: rzmerl29: tasks 176-191: Exited with exit code 127
srun: error: rzmerl46: tasks 439-453: Exited with exit code 127
srun: error: rzmerl20: tasks 32-47: Exited with exit code 127
srun: error: rzmerl41: tasks 364-378: Exited with exit code 127
srun: error: rzmerl32: tasks 224-239: Exited with exit code 127
srun: error: rzmerl42: tasks 379-393: Exited with exit code 127
srun: error: rzmerl36: tasks 288-303: Exited with exit code 127
srun: error: rzmerl27: tasks 144-159: Exited with exit code 127
srun: error: rzmerl26: tasks 128-143: Exited with exit code 127
srun: error: rzmerl24: tasks 96-111: Exited with exit code 127
+ sh /g/g24/rountree/local/src/power/setcpufreq.sh 2600000 0 15
setting frequency to 2600000 KHz on cores 0 through 15
Resetting now...
