   =========================================
   =      NAS Parallel Benchmarks 3.3      =
   =      MPI/F77/C                        =
   =========================================

cd SP; make NPROCS=1 CLASS=C
make[1]: Entering directory `/g/g24/rountree/local/src/power/bmark/NAS/SP'
make[2]: Entering directory `/g/g24/rountree/local/src/power/bmark/NAS/sys'
make[2]: Nothing to be done for `all'.
make[2]: Leaving directory `/g/g24/rountree/local/src/power/bmark/NAS/sys'
../sys/setparams sp 1 C 
mpif77 -c  -O3 -fPIC sp.f
mpif77 -c  -O3 -fPIC make_set.f
mpif77 -c  -O3 -fPIC initialize.f
mpif77 -c  -O3 -fPIC exact_solution.f
mpif77 -c  -O3 -fPIC exact_rhs.f
mpif77 -c  -O3 -fPIC set_constants.f
mpif77 -c  -O3 -fPIC adi.f
mpif77 -c  -O3 -fPIC define.f
mpif77 -c  -O3 -fPIC copy_faces.f
mpif77 -c  -O3 -fPIC rhs.f
mpif77 -c  -O3 -fPIC lhsx.f
mpif77 -c  -O3 -fPIC lhsy.f
mpif77 -c  -O3 -fPIC lhsz.f
mpif77 -c  -O3 -fPIC x_solve.f
mpif77 -c  -O3 -fPIC ninvr.f
mpif77 -c  -O3 -fPIC y_solve.f
mpif77 -c  -O3 -fPIC pinvr.f
mpif77 -c  -O3 -fPIC z_solve.f
mpif77 -c  -O3 -fPIC tzetar.f
mpif77 -c  -O3 -fPIC add.f
mpif77 -c  -O3 -fPIC txinvr.f
mpif77 -c  -O3 -fPIC error.f
mpif77 -c  -O3 -fPIC verify.f
mpif77 -c  -O3 -fPIC setup_mpi.f
mpif77 -O3 -fPIC -o ../bin/sp.C.1 sp.o make_set.o initialize.o exact_solution.o exact_rhs.o set_constants.o adi.o define.o copy_faces.o rhs.o lhsx.o lhsy.o lhsz.o x_solve.o ninvr.o y_solve.o pinvr.o z_solve.o tzetar.o add.o txinvr.o error.o verify.o setup_mpi.o ../common/print_results.o ../common/timers.o -Xlinker -rpath=/g/g24/rountree/local/src/power/rapl/libmsr/lib -L/g/g24/rountree/local/src/power/rapl/libmsr/lib -lrapl
/usr/bin/ld: cannot find -lrapl
collect2: ld returned 1 exit status
make[1]: *** [../bin/sp.C.1] Error 1
make[1]: Leaving directory `/g/g24/rountree/local/src/power/bmark/NAS/SP'
make: *** [sp] Error 2
   =========================================
   =      NAS Parallel Benchmarks 3.3      =
   =      MPI/F77/C                        =
   =========================================

cd SP; make NPROCS=4 CLASS=C
make[1]: Entering directory `/g/g24/rountree/local/src/power/bmark/NAS/SP'
make[2]: Entering directory `/g/g24/rountree/local/src/power/bmark/NAS/sys'
make[2]: Nothing to be done for `all'.
make[2]: Leaving directory `/g/g24/rountree/local/src/power/bmark/NAS/sys'
../sys/setparams sp 4 C 
mpif77 -c  -O3 -fPIC sp.f
mpif77 -c  -O3 -fPIC make_set.f
mpif77 -c  -O3 -fPIC initialize.f
mpif77 -c  -O3 -fPIC exact_solution.f
mpif77 -c  -O3 -fPIC exact_rhs.f
mpif77 -c  -O3 -fPIC set_constants.f
mpif77 -c  -O3 -fPIC adi.f
mpif77 -c  -O3 -fPIC define.f
mpif77 -c  -O3 -fPIC copy_faces.f
mpif77 -c  -O3 -fPIC rhs.f
mpif77 -c  -O3 -fPIC lhsx.f
mpif77 -c  -O3 -fPIC lhsy.f
mpif77 -c  -O3 -fPIC lhsz.f
mpif77 -c  -O3 -fPIC x_solve.f
mpif77 -c  -O3 -fPIC ninvr.f
mpif77 -c  -O3 -fPIC y_solve.f
mpif77 -c  -O3 -fPIC pinvr.f
mpif77 -c  -O3 -fPIC z_solve.f
mpif77 -c  -O3 -fPIC tzetar.f
mpif77 -c  -O3 -fPIC add.f
mpif77 -c  -O3 -fPIC txinvr.f
mpif77 -c  -O3 -fPIC error.f
mpif77 -c  -O3 -fPIC verify.f
mpif77 -c  -O3 -fPIC setup_mpi.f
mpif77 -O3 -fPIC -o ../bin/sp.C.4 sp.o make_set.o initialize.o exact_solution.o exact_rhs.o set_constants.o adi.o define.o copy_faces.o rhs.o lhsx.o lhsy.o lhsz.o x_solve.o ninvr.o y_solve.o pinvr.o z_solve.o tzetar.o add.o txinvr.o error.o verify.o setup_mpi.o ../common/print_results.o ../common/timers.o -Xlinker -rpath=/g/g24/rountree/local/src/power/rapl/libmsr/lib -L/g/g24/rountree/local/src/power/rapl/libmsr/lib -lrapl
/usr/bin/ld: cannot find -lrapl
collect2: ld returned 1 exit status
make[1]: *** [../bin/sp.C.4] Error 1
make[1]: Leaving directory `/g/g24/rountree/local/src/power/bmark/NAS/SP'
make: *** [sp] Error 2
   =========================================
   =      NAS Parallel Benchmarks 3.3      =
   =      MPI/F77/C                        =
   =========================================

cd SP; make NPROCS=16 CLASS=C
make[1]: Entering directory `/g/g24/rountree/local/src/power/bmark/NAS/SP'
make[2]: Entering directory `/g/g24/rountree/local/src/power/bmark/NAS/sys'
make[2]: Nothing to be done for `all'.
make[2]: Leaving directory `/g/g24/rountree/local/src/power/bmark/NAS/sys'
../sys/setparams sp 16 C 
mpif77 -c  -O3 -fPIC sp.f
mpif77 -c  -O3 -fPIC make_set.f
mpif77 -c  -O3 -fPIC initialize.f
mpif77 -c  -O3 -fPIC exact_solution.f
mpif77 -c  -O3 -fPIC exact_rhs.f
mpif77 -c  -O3 -fPIC set_constants.f
mpif77 -c  -O3 -fPIC adi.f
mpif77 -c  -O3 -fPIC define.f
mpif77 -c  -O3 -fPIC copy_faces.f
mpif77 -c  -O3 -fPIC rhs.f
mpif77 -c  -O3 -fPIC lhsx.f
mpif77 -c  -O3 -fPIC lhsy.f
mpif77 -c  -O3 -fPIC lhsz.f
mpif77 -c  -O3 -fPIC x_solve.f
mpif77 -c  -O3 -fPIC ninvr.f
mpif77 -c  -O3 -fPIC y_solve.f
mpif77 -c  -O3 -fPIC pinvr.f
mpif77 -c  -O3 -fPIC z_solve.f
mpif77 -c  -O3 -fPIC tzetar.f
mpif77 -c  -O3 -fPIC add.f
mpif77 -c  -O3 -fPIC txinvr.f
mpif77 -c  -O3 -fPIC error.f
mpif77 -c  -O3 -fPIC verify.f
mpif77 -c  -O3 -fPIC setup_mpi.f
mpif77 -O3 -fPIC -o ../bin/sp.C.16 sp.o make_set.o initialize.o exact_solution.o exact_rhs.o set_constants.o adi.o define.o copy_faces.o rhs.o lhsx.o lhsy.o lhsz.o x_solve.o ninvr.o y_solve.o pinvr.o z_solve.o tzetar.o add.o txinvr.o error.o verify.o setup_mpi.o ../common/print_results.o ../common/timers.o -Xlinker -rpath=/g/g24/rountree/local/src/power/rapl/libmsr/lib -L/g/g24/rountree/local/src/power/rapl/libmsr/lib -lrapl
/usr/bin/ld: cannot find -lrapl
collect2: ld returned 1 exit status
make[1]: *** [../bin/sp.C.16] Error 1
make[1]: Leaving directory `/g/g24/rountree/local/src/power/bmark/NAS/SP'
make: *** [sp] Error 2
   =========================================
   =      NAS Parallel Benchmarks 3.3      =
   =      MPI/F77/C                        =
   =========================================

cd SP; make NPROCS=36 CLASS=C
make[1]: Entering directory `/g/g24/rountree/local/src/power/bmark/NAS/SP'
make[2]: Entering directory `/g/g24/rountree/local/src/power/bmark/NAS/sys'
make[2]: Nothing to be done for `all'.
make[2]: Leaving directory `/g/g24/rountree/local/src/power/bmark/NAS/sys'
../sys/setparams sp 36 C 
mpif77 -c  -O3 -fPIC sp.f
mpif77 -c  -O3 -fPIC make_set.f
mpif77 -c  -O3 -fPIC initialize.f
mpif77 -c  -O3 -fPIC exact_solution.f
mpif77 -c  -O3 -fPIC exact_rhs.f
mpif77 -c  -O3 -fPIC set_constants.f
mpif77 -c  -O3 -fPIC adi.f
mpif77 -c  -O3 -fPIC define.f
mpif77 -c  -O3 -fPIC copy_faces.f
mpif77 -c  -O3 -fPIC rhs.f
mpif77 -c  -O3 -fPIC lhsx.f
mpif77 -c  -O3 -fPIC lhsy.f
mpif77 -c  -O3 -fPIC lhsz.f
mpif77 -c  -O3 -fPIC x_solve.f
mpif77 -c  -O3 -fPIC ninvr.f
mpif77 -c  -O3 -fPIC y_solve.f
mpif77 -c  -O3 -fPIC pinvr.f
mpif77 -c  -O3 -fPIC z_solve.f
mpif77 -c  -O3 -fPIC tzetar.f
mpif77 -c  -O3 -fPIC add.f
mpif77 -c  -O3 -fPIC txinvr.f
mpif77 -c  -O3 -fPIC error.f
mpif77 -c  -O3 -fPIC verify.f
mpif77 -c  -O3 -fPIC setup_mpi.f
mpif77 -O3 -fPIC -o ../bin/sp.C.36 sp.o make_set.o initialize.o exact_solution.o exact_rhs.o set_constants.o adi.o define.o copy_faces.o rhs.o lhsx.o lhsy.o lhsz.o x_solve.o ninvr.o y_solve.o pinvr.o z_solve.o tzetar.o add.o txinvr.o error.o verify.o setup_mpi.o ../common/print_results.o ../common/timers.o -Xlinker -rpath=/g/g24/rountree/local/src/power/rapl/libmsr/lib -L/g/g24/rountree/local/src/power/rapl/libmsr/lib -lrapl
/usr/bin/ld: cannot find -lrapl
collect2: ld returned 1 exit status
make[1]: *** [../bin/sp.C.36] Error 1
make[1]: Leaving directory `/g/g24/rountree/local/src/power/bmark/NAS/SP'
make: *** [sp] Error 2
   =========================================
   =      NAS Parallel Benchmarks 3.3      =
   =      MPI/F77/C                        =
   =========================================

cd SP; make NPROCS=64 CLASS=C
make[1]: Entering directory `/g/g24/rountree/local/src/power/bmark/NAS/SP'
make[2]: Entering directory `/g/g24/rountree/local/src/power/bmark/NAS/sys'
make[2]: Nothing to be done for `all'.
make[2]: Leaving directory `/g/g24/rountree/local/src/power/bmark/NAS/sys'
../sys/setparams sp 64 C 
mpif77 -c  -O3 -fPIC sp.f
mpif77 -c  -O3 -fPIC make_set.f
mpif77 -c  -O3 -fPIC initialize.f
mpif77 -c  -O3 -fPIC exact_solution.f
mpif77 -c  -O3 -fPIC exact_rhs.f
mpif77 -c  -O3 -fPIC set_constants.f
mpif77 -c  -O3 -fPIC adi.f
mpif77 -c  -O3 -fPIC define.f
mpif77 -c  -O3 -fPIC copy_faces.f
mpif77 -c  -O3 -fPIC rhs.f
mpif77 -c  -O3 -fPIC lhsx.f
mpif77 -c  -O3 -fPIC lhsy.f
mpif77 -c  -O3 -fPIC lhsz.f
mpif77 -c  -O3 -fPIC x_solve.f
mpif77 -c  -O3 -fPIC ninvr.f
mpif77 -c  -O3 -fPIC y_solve.f
mpif77 -c  -O3 -fPIC pinvr.f
mpif77 -c  -O3 -fPIC z_solve.f
mpif77 -c  -O3 -fPIC tzetar.f
mpif77 -c  -O3 -fPIC add.f
mpif77 -c  -O3 -fPIC txinvr.f
mpif77 -c  -O3 -fPIC error.f
mpif77 -c  -O3 -fPIC verify.f
mpif77 -c  -O3 -fPIC setup_mpi.f
mpif77 -O3 -fPIC -o ../bin/sp.C.64 sp.o make_set.o initialize.o exact_solution.o exact_rhs.o set_constants.o adi.o define.o copy_faces.o rhs.o lhsx.o lhsy.o lhsz.o x_solve.o ninvr.o y_solve.o pinvr.o z_solve.o tzetar.o add.o txinvr.o error.o verify.o setup_mpi.o ../common/print_results.o ../common/timers.o -Xlinker -rpath=/g/g24/rountree/local/src/power/rapl/libmsr/lib -L/g/g24/rountree/local/src/power/rapl/libmsr/lib -lrapl
/usr/bin/ld: cannot find -lrapl
collect2: ld returned 1 exit status
make[1]: *** [../bin/sp.C.64] Error 1
make[1]: Leaving directory `/g/g24/rountree/local/src/power/bmark/NAS/SP'
make: *** [sp] Error 2
   =========================================
   =      NAS Parallel Benchmarks 3.3      =
   =      MPI/F77/C                        =
   =========================================

cd SP; make NPROCS=121 CLASS=C
make[1]: Entering directory `/g/g24/rountree/local/src/power/bmark/NAS/SP'
make[2]: Entering directory `/g/g24/rountree/local/src/power/bmark/NAS/sys'
make[2]: Nothing to be done for `all'.
make[2]: Leaving directory `/g/g24/rountree/local/src/power/bmark/NAS/sys'
../sys/setparams sp 121 C 
mpif77 -c  -O3 -fPIC sp.f
mpif77 -c  -O3 -fPIC make_set.f
mpif77 -c  -O3 -fPIC initialize.f
mpif77 -c  -O3 -fPIC exact_solution.f
mpif77 -c  -O3 -fPIC exact_rhs.f
mpif77 -c  -O3 -fPIC set_constants.f
mpif77 -c  -O3 -fPIC adi.f
mpif77 -c  -O3 -fPIC define.f
mpif77 -c  -O3 -fPIC copy_faces.f
mpif77 -c  -O3 -fPIC rhs.f
mpif77 -c  -O3 -fPIC lhsx.f
mpif77 -c  -O3 -fPIC lhsy.f
mpif77 -c  -O3 -fPIC lhsz.f
mpif77 -c  -O3 -fPIC x_solve.f
mpif77 -c  -O3 -fPIC ninvr.f
mpif77 -c  -O3 -fPIC y_solve.f
mpif77 -c  -O3 -fPIC pinvr.f
mpif77 -c  -O3 -fPIC z_solve.f
mpif77 -c  -O3 -fPIC tzetar.f
mpif77 -c  -O3 -fPIC add.f
mpif77 -c  -O3 -fPIC txinvr.f
mpif77 -c  -O3 -fPIC error.f
mpif77 -c  -O3 -fPIC verify.f
mpif77 -c  -O3 -fPIC setup_mpi.f
mpif77 -O3 -fPIC -o ../bin/sp.C.121 sp.o make_set.o initialize.o exact_solution.o exact_rhs.o set_constants.o adi.o define.o copy_faces.o rhs.o lhsx.o lhsy.o lhsz.o x_solve.o ninvr.o y_solve.o pinvr.o z_solve.o tzetar.o add.o txinvr.o error.o verify.o setup_mpi.o ../common/print_results.o ../common/timers.o -Xlinker -rpath=/g/g24/rountree/local/src/power/rapl/libmsr/lib -L/g/g24/rountree/local/src/power/rapl/libmsr/lib -lrapl
/usr/bin/ld: cannot find -lrapl
collect2: ld returned 1 exit status
make[1]: *** [../bin/sp.C.121] Error 1
make[1]: Leaving directory `/g/g24/rountree/local/src/power/bmark/NAS/SP'
make: *** [sp] Error 2
   =========================================
   =      NAS Parallel Benchmarks 3.3      =
   =      MPI/F77/C                        =
   =========================================

cd SP; make NPROCS=256 CLASS=C
make[1]: Entering directory `/g/g24/rountree/local/src/power/bmark/NAS/SP'
make[2]: Entering directory `/g/g24/rountree/local/src/power/bmark/NAS/sys'
make[2]: Nothing to be done for `all'.
make[2]: Leaving directory `/g/g24/rountree/local/src/power/bmark/NAS/sys'
../sys/setparams sp 256 C 
mpif77 -c  -O3 -fPIC sp.f
mpif77 -c  -O3 -fPIC make_set.f
mpif77 -c  -O3 -fPIC initialize.f
mpif77 -c  -O3 -fPIC exact_solution.f
mpif77 -c  -O3 -fPIC exact_rhs.f
mpif77 -c  -O3 -fPIC set_constants.f
mpif77 -c  -O3 -fPIC adi.f
mpif77 -c  -O3 -fPIC define.f
mpif77 -c  -O3 -fPIC copy_faces.f
mpif77 -c  -O3 -fPIC rhs.f
mpif77 -c  -O3 -fPIC lhsx.f
mpif77 -c  -O3 -fPIC lhsy.f
mpif77 -c  -O3 -fPIC lhsz.f
mpif77 -c  -O3 -fPIC x_solve.f
mpif77 -c  -O3 -fPIC ninvr.f
mpif77 -c  -O3 -fPIC y_solve.f
mpif77 -c  -O3 -fPIC pinvr.f
mpif77 -c  -O3 -fPIC z_solve.f
mpif77 -c  -O3 -fPIC tzetar.f
mpif77 -c  -O3 -fPIC add.f
mpif77 -c  -O3 -fPIC txinvr.f
mpif77 -c  -O3 -fPIC error.f
mpif77 -c  -O3 -fPIC verify.f
mpif77 -c  -O3 -fPIC setup_mpi.f
mpif77 -O3 -fPIC -o ../bin/sp.C.256 sp.o make_set.o initialize.o exact_solution.o exact_rhs.o set_constants.o adi.o define.o copy_faces.o rhs.o lhsx.o lhsy.o lhsz.o x_solve.o ninvr.o y_solve.o pinvr.o z_solve.o tzetar.o add.o txinvr.o error.o verify.o setup_mpi.o ../common/print_results.o ../common/timers.o -Xlinker -rpath=/g/g24/rountree/local/src/power/rapl/libmsr/lib -L/g/g24/rountree/local/src/power/rapl/libmsr/lib -lrapl
/usr/bin/ld: cannot find -lrapl
collect2: ld returned 1 exit status
make[1]: *** [../bin/sp.C.256] Error 1
make[1]: Leaving directory `/g/g24/rountree/local/src/power/bmark/NAS/SP'
make: *** [sp] Error 2
   =========================================
   =      NAS Parallel Benchmarks 3.3      =
   =      MPI/F77/C                        =
   =========================================

cd SP; make NPROCS=529 CLASS=C
make[1]: Entering directory `/g/g24/rountree/local/src/power/bmark/NAS/SP'
make[2]: Entering directory `/g/g24/rountree/local/src/power/bmark/NAS/sys'
make[2]: Nothing to be done for `all'.
make[2]: Leaving directory `/g/g24/rountree/local/src/power/bmark/NAS/sys'
../sys/setparams sp 529 C 
mpif77 -c  -O3 -fPIC sp.f
mpif77 -c  -O3 -fPIC make_set.f
mpif77 -c  -O3 -fPIC initialize.f
mpif77 -c  -O3 -fPIC exact_solution.f
mpif77 -c  -O3 -fPIC exact_rhs.f
mpif77 -c  -O3 -fPIC set_constants.f
mpif77 -c  -O3 -fPIC adi.f
mpif77 -c  -O3 -fPIC define.f
mpif77 -c  -O3 -fPIC copy_faces.f
mpif77 -c  -O3 -fPIC rhs.f
mpif77 -c  -O3 -fPIC lhsx.f
mpif77 -c  -O3 -fPIC lhsy.f
mpif77 -c  -O3 -fPIC lhsz.f
mpif77 -c  -O3 -fPIC x_solve.f
mpif77 -c  -O3 -fPIC ninvr.f
mpif77 -c  -O3 -fPIC y_solve.f
mpif77 -c  -O3 -fPIC pinvr.f
mpif77 -c  -O3 -fPIC z_solve.f
mpif77 -c  -O3 -fPIC tzetar.f
mpif77 -c  -O3 -fPIC add.f
mpif77 -c  -O3 -fPIC txinvr.f
mpif77 -c  -O3 -fPIC error.f
mpif77 -c  -O3 -fPIC verify.f
mpif77 -c  -O3 -fPIC setup_mpi.f
mpif77 -O3 -fPIC -o ../bin/sp.C.529 sp.o make_set.o initialize.o exact_solution.o exact_rhs.o set_constants.o adi.o define.o copy_faces.o rhs.o lhsx.o lhsy.o lhsz.o x_solve.o ninvr.o y_solve.o pinvr.o z_solve.o tzetar.o add.o txinvr.o error.o verify.o setup_mpi.o ../common/print_results.o ../common/timers.o -Xlinker -rpath=/g/g24/rountree/local/src/power/rapl/libmsr/lib -L/g/g24/rountree/local/src/power/rapl/libmsr/lib -lrapl
/usr/bin/ld: cannot find -lrapl
collect2: ld returned 1 exit status
make[1]: *** [../bin/sp.C.529] Error 1
make[1]: Leaving directory `/g/g24/rountree/local/src/power/bmark/NAS/SP'
make: *** [sp] Error 2
   =========================================
   =      NAS Parallel Benchmarks 3.3      =
   =      MPI/F77/C                        =
   =========================================

cd SP; make NPROCS=1024 CLASS=C
make[1]: Entering directory `/g/g24/rountree/local/src/power/bmark/NAS/SP'
make[2]: Entering directory `/g/g24/rountree/local/src/power/bmark/NAS/sys'
make[2]: Nothing to be done for `all'.
make[2]: Leaving directory `/g/g24/rountree/local/src/power/bmark/NAS/sys'
../sys/setparams sp 1024 C 
mpif77 -c  -O3 -fPIC sp.f
mpif77 -c  -O3 -fPIC make_set.f
mpif77 -c  -O3 -fPIC initialize.f
mpif77 -c  -O3 -fPIC exact_solution.f
mpif77 -c  -O3 -fPIC exact_rhs.f
mpif77 -c  -O3 -fPIC set_constants.f
mpif77 -c  -O3 -fPIC adi.f
mpif77 -c  -O3 -fPIC define.f
mpif77 -c  -O3 -fPIC copy_faces.f
mpif77 -c  -O3 -fPIC rhs.f
mpif77 -c  -O3 -fPIC lhsx.f
mpif77 -c  -O3 -fPIC lhsy.f
mpif77 -c  -O3 -fPIC lhsz.f
mpif77 -c  -O3 -fPIC x_solve.f
mpif77 -c  -O3 -fPIC ninvr.f
mpif77 -c  -O3 -fPIC y_solve.f
mpif77 -c  -O3 -fPIC pinvr.f
mpif77 -c  -O3 -fPIC z_solve.f
mpif77 -c  -O3 -fPIC tzetar.f
mpif77 -c  -O3 -fPIC add.f
mpif77 -c  -O3 -fPIC txinvr.f
mpif77 -c  -O3 -fPIC error.f
mpif77 -c  -O3 -fPIC verify.f
mpif77 -c  -O3 -fPIC setup_mpi.f
mpif77 -O3 -fPIC -o ../bin/sp.C.1024 sp.o make_set.o initialize.o exact_solution.o exact_rhs.o set_constants.o adi.o define.o copy_faces.o rhs.o lhsx.o lhsy.o lhsz.o x_solve.o ninvr.o y_solve.o pinvr.o z_solve.o tzetar.o add.o txinvr.o error.o verify.o setup_mpi.o ../common/print_results.o ../common/timers.o -Xlinker -rpath=/g/g24/rountree/local/src/power/rapl/libmsr/lib -L/g/g24/rountree/local/src/power/rapl/libmsr/lib -lrapl
/usr/bin/ld: cannot find -lrapl
collect2: ld returned 1 exit status
make[1]: *** [../bin/sp.C.1024] Error 1
make[1]: Leaving directory `/g/g24/rountree/local/src/power/bmark/NAS/SP'
make: *** [sp] Error 2
   =========================================
   =      NAS Parallel Benchmarks 3.3      =
   =      MPI/F77/C                        =
   =========================================

cd SP; make NPROCS=2025 CLASS=C
make[1]: Entering directory `/g/g24/rountree/local/src/power/bmark/NAS/SP'
make[2]: Entering directory `/g/g24/rountree/local/src/power/bmark/NAS/sys'
make[2]: Nothing to be done for `all'.
make[2]: Leaving directory `/g/g24/rountree/local/src/power/bmark/NAS/sys'
../sys/setparams sp 2025 C 
mpif77 -c  -O3 -fPIC sp.f
mpif77 -c  -O3 -fPIC make_set.f
mpif77 -c  -O3 -fPIC initialize.f
mpif77 -c  -O3 -fPIC exact_solution.f
mpif77 -c  -O3 -fPIC exact_rhs.f
mpif77 -c  -O3 -fPIC set_constants.f
mpif77 -c  -O3 -fPIC adi.f
mpif77 -c  -O3 -fPIC define.f
mpif77 -c  -O3 -fPIC copy_faces.f
mpif77 -c  -O3 -fPIC rhs.f
mpif77 -c  -O3 -fPIC lhsx.f
mpif77 -c  -O3 -fPIC lhsy.f
mpif77 -c  -O3 -fPIC lhsz.f
mpif77 -c  -O3 -fPIC x_solve.f
mpif77 -c  -O3 -fPIC ninvr.f
mpif77 -c  -O3 -fPIC y_solve.f
mpif77 -c  -O3 -fPIC pinvr.f
mpif77 -c  -O3 -fPIC z_solve.f
mpif77 -c  -O3 -fPIC tzetar.f
mpif77 -c  -O3 -fPIC add.f
mpif77 -c  -O3 -fPIC txinvr.f
mpif77 -c  -O3 -fPIC error.f
mpif77 -c  -O3 -fPIC verify.f
mpif77 -c  -O3 -fPIC setup_mpi.f
mpif77 -O3 -fPIC -o ../bin/sp.C.2025 sp.o make_set.o initialize.o exact_solution.o exact_rhs.o set_constants.o adi.o define.o copy_faces.o rhs.o lhsx.o lhsy.o lhsz.o x_solve.o ninvr.o y_solve.o pinvr.o z_solve.o tzetar.o add.o txinvr.o error.o verify.o setup_mpi.o ../common/print_results.o ../common/timers.o -Xlinker -rpath=/g/g24/rountree/local/src/power/rapl/libmsr/lib -L/g/g24/rountree/local/src/power/rapl/libmsr/lib -lrapl
/usr/bin/ld: cannot find -lrapl
collect2: ld returned 1 exit status
make[1]: *** [../bin/sp.C.2025] Error 1
make[1]: Leaving directory `/g/g24/rountree/local/src/power/bmark/NAS/SP'
make: *** [sp] Error 2
