   =========================================
   =      NAS Parallel Benchmarks 3.3      =
   =      MPI/F77/C                        =
   =========================================

cd MG; make NPROCS=8 CLASS=D
make[1]: Entering directory `/g/g24/rountree/local/src/power/bmark/NAS/MG'
make[2]: Entering directory `/g/g24/rountree/local/src/power/bmark/NAS/sys'
make[2]: Nothing to be done for `all'.
make[2]: Leaving directory `/g/g24/rountree/local/src/power/bmark/NAS/sys'
../sys/setparams mg 8 D 
mpif77 -c  -O3 -fPIC mg.f
mpif77 -O3 -fPIC -o ../bin/mg.D.8 mg.o ../common/print_results.o ../common/randi8.o ../common/timers.o -Xlinker -rpath=/g/g24/rountree/local/src/power/rapl/libmsr/lib -L/g/g24/rountree/local/src/power/rapl/libmsr/lib -lrapl
/usr/local/tools/ifort-11.1.046/lib/intel64/libifcore.a(for_init.o): In function `for_rtl_init_':
for_init.c:(.text+0x227b): relocation truncated to fit: R_X86_64_PC32 against symbol `for__l_argc' defined in COMMON section in /usr/local/tools/ifort-11.1.046/lib/intel64/libifcore.a(for_init.o)
for_init.c:(.text+0x2282): relocation truncated to fit: R_X86_64_PC32 against symbol `for__a_argv' defined in COMMON section in /usr/local/tools/ifort-11.1.046/lib/intel64/libifcore.a(for_init.o)
/usr/local/tools/ifort-11.1.046/lib/intel64/libifcore.a(for_lub_mgt.o): In function `for__preconnected_units_create':
for_lub_mgt.c:(.text+0x1a7c): relocation truncated to fit: R_X86_64_PC32 against symbol `for__aio_lub_table' defined in COMMON section in /usr/local/tools/ifort-11.1.046/lib/intel64/libifcore.a(for_aio.o)
for_lub_mgt.c:(.text+0x1aac): relocation truncated to fit: R_X86_64_PC32 against symbol `for__aio_lub_table' defined in COMMON section in /usr/local/tools/ifort-11.1.046/lib/intel64/libifcore.a(for_aio.o)
for_lub_mgt.c:(.text+0x1ae7): relocation truncated to fit: R_X86_64_PC32 against symbol `for__aio_lub_table' defined in COMMON section in /usr/local/tools/ifort-11.1.046/lib/intel64/libifcore.a(for_aio.o)
for_lub_mgt.c:(.text+0x1b22): relocation truncated to fit: R_X86_64_PC32 against symbol `for__aio_lub_table' defined in COMMON section in /usr/local/tools/ifort-11.1.046/lib/intel64/libifcore.a(for_aio.o)
for_lub_mgt.c:(.text+0x1b89): relocation truncated to fit: R_X86_64_PC32 against symbol `for__aio_lub_table' defined in COMMON section in /usr/local/tools/ifort-11.1.046/lib/intel64/libifcore.a(for_aio.o)
for_lub_mgt.c:(.text+0x1bf0): relocation truncated to fit: R_X86_64_PC32 against symbol `for__aio_lub_table' defined in COMMON section in /usr/local/tools/ifort-11.1.046/lib/intel64/libifcore.a(for_aio.o)
for_lub_mgt.c:(.text+0x1c52): relocation truncated to fit: R_X86_64_PC32 against symbol `for__aio_lub_table' defined in COMMON section in /usr/local/tools/ifort-11.1.046/lib/intel64/libifcore.a(for_aio.o)
/usr/local/tools/ifort-11.1.046/lib/intel64/libifcore.a(for_aio.o): In function `for__aio_acquire_lun_fname':
for_aio.c:(.text+0x38): relocation truncated to fit: R_X86_64_PC32 against symbol `for__pthread_mutex_lock_ptr' defined in COMMON section in /usr/local/tools/ifort-11.1.046/lib/intel64/libifcore.a(for_aio.o)
for_aio.c:(.text+0x68): additional relocation overflows omitted from the output
make[1]: *** [../bin/mg.D.8] Error 1
make[1]: Leaving directory `/g/g24/rountree/local/src/power/bmark/NAS/MG'
make: *** [mg] Error 2
   =========================================
   =      NAS Parallel Benchmarks 3.3      =
   =      MPI/F77/C                        =
   =========================================

cd MG; make NPROCS=16 CLASS=D
make[1]: Entering directory `/g/g24/rountree/local/src/power/bmark/NAS/MG'
make[2]: Entering directory `/g/g24/rountree/local/src/power/bmark/NAS/sys'
make[2]: Nothing to be done for `all'.
make[2]: Leaving directory `/g/g24/rountree/local/src/power/bmark/NAS/sys'
../sys/setparams mg 16 D 
mpif77 -c  -O3 -fPIC mg.f
mpif77 -O3 -fPIC -o ../bin/mg.D.16 mg.o ../common/print_results.o ../common/randi8.o ../common/timers.o -Xlinker -rpath=/g/g24/rountree/local/src/power/rapl/libmsr/lib -L/g/g24/rountree/local/src/power/rapl/libmsr/lib -lrapl
make[1]: Leaving directory `/g/g24/rountree/local/src/power/bmark/NAS/MG'
   =========================================
   =      NAS Parallel Benchmarks 3.3      =
   =      MPI/F77/C                        =
   =========================================

cd MG; make NPROCS=32 CLASS=D
make[1]: Entering directory `/g/g24/rountree/local/src/power/bmark/NAS/MG'
make[2]: Entering directory `/g/g24/rountree/local/src/power/bmark/NAS/sys'
make[2]: Nothing to be done for `all'.
make[2]: Leaving directory `/g/g24/rountree/local/src/power/bmark/NAS/sys'
../sys/setparams mg 32 D 
mpif77 -c  -O3 -fPIC mg.f
mpif77 -O3 -fPIC -o ../bin/mg.D.32 mg.o ../common/print_results.o ../common/randi8.o ../common/timers.o -Xlinker -rpath=/g/g24/rountree/local/src/power/rapl/libmsr/lib -L/g/g24/rountree/local/src/power/rapl/libmsr/lib -lrapl
make[1]: Leaving directory `/g/g24/rountree/local/src/power/bmark/NAS/MG'
   =========================================
   =      NAS Parallel Benchmarks 3.3      =
   =      MPI/F77/C                        =
   =========================================

cd MG; make NPROCS=64 CLASS=D
make[1]: Entering directory `/g/g24/rountree/local/src/power/bmark/NAS/MG'
make[2]: Entering directory `/g/g24/rountree/local/src/power/bmark/NAS/sys'
make[2]: Nothing to be done for `all'.
make[2]: Leaving directory `/g/g24/rountree/local/src/power/bmark/NAS/sys'
../sys/setparams mg 64 D 
mpif77 -c  -O3 -fPIC mg.f
mpif77 -O3 -fPIC -o ../bin/mg.D.64 mg.o ../common/print_results.o ../common/randi8.o ../common/timers.o -Xlinker -rpath=/g/g24/rountree/local/src/power/rapl/libmsr/lib -L/g/g24/rountree/local/src/power/rapl/libmsr/lib -lrapl
make[1]: Leaving directory `/g/g24/rountree/local/src/power/bmark/NAS/MG'
   =========================================
   =      NAS Parallel Benchmarks 3.3      =
   =      MPI/F77/C                        =
   =========================================

cd MG; make NPROCS=128 CLASS=D
make[1]: Entering directory `/g/g24/rountree/local/src/power/bmark/NAS/MG'
make[2]: Entering directory `/g/g24/rountree/local/src/power/bmark/NAS/sys'
make[2]: Nothing to be done for `all'.
make[2]: Leaving directory `/g/g24/rountree/local/src/power/bmark/NAS/sys'
../sys/setparams mg 128 D 
mpif77 -c  -O3 -fPIC mg.f
mpif77 -O3 -fPIC -o ../bin/mg.D.128 mg.o ../common/print_results.o ../common/randi8.o ../common/timers.o -Xlinker -rpath=/g/g24/rountree/local/src/power/rapl/libmsr/lib -L/g/g24/rountree/local/src/power/rapl/libmsr/lib -lrapl
make[1]: Leaving directory `/g/g24/rountree/local/src/power/bmark/NAS/MG'
   =========================================
   =      NAS Parallel Benchmarks 3.3      =
   =      MPI/F77/C                        =
   =========================================

cd MG; make NPROCS=256 CLASS=D
make[1]: Entering directory `/g/g24/rountree/local/src/power/bmark/NAS/MG'
make[2]: Entering directory `/g/g24/rountree/local/src/power/bmark/NAS/sys'
make[2]: Nothing to be done for `all'.
make[2]: Leaving directory `/g/g24/rountree/local/src/power/bmark/NAS/sys'
../sys/setparams mg 256 D 
mpif77 -c  -O3 -fPIC mg.f
mpif77 -O3 -fPIC -o ../bin/mg.D.256 mg.o ../common/print_results.o ../common/randi8.o ../common/timers.o -Xlinker -rpath=/g/g24/rountree/local/src/power/rapl/libmsr/lib -L/g/g24/rountree/local/src/power/rapl/libmsr/lib -lrapl
make[1]: Leaving directory `/g/g24/rountree/local/src/power/bmark/NAS/MG'
   =========================================
   =      NAS Parallel Benchmarks 3.3      =
   =      MPI/F77/C                        =
   =========================================

cd MG; make NPROCS=512 CLASS=D
make[1]: Entering directory `/g/g24/rountree/local/src/power/bmark/NAS/MG'
make[2]: Entering directory `/g/g24/rountree/local/src/power/bmark/NAS/sys'
make[2]: Nothing to be done for `all'.
make[2]: Leaving directory `/g/g24/rountree/local/src/power/bmark/NAS/sys'
../sys/setparams mg 512 D 
mpif77 -c  -O3 -fPIC mg.f
mpif77 -O3 -fPIC -o ../bin/mg.D.512 mg.o ../common/print_results.o ../common/randi8.o ../common/timers.o -Xlinker -rpath=/g/g24/rountree/local/src/power/rapl/libmsr/lib -L/g/g24/rountree/local/src/power/rapl/libmsr/lib -lrapl
make[1]: Leaving directory `/g/g24/rountree/local/src/power/bmark/NAS/MG'
   =========================================
   =      NAS Parallel Benchmarks 3.3      =
   =      MPI/F77/C                        =
   =========================================

cd MG; make NPROCS=1024 CLASS=D
make[1]: Entering directory `/g/g24/rountree/local/src/power/bmark/NAS/MG'
make[2]: Entering directory `/g/g24/rountree/local/src/power/bmark/NAS/sys'
make[2]: Nothing to be done for `all'.
make[2]: Leaving directory `/g/g24/rountree/local/src/power/bmark/NAS/sys'
../sys/setparams mg 1024 D 
mpif77 -c  -O3 -fPIC mg.f
mpif77 -O3 -fPIC -o ../bin/mg.D.1024 mg.o ../common/print_results.o ../common/randi8.o ../common/timers.o -Xlinker -rpath=/g/g24/rountree/local/src/power/rapl/libmsr/lib -L/g/g24/rountree/local/src/power/rapl/libmsr/lib -lrapl
make[1]: Leaving directory `/g/g24/rountree/local/src/power/bmark/NAS/MG'
   =========================================
   =      NAS Parallel Benchmarks 3.3      =
   =      MPI/F77/C                        =
   =========================================

cd MG; make NPROCS=2048 CLASS=D
make[1]: Entering directory `/g/g24/rountree/local/src/power/bmark/NAS/MG'
make[2]: Entering directory `/g/g24/rountree/local/src/power/bmark/NAS/sys'
make[2]: Nothing to be done for `all'.
make[2]: Leaving directory `/g/g24/rountree/local/src/power/bmark/NAS/sys'
../sys/setparams mg 2048 D 
mpif77 -c  -O3 -fPIC mg.f
mpif77 -O3 -fPIC -o ../bin/mg.D.2048 mg.o ../common/print_results.o ../common/randi8.o ../common/timers.o -Xlinker -rpath=/g/g24/rountree/local/src/power/rapl/libmsr/lib -L/g/g24/rountree/local/src/power/rapl/libmsr/lib -lrapl
make[1]: Leaving directory `/g/g24/rountree/local/src/power/bmark/NAS/MG'
