/g/g24/rountree/local/src/power
nodes=16 ntasks=64
+ export BMARK_STRING=cg.D.64
+ BMARK_STRING=cg.D.64
++ date +%Y_%m_%d_%H_%M_%S_%N
+ name=2012_04_13_23_01_27_349061400
+ mkdir 2012_04_13_23_01_27_349061400
+ cd 2012_04_13_23_01_27_349061400
+ touch out.dat
+ env
+ hostname
+ echo 2012_04_13_23_01_27_349061400
+ uname -a
+ srun --nodes=1 --ntasks=1 -ppbatch cat /proc/cpuinfo
+ grep MHz
+ echo 'cores: 64'
+ echo 'nodes: 16'
+ srun --nodes=16 --ntasks=64 -ppbatch -e cg.err -o out.dat --cpu_bind=sockets ../cgCL.sh 64
nodes=16 ntasks=128
+ export BMARK_STRING=cg.D.128
+ BMARK_STRING=cg.D.128
++ date +%Y_%m_%d_%H_%M_%S_%N
+ name=2012_04_13_23_04_01_029313241
+ mkdir 2012_04_13_23_04_01_029313241
+ cd 2012_04_13_23_04_01_029313241
+ touch out.dat
+ env
+ hostname
+ echo 2012_04_13_23_04_01_029313241
+ uname -a
+ srun --nodes=1 --ntasks=1 -ppbatch cat /proc/cpuinfo
+ grep MHz
+ echo 'cores: 128'
+ echo 'nodes: 16'
+ srun --nodes=16 --ntasks=128 -ppbatch -e cg.err -o out.dat --cpu_bind=sockets ../cgCL.sh 128
nodes=16 ntasks=256
+ export BMARK_STRING=cg.D.256
+ BMARK_STRING=cg.D.256
++ date +%Y_%m_%d_%H_%M_%S_%N
+ name=2012_04_13_23_05_32_821244425
+ mkdir 2012_04_13_23_05_32_821244425
+ cd 2012_04_13_23_05_32_821244425
+ touch out.dat
+ env
+ hostname
+ echo 2012_04_13_23_05_32_821244425
+ uname -a
+ srun --nodes=1 --ntasks=1 -ppbatch cat /proc/cpuinfo
+ grep MHz
+ echo 'cores: 256'
+ echo 'nodes: 16'
+ srun --nodes=16 --ntasks=256 -ppbatch -e cg.err -o out.dat --cpu_bind=sockets ../cgCL.sh 256
nodes=16 ntasks=64
+ export BMARK_STRING=cg.D.64
+ BMARK_STRING=cg.D.64
++ date +%Y_%m_%d_%H_%M_%S_%N
+ name=2012_04_13_23_06_51_276600800
+ mkdir 2012_04_13_23_06_51_276600800
+ cd 2012_04_13_23_06_51_276600800
+ touch out.dat
+ env
+ hostname
+ echo 2012_04_13_23_06_51_276600800
+ uname -a
+ srun --nodes=1 --ntasks=1 -ppbatch cat /proc/cpuinfo
+ grep MHz
+ echo 'cores: 64'
+ echo 'nodes: 16'
+ srun --nodes=16 --ntasks=64 -ppbatch -e cg.err -o out.dat --cpu_bind=sockets ../cgCL.sh 64
nodes=16 ntasks=128
+ export BMARK_STRING=cg.D.128
+ BMARK_STRING=cg.D.128
++ date +%Y_%m_%d_%H_%M_%S_%N
+ name=2012_04_13_23_09_24_438855156
+ mkdir 2012_04_13_23_09_24_438855156
+ cd 2012_04_13_23_09_24_438855156
+ touch out.dat
+ env
+ hostname
+ echo 2012_04_13_23_09_24_438855156
+ uname -a
+ srun --nodes=1 --ntasks=1 -ppbatch cat /proc/cpuinfo
+ grep MHz
+ echo 'cores: 128'
+ echo 'nodes: 16'
+ srun --nodes=16 --ntasks=128 -ppbatch -e cg.err -o out.dat --cpu_bind=sockets ../cgCL.sh 128
nodes=16 ntasks=256
+ export BMARK_STRING=cg.D.256
+ BMARK_STRING=cg.D.256
++ date +%Y_%m_%d_%H_%M_%S_%N
+ name=2012_04_13_23_10_55_520782569
+ mkdir 2012_04_13_23_10_55_520782569
+ cd 2012_04_13_23_10_55_520782569
+ touch out.dat
+ env
+ hostname
+ echo 2012_04_13_23_10_55_520782569
+ uname -a
+ srun --nodes=1 --ntasks=1 -ppbatch cat /proc/cpuinfo
+ grep MHz
+ echo 'cores: 256'
+ echo 'nodes: 16'
+ srun --nodes=16 --ntasks=256 -ppbatch -e cg.err -o out.dat --cpu_bind=sockets ../cgCL.sh 256
nodes=16 ntasks=64
+ export BMARK_STRING=cg.D.64
+ BMARK_STRING=cg.D.64
++ date +%Y_%m_%d_%H_%M_%S_%N
+ name=2012_04_13_23_12_13_325015061
+ mkdir 2012_04_13_23_12_13_325015061
+ cd 2012_04_13_23_12_13_325015061
+ touch out.dat
+ env
+ hostname
+ echo 2012_04_13_23_12_13_325015061
+ uname -a
+ srun --nodes=1 --ntasks=1 -ppbatch cat /proc/cpuinfo
+ grep MHz
+ echo 'cores: 64'
+ echo 'nodes: 16'
+ srun --nodes=16 --ntasks=64 -ppbatch -e cg.err -o out.dat --cpu_bind=sockets ../cgCL.sh 64
nodes=16 ntasks=128
+ export BMARK_STRING=cg.D.128
+ BMARK_STRING=cg.D.128
++ date +%Y_%m_%d_%H_%M_%S_%N
+ name=2012_04_13_23_14_46_187736670
+ mkdir 2012_04_13_23_14_46_187736670
+ cd 2012_04_13_23_14_46_187736670
+ touch out.dat
+ env
+ hostname
+ echo 2012_04_13_23_14_46_187736670
+ uname -a
+ srun --nodes=1 --ntasks=1 -ppbatch cat /proc/cpuinfo
+ grep MHz
+ echo 'cores: 128'
+ echo 'nodes: 16'
+ srun --nodes=16 --ntasks=128 -ppbatch -e cg.err -o out.dat --cpu_bind=sockets ../cgCL.sh 128
nodes=16 ntasks=256
+ export BMARK_STRING=cg.D.256
+ BMARK_STRING=cg.D.256
++ date +%Y_%m_%d_%H_%M_%S_%N
+ name=2012_04_13_23_16_17_301929198
+ mkdir 2012_04_13_23_16_17_301929198
+ cd 2012_04_13_23_16_17_301929198
+ touch out.dat
+ env
+ hostname
+ echo 2012_04_13_23_16_17_301929198
+ uname -a
+ srun --nodes=1 --ntasks=1 -ppbatch cat /proc/cpuinfo
+ grep MHz
+ echo 'cores: 256'
+ echo 'nodes: 16'
+ srun --nodes=16 --ntasks=256 -ppbatch -e cg.err -o out.dat --cpu_bind=sockets ../cgCL.sh 256
nodes=16 ntasks=64
+ export BMARK_STRING=cg.D.64
+ BMARK_STRING=cg.D.64
++ date +%Y_%m_%d_%H_%M_%S_%N
+ name=2012_04_13_23_17_38_652844860
+ mkdir 2012_04_13_23_17_38_652844860
+ cd 2012_04_13_23_17_38_652844860
+ touch out.dat
+ env
+ hostname
+ echo 2012_04_13_23_17_38_652844860
+ uname -a
+ srun --nodes=1 --ntasks=1 -ppbatch cat /proc/cpuinfo
+ grep MHz
+ echo 'cores: 64'
+ echo 'nodes: 16'
+ srun --nodes=16 --ntasks=64 -ppbatch -e cg.err -o out.dat --cpu_bind=sockets ../cgCL.sh 64
nodes=16 ntasks=128
+ export BMARK_STRING=cg.D.128
+ BMARK_STRING=cg.D.128
++ date +%Y_%m_%d_%H_%M_%S_%N
+ name=2012_04_13_23_20_11_666923130
+ mkdir 2012_04_13_23_20_11_666923130
+ cd 2012_04_13_23_20_11_666923130
+ touch out.dat
+ env
+ hostname
+ echo 2012_04_13_23_20_11_666923130
+ uname -a
+ srun --nodes=1 --ntasks=1 -ppbatch cat /proc/cpuinfo
+ grep MHz
+ echo 'cores: 128'
+ echo 'nodes: 16'
+ srun --nodes=16 --ntasks=128 -ppbatch -e cg.err -o out.dat --cpu_bind=sockets ../cgCL.sh 128
nodes=16 ntasks=256
+ export BMARK_STRING=cg.D.256
+ BMARK_STRING=cg.D.256
++ date +%Y_%m_%d_%H_%M_%S_%N
+ name=2012_04_13_23_21_42_552230126
+ mkdir 2012_04_13_23_21_42_552230126
+ cd 2012_04_13_23_21_42_552230126
+ touch out.dat
+ env
+ hostname
+ echo 2012_04_13_23_21_42_552230126
+ uname -a
+ srun --nodes=1 --ntasks=1 -ppbatch cat /proc/cpuinfo
+ grep MHz
+ echo 'cores: 256'
+ echo 'nodes: 16'
+ srun --nodes=16 --ntasks=256 -ppbatch -e cg.err -o out.dat --cpu_bind=sockets ../cgCL.sh 256
nodes=16 ntasks=64
+ export BMARK_STRING=cg.D.64
+ BMARK_STRING=cg.D.64
++ date +%Y_%m_%d_%H_%M_%S_%N
+ name=2012_04_13_23_23_00_687913848
+ mkdir 2012_04_13_23_23_00_687913848
+ cd 2012_04_13_23_23_00_687913848
+ touch out.dat
+ env
+ hostname
+ echo 2012_04_13_23_23_00_687913848
+ uname -a
+ srun --nodes=1 --ntasks=1 -ppbatch cat /proc/cpuinfo
+ grep MHz
+ echo 'cores: 64'
+ echo 'nodes: 16'
+ srun --nodes=16 --ntasks=64 -ppbatch -e cg.err -o out.dat --cpu_bind=sockets ../cgCL.sh 64
nodes=16 ntasks=128
+ export BMARK_STRING=cg.D.128
+ BMARK_STRING=cg.D.128
++ date +%Y_%m_%d_%H_%M_%S_%N
+ name=2012_04_13_23_25_33_804583766
+ mkdir 2012_04_13_23_25_33_804583766
+ cd 2012_04_13_23_25_33_804583766
+ touch out.dat
+ env
+ hostname
+ echo 2012_04_13_23_25_33_804583766
+ uname -a
+ srun --nodes=1 --ntasks=1 -ppbatch cat /proc/cpuinfo
+ grep MHz
+ echo 'cores: 128'
+ echo 'nodes: 16'
+ srun --nodes=16 --ntasks=128 -ppbatch -e cg.err -o out.dat --cpu_bind=sockets ../cgCL.sh 128
nodes=16 ntasks=256
+ export BMARK_STRING=cg.D.256
+ BMARK_STRING=cg.D.256
++ date +%Y_%m_%d_%H_%M_%S_%N
+ name=2012_04_13_23_27_04_596031418
+ mkdir 2012_04_13_23_27_04_596031418
+ cd 2012_04_13_23_27_04_596031418
+ touch out.dat
+ env
+ hostname
+ echo 2012_04_13_23_27_04_596031418
+ uname -a
+ srun --nodes=1 --ntasks=1 -ppbatch cat /proc/cpuinfo
+ grep MHz
+ echo 'cores: 256'
+ echo 'nodes: 16'
+ srun --nodes=16 --ntasks=256 -ppbatch -e cg.err -o out.dat --cpu_bind=sockets ../cgCL.sh 256
nodes=16 ntasks=64
+ export BMARK_STRING=cg.D.64
+ BMARK_STRING=cg.D.64
++ date +%Y_%m_%d_%H_%M_%S_%N
+ name=2012_04_13_23_28_15_255740289
+ mkdir 2012_04_13_23_28_15_255740289
+ cd 2012_04_13_23_28_15_255740289
+ touch out.dat
+ env
+ hostname
+ echo 2012_04_13_23_28_15_255740289
+ uname -a
+ srun --nodes=1 --ntasks=1 -ppbatch cat /proc/cpuinfo
+ grep MHz
+ echo 'cores: 64'
+ echo 'nodes: 16'
+ srun --nodes=16 --ntasks=64 -ppbatch -e cg.err -o out.dat --cpu_bind=sockets ../cgCL.sh 64
nodes=16 ntasks=128
+ export BMARK_STRING=cg.D.128
+ BMARK_STRING=cg.D.128
++ date +%Y_%m_%d_%H_%M_%S_%N
+ name=2012_04_13_23_30_49_533034123
+ mkdir 2012_04_13_23_30_49_533034123
+ cd 2012_04_13_23_30_49_533034123
+ touch out.dat
+ env
+ hostname
+ echo 2012_04_13_23_30_49_533034123
+ uname -a
+ srun --nodes=1 --ntasks=1 -ppbatch cat /proc/cpuinfo
+ grep MHz
+ echo 'cores: 128'
+ echo 'nodes: 16'
+ srun --nodes=16 --ntasks=128 -ppbatch -e cg.err -o out.dat --cpu_bind=sockets ../cgCL.sh 128
nodes=16 ntasks=256
+ export BMARK_STRING=cg.D.256
+ BMARK_STRING=cg.D.256
++ date +%Y_%m_%d_%H_%M_%S_%N
+ name=2012_04_13_23_32_19_863082268
+ mkdir 2012_04_13_23_32_19_863082268
+ cd 2012_04_13_23_32_19_863082268
+ touch out.dat
+ env
+ hostname
+ echo 2012_04_13_23_32_19_863082268
+ uname -a
+ srun --nodes=1 --ntasks=1 -ppbatch cat /proc/cpuinfo
+ grep MHz
+ echo 'cores: 256'
+ echo 'nodes: 16'
+ srun --nodes=16 --ntasks=256 -ppbatch -e cg.err -o out.dat --cpu_bind=sockets ../cgCL.sh 256
nodes=16 ntasks=64
+ export BMARK_STRING=cg.D.64
+ BMARK_STRING=cg.D.64
++ date +%Y_%m_%d_%H_%M_%S_%N
+ name=2012_04_13_23_33_30_889399416
+ mkdir 2012_04_13_23_33_30_889399416
+ cd 2012_04_13_23_33_30_889399416
+ touch out.dat
+ env
+ hostname
+ echo 2012_04_13_23_33_30_889399416
+ uname -a
+ srun --nodes=1 --ntasks=1 -ppbatch cat /proc/cpuinfo
+ grep MHz
+ echo 'cores: 64'
+ echo 'nodes: 16'
+ srun --nodes=16 --ntasks=64 -ppbatch -e cg.err -o out.dat --cpu_bind=sockets ../cgCL.sh 64
nodes=16 ntasks=128
+ export BMARK_STRING=cg.D.128
+ BMARK_STRING=cg.D.128
++ date +%Y_%m_%d_%H_%M_%S_%N
+ name=2012_04_13_23_36_03_809946708
+ mkdir 2012_04_13_23_36_03_809946708
+ cd 2012_04_13_23_36_03_809946708
+ touch out.dat
+ env
+ hostname
+ echo 2012_04_13_23_36_03_809946708
+ uname -a
+ srun --nodes=1 --ntasks=1 -ppbatch cat /proc/cpuinfo
+ grep MHz
+ echo 'cores: 128'
+ echo 'nodes: 16'
+ srun --nodes=16 --ntasks=128 -ppbatch -e cg.err -o out.dat --cpu_bind=sockets ../cgCL.sh 128
nodes=16 ntasks=256
+ export BMARK_STRING=cg.D.256
+ BMARK_STRING=cg.D.256
++ date +%Y_%m_%d_%H_%M_%S_%N
+ name=2012_04_13_23_37_34_752082504
+ mkdir 2012_04_13_23_37_34_752082504
+ cd 2012_04_13_23_37_34_752082504
+ touch out.dat
+ env
+ hostname
+ echo 2012_04_13_23_37_34_752082504
+ uname -a
+ srun --nodes=1 --ntasks=1 -ppbatch cat /proc/cpuinfo
+ grep MHz
+ echo 'cores: 256'
+ echo 'nodes: 16'
+ srun --nodes=16 --ntasks=256 -ppbatch -e cg.err -o out.dat --cpu_bind=sockets ../cgCL.sh 256
nodes=16 ntasks=64
+ export BMARK_STRING=cg.D.64
+ BMARK_STRING=cg.D.64
++ date +%Y_%m_%d_%H_%M_%S_%N
+ name=2012_04_13_23_38_45_911003551
+ mkdir 2012_04_13_23_38_45_911003551
+ cd 2012_04_13_23_38_45_911003551
+ touch out.dat
+ env
+ hostname
+ echo 2012_04_13_23_38_45_911003551
+ uname -a
+ srun --nodes=1 --ntasks=1 -ppbatch cat /proc/cpuinfo
+ grep MHz
+ echo 'cores: 64'
+ echo 'nodes: 16'
+ srun --nodes=16 --ntasks=64 -ppbatch -e cg.err -o out.dat --cpu_bind=sockets ../cgCL.sh 64
nodes=16 ntasks=128
+ export BMARK_STRING=cg.D.128
+ BMARK_STRING=cg.D.128
++ date +%Y_%m_%d_%H_%M_%S_%N
+ name=2012_04_13_23_41_18_637916884
+ mkdir 2012_04_13_23_41_18_637916884
+ cd 2012_04_13_23_41_18_637916884
+ touch out.dat
+ env
+ hostname
+ echo 2012_04_13_23_41_18_637916884
+ uname -a
+ srun --nodes=1 --ntasks=1 -ppbatch cat /proc/cpuinfo
+ grep MHz
+ echo 'cores: 128'
+ echo 'nodes: 16'
+ srun --nodes=16 --ntasks=128 -ppbatch -e cg.err -o out.dat --cpu_bind=sockets ../cgCL.sh 128
nodes=16 ntasks=256
+ export BMARK_STRING=cg.D.256
+ BMARK_STRING=cg.D.256
++ date +%Y_%m_%d_%H_%M_%S_%N
+ name=2012_04_13_23_42_49_043075751
+ mkdir 2012_04_13_23_42_49_043075751
+ cd 2012_04_13_23_42_49_043075751
+ touch out.dat
+ env
+ hostname
+ echo 2012_04_13_23_42_49_043075751
+ uname -a
+ srun --nodes=1 --ntasks=1 -ppbatch cat /proc/cpuinfo
+ grep MHz
+ echo 'cores: 256'
+ echo 'nodes: 16'
+ srun --nodes=16 --ntasks=256 -ppbatch -e cg.err -o out.dat --cpu_bind=sockets ../cgCL.sh 256
nodes=16 ntasks=64
+ export BMARK_STRING=cg.D.64
+ BMARK_STRING=cg.D.64
++ date +%Y_%m_%d_%H_%M_%S_%N
+ name=2012_04_13_23_43_59_729597166
+ mkdir 2012_04_13_23_43_59_729597166
+ cd 2012_04_13_23_43_59_729597166
+ touch out.dat
+ env
+ hostname
+ echo 2012_04_13_23_43_59_729597166
+ uname -a
+ srun --nodes=1 --ntasks=1 -ppbatch cat /proc/cpuinfo
+ grep MHz
+ echo 'cores: 64'
+ echo 'nodes: 16'
+ srun --nodes=16 --ntasks=64 -ppbatch -e cg.err -o out.dat --cpu_bind=sockets ../cgCL.sh 64
nodes=16 ntasks=128
+ export BMARK_STRING=cg.D.128
+ BMARK_STRING=cg.D.128
++ date +%Y_%m_%d_%H_%M_%S_%N
+ name=2012_04_13_23_46_32_479361695
+ mkdir 2012_04_13_23_46_32_479361695
+ cd 2012_04_13_23_46_32_479361695
+ touch out.dat
+ env
+ hostname
+ echo 2012_04_13_23_46_32_479361695
+ uname -a
+ srun --nodes=1 --ntasks=1 -ppbatch cat /proc/cpuinfo
+ grep MHz
+ echo 'cores: 128'
+ echo 'nodes: 16'
+ srun --nodes=16 --ntasks=128 -ppbatch -e cg.err -o out.dat --cpu_bind=sockets ../cgCL.sh 128
nodes=16 ntasks=256
+ export BMARK_STRING=cg.D.256
+ BMARK_STRING=cg.D.256
++ date +%Y_%m_%d_%H_%M_%S_%N
+ name=2012_04_13_23_48_03_347685753
+ mkdir 2012_04_13_23_48_03_347685753
+ cd 2012_04_13_23_48_03_347685753
+ touch out.dat
+ env
+ hostname
+ echo 2012_04_13_23_48_03_347685753
+ uname -a
+ srun --nodes=1 --ntasks=1 -ppbatch cat /proc/cpuinfo
+ grep MHz
+ echo 'cores: 256'
+ echo 'nodes: 16'
+ srun --nodes=16 --ntasks=256 -ppbatch -e cg.err -o out.dat --cpu_bind=sockets ../cgCL.sh 256
nodes=16 ntasks=64
+ export BMARK_STRING=cg.D.64
+ BMARK_STRING=cg.D.64
++ date +%Y_%m_%d_%H_%M_%S_%N
+ name=2012_04_13_23_49_10_035013007
+ mkdir 2012_04_13_23_49_10_035013007
+ cd 2012_04_13_23_49_10_035013007
+ touch out.dat
+ env
+ hostname
+ echo 2012_04_13_23_49_10_035013007
+ uname -a
+ srun --nodes=1 --ntasks=1 -ppbatch cat /proc/cpuinfo
+ grep MHz
+ echo 'cores: 64'
+ echo 'nodes: 16'
+ srun --nodes=16 --ntasks=64 -ppbatch -e cg.err -o out.dat --cpu_bind=sockets ../cgCL.sh 64
nodes=16 ntasks=128
+ export BMARK_STRING=cg.D.128
+ BMARK_STRING=cg.D.128
++ date +%Y_%m_%d_%H_%M_%S_%N
+ name=2012_04_13_23_51_42_968037962
+ mkdir 2012_04_13_23_51_42_968037962
+ cd 2012_04_13_23_51_42_968037962
+ touch out.dat
+ env
+ hostname
+ echo 2012_04_13_23_51_42_968037962
+ uname -a
+ srun --nodes=1 --ntasks=1 -ppbatch cat /proc/cpuinfo
+ grep MHz
+ echo 'cores: 128'
+ echo 'nodes: 16'
+ srun --nodes=16 --ntasks=128 -ppbatch -e cg.err -o out.dat --cpu_bind=sockets ../cgCL.sh 128
nodes=16 ntasks=256
+ export BMARK_STRING=cg.D.256
+ BMARK_STRING=cg.D.256
++ date +%Y_%m_%d_%H_%M_%S_%N
+ name=2012_04_13_23_53_13_423749863
+ mkdir 2012_04_13_23_53_13_423749863
+ cd 2012_04_13_23_53_13_423749863
+ touch out.dat
+ env
+ hostname
+ echo 2012_04_13_23_53_13_423749863
+ uname -a
+ srun --nodes=1 --ntasks=1 -ppbatch cat /proc/cpuinfo
+ grep MHz
+ echo 'cores: 256'
+ echo 'nodes: 16'
+ srun --nodes=16 --ntasks=256 -ppbatch -e cg.err -o out.dat --cpu_bind=sockets ../cgCL.sh 256
nodes=16 ntasks=64
+ export BMARK_STRING=cg.D.64
+ BMARK_STRING=cg.D.64
++ date +%Y_%m_%d_%H_%M_%S_%N
+ name=2012_04_13_23_54_22_913721292
+ mkdir 2012_04_13_23_54_22_913721292
+ cd 2012_04_13_23_54_22_913721292
+ touch out.dat
+ env
+ hostname
+ echo 2012_04_13_23_54_22_913721292
+ uname -a
+ srun --nodes=1 --ntasks=1 -ppbatch cat /proc/cpuinfo
+ grep MHz
+ echo 'cores: 64'
+ echo 'nodes: 16'
+ srun --nodes=16 --ntasks=64 -ppbatch -e cg.err -o out.dat --cpu_bind=sockets ../cgCL.sh 64
nodes=16 ntasks=128
+ export BMARK_STRING=cg.D.128
+ BMARK_STRING=cg.D.128
++ date +%Y_%m_%d_%H_%M_%S_%N
+ name=2012_04_13_23_56_55_745845361
+ mkdir 2012_04_13_23_56_55_745845361
+ cd 2012_04_13_23_56_55_745845361
+ touch out.dat
+ env
+ hostname
+ echo 2012_04_13_23_56_55_745845361
+ uname -a
+ srun --nodes=1 --ntasks=1 -ppbatch cat /proc/cpuinfo
+ grep MHz
+ echo 'cores: 128'
+ echo 'nodes: 16'
+ srun --nodes=16 --ntasks=128 -ppbatch -e cg.err -o out.dat --cpu_bind=sockets ../cgCL.sh 128
nodes=16 ntasks=256
+ export BMARK_STRING=cg.D.256
+ BMARK_STRING=cg.D.256
++ date +%Y_%m_%d_%H_%M_%S_%N
+ name=2012_04_13_23_58_26_334019191
+ mkdir 2012_04_13_23_58_26_334019191
+ cd 2012_04_13_23_58_26_334019191
+ touch out.dat
+ env
+ hostname
+ echo 2012_04_13_23_58_26_334019191
+ uname -a
+ srun --nodes=1 --ntasks=1 -ppbatch cat /proc/cpuinfo
+ grep MHz
+ echo 'cores: 256'
+ echo 'nodes: 16'
+ srun --nodes=16 --ntasks=256 -ppbatch -e cg.err -o out.dat --cpu_bind=sockets ../cgCL.sh 256
nodes=16 ntasks=64
+ export BMARK_STRING=cg.D.64
+ BMARK_STRING=cg.D.64
++ date +%Y_%m_%d_%H_%M_%S_%N
+ name=2012_04_13_23_59_33_543769816
+ mkdir 2012_04_13_23_59_33_543769816
+ cd 2012_04_13_23_59_33_543769816
+ touch out.dat
+ env
+ hostname
+ echo 2012_04_13_23_59_33_543769816
+ uname -a
+ srun --nodes=1 --ntasks=1 -ppbatch cat /proc/cpuinfo
+ grep MHz
+ echo 'cores: 64'
+ echo 'nodes: 16'
+ srun --nodes=16 --ntasks=64 -ppbatch -e cg.err -o out.dat --cpu_bind=sockets ../cgCL.sh 64
nodes=16 ntasks=128
+ export BMARK_STRING=cg.D.128
+ BMARK_STRING=cg.D.128
++ date +%Y_%m_%d_%H_%M_%S_%N
+ name=2012_04_14_00_02_07_526614021
+ mkdir 2012_04_14_00_02_07_526614021
+ cd 2012_04_14_00_02_07_526614021
+ touch out.dat
+ env
+ hostname
+ echo 2012_04_14_00_02_07_526614021
+ uname -a
+ srun --nodes=1 --ntasks=1 -ppbatch cat /proc/cpuinfo
+ grep MHz
+ echo 'cores: 128'
+ echo 'nodes: 16'
+ srun --nodes=16 --ntasks=128 -ppbatch -e cg.err -o out.dat --cpu_bind=sockets ../cgCL.sh 128
nodes=16 ntasks=256
+ export BMARK_STRING=cg.D.256
+ BMARK_STRING=cg.D.256
++ date +%Y_%m_%d_%H_%M_%S_%N
+ name=2012_04_14_00_03_38_521616248
+ mkdir 2012_04_14_00_03_38_521616248
+ cd 2012_04_14_00_03_38_521616248
+ touch out.dat
+ env
+ hostname
+ echo 2012_04_14_00_03_38_521616248
+ uname -a
+ srun --nodes=1 --ntasks=1 -ppbatch cat /proc/cpuinfo
+ grep MHz
+ echo 'cores: 256'
+ echo 'nodes: 16'
+ srun --nodes=16 --ntasks=256 -ppbatch -e cg.err -o out.dat --cpu_bind=sockets ../cgCL.sh 256
nodes=16 ntasks=64
+ export BMARK_STRING=cg.D.64
+ BMARK_STRING=cg.D.64
++ date +%Y_%m_%d_%H_%M_%S_%N
+ name=2012_04_14_00_04_44_723995236
+ mkdir 2012_04_14_00_04_44_723995236
+ cd 2012_04_14_00_04_44_723995236
+ touch out.dat
+ env
+ hostname
+ echo 2012_04_14_00_04_44_723995236
+ uname -a
+ srun --nodes=1 --ntasks=1 -ppbatch cat /proc/cpuinfo
+ grep MHz
+ echo 'cores: 64'
+ echo 'nodes: 16'
+ srun --nodes=16 --ntasks=64 -ppbatch -e cg.err -o out.dat --cpu_bind=sockets ../cgCL.sh 64
nodes=16 ntasks=128
+ export BMARK_STRING=cg.D.128
+ BMARK_STRING=cg.D.128
++ date +%Y_%m_%d_%H_%M_%S_%N
+ name=2012_04_14_00_07_18_000834903
+ mkdir 2012_04_14_00_07_18_000834903
+ cd 2012_04_14_00_07_18_000834903
+ touch out.dat
+ env
+ hostname
+ echo 2012_04_14_00_07_18_000834903
+ uname -a
+ srun --nodes=1 --ntasks=1 -ppbatch cat /proc/cpuinfo
+ grep MHz
+ echo 'cores: 128'
+ echo 'nodes: 16'
+ srun --nodes=16 --ntasks=128 -ppbatch -e cg.err -o out.dat --cpu_bind=sockets ../cgCL.sh 128
nodes=16 ntasks=256
+ export BMARK_STRING=cg.D.256
+ BMARK_STRING=cg.D.256
++ date +%Y_%m_%d_%H_%M_%S_%N
+ name=2012_04_14_00_08_48_376341962
+ mkdir 2012_04_14_00_08_48_376341962
+ cd 2012_04_14_00_08_48_376341962
+ touch out.dat
+ env
+ hostname
+ echo 2012_04_14_00_08_48_376341962
+ uname -a
+ srun --nodes=1 --ntasks=1 -ppbatch cat /proc/cpuinfo
+ grep MHz
+ echo 'cores: 256'
+ echo 'nodes: 16'
+ srun --nodes=16 --ntasks=256 -ppbatch -e cg.err -o out.dat --cpu_bind=sockets ../cgCL.sh 256
nodes=16 ntasks=64
+ export BMARK_STRING=cg.D.64
+ BMARK_STRING=cg.D.64
++ date +%Y_%m_%d_%H_%M_%S_%N
+ name=2012_04_14_00_09_54_849076190
+ mkdir 2012_04_14_00_09_54_849076190
+ cd 2012_04_14_00_09_54_849076190
+ touch out.dat
+ env
+ hostname
+ echo 2012_04_14_00_09_54_849076190
+ uname -a
+ srun --nodes=1 --ntasks=1 -ppbatch cat /proc/cpuinfo
+ grep MHz
+ echo 'cores: 64'
+ echo 'nodes: 16'
+ srun --nodes=16 --ntasks=64 -ppbatch -e cg.err -o out.dat --cpu_bind=sockets ../cgCL.sh 64
nodes=16 ntasks=128
+ export BMARK_STRING=cg.D.128
+ BMARK_STRING=cg.D.128
++ date +%Y_%m_%d_%H_%M_%S_%N
+ name=2012_04_14_00_12_28_189866405
+ mkdir 2012_04_14_00_12_28_189866405
+ cd 2012_04_14_00_12_28_189866405
+ touch out.dat
+ env
+ hostname
+ echo 2012_04_14_00_12_28_189866405
+ uname -a
+ srun --nodes=1 --ntasks=1 -ppbatch cat /proc/cpuinfo
+ grep MHz
+ echo 'cores: 128'
+ echo 'nodes: 16'
+ srun --nodes=16 --ntasks=128 -ppbatch -e cg.err -o out.dat --cpu_bind=sockets ../cgCL.sh 128
nodes=16 ntasks=256
+ export BMARK_STRING=cg.D.256
+ BMARK_STRING=cg.D.256
++ date +%Y_%m_%d_%H_%M_%S_%N
+ name=2012_04_14_00_13_59_175801015
+ mkdir 2012_04_14_00_13_59_175801015
+ cd 2012_04_14_00_13_59_175801015
+ touch out.dat
+ env
+ hostname
+ echo 2012_04_14_00_13_59_175801015
+ uname -a
+ srun --nodes=1 --ntasks=1 -ppbatch cat /proc/cpuinfo
+ grep MHz
+ echo 'cores: 256'
+ echo 'nodes: 16'
+ srun --nodes=16 --ntasks=256 -ppbatch -e cg.err -o out.dat --cpu_bind=sockets ../cgCL.sh 256
nodes=16 ntasks=64
+ export BMARK_STRING=cg.D.64
+ BMARK_STRING=cg.D.64
++ date +%Y_%m_%d_%H_%M_%S_%N
+ name=2012_04_14_00_15_05_716994183
+ mkdir 2012_04_14_00_15_05_716994183
+ cd 2012_04_14_00_15_05_716994183
+ touch out.dat
+ env
+ hostname
+ echo 2012_04_14_00_15_05_716994183
+ uname -a
+ srun --nodes=1 --ntasks=1 -ppbatch cat /proc/cpuinfo
+ grep MHz
+ echo 'cores: 64'
+ echo 'nodes: 16'
+ srun --nodes=16 --ntasks=64 -ppbatch -e cg.err -o out.dat --cpu_bind=sockets ../cgCL.sh 64
nodes=16 ntasks=128
+ export BMARK_STRING=cg.D.128
+ BMARK_STRING=cg.D.128
++ date +%Y_%m_%d_%H_%M_%S_%N
+ name=2012_04_14_00_17_38_514200148
+ mkdir 2012_04_14_00_17_38_514200148
+ cd 2012_04_14_00_17_38_514200148
+ touch out.dat
+ env
+ hostname
+ echo 2012_04_14_00_17_38_514200148
+ uname -a
+ srun --nodes=1 --ntasks=1 -ppbatch cat /proc/cpuinfo
+ grep MHz
+ echo 'cores: 128'
+ echo 'nodes: 16'
+ srun --nodes=16 --ntasks=128 -ppbatch -e cg.err -o out.dat --cpu_bind=sockets ../cgCL.sh 128
nodes=16 ntasks=256
+ export BMARK_STRING=cg.D.256
+ BMARK_STRING=cg.D.256
++ date +%Y_%m_%d_%H_%M_%S_%N
+ name=2012_04_14_00_19_08_801112636
+ mkdir 2012_04_14_00_19_08_801112636
+ cd 2012_04_14_00_19_08_801112636
+ touch out.dat
+ env
+ hostname
+ echo 2012_04_14_00_19_08_801112636
+ uname -a
+ srun --nodes=1 --ntasks=1 -ppbatch cat /proc/cpuinfo
+ grep MHz
+ echo 'cores: 256'
+ echo 'nodes: 16'
+ srun --nodes=16 --ntasks=256 -ppbatch -e cg.err -o out.dat --cpu_bind=sockets ../cgCL.sh 256
nodes=16 ntasks=64
+ export BMARK_STRING=cg.D.64
+ BMARK_STRING=cg.D.64
++ date +%Y_%m_%d_%H_%M_%S_%N
+ name=2012_04_14_00_20_15_657787468
+ mkdir 2012_04_14_00_20_15_657787468
+ cd 2012_04_14_00_20_15_657787468
+ touch out.dat
+ env
+ hostname
+ echo 2012_04_14_00_20_15_657787468
+ uname -a
+ srun --nodes=1 --ntasks=1 -ppbatch cat /proc/cpuinfo
+ grep MHz
+ echo 'cores: 64'
+ echo 'nodes: 16'
+ srun --nodes=16 --ntasks=64 -ppbatch -e cg.err -o out.dat --cpu_bind=sockets ../cgCL.sh 64
nodes=16 ntasks=128
+ export BMARK_STRING=cg.D.128
+ BMARK_STRING=cg.D.128
++ date +%Y_%m_%d_%H_%M_%S_%N
+ name=2012_04_14_00_22_49_491262911
+ mkdir 2012_04_14_00_22_49_491262911
+ cd 2012_04_14_00_22_49_491262911
+ touch out.dat
+ env
+ hostname
+ echo 2012_04_14_00_22_49_491262911
+ uname -a
+ srun --nodes=1 --ntasks=1 -ppbatch cat /proc/cpuinfo
+ grep MHz
+ echo 'cores: 128'
+ echo 'nodes: 16'
+ srun --nodes=16 --ntasks=128 -ppbatch -e cg.err -o out.dat --cpu_bind=sockets ../cgCL.sh 128
nodes=16 ntasks=256
+ export BMARK_STRING=cg.D.256
+ BMARK_STRING=cg.D.256
++ date +%Y_%m_%d_%H_%M_%S_%N
+ name=2012_04_14_00_24_19_976020700
+ mkdir 2012_04_14_00_24_19_976020700
+ cd 2012_04_14_00_24_19_976020700
+ touch out.dat
+ env
+ hostname
+ echo 2012_04_14_00_24_19_976020700
+ uname -a
+ srun --nodes=1 --ntasks=1 -ppbatch cat /proc/cpuinfo
+ grep MHz
+ echo 'cores: 256'
+ echo 'nodes: 16'
+ srun --nodes=16 --ntasks=256 -ppbatch -e cg.err -o out.dat --cpu_bind=sockets ../cgCL.sh 256
Resetting now...
