/g/g24/rountree/local/src/power
nodes=32 ntasks=128
+ export BMARK_STRING=cg.D.128
+ BMARK_STRING=cg.D.128
++ date +%Y_%m_%d_%H_%M_%S_%N
+ name=2012_04_13_23_59_02_126881826
+ mkdir 2012_04_13_23_59_02_126881826
+ cd 2012_04_13_23_59_02_126881826
+ touch out.dat
+ env
+ hostname
+ echo 2012_04_13_23_59_02_126881826
+ uname -a
+ srun --nodes=1 --ntasks=1 -ppbatch cat /proc/cpuinfo
+ grep MHz
+ echo 'cores: 128'
+ echo 'nodes: 32'
+ srun --nodes=32 --ntasks=128 -ppbatch -e cg.err -o out.dat --cpu_bind=sockets ../cgCL.sh 128
nodes=32 ntasks=256
+ export BMARK_STRING=cg.D.256
+ BMARK_STRING=cg.D.256
++ date +%Y_%m_%d_%H_%M_%S_%N
+ name=2012_04_14_00_00_27_668436951
+ mkdir 2012_04_14_00_00_27_668436951
+ cd 2012_04_14_00_00_27_668436951
+ touch out.dat
+ env
+ hostname
+ echo 2012_04_14_00_00_27_668436951
+ uname -a
+ srun --nodes=1 --ntasks=1 -ppbatch cat /proc/cpuinfo
+ grep MHz
+ echo 'cores: 256'
+ echo 'nodes: 32'
+ srun --nodes=32 --ntasks=256 -ppbatch -e cg.err -o out.dat --cpu_bind=sockets ../cgCL.sh 256
nodes=32 ntasks=512
+ export BMARK_STRING=cg.D.512
+ BMARK_STRING=cg.D.512
++ date +%Y_%m_%d_%H_%M_%S_%N
+ name=2012_04_14_00_01_26_749056433
+ mkdir 2012_04_14_00_01_26_749056433
+ cd 2012_04_14_00_01_26_749056433
+ touch out.dat
+ env
+ hostname
+ echo 2012_04_14_00_01_26_749056433
+ uname -a
+ srun --nodes=1 --ntasks=1 -ppbatch cat /proc/cpuinfo
+ grep MHz
+ echo 'cores: 512'
+ echo 'nodes: 32'
+ srun --nodes=32 --ntasks=512 -ppbatch -e cg.err -o out.dat --cpu_bind=sockets ../cgCL.sh 512
nodes=32 ntasks=128
+ export BMARK_STRING=cg.D.128
+ BMARK_STRING=cg.D.128
++ date +%Y_%m_%d_%H_%M_%S_%N
+ name=2012_04_14_00_02_17_364550520
+ mkdir 2012_04_14_00_02_17_364550520
+ cd 2012_04_14_00_02_17_364550520
+ touch out.dat
+ env
+ hostname
+ echo 2012_04_14_00_02_17_364550520
+ uname -a
+ srun --nodes=1 --ntasks=1 -ppbatch cat /proc/cpuinfo
+ grep MHz
+ echo 'cores: 128'
+ echo 'nodes: 32'
+ srun --nodes=32 --ntasks=128 -ppbatch -e cg.err -o out.dat --cpu_bind=sockets ../cgCL.sh 128
nodes=32 ntasks=256
+ export BMARK_STRING=cg.D.256
+ BMARK_STRING=cg.D.256
++ date +%Y_%m_%d_%H_%M_%S_%N
+ name=2012_04_14_00_03_41_693370259
+ mkdir 2012_04_14_00_03_41_693370259
+ cd 2012_04_14_00_03_41_693370259
+ touch out.dat
+ env
+ hostname
+ echo 2012_04_14_00_03_41_693370259
+ uname -a
+ srun --nodes=1 --ntasks=1 -ppbatch cat /proc/cpuinfo
+ grep MHz
+ echo 'cores: 256'
+ echo 'nodes: 32'
+ srun --nodes=32 --ntasks=256 -ppbatch -e cg.err -o out.dat --cpu_bind=sockets ../cgCL.sh 256
nodes=32 ntasks=512
+ export BMARK_STRING=cg.D.512
+ BMARK_STRING=cg.D.512
++ date +%Y_%m_%d_%H_%M_%S_%N
+ name=2012_04_14_00_04_41_739019937
+ mkdir 2012_04_14_00_04_41_739019937
+ cd 2012_04_14_00_04_41_739019937
+ touch out.dat
+ env
+ hostname
+ echo 2012_04_14_00_04_41_739019937
+ uname -a
+ srun --nodes=1 --ntasks=1 -ppbatch cat /proc/cpuinfo
+ grep MHz
+ echo 'cores: 512'
+ echo 'nodes: 32'
+ srun --nodes=32 --ntasks=512 -ppbatch -e cg.err -o out.dat --cpu_bind=sockets ../cgCL.sh 512
nodes=32 ntasks=128
+ export BMARK_STRING=cg.D.128
+ BMARK_STRING=cg.D.128
++ date +%Y_%m_%d_%H_%M_%S_%N
+ name=2012_04_14_00_05_33_497125653
+ mkdir 2012_04_14_00_05_33_497125653
+ cd 2012_04_14_00_05_33_497125653
+ touch out.dat
+ env
+ hostname
+ echo 2012_04_14_00_05_33_497125653
+ uname -a
+ srun --nodes=1 --ntasks=1 -ppbatch cat /proc/cpuinfo
+ grep MHz
+ echo 'cores: 128'
+ echo 'nodes: 32'
+ srun --nodes=32 --ntasks=128 -ppbatch -e cg.err -o out.dat --cpu_bind=sockets ../cgCL.sh 128
nodes=32 ntasks=256
+ export BMARK_STRING=cg.D.256
+ BMARK_STRING=cg.D.256
++ date +%Y_%m_%d_%H_%M_%S_%N
+ name=2012_04_14_00_06_58_326403496
+ mkdir 2012_04_14_00_06_58_326403496
+ cd 2012_04_14_00_06_58_326403496
+ touch out.dat
+ env
+ hostname
+ echo 2012_04_14_00_06_58_326403496
+ uname -a
+ srun --nodes=1 --ntasks=1 -ppbatch cat /proc/cpuinfo
+ grep MHz
+ echo 'cores: 256'
+ echo 'nodes: 32'
+ srun --nodes=32 --ntasks=256 -ppbatch -e cg.err -o out.dat --cpu_bind=sockets ../cgCL.sh 256
nodes=32 ntasks=512
+ export BMARK_STRING=cg.D.512
+ BMARK_STRING=cg.D.512
++ date +%Y_%m_%d_%H_%M_%S_%N
+ name=2012_04_14_00_07_58_590476770
+ mkdir 2012_04_14_00_07_58_590476770
+ cd 2012_04_14_00_07_58_590476770
+ touch out.dat
+ env
+ hostname
+ echo 2012_04_14_00_07_58_590476770
+ uname -a
+ srun --nodes=1 --ntasks=1 -ppbatch cat /proc/cpuinfo
+ grep MHz
+ echo 'cores: 512'
+ echo 'nodes: 32'
+ srun --nodes=32 --ntasks=512 -ppbatch -e cg.err -o out.dat --cpu_bind=sockets ../cgCL.sh 512
nodes=32 ntasks=128
+ export BMARK_STRING=cg.D.128
+ BMARK_STRING=cg.D.128
++ date +%Y_%m_%d_%H_%M_%S_%N
+ name=2012_04_14_00_08_50_426665551
+ mkdir 2012_04_14_00_08_50_426665551
+ cd 2012_04_14_00_08_50_426665551
+ touch out.dat
+ env
+ hostname
+ echo 2012_04_14_00_08_50_426665551
+ uname -a
+ srun --nodes=1 --ntasks=1 -ppbatch cat /proc/cpuinfo
+ grep MHz
+ echo 'cores: 128'
+ echo 'nodes: 32'
+ srun --nodes=32 --ntasks=128 -ppbatch -e cg.err -o out.dat --cpu_bind=sockets ../cgCL.sh 128
nodes=32 ntasks=256
+ export BMARK_STRING=cg.D.256
+ BMARK_STRING=cg.D.256
++ date +%Y_%m_%d_%H_%M_%S_%N
+ name=2012_04_14_00_10_14_937174699
+ mkdir 2012_04_14_00_10_14_937174699
+ cd 2012_04_14_00_10_14_937174699
+ touch out.dat
+ env
+ hostname
+ echo 2012_04_14_00_10_14_937174699
+ uname -a
+ srun --nodes=1 --ntasks=1 -ppbatch cat /proc/cpuinfo
+ grep MHz
+ echo 'cores: 256'
+ echo 'nodes: 32'
+ srun --nodes=32 --ntasks=256 -ppbatch -e cg.err -o out.dat --cpu_bind=sockets ../cgCL.sh 256
nodes=32 ntasks=512
+ export BMARK_STRING=cg.D.512
+ BMARK_STRING=cg.D.512
++ date +%Y_%m_%d_%H_%M_%S_%N
+ name=2012_04_14_00_11_15_368462820
+ mkdir 2012_04_14_00_11_15_368462820
+ cd 2012_04_14_00_11_15_368462820
+ touch out.dat
+ env
+ hostname
+ echo 2012_04_14_00_11_15_368462820
+ uname -a
+ srun --nodes=1 --ntasks=1 -ppbatch cat /proc/cpuinfo
+ grep MHz
+ echo 'cores: 512'
+ echo 'nodes: 32'
+ srun --nodes=32 --ntasks=512 -ppbatch -e cg.err -o out.dat --cpu_bind=sockets ../cgCL.sh 512
nodes=32 ntasks=128
+ export BMARK_STRING=cg.D.128
+ BMARK_STRING=cg.D.128
++ date +%Y_%m_%d_%H_%M_%S_%N
+ name=2012_04_14_00_12_07_010993872
+ mkdir 2012_04_14_00_12_07_010993872
+ cd 2012_04_14_00_12_07_010993872
+ touch out.dat
+ env
+ hostname
+ echo 2012_04_14_00_12_07_010993872
+ uname -a
+ srun --nodes=1 --ntasks=1 -ppbatch cat /proc/cpuinfo
+ grep MHz
+ echo 'cores: 128'
+ echo 'nodes: 32'
+ srun --nodes=32 --ntasks=128 -ppbatch -e cg.err -o out.dat --cpu_bind=sockets ../cgCL.sh 128
nodes=32 ntasks=256
+ export BMARK_STRING=cg.D.256
+ BMARK_STRING=cg.D.256
++ date +%Y_%m_%d_%H_%M_%S_%N
+ name=2012_04_14_00_13_31_694077633
+ mkdir 2012_04_14_00_13_31_694077633
+ cd 2012_04_14_00_13_31_694077633
+ touch out.dat
+ env
+ hostname
+ echo 2012_04_14_00_13_31_694077633
+ uname -a
+ srun --nodes=1 --ntasks=1 -ppbatch cat /proc/cpuinfo
+ grep MHz
+ echo 'cores: 256'
+ echo 'nodes: 32'
+ srun --nodes=32 --ntasks=256 -ppbatch -e cg.err -o out.dat --cpu_bind=sockets ../cgCL.sh 256
nodes=32 ntasks=512
+ export BMARK_STRING=cg.D.512
+ BMARK_STRING=cg.D.512
++ date +%Y_%m_%d_%H_%M_%S_%N
+ name=2012_04_14_00_14_31_607878171
+ mkdir 2012_04_14_00_14_31_607878171
+ cd 2012_04_14_00_14_31_607878171
+ touch out.dat
+ env
+ hostname
+ echo 2012_04_14_00_14_31_607878171
+ uname -a
+ srun --nodes=1 --ntasks=1 -ppbatch cat /proc/cpuinfo
+ grep MHz
+ echo 'cores: 512'
+ echo 'nodes: 32'
+ srun --nodes=32 --ntasks=512 -ppbatch -e cg.err -o out.dat --cpu_bind=sockets ../cgCL.sh 512
nodes=32 ntasks=128
+ export BMARK_STRING=cg.D.128
+ BMARK_STRING=cg.D.128
++ date +%Y_%m_%d_%H_%M_%S_%N
+ name=2012_04_14_00_15_19_408032089
+ mkdir 2012_04_14_00_15_19_408032089
+ cd 2012_04_14_00_15_19_408032089
+ touch out.dat
+ env
+ hostname
+ echo 2012_04_14_00_15_19_408032089
+ uname -a
+ srun --nodes=1 --ntasks=1 -ppbatch cat /proc/cpuinfo
+ grep MHz
+ echo 'cores: 128'
+ echo 'nodes: 32'
+ srun --nodes=32 --ntasks=128 -ppbatch -e cg.err -o out.dat --cpu_bind=sockets ../cgCL.sh 128
nodes=32 ntasks=256
+ export BMARK_STRING=cg.D.256
+ BMARK_STRING=cg.D.256
++ date +%Y_%m_%d_%H_%M_%S_%N
+ name=2012_04_14_00_16_43_946377437
+ mkdir 2012_04_14_00_16_43_946377437
+ cd 2012_04_14_00_16_43_946377437
+ touch out.dat
+ env
+ hostname
+ echo 2012_04_14_00_16_43_946377437
+ uname -a
+ srun --nodes=1 --ntasks=1 -ppbatch cat /proc/cpuinfo
+ grep MHz
+ echo 'cores: 256'
+ echo 'nodes: 32'
+ srun --nodes=32 --ntasks=256 -ppbatch -e cg.err -o out.dat --cpu_bind=sockets ../cgCL.sh 256
nodes=32 ntasks=512
+ export BMARK_STRING=cg.D.512
+ BMARK_STRING=cg.D.512
++ date +%Y_%m_%d_%H_%M_%S_%N
+ name=2012_04_14_00_17_44_000550160
+ mkdir 2012_04_14_00_17_44_000550160
+ cd 2012_04_14_00_17_44_000550160
+ touch out.dat
+ env
+ hostname
+ echo 2012_04_14_00_17_44_000550160
+ uname -a
+ srun --nodes=1 --ntasks=1 -ppbatch cat /proc/cpuinfo
+ grep MHz
+ echo 'cores: 512'
+ echo 'nodes: 32'
+ srun --nodes=32 --ntasks=512 -ppbatch -e cg.err -o out.dat --cpu_bind=sockets ../cgCL.sh 512
nodes=32 ntasks=128
+ export BMARK_STRING=cg.D.128
+ BMARK_STRING=cg.D.128
++ date +%Y_%m_%d_%H_%M_%S_%N
+ name=2012_04_14_00_18_30_890856991
+ mkdir 2012_04_14_00_18_30_890856991
+ cd 2012_04_14_00_18_30_890856991
+ touch out.dat
+ env
+ hostname
+ echo 2012_04_14_00_18_30_890856991
+ uname -a
+ srun --nodes=1 --ntasks=1 -ppbatch cat /proc/cpuinfo
+ grep MHz
+ echo 'cores: 128'
+ echo 'nodes: 32'
+ srun --nodes=32 --ntasks=128 -ppbatch -e cg.err -o out.dat --cpu_bind=sockets ../cgCL.sh 128
nodes=32 ntasks=256
+ export BMARK_STRING=cg.D.256
+ BMARK_STRING=cg.D.256
++ date +%Y_%m_%d_%H_%M_%S_%N
+ name=2012_04_14_00_19_55_661642967
+ mkdir 2012_04_14_00_19_55_661642967
+ cd 2012_04_14_00_19_55_661642967
+ touch out.dat
+ env
+ hostname
+ echo 2012_04_14_00_19_55_661642967
+ uname -a
+ srun --nodes=1 --ntasks=1 -ppbatch cat /proc/cpuinfo
+ grep MHz
+ echo 'cores: 256'
+ echo 'nodes: 32'
+ srun --nodes=32 --ntasks=256 -ppbatch -e cg.err -o out.dat --cpu_bind=sockets ../cgCL.sh 256
nodes=32 ntasks=512
+ export BMARK_STRING=cg.D.512
+ BMARK_STRING=cg.D.512
++ date +%Y_%m_%d_%H_%M_%S_%N
+ name=2012_04_14_00_20_56_008559039
+ mkdir 2012_04_14_00_20_56_008559039
+ cd 2012_04_14_00_20_56_008559039
+ touch out.dat
+ env
+ hostname
+ echo 2012_04_14_00_20_56_008559039
+ uname -a
+ srun --nodes=1 --ntasks=1 -ppbatch cat /proc/cpuinfo
+ grep MHz
+ echo 'cores: 512'
+ echo 'nodes: 32'
+ srun --nodes=32 --ntasks=512 -ppbatch -e cg.err -o out.dat --cpu_bind=sockets ../cgCL.sh 512
nodes=32 ntasks=128
+ export BMARK_STRING=cg.D.128
+ BMARK_STRING=cg.D.128
++ date +%Y_%m_%d_%H_%M_%S_%N
+ name=2012_04_14_00_21_43_564057356
+ mkdir 2012_04_14_00_21_43_564057356
+ cd 2012_04_14_00_21_43_564057356
+ touch out.dat
+ env
+ hostname
+ echo 2012_04_14_00_21_43_564057356
+ uname -a
+ srun --nodes=1 --ntasks=1 -ppbatch cat /proc/cpuinfo
+ grep MHz
+ echo 'cores: 128'
+ echo 'nodes: 32'
+ srun --nodes=32 --ntasks=128 -ppbatch -e cg.err -o out.dat --cpu_bind=sockets ../cgCL.sh 128
nodes=32 ntasks=256
+ export BMARK_STRING=cg.D.256
+ BMARK_STRING=cg.D.256
++ date +%Y_%m_%d_%H_%M_%S_%N
+ name=2012_04_14_00_23_07_906531166
+ mkdir 2012_04_14_00_23_07_906531166
+ cd 2012_04_14_00_23_07_906531166
+ touch out.dat
+ env
+ hostname
+ echo 2012_04_14_00_23_07_906531166
+ uname -a
+ srun --nodes=1 --ntasks=1 -ppbatch cat /proc/cpuinfo
+ grep MHz
+ echo 'cores: 256'
+ echo 'nodes: 32'
+ srun --nodes=32 --ntasks=256 -ppbatch -e cg.err -o out.dat --cpu_bind=sockets ../cgCL.sh 256
nodes=32 ntasks=512
+ export BMARK_STRING=cg.D.512
+ BMARK_STRING=cg.D.512
++ date +%Y_%m_%d_%H_%M_%S_%N
+ name=2012_04_14_00_24_07_877918657
+ mkdir 2012_04_14_00_24_07_877918657
+ cd 2012_04_14_00_24_07_877918657
+ touch out.dat
+ env
+ hostname
+ echo 2012_04_14_00_24_07_877918657
+ uname -a
+ srun --nodes=1 --ntasks=1 -ppbatch cat /proc/cpuinfo
+ grep MHz
+ echo 'cores: 512'
+ echo 'nodes: 32'
+ srun --nodes=32 --ntasks=512 -ppbatch -e cg.err -o out.dat --cpu_bind=sockets ../cgCL.sh 512
nodes=32 ntasks=128
+ export BMARK_STRING=cg.D.128
+ BMARK_STRING=cg.D.128
++ date +%Y_%m_%d_%H_%M_%S_%N
+ name=2012_04_14_00_24_54_890059509
+ mkdir 2012_04_14_00_24_54_890059509
+ cd 2012_04_14_00_24_54_890059509
+ touch out.dat
+ env
+ hostname
+ echo 2012_04_14_00_24_54_890059509
+ uname -a
+ srun --nodes=1 --ntasks=1 -ppbatch cat /proc/cpuinfo
+ grep MHz
+ echo 'cores: 128'
+ echo 'nodes: 32'
+ srun --nodes=32 --ntasks=128 -ppbatch -e cg.err -o out.dat --cpu_bind=sockets ../cgCL.sh 128
nodes=32 ntasks=256
+ export BMARK_STRING=cg.D.256
+ BMARK_STRING=cg.D.256
++ date +%Y_%m_%d_%H_%M_%S_%N
+ name=2012_04_14_00_26_19_401569844
+ mkdir 2012_04_14_00_26_19_401569844
+ cd 2012_04_14_00_26_19_401569844
+ touch out.dat
+ env
+ hostname
+ echo 2012_04_14_00_26_19_401569844
+ uname -a
+ srun --nodes=1 --ntasks=1 -ppbatch cat /proc/cpuinfo
+ grep MHz
+ echo 'cores: 256'
+ echo 'nodes: 32'
+ srun --nodes=32 --ntasks=256 -ppbatch -e cg.err -o out.dat --cpu_bind=sockets ../cgCL.sh 256
nodes=32 ntasks=512
+ export BMARK_STRING=cg.D.512
+ BMARK_STRING=cg.D.512
++ date +%Y_%m_%d_%H_%M_%S_%N
+ name=2012_04_14_00_27_19_685659377
+ mkdir 2012_04_14_00_27_19_685659377
+ cd 2012_04_14_00_27_19_685659377
+ touch out.dat
+ env
+ hostname
+ echo 2012_04_14_00_27_19_685659377
+ uname -a
+ srun --nodes=1 --ntasks=1 -ppbatch cat /proc/cpuinfo
+ grep MHz
+ echo 'cores: 512'
+ echo 'nodes: 32'
+ srun --nodes=32 --ntasks=512 -ppbatch -e cg.err -o out.dat --cpu_bind=sockets ../cgCL.sh 512
nodes=32 ntasks=128
+ export BMARK_STRING=cg.D.128
+ BMARK_STRING=cg.D.128
++ date +%Y_%m_%d_%H_%M_%S_%N
+ name=2012_04_14_00_28_07_665420735
+ mkdir 2012_04_14_00_28_07_665420735
+ cd 2012_04_14_00_28_07_665420735
+ touch out.dat
+ env
+ hostname
+ echo 2012_04_14_00_28_07_665420735
+ uname -a
+ srun --nodes=1 --ntasks=1 -ppbatch cat /proc/cpuinfo
+ grep MHz
+ echo 'cores: 128'
+ echo 'nodes: 32'
+ srun --nodes=32 --ntasks=128 -ppbatch -e cg.err -o out.dat --cpu_bind=sockets ../cgCL.sh 128
nodes=32 ntasks=256
+ export BMARK_STRING=cg.D.256
+ BMARK_STRING=cg.D.256
++ date +%Y_%m_%d_%H_%M_%S_%N
+ name=2012_04_14_00_29_32_351071876
+ mkdir 2012_04_14_00_29_32_351071876
+ cd 2012_04_14_00_29_32_351071876
+ touch out.dat
+ env
+ hostname
+ echo 2012_04_14_00_29_32_351071876
+ uname -a
+ srun --nodes=1 --ntasks=1 -ppbatch cat /proc/cpuinfo
+ grep MHz
+ echo 'cores: 256'
+ echo 'nodes: 32'
+ srun --nodes=32 --ntasks=256 -ppbatch -e cg.err -o out.dat --cpu_bind=sockets ../cgCL.sh 256
nodes=32 ntasks=512
+ export BMARK_STRING=cg.D.512
+ BMARK_STRING=cg.D.512
++ date +%Y_%m_%d_%H_%M_%S_%N
+ name=2012_04_14_00_30_32_593038944
+ mkdir 2012_04_14_00_30_32_593038944
+ cd 2012_04_14_00_30_32_593038944
+ touch out.dat
+ env
+ hostname
+ echo 2012_04_14_00_30_32_593038944
+ uname -a
+ srun --nodes=1 --ntasks=1 -ppbatch cat /proc/cpuinfo
+ grep MHz
+ echo 'cores: 512'
+ echo 'nodes: 32'
+ srun --nodes=32 --ntasks=512 -ppbatch -e cg.err -o out.dat --cpu_bind=sockets ../cgCL.sh 512
nodes=32 ntasks=128
+ export BMARK_STRING=cg.D.128
+ BMARK_STRING=cg.D.128
++ date +%Y_%m_%d_%H_%M_%S_%N
+ name=2012_04_14_00_31_17_959664095
+ mkdir 2012_04_14_00_31_17_959664095
+ cd 2012_04_14_00_31_17_959664095
+ touch out.dat
+ env
+ hostname
+ echo 2012_04_14_00_31_17_959664095
+ uname -a
+ srun --nodes=1 --ntasks=1 -ppbatch cat /proc/cpuinfo
+ grep MHz
+ echo 'cores: 128'
+ echo 'nodes: 32'
+ srun --nodes=32 --ntasks=128 -ppbatch -e cg.err -o out.dat --cpu_bind=sockets ../cgCL.sh 128
nodes=32 ntasks=256
+ export BMARK_STRING=cg.D.256
+ BMARK_STRING=cg.D.256
++ date +%Y_%m_%d_%H_%M_%S_%N
+ name=2012_04_14_00_32_42_768995110
+ mkdir 2012_04_14_00_32_42_768995110
+ cd 2012_04_14_00_32_42_768995110
+ touch out.dat
+ env
+ hostname
+ echo 2012_04_14_00_32_42_768995110
+ uname -a
+ srun --nodes=1 --ntasks=1 -ppbatch cat /proc/cpuinfo
+ grep MHz
+ echo 'cores: 256'
+ echo 'nodes: 32'
+ srun --nodes=32 --ntasks=256 -ppbatch -e cg.err -o out.dat --cpu_bind=sockets ../cgCL.sh 256
nodes=32 ntasks=512
+ export BMARK_STRING=cg.D.512
+ BMARK_STRING=cg.D.512
++ date +%Y_%m_%d_%H_%M_%S_%N
+ name=2012_04_14_00_33_42_646176629
+ mkdir 2012_04_14_00_33_42_646176629
+ cd 2012_04_14_00_33_42_646176629
+ touch out.dat
+ env
+ hostname
+ echo 2012_04_14_00_33_42_646176629
+ uname -a
+ srun --nodes=1 --ntasks=1 -ppbatch cat /proc/cpuinfo
+ grep MHz
+ echo 'cores: 512'
+ echo 'nodes: 32'
+ srun --nodes=32 --ntasks=512 -ppbatch -e cg.err -o out.dat --cpu_bind=sockets ../cgCL.sh 512
nodes=32 ntasks=128
+ export BMARK_STRING=cg.D.128
+ BMARK_STRING=cg.D.128
++ date +%Y_%m_%d_%H_%M_%S_%N
+ name=2012_04_14_00_34_27_715735206
+ mkdir 2012_04_14_00_34_27_715735206
+ cd 2012_04_14_00_34_27_715735206
+ touch out.dat
+ env
+ hostname
+ echo 2012_04_14_00_34_27_715735206
+ uname -a
+ srun --nodes=1 --ntasks=1 -ppbatch cat /proc/cpuinfo
+ grep MHz
+ echo 'cores: 128'
+ echo 'nodes: 32'
+ srun --nodes=32 --ntasks=128 -ppbatch -e cg.err -o out.dat --cpu_bind=sockets ../cgCL.sh 128
nodes=32 ntasks=256
+ export BMARK_STRING=cg.D.256
+ BMARK_STRING=cg.D.256
++ date +%Y_%m_%d_%H_%M_%S_%N
+ name=2012_04_14_00_35_51_980949583
+ mkdir 2012_04_14_00_35_51_980949583
+ cd 2012_04_14_00_35_51_980949583
+ touch out.dat
+ env
+ hostname
+ echo 2012_04_14_00_35_51_980949583
+ uname -a
+ srun --nodes=1 --ntasks=1 -ppbatch cat /proc/cpuinfo
+ grep MHz
+ echo 'cores: 256'
+ echo 'nodes: 32'
+ srun --nodes=32 --ntasks=256 -ppbatch -e cg.err -o out.dat --cpu_bind=sockets ../cgCL.sh 256
nodes=32 ntasks=512
+ export BMARK_STRING=cg.D.512
+ BMARK_STRING=cg.D.512
++ date +%Y_%m_%d_%H_%M_%S_%N
+ name=2012_04_14_00_36_52_236453186
+ mkdir 2012_04_14_00_36_52_236453186
+ cd 2012_04_14_00_36_52_236453186
+ touch out.dat
+ env
+ hostname
+ echo 2012_04_14_00_36_52_236453186
+ uname -a
+ srun --nodes=1 --ntasks=1 -ppbatch cat /proc/cpuinfo
+ grep MHz
+ echo 'cores: 512'
+ echo 'nodes: 32'
+ srun --nodes=32 --ntasks=512 -ppbatch -e cg.err -o out.dat --cpu_bind=sockets ../cgCL.sh 512
nodes=32 ntasks=128
+ export BMARK_STRING=cg.D.128
+ BMARK_STRING=cg.D.128
++ date +%Y_%m_%d_%H_%M_%S_%N
+ name=2012_04_14_00_37_37_553719181
+ mkdir 2012_04_14_00_37_37_553719181
+ cd 2012_04_14_00_37_37_553719181
+ touch out.dat
+ env
+ hostname
+ echo 2012_04_14_00_37_37_553719181
+ uname -a
+ srun --nodes=1 --ntasks=1 -ppbatch cat /proc/cpuinfo
+ grep MHz
+ echo 'cores: 128'
+ echo 'nodes: 32'
+ srun --nodes=32 --ntasks=128 -ppbatch -e cg.err -o out.dat --cpu_bind=sockets ../cgCL.sh 128
nodes=32 ntasks=256
+ export BMARK_STRING=cg.D.256
+ BMARK_STRING=cg.D.256
++ date +%Y_%m_%d_%H_%M_%S_%N
+ name=2012_04_14_00_39_02_198401577
+ mkdir 2012_04_14_00_39_02_198401577
+ cd 2012_04_14_00_39_02_198401577
+ touch out.dat
+ env
+ hostname
+ echo 2012_04_14_00_39_02_198401577
+ uname -a
+ srun --nodes=1 --ntasks=1 -ppbatch cat /proc/cpuinfo
+ grep MHz
+ echo 'cores: 256'
+ echo 'nodes: 32'
+ srun --nodes=32 --ntasks=256 -ppbatch -e cg.err -o out.dat --cpu_bind=sockets ../cgCL.sh 256
nodes=32 ntasks=512
+ export BMARK_STRING=cg.D.512
+ BMARK_STRING=cg.D.512
++ date +%Y_%m_%d_%H_%M_%S_%N
+ name=2012_04_14_00_40_02_411675286
+ mkdir 2012_04_14_00_40_02_411675286
+ cd 2012_04_14_00_40_02_411675286
+ touch out.dat
+ env
+ hostname
+ echo 2012_04_14_00_40_02_411675286
+ uname -a
+ srun --nodes=1 --ntasks=1 -ppbatch cat /proc/cpuinfo
+ grep MHz
+ echo 'cores: 512'
+ echo 'nodes: 32'
+ srun --nodes=32 --ntasks=512 -ppbatch -e cg.err -o out.dat --cpu_bind=sockets ../cgCL.sh 512
nodes=32 ntasks=128
+ export BMARK_STRING=cg.D.128
+ BMARK_STRING=cg.D.128
++ date +%Y_%m_%d_%H_%M_%S_%N
+ name=2012_04_14_00_40_47_975089529
+ mkdir 2012_04_14_00_40_47_975089529
+ cd 2012_04_14_00_40_47_975089529
+ touch out.dat
+ env
+ hostname
+ echo 2012_04_14_00_40_47_975089529
+ uname -a
+ srun --nodes=1 --ntasks=1 -ppbatch cat /proc/cpuinfo
+ grep MHz
+ echo 'cores: 128'
+ echo 'nodes: 32'
+ srun --nodes=32 --ntasks=128 -ppbatch -e cg.err -o out.dat --cpu_bind=sockets ../cgCL.sh 128
nodes=32 ntasks=256
+ export BMARK_STRING=cg.D.256
+ BMARK_STRING=cg.D.256
++ date +%Y_%m_%d_%H_%M_%S_%N
+ name=2012_04_14_00_42_13_442474074
+ mkdir 2012_04_14_00_42_13_442474074
+ cd 2012_04_14_00_42_13_442474074
+ touch out.dat
+ env
+ hostname
+ echo 2012_04_14_00_42_13_442474074
+ uname -a
+ srun --nodes=1 --ntasks=1 -ppbatch cat /proc/cpuinfo
+ grep MHz
+ echo 'cores: 256'
+ echo 'nodes: 32'
+ srun --nodes=32 --ntasks=256 -ppbatch -e cg.err -o out.dat --cpu_bind=sockets ../cgCL.sh 256
nodes=32 ntasks=512
+ export BMARK_STRING=cg.D.512
+ BMARK_STRING=cg.D.512
++ date +%Y_%m_%d_%H_%M_%S_%N
+ name=2012_04_14_00_43_13_615230709
+ mkdir 2012_04_14_00_43_13_615230709
+ cd 2012_04_14_00_43_13_615230709
+ touch out.dat
+ env
+ hostname
+ echo 2012_04_14_00_43_13_615230709
+ uname -a
+ srun --nodes=1 --ntasks=1 -ppbatch cat /proc/cpuinfo
+ grep MHz
+ echo 'cores: 512'
+ echo 'nodes: 32'
+ srun --nodes=32 --ntasks=512 -ppbatch -e cg.err -o out.dat --cpu_bind=sockets ../cgCL.sh 512
nodes=32 ntasks=128
+ export BMARK_STRING=cg.D.128
+ BMARK_STRING=cg.D.128
++ date +%Y_%m_%d_%H_%M_%S_%N
+ name=2012_04_14_00_43_58_658824210
+ mkdir 2012_04_14_00_43_58_658824210
+ cd 2012_04_14_00_43_58_658824210
+ touch out.dat
+ env
+ hostname
+ echo 2012_04_14_00_43_58_658824210
+ uname -a
+ srun --nodes=1 --ntasks=1 -ppbatch cat /proc/cpuinfo
+ grep MHz
+ echo 'cores: 128'
+ echo 'nodes: 32'
+ srun --nodes=32 --ntasks=128 -ppbatch -e cg.err -o out.dat --cpu_bind=sockets ../cgCL.sh 128
nodes=32 ntasks=256
+ export BMARK_STRING=cg.D.256
+ BMARK_STRING=cg.D.256
++ date +%Y_%m_%d_%H_%M_%S_%N
+ name=2012_04_14_00_45_23_203846670
+ mkdir 2012_04_14_00_45_23_203846670
+ cd 2012_04_14_00_45_23_203846670
+ touch out.dat
+ env
+ hostname
+ echo 2012_04_14_00_45_23_203846670
+ uname -a
+ srun --nodes=1 --ntasks=1 -ppbatch cat /proc/cpuinfo
+ grep MHz
+ echo 'cores: 256'
+ echo 'nodes: 32'
+ srun --nodes=32 --ntasks=256 -ppbatch -e cg.err -o out.dat --cpu_bind=sockets ../cgCL.sh 256
nodes=32 ntasks=512
+ export BMARK_STRING=cg.D.512
+ BMARK_STRING=cg.D.512
++ date +%Y_%m_%d_%H_%M_%S_%N
+ name=2012_04_14_00_46_23_120113920
+ mkdir 2012_04_14_00_46_23_120113920
+ cd 2012_04_14_00_46_23_120113920
+ touch out.dat
+ env
+ hostname
+ echo 2012_04_14_00_46_23_120113920
+ uname -a
+ srun --nodes=1 --ntasks=1 -ppbatch cat /proc/cpuinfo
+ grep MHz
+ echo 'cores: 512'
+ echo 'nodes: 32'
+ srun --nodes=32 --ntasks=512 -ppbatch -e cg.err -o out.dat --cpu_bind=sockets ../cgCL.sh 512
nodes=32 ntasks=128
+ export BMARK_STRING=cg.D.128
+ BMARK_STRING=cg.D.128
++ date +%Y_%m_%d_%H_%M_%S_%N
+ name=2012_04_14_00_47_08_831776071
+ mkdir 2012_04_14_00_47_08_831776071
+ cd 2012_04_14_00_47_08_831776071
+ touch out.dat
+ env
+ hostname
+ echo 2012_04_14_00_47_08_831776071
+ uname -a
+ srun --nodes=1 --ntasks=1 -ppbatch cat /proc/cpuinfo
+ grep MHz
+ echo 'cores: 128'
+ echo 'nodes: 32'
+ srun --nodes=32 --ntasks=128 -ppbatch -e cg.err -o out.dat --cpu_bind=sockets ../cgCL.sh 128
nodes=32 ntasks=256
+ export BMARK_STRING=cg.D.256
+ BMARK_STRING=cg.D.256
++ date +%Y_%m_%d_%H_%M_%S_%N
+ name=2012_04_14_00_48_33_215355253
+ mkdir 2012_04_14_00_48_33_215355253
+ cd 2012_04_14_00_48_33_215355253
+ touch out.dat
+ env
+ hostname
+ echo 2012_04_14_00_48_33_215355253
+ uname -a
+ srun --nodes=1 --ntasks=1 -ppbatch cat /proc/cpuinfo
+ grep MHz
+ echo 'cores: 256'
+ echo 'nodes: 32'
+ srun --nodes=32 --ntasks=256 -ppbatch -e cg.err -o out.dat --cpu_bind=sockets ../cgCL.sh 256
nodes=32 ntasks=512
+ export BMARK_STRING=cg.D.512
+ BMARK_STRING=cg.D.512
++ date +%Y_%m_%d_%H_%M_%S_%N
+ name=2012_04_14_00_49_33_234685033
+ mkdir 2012_04_14_00_49_33_234685033
+ cd 2012_04_14_00_49_33_234685033
+ touch out.dat
+ env
+ hostname
+ echo 2012_04_14_00_49_33_234685033
+ uname -a
+ srun --nodes=1 --ntasks=1 -ppbatch cat /proc/cpuinfo
+ grep MHz
+ echo 'cores: 512'
+ echo 'nodes: 32'
+ srun --nodes=32 --ntasks=512 -ppbatch -e cg.err -o out.dat --cpu_bind=sockets ../cgCL.sh 512
Resetting now...
