/g/g24/rountree/local/src/power
nodes=16 ntasks=64
+ export BMARK_STRING=mg.D.64
+ BMARK_STRING=mg.D.64
++ date +%Y_%m_%d_%H_%M_%S_%N
+ name=2012_04_13_23_41_28_134841700
+ mkdir 2012_04_13_23_41_28_134841700
+ cd 2012_04_13_23_41_28_134841700
+ touch out.dat
+ env
+ hostname
+ echo 2012_04_13_23_41_28_134841700
+ uname -a
+ srun --nodes=1 --ntasks=1 -ppbatch cat /proc/cpuinfo
+ grep MHz
+ echo 'cores: 64'
+ echo 'nodes: 16'
+ srun --nodes=16 --ntasks=64 -ppbatch -e mg.err -o out.dat --cpu_bind=sockets ../mgCL.sh 64
nodes=16 ntasks=128
+ export BMARK_STRING=mg.D.128
+ BMARK_STRING=mg.D.128
++ date +%Y_%m_%d_%H_%M_%S_%N
+ name=2012_04_13_23_41_55_598350516
+ mkdir 2012_04_13_23_41_55_598350516
+ cd 2012_04_13_23_41_55_598350516
+ touch out.dat
+ env
+ hostname
+ echo 2012_04_13_23_41_55_598350516
+ uname -a
+ srun --nodes=1 --ntasks=1 -ppbatch cat /proc/cpuinfo
+ grep MHz
+ echo 'cores: 128'
+ echo 'nodes: 16'
+ srun --nodes=16 --ntasks=128 -ppbatch -e mg.err -o out.dat --cpu_bind=sockets ../mgCL.sh 128
nodes=16 ntasks=256
+ export BMARK_STRING=mg.D.256
+ BMARK_STRING=mg.D.256
++ date +%Y_%m_%d_%H_%M_%S_%N
+ name=2012_04_13_23_42_15_498104651
+ mkdir 2012_04_13_23_42_15_498104651
+ cd 2012_04_13_23_42_15_498104651
+ touch out.dat
+ env
+ hostname
+ echo 2012_04_13_23_42_15_498104651
+ uname -a
+ srun --nodes=1 --ntasks=1 -ppbatch cat /proc/cpuinfo
+ grep MHz
+ echo 'cores: 256'
+ echo 'nodes: 16'
+ srun --nodes=16 --ntasks=256 -ppbatch -e mg.err -o out.dat --cpu_bind=sockets ../mgCL.sh 256
nodes=16 ntasks=64
+ export BMARK_STRING=mg.D.64
+ BMARK_STRING=mg.D.64
++ date +%Y_%m_%d_%H_%M_%S_%N
+ name=2012_04_13_23_42_35_332492450
+ mkdir 2012_04_13_23_42_35_332492450
+ cd 2012_04_13_23_42_35_332492450
+ touch out.dat
+ env
+ hostname
+ echo 2012_04_13_23_42_35_332492450
+ uname -a
+ srun --nodes=1 --ntasks=1 -ppbatch cat /proc/cpuinfo
+ grep MHz
+ echo 'cores: 64'
+ echo 'nodes: 16'
+ srun --nodes=16 --ntasks=64 -ppbatch -e mg.err -o out.dat --cpu_bind=sockets ../mgCL.sh 64
nodes=16 ntasks=128
+ export BMARK_STRING=mg.D.128
+ BMARK_STRING=mg.D.128
++ date +%Y_%m_%d_%H_%M_%S_%N
+ name=2012_04_13_23_43_02_777210470
+ mkdir 2012_04_13_23_43_02_777210470
+ cd 2012_04_13_23_43_02_777210470
+ touch out.dat
+ env
+ hostname
+ echo 2012_04_13_23_43_02_777210470
+ uname -a
+ srun --nodes=1 --ntasks=1 -ppbatch cat /proc/cpuinfo
+ grep MHz
+ echo 'cores: 128'
+ echo 'nodes: 16'
+ srun --nodes=16 --ntasks=128 -ppbatch -e mg.err -o out.dat --cpu_bind=sockets ../mgCL.sh 128
nodes=16 ntasks=256
+ export BMARK_STRING=mg.D.256
+ BMARK_STRING=mg.D.256
++ date +%Y_%m_%d_%H_%M_%S_%N
+ name=2012_04_13_23_43_23_345511932
+ mkdir 2012_04_13_23_43_23_345511932
+ cd 2012_04_13_23_43_23_345511932
+ touch out.dat
+ env
+ hostname
+ echo 2012_04_13_23_43_23_345511932
+ uname -a
+ srun --nodes=1 --ntasks=1 -ppbatch cat /proc/cpuinfo
+ grep MHz
+ echo 'cores: 256'
+ echo 'nodes: 16'
+ srun --nodes=16 --ntasks=256 -ppbatch -e mg.err -o out.dat --cpu_bind=sockets ../mgCL.sh 256
nodes=16 ntasks=64
+ export BMARK_STRING=mg.D.64
+ BMARK_STRING=mg.D.64
++ date +%Y_%m_%d_%H_%M_%S_%N
+ name=2012_04_13_23_43_43_620302036
+ mkdir 2012_04_13_23_43_43_620302036
+ cd 2012_04_13_23_43_43_620302036
+ touch out.dat
+ env
+ hostname
+ echo 2012_04_13_23_43_43_620302036
+ uname -a
+ srun --nodes=1 --ntasks=1 -ppbatch cat /proc/cpuinfo
+ grep MHz
+ echo 'cores: 64'
+ echo 'nodes: 16'
+ srun --nodes=16 --ntasks=64 -ppbatch -e mg.err -o out.dat --cpu_bind=sockets ../mgCL.sh 64
nodes=16 ntasks=128
+ export BMARK_STRING=mg.D.128
+ BMARK_STRING=mg.D.128
++ date +%Y_%m_%d_%H_%M_%S_%N
+ name=2012_04_13_23_44_11_360912067
+ mkdir 2012_04_13_23_44_11_360912067
+ cd 2012_04_13_23_44_11_360912067
+ touch out.dat
+ env
+ hostname
+ echo 2012_04_13_23_44_11_360912067
+ uname -a
+ srun --nodes=1 --ntasks=1 -ppbatch cat /proc/cpuinfo
+ grep MHz
+ echo 'cores: 128'
+ echo 'nodes: 16'
+ srun --nodes=16 --ntasks=128 -ppbatch -e mg.err -o out.dat --cpu_bind=sockets ../mgCL.sh 128
nodes=16 ntasks=256
+ export BMARK_STRING=mg.D.256
+ BMARK_STRING=mg.D.256
++ date +%Y_%m_%d_%H_%M_%S_%N
+ name=2012_04_13_23_44_32_072619224
+ mkdir 2012_04_13_23_44_32_072619224
+ cd 2012_04_13_23_44_32_072619224
+ touch out.dat
+ env
+ hostname
+ echo 2012_04_13_23_44_32_072619224
+ uname -a
+ srun --nodes=1 --ntasks=1 -ppbatch cat /proc/cpuinfo
+ grep MHz
+ echo 'cores: 256'
+ echo 'nodes: 16'
+ srun --nodes=16 --ntasks=256 -ppbatch -e mg.err -o out.dat --cpu_bind=sockets ../mgCL.sh 256
nodes=16 ntasks=64
+ export BMARK_STRING=mg.D.64
+ BMARK_STRING=mg.D.64
++ date +%Y_%m_%d_%H_%M_%S_%N
+ name=2012_04_13_23_44_52_206871537
+ mkdir 2012_04_13_23_44_52_206871537
+ cd 2012_04_13_23_44_52_206871537
+ touch out.dat
+ env
+ hostname
+ echo 2012_04_13_23_44_52_206871537
+ uname -a
+ srun --nodes=1 --ntasks=1 -ppbatch cat /proc/cpuinfo
+ grep MHz
+ echo 'cores: 64'
+ echo 'nodes: 16'
+ srun --nodes=16 --ntasks=64 -ppbatch -e mg.err -o out.dat --cpu_bind=sockets ../mgCL.sh 64
nodes=16 ntasks=128
+ export BMARK_STRING=mg.D.128
+ BMARK_STRING=mg.D.128
++ date +%Y_%m_%d_%H_%M_%S_%N
+ name=2012_04_13_23_45_19_814648589
+ mkdir 2012_04_13_23_45_19_814648589
+ cd 2012_04_13_23_45_19_814648589
+ touch out.dat
+ env
+ hostname
+ echo 2012_04_13_23_45_19_814648589
+ uname -a
+ srun --nodes=1 --ntasks=1 -ppbatch cat /proc/cpuinfo
+ grep MHz
+ echo 'cores: 128'
+ echo 'nodes: 16'
+ srun --nodes=16 --ntasks=128 -ppbatch -e mg.err -o out.dat --cpu_bind=sockets ../mgCL.sh 128
nodes=16 ntasks=256
+ export BMARK_STRING=mg.D.256
+ BMARK_STRING=mg.D.256
++ date +%Y_%m_%d_%H_%M_%S_%N
+ name=2012_04_13_23_45_40_105101717
+ mkdir 2012_04_13_23_45_40_105101717
+ cd 2012_04_13_23_45_40_105101717
+ touch out.dat
+ env
+ hostname
+ echo 2012_04_13_23_45_40_105101717
+ uname -a
+ srun --nodes=1 --ntasks=1 -ppbatch cat /proc/cpuinfo
+ grep MHz
+ echo 'cores: 256'
+ echo 'nodes: 16'
+ srun --nodes=16 --ntasks=256 -ppbatch -e mg.err -o out.dat --cpu_bind=sockets ../mgCL.sh 256
nodes=16 ntasks=64
+ export BMARK_STRING=mg.D.64
+ BMARK_STRING=mg.D.64
++ date +%Y_%m_%d_%H_%M_%S_%N
+ name=2012_04_13_23_46_00_368263789
+ mkdir 2012_04_13_23_46_00_368263789
+ cd 2012_04_13_23_46_00_368263789
+ touch out.dat
+ env
+ hostname
+ echo 2012_04_13_23_46_00_368263789
+ uname -a
+ srun --nodes=1 --ntasks=1 -ppbatch cat /proc/cpuinfo
+ grep MHz
+ echo 'cores: 64'
+ echo 'nodes: 16'
+ srun --nodes=16 --ntasks=64 -ppbatch -e mg.err -o out.dat --cpu_bind=sockets ../mgCL.sh 64
nodes=16 ntasks=128
+ export BMARK_STRING=mg.D.128
+ BMARK_STRING=mg.D.128
++ date +%Y_%m_%d_%H_%M_%S_%N
+ name=2012_04_13_23_46_26_774231308
+ mkdir 2012_04_13_23_46_26_774231308
+ cd 2012_04_13_23_46_26_774231308
+ touch out.dat
+ env
+ hostname
+ echo 2012_04_13_23_46_26_774231308
+ uname -a
+ srun --nodes=1 --ntasks=1 -ppbatch cat /proc/cpuinfo
+ grep MHz
+ echo 'cores: 128'
+ echo 'nodes: 16'
+ srun --nodes=16 --ntasks=128 -ppbatch -e mg.err -o out.dat --cpu_bind=sockets ../mgCL.sh 128
nodes=16 ntasks=256
+ export BMARK_STRING=mg.D.256
+ BMARK_STRING=mg.D.256
++ date +%Y_%m_%d_%H_%M_%S_%N
+ name=2012_04_13_23_46_45_488547647
+ mkdir 2012_04_13_23_46_45_488547647
+ cd 2012_04_13_23_46_45_488547647
+ touch out.dat
+ env
+ hostname
+ echo 2012_04_13_23_46_45_488547647
+ uname -a
+ srun --nodes=1 --ntasks=1 -ppbatch cat /proc/cpuinfo
+ grep MHz
+ echo 'cores: 256'
+ echo 'nodes: 16'
+ srun --nodes=16 --ntasks=256 -ppbatch -e mg.err -o out.dat --cpu_bind=sockets ../mgCL.sh 256
nodes=16 ntasks=64
+ export BMARK_STRING=mg.D.64
+ BMARK_STRING=mg.D.64
++ date +%Y_%m_%d_%H_%M_%S_%N
+ name=2012_04_13_23_47_03_123023170
+ mkdir 2012_04_13_23_47_03_123023170
+ cd 2012_04_13_23_47_03_123023170
+ touch out.dat
+ env
+ hostname
+ echo 2012_04_13_23_47_03_123023170
+ uname -a
+ srun --nodes=1 --ntasks=1 -ppbatch cat /proc/cpuinfo
+ grep MHz
+ echo 'cores: 64'
+ echo 'nodes: 16'
+ srun --nodes=16 --ntasks=64 -ppbatch -e mg.err -o out.dat --cpu_bind=sockets ../mgCL.sh 64
nodes=16 ntasks=128
+ export BMARK_STRING=mg.D.128
+ BMARK_STRING=mg.D.128
++ date +%Y_%m_%d_%H_%M_%S_%N
+ name=2012_04_13_23_47_30_652735635
+ mkdir 2012_04_13_23_47_30_652735635
+ cd 2012_04_13_23_47_30_652735635
+ touch out.dat
+ env
+ hostname
+ echo 2012_04_13_23_47_30_652735635
+ uname -a
+ srun --nodes=1 --ntasks=1 -ppbatch cat /proc/cpuinfo
+ grep MHz
+ echo 'cores: 128'
+ echo 'nodes: 16'
+ srun --nodes=16 --ntasks=128 -ppbatch -e mg.err -o out.dat --cpu_bind=sockets ../mgCL.sh 128
nodes=16 ntasks=256
+ export BMARK_STRING=mg.D.256
+ BMARK_STRING=mg.D.256
++ date +%Y_%m_%d_%H_%M_%S_%N
+ name=2012_04_13_23_47_50_572821595
+ mkdir 2012_04_13_23_47_50_572821595
+ cd 2012_04_13_23_47_50_572821595
+ touch out.dat
+ env
+ hostname
+ echo 2012_04_13_23_47_50_572821595
+ uname -a
+ srun --nodes=1 --ntasks=1 -ppbatch cat /proc/cpuinfo
+ grep MHz
+ echo 'cores: 256'
+ echo 'nodes: 16'
+ srun --nodes=16 --ntasks=256 -ppbatch -e mg.err -o out.dat --cpu_bind=sockets ../mgCL.sh 256
nodes=16 ntasks=64
+ export BMARK_STRING=mg.D.64
+ BMARK_STRING=mg.D.64
++ date +%Y_%m_%d_%H_%M_%S_%N
+ name=2012_04_13_23_48_08_314325464
+ mkdir 2012_04_13_23_48_08_314325464
+ cd 2012_04_13_23_48_08_314325464
+ touch out.dat
+ env
+ hostname
+ echo 2012_04_13_23_48_08_314325464
+ uname -a
+ srun --nodes=1 --ntasks=1 -ppbatch cat /proc/cpuinfo
+ grep MHz
+ echo 'cores: 64'
+ echo 'nodes: 16'
+ srun --nodes=16 --ntasks=64 -ppbatch -e mg.err -o out.dat --cpu_bind=sockets ../mgCL.sh 64
nodes=16 ntasks=128
+ export BMARK_STRING=mg.D.128
+ BMARK_STRING=mg.D.128
++ date +%Y_%m_%d_%H_%M_%S_%N
+ name=2012_04_13_23_48_35_954898045
+ mkdir 2012_04_13_23_48_35_954898045
+ cd 2012_04_13_23_48_35_954898045
+ touch out.dat
+ env
+ hostname
+ echo 2012_04_13_23_48_35_954898045
+ uname -a
+ srun --nodes=1 --ntasks=1 -ppbatch cat /proc/cpuinfo
+ grep MHz
+ echo 'cores: 128'
+ echo 'nodes: 16'
+ srun --nodes=16 --ntasks=128 -ppbatch -e mg.err -o out.dat --cpu_bind=sockets ../mgCL.sh 128
nodes=16 ntasks=256
+ export BMARK_STRING=mg.D.256
+ BMARK_STRING=mg.D.256
++ date +%Y_%m_%d_%H_%M_%S_%N
+ name=2012_04_13_23_48_56_250256622
+ mkdir 2012_04_13_23_48_56_250256622
+ cd 2012_04_13_23_48_56_250256622
+ touch out.dat
+ env
+ hostname
+ echo 2012_04_13_23_48_56_250256622
+ uname -a
+ srun --nodes=1 --ntasks=1 -ppbatch cat /proc/cpuinfo
+ grep MHz
+ echo 'cores: 256'
+ echo 'nodes: 16'
+ srun --nodes=16 --ntasks=256 -ppbatch -e mg.err -o out.dat --cpu_bind=sockets ../mgCL.sh 256
nodes=16 ntasks=64
+ export BMARK_STRING=mg.D.64
+ BMARK_STRING=mg.D.64
++ date +%Y_%m_%d_%H_%M_%S_%N
+ name=2012_04_13_23_49_14_137295684
+ mkdir 2012_04_13_23_49_14_137295684
+ cd 2012_04_13_23_49_14_137295684
+ touch out.dat
+ env
+ hostname
+ echo 2012_04_13_23_49_14_137295684
+ uname -a
+ srun --nodes=1 --ntasks=1 -ppbatch cat /proc/cpuinfo
+ grep MHz
+ echo 'cores: 64'
+ echo 'nodes: 16'
+ srun --nodes=16 --ntasks=64 -ppbatch -e mg.err -o out.dat --cpu_bind=sockets ../mgCL.sh 64
nodes=16 ntasks=128
+ export BMARK_STRING=mg.D.128
+ BMARK_STRING=mg.D.128
++ date +%Y_%m_%d_%H_%M_%S_%N
+ name=2012_04_13_23_49_41_528586108
+ mkdir 2012_04_13_23_49_41_528586108
+ cd 2012_04_13_23_49_41_528586108
+ touch out.dat
+ env
+ hostname
+ echo 2012_04_13_23_49_41_528586108
+ uname -a
+ srun --nodes=1 --ntasks=1 -ppbatch cat /proc/cpuinfo
+ grep MHz
+ echo 'cores: 128'
+ echo 'nodes: 16'
+ srun --nodes=16 --ntasks=128 -ppbatch -e mg.err -o out.dat --cpu_bind=sockets ../mgCL.sh 128
nodes=16 ntasks=256
+ export BMARK_STRING=mg.D.256
+ BMARK_STRING=mg.D.256
++ date +%Y_%m_%d_%H_%M_%S_%N
+ name=2012_04_13_23_50_00_741486067
+ mkdir 2012_04_13_23_50_00_741486067
+ cd 2012_04_13_23_50_00_741486067
+ touch out.dat
+ env
+ hostname
+ echo 2012_04_13_23_50_00_741486067
+ uname -a
+ srun --nodes=1 --ntasks=1 -ppbatch cat /proc/cpuinfo
+ grep MHz
+ echo 'cores: 256'
+ echo 'nodes: 16'
+ srun --nodes=16 --ntasks=256 -ppbatch -e mg.err -o out.dat --cpu_bind=sockets ../mgCL.sh 256
nodes=16 ntasks=64
+ export BMARK_STRING=mg.D.64
+ BMARK_STRING=mg.D.64
++ date +%Y_%m_%d_%H_%M_%S_%N
+ name=2012_04_13_23_50_18_320188874
+ mkdir 2012_04_13_23_50_18_320188874
+ cd 2012_04_13_23_50_18_320188874
+ touch out.dat
+ env
+ hostname
+ echo 2012_04_13_23_50_18_320188874
+ uname -a
+ srun --nodes=1 --ntasks=1 -ppbatch cat /proc/cpuinfo
+ grep MHz
+ echo 'cores: 64'
+ echo 'nodes: 16'
+ srun --nodes=16 --ntasks=64 -ppbatch -e mg.err -o out.dat --cpu_bind=sockets ../mgCL.sh 64
nodes=16 ntasks=128
+ export BMARK_STRING=mg.D.128
+ BMARK_STRING=mg.D.128
++ date +%Y_%m_%d_%H_%M_%S_%N
+ name=2012_04_13_23_50_45_688738471
+ mkdir 2012_04_13_23_50_45_688738471
+ cd 2012_04_13_23_50_45_688738471
+ touch out.dat
+ env
+ hostname
+ echo 2012_04_13_23_50_45_688738471
+ uname -a
+ srun --nodes=1 --ntasks=1 -ppbatch cat /proc/cpuinfo
+ grep MHz
+ echo 'cores: 128'
+ echo 'nodes: 16'
+ srun --nodes=16 --ntasks=128 -ppbatch -e mg.err -o out.dat --cpu_bind=sockets ../mgCL.sh 128
nodes=16 ntasks=256
+ export BMARK_STRING=mg.D.256
+ BMARK_STRING=mg.D.256
++ date +%Y_%m_%d_%H_%M_%S_%N
+ name=2012_04_13_23_51_05_051863128
+ mkdir 2012_04_13_23_51_05_051863128
+ cd 2012_04_13_23_51_05_051863128
+ touch out.dat
+ env
+ hostname
+ echo 2012_04_13_23_51_05_051863128
+ uname -a
+ srun --nodes=1 --ntasks=1 -ppbatch cat /proc/cpuinfo
+ grep MHz
+ echo 'cores: 256'
+ echo 'nodes: 16'
+ srun --nodes=16 --ntasks=256 -ppbatch -e mg.err -o out.dat --cpu_bind=sockets ../mgCL.sh 256
nodes=16 ntasks=64
+ export BMARK_STRING=mg.D.64
+ BMARK_STRING=mg.D.64
++ date +%Y_%m_%d_%H_%M_%S_%N
+ name=2012_04_13_23_51_22_269336166
+ mkdir 2012_04_13_23_51_22_269336166
+ cd 2012_04_13_23_51_22_269336166
+ touch out.dat
+ env
+ hostname
+ echo 2012_04_13_23_51_22_269336166
+ uname -a
+ srun --nodes=1 --ntasks=1 -ppbatch cat /proc/cpuinfo
+ grep MHz
+ echo 'cores: 64'
+ echo 'nodes: 16'
+ srun --nodes=16 --ntasks=64 -ppbatch -e mg.err -o out.dat --cpu_bind=sockets ../mgCL.sh 64
nodes=16 ntasks=128
+ export BMARK_STRING=mg.D.128
+ BMARK_STRING=mg.D.128
++ date +%Y_%m_%d_%H_%M_%S_%N
+ name=2012_04_13_23_51_50_301659171
+ mkdir 2012_04_13_23_51_50_301659171
+ cd 2012_04_13_23_51_50_301659171
+ touch out.dat
+ env
+ hostname
+ echo 2012_04_13_23_51_50_301659171
+ uname -a
+ srun --nodes=1 --ntasks=1 -ppbatch cat /proc/cpuinfo
+ grep MHz
+ echo 'cores: 128'
+ echo 'nodes: 16'
+ srun --nodes=16 --ntasks=128 -ppbatch -e mg.err -o out.dat --cpu_bind=sockets ../mgCL.sh 128
nodes=16 ntasks=256
+ export BMARK_STRING=mg.D.256
+ BMARK_STRING=mg.D.256
++ date +%Y_%m_%d_%H_%M_%S_%N
+ name=2012_04_13_23_52_09_671937422
+ mkdir 2012_04_13_23_52_09_671937422
+ cd 2012_04_13_23_52_09_671937422
+ touch out.dat
+ env
+ hostname
+ echo 2012_04_13_23_52_09_671937422
+ uname -a
+ srun --nodes=1 --ntasks=1 -ppbatch cat /proc/cpuinfo
+ grep MHz
+ echo 'cores: 256'
+ echo 'nodes: 16'
+ srun --nodes=16 --ntasks=256 -ppbatch -e mg.err -o out.dat --cpu_bind=sockets ../mgCL.sh 256
nodes=16 ntasks=64
+ export BMARK_STRING=mg.D.64
+ BMARK_STRING=mg.D.64
++ date +%Y_%m_%d_%H_%M_%S_%N
+ name=2012_04_13_23_52_26_416825304
+ mkdir 2012_04_13_23_52_26_416825304
+ cd 2012_04_13_23_52_26_416825304
+ touch out.dat
+ env
+ hostname
+ echo 2012_04_13_23_52_26_416825304
+ uname -a
+ srun --nodes=1 --ntasks=1 -ppbatch cat /proc/cpuinfo
+ grep MHz
+ echo 'cores: 64'
+ echo 'nodes: 16'
+ srun --nodes=16 --ntasks=64 -ppbatch -e mg.err -o out.dat --cpu_bind=sockets ../mgCL.sh 64
nodes=16 ntasks=128
+ export BMARK_STRING=mg.D.128
+ BMARK_STRING=mg.D.128
++ date +%Y_%m_%d_%H_%M_%S_%N
+ name=2012_04_13_23_52_54_054418330
+ mkdir 2012_04_13_23_52_54_054418330
+ cd 2012_04_13_23_52_54_054418330
+ touch out.dat
+ env
+ hostname
+ echo 2012_04_13_23_52_54_054418330
+ uname -a
+ grep MHz
+ srun --nodes=1 --ntasks=1 -ppbatch cat /proc/cpuinfo
+ echo 'cores: 128'
+ echo 'nodes: 16'
+ srun --nodes=16 --ntasks=128 -ppbatch -e mg.err -o out.dat --cpu_bind=sockets ../mgCL.sh 128
nodes=16 ntasks=256
+ export BMARK_STRING=mg.D.256
+ BMARK_STRING=mg.D.256
++ date +%Y_%m_%d_%H_%M_%S_%N
+ name=2012_04_13_23_53_13_425253006
+ mkdir 2012_04_13_23_53_13_425253006
+ cd 2012_04_13_23_53_13_425253006
+ touch out.dat
+ env
+ hostname
+ echo 2012_04_13_23_53_13_425253006
+ uname -a
+ srun --nodes=1 --ntasks=1 -ppbatch cat /proc/cpuinfo
+ grep MHz
+ echo 'cores: 256'
+ echo 'nodes: 16'
+ srun --nodes=16 --ntasks=256 -ppbatch -e mg.err -o out.dat --cpu_bind=sockets ../mgCL.sh 256
nodes=16 ntasks=64
+ export BMARK_STRING=mg.D.64
+ BMARK_STRING=mg.D.64
++ date +%Y_%m_%d_%H_%M_%S_%N
+ name=2012_04_13_23_53_30_230237758
+ mkdir 2012_04_13_23_53_30_230237758
+ cd 2012_04_13_23_53_30_230237758
+ touch out.dat
+ env
+ hostname
+ echo 2012_04_13_23_53_30_230237758
+ uname -a
+ srun --nodes=1 --ntasks=1 -ppbatch cat /proc/cpuinfo
+ grep MHz
+ echo 'cores: 64'
+ echo 'nodes: 16'
+ srun --nodes=16 --ntasks=64 -ppbatch -e mg.err -o out.dat --cpu_bind=sockets ../mgCL.sh 64
nodes=16 ntasks=128
+ export BMARK_STRING=mg.D.128
+ BMARK_STRING=mg.D.128
++ date +%Y_%m_%d_%H_%M_%S_%N
+ name=2012_04_13_23_53_57_584717884
+ mkdir 2012_04_13_23_53_57_584717884
+ cd 2012_04_13_23_53_57_584717884
+ touch out.dat
+ env
+ hostname
+ echo 2012_04_13_23_53_57_584717884
+ uname -a
+ srun --nodes=1 --ntasks=1 -ppbatch cat /proc/cpuinfo
+ grep MHz
+ echo 'cores: 128'
+ echo 'nodes: 16'
+ srun --nodes=16 --ntasks=128 -ppbatch -e mg.err -o out.dat --cpu_bind=sockets ../mgCL.sh 128
nodes=16 ntasks=256
+ export BMARK_STRING=mg.D.256
+ BMARK_STRING=mg.D.256
++ date +%Y_%m_%d_%H_%M_%S_%N
+ name=2012_04_13_23_54_17_270836241
+ mkdir 2012_04_13_23_54_17_270836241
+ cd 2012_04_13_23_54_17_270836241
+ touch out.dat
+ env
+ hostname
+ echo 2012_04_13_23_54_17_270836241
+ uname -a
+ srun --nodes=1 --ntasks=1 -ppbatch cat /proc/cpuinfo
+ grep MHz
+ echo 'cores: 256'
+ echo 'nodes: 16'
+ srun --nodes=16 --ntasks=256 -ppbatch -e mg.err -o out.dat --cpu_bind=sockets ../mgCL.sh 256
nodes=16 ntasks=64
+ export BMARK_STRING=mg.D.64
+ BMARK_STRING=mg.D.64
++ date +%Y_%m_%d_%H_%M_%S_%N
+ name=2012_04_13_23_54_35_006778478
+ mkdir 2012_04_13_23_54_35_006778478
+ cd 2012_04_13_23_54_35_006778478
+ touch out.dat
+ env
+ hostname
+ echo 2012_04_13_23_54_35_006778478
+ uname -a
+ srun --nodes=1 --ntasks=1 -ppbatch cat /proc/cpuinfo
+ grep MHz
+ echo 'cores: 64'
+ echo 'nodes: 16'
+ srun --nodes=16 --ntasks=64 -ppbatch -e mg.err -o out.dat --cpu_bind=sockets ../mgCL.sh 64
nodes=16 ntasks=128
+ export BMARK_STRING=mg.D.128
+ BMARK_STRING=mg.D.128
++ date +%Y_%m_%d_%H_%M_%S_%N
+ name=2012_04_13_23_55_02_398330899
+ mkdir 2012_04_13_23_55_02_398330899
+ cd 2012_04_13_23_55_02_398330899
+ touch out.dat
+ env
+ hostname
+ echo 2012_04_13_23_55_02_398330899
+ uname -a
+ srun --nodes=1 --ntasks=1 -ppbatch cat /proc/cpuinfo
+ grep MHz
+ echo 'cores: 128'
+ echo 'nodes: 16'
+ srun --nodes=16 --ntasks=128 -ppbatch -e mg.err -o out.dat --cpu_bind=sockets ../mgCL.sh 128
nodes=16 ntasks=256
+ export BMARK_STRING=mg.D.256
+ BMARK_STRING=mg.D.256
++ date +%Y_%m_%d_%H_%M_%S_%N
+ name=2012_04_13_23_55_22_256781709
+ mkdir 2012_04_13_23_55_22_256781709
+ cd 2012_04_13_23_55_22_256781709
+ touch out.dat
+ env
+ hostname
+ echo 2012_04_13_23_55_22_256781709
+ uname -a
+ srun --nodes=1 --ntasks=1 -ppbatch cat /proc/cpuinfo
+ grep MHz
+ echo 'cores: 256'
+ echo 'nodes: 16'
+ srun --nodes=16 --ntasks=256 -ppbatch -e mg.err -o out.dat --cpu_bind=sockets ../mgCL.sh 256
nodes=16 ntasks=64
+ export BMARK_STRING=mg.D.64
+ BMARK_STRING=mg.D.64
++ date +%Y_%m_%d_%H_%M_%S_%N
+ name=2012_04_13_23_55_39_111162684
+ mkdir 2012_04_13_23_55_39_111162684
+ cd 2012_04_13_23_55_39_111162684
+ touch out.dat
+ env
+ hostname
+ echo 2012_04_13_23_55_39_111162684
+ uname -a
+ srun --nodes=1 --ntasks=1 -ppbatch cat /proc/cpuinfo
+ grep MHz
+ echo 'cores: 64'
+ echo 'nodes: 16'
+ srun --nodes=16 --ntasks=64 -ppbatch -e mg.err -o out.dat --cpu_bind=sockets ../mgCL.sh 64
nodes=16 ntasks=128
+ export BMARK_STRING=mg.D.128
+ BMARK_STRING=mg.D.128
++ date +%Y_%m_%d_%H_%M_%S_%N
+ name=2012_04_13_23_56_06_455062440
+ mkdir 2012_04_13_23_56_06_455062440
+ cd 2012_04_13_23_56_06_455062440
+ touch out.dat
+ env
+ hostname
+ echo 2012_04_13_23_56_06_455062440
+ uname -a
+ srun --nodes=1 --ntasks=1 -ppbatch cat /proc/cpuinfo
+ grep MHz
+ echo 'cores: 128'
+ echo 'nodes: 16'
+ srun --nodes=16 --ntasks=128 -ppbatch -e mg.err -o out.dat --cpu_bind=sockets ../mgCL.sh 128
nodes=16 ntasks=256
+ export BMARK_STRING=mg.D.256
+ BMARK_STRING=mg.D.256
++ date +%Y_%m_%d_%H_%M_%S_%N
+ name=2012_04_13_23_56_25_981756030
+ mkdir 2012_04_13_23_56_25_981756030
+ cd 2012_04_13_23_56_25_981756030
+ touch out.dat
+ env
+ hostname
+ echo 2012_04_13_23_56_25_981756030
+ uname -a
+ srun --nodes=1 --ntasks=1 -ppbatch cat /proc/cpuinfo
+ grep MHz
+ echo 'cores: 256'
+ echo 'nodes: 16'
+ srun --nodes=16 --ntasks=256 -ppbatch -e mg.err -o out.dat --cpu_bind=sockets ../mgCL.sh 256
nodes=16 ntasks=64
+ export BMARK_STRING=mg.D.64
+ BMARK_STRING=mg.D.64
++ date +%Y_%m_%d_%H_%M_%S_%N
+ name=2012_04_13_23_56_42_742977816
+ mkdir 2012_04_13_23_56_42_742977816
+ cd 2012_04_13_23_56_42_742977816
+ touch out.dat
+ env
+ hostname
+ echo 2012_04_13_23_56_42_742977816
+ uname -a
+ srun --nodes=1 --ntasks=1 -ppbatch cat /proc/cpuinfo
+ grep MHz
+ echo 'cores: 64'
+ echo 'nodes: 16'
+ srun --nodes=16 --ntasks=64 -ppbatch -e mg.err -o out.dat --cpu_bind=sockets ../mgCL.sh 64
nodes=16 ntasks=128
+ export BMARK_STRING=mg.D.128
+ BMARK_STRING=mg.D.128
++ date +%Y_%m_%d_%H_%M_%S_%N
+ name=2012_04_13_23_57_10_202999433
+ mkdir 2012_04_13_23_57_10_202999433
+ cd 2012_04_13_23_57_10_202999433
+ touch out.dat
+ env
+ hostname
+ echo 2012_04_13_23_57_10_202999433
+ uname -a
+ srun --nodes=1 --ntasks=1 -ppbatch cat /proc/cpuinfo
+ grep MHz
+ echo 'cores: 128'
+ echo 'nodes: 16'
+ srun --nodes=16 --ntasks=128 -ppbatch -e mg.err -o out.dat --cpu_bind=sockets ../mgCL.sh 128
nodes=16 ntasks=256
+ export BMARK_STRING=mg.D.256
+ BMARK_STRING=mg.D.256
++ date +%Y_%m_%d_%H_%M_%S_%N
+ name=2012_04_13_23_57_28_820261814
+ mkdir 2012_04_13_23_57_28_820261814
+ cd 2012_04_13_23_57_28_820261814
+ touch out.dat
+ env
+ hostname
+ echo 2012_04_13_23_57_28_820261814
+ uname -a
+ srun --nodes=1 --ntasks=1 -ppbatch cat /proc/cpuinfo
+ grep MHz
+ echo 'cores: 256'
+ echo 'nodes: 16'
+ srun --nodes=16 --ntasks=256 -ppbatch -e mg.err -o out.dat --cpu_bind=sockets ../mgCL.sh 256
nodes=16 ntasks=64
+ export BMARK_STRING=mg.D.64
+ BMARK_STRING=mg.D.64
++ date +%Y_%m_%d_%H_%M_%S_%N
+ name=2012_04_13_23_57_44_876388215
+ mkdir 2012_04_13_23_57_44_876388215
+ cd 2012_04_13_23_57_44_876388215
+ touch out.dat
+ env
+ hostname
+ echo 2012_04_13_23_57_44_876388215
+ uname -a
+ srun --nodes=1 --ntasks=1 -ppbatch cat /proc/cpuinfo
+ grep MHz
+ echo 'cores: 64'
+ echo 'nodes: 16'
+ srun --nodes=16 --ntasks=64 -ppbatch -e mg.err -o out.dat --cpu_bind=sockets ../mgCL.sh 64
nodes=16 ntasks=128
+ export BMARK_STRING=mg.D.128
+ BMARK_STRING=mg.D.128
++ date +%Y_%m_%d_%H_%M_%S_%N
+ name=2012_04_13_23_58_12_267823783
+ mkdir 2012_04_13_23_58_12_267823783
+ cd 2012_04_13_23_58_12_267823783
+ touch out.dat
+ env
+ hostname
+ echo 2012_04_13_23_58_12_267823783
+ uname -a
+ srun --nodes=1 --ntasks=1 -ppbatch cat /proc/cpuinfo
+ grep MHz
+ echo 'cores: 128'
+ echo 'nodes: 16'
+ srun --nodes=16 --ntasks=128 -ppbatch -e mg.err -o out.dat --cpu_bind=sockets ../mgCL.sh 128
nodes=16 ntasks=256
+ export BMARK_STRING=mg.D.256
+ BMARK_STRING=mg.D.256
++ date +%Y_%m_%d_%H_%M_%S_%N
+ name=2012_04_13_23_58_31_213369730
+ mkdir 2012_04_13_23_58_31_213369730
+ cd 2012_04_13_23_58_31_213369730
+ touch out.dat
+ env
+ hostname
+ echo 2012_04_13_23_58_31_213369730
+ uname -a
+ srun --nodes=1 --ntasks=1 -ppbatch cat /proc/cpuinfo
+ grep MHz
+ echo 'cores: 256'
+ echo 'nodes: 16'
+ srun --nodes=16 --ntasks=256 -ppbatch -e mg.err -o out.dat --cpu_bind=sockets ../mgCL.sh 256
Resetting now...
