/g/g24/rountree/local/src/power
nodes=16 ntasks=64
+ export BMARK_STRING=ft.D.64
+ BMARK_STRING=ft.D.64
++ date +%Y_%m_%d_%H_%M_%S_%N
+ name=2012_04_13_23_01_42_460129164
+ mkdir 2012_04_13_23_01_42_460129164
+ cd 2012_04_13_23_01_42_460129164
+ touch out.dat
+ env
+ hostname
+ echo 2012_04_13_23_01_42_460129164
+ uname -a
+ srun --nodes=1 --ntasks=1 -ppbatch cat /proc/cpuinfo
+ grep MHz
+ echo 'cores: 64'
+ echo 'nodes: 16'
+ srun --nodes=16 --ntasks=64 -ppbatch -e ft.err -o out.dat --cpu_bind=sockets ../ftCL.sh 64
nodes=16 ntasks=128
+ export BMARK_STRING=ft.D.128
+ BMARK_STRING=ft.D.128
++ date +%Y_%m_%d_%H_%M_%S_%N
+ name=2012_04_13_23_05_23_558402882
+ mkdir 2012_04_13_23_05_23_558402882
+ cd 2012_04_13_23_05_23_558402882
+ touch out.dat
+ env
+ hostname
+ echo 2012_04_13_23_05_23_558402882
+ uname -a
+ srun --nodes=1 --ntasks=1 -ppbatch cat /proc/cpuinfo
+ grep MHz
+ echo 'cores: 128'
+ echo 'nodes: 16'
+ srun --nodes=16 --ntasks=128 -ppbatch -e ft.err -o out.dat --cpu_bind=sockets ../ftCL.sh 128
nodes=16 ntasks=256
+ export BMARK_STRING=ft.D.256
+ BMARK_STRING=ft.D.256
++ date +%Y_%m_%d_%H_%M_%S_%N
+ name=2012_04_13_23_07_03_177069921
+ mkdir 2012_04_13_23_07_03_177069921
+ cd 2012_04_13_23_07_03_177069921
+ touch out.dat
+ env
+ hostname
+ echo 2012_04_13_23_07_03_177069921
+ uname -a
+ srun --nodes=1 --ntasks=1 -ppbatch cat /proc/cpuinfo
+ grep MHz
+ echo 'cores: 256'
+ echo 'nodes: 16'
+ srun --nodes=16 --ntasks=256 -ppbatch -e ft.err -o out.dat --cpu_bind=sockets ../ftCL.sh 256
nodes=16 ntasks=64
+ export BMARK_STRING=ft.D.64
+ BMARK_STRING=ft.D.64
++ date +%Y_%m_%d_%H_%M_%S_%N
+ name=2012_04_13_23_08_26_092687908
+ mkdir 2012_04_13_23_08_26_092687908
+ cd 2012_04_13_23_08_26_092687908
+ touch out.dat
+ env
+ hostname
+ echo 2012_04_13_23_08_26_092687908
+ uname -a
+ srun --nodes=1 --ntasks=1 -ppbatch cat /proc/cpuinfo
+ grep MHz
+ echo 'cores: 64'
+ echo 'nodes: 16'
+ srun --nodes=16 --ntasks=64 -ppbatch -e ft.err -o out.dat --cpu_bind=sockets ../ftCL.sh 64
nodes=16 ntasks=128
+ export BMARK_STRING=ft.D.128
+ BMARK_STRING=ft.D.128
++ date +%Y_%m_%d_%H_%M_%S_%N
+ name=2012_04_13_23_11_07_210930001
+ mkdir 2012_04_13_23_11_07_210930001
+ cd 2012_04_13_23_11_07_210930001
+ touch out.dat
+ env
+ hostname
+ echo 2012_04_13_23_11_07_210930001
+ uname -a
+ srun --nodes=1 --ntasks=1 -ppbatch cat /proc/cpuinfo
+ grep MHz
+ echo 'cores: 128'
+ echo 'nodes: 16'
+ srun --nodes=16 --ntasks=128 -ppbatch -e ft.err -o out.dat --cpu_bind=sockets ../ftCL.sh 128
nodes=16 ntasks=256
+ export BMARK_STRING=ft.D.256
+ BMARK_STRING=ft.D.256
++ date +%Y_%m_%d_%H_%M_%S_%N
+ name=2012_04_13_23_12_47_778870633
+ mkdir 2012_04_13_23_12_47_778870633
+ cd 2012_04_13_23_12_47_778870633
+ touch out.dat
+ env
+ hostname
+ echo 2012_04_13_23_12_47_778870633
+ uname -a
+ srun --nodes=1 --ntasks=1 -ppbatch cat /proc/cpuinfo
+ grep MHz
+ echo 'cores: 256'
+ echo 'nodes: 16'
+ srun --nodes=16 --ntasks=256 -ppbatch -e ft.err -o out.dat --cpu_bind=sockets ../ftCL.sh 256
nodes=16 ntasks=64
+ export BMARK_STRING=ft.D.64
+ BMARK_STRING=ft.D.64
++ date +%Y_%m_%d_%H_%M_%S_%N
+ name=2012_04_13_23_14_11_061849995
+ mkdir 2012_04_13_23_14_11_061849995
+ cd 2012_04_13_23_14_11_061849995
+ touch out.dat
+ env
+ hostname
+ echo 2012_04_13_23_14_11_061849995
+ uname -a
+ srun --nodes=1 --ntasks=1 -ppbatch cat /proc/cpuinfo
+ grep MHz
+ echo 'cores: 64'
+ echo 'nodes: 16'
+ srun --nodes=16 --ntasks=64 -ppbatch -e ft.err -o out.dat --cpu_bind=sockets ../ftCL.sh 64
nodes=16 ntasks=128
+ export BMARK_STRING=ft.D.128
+ BMARK_STRING=ft.D.128
++ date +%Y_%m_%d_%H_%M_%S_%N
+ name=2012_04_13_23_16_50_836307226
+ mkdir 2012_04_13_23_16_50_836307226
+ cd 2012_04_13_23_16_50_836307226
+ touch out.dat
+ env
+ hostname
+ echo 2012_04_13_23_16_50_836307226
+ uname -a
+ srun --nodes=1 --ntasks=1 -ppbatch cat /proc/cpuinfo
+ grep MHz
+ echo 'cores: 128'
+ echo 'nodes: 16'
+ srun --nodes=16 --ntasks=128 -ppbatch -e ft.err -o out.dat --cpu_bind=sockets ../ftCL.sh 128
nodes=16 ntasks=256
+ export BMARK_STRING=ft.D.256
+ BMARK_STRING=ft.D.256
++ date +%Y_%m_%d_%H_%M_%S_%N
+ name=2012_04_13_23_18_30_495971786
+ mkdir 2012_04_13_23_18_30_495971786
+ cd 2012_04_13_23_18_30_495971786
+ touch out.dat
+ env
+ hostname
+ echo 2012_04_13_23_18_30_495971786
+ uname -a
+ srun --nodes=1 --ntasks=1 -ppbatch cat /proc/cpuinfo
+ grep MHz
+ echo 'cores: 256'
+ echo 'nodes: 16'
+ srun --nodes=16 --ntasks=256 -ppbatch -e ft.err -o out.dat --cpu_bind=sockets ../ftCL.sh 256
nodes=16 ntasks=64
+ export BMARK_STRING=ft.D.64
+ BMARK_STRING=ft.D.64
++ date +%Y_%m_%d_%H_%M_%S_%N
+ name=2012_04_13_23_19_53_682514496
+ mkdir 2012_04_13_23_19_53_682514496
+ cd 2012_04_13_23_19_53_682514496
+ touch out.dat
+ env
+ hostname
+ echo 2012_04_13_23_19_53_682514496
+ uname -a
+ srun --nodes=1 --ntasks=1 -ppbatch cat /proc/cpuinfo
+ grep MHz
+ echo 'cores: 64'
+ echo 'nodes: 16'
+ srun --nodes=16 --ntasks=64 -ppbatch -e ft.err -o out.dat --cpu_bind=sockets ../ftCL.sh 64
nodes=16 ntasks=128
+ export BMARK_STRING=ft.D.128
+ BMARK_STRING=ft.D.128
++ date +%Y_%m_%d_%H_%M_%S_%N
+ name=2012_04_13_23_22_34_460266327
+ mkdir 2012_04_13_23_22_34_460266327
+ cd 2012_04_13_23_22_34_460266327
+ touch out.dat
+ env
+ hostname
+ echo 2012_04_13_23_22_34_460266327
+ uname -a
+ srun --nodes=1 --ntasks=1 -ppbatch cat /proc/cpuinfo
+ grep MHz
+ echo 'cores: 128'
+ echo 'nodes: 16'
+ srun --nodes=16 --ntasks=128 -ppbatch -e ft.err -o out.dat --cpu_bind=sockets ../ftCL.sh 128
nodes=16 ntasks=256
+ export BMARK_STRING=ft.D.256
+ BMARK_STRING=ft.D.256
++ date +%Y_%m_%d_%H_%M_%S_%N
+ name=2012_04_13_23_24_14_896049819
+ mkdir 2012_04_13_23_24_14_896049819
+ cd 2012_04_13_23_24_14_896049819
+ touch out.dat
+ env
+ hostname
+ echo 2012_04_13_23_24_14_896049819
+ uname -a
+ srun --nodes=1 --ntasks=1 -ppbatch cat /proc/cpuinfo
+ grep MHz
+ echo 'cores: 256'
+ echo 'nodes: 16'
+ srun --nodes=16 --ntasks=256 -ppbatch -e ft.err -o out.dat --cpu_bind=sockets ../ftCL.sh 256
nodes=16 ntasks=64
+ export BMARK_STRING=ft.D.64
+ BMARK_STRING=ft.D.64
++ date +%Y_%m_%d_%H_%M_%S_%N
+ name=2012_04_13_23_25_38_740343329
+ mkdir 2012_04_13_23_25_38_740343329
+ cd 2012_04_13_23_25_38_740343329
+ touch out.dat
+ env
+ hostname
+ echo 2012_04_13_23_25_38_740343329
+ uname -a
+ srun --nodes=1 --ntasks=1 -ppbatch cat /proc/cpuinfo
+ grep MHz
+ echo 'cores: 64'
+ echo 'nodes: 16'
+ srun --nodes=16 --ntasks=64 -ppbatch -e ft.err -o out.dat --cpu_bind=sockets ../ftCL.sh 64
nodes=16 ntasks=128
+ export BMARK_STRING=ft.D.128
+ BMARK_STRING=ft.D.128
++ date +%Y_%m_%d_%H_%M_%S_%N
+ name=2012_04_13_23_28_19_999744860
+ mkdir 2012_04_13_23_28_19_999744860
+ cd 2012_04_13_23_28_19_999744860
+ touch out.dat
+ env
+ hostname
+ echo 2012_04_13_23_28_19_999744860
+ uname -a
+ srun --nodes=1 --ntasks=1 -ppbatch cat /proc/cpuinfo
+ grep MHz
+ echo 'cores: 128'
+ echo 'nodes: 16'
+ srun --nodes=16 --ntasks=128 -ppbatch -e ft.err -o out.dat --cpu_bind=sockets ../ftCL.sh 128
nodes=16 ntasks=256
+ export BMARK_STRING=ft.D.256
+ BMARK_STRING=ft.D.256
++ date +%Y_%m_%d_%H_%M_%S_%N
+ name=2012_04_13_23_29_56_625376343
+ mkdir 2012_04_13_23_29_56_625376343
+ cd 2012_04_13_23_29_56_625376343
+ touch out.dat
+ env
+ hostname
+ echo 2012_04_13_23_29_56_625376343
+ uname -a
+ srun --nodes=1 --ntasks=1 -ppbatch cat /proc/cpuinfo
+ grep MHz
+ echo 'cores: 256'
+ echo 'nodes: 16'
+ srun --nodes=16 --ntasks=256 -ppbatch -e ft.err -o out.dat --cpu_bind=sockets ../ftCL.sh 256
nodes=16 ntasks=64
+ export BMARK_STRING=ft.D.64
+ BMARK_STRING=ft.D.64
++ date +%Y_%m_%d_%H_%M_%S_%N
+ name=2012_04_13_23_31_10_955535231
+ mkdir 2012_04_13_23_31_10_955535231
+ cd 2012_04_13_23_31_10_955535231
+ touch out.dat
+ env
+ hostname
+ echo 2012_04_13_23_31_10_955535231
+ uname -a
+ srun --nodes=1 --ntasks=1 -ppbatch cat /proc/cpuinfo
+ grep MHz
+ echo 'cores: 64'
+ echo 'nodes: 16'
+ srun --nodes=16 --ntasks=64 -ppbatch -e ft.err -o out.dat --cpu_bind=sockets ../ftCL.sh 64
nodes=16 ntasks=128
+ export BMARK_STRING=ft.D.128
+ BMARK_STRING=ft.D.128
++ date +%Y_%m_%d_%H_%M_%S_%N
+ name=2012_04_13_23_33_52_112072393
+ mkdir 2012_04_13_23_33_52_112072393
+ cd 2012_04_13_23_33_52_112072393
+ touch out.dat
+ env
+ hostname
+ echo 2012_04_13_23_33_52_112072393
+ uname -a
+ srun --nodes=1 --ntasks=1 -ppbatch cat /proc/cpuinfo
+ grep MHz
+ echo 'cores: 128'
+ echo 'nodes: 16'
+ srun --nodes=16 --ntasks=128 -ppbatch -e ft.err -o out.dat --cpu_bind=sockets ../ftCL.sh 128
nodes=16 ntasks=256
+ export BMARK_STRING=ft.D.256
+ BMARK_STRING=ft.D.256
++ date +%Y_%m_%d_%H_%M_%S_%N
+ name=2012_04_13_23_35_28_947255798
+ mkdir 2012_04_13_23_35_28_947255798
+ cd 2012_04_13_23_35_28_947255798
+ touch out.dat
+ env
+ hostname
+ echo 2012_04_13_23_35_28_947255798
+ uname -a
+ srun --nodes=1 --ntasks=1 -ppbatch cat /proc/cpuinfo
+ grep MHz
+ echo 'cores: 256'
+ echo 'nodes: 16'
+ srun --nodes=16 --ntasks=256 -ppbatch -e ft.err -o out.dat --cpu_bind=sockets ../ftCL.sh 256
nodes=16 ntasks=64
+ export BMARK_STRING=ft.D.64
+ BMARK_STRING=ft.D.64
++ date +%Y_%m_%d_%H_%M_%S_%N
+ name=2012_04_13_23_36_43_645982336
+ mkdir 2012_04_13_23_36_43_645982336
+ cd 2012_04_13_23_36_43_645982336
+ touch out.dat
+ env
+ hostname
+ echo 2012_04_13_23_36_43_645982336
+ uname -a
+ srun --nodes=1 --ntasks=1 -ppbatch cat /proc/cpuinfo
+ grep MHz
+ echo 'cores: 64'
+ echo 'nodes: 16'
+ srun --nodes=16 --ntasks=64 -ppbatch -e ft.err -o out.dat --cpu_bind=sockets ../ftCL.sh 64
nodes=16 ntasks=128
+ export BMARK_STRING=ft.D.128
+ BMARK_STRING=ft.D.128
++ date +%Y_%m_%d_%H_%M_%S_%N
+ name=2012_04_13_23_39_24_627954834
+ mkdir 2012_04_13_23_39_24_627954834
+ cd 2012_04_13_23_39_24_627954834
+ touch out.dat
+ env
+ hostname
+ echo 2012_04_13_23_39_24_627954834
+ uname -a
+ srun --nodes=1 --ntasks=1 -ppbatch cat /proc/cpuinfo
+ grep MHz
+ echo 'cores: 128'
+ echo 'nodes: 16'
+ srun --nodes=16 --ntasks=128 -ppbatch -e ft.err -o out.dat --cpu_bind=sockets ../ftCL.sh 128
nodes=16 ntasks=256
+ export BMARK_STRING=ft.D.256
+ BMARK_STRING=ft.D.256
++ date +%Y_%m_%d_%H_%M_%S_%N
+ name=2012_04_13_23_41_01_354572095
+ mkdir 2012_04_13_23_41_01_354572095
+ cd 2012_04_13_23_41_01_354572095
+ touch out.dat
+ env
+ hostname
+ echo 2012_04_13_23_41_01_354572095
+ uname -a
+ srun --nodes=1 --ntasks=1 -ppbatch cat /proc/cpuinfo
+ grep MHz
+ echo 'cores: 256'
+ echo 'nodes: 16'
+ srun --nodes=16 --ntasks=256 -ppbatch -e ft.err -o out.dat --cpu_bind=sockets ../ftCL.sh 256
nodes=16 ntasks=64
+ export BMARK_STRING=ft.D.64
+ BMARK_STRING=ft.D.64
++ date +%Y_%m_%d_%H_%M_%S_%N
+ name=2012_04_13_23_42_15_373476113
+ mkdir 2012_04_13_23_42_15_373476113
+ cd 2012_04_13_23_42_15_373476113
+ touch out.dat
+ env
+ hostname
+ echo 2012_04_13_23_42_15_373476113
+ uname -a
+ srun --nodes=1 --ntasks=1 -ppbatch cat /proc/cpuinfo
+ grep MHz
+ echo 'cores: 64'
+ echo 'nodes: 16'
+ srun --nodes=16 --ntasks=64 -ppbatch -e ft.err -o out.dat --cpu_bind=sockets ../ftCL.sh 64
nodes=16 ntasks=128
+ export BMARK_STRING=ft.D.128
+ BMARK_STRING=ft.D.128
++ date +%Y_%m_%d_%H_%M_%S_%N
+ name=2012_04_13_23_44_56_369777132
+ mkdir 2012_04_13_23_44_56_369777132
+ cd 2012_04_13_23_44_56_369777132
+ touch out.dat
+ env
+ hostname
+ echo 2012_04_13_23_44_56_369777132
+ uname -a
+ srun --nodes=1 --ntasks=1 -ppbatch cat /proc/cpuinfo
+ grep MHz
+ echo 'cores: 128'
+ echo 'nodes: 16'
+ srun --nodes=16 --ntasks=128 -ppbatch -e ft.err -o out.dat --cpu_bind=sockets ../ftCL.sh 128
nodes=16 ntasks=256
+ export BMARK_STRING=ft.D.256
+ BMARK_STRING=ft.D.256
++ date +%Y_%m_%d_%H_%M_%S_%N
+ name=2012_04_13_23_46_32_393649223
+ mkdir 2012_04_13_23_46_32_393649223
+ cd 2012_04_13_23_46_32_393649223
+ touch out.dat
+ env
+ hostname
+ echo 2012_04_13_23_46_32_393649223
+ uname -a
+ srun --nodes=1 --ntasks=1 -ppbatch cat /proc/cpuinfo
+ grep MHz
+ echo 'cores: 256'
+ echo 'nodes: 16'
+ srun --nodes=16 --ntasks=256 -ppbatch -e ft.err -o out.dat --cpu_bind=sockets ../ftCL.sh 256
nodes=16 ntasks=64
+ export BMARK_STRING=ft.D.64
+ BMARK_STRING=ft.D.64
++ date +%Y_%m_%d_%H_%M_%S_%N
+ name=2012_04_13_23_47_46_016176786
+ mkdir 2012_04_13_23_47_46_016176786
+ cd 2012_04_13_23_47_46_016176786
+ touch out.dat
+ env
+ hostname
+ echo 2012_04_13_23_47_46_016176786
+ uname -a
+ srun --nodes=1 --ntasks=1 -ppbatch cat /proc/cpuinfo
+ grep MHz
+ echo 'cores: 64'
+ echo 'nodes: 16'
+ srun --nodes=16 --ntasks=64 -ppbatch -e ft.err -o out.dat --cpu_bind=sockets ../ftCL.sh 64
nodes=16 ntasks=128
+ export BMARK_STRING=ft.D.128
+ BMARK_STRING=ft.D.128
++ date +%Y_%m_%d_%H_%M_%S_%N
+ name=2012_04_13_23_50_26_825847305
+ mkdir 2012_04_13_23_50_26_825847305
+ cd 2012_04_13_23_50_26_825847305
+ touch out.dat
+ env
+ hostname
+ echo 2012_04_13_23_50_26_825847305
+ uname -a
+ srun --nodes=1 --ntasks=1 -ppbatch cat /proc/cpuinfo
+ grep MHz
+ echo 'cores: 128'
+ echo 'nodes: 16'
+ srun --nodes=16 --ntasks=128 -ppbatch -e ft.err -o out.dat --cpu_bind=sockets ../ftCL.sh 128
nodes=16 ntasks=256
+ export BMARK_STRING=ft.D.256
+ BMARK_STRING=ft.D.256
++ date +%Y_%m_%d_%H_%M_%S_%N
+ name=2012_04_13_23_52_03_058961896
+ mkdir 2012_04_13_23_52_03_058961896
+ cd 2012_04_13_23_52_03_058961896
+ touch out.dat
+ env
+ hostname
+ echo 2012_04_13_23_52_03_058961896
+ uname -a
+ srun --nodes=1 --ntasks=1 -ppbatch cat /proc/cpuinfo
+ grep MHz
+ echo 'cores: 256'
+ echo 'nodes: 16'
+ srun --nodes=16 --ntasks=256 -ppbatch -e ft.err -o out.dat --cpu_bind=sockets ../ftCL.sh 256
nodes=16 ntasks=64
+ export BMARK_STRING=ft.D.64
+ BMARK_STRING=ft.D.64
++ date +%Y_%m_%d_%H_%M_%S_%N
+ name=2012_04_13_23_53_10_659660314
+ mkdir 2012_04_13_23_53_10_659660314
+ cd 2012_04_13_23_53_10_659660314
+ touch out.dat
+ env
+ hostname
+ echo 2012_04_13_23_53_10_659660314
+ uname -a
+ srun --nodes=1 --ntasks=1 -ppbatch cat /proc/cpuinfo
+ grep MHz
+ echo 'cores: 64'
+ echo 'nodes: 16'
+ srun --nodes=16 --ntasks=64 -ppbatch -e ft.err -o out.dat --cpu_bind=sockets ../ftCL.sh 64
nodes=16 ntasks=128
+ export BMARK_STRING=ft.D.128
+ BMARK_STRING=ft.D.128
++ date +%Y_%m_%d_%H_%M_%S_%N
+ name=2012_04_13_23_55_51_624628797
+ mkdir 2012_04_13_23_55_51_624628797
+ cd 2012_04_13_23_55_51_624628797
+ touch out.dat
+ env
+ hostname
+ echo 2012_04_13_23_55_51_624628797
+ uname -a
+ srun --nodes=1 --ntasks=1 -ppbatch cat /proc/cpuinfo
+ grep MHz
+ echo 'cores: 128'
+ echo 'nodes: 16'
+ srun --nodes=16 --ntasks=128 -ppbatch -e ft.err -o out.dat --cpu_bind=sockets ../ftCL.sh 128
nodes=16 ntasks=256
+ export BMARK_STRING=ft.D.256
+ BMARK_STRING=ft.D.256
++ date +%Y_%m_%d_%H_%M_%S_%N
+ name=2012_04_13_23_57_27_612617724
+ mkdir 2012_04_13_23_57_27_612617724
+ cd 2012_04_13_23_57_27_612617724
+ touch out.dat
+ env
+ hostname
+ echo 2012_04_13_23_57_27_612617724
+ uname -a
+ srun --nodes=1 --ntasks=1 -ppbatch cat /proc/cpuinfo
+ grep MHz
+ echo 'cores: 256'
+ echo 'nodes: 16'
+ srun --nodes=16 --ntasks=256 -ppbatch -e ft.err -o out.dat --cpu_bind=sockets ../ftCL.sh 256
nodes=16 ntasks=64
+ export BMARK_STRING=ft.D.64
+ BMARK_STRING=ft.D.64
++ date +%Y_%m_%d_%H_%M_%S_%N
+ name=2012_04_13_23_58_34_960164395
+ mkdir 2012_04_13_23_58_34_960164395
+ cd 2012_04_13_23_58_34_960164395
+ touch out.dat
+ env
+ hostname
+ echo 2012_04_13_23_58_34_960164395
+ uname -a
+ srun --nodes=1 --ntasks=1 -ppbatch cat /proc/cpuinfo
+ grep MHz
+ echo 'cores: 64'
+ echo 'nodes: 16'
+ srun --nodes=16 --ntasks=64 -ppbatch -e ft.err -o out.dat --cpu_bind=sockets ../ftCL.sh 64
nodes=16 ntasks=128
+ export BMARK_STRING=ft.D.128
+ BMARK_STRING=ft.D.128
++ date +%Y_%m_%d_%H_%M_%S_%N
+ name=2012_04_14_00_01_15_430361763
+ mkdir 2012_04_14_00_01_15_430361763
+ cd 2012_04_14_00_01_15_430361763
+ touch out.dat
+ env
+ hostname
+ echo 2012_04_14_00_01_15_430361763
+ uname -a
+ srun --nodes=1 --ntasks=1 -ppbatch cat /proc/cpuinfo
+ grep MHz
+ echo 'cores: 128'
+ echo 'nodes: 16'
+ srun --nodes=16 --ntasks=128 -ppbatch -e ft.err -o out.dat --cpu_bind=sockets ../ftCL.sh 128
nodes=16 ntasks=256
+ export BMARK_STRING=ft.D.256
+ BMARK_STRING=ft.D.256
++ date +%Y_%m_%d_%H_%M_%S_%N
+ name=2012_04_14_00_02_51_445342129
+ mkdir 2012_04_14_00_02_51_445342129
+ cd 2012_04_14_00_02_51_445342129
+ touch out.dat
+ env
+ hostname
+ echo 2012_04_14_00_02_51_445342129
+ uname -a
+ srun --nodes=1 --ntasks=1 -ppbatch cat /proc/cpuinfo
+ grep MHz
+ echo 'cores: 256'
+ echo 'nodes: 16'
+ srun --nodes=16 --ntasks=256 -ppbatch -e ft.err -o out.dat --cpu_bind=sockets ../ftCL.sh 256
nodes=16 ntasks=64
+ export BMARK_STRING=ft.D.64
+ BMARK_STRING=ft.D.64
++ date +%Y_%m_%d_%H_%M_%S_%N
+ name=2012_04_14_00_03_58_795065274
+ mkdir 2012_04_14_00_03_58_795065274
+ cd 2012_04_14_00_03_58_795065274
+ touch out.dat
+ env
+ hostname
+ echo 2012_04_14_00_03_58_795065274
+ uname -a
+ grep MHz
+ srun --nodes=1 --ntasks=1 -ppbatch cat /proc/cpuinfo
+ echo 'cores: 64'
+ echo 'nodes: 16'
+ srun --nodes=16 --ntasks=64 -ppbatch -e ft.err -o out.dat --cpu_bind=sockets ../ftCL.sh 64
nodes=16 ntasks=128
+ export BMARK_STRING=ft.D.128
+ BMARK_STRING=ft.D.128
++ date +%Y_%m_%d_%H_%M_%S_%N
+ name=2012_04_14_00_06_39_425446288
+ mkdir 2012_04_14_00_06_39_425446288
+ cd 2012_04_14_00_06_39_425446288
+ touch out.dat
+ env
+ hostname
+ echo 2012_04_14_00_06_39_425446288
+ uname -a
+ srun --nodes=1 --ntasks=1 -ppbatch cat /proc/cpuinfo
+ grep MHz
+ echo 'cores: 128'
+ echo 'nodes: 16'
+ srun --nodes=16 --ntasks=128 -ppbatch -e ft.err -o out.dat --cpu_bind=sockets ../ftCL.sh 128
nodes=16 ntasks=256
+ export BMARK_STRING=ft.D.256
+ BMARK_STRING=ft.D.256
++ date +%Y_%m_%d_%H_%M_%S_%N
+ name=2012_04_14_00_08_14_935724632
+ mkdir 2012_04_14_00_08_14_935724632
+ cd 2012_04_14_00_08_14_935724632
+ touch out.dat
+ env
+ hostname
+ echo 2012_04_14_00_08_14_935724632
+ uname -a
+ srun --nodes=1 --ntasks=1 -ppbatch cat /proc/cpuinfo
+ grep MHz
+ echo 'cores: 256'
+ echo 'nodes: 16'
+ srun --nodes=16 --ntasks=256 -ppbatch -e ft.err -o out.dat --cpu_bind=sockets ../ftCL.sh 256
nodes=16 ntasks=64
+ export BMARK_STRING=ft.D.64
+ BMARK_STRING=ft.D.64
++ date +%Y_%m_%d_%H_%M_%S_%N
+ name=2012_04_14_00_09_22_205214827
+ mkdir 2012_04_14_00_09_22_205214827
+ cd 2012_04_14_00_09_22_205214827
+ touch out.dat
+ env
+ hostname
+ echo 2012_04_14_00_09_22_205214827
+ uname -a
+ srun --nodes=1 --ntasks=1 -ppbatch cat /proc/cpuinfo
+ grep MHz
+ echo 'cores: 64'
+ echo 'nodes: 16'
+ srun --nodes=16 --ntasks=64 -ppbatch -e ft.err -o out.dat --cpu_bind=sockets ../ftCL.sh 64
nodes=16 ntasks=128
+ export BMARK_STRING=ft.D.128
+ BMARK_STRING=ft.D.128
++ date +%Y_%m_%d_%H_%M_%S_%N
+ name=2012_04_14_00_12_02_425639614
+ mkdir 2012_04_14_00_12_02_425639614
+ cd 2012_04_14_00_12_02_425639614
+ touch out.dat
+ env
+ hostname
+ echo 2012_04_14_00_12_02_425639614
+ uname -a
+ grep MHz
+ srun --nodes=1 --ntasks=1 -ppbatch cat /proc/cpuinfo
+ echo 'cores: 128'
+ echo 'nodes: 16'
+ srun --nodes=16 --ntasks=128 -ppbatch -e ft.err -o out.dat --cpu_bind=sockets ../ftCL.sh 128
nodes=16 ntasks=256
+ export BMARK_STRING=ft.D.256
+ BMARK_STRING=ft.D.256
++ date +%Y_%m_%d_%H_%M_%S_%N
+ name=2012_04_14_00_13_38_328635962
+ mkdir 2012_04_14_00_13_38_328635962
+ cd 2012_04_14_00_13_38_328635962
+ touch out.dat
+ env
+ hostname
+ echo 2012_04_14_00_13_38_328635962
+ uname -a
+ grep MHz
+ srun --nodes=1 --ntasks=1 -ppbatch cat /proc/cpuinfo
+ echo 'cores: 256'
+ echo 'nodes: 16'
+ srun --nodes=16 --ntasks=256 -ppbatch -e ft.err -o out.dat --cpu_bind=sockets ../ftCL.sh 256
nodes=16 ntasks=64
+ export BMARK_STRING=ft.D.64
+ BMARK_STRING=ft.D.64
++ date +%Y_%m_%d_%H_%M_%S_%N
+ name=2012_04_14_00_14_43_909159977
+ mkdir 2012_04_14_00_14_43_909159977
+ cd 2012_04_14_00_14_43_909159977
+ touch out.dat
+ env
+ hostname
+ echo 2012_04_14_00_14_43_909159977
+ uname -a
+ srun --nodes=1 --ntasks=1 -ppbatch cat /proc/cpuinfo
+ grep MHz
+ echo 'cores: 64'
+ echo 'nodes: 16'
+ srun --nodes=16 --ntasks=64 -ppbatch -e ft.err -o out.dat --cpu_bind=sockets ../ftCL.sh 64
nodes=16 ntasks=128
+ export BMARK_STRING=ft.D.128
+ BMARK_STRING=ft.D.128
++ date +%Y_%m_%d_%H_%M_%S_%N
+ name=2012_04_14_00_17_24_439045534
+ mkdir 2012_04_14_00_17_24_439045534
+ cd 2012_04_14_00_17_24_439045534
+ touch out.dat
+ env
+ hostname
+ echo 2012_04_14_00_17_24_439045534
+ uname -a
+ srun --nodes=1 --ntasks=1 -ppbatch cat /proc/cpuinfo
+ grep MHz
+ echo 'cores: 128'
+ echo 'nodes: 16'
+ srun --nodes=16 --ntasks=128 -ppbatch -e ft.err -o out.dat --cpu_bind=sockets ../ftCL.sh 128
nodes=16 ntasks=256
+ export BMARK_STRING=ft.D.256
+ BMARK_STRING=ft.D.256
++ date +%Y_%m_%d_%H_%M_%S_%N
+ name=2012_04_14_00_19_00_390975949
+ mkdir 2012_04_14_00_19_00_390975949
+ cd 2012_04_14_00_19_00_390975949
+ touch out.dat
+ env
+ hostname
+ echo 2012_04_14_00_19_00_390975949
+ uname -a
+ srun --nodes=1 --ntasks=1 -ppbatch cat /proc/cpuinfo
+ grep MHz
+ echo 'cores: 256'
+ echo 'nodes: 16'
+ srun --nodes=16 --ntasks=256 -ppbatch -e ft.err -o out.dat --cpu_bind=sockets ../ftCL.sh 256
nodes=16 ntasks=64
+ export BMARK_STRING=ft.D.64
+ BMARK_STRING=ft.D.64
++ date +%Y_%m_%d_%H_%M_%S_%N
+ name=2012_04_14_00_20_06_062710842
+ mkdir 2012_04_14_00_20_06_062710842
+ cd 2012_04_14_00_20_06_062710842
+ touch out.dat
+ env
+ hostname
+ echo 2012_04_14_00_20_06_062710842
+ uname -a
+ srun --nodes=1 --ntasks=1 -ppbatch cat /proc/cpuinfo
+ grep MHz
+ echo 'cores: 64'
+ echo 'nodes: 16'
+ srun --nodes=16 --ntasks=64 -ppbatch -e ft.err -o out.dat --cpu_bind=sockets ../ftCL.sh 64
nodes=16 ntasks=128
+ export BMARK_STRING=ft.D.128
+ BMARK_STRING=ft.D.128
++ date +%Y_%m_%d_%H_%M_%S_%N
+ name=2012_04_14_00_22_46_368074764
+ mkdir 2012_04_14_00_22_46_368074764
+ cd 2012_04_14_00_22_46_368074764
+ touch out.dat
+ env
+ hostname
+ echo 2012_04_14_00_22_46_368074764
+ uname -a
+ srun --nodes=1 --ntasks=1 -ppbatch cat /proc/cpuinfo
+ grep MHz
+ echo 'cores: 128'
+ echo 'nodes: 16'
+ srun --nodes=16 --ntasks=128 -ppbatch -e ft.err -o out.dat --cpu_bind=sockets ../ftCL.sh 128
nodes=16 ntasks=256
+ export BMARK_STRING=ft.D.256
+ BMARK_STRING=ft.D.256
++ date +%Y_%m_%d_%H_%M_%S_%N
+ name=2012_04_14_00_24_22_374773760
+ mkdir 2012_04_14_00_24_22_374773760
+ cd 2012_04_14_00_24_22_374773760
+ touch out.dat
+ env
+ hostname
+ echo 2012_04_14_00_24_22_374773760
+ uname -a
+ srun --nodes=1 --ntasks=1 -ppbatch cat /proc/cpuinfo
+ grep MHz
+ echo 'cores: 256'
+ echo 'nodes: 16'
+ srun --nodes=16 --ntasks=256 -ppbatch -e ft.err -o out.dat --cpu_bind=sockets ../ftCL.sh 256
nodes=16 ntasks=64
+ export BMARK_STRING=ft.D.64
+ BMARK_STRING=ft.D.64
++ date +%Y_%m_%d_%H_%M_%S_%N
+ name=2012_04_14_00_25_28_042782291
+ mkdir 2012_04_14_00_25_28_042782291
+ cd 2012_04_14_00_25_28_042782291
+ touch out.dat
+ env
+ hostname
+ echo 2012_04_14_00_25_28_042782291
+ uname -a
+ srun --nodes=1 --ntasks=1 -ppbatch cat /proc/cpuinfo
+ grep MHz
+ echo 'cores: 64'
+ echo 'nodes: 16'
+ srun --nodes=16 --ntasks=64 -ppbatch -e ft.err -o out.dat --cpu_bind=sockets ../ftCL.sh 64
nodes=16 ntasks=128
+ export BMARK_STRING=ft.D.128
+ BMARK_STRING=ft.D.128
++ date +%Y_%m_%d_%H_%M_%S_%N
+ name=2012_04_14_00_28_08_076309397
+ mkdir 2012_04_14_00_28_08_076309397
+ cd 2012_04_14_00_28_08_076309397
+ touch out.dat
+ env
+ hostname
+ echo 2012_04_14_00_28_08_076309397
+ uname -a
+ srun --nodes=1 --ntasks=1 -ppbatch cat /proc/cpuinfo
+ grep MHz
+ echo 'cores: 128'
+ echo 'nodes: 16'
+ srun --nodes=16 --ntasks=128 -ppbatch -e ft.err -o out.dat --cpu_bind=sockets ../ftCL.sh 128
nodes=16 ntasks=256
+ export BMARK_STRING=ft.D.256
+ BMARK_STRING=ft.D.256
++ date +%Y_%m_%d_%H_%M_%S_%N
+ name=2012_04_14_00_29_43_970754506
+ mkdir 2012_04_14_00_29_43_970754506
+ cd 2012_04_14_00_29_43_970754506
+ touch out.dat
+ env
+ hostname
+ echo 2012_04_14_00_29_43_970754506
+ uname -a
+ srun --nodes=1 --ntasks=1 -ppbatch cat /proc/cpuinfo
+ grep MHz
+ echo 'cores: 256'
+ echo 'nodes: 16'
+ srun --nodes=16 --ntasks=256 -ppbatch -e ft.err -o out.dat --cpu_bind=sockets ../ftCL.sh 256
Resetting now...
